
Below is the flaky Dockerfile:

# Dockerfile
```FROM node:14-alpine

ARG hubot_owner
ARG hubot_description
ARG hubot_name

RUN adduser -D -s /bin/bash hubot-matteruser

RUN mkdir -p /usr/src/hubot-matteruser
RUN chown hubot-matteruser:hubot-matteruser /usr/src/hubot-matteruser
RUN chown hubot-matteruser:hubot-matteruser /usr/local/lib/node_modules/
RUN chown hubot-matteruser:hubot-matteruser /usr/local/bin/

WORKDIR /usr/src/hubot-matteruser
USER hubot-matteruser
RUN npm install -g yo
RUN npm install -g generator-hubot

RUN echo "No" | yo hubot --adapter matteruser --owner="${hubot_owner}" --name="${hubot_name}" --description="${hubot_desciption}" --defaults \
&& sed -i '/heroku/d' external-scripts.json

RUN rm hubot-scripts.json

CMD ["-a", "matteruser"]
ENTRYPOINT ["./bin/hubot"]

EXPOSE 8080
```

And below is the build error that occurred when trying to build the Dockerfile:
# Build Error
```> [10/11] RUN echo "No" | yo hubot --adapter matteruser --owner="${hubot_owner}" --name="${hubot_name}" --description="${hubot_desciption}" --defaults && sed -i '/heroku/d' external-scripts.json:
Error [ERR_MODULE_NOT_FOUND]: Cannot find package 'stream' imported from /usr/local/lib/node_modules/yo/node_modules/mem-fs/dist/index.js
    at new NodeError (internal/errors.js:322:7)
    at packageResolve (internal/modules/esm/resolve.js:732:9)
    at moduleResolve (internal/modules/esm/resolve.js:773:18)
    at Loader.defaultResolve [as _resolve] (internal/modules/esm/resolve.js:887:11)
    at Loader.resolve (internal/modules/esm/loader.js:89:40)
    at Loader.getModuleJob (internal/modules/esm/loader.js:242:28)
    at ModuleWrap.<anonymous> (internal/modules/esm/module_job.js:76:40)
    at link (internal/modules/esm/module_job.js:75:36)
ERROR: process "/bin/sh -c echo \"No\" | yo hubot --adapter matteruser --owner=\"${hubot_owner}\" --name=\"${hubot_name}\" --description=\"${hubot_desciption}\" --defaults && sed -i '/heroku/d' external-scripts.json" did not complete successfully: exit code: 1```

Below are a few examples of dockerfiles and their build errors alongside their repairs. These examples are provided to help you understand the task better.

# Example 1
## Example Dockerfile
```FROM node:boron

# Create app directory
RUN mkdir -p /usr/src/app
WORKDIR /usr/src/app

# Install app dependencies
COPY package.json /usr/src/app
RUN npm install

# Bundle app source
COPY . /usr/src/app

EXPOSE 8080
CMD [ "npm", "start" ]

```

## Example Build Error
```> [5/6] RUN npm install:
SUSI-Bot@1./usr/src/app
npm WARN SUSI-Bot@1.No repository field.
npm WARN SUSI-Bot@1.No license field.
npm ERR! Linux 3.10.0-1160.88.1.el7.x86_64
npm ERR! argv "/usr/local/bin/node" "/usr/local/bin/npm" "install"
npm ERR! node v6.17.1
npm ERR! npm  v3.10.10
npm ERR! path /usr/src/app/node_modules/.staging/@types/connect-f4c8cb8c/package.json
npm ERR! code ENOTDIR
npm ERR! errno -20
npm ERR! syscall open
npm ERR! ENOTDIR: not a directory, open '/usr/src/app/node_modules/.staging/@types/connect-f4c8cb8c/package.json'
npm ERR! 
npm ERR! If you need help, you may report this error at:
npm ERR!     <https://github.com/npm/npm/issues>
npm ERR! Please include the following file with any support request:
npm ERR!     /usr/src/app/npm-debug.log
ERROR: process "/bin/sh -c npm install" did not complete successfully: exit code: 236```

## Example Repair

### Repair 1
```FROM node:14

# Create app directory
RUN mkdir -p /usr/src/app
WORKDIR /usr/src/app

# Install app dependencies
COPY package.json /usr/src/app
RUN npm cache clean --force
RUN npm install

# Bundle app source
COPY . /usr/src/app

EXPOSE 8080
CMD [ "npm", "start" ]
```


# Example 2
## Example Dockerfile
```### Dependency Cacher
### -------------------------
FROM endeveit/docker-jq:latest as deps

# To prevent cache invalidation from changes in fields other than dependencies
# https://stackoverflow.com/a/59606373
COPY package.json /tmp
RUN jq '{ dependencies, devDependencies, resolutions }' < /tmp/package.json > /tmp/deps.json


### Fat Build
### -------------------------
FROM node:16.14.0 AS builder

WORKDIR /usr/Spoke

# Cache dependencies
COPY --from=deps /tmp/deps.json ./package.json
COPY yarn.lock ./
RUN yarn install

# Configure build environment
ARG PHONE_NUMBER_COUNTRY=US
ENV NODE_ENV="production" \
  NODE_OPTIONS=--max_old_space_size=2048 \
  PORT=3000 \
  OUTPUT_DIR="./build" \
  PUBLIC_DIR="./build/client" \
  ASSETS_DIR="./build/client/assets" \
  ASSETS_MAP_FILE="assets.json" \
  PHONE_NUMBER_COUNTRY=$PHONE_NUMBER_COUNTRY

# Copy application codebase
COPY . .
RUN yarn run build

### Slim Deploy
### -------------------------
FROM node:16.14.0

WORKDIR /usr/Spoke

# Install and cache production dependencies
COPY --from=deps /tmp/deps.json ./package.json
COPY yarn.lock ./
RUN yarn install --production

# Copy only the built source
COPY --from=builder /usr/Spoke/build ./build

ARG SPOKE_VERSION="no-version"
ARG PHONE_NUMBER_COUNTRY=US
ENV NODE_ENV="production" \
  NODE_OPTIONS=--max_old_space_size=2048 \
  PORT=3000 \
  OUTPUT_DIR="./build" \
  PUBLIC_DIR="./build/client" \
  ASSETS_DIR="./build/client/assets" \
  ASSETS_MAP_FILE="assets.json" \
  VAN_BASE_URL="https://api.securevan.com/v4" \
  VAN_EXPORT_TYPE="8" \
  PHONE_NUMBER_COUNTRY=$PHONE_NUMBER_COUNTRY \
  SPOKE_VERSION=$SPOKE_VERSION

COPY package.json knexfile.env.js ./
COPY migrations ./migrations
COPY seeds ./seeds

# Run the production compiled code
EXPOSE 3000
CMD [ "node", "--no-deprecation", "./build/src/server" ]

```

## Example Build Error
```> [stage-2 5/9] RUN yarn install --production:
> [builder 5/7] RUN yarn install:
[1/4] Resolving packages...
[2/4] Fetching packages...
[1/4] Resolving packages...
[2/4] Fetching packages...
info There appears to be trouble with your network connection. Retrying...
info There appears to be trouble with your network connection. Retrying...
info There appears to be trouble with your network connection. Retrying...
info There appears to be trouble with your network connection. Retrying...
info There appears to be trouble with your network connection. Retrying...
info There appears to be trouble with your network connection. Retrying...
info There appears to be trouble with your network connection. Retrying...
info There appears to be trouble with your network connection. Retrying...
info There appears to be trouble with your network connection. Retrying...
info There appears to be trouble with your network connection. Retrying...
error An unexpected error occurred: "https://registry.yarnpkg.com/@material-ui/icons/-/icons-4.11.3.tgz: ESOCKETTIMEDOUT".
info If you think this is a bug, please open a bug report with the information provided in "/usr/Spoke/yarn-error.log".
info Visit https://yarnpkg.com/en/docs/cli/install for documentation about this command.
error An unexpected error occurred: "https://registry.yarnpkg.com/@material-ui/icons/-/icons-4.11.3.tgz: ESOCKETTIMEDOUT".
info If you think this is a bug, please open a bug report with the information provided in "/usr/Spoke/yarn-error.log".
info Visit https://yarnpkg.com/en/docs/cli/install for documentation about this command.
ERROR: process "/bin/sh -c yarn install --production" did not complete successfully: exit code: 1
ERROR: process "/bin/sh -c yarn install" did not complete successfully: exit code: 1```

## Example Repair

### Repair 1
```### Dependency Cacher
### -------------------------
FROM endeveit/docker-jq:latest as deps

# To prevent cache invalidation from changes in fields other than dependencies
# https://stackoverflow.com/a/59606373
COPY package.json /tmp
RUN jq '{ dependencies, devDependencies, resolutions }' < /tmp/package.json > /tmp/deps.json


### Fat Build
### -------------------------
FROM node:16.14.0 AS builder

WORKDIR /usr/Spoke

# Cache dependencies
COPY --from=deps /tmp/deps.json ./package.json
COPY yarn.lock ./
RUN yarn config set network-timeout 600000
RUN yarn install

# Configure build environment
ARG PHONE_NUMBER_COUNTRY=US
ENV NODE_ENV="production" \
  NODE_OPTIONS=--max_old_space_size=2048 \
  PORT=3000 \
  OUTPUT_DIR="./build" \
  PUBLIC_DIR="./build/client" \
  ASSETS_DIR="./build/client/assets" \
  ASSETS_MAP_FILE="assets.json" \
  PHONE_NUMBER_COUNTRY=$PHONE_NUMBER_COUNTRY

# Copy application codebase
COPY . .
RUN yarn run build

### Slim Deploy
### -------------------------
FROM node:16.14.0

WORKDIR /usr/Spoke

# Install and cache production dependencies
COPY --from=deps /tmp/deps.json ./package.json
COPY yarn.lock ./
RUN yarn config set network-timeout 600000
RUN yarn install --production

# Copy only the built source
COPY --from=builder /usr/Spoke/build ./build

ARG SPOKE_VERSION="no-version"
ARG PHONE_NUMBER_COUNTRY=US
ENV NODE_ENV="production" \
  NODE_OPTIONS=--max_old_space_size=2048 \
  PORT=3000 \
  OUTPUT_DIR="./build" \
  PUBLIC_DIR="./build/client" \
  ASSETS_DIR="./build/client/assets" \
  ASSETS_MAP_FILE="assets.json" \
  VAN_BASE_URL="https://api.securevan.com/v4" \
  VAN_EXPORT_TYPE="8" \
  PHONE_NUMBER_COUNTRY=$PHONE_NUMBER_COUNTRY \
  SPOKE_VERSION=$SPOKE_VERSION

COPY package.json knexfile.env.js ./
COPY migrations ./migrations
COPY seeds ./seeds

# Run the production compiled code
EXPOSE 3000
CMD [ "node", "--no-deprecation", "./build/src/server" ]

```


# Example 3
## Example Dockerfile
```# Start from ubuntu
FROM ubuntu:16.04

# Update repos and install dependencies
RUN apt-get update \
  && apt-get -y upgrade \
  && apt-get -y install build-essential wget curl libsqlite3-dev zlib1g-dev libpng-dev

# Create a directory and copy in all files
RUN mkdir -p /tmp/tile-count-src
WORKDIR /tmp/tile-count-src
COPY . /tmp/tile-count-src

# Build tile-count
RUN make \
  && make install

# Install tippecanoe since the tests depend on it
ENV TIPPECANOE_VERSION="1.26.3"

RUN wget https://github.com/mapbox/tippecanoe/archive/${TIPPECANOE_VERSION}.tar.gz  && \
    tar -xvf ${TIPPECANOE_VERSION}.tar.gz && \
    cd tippecanoe-${TIPPECANOE_VERSION} && \
    make && \
    make install

RUN curl https://nodejs.org/dist/v4.8.6/node-v4.8.6-linux-x64.tar.gz | tar zxC /usr/local --strip-components=1

# Run the tests
CMD make test

```

## Example Build Error
```> [8/8] RUN curl https://nodejs.org/dist/v4.8.6/node-v4.8.6-linux-x64.tar.gz | tar zxC /usr/local --strip-components=1:
  4 11.4M    4  576k    0     0   5887      0  0:34:02  0:01:40  0:32:22 39003
curl: (18) transfer closed with 11432394 bytes remaining to read
gzip: stdin: unexpected end of file
tar: Unexpected EOF in archive
tar: Unexpected EOF in archive
tar: Error is not recoverable: exiting now
ERROR: process "/bin/sh -c curl https://nodejs.org/dist/v4.8.6/node-v4.8.6-linux-x64.tar.gz | tar zxC /usr/local --strip-components=1" did not complete successfully: exit code: 2```

## Example Repair

### Repair 1
```#```


### Repair 2
``` ```


### Repair 3
```S```


### Repair 4
```U```


### Repair 5
```G```


### Repair 6
```G```


### Repair 7
```E```


### Repair 8
```S```


### Repair 9
```T```


### Repair 10
```I```


### Repair 11
```O```


### Repair 12
```N```


### Repair 13
```:```


### Repair 14
```
```


### Repair 15
```-```


### Repair 16
``` ```


### Repair 17
```c```


### Repair 18
```h```


### Repair 19
```e```


### Repair 20
```c```


### Repair 21
```k```


### Repair 22
``` ```


### Repair 23
```t```


### Repair 24
```h```


### Repair 25
```e```


### Repair 26
``` ```


### Repair 27
```l```


### Repair 28
```i```


### Repair 29
```n```


### Repair 30
```k```


### Repair 31
``` ```


### Repair 32
```a```


### Repair 33
```g```


### Repair 34
```a```


### Repair 35
```i```


### Repair 36
```n```


### Repair 37
``` ```


### Repair 38
```l```


### Repair 39
```a```


### Repair 40
```t```


### Repair 41
```e```


### Repair 42
```r```


### Repair 43
```.```

Below are a few false repairs that an LLM previously made by mistake for the input flaky Dockerfile along with their build outputs as further demonstrations. These examples are provided to help you understand the task better and to avoid making the same mistakes. So, do not generate the exact false repair generated previously, but you can get ideas from them.

# False Repair 1
## False Repair Dockerfile
```FROM node:14-alpine

ARG hubot_owner
ARG hubot_description
ARG hubot_name

RUN adduser -D -s /bin/bash hubot-matteruser

RUN mkdir -p /usr/src/hubot-matteruser
RUN chown hubot-matteruser:hubot-matteruser /usr/src/hubot-matteruser
RUN chown hubot-matteruser:hubot-matteruser /usr/local/lib/node_modules/
RUN chown hubot-matteruser:hubot-matteruser /usr/local/bin/

WORKDIR /usr/src/hubot-matteruser
USER hubot-matteruser
RUN npm install -g yo
RUN npm install -g generator-hubot

RUN echo "No" | yo hubot --adapter matteruser --owner="${hubot_owner}" --name="${hubot_name}" --description="${hubot_description}" --defaults \
&& sed -i '/heroku/d' external-scripts.json

RUN rm hubot-scripts.json

CMD ["-a", "matteruser"]
ENTRYPOINT ["./bin/hubot"]

EXPOSE 8080```

## False Repair Build Output
```> [10/11] RUN echo "No" | yo hubot --adapter matteruser --owner="${hubot_owner}" --name="${hubot_name}" --description="${hubot_description}" --defaults && sed -i '/heroku/d' external-scripts.json:
Error [ERR_MODULE_NOT_FOUND]: Cannot find package 'stream' imported from /usr/local/lib/node_modules/yo/node_modules/mem-fs/dist/index.js
    at new NodeError (internal/errors.js:322:7)
    at packageResolve (internal/modules/esm/resolve.js:732:9)
    at moduleResolve (internal/modules/esm/resolve.js:773:18)
    at Loader.defaultResolve [as _resolve] (internal/modules/esm/resolve.js:887:11)
    at Loader.resolve (internal/modules/esm/loader.js:89:40)
    at Loader.getModuleJob (internal/modules/esm/loader.js:242:28)
    at ModuleWrap.<anonymous> (internal/modules/esm/module_job.js:76:40)
    at link (internal/modules/esm/module_job.js:75:36)
ERROR: process "/bin/sh -c echo \"No\" | yo hubot --adapter matteruser --owner=\"${hubot_owner}\" --name=\"${hubot_name}\" --description=\"${hubot_description}\" --defaults && sed -i '/heroku/d' external-scripts.json" did not complete successfully: exit code: 1```


# False Repair 2
## False Repair Dockerfile
```FROM node:14-alpine

ARG hubot_owner
ARG hubot_description
ARG hubot_name

RUN adduser -D -s /bin/bash hubot-matteruser

RUN mkdir -p /usr/src/hubot-matteruser
RUN chown hubot-matteruser:hubot-matteruser /usr/src/hubot-matteruser
RUN chown hubot-matteruser:hubot-matteruser /usr/local/lib/node_modules/
RUN chown hubot-matteruser:hubot-matteruser /usr/local/bin/

WORKDIR /usr/src/hubot-matteruser
USER hubot-matteruser
RUN npm install -g yo
RUN npm install -g generator-hubot

RUN apk add --no-cache python3 make g++ \
    && echo "No" | yo hubot --adapter matteruser --owner="${hubot_owner}" --name="${hubot_name}" --description="${hubot_description}" --defaults \
    && sed -i '/heroku/d' external-scripts.json \
    && apk del python3 make g++

RUN rm hubot-scripts.json

CMD ["-a", "matteruser"]
ENTRYPOINT ["./bin/hubot"]

EXPOSE 8080```

## False Repair Build Output
```> [10/11] RUN apk add --no-cache python3 make g++     && echo "No" | yo hubot --adapter matteruser --owner="${hubot_owner}" --name="${hubot_name}" --description="${hubot_description}" --defaults     && sed -i '/heroku/d' external-scripts.json     && apk del python3 make g++:
ERROR: Unable to lock database: Permission denied
ERROR: Failed to open apk database: Permission denied
ERROR: process "/bin/sh -c apk add --no-cache python3 make g++     && echo \"No\" | yo hubot --adapter matteruser --owner=\"${hubot_owner}\" --name=\"${hubot_name}\" --description=\"${hubot_description}\" --defaults     && sed -i '/heroku/d' external-scripts.json     && apk del python3 make g++" did not complete successfully: exit code: 99```

Your task is to repair the Dockerfile based on the Dockerfile and its build error provided alongside the examples provided for you for as demonstrations. To solve the problem, and based on the information provided, first, you should diagnose which part is causing the flakiness and why. Then, according to the characteristics of that flakiness, repair the Dockerfile. the output Dockerfile must be within five angle brackets:
    <<<<<
    Dockerfile content 
    >>>>>
