
Below is the flaky Dockerfile:

# Dockerfile
```FROM python:3.7

RUN curl -sL https://deb.nodesource.com/setup_12.x | bash -

RUN apt-get update && apt-get install -y\
  build-essential libpq-dev nodejs nginx-extras

ENV NODE_PATH /usr/lib/node_modules

RUN pip install uwsgi

WORKDIR /usr/src/app
COPY requirements.txt ./
RUN pip install --no-cache-dir -r requirements.txt
COPY ui/package.json ./ui/

WORKDIR /usr/src/app/ui
RUN npm install


COPY . /usr/src/app

ENV NODE_ENV production
RUN npm run build
WORKDIR /usr/src/app
COPY nginx.conf /etc/nginx/
COPY nginx-server.conf /etc/nginx/sites-enabled/default
EXPOSE 80
CMD './start.sh'
```

And below is the build error that occurred when trying to build the Dockerfile:
# Build Error
```> [10/15] RUN npm install:
/bin/sh: 1: npm: not found
ERROR: process "/bin/sh -c npm install" did not complete successfully: exit code: 127```

Below are a few examples of dockerfiles and their build errors alongside their repairs. These examples are provided to help you understand the task better.

# Example 1
## Example Dockerfile
```FROM python:3.10
WORKDIR /app

RUN curl -fsSL https://deb.nodesource.com/setup_14.x | bash - && \
    apt-get update && apt-get install -y \
    graphviz \
    nodejs

RUN npm install -g npm

# This is not a nice way to install npm packages, but it is the
# closest it gets similar to venv-way of installing project-specific
# packages.
RUN mkdir -p /nodeapp
WORKDIR /nodeapp
COPY package.json package.json
COPY package-lock.json package-lock.json
RUN npm install
WORKDIR /app

COPY pyproject.toml  pyproject.toml
COPY poetry.lock poetry.lock

ENV POETRY_VIRTUALENVS_CREATE false

RUN pip install --upgrade pip \
    && pip install poetry \
    && poetry install




EXPOSE 8000


COPY entrypoint.sh entrypoint.sh
ENTRYPOINT ["/app/entrypoint.sh"]

# Force stdin, stdout and stderr to be totally unbuffered.
ENV PYTHONDONTWRITEBYTECODE 1
ENV PYTHONUNBUFFERED 1

COPY . /app

# Set the default command to be executed.
CMD gunicorn forenings_medlemmer.wsgi:application --bind 0.0.0.0:$PORT

```

## Example Build Error
```> [ 4/15] RUN npm install -g npm:
/bin/sh: 1: npm: not found
ERROR: process "/bin/sh -c npm install -g npm" did not complete successfully: exit code: 127```

## Example Repair

### Repair 1
```FROM python:3.10
WORKDIR /app

RUN curl -fsSL https://deb.nodesource.com/setup_14.x | bash - && \
    apt-get update && apt-get install -y \
    graphviz \
    nodejs \
    npm

RUN npm install -g npm

# This is not a nice way to install npm packages, but it is the
# closest it gets similar to venv-way of installing project-specific
# packages.
RUN mkdir -p /nodeapp
WORKDIR /nodeapp
COPY package.json package.json
COPY package-lock.json package-lock.json
RUN npm install
WORKDIR /app

COPY pyproject.toml  pyproject.toml
COPY poetry.lock poetry.lock

ENV POETRY_VIRTUALENVS_CREATE false

RUN pip install --upgrade pip \
    && pip install poetry \
    && poetry install




EXPOSE 8000


COPY entrypoint.sh entrypoint.sh
ENTRYPOINT ["/app/entrypoint.sh"]

# Force stdin, stdout and stderr to be totally unbuffered.
ENV PYTHONDONTWRITEBYTECODE 1
ENV PYTHONUNBUFFERED 1

COPY . /app

# Set the default command to be executed.
CMD gunicorn forenings_medlemmer.wsgi:application --bind 0.0.0.0:$PORT

```


# Example 2
## Example Dockerfile
```FROM python:3.10
ENV PYTHONUNBUFFERED 1

RUN curl -sL https://deb.nodesource.com/setup_14.x | bash - \
&& apt-get update && apt-get install -y gettext postgresql-client nodejs \
&& wget https://raw.githubusercontent.com/vishnubob/wait-for-it/master/wait-for-it.sh -P /usr/bin \
&& chmod +x /usr/bin/wait-for-it.sh

RUN mkdir -p /usr/src/app

WORKDIR /usr/src/app
COPY requirements.txt package.json /usr/src/app/ 
RUN pip install -r requirements.txt
RUN npm install
COPY . /usr/src/app/
CMD /bin/sh -c "/usr/bin/wait-for-it.sh db:5432 -- ./app/manage.py migrate && ./app/manage.py loaddata tools/docker/user.json && ./app/manage.py runserver 0.0.0.0:8000"

```

## Example Build Error
```> [7/8] RUN npm install:
/bin/sh: 1: npm: not found
ERROR: process "/bin/sh -c npm install" did not complete successfully: exit code: 127```

## Example Repair

### Repair 1
```FROM python:3.10
ENV PYTHONUNBUFFERED 1

RUN curl -sL https://deb.nodesource.com/setup_14.x | bash - \
&& apt-get update && apt-get install -y gettext postgresql-client nodejs npm \
&& wget https://raw.githubusercontent.com/vishnubob/wait-for-it/master/wait-for-it.sh -P /usr/bin \
&& chmod +x /usr/bin/wait-for-it.sh

RUN mkdir -p /usr/src/app

WORKDIR /usr/src/app
COPY requirements.txt package.json /usr/src/app/ 
RUN pip install -r requirements.txt
RUN npm install
COPY . /usr/src/app/
CMD /bin/sh -c "/usr/bin/wait-for-it.sh db:5432 -- ./app/manage.py migrate && ./app/manage.py loaddata tools/docker/user.json && ./app/manage.py runserver 0.0.0.0:8000"

```


# Example 3
## Example Dockerfile
```FROM node:9-alpine

MAINTAINER mrcode "mrcodehang@outlook.com"

WORKDIR /src

COPY . /src

RUN npm install -g yarn && yarn install

EXPOSE 3000

ENTRYPOINT ["npm", "start"]

```

## Example Build Error
```> [4/4] RUN npm install -g yarn && yarn install:
> yarn@1.preinstall /usr/local/lib/node_modules/yarn
> :; (node ./preinstall.js > /dev/null 2>&1 || true)
/usr/local/bin/yarnpkg -> /usr/local/lib/node_modules/yarn/bin/yarn.js
/usr/local/bin/yarn -> /usr/local/lib/node_modules/yarn/bin/yarn.js
+ yarn@1.22.19
added 1 package in 1.664s
/bin/sh: yarn: Permission denied
ERROR: process "/bin/sh -c npm install -g yarn && yarn install" did not complete successfully: exit code: 126```

## Example Repair

### Repair 1
```FROM node:9-alpine

MAINTAINER mrcode "mrcodehang@outlook.com"

WORKDIR /src

COPY . /src

USER root
RUN npm install -g yarn && yarn install

EXPOSE 3000

ENTRYPOINT ["npm", "start"]

```


### Repair 2
```FROM node:20.15.0-alpine

MAINTAINER mrcode "mrcodehang@outlook.com"

WORKDIR /src

COPY . /src

RUN npm install -g yarn && yarn install

EXPOSE 3000

ENTRYPOINT ["npm", "start"]

```

Below are a few false repairs that an LLM previously made by mistake for the input flaky Dockerfile along with their build outputs as further demonstrations. These examples are provided to help you understand the task better and to avoid making the same mistakes. So, do not generate the exact false repair generated previously, but you can get ideas from them.

# False Repair 1
## False Repair Dockerfile
```FROM python:3.7

RUN curl -sL https://deb.nodesource.com/setup_12.x | bash -

RUN apt-get update && apt-get install -y\
  build-essential libpq-dev nodejs nginx-extras npm

ENV NODE_PATH /usr/lib/node_modules

RUN pip install uwsgi

WORKDIR /usr/src/app
COPY requirements.txt ./
RUN pip install --no-cache-dir -r requirements.txt
COPY ui/package.json ./ui/

WORKDIR /usr/src/app/ui
RUN npm install

COPY . /usr/src/app

ENV NODE_ENV production
RUN npm run build
WORKDIR /usr/src/app
COPY nginx.conf /etc/nginx/
COPY nginx-server.conf /etc/nginx/sites-enabled/default
EXPOSE 80
CMD './start.sh'```

## False Repair Build Output
```> [10/15] RUN npm install:
npm ERR! code ERESOLVE
npm ERR! ERESOLVE unable to resolve dependency tree
npm ERR! 
npm ERR! While resolving: wordai@1.0.0
npm ERR! Found: webpack@3.12.0
npm ERR! node_modules/webpack
npm ERR!   dev webpack@"^3.6.0" from the root project
npm ERR! 
npm ERR! Could not resolve dependency:
npm ERR! peer webpack@"^4.|| ^5.0.0" from style-loader@1.3.0
npm ERR! node_modules/style-loader
npm ERR!   dev style-loader@"^1.0.0" from the root project
npm ERR! 
npm ERR! Fix the upstream dependency conflict, or retry
npm ERR! this command with --force or --legacy-peer-deps
npm ERR! to accept an incorrect (and potentially broken) dependency resolution.
npm ERR! 
npm ERR! 
npm ERR! For a full report see:
npm ERR! /root/.npm/_logs/2024-07-31T00_01_16_292Z-eresolve-report.txt
npm ERR! A complete log of this run can be found in:
npm ERR!     /root/.npm/_logs/2024-07-31T00_01_16_292Z-debug-0.log
ERROR: process "/bin/sh -c npm install" did not complete successfully: exit code: 1```


# False Repair 2
## False Repair Dockerfile
```FROM python:3.7

RUN curl -sL https://deb.nodesource.com/setup_12.x | bash -

RUN apt-get update && apt-get install -y\
  build-essential libpq-dev nodejs nginx-extras npm

ENV NODE_PATH /usr/lib/node_modules

RUN pip install uwsgi

WORKDIR /usr/src/app
COPY requirements.txt ./
RUN pip install --no-cache-dir -r requirements.txt
COPY ui/package.json ./ui/

WORKDIR /usr/src/app/ui
RUN npm install --legacy-peer-deps

COPY . /usr/src/app

ENV NODE_ENV production
RUN npm run build
WORKDIR /usr/src/app
COPY nginx.conf /etc/nginx/
COPY nginx-server.conf /etc/nginx/sites-enabled/default
EXPOSE 80
CMD './start.sh'```

## False Repair Build Output
```> [10/15] RUN npm install --legacy-peer-deps:
npm ERR! code 1
npm ERR! path /usr/src/app/ui/node_modules/node-sass
npm ERR! command failed
npm ERR! command sh -c node scripts/build.js
npm ERR! Building: /usr/bin/node /usr/src/app/ui/node_modules/node-gyp/bin/node-gyp.js rebuild --verbose --libsass_ext= --libsass_cflags= --libsass_ldflags= --libsass_library=
npm ERR! gyp info it worked if it ends with ok
npm ERR! gyp verb cli [
npm ERR! gyp verb cli   '/usr/bin/node',
npm ERR! gyp verb cli   '/usr/src/app/ui/node_modules/node-gyp/bin/node-gyp.js',
npm ERR! gyp verb cli   'rebuild',
npm ERR! gyp verb cli   '--verbose',
npm ERR! gyp verb cli   '--libsass_ext=',
npm ERR! gyp verb cli   '--libsass_cflags=',
npm ERR! gyp verb cli   '--libsass_ldflags=',
npm ERR! gyp verb cli   '--libsass_library='
npm ERR! gyp verb cli ]
npm ERR! gyp info using node-gyp@3.8.0
npm ERR! gyp info using node@18.| linux | x64
npm ERR! gyp verb command rebuild []
npm ERR! gyp verb command clean []
npm ERR! gyp verb clean removing "build" directory
npm ERR! gyp verb command configure []
npm ERR! gyp verb check python checking for Python executable "python2" in the PATH
npm ERR! gyp verb `which` failed Error: not found: python2
npm ERR! gyp verb `which` failed     at getNotFoundError (/usr/src/app/ui/node_modules/which/which.js:13:12)
npm ERR! gyp verb `which` failed     at F (/usr/src/app/ui/node_modules/which/which.js:68:19)
npm ERR! gyp verb `which` failed     at E (/usr/src/app/ui/node_modules/which/which.js:80:29)
npm ERR! gyp verb `which` failed     at /usr/src/app/ui/node_modules/which/which.js:89:16
npm ERR! gyp verb `which` failed     at /usr/src/app/ui/node_modules/isexe/index.js:42:5
npm ERR! gyp verb `which` failed     at /usr/src/app/ui/node_modules/isexe/mode.js:8:5
npm ERR! gyp verb `which` failed     at FSReqCallback.oncomplete (node:fs:202:21)
npm ERR! gyp verb `which` failed  python2 Error: not found: python2
npm ERR! gyp verb `which` failed     at getNotFoundError (/usr/src/app/ui/node_modules/which/which.js:13:12)
npm ERR! gyp verb `which` failed     at F (/usr/src/app/ui/node_modules/which/which.js:68:19)
npm ERR! gyp verb `which` failed     at E (/usr/src/app/ui/node_modules/which/which.js:80:29)
npm ERR! gyp verb `which` failed     at /usr/src/app/ui/node_modules/which/which.js:89:16
npm ERR! gyp verb `which` failed     at /usr/src/app/ui/node_modules/isexe/index.js:42:5
npm ERR! gyp verb `which` failed     at /usr/src/app/ui/node_modules/isexe/mode.js:8:5
npm ERR! gyp verb `which` failed     at FSReqCallback.oncomplete (node:fs:202:21) {
npm ERR! gyp verb `which` failed   code: 'ENOENT'
npm ERR! gyp verb `which` failed }
npm ERR! gyp verb check python checking for Python executable "python" in the PATH
npm ERR! gyp verb `which` succeeded python /usr/local/bin/python
npm ERR! gyp ERR! configure error 
npm ERR! gyp ERR! stack Error: Command failed: /usr/local/bin/python -c import sys; print "%s.%s.%s" % sys.version_info[:3];
npm ERR! gyp ERR! stack   File "<string>", line 1
npm ERR! gyp ERR! stack     import sys; print "%s.%s.%s" % sys.version_info[:3];
npm ERR! gyp ERR! stack                                ^
npm ERR! gyp ERR! stack SyntaxError: invalid syntax
npm ERR! gyp ERR! stack 
npm ERR! gyp ERR! stack     at ChildProcess.exithandler (node:child_process:422:12)
npm ERR! gyp ERR! stack     at ChildProcess.emit (node:events:517:28)
npm ERR! gyp ERR! stack     at maybeClose (node:internal/child_process:1098:16)
npm ERR! gyp ERR! stack     at ChildProcess._handle.onexit (node:internal/child_process:303:5)
npm ERR! gyp ERR! System Linux 3.10.0-1160.31.1.el7.x86_64
npm ERR! gyp ERR! command "/usr/bin/node" "/usr/src/app/ui/node_modules/node-gyp/bin/node-gyp.js" "rebuild" "--verbose" "--libsass_ext=" "--libsass_cflags=" "--libsass_ldflags=" "--libsass_library="
npm ERR! gyp ERR! cwd /usr/src/app/ui/node_modules/node-sass
npm ERR! gyp ERR! node -v v18.19.0
npm ERR! gyp ERR! node-gyp -v v3.8.0
npm ERR! gyp ERR! not ok 
npm ERR! Build failed with error code: 1
npm ERR! A complete log of this run can be found in:
npm ERR!     /root/.npm/_logs/2024-07-31T00_07_32_888Z-debug-0.log
ERROR: process "/bin/sh -c npm install --legacy-peer-deps" did not complete successfully: exit code: 1```

Your task is to repair the Dockerfile based on the Dockerfile and its build error provided alongside the examples provided for you for as demonstrations. To solve the problem, and based on the information provided, first, you should diagnose which part is causing the flakiness and why. Then, according to the characteristics of that flakiness, repair the Dockerfile. the output Dockerfile must be within five angle brackets:
    <<<<<
    Dockerfile content 
    >>>>>
