#0 building with "default" instance using docker driver

#1 [internal] load build definition from v1_Dockerfile
#1 transferring dockerfile: 421B done
#1 DONE 0.0s

#2 [internal] load metadata for docker.io/funkyfuture/nest-of-serpents:latest
#2 ...

#3 [auth] funkyfuture/nest-of-serpents:pull token for registry-1.docker.io
#3 DONE 0.0s

#2 [internal] load metadata for docker.io/funkyfuture/nest-of-serpents:latest
#2 DONE 0.9s

#4 [internal] load .dockerignore
#4 transferring context: 277B done
#4 DONE 0.0s

#5 [1/6] FROM docker.io/funkyfuture/nest-of-serpents:latest@sha256:445e338ddcdfbcbba0c63f7d97779e42934d3be182b53a1329c04fea8d10554d
#5 resolve docker.io/funkyfuture/nest-of-serpents:latest@sha256:445e338ddcdfbcbba0c63f7d97779e42934d3be182b53a1329c04fea8d10554d 0.0s done
#5 sha256:445e338ddcdfbcbba0c63f7d97779e42934d3be182b53a1329c04fea8d10554d 1.99kB / 1.99kB done
#5 sha256:f476d66f540886e2bb4d9c8cc8c0f8915bca7d387e536957796ea6c2f8e7dfff 0B / 37.21MB 0.1s
#5 sha256:8882c27f669ef315fc231f272965cd5ee8507c0f376855d6f9c012aae0224797 0B / 851B 0.1s
#5 sha256:d9af21273955749bb8250c7a883fcce21647b54f5a685d237bc6b920a2ebad1a 0B / 547B 0.1s
#5 sha256:b10516bc3a77a8b24b772de7cb170009dda8f8fd4c18e0d7db90617738583f78 5.66kB / 5.66kB done
#5 ...

#6 [internal] load build context
#6 transferring context: 10.56MB 0.1s done
#6 DONE 0.1s

#5 [1/6] FROM docker.io/funkyfuture/nest-of-serpents:latest@sha256:445e338ddcdfbcbba0c63f7d97779e42934d3be182b53a1329c04fea8d10554d
#5 sha256:f476d66f540886e2bb4d9c8cc8c0f8915bca7d387e536957796ea6c2f8e7dfff 7.34MB / 37.21MB 0.3s
#5 sha256:8882c27f669ef315fc231f272965cd5ee8507c0f376855d6f9c012aae0224797 851B / 851B 0.2s done
#5 sha256:d9af21273955749bb8250c7a883fcce21647b54f5a685d237bc6b920a2ebad1a 547B / 547B 0.3s done
#5 sha256:f5029279ec1223b70f2cbb2682ab360e1837a2ea59a8d7ff64b38e9eab5fb8c0 0B / 162B 0.3s
#5 sha256:2319bcd0015cec47963022aecdacba0bb47dad135ab338e20b29db7d568716c0 0B / 185.27MB 0.3s
#5 sha256:f476d66f540886e2bb4d9c8cc8c0f8915bca7d387e536957796ea6c2f8e7dfff 25.17MB / 37.21MB 0.5s
#5 sha256:f5029279ec1223b70f2cbb2682ab360e1837a2ea59a8d7ff64b38e9eab5fb8c0 162B / 162B 0.3s done
#5 sha256:b1006b68374d24000c70c8fa570c95067e1f45db9049106cefc1b19c51e1d44f 0B / 89.01MB 0.5s
#5 sha256:f476d66f540886e2bb4d9c8cc8c0f8915bca7d387e536957796ea6c2f8e7dfff 34.60MB / 37.21MB 0.7s
#5 sha256:b1006b68374d24000c70c8fa570c95067e1f45db9049106cefc1b19c51e1d44f 10.49MB / 89.01MB 0.7s
#5 sha256:f476d66f540886e2bb4d9c8cc8c0f8915bca7d387e536957796ea6c2f8e7dfff 37.21MB / 37.21MB 0.8s
#5 extracting sha256:f476d66f540886e2bb4d9c8cc8c0f8915bca7d387e536957796ea6c2f8e7dfff
#5 sha256:f476d66f540886e2bb4d9c8cc8c0f8915bca7d387e536957796ea6c2f8e7dfff 37.21MB / 37.21MB 0.8s done
#5 sha256:2319bcd0015cec47963022aecdacba0bb47dad135ab338e20b29db7d568716c0 10.49MB / 185.27MB 1.0s
#5 sha256:b1006b68374d24000c70c8fa570c95067e1f45db9049106cefc1b19c51e1d44f 29.36MB / 89.01MB 1.0s
#5 sha256:4e25c3db71375024be01c98feee1649e1f5a550829e9d7a78ff957195237566e 824B / 824B 0.9s done
#5 sha256:fa6bff6fc6d13e478b56a69d8e9e96d16c6fc196c4e360284ad985165ec10b5e 0B / 43.71MB 1.0s
#5 sha256:2319bcd0015cec47963022aecdacba0bb47dad135ab338e20b29db7d568716c0 19.92MB / 185.27MB 1.2s
#5 sha256:b1006b68374d24000c70c8fa570c95067e1f45db9049106cefc1b19c51e1d44f 38.80MB / 89.01MB 1.2s
#5 sha256:fa6bff6fc6d13e478b56a69d8e9e96d16c6fc196c4e360284ad985165ec10b5e 4.19MB / 43.71MB 1.2s
#5 sha256:fa6bff6fc6d13e478b56a69d8e9e96d16c6fc196c4e360284ad985165ec10b5e 8.39MB / 43.71MB 1.3s
#5 sha256:b1006b68374d24000c70c8fa570c95067e1f45db9049106cefc1b19c51e1d44f 46.14MB / 89.01MB 1.4s
#5 sha256:fa6bff6fc6d13e478b56a69d8e9e96d16c6fc196c4e360284ad985165ec10b5e 11.53MB / 43.71MB 1.4s
#5 sha256:2319bcd0015cec47963022aecdacba0bb47dad135ab338e20b29db7d568716c0 32.51MB / 185.27MB 1.5s
#5 sha256:fa6bff6fc6d13e478b56a69d8e9e96d16c6fc196c4e360284ad985165ec10b5e 15.73MB / 43.71MB 1.5s
#5 sha256:b1006b68374d24000c70c8fa570c95067e1f45db9049106cefc1b19c51e1d44f 54.53MB / 89.01MB 1.6s
#5 sha256:fa6bff6fc6d13e478b56a69d8e9e96d16c6fc196c4e360284ad985165ec10b5e 18.87MB / 43.71MB 1.6s
#5 sha256:b1006b68374d24000c70c8fa570c95067e1f45db9049106cefc1b19c51e1d44f 59.77MB / 89.01MB 1.7s
#5 sha256:fa6bff6fc6d13e478b56a69d8e9e96d16c6fc196c4e360284ad985165ec10b5e 23.07MB / 43.71MB 1.7s
#5 sha256:2319bcd0015cec47963022aecdacba0bb47dad135ab338e20b29db7d568716c0 45.09MB / 185.27MB 1.8s
#5 sha256:fa6bff6fc6d13e478b56a69d8e9e96d16c6fc196c4e360284ad985165ec10b5e 27.26MB / 43.71MB 1.8s
#5 sha256:b1006b68374d24000c70c8fa570c95067e1f45db9049106cefc1b19c51e1d44f 72.35MB / 89.01MB 2.0s
#5 sha256:fa6bff6fc6d13e478b56a69d8e9e96d16c6fc196c4e360284ad985165ec10b5e 34.60MB / 43.71MB 2.0s
#5 sha256:2319bcd0015cec47963022aecdacba0bb47dad135ab338e20b29db7d568716c0 56.62MB / 185.27MB 2.1s
#5 sha256:fa6bff6fc6d13e478b56a69d8e9e96d16c6fc196c4e360284ad985165ec10b5e 37.75MB / 43.71MB 2.1s
#5 sha256:b1006b68374d24000c70c8fa570c95067e1f45db9049106cefc1b19c51e1d44f 80.74MB / 89.01MB 2.2s
#5 sha256:fa6bff6fc6d13e478b56a69d8e9e96d16c6fc196c4e360284ad985165ec10b5e 41.94MB / 43.71MB 2.2s
#5 sha256:2319bcd0015cec47963022aecdacba0bb47dad135ab338e20b29db7d568716c0 73.40MB / 185.27MB 2.4s
#5 sha256:b1006b68374d24000c70c8fa570c95067e1f45db9049106cefc1b19c51e1d44f 89.01MB / 89.01MB 2.4s
#5 sha256:2319bcd0015cec47963022aecdacba0bb47dad135ab338e20b29db7d568716c0 82.84MB / 185.27MB 2.5s
#5 sha256:2319bcd0015cec47963022aecdacba0bb47dad135ab338e20b29db7d568716c0 93.32MB / 185.27MB 2.6s
#5 sha256:b1006b68374d24000c70c8fa570c95067e1f45db9049106cefc1b19c51e1d44f 89.01MB / 89.01MB 2.5s done
#5 sha256:2319bcd0015cec47963022aecdacba0bb47dad135ab338e20b29db7d568716c0 104.86MB / 185.27MB 2.7s
#5 sha256:2319bcd0015cec47963022aecdacba0bb47dad135ab338e20b29db7d568716c0 116.39MB / 185.27MB 2.8s
#5 sha256:2319bcd0015cec47963022aecdacba0bb47dad135ab338e20b29db7d568716c0 136.31MB / 185.27MB 3.0s
#5 extracting sha256:f476d66f540886e2bb4d9c8cc8c0f8915bca7d387e536957796ea6c2f8e7dfff 2.1s done
#5 sha256:fa6bff6fc6d13e478b56a69d8e9e96d16c6fc196c4e360284ad985165ec10b5e 43.71MB / 43.71MB 2.8s done
#5 sha256:2319bcd0015cec47963022aecdacba0bb47dad135ab338e20b29db7d568716c0 147.85MB / 185.27MB 3.1s
#5 extracting sha256:8882c27f669ef315fc231f272965cd5ee8507c0f376855d6f9c012aae0224797 done
#5 extracting sha256:d9af21273955749bb8250c7a883fcce21647b54f5a685d237bc6b920a2ebad1a done
#5 sha256:2319bcd0015cec47963022aecdacba0bb47dad135ab338e20b29db7d568716c0 158.33MB / 185.27MB 3.2s
#5 extracting sha256:f5029279ec1223b70f2cbb2682ab360e1837a2ea59a8d7ff64b38e9eab5fb8c0 done
#5 sha256:2319bcd0015cec47963022aecdacba0bb47dad135ab338e20b29db7d568716c0 179.31MB / 185.27MB 3.4s
#5 sha256:2319bcd0015cec47963022aecdacba0bb47dad135ab338e20b29db7d568716c0 185.27MB / 185.27MB 4.2s done
#5 extracting sha256:2319bcd0015cec47963022aecdacba0bb47dad135ab338e20b29db7d568716c0
#5 extracting sha256:2319bcd0015cec47963022aecdacba0bb47dad135ab338e20b29db7d568716c0 5.1s
#5 extracting sha256:2319bcd0015cec47963022aecdacba0bb47dad135ab338e20b29db7d568716c0 10.2s
#5 extracting sha256:2319bcd0015cec47963022aecdacba0bb47dad135ab338e20b29db7d568716c0 12.0s done
#5 extracting sha256:b1006b68374d24000c70c8fa570c95067e1f45db9049106cefc1b19c51e1d44f
#5 extracting sha256:b1006b68374d24000c70c8fa570c95067e1f45db9049106cefc1b19c51e1d44f 5.0s
#5 extracting sha256:b1006b68374d24000c70c8fa570c95067e1f45db9049106cefc1b19c51e1d44f 5.2s done
#5 extracting sha256:4e25c3db71375024be01c98feee1649e1f5a550829e9d7a78ff957195237566e
#5 extracting sha256:4e25c3db71375024be01c98feee1649e1f5a550829e9d7a78ff957195237566e done
#5 extracting sha256:fa6bff6fc6d13e478b56a69d8e9e96d16c6fc196c4e360284ad985165ec10b5e 0.1s
#5 extracting sha256:fa6bff6fc6d13e478b56a69d8e9e96d16c6fc196c4e360284ad985165ec10b5e 4.0s done
#5 DONE 26.1s

#7 [2/6] WORKDIR /src
#7 DONE 9.0s

#8 [3/6] RUN pip3.7 install black flake8 pre-commit pytest tox PyYAML Sphinx  && mkdir /home/tox  && mv /root/.cache /home/tox/
#8 0.509 Collecting black
#8 0.786   Downloading https://files.pythonhosted.org/packages/ad/e7/4642b7f462381799393fbad894ba4b32db00870a797f0616c197b07129a9/black-23.3.0-py3-none-any.whl (180kB)
#8 0.854 Collecting flake8
#8 0.924   Downloading https://files.pythonhosted.org/packages/cf/a0/b881b63a17a59d9d07f5c0cc91a29182c8e8a9aa2bde5b3b2b16519c02f4/flake8-5.0.4-py2.py3-none-any.whl (61kB)
#8 0.949 Collecting pre-commit
#8 1.072   Downloading https://files.pythonhosted.org/packages/a6/6b/6cfe3a8b351b54f4b6c6d2ad4286804e3367f628dce379c603d3b96635f4/pre_commit-2.21.0-py2.py3-none-any.whl (201kB)
#8 1.099 Collecting pytest
#8 1.230   Downloading https://files.pythonhosted.org/packages/51/ff/f6e8b8f39e08547faece4bd80f89d5a8de68a38b2d179cc1c4490ffa3286/pytest-7.4.4-py3-none-any.whl (325kB)
#8 1.269 Collecting tox
#8 1.433   Downloading https://files.pythonhosted.org/packages/ad/0c/9ad67a4f8ed18c2619b6b8c41cea4c99e7617d5d712670ab4193d439f1f8/tox-4.8.0-py3-none-any.whl (152kB)
#8 1.486 Collecting PyYAML
#8 1.613   Downloading https://files.pythonhosted.org/packages/cd/e5/af35f7ea75cf72f2cd079c95ee16797de7cd71f29ea7c68ae5ce7be1eda0/PyYAML-6.0.1.tar.gz (125kB)
#8 1.744   Installing build dependencies: started
#8 4.821   Installing build dependencies: finished with status 'done'
#8 4.821   Getting requirements to build wheel: started
#8 5.680   Getting requirements to build wheel: finished with status 'done'
#8 5.682     Preparing wheel metadata: started
#8 5.934     Preparing wheel metadata: finished with status 'done'
#8 5.940 Collecting Sphinx
#8 6.090   Downloading https://files.pythonhosted.org/packages/67/a7/01dd6fd9653c056258d65032aa09a615b5d7b07dd840845a9f41a8860fbc/sphinx-5.3.0-py3-none-any.whl (3.2MB)
#8 6.306 Collecting packaging>=22.0 (from black)
#8 6.358   Downloading https://files.pythonhosted.org/packages/49/df/1fceb2f8900f8639e278b056416d49134fb8d84c5942ffaa01ad34782422/packaging-24.0-py3-none-any.whl (53kB)
#8 6.366 Collecting mypy-extensions>=0.4.3 (from black)
#8 6.397   Downloading https://files.pythonhosted.org/packages/2a/e2/5d3f6ada4297caebe1a2add3b126fe800c96f56dbe5d1988a2cbe0b267aa/mypy_extensions-1.0.0-py3-none-any.whl
#8 6.402 Collecting click>=8.0.0 (from black)
#8 6.456   Downloading https://files.pythonhosted.org/packages/00/2e/d53fa4befbf2cfa713304affc7ca780ce4fc1fd8710527771b58311a3229/click-8.1.7-py3-none-any.whl (97kB)
#8 6.471 Collecting tomli>=1.1.0; python_version < "3.11" (from black)
#8 6.510   Downloading https://files.pythonhosted.org/packages/97/75/10a9ebee3fd790d20926a90a2547f0bf78f371b2f13aa822c759680ca7b9/tomli-2.0.1-py3-none-any.whl
#8 6.520 Collecting typed-ast>=1.4.2; python_version < "3.8" and implementation_name == "cpython" (from black)
#8 6.675   Downloading https://files.pythonhosted.org/packages/f9/7e/a424029f350aa8078b75fd0d360a787a273ca753a678d1104c5fa4f3072a/typed_ast-1.5.5.tar.gz (252kB)
#8 6.906 Collecting typing-extensions>=3.10.0.0; python_version < "3.10" (from black)
#8 6.955   Downloading https://files.pythonhosted.org/packages/ec/6b/63cc3df74987c36fe26157ee12e09e8f9db4de771e0f3404263117e75b95/typing_extensions-4.7.1-py3-none-any.whl
#8 6.964 Collecting platformdirs>=2 (from black)
#8 7.017   Downloading https://files.pythonhosted.org/packages/31/16/70be3b725073035aa5fc3229321d06e22e73e3e09f6af78dcfdf16c7636c/platformdirs-4.0.0-py3-none-any.whl
#8 7.034 Collecting pathspec>=0.9.0 (from black)
#8 7.071   Downloading https://files.pythonhosted.org/packages/b4/2a/9b1be29146139ef459188f5e420a66e835dda921208db600b7037093891f/pathspec-0.11.2-py3-none-any.whl
#8 7.081 Collecting pycodestyle<2.10.0,>=2.9.0 (from flake8)
#8 7.115   Downloading https://files.pythonhosted.org/packages/67/e4/fc77f1039c34b3612c4867b69cbb2b8a4e569720b1f19b0637002ee03aff/pycodestyle-2.9.1-py2.py3-none-any.whl (41kB)
#8 7.126 Collecting importlib-metadata<4.3,>=1.1.0; python_version < "3.8" (from flake8)
#8 7.233   Downloading https://files.pythonhosted.org/packages/22/51/52442c59db26637681148c21f8984eed58c9db67053a0a4783a047010c98/importlib_metadata-4.2.0-py3-none-any.whl
#8 7.256 Collecting mccabe<0.8.0,>=0.7.0 (from flake8)
#8 7.285   Downloading https://files.pythonhosted.org/packages/27/1a/1f68f9ba0c207934b35b86a8ca3aad8395a3d6dd7921c0686e23853ff5a9/mccabe-0.7.0-py2.py3-none-any.whl
#8 7.291 Collecting pyflakes<2.6.0,>=2.5.0 (from flake8)
#8 7.332   Downloading https://files.pythonhosted.org/packages/dc/13/63178f59f74e53acc2165aee4b002619a3cfa7eeaeac989a9eb41edf364e/pyflakes-2.5.0-py2.py3-none-any.whl (66kB)
#8 7.344 Collecting identify>=1.0.0 (from pre-commit)
#8 7.484   Downloading https://files.pythonhosted.org/packages/4f/fd/2c46fba2bc032ba4c970bb8de59d25187087d7138a0ebf7c1dcc91d94f01/identify-2.5.24-py2.py3-none-any.whl (98kB)
#8 7.495 Collecting nodeenv>=0.11.1 (from pre-commit)
#8 7.541   Downloading https://files.pythonhosted.org/packages/d2/1d/1b658dbd2b9fa9c4c9f32accbfc0205d532c8c6194dc0f2a4c0428e7128a/nodeenv-1.9.1-py2.py3-none-any.whl
#8 7.550 Collecting cfgv>=2.0.0 (from pre-commit)
#8 7.586   Downloading https://files.pythonhosted.org/packages/6d/82/0a0ebd35bae9981dea55c06f8e6aaf44a49171ad798795c72c6f64cba4c2/cfgv-3.3.1-py2.py3-none-any.whl
#8 7.593 Collecting virtualenv>=20.10.0 (from pre-commit)
#8 7.762   Downloading https://files.pythonhosted.org/packages/07/4d/410156100224c5e2f0011d435e477b57aed9576fc7fe137abcf14ec16e11/virtualenv-20.26.3-py3-none-any.whl (5.7MB)
#8 7.923 Collecting iniconfig (from pytest)
#8 7.949   Downloading https://files.pythonhosted.org/packages/ef/a6/62565a6e1cf69e10f5727360368e451d4b7f58beeac6173dc9db836a5b46/iniconfig-2.0.0-py3-none-any.whl
#8 7.956 Collecting exceptiongroup>=1.0.0rc8; python_version < "3.11" (from pytest)
#8 7.993   Downloading https://files.pythonhosted.org/packages/02/cc/b7e31358aac6ed1ef2bb790a9746ac2c69bcb3c8588b41616914eb106eaf/exceptiongroup-1.2.2-py3-none-any.whl
#8 8.001 Collecting pluggy<2.0,>=0.12 (from pytest)
#8 8.044   Downloading https://files.pythonhosted.org/packages/51/32/4a79112b8b87b21450b066e102d6608907f4c885ed7b04c3fdb085d4d6ae/pluggy-1.2.0-py3-none-any.whl
#8 8.056 Collecting cachetools>=5.3.1 (from tox)
#8 8.102   Downloading https://files.pythonhosted.org/packages/04/e6/a1551acbaa06f3e48b311329828a34bc9c51a8cfaecdeb4d03c329a1ef85/cachetools-5.4.0-py3-none-any.whl
#8 8.110 Collecting pyproject-api>=1.5.3 (from tox)
#8 8.147   Downloading https://files.pythonhosted.org/packages/05/53/b225115e177eb54664ede5b68a23d6806d9890baa8ee66b8d87f0bdb6346/pyproject_api-1.5.3-py3-none-any.whl
#8 8.163 Collecting chardet>=5.1 (from tox)
#8 8.196   Downloading https://files.pythonhosted.org/packages/38/6f/f5fbc992a329ee4e0f288c1fe0e2ad9485ed064cac731ed2fe47dcc38cbf/chardet-5.2.0-py3-none-any.whl (199kB)
#8 8.216 Collecting filelock>=3.12.2 (from tox)
#8 8.272   Downloading https://files.pythonhosted.org/packages/00/45/ec3407adf6f6b5bf867a4462b2b0af27597a26bd3cd6e2534cb6ab029938/filelock-3.12.2-py3-none-any.whl
#8 8.288 Collecting colorama>=0.4.6 (from tox)
#8 8.348   Downloading https://files.pythonhosted.org/packages/d1/d6/3965ed04c63042e047cb6a3e6ed1a63a35087b6a609aa3a15ed8ac56c221/colorama-0.4.6-py2.py3-none-any.whl
#8 8.355 Collecting sphinxcontrib-serializinghtml>=1.1.5 (from Sphinx)
#8 8.390   Downloading https://files.pythonhosted.org/packages/c6/77/5464ec50dd0f1c1037e3c93249b040c8fc8078fdda97530eeb02424b6eea/sphinxcontrib_serializinghtml-1.1.5-py2.py3-none-any.whl (94kB)
#8 8.416 Collecting alabaster<0.8,>=0.7 (from Sphinx)
#8 8.452   Downloading https://files.pythonhosted.org/packages/64/88/c7083fc61120ab661c5d0b82cb77079fc1429d3f913a456c1c82cf4658f7/alabaster-0.7.13-py3-none-any.whl
#8 8.460 Collecting Jinja2>=3.0 (from Sphinx)
#8 8.509   Downloading https://files.pythonhosted.org/packages/31/80/3a54838c3fb461f6fec263ebf3a3a41771bd05190238de3486aae8540c36/jinja2-3.1.4-py3-none-any.whl (133kB)
#8 8.524 Collecting Pygments>=2.12 (from Sphinx)
#8 8.591   Downloading https://files.pythonhosted.org/packages/97/9c/372fef8377a6e340b1704768d20daaded98bf13282b5327beb2e2fe2c7ef/pygments-2.17.2-py3-none-any.whl (1.2MB)
#8 8.693 Collecting sphinxcontrib-htmlhelp>=2.0.0 (from Sphinx)
#8 8.729   Downloading https://files.pythonhosted.org/packages/63/40/c854ef09500e25f6432dcbad0f37df87fd7046d376272292d8654cc71c95/sphinxcontrib_htmlhelp-2.0.0-py2.py3-none-any.whl (100kB)
#8 8.757 Collecting sphinxcontrib-applehelp (from Sphinx)
#8 8.787   Downloading https://files.pythonhosted.org/packages/dc/47/86022665a9433d89a66f5911b558ddff69861766807ba685de2e324bd6ed/sphinxcontrib_applehelp-1.0.2-py2.py3-none-any.whl (121kB)
#8 8.814 Collecting sphinxcontrib-devhelp (from Sphinx)
#8 8.849   Downloading https://files.pythonhosted.org/packages/c5/09/5de5ed43a521387f18bdf5f5af31d099605c992fd25372b2b9b825ce48ee/sphinxcontrib_devhelp-1.0.2-py2.py3-none-any.whl (84kB)
#8 8.874 Collecting docutils<0.20,>=0.14 (from Sphinx)
#8 8.926   Downloading https://files.pythonhosted.org/packages/93/69/e391bd51bc08ed9141ecd899a0ddb61ab6465309f1eb470905c0c8868081/docutils-0.19-py3-none-any.whl (570kB)
#8 8.973 Collecting babel>=2.9 (from Sphinx)
#8 9.019   Downloading https://files.pythonhosted.org/packages/0d/35/4196b21041e29a42dc4f05866d0c94fa26c9da88ce12c38c2265e42c82fb/Babel-2.14.0-py3-none-any.whl (11.0MB)
#8 9.530 Collecting snowballstemmer>=2.0 (from Sphinx)
#8 9.559   Downloading https://files.pythonhosted.org/packages/ed/dc/c02e01294f7265e63a7315fe086dd1df7dacb9f840a804da846b96d01b96/snowballstemmer-2.2.0-py2.py3-none-any.whl (93kB)
#8 9.573 Collecting imagesize>=1.3 (from Sphinx)
#8 9.605   Downloading https://files.pythonhosted.org/packages/ff/62/85c4c919272577931d407be5ba5d71c20f0b616d31a0befe0ae45bb79abd/imagesize-1.4.1-py2.py3-none-any.whl
#8 9.610 Collecting requests>=2.5.0 (from Sphinx)
#8 9.693   Downloading https://files.pythonhosted.org/packages/70/8e/0e2d847013cb52cd35b38c009bb167a1a26b2ce6cd6965bf26b47bc0bf44/requests-2.31.0-py3-none-any.whl (62kB)
#8 9.709 Collecting sphinxcontrib-qthelp (from Sphinx)
#8 9.742   Downloading https://files.pythonhosted.org/packages/2b/14/05f9206cf4e9cfca1afb5fd224c7cd434dcc3a433d6d9e4e0264d29c6cdb/sphinxcontrib_qthelp-1.0.3-py2.py3-none-any.whl (90kB)
#8 9.766 Collecting sphinxcontrib-jsmath (from Sphinx)
#8 9.794   Downloading https://files.pythonhosted.org/packages/c2/42/4c8646762ee83602e3fb3fbe774c2fac12f317deb0b5dbeeedd2d3ba4b77/sphinxcontrib_jsmath-1.0.1-py2.py3-none-any.whl
#8 9.801 Collecting zipp>=0.5 (from importlib-metadata<4.3,>=1.1.0; python_version < "3.8"->flake8)
#8 9.857   Downloading https://files.pythonhosted.org/packages/5b/fa/c9e82bbe1af6266adf08afb563905eb87cab83fde00a0a08963510621047/zipp-3.15.0-py3-none-any.whl
#8 9.875 Collecting distlib<1,>=0.3.7 (from virtualenv>=20.10.0->pre-commit)
#8 9.906   Downloading https://files.pythonhosted.org/packages/8e/41/9307e4f5f9976bc8b7fea0b66367734e8faf3ec84bc0d412d8cfabbb66cd/distlib-0.3.8-py2.py3-none-any.whl (468kB)
#8 9.928 Collecting MarkupSafe>=2.0 (from Jinja2>=3.0->Sphinx)
#8 10.10   Downloading https://files.pythonhosted.org/packages/87/5b/aae44c6655f3801e81aa3eef09dbbf012431987ba564d7231722f68df02d/MarkupSafe-2.1.5.tar.gz
#8 10.30 Collecting pytz>=2015.7; python_version < "3.9" (from babel>=2.9->Sphinx)
#8 10.44   Downloading https://files.pythonhosted.org/packages/9c/3d/a121f284241f08268b21359bd425f7d4825cffc5ac5cd0e1b3d82ffd2b10/pytz-2024.1-py2.py3-none-any.whl (505kB)
#8 10.53 Collecting certifi>=2017.4.17 (from requests>=2.5.0->Sphinx)
#8 10.58   Downloading https://files.pythonhosted.org/packages/1c/d5/c84e1a17bf61d4df64ca866a1c9a913874b4e9bdc131ec689a0ad013fb36/certifi-2024.7.4-py3-none-any.whl (162kB)
#8 10.59 Collecting idna<4,>=2.5 (from requests>=2.5.0->Sphinx)
#8 10.63   Downloading https://files.pythonhosted.org/packages/e5/3e/741d8c82801c347547f8a2a06aa57dbb1992be9e948df2ea0eda2c8b79e8/idna-3.7-py3-none-any.whl (66kB)
#8 10.64 Collecting charset-normalizer<4,>=2 (from requests>=2.5.0->Sphinx)
#8 10.90   Downloading https://files.pythonhosted.org/packages/28/76/e6222113b83e3622caa4bb41032d0b1bf785250607392e1b778aca0b8a7d/charset_normalizer-3.3.2-py3-none-any.whl (48kB)
#8 10.91 Collecting urllib3<3,>=1.21.1 (from requests>=2.5.0->Sphinx)
#8 10.99   Downloading https://files.pythonhosted.org/packages/d2/b2/b157855192a68541a91ba7b2bbcb91f1b4faa51f8bae38d8005c034be524/urllib3-2.0.7-py3-none-any.whl (124kB)
#8 11.01 Building wheels for collected packages: PyYAML
#8 11.01   Building wheel for PyYAML (PEP 517): started
#8 11.32   Building wheel for PyYAML (PEP 517): finished with status 'done'
#8 11.32   Stored in directory: /root/.cache/pip/wheels/e6/c6/ef/4e8ee93f1b79fc90562f1600d47189799f8213023d9dadafa2
#8 11.40 Successfully built PyYAML
#8 11.40 Building wheels for collected packages: typed-ast, MarkupSafe
#8 11.40   Building wheel for typed-ast (setup.py): started
#8 11.61   Building wheel for typed-ast (setup.py): finished with status 'error'
#8 11.61   ERROR: Complete output from command /usr/bin/python3.7 -u -c 'import setuptools, tokenize;__file__='"'"'/tmp/pip-install-nik3kg2l/typed-ast/setup.py'"'"';f=getattr(tokenize, '"'"'open'"'"', open)(__file__);code=f.read().replace('"'"'\r\n'"'"', '"'"'\n'"'"');f.close();exec(compile(code, __file__, '"'"'exec'"'"'))' bdist_wheel -d /tmp/pip-wheel-hwtgjsm9 --python-tag cp37:
#8 11.61   ERROR: running bdist_wheel
#8 11.61   running build
#8 11.61   running build_py
#8 11.61   creating build
#8 11.61   creating build/lib.linux-x86_64-3.7
#8 11.61   creating build/lib.linux-x86_64-3.7/typed_ast
#8 11.61   copying typed_ast/__init__.py -> build/lib.linux-x86_64-3.7/typed_ast
#8 11.61   copying typed_ast/ast27.py -> build/lib.linux-x86_64-3.7/typed_ast
#8 11.61   copying typed_ast/ast3.py -> build/lib.linux-x86_64-3.7/typed_ast
#8 11.61   copying typed_ast/conversions.py -> build/lib.linux-x86_64-3.7/typed_ast
#8 11.61   package init file 'ast3/tests/__init__.py' not found (or not a regular file)
#8 11.61   creating build/lib.linux-x86_64-3.7/typed_ast/tests
#8 11.61   copying ast3/tests/test_basics.py -> build/lib.linux-x86_64-3.7/typed_ast/tests
#8 11.61   running build_ext
#8 11.61   building '_ast27' extension
#8 11.61   creating build/temp.linux-x86_64-3.7
#8 11.61   creating build/temp.linux-x86_64-3.7/ast27
#8 11.61   creating build/temp.linux-x86_64-3.7/ast27/Parser
#8 11.61   creating build/temp.linux-x86_64-3.7/ast27/Python
#8 11.61   creating build/temp.linux-x86_64-3.7/ast27/Custom
#8 11.61   x86_64-linux-gnu-gcc -pthread -DNDEBUG -g -fwrapv -O2 -Wall -g -fdebug-prefix-map=/build/python3.7-0Cmdei/python3.7-3.7.3=. -fstack-protector-strong -Wformat -Werror=format-security -Wdate-time -D_FORTIFY_SOURCE=2 -fPIC -Iast27/Include -I/usr/include/python3.7m -c ast27/Parser/acceler.c -o build/temp.linux-x86_64-3.7/ast27/Parser/acceler.o
#8 11.61   In file included from ast27/Parser/acceler.c:13:0:
#8 11.61   ast27/Parser/../Include/pgenheaders.h:8:10: fatal error: Python.h: No such file or directory
#8 11.61    #include "Python.h"
#8 11.61             ^~~~~~~~~~
#8 11.61   compilation terminated.
#8 11.61   error: command 'x86_64-linux-gnu-gcc' failed with exit status 1
#8 11.61   ----------------------------------------
#8 11.61   ERROR: Failed building wheel for typed-ast
#8 11.61   Running setup.py clean for typed-ast
#8 11.75   Building wheel for MarkupSafe (setup.py): started
#8 12.00   Building wheel for MarkupSafe (setup.py): finished with status 'done'
#8 12.00   Stored in directory: /root/.cache/pip/wheels/bd/d4/28/f67d8848991ef01185aec9d27a5bf346a74e39f5b8ac3ccbdb
#8 12.00 Successfully built MarkupSafe
#8 12.00 Failed to build typed-ast
#8 12.21 ERROR: virtualenv 20.26.3 has requirement importlib-metadata>=6.6; python_version < "3.8", but you'll have importlib-metadata 4.2.0 which is incompatible.
#8 12.21 ERROR: tox 4.8.0 has requirement importlib-metadata>=6.7; python_version < "3.8", but you'll have importlib-metadata 4.2.0 which is incompatible.
#8 12.21 ERROR: sphinx 5.3.0 has requirement importlib-metadata>=4.8; python_version < "3.10", but you'll have importlib-metadata 4.2.0 which is incompatible.
#8 12.21 Installing collected packages: packaging, mypy-extensions, zipp, typing-extensions, importlib-metadata, click, tomli, typed-ast, platformdirs, pathspec, black, pycodestyle, mccabe, pyflakes, flake8, identify, PyYAML, nodeenv, cfgv, filelock, distlib, virtualenv, pre-commit, iniconfig, exceptiongroup, pluggy, pytest, cachetools, pyproject-api, chardet, colorama, tox, sphinxcontrib-serializinghtml, alabaster, MarkupSafe, Jinja2, Pygments, sphinxcontrib-htmlhelp, sphinxcontrib-applehelp, sphinxcontrib-devhelp, docutils, pytz, babel, snowballstemmer, imagesize, certifi, idna, charset-normalizer, urllib3, requests, sphinxcontrib-qthelp, sphinxcontrib-jsmath, Sphinx
#8 12.34   Running setup.py install for typed-ast: started
#8 12.54     ERROR: Complete output from command /usr/bin/python3.7 -u -c 'import setuptools, tokenize;__file__='"'"'/tmp/pip-install-nik3kg2l/typed-ast/setup.py'"'"';f=getattr(tokenize, '"'"'open'"'"', open)(__file__);code=f.read().replace('"'"'\r\n'"'"', '"'"'\n'"'"');f.close();exec(compile(code, __file__, '"'"'exec'"'"'))' install --record /tmp/pip-record-cis0bbho/install-record.txt --single-version-externally-managed --compile:
#8 12.54     ERROR: running install
#8 12.54     running build
#8 12.54     running build_py
#8 12.54     creating build
#8 12.54     creating build/lib.linux-x86_64-3.7
#8 12.54     creating build/lib.linux-x86_64-3.7/typed_ast
#8 12.54     copying typed_ast/__init__.py -> build/lib.linux-x86_64-3.7/typed_ast
#8 12.54     copying typed_ast/ast27.py -> build/lib.linux-x86_64-3.7/typed_ast
#8 12.54     copying typed_ast/ast3.py -> build/lib.linux-x86_64-3.7/typed_ast
#8 12.54     copying typed_ast/conversions.py -> build/lib.linux-x86_64-3.7/typed_ast
#8 12.54     package init file 'ast3/tests/__init__.py' not found (or not a regular file)
#8 12.54     creating build/lib.linux-x86_64-3.7/typed_ast/tests
#8 12.54     copying ast3/tests/test_basics.py -> build/lib.linux-x86_64-3.7/typed_ast/tests
#8 12.54     running build_ext
#8 12.54     building '_ast27' extension
#8 12.54     creating build/temp.linux-x86_64-3.7
#8 12.54     creating build/temp.linux-x86_64-3.7/ast27
#8 12.54     creating build/temp.linux-x86_64-3.7/ast27/Parser
#8 12.54     creating build/temp.linux-x86_64-3.7/ast27/Python
#8 12.54     creating build/temp.linux-x86_64-3.7/ast27/Custom
#8 12.54     x86_64-linux-gnu-gcc -pthread -DNDEBUG -g -fwrapv -O2 -Wall -g -fdebug-prefix-map=/build/python3.7-0Cmdei/python3.7-3.7.3=. -fstack-protector-strong -Wformat -Werror=format-security -Wdate-time -D_FORTIFY_SOURCE=2 -fPIC -Iast27/Include -I/usr/include/python3.7m -c ast27/Parser/acceler.c -o build/temp.linux-x86_64-3.7/ast27/Parser/acceler.o
#8 12.54     In file included from ast27/Parser/acceler.c:13:0:
#8 12.54     ast27/Parser/../Include/pgenheaders.h:8:10: fatal error: Python.h: No such file or directory
#8 12.54      #include "Python.h"
#8 12.54               ^~~~~~~~~~
#8 12.54     compilation terminated.
#8 12.54     error: command 'x86_64-linux-gnu-gcc' failed with exit status 1
#8 12.54     ----------------------------------------
#8 12.54     Running setup.py install for typed-ast: finished with status 'error'
#8 12.67 ERROR: Command "/usr/bin/python3.7 -u -c 'import setuptools, tokenize;__file__='"'"'/tmp/pip-install-nik3kg2l/typed-ast/setup.py'"'"';f=getattr(tokenize, '"'"'open'"'"', open)(__file__);code=f.read().replace('"'"'\r\n'"'"', '"'"'\n'"'"');f.close();exec(compile(code, __file__, '"'"'exec'"'"'))' install --record /tmp/pip-record-cis0bbho/install-record.txt --single-version-externally-managed --compile" failed with error code 1 in /tmp/pip-install-nik3kg2l/typed-ast/
#8 12.68 WARNING: You are using pip version 19.1, however version 24.0 is available.
#8 12.68 You should consider upgrading via the 'pip install --upgrade pip' command.
#8 ERROR: process "/bin/sh -c pip3.7 install black flake8 pre-commit pytest tox PyYAML Sphinx  && mkdir /home/tox  && mv /root/.cache /home/tox/" did not complete successfully: exit code: 1
------
 > [3/6] RUN pip3.7 install black flake8 pre-commit pytest tox PyYAML Sphinx  && mkdir /home/tox  && mv /root/.cache /home/tox/:
12.54     ast27/Parser/../Include/pgenheaders.h:8:10: fatal error: Python.h: No such file or directory
12.54      #include "Python.h"
12.54               ^~~~~~~~~~
12.54     compilation terminated.
12.54     error: command 'x86_64-linux-gnu-gcc' failed with exit status 1
12.54     ----------------------------------------
12.54     Running setup.py install for typed-ast: finished with status 'error'
12.67 ERROR: Command "/usr/bin/python3.7 -u -c 'import setuptools, tokenize;__file__='"'"'/tmp/pip-install-nik3kg2l/typed-ast/setup.py'"'"';f=getattr(tokenize, '"'"'open'"'"', open)(__file__);code=f.read().replace('"'"'\r\n'"'"', '"'"'\n'"'"');f.close();exec(compile(code, __file__, '"'"'exec'"'"'))' install --record /tmp/pip-record-cis0bbho/install-record.txt --single-version-externally-managed --compile" failed with error code 1 in /tmp/pip-install-nik3kg2l/typed-ast/
12.68 WARNING: You are using pip version 19.1, however version 24.0 is available.
12.68 You should consider upgrading via the 'pip install --upgrade pip' command.
------
v1_Dockerfile:6
--------------------
   5 |     
   6 | >>> RUN pip3.7 install black flake8 pre-commit pytest tox PyYAML Sphinx \
   7 | >>>  && mkdir /home/tox \
   8 | >>>  && mv /root/.cache /home/tox/
   9 |     
--------------------
ERROR: failed to solve: process "/bin/sh -c pip3.7 install black flake8 pre-commit pytest tox PyYAML Sphinx  && mkdir /home/tox  && mv /root/.cache /home/tox/" did not complete successfully: exit code: 1
Duration: 0:49.26