
Below is the flaky Dockerfile:

# Dockerfile
```FROM elixir:1.11.4-alpine

ARG PLEROMA_VER=develop
ARG UID=911
ARG GID=911
ENV MIX_ENV=prod

RUN echo "http://nl.alpinelinux.org/alpine/latest-stable/main" >> /etc/apk/repositories \
    && apk update \
    && apk add git gcc g++ musl-dev make cmake file-dev \
    exiftool imagemagick libmagic ncurses postgresql-client ffmpeg

RUN addgroup -g ${GID} pleroma \
    && adduser -h /pleroma -s /bin/false -D -G pleroma -u ${UID} pleroma

ARG DATA=/var/lib/pleroma
RUN mkdir -p /etc/pleroma \
    && chown -R pleroma /etc/pleroma \
    && mkdir -p ${DATA}/uploads \
    && mkdir -p ${DATA}/static \
    && chown -R pleroma ${DATA}

USER pleroma
WORKDIR /pleroma

RUN git clone -b develop https://git.pleroma.social/pleroma/pleroma.git /pleroma \
    && git checkout ${PLEROMA_VER} 

RUN echo "import Mix.Config" > config/prod.secret.exs \
    && mix local.hex --force \
    && mix local.rebar --force \
    && mix deps.get --only prod \
    && mkdir release \
    && mix release --path /pleroma

COPY ./config.exs /etc/pleroma/config.exs

EXPOSE 4000

ENTRYPOINT ["/pleroma/docker-entrypoint.sh"]
```

And below is the build error that occurred when trying to build the Dockerfile:
# Build Error
```> [7/8] RUN echo "import Mix.Config" > config/prod.secret.exs     && mix local.hex --force     && mix local.rebar --force     && mix deps.get --only prod     && mkdir release     && mix release --path /pleroma:
* Getting comeonin (Hex package)
* Getting expo (Hex package)
* Getting cowboy (Hex package)
* Getting cowboy_telemetry (Hex package)
* Getting ranch (Hex package)
* Getting db_connection (Hex package)
* Getting decimal (Hex package)
* Getting ecto (Hex package)
* Getting phoenix_pubsub (Hex package)
You have added/upgraded packages you could sponsor, run `mix hex.sponsor` to learn more
** (Mix) You're trying to run :pleroma on Elixir v1.but it has declared in its mix.exs file it supports only Elixir ~> 1.13
ERROR: process "/bin/sh -c echo \"import Mix.Config\" > config/prod.secret.exs     && mix local.hex --force     && mix local.rebar --force     && mix deps.get --only prod     && mkdir release     && mix release --path /pleroma" did not complete successfully: exit code: 1```

Below are a few examples of dockerfiles and their build errors alongside their repairs. These examples are provided to help you understand the task better.

# Example 1
## Example Dockerfile
```FROM ruby:2.7.2-buster

ENV RAILS_ENV=production
ENV RAILS_SERVE_STATIC_FILES=enabled
ENV RAILS_LOG_TO_STDOUT=enabled
ENV RACK_ENV=production
ENV LANG=en_US.UTF-8

ARG GIT_TAG=nightly

EXPOSE 3000


COPY . /app
WORKDIR /app

RUN apt-get update -qq && apt-get install -y build-essential libpq-dev postgresql postgresql-contrib openssl sudo && \
    curl -sS http://dl.yarnpkg.com/debian/pubkey.gpg | apt-key add - && \
    echo "deb http://dl.yarnpkg.com/debian/ stable main" | tee /etc/apt/sources.list.d/yarn.list && \
    curl -sL https://deb.nodesource.com/setup_12.x | bash - && \
    apt-get update -qq && apt-get install -y yarn nodejs && \
    cd /app && \
    gem install bundler && gem install rails && bundle install && yarn

CMD ["bash", "docker-entrypoint.sh"]

```

## Example Build Error
```> [4/4] RUN apt-get update -qq && apt-get install -y build-essential libpq-dev postgresql postgresql-contrib openssl sudo &&     curl -sS http://dl.yarnpkg.com/debian/pubkey.gpg | apt-key add - &&     echo "deb http://dl.yarnpkg.com/debian/ stable main" | tee /etc/apt/sources.list.d/yarn.list &&     curl -sL https://deb.nodesource.com/setup_12.x | bash - &&     apt-get update -qq && apt-get install -y yarn nodejs &&     cd /app &&     gem install bundler && gem install rails && bundle install && yarn:
ERROR:  Error installing rails:
	The last version of net-imap (>= 0) to support your Ruby & RubyGems was 0.3.7. Try installing it with `gem install net-imap -v 0.3.7` and then running the current command again
	net-imap requires Ruby version >= 2.7.3. The current ruby version is 2.7.2.137.
Successfully installed zeitwerk-2.6.12
Successfully installed thor-1.2.2
Successfully installed webrick-1.8.1
Successfully installed rack-3.0.8
Successfully installed rackup-2.1.0
Successfully installed nokogiri-1.15.4-x86_64-linux
Successfully installed ruby2_keywords-0.0.5
Successfully installed drb-2.1.1
Successfully installed base64-0.1.1
Successfully installed connection_pool-2.4.1
Successfully installed concurrent-ruby-1.2.2
Successfully installed tzinfo-2.0.6
Successfully installed i18n-1.14.1
Successfully installed activesupport-7.1.1
Successfully installed rails-dom-testing-2.2.0
Successfully installed crass-1.0.6
Successfully installed loofah-2.21.4
Successfully installed rails-html-sanitizer-1.6.0
Successfully installed erubi-1.12.0
Successfully installed builder-3.2.4
Successfully installed actionview-7.1.1
Successfully installed rack-test-2.1.0
Successfully installed rack-session-2.0.0
Successfully installed actionpack-7.1.1
Successfully installed railties-7.1.1
Successfully installed globalid-1.2.1
Successfully installed marcel-1.0.2
Successfully installed timeout-0.4.0
Successfully installed activemodel-7.1.1
Successfully installed activerecord-7.1.1
Successfully installed activejob-7.1.1
Successfully installed activestorage-7.1.1
Successfully installed actiontext-7.1.1
Successfully installed net-protocol-0.2.1
ERROR: process "/bin/sh -c apt-get update -qq && apt-get install -y build-essential libpq-dev postgresql postgresql-contrib openssl sudo &&     curl -sS http://dl.yarnpkg.com/debian/pubkey.gpg | apt-key add - &&     echo \"deb http://dl.yarnpkg.com/debian/ stable main\" | tee /etc/apt/sources.list.d/yarn.list &&     curl -sL https://deb.nodesource.com/setup_12.x | bash - &&     apt-get update -qq && apt-get install -y yarn nodejs &&     cd /app &&     gem install bundler && gem install rails && bundle install && yarn" did not complete successfully: exit code: 1```

## Example Repair

### Repair 1
```FROM ruby:3.0.0-buster

ENV RAILS_ENV=production
ENV RAILS_SERVE_STATIC_FILES=enabled
ENV RAILS_LOG_TO_STDOUT=enabled
ENV RACK_ENV=production
ENV LANG=en_US.UTF-8

ARG GIT_TAG=nightly

EXPOSE 3000


COPY . /app
WORKDIR /app

RUN apt-get update -qq && apt-get install -y build-essential libpq-dev postgresql postgresql-contrib openssl sudo && \
    curl -sS http://dl.yarnpkg.com/debian/pubkey.gpg | apt-key add - && \
    echo "deb http://dl.yarnpkg.com/debian/ stable main" | tee /etc/apt/sources.list.d/yarn.list && \
    curl -sL https://deb.nodesource.com/setup_12.x | bash - && \
    apt-get update -qq && apt-get install -y yarn nodejs && \
    cd /app && \
    gem install bundler && gem install rails && bundle install && yarn

CMD ["bash", "docker-entrypoint.sh"]

```


# Example 2
## Example Dockerfile
```FROM ruby:2.7.5-alpine3.15

RUN apk add --no-cache build-base

COPY Gemfile Gemfile.lock /usr/src/app/deliveroo.engineering/
WORKDIR /usr/src/app/deliveroo.engineering
RUN gem install bundler && bundle install -j8

EXPOSE 4000
ENTRYPOINT ["jekyll"]
CMD ["serve", "-w", "-t", "-H", "0.0.0.0"]

```

## Example Build Error
```> [5/5] RUN gem install bundler && bundle install -j8:
ERROR:  Error installing bundler:
	The last version of bundler (>= 0) to support your Ruby & RubyGems was 2.4.22. Try installing it with `gem install bundler -v 2.4.22`
	bundler requires Ruby version >= 3.0.0. The current ruby version is 2.7.5.203.
ERROR: process "/bin/sh -c gem install bundler && bundle install -j8" did not complete successfully: exit code: 1```

## Example Repair

### Repair 1
```FROM ruby:2.7.5-alpine3.15

RUN apk add --no-cache build-base

COPY Gemfile Gemfile.lock /usr/src/app/deliveroo.engineering/
WORKDIR /usr/src/app/deliveroo.engineering
RUN gem install bundler -v 2.4.22 && bundle install -j8

EXPOSE 4000
ENTRYPOINT ["jekyll"]
CMD ["serve", "-w", "-t", "-H", "0.0.0.0"]

```


# Example 3
## Example Dockerfile
```FROM xataz/node:7-onbuild
MAINTAINER xataz <https://github.com/xataz>

ENV GID=991 \
    UID=991 \
    USERNAME="t411" \
    PASSWORD="t411" \
    ONLYVERIFIED=true \
    DEBUGVERIFIED=false

ADD startup /usr/local/bin/startup
RUN chmod +x /usr/local/bin/startup

EXPOSE 9876

CMD ["/usr/local/bin/startup"]

```

## Example Build Error
```> [3/3] RUN PKG_BUILD="git make gcc g++ python linux-headers" 	&& apk upgrade -U 	&& apk add ${PKG_BUILD} 	&& if [ -e /usr/src/app/package.json ]; then 		npm install; 	fi && if [ -e /usr/src/app/bower.js ]; then 		npm install -g bower && bower install; 	fi && if [ -e /usr/src/app/gulpfile.js ]; then 		npm install -g gulp && gulp; 	fi && if [ -e /usr/src/app/Gruntfile.js ]; then 		npm install -g grunt && grunt; 	fi 	&& npm cache clean /root/.npm 	&& apk del ${PKG_BUILD} 	&& rm -rf /var/cache/apk/*:
T411-torznab@0./usr/src/app
npm ERR! Linux 3.10.0-1127.el7.x86_64
npm ERR! argv "/usr/bin/node" "/usr/bin/npm" "install"
npm ERR! node v7.10.0
npm ERR! npm  v3.10.10
npm ERR! path /usr/src/app/node_modules/.staging/@types/triple-beam-c220f220/package.json
npm ERR! code ENOTDIR
npm ERR! errno -20
npm ERR! syscall open
npm ERR! ENOTDIR: not a directory, open '/usr/src/app/node_modules/.staging/@types/triple-beam-c220f220/package.json'
npm ERR! 
npm ERR! If you need help, you may report this error at:
npm ERR!     <https://github.com/npm/npm/issues>
npm ERR! Please include the following file with any support request:
npm ERR!     /usr/src/app/npm-debug.log
ERROR: process "/bin/sh -c PKG_BUILD=\"git make gcc g++ python linux-headers\" \t&& apk upgrade -U \t&& apk add ${PKG_BUILD} \t&& if [ -e /usr/src/app/package.json ]; then \t\tnpm install; \tfi && if [ -e /usr/src/app/bower.js ]; then \t\tnpm install -g bower && bower install; \tfi && if [ -e /usr/src/app/gulpfile.js ]; then \t\tnpm install -g gulp && gulp; \tfi && if [ -e /usr/src/app/Gruntfile.js ]; then \t\tnpm install -g grunt && grunt; \tfi \t&& npm cache clean /root/.npm \t&& apk del ${PKG_BUILD} \t&& rm -rf /var/cache/apk/*" did not complete successfully: exit code: 236```

## Example Repair

### Repair 1
```FROM node:16-alpine
MAINTAINER xataz <https://github.com/xataz>

ENV GID=991 \
    UID=991 \
    USERNAME="t411" \
    PASSWORD="t411" \
    ONLYVERIFIED=true \
    DEBUGVERIFIED=false

ADD startup /usr/local/bin/startup
RUN chmod +x /usr/local/bin/startup

RUN PKG_BUILD="git make gcc g++ python3 linux-headers" \
    && apk upgrade -U \
    && apk add --no-cache ${PKG_BUILD} \
    && if [ -e /usr/src/app/package.json ]; then \
        npm cache clean --force \
        && rm -rf node_modules \
        && npm install; \
    fi \
    && if [ -e /usr/src/app/bower.js ]; then \
        npm install -g bower && bower install; \
    fi \
    && if [ -e /usr/src/app/gulpfile.js ]; then \
        npm install -g gulp && gulp; \
    fi \
    && if [ -e /usr/src/app/Gruntfile.js ]; then \
        npm install -g grunt && grunt; \
    fi \
    && npm cache clean --force \
    && apk del ${PKG_BUILD} \
    && rm -rf /var/cache/apk/*

EXPOSE 9876

CMD ["/usr/local/bin/startup"]
```

Below are a few false repairs that an LLM previously made by mistake for the input flaky Dockerfile along with their build outputs as further demonstrations. These examples are provided to help you understand the task better and to avoid making the same mistakes. So, do not generate the exact false repair generated previously, but you can get ideas from them.

# False Repair 1
## False Repair Dockerfile
```FROM elixir:1.13.4-alpine

ARG PLEROMA_VER=develop
ARG UID=911
ARG GID=911
ENV MIX_ENV=prod

RUN echo "http://nl.alpinelinux.org/alpine/latest-stable/main" >> /etc/apk/repositories \
    && apk update \
    && apk add git gcc g++ musl-dev make cmake file-dev \
    exiftool imagemagick libmagic ncurses postgresql-client ffmpeg

RUN addgroup -g ${GID} pleroma \
    && adduser -h /pleroma -s /bin/false -D -G pleroma -u ${UID} pleroma

ARG DATA=/var/lib/pleroma
RUN mkdir -p /etc/pleroma \
    && chown -R pleroma /etc/pleroma \
    && mkdir -p ${DATA}/uploads \
    && mkdir -p ${DATA}/static \
    && chown -R pleroma ${DATA}

USER pleroma
WORKDIR /pleroma

RUN git clone -b develop https://git.pleroma.social/pleroma/pleroma.git /pleroma \
    && git checkout ${PLEROMA_VER} 

RUN echo "import Mix.Config" > config/prod.secret.exs \
    && mix local.hex --force \
    && mix local.rebar --force \
    && mix deps.get --only prod \
    && mkdir release \
    && mix release --path /pleroma

COPY ./config.exs /etc/pleroma/config.exs

EXPOSE 4000

ENTRYPOINT ["/pleroma/docker-entrypoint.sh"]```

## False Repair Build Output
```> [7/8] RUN echo "import Mix.Config" > config/prod.secret.exs     && mix local.hex --force     && mix local.rebar --force     && mix deps.get --only prod     && mkdir release     && mix release --path /pleroma:
# Sadly, build components separately seems to sporadically fail
cd c_src/lexbor; \
	CFLAGS=' ' \
	cmake -DLEXBOR_BUILD_SEPARATELY=OFF -DLEXBOR_BUILD_SHARED=OFF
Error relocating /usr/bin/cmake: SSL_get0_group_name: symbol not found
make: *** [Makefile:49: c_src/lexbor/liblexbor_static.a] Error 127
could not compile dependency :fast_html, "mix compile" failed. Errors may have been logged above. You can recompile this dependency with "mix deps.compile fast_html", update it with "mix deps.update fast_html" or clean it with "mix deps.clean fast_html"
==> pleroma
** (Mix) Could not compile with "make" (exit status: 2).
Please check you have: a C compiler, GNUMake, CMake and Erlang development headers installed before reporting an issue.
ERROR: process "/bin/sh -c echo \"import Mix.Config\" > config/prod.secret.exs     && mix local.hex --force     && mix local.rebar --force     && mix deps.get --only prod     && mkdir release     && mix release --path /pleroma" did not complete successfully: exit code: 1```


# False Repair 2
## False Repair Dockerfile
```FROM elixir:1.13.4-alpine

ARG PLEROMA_VER=develop
ARG UID=911
ARG GID=911
ENV MIX_ENV=prod

RUN echo "http://nl.alpinelinux.org/alpine/latest-stable/main" >> /etc/apk/repositories \
    && apk update \
    && apk add git gcc g++ musl-dev make cmake file-dev \
    exiftool imagemagick libmagic ncurses postgresql-client ffmpeg

RUN addgroup -g ${GID} pleroma \
    && adduser -h /pleroma -s /bin/false -D -G pleroma -u ${UID} pleroma

ARG DATA=/var/lib/pleroma
RUN mkdir -p /etc/pleroma \
    && chown -R pleroma /etc/pleroma \
    && mkdir -p ${DATA}/uploads \
    && mkdir -p ${DATA}/static \
    && chown -R pleroma ${DATA}

USER pleroma
WORKDIR /pleroma

RUN git clone -b develop https://git.pleroma.social/pleroma/pleroma.git /pleroma \
    && cd /pleroma \
    && git checkout ${PLEROMA_VER} 

RUN echo "import Mix.Config" > config/prod.secret.exs \
    && mix local.hex --force \
    && mix local.rebar --force \
    && mix deps.get --only prod \
    && mkdir release \
    && mix release --path /pleroma

COPY ./config.exs /etc/pleroma/config.exs

EXPOSE 4000

ENTRYPOINT ["/pleroma/docker-entrypoint.sh"]```

## False Repair Build Output
```> [7/8] RUN echo "import Mix.Config" > config/prod.secret.exs     && mix local.hex --force     && mix local.rebar --force     && mix deps.get --only prod     && mkdir release     && mix release --path /pleroma:
==> fast_html
# Sadly, build components separately seems to sporadically fail
cd c_src/lexbor; \
	CFLAGS=' ' \
	cmake -DLEXBOR_BUILD_SEPARATELY=OFF -DLEXBOR_BUILD_SHARED=OFF
Error relocating /usr/bin/cmake: SSL_get0_group_name: symbol not found
make: *** [Makefile:49: c_src/lexbor/liblexbor_static.a] Error 127
could not compile dependency :fast_html, "mix compile" failed. Errors may have been logged above. You can recompile this dependency with "mix deps.compile fast_html", update it with "mix deps.update fast_html" or clean it with "mix deps.clean fast_html"
==> pleroma
** (Mix) Could not compile with "make" (exit status: 2).
Please check you have: a C compiler, GNUMake, CMake and Erlang development headers installed before reporting an issue.
ERROR: process "/bin/sh -c echo \"import Mix.Config\" > config/prod.secret.exs     && mix local.hex --force     && mix local.rebar --force     && mix deps.get --only prod     && mkdir release     && mix release --path /pleroma" did not complete successfully: exit code: 1```

Your task is to repair the Dockerfile based on the Dockerfile and its build error provided alongside the examples provided for you for as demonstrations. To solve the problem, and based on the information provided, first, you should diagnose which part is causing the flakiness and why. Then, according to the characteristics of that flakiness, repair the Dockerfile. the output Dockerfile must be within five angle brackets:
    <<<<<
    Dockerfile content 
    >>>>>
