#0 building with "default" instance using docker driver

#1 [internal] load build definition from v1_Dockerfile
#1 transferring dockerfile:
#1 transferring dockerfile: 336B done
#1 DONE 0.4s

#2 [internal] load .dockerignore
#2 transferring context: 67B done
#2 DONE 0.5s

#3 [internal] load metadata for docker.io/library/node:14
#3 DONE 4.0s

#4 [1/7] FROM docker.io/library/node:14@sha256:a158d3b9b4e3fa813fa6c8c590b8f0a860e015ad4e59bbce5744d2f6fd8461aa
#4 resolve docker.io/library/node:14@sha256:a158d3b9b4e3fa813fa6c8c590b8f0a860e015ad4e59bbce5744d2f6fd8461aa
#4 resolve docker.io/library/node:14@sha256:a158d3b9b4e3fa813fa6c8c590b8f0a860e015ad4e59bbce5744d2f6fd8461aa 0.2s done
#4 sha256:a158d3b9b4e3fa813fa6c8c590b8f0a860e015ad4e59bbce5744d2f6fd8461aa 776B / 776B done
#4 sha256:2cafa3fbb0b6529ee4726b4f599ec27ee557ea3dea7019182323b3779959927f 2.21kB / 2.21kB done
#4 sha256:1d12470fa662a2a5cb50378dcdc8ea228c1735747db410bbefb8e2d9144b5452 7.51kB / 7.51kB done
#4 ...

#5 [internal] load build context
#5 transferring context: 805.72kB 0.0s done
#5 DONE 0.4s

#4 [1/7] FROM docker.io/library/node:14@sha256:a158d3b9b4e3fa813fa6c8c590b8f0a860e015ad4e59bbce5744d2f6fd8461aa
#4 sha256:b253aeafeaa7e0671bb60008df01de101a38a045ff7bc656e3b0fbfc7c05cca5 0B / 7.86MB 0.2s
#4 sha256:3d2201bd995cccf12851a50820de03d34a17011dcbb9ac9fdf3a50c952cbb131 0B / 10.00MB 0.2s
#4 sha256:3d2201bd995cccf12851a50820de03d34a17011dcbb9ac9fdf3a50c952cbb131 3.15MB / 10.00MB 0.3s
#4 sha256:2ff1d7c41c74a25258bfa6f0b8adb0a727f84518f55f65ca845ebc747976c408 0B / 50.45MB 0.3s
#4 sha256:b253aeafeaa7e0671bb60008df01de101a38a045ff7bc656e3b0fbfc7c05cca5 5.24MB / 7.86MB 0.5s
#4 sha256:3d2201bd995cccf12851a50820de03d34a17011dcbb9ac9fdf3a50c952cbb131 10.00MB / 10.00MB 0.5s
#4 sha256:2ff1d7c41c74a25258bfa6f0b8adb0a727f84518f55f65ca845ebc747976c408 9.44MB / 50.45MB 0.5s
#4 sha256:b253aeafeaa7e0671bb60008df01de101a38a045ff7bc656e3b0fbfc7c05cca5 7.34MB / 7.86MB 0.7s
#4 sha256:3d2201bd995cccf12851a50820de03d34a17011dcbb9ac9fdf3a50c952cbb131 10.00MB / 10.00MB 0.6s done
#4 sha256:2ff1d7c41c74a25258bfa6f0b8adb0a727f84518f55f65ca845ebc747976c408 23.07MB / 50.45MB 0.7s
#4 sha256:1de76e268b103d05fa8960e0f77951ff54b912b63429c34f5d6adfd09f5f9ee2 0B / 51.88MB 0.7s
#4 sha256:b253aeafeaa7e0671bb60008df01de101a38a045ff7bc656e3b0fbfc7c05cca5 7.86MB / 7.86MB 0.8s
#4 sha256:2ff1d7c41c74a25258bfa6f0b8adb0a727f84518f55f65ca845ebc747976c408 27.26MB / 50.45MB 0.8s
#4 sha256:1de76e268b103d05fa8960e0f77951ff54b912b63429c34f5d6adfd09f5f9ee2 3.15MB / 51.88MB 0.8s
#4 sha256:b253aeafeaa7e0671bb60008df01de101a38a045ff7bc656e3b0fbfc7c05cca5 7.86MB / 7.86MB 0.9s done
#4 sha256:2ff1d7c41c74a25258bfa6f0b8adb0a727f84518f55f65ca845ebc747976c408 39.85MB / 50.45MB 1.0s
#4 sha256:1de76e268b103d05fa8960e0f77951ff54b912b63429c34f5d6adfd09f5f9ee2 12.58MB / 51.88MB 1.0s
#4 sha256:d9a8df5894511ce28a05e2925a75e8a4acbd0634c39ad734fdfba8e23d1b1569 0B / 191.85MB 1.0s
#4 sha256:2ff1d7c41c74a25258bfa6f0b8adb0a727f84518f55f65ca845ebc747976c408 50.45MB / 50.45MB 1.2s
#4 sha256:1de76e268b103d05fa8960e0f77951ff54b912b63429c34f5d6adfd09f5f9ee2 20.97MB / 51.88MB 1.2s
#4 sha256:1de76e268b103d05fa8960e0f77951ff54b912b63429c34f5d6adfd09f5f9ee2 26.21MB / 51.88MB 1.3s
#4 sha256:1de76e268b103d05fa8960e0f77951ff54b912b63429c34f5d6adfd09f5f9ee2 37.75MB / 51.88MB 1.5s
#4 sha256:d9a8df5894511ce28a05e2925a75e8a4acbd0634c39ad734fdfba8e23d1b1569 13.63MB / 191.85MB 1.5s
#4 sha256:1de76e268b103d05fa8960e0f77951ff54b912b63429c34f5d6adfd09f5f9ee2 44.04MB / 51.88MB 1.6s
#4 sha256:1de76e268b103d05fa8960e0f77951ff54b912b63429c34f5d6adfd09f5f9ee2 50.33MB / 51.88MB 1.8s
#4 sha256:d9a8df5894511ce28a05e2925a75e8a4acbd0634c39ad734fdfba8e23d1b1569 33.55MB / 191.85MB 1.8s
#4 sha256:2ff1d7c41c74a25258bfa6f0b8adb0a727f84518f55f65ca845ebc747976c408 50.45MB / 50.45MB 1.9s done
#4 sha256:d9a8df5894511ce28a05e2925a75e8a4acbd0634c39ad734fdfba8e23d1b1569 48.23MB / 191.85MB 2.0s
#4 extracting sha256:2ff1d7c41c74a25258bfa6f0b8adb0a727f84518f55f65ca845ebc747976c408 0.1s
#4 sha256:d9a8df5894511ce28a05e2925a75e8a4acbd0634c39ad734fdfba8e23d1b1569 59.77MB / 191.85MB 2.2s
#4 sha256:d9a8df5894511ce28a05e2925a75e8a4acbd0634c39ad734fdfba8e23d1b1569 73.40MB / 191.85MB 2.4s
#4 sha256:d9a8df5894511ce28a05e2925a75e8a4acbd0634c39ad734fdfba8e23d1b1569 83.89MB / 191.85MB 2.6s
#4 sha256:1de76e268b103d05fa8960e0f77951ff54b912b63429c34f5d6adfd09f5f9ee2 51.88MB / 51.88MB 2.7s done
#4 sha256:6f51ee005deac0d99898e41b8ce60ebf250ebe1a31a0b03f613aec6bbc9b83d8 0B / 4.19kB 2.8s
#4 sha256:d9a8df5894511ce28a05e2925a75e8a4acbd0634c39ad734fdfba8e23d1b1569 94.37MB / 191.85MB 2.9s
#4 sha256:6f51ee005deac0d99898e41b8ce60ebf250ebe1a31a0b03f613aec6bbc9b83d8 4.19kB / 4.19kB 2.9s
#4 sha256:5f32ed3c3f278edda4fc571c880b5277355a29ae8f52b52cdf865f058378a590 0B / 35.24MB 2.9s
#4 sha256:6f51ee005deac0d99898e41b8ce60ebf250ebe1a31a0b03f613aec6bbc9b83d8 4.19kB / 4.19kB 2.9s done
#4 sha256:5f32ed3c3f278edda4fc571c880b5277355a29ae8f52b52cdf865f058378a590 2.10MB / 35.24MB 3.0s
#4 sha256:0c8cc2f24a4dcb64e602e086fc9446b0a541e8acd9ad72d2e90df3ba22f158b3 0B / 2.29MB 3.0s
#4 sha256:5f32ed3c3f278edda4fc571c880b5277355a29ae8f52b52cdf865f058378a590 5.24MB / 35.24MB 3.1s
#4 sha256:d9a8df5894511ce28a05e2925a75e8a4acbd0634c39ad734fdfba8e23d1b1569 109.05MB / 191.85MB 3.2s
#4 sha256:5f32ed3c3f278edda4fc571c880b5277355a29ae8f52b52cdf865f058378a590 8.39MB / 35.24MB 3.2s
#4 sha256:0c8cc2f24a4dcb64e602e086fc9446b0a541e8acd9ad72d2e90df3ba22f158b3 2.29MB / 2.29MB 3.2s
#4 sha256:5f32ed3c3f278edda4fc571c880b5277355a29ae8f52b52cdf865f058378a590 13.63MB / 35.24MB 3.3s
#4 sha256:0c8cc2f24a4dcb64e602e086fc9446b0a541e8acd9ad72d2e90df3ba22f158b3 2.29MB / 2.29MB 3.2s done
#4 sha256:d9a8df5894511ce28a05e2925a75e8a4acbd0634c39ad734fdfba8e23d1b1569 120.59MB / 191.85MB 3.5s
#4 sha256:5f32ed3c3f278edda4fc571c880b5277355a29ae8f52b52cdf865f058378a590 24.12MB / 35.24MB 3.5s
#4 sha256:0d27a8e861329007574c6766fba946d48e20d2c8e964e873de352603f22c4ceb 450B / 450B 3.5s done
#4 sha256:5f32ed3c3f278edda4fc571c880b5277355a29ae8f52b52cdf865f058378a590 27.26MB / 35.24MB 3.6s
#4 sha256:d9a8df5894511ce28a05e2925a75e8a4acbd0634c39ad734fdfba8e23d1b1569 136.31MB / 191.85MB 3.7s
#4 sha256:5f32ed3c3f278edda4fc571c880b5277355a29ae8f52b52cdf865f058378a590 29.36MB / 35.24MB 3.7s
#4 sha256:5f32ed3c3f278edda4fc571c880b5277355a29ae8f52b52cdf865f058378a590 33.55MB / 35.24MB 3.8s
#4 sha256:d9a8df5894511ce28a05e2925a75e8a4acbd0634c39ad734fdfba8e23d1b1569 146.80MB / 191.85MB 3.9s
#4 sha256:d9a8df5894511ce28a05e2925a75e8a4acbd0634c39ad734fdfba8e23d1b1569 157.29MB / 191.85MB 4.1s
#4 sha256:d9a8df5894511ce28a05e2925a75e8a4acbd0634c39ad734fdfba8e23d1b1569 169.87MB / 191.85MB 4.3s
#4 sha256:5f32ed3c3f278edda4fc571c880b5277355a29ae8f52b52cdf865f058378a590 35.24MB / 35.24MB 4.4s done
#4 sha256:d9a8df5894511ce28a05e2925a75e8a4acbd0634c39ad734fdfba8e23d1b1569 182.45MB / 191.85MB 4.6s
#4 extracting sha256:2ff1d7c41c74a25258bfa6f0b8adb0a727f84518f55f65ca845ebc747976c408 2.8s done
#4 sha256:d9a8df5894511ce28a05e2925a75e8a4acbd0634c39ad734fdfba8e23d1b1569 191.85MB / 191.85MB 7.7s done
#4 extracting sha256:b253aeafeaa7e0671bb60008df01de101a38a045ff7bc656e3b0fbfc7c05cca5
#4 extracting sha256:b253aeafeaa7e0671bb60008df01de101a38a045ff7bc656e3b0fbfc7c05cca5 0.4s done
#4 extracting sha256:3d2201bd995cccf12851a50820de03d34a17011dcbb9ac9fdf3a50c952cbb131
#4 extracting sha256:3d2201bd995cccf12851a50820de03d34a17011dcbb9ac9fdf3a50c952cbb131 0.4s done
#4 extracting sha256:1de76e268b103d05fa8960e0f77951ff54b912b63429c34f5d6adfd09f5f9ee2
#4 extracting sha256:1de76e268b103d05fa8960e0f77951ff54b912b63429c34f5d6adfd09f5f9ee2 3.4s done
#4 extracting sha256:d9a8df5894511ce28a05e2925a75e8a4acbd0634c39ad734fdfba8e23d1b1569
#4 extracting sha256:d9a8df5894511ce28a05e2925a75e8a4acbd0634c39ad734fdfba8e23d1b1569 5.1s
#4 extracting sha256:d9a8df5894511ce28a05e2925a75e8a4acbd0634c39ad734fdfba8e23d1b1569 10.1s
#4 extracting sha256:d9a8df5894511ce28a05e2925a75e8a4acbd0634c39ad734fdfba8e23d1b1569 10.6s done
#4 extracting sha256:6f51ee005deac0d99898e41b8ce60ebf250ebe1a31a0b03f613aec6bbc9b83d8
#4 extracting sha256:6f51ee005deac0d99898e41b8ce60ebf250ebe1a31a0b03f613aec6bbc9b83d8 0.1s done
#4 extracting sha256:5f32ed3c3f278edda4fc571c880b5277355a29ae8f52b52cdf865f058378a590
#4 extracting sha256:5f32ed3c3f278edda4fc571c880b5277355a29ae8f52b52cdf865f058378a590 4.9s done
#4 extracting sha256:0c8cc2f24a4dcb64e602e086fc9446b0a541e8acd9ad72d2e90df3ba22f158b3
#4 extracting sha256:0c8cc2f24a4dcb64e602e086fc9446b0a541e8acd9ad72d2e90df3ba22f158b3 0.2s done
#4 extracting sha256:0d27a8e861329007574c6766fba946d48e20d2c8e964e873de352603f22c4ceb
#4 extracting sha256:0d27a8e861329007574c6766fba946d48e20d2c8e964e873de352603f22c4ceb done
#4 DONE 31.9s

#6 [2/7] RUN mkdir -p /usr/src/app
#6 DONE 21.8s

#7 [3/7] WORKDIR /usr/src/app
#7 DONE 0.4s

#8 [4/7] COPY package.json /usr/src/app/
#8 DONE 0.3s

#9 [5/7] RUN npm install
#9 1.629 npm WARN deprecated angular-sanitize@1.6.10: For the actively supported Angular, see https://www.npmjs.com/package/@angular/core. AngularJS support has officially ended. For extended AngularJS support options, see https://goo.gle/angularjs-path-forward.
#9 1.798 npm WARN deprecated angular@1.6.10: For the actively supported Angular, see https://www.npmjs.com/package/@angular/core. AngularJS support has officially ended. For extended AngularJS support options, see https://goo.gle/angularjs-path-forward.
#9 2.066 npm WARN deprecated node-sass@4.5.3: Node Sass is no longer supported. Please use `sass` or `sass-embedded` instead.
#9 4.782 npm WARN deprecated glob@7.1.7: Glob versions prior to v9 are no longer supported
#9 5.600 npm WARN deprecated node-sass@4.14.1: Node Sass is no longer supported. Please use `sass` or `sass-embedded` instead.
#9 5.807 npm WARN deprecated request@2.88.2: request has been deprecated, see https://github.com/request/request/issues/3142
#9 5.836 npm WARN deprecated request-promise@4.2.6: request-promise has been deprecated because it extends the now deprecated request package, see https://github.com/request/request/issues/3142
#9 5.854 npm WARN deprecated glob@7.2.3: Glob versions prior to v9 are no longer supported
#9 5.997 npm WARN deprecated npmlog@4.1.2: This package is no longer supported.
#9 6.390 npm WARN deprecated inflight@1.0.6: This module is not supported, and leaks memory. Do not use it. Check out lru-cache if you want a good and tested way to coalesce async requests by a key value, which is much more comprehensive and powerful.
#9 6.390 npm WARN deprecated node-pre-gyp@0.6.39: Please upgrade to @mapbox/node-pre-gyp: the non-scoped node-pre-gyp package is deprecated and only the @mapbox scoped package will recieve updates in the future
#9 7.139 npm WARN deprecated har-validator@5.1.5: this library is no longer supported
#9 7.267 npm WARN deprecated uuid@3.4.0: Please upgrade  to version 7 or higher.  Older versions may use Math.random() in certain circumstances, which is known to be problematic.  See https://v8.dev/blog/math-random for details.
#9 7.451 npm WARN deprecated osenv@0.1.5: This package is no longer supported.
#9 7.453 npm WARN deprecated tar@2.2.2: This version of tar is no longer supported, and will not receive security updates. Please upgrade asap.
#9 7.485 npm WARN deprecated fstream@1.0.12: This package is no longer supported.
#9 7.504 npm WARN deprecated rimraf@2.7.1: Rimraf versions prior to v4 are no longer supported
#9 7.508 npm WARN deprecated gauge@2.7.4: This package is no longer supported.
#9 7.566 npm WARN deprecated are-we-there-yet@1.1.7: This package is no longer supported.
#9 7.945 npm WARN deprecated request@2.81.0: request has been deprecated, see https://github.com/request/request/issues/3142
#9 7.986 npm WARN deprecated hawk@3.1.3: This module moved to @hapi/hawk. Please make sure to switch over as this distribution is no longer supported and may contain bugs and critical security issues.
#9 9.695 npm WARN deprecated har-validator@4.2.1: this library is no longer supported
#9 9.817 npm WARN deprecated hoek@2.16.3: This version has been deprecated in accordance with the hapi support policy (hapi.im/support). Please upgrade to the latest version to get the best features, bug fixes, and security patches. If you are unable to upgrade at this time, paid support is available for older versions (hapi.im/commercial).
#9 9.822 npm WARN deprecated cryptiles@2.0.5: This version has been deprecated in accordance with the hapi support policy (hapi.im/support). Please upgrade to the latest version to get the best features, bug fixes, and security patches. If you are unable to upgrade at this time, paid support is available for older versions (hapi.im/commercial).
#9 9.824 npm WARN deprecated sntp@1.0.9: This module moved to @hapi/sntp. Please make sure to switch over as this distribution is no longer supported and may contain bugs and critical security issues.
#9 9.843 npm WARN deprecated boom@2.10.1: This version has been deprecated in accordance with the hapi support policy (hapi.im/support). Please upgrade to the latest version to get the best features, bug fixes, and security patches. If you are unable to upgrade at this time, paid support is available for older versions (hapi.im/commercial).
#9 9.941 npm WARN deprecated fstream-ignore@1.0.5: This package is no longer supported.
#9 10.02 npm WARN deprecated uid-number@0.0.6: This package is no longer supported.
#9 11.00 npm WARN deprecated core-js@2.6.12: core-js@<3.23.3 is no longer maintained and not recommended for usage due to the number of issues. Because of the V8 engine whims, feature detection in old core-js versions could cause a slowdown up to 100x even if nothing is polyfilled. Some versions have web compatibility issues. Please, upgrade your dependencies to the actual version of core-js.
#9 20.93 
#9 20.93 > node-sass@4.5.3 install /usr/src/app/node_modules/node-sass
#9 20.93 > node scripts/install.js
#9 20.93 
#9 21.43 Downloading binary from https://github.com/sass/node-sass/releases/download/v4.5.3/linux-x64-83_binding.node
#9 22.02 Cannot download "https://github.com/sass/node-sass/releases/download/v4.5.3/linux-x64-83_binding.node": 
#9 22.02 
#9 22.02 HTTP error 404 Not Found
#9 22.02 
#9 22.02 Hint: If github.com is not accessible in your location
#9 22.02       try setting a proxy via HTTP_PROXY, e.g. 
#9 22.02 
#9 22.02       export HTTP_PROXY=http://example.com:1234
#9 22.02 
#9 22.02 or configure npm proxy via
#9 22.02 
#9 22.02       npm config set proxy http://example.com:8080
#9 22.05 
#9 22.05 > sqlite3@3.1.13 install /usr/src/app/node_modules/sqlite3
#9 22.05 > node-pre-gyp install --fallback-to-build
#9 22.05 
#9 22.60 node-pre-gyp ERR! Tried to download(403): https://mapbox-node-binary.s3.amazonaws.com/sqlite3/v3.1.13/node-v83-linux-x64.tar.gz 
#9 22.60 node-pre-gyp ERR! Pre-built binaries not found for sqlite3@3.1.13 and node@14.21.3 (node-v83 ABI) (falling back to source compile with node-gyp) 
#9 22.61 node-pre-gyp ERR! Tried to download(undefined): https://mapbox-node-binary.s3.amazonaws.com/sqlite3/v3.1.13/node-v83-linux-x64.tar.gz 
#9 22.61 node-pre-gyp ERR! Pre-built binaries not found for sqlite3@3.1.13 and node@14.21.3 (node-v83 ABI) (falling back to source compile with node-gyp) 
#9 24.41 make: Entering directory '/usr/src/app/node_modules/sqlite3/build'
#9 24.41   ACTION deps_sqlite3_gyp_action_before_build_target_unpack_sqlite_dep Release/obj/gen/sqlite-autoconf-3150000/sqlite3.c
#9 24.42 make: Entering directory '/usr/src/app/node_modules/sqlite3/build'
#9 24.42   ACTION deps_sqlite3_gyp_action_before_build_target_unpack_sqlite_dep Release/obj/gen/sqlite-autoconf-3150000/sqlite3.c
#9 24.54   TOUCH Release/obj.target/deps/action_before_build.stamp
#9 24.54   TOUCH Release/obj.target/deps/action_before_build.stamp
#9 24.54   CC(target) Release/obj.target/sqlite3/gen/sqlite-autoconf-3150000/sqlite3.o
#9 24.54   CC(target) Release/obj.target/sqlite3/gen/sqlite-autoconf-3150000/sqlite3.o
#9 24.60 Release/obj/gen/sqlite-autoconf-3150000/sqlite3.c: In function 'strftimeFunc':
#9 24.60 Release/obj/gen/sqlite-autoconf-3150000/sqlite3.c:11909:27: warning: cast between incompatible function types from 'int (*)(void *)' to 'void (*)(void *)' [-Wcast-function-type]
#9 24.60  #define SQLITE_DYNAMIC   ((sqlite3_destructor_type)sqlite3MallocSize)
#9 24.60                            ^
#9 24.60 Release/obj/gen/sqlite-autoconf-3150000/sqlite3.c:19615:52: note: in expansion of macro 'SQLITE_DYNAMIC'
#9 24.60                        z==zBuf ? SQLITE_TRANSIENT : SQLITE_DYNAMIC);
#9 24.60                                                     ^~~~~~~~~~~~~~
#9 24.60 Release/obj/gen/sqlite-autoconf-3150000/sqlite3.c: In function 'strftimeFunc':
#9 24.60 Release/obj/gen/sqlite-autoconf-3150000/sqlite3.c:11909:27: warning: cast between incompatible function types from 'int (*)(void *)' to 'void (*)(void *)' [-Wcast-function-type]
#9 24.60  #define SQLITE_DYNAMIC   ((sqlite3_destructor_type)sqlite3MallocSize)
#9 24.60                            ^
#9 24.60 Release/obj/gen/sqlite-autoconf-3150000/sqlite3.c:19615:52: note: in expansion of macro 'SQLITE_DYNAMIC'
#9 24.60                        z==zBuf ? SQLITE_TRANSIENT : SQLITE_DYNAMIC);
#9 24.60                                                     ^~~~~~~~~~~~~~
#9 24.64 Release/obj/gen/sqlite-autoconf-3150000/sqlite3.c: In function 'sqlite3ErrorWithMsg':
#9 24.64 Release/obj/gen/sqlite-autoconf-3150000/sqlite3.c:11909:27: warning: cast between incompatible function types from 'int (*)(void *)' to 'void (*)(void *)' [-Wcast-function-type]
#9 24.64  #define SQLITE_DYNAMIC   ((sqlite3_destructor_type)sqlite3MallocSize)
#9 24.64                            ^
#9 24.64 Release/obj/gen/sqlite-autoconf-3150000/sqlite3.c:27452:54: note: in expansion of macro 'SQLITE_DYNAMIC'
#9 24.64      sqlite3ValueSetStr(db->pErr, -1, z, SQLITE_UTF8, SQLITE_DYNAMIC);
#9 24.64                                                       ^~~~~~~~~~~~~~
#9 24.64 Release/obj/gen/sqlite-autoconf-3150000/sqlite3.c: In function 'sqlite3ErrorWithMsg':
#9 24.64 Release/obj/gen/sqlite-autoconf-3150000/sqlite3.c:11909:27: warning: cast between incompatible function types from 'int (*)(void *)' to 'void (*)(void *)' [-Wcast-function-type]
#9 24.64  #define SQLITE_DYNAMIC   ((sqlite3_destructor_type)sqlite3MallocSize)
#9 24.64                            ^
#9 24.64 Release/obj/gen/sqlite-autoconf-3150000/sqlite3.c:27452:54: note: in expansion of macro 'SQLITE_DYNAMIC'
#9 24.64      sqlite3ValueSetStr(db->pErr, -1, z, SQLITE_UTF8, SQLITE_DYNAMIC);
#9 24.64                                                       ^~~~~~~~~~~~~~
#9 25.11 Release/obj/gen/sqlite-autoconf-3150000/sqlite3.c: In function 'sqlite3VdbeMemSetStr':
#9 25.12 Release/obj/gen/sqlite-autoconf-3150000/sqlite3.c:11909:27: warning: cast between incompatible function types from 'int (*)(void *)' to 'void (*)(void *)' [-Wcast-function-type]
#9 25.12  #define SQLITE_DYNAMIC   ((sqlite3_destructor_type)sqlite3MallocSize)
#9 25.12                            ^
#9 25.12 Release/obj/gen/sqlite-autoconf-3150000/sqlite3.c:69652:19: note: in expansion of macro 'SQLITE_DYNAMIC'
#9 25.12    }else if( xDel==SQLITE_DYNAMIC ){
#9 25.12                    ^~~~~~~~~~~~~~
#9 25.12 Release/obj/gen/sqlite-autoconf-3150000/sqlite3.c: In function 'sqlite3VdbeMemSetStr':
#9 25.13 Release/obj/gen/sqlite-autoconf-3150000/sqlite3.c: In function 'valueFromExpr':
#9 25.13 Release/obj/gen/sqlite-autoconf-3150000/sqlite3.c:11909:27: warning: cast between incompatible function types from 'int (*)(void *)' to 'void (*)(void *)' [-Wcast-function-type]
#9 25.13  #define SQLITE_DYNAMIC   ((sqlite3_destructor_type)sqlite3MallocSize)
#9 25.13                            ^
#9 25.13 Release/obj/gen/sqlite-autoconf-3150000/sqlite3.c:69652:19: note: in expansion of macro 'SQLITE_DYNAMIC'
#9 25.13    }else if( xDel==SQLITE_DYNAMIC ){
#9 25.13                    ^~~~~~~~~~~~~~
#9 25.13 Release/obj/gen/sqlite-autoconf-3150000/sqlite3.c:11909:27: warning: cast between incompatible function types from 'int (*)(void *)' to 'void (*)(void *)' [-Wcast-function-type]
#9 25.13  #define SQLITE_DYNAMIC   ((sqlite3_destructor_type)sqlite3MallocSize)
#9 25.13                            ^
#9 25.13 Release/obj/gen/sqlite-autoconf-3150000/sqlite3.c:70058:55: note: in expansion of macro 'SQLITE_DYNAMIC'
#9 25.13        sqlite3ValueSetStr(pVal, -1, zVal, SQLITE_UTF8, SQLITE_DYNAMIC);
#9 25.13                                                        ^~~~~~~~~~~~~~
#9 25.14 Release/obj/gen/sqlite-autoconf-3150000/sqlite3.c: In function 'valueFromExpr':
#9 25.14 Release/obj/gen/sqlite-autoconf-3150000/sqlite3.c:11909:27: warning: cast between incompatible function types from 'int (*)(void *)' to 'void (*)(void *)' [-Wcast-function-type]
#9 25.14  #define SQLITE_DYNAMIC   ((sqlite3_destructor_type)sqlite3MallocSize)
#9 25.14                            ^
#9 25.14 Release/obj/gen/sqlite-autoconf-3150000/sqlite3.c:70100:29: note: in expansion of macro 'SQLITE_DYNAMIC'
#9 25.14                           0, SQLITE_DYNAMIC);
#9 25.14                              ^~~~~~~~~~~~~~
#9 25.14 Release/obj/gen/sqlite-autoconf-3150000/sqlite3.c:11909:27: warning: cast between incompatible function types from 'int (*)(void *)' to 'void (*)(void *)' [-Wcast-function-type]
#9 25.14  #define SQLITE_DYNAMIC   ((sqlite3_destructor_type)sqlite3MallocSize)
#9 25.14                            ^
#9 25.14 Release/obj/gen/sqlite-autoconf-3150000/sqlite3.c:70058:55: note: in expansion of macro 'SQLITE_DYNAMIC'
#9 25.14        sqlite3ValueSetStr(pVal, -1, zVal, SQLITE_UTF8, SQLITE_DYNAMIC);
#9 25.14                                                        ^~~~~~~~~~~~~~
#9 25.15 Release/obj/gen/sqlite-autoconf-3150000/sqlite3.c:11909:27: warning: cast between incompatible function types from 'int (*)(void *)' to 'void (*)(void *)' [-Wcast-function-type]
#9 25.15  #define SQLITE_DYNAMIC   ((sqlite3_destructor_type)sqlite3MallocSize)
#9 25.15                            ^
#9 25.15 Release/obj/gen/sqlite-autoconf-3150000/sqlite3.c:70100:29: note: in expansion of macro 'SQLITE_DYNAMIC'
#9 25.15                           0, SQLITE_DYNAMIC);
#9 25.15                              ^~~~~~~~~~~~~~
#9 25.59 Release/obj/gen/sqlite-autoconf-3150000/sqlite3.c: In function 'sqlite3VdbeExec':
#9 25.59 Release/obj/gen/sqlite-autoconf-3150000/sqlite3.c:84132:38: warning: cast between incompatible function types from 'int (*)(u32,  void *, void *, void *)' {aka 'int (*)(unsigned int,  void *, void *, void *)'} to 'void (*)(void *, const char *)' [-Wcast-function-type]
#9 25.59        void (*x)(void*,const char*) = (void(*)(void*,const char*))db->xTrace;
#9 25.59                                       ^
#9 25.60 Release/obj/gen/sqlite-autoconf-3150000/sqlite3.c: In function 'sqlite3VdbeExec':
#9 25.61 Release/obj/gen/sqlite-autoconf-3150000/sqlite3.c:84132:38: warning: cast between incompatible function types from 'int (*)(u32,  void *, void *, void *)' {aka 'int (*)(unsigned int,  void *, void *, void *)'} to 'void (*)(void *, const char *)' [-Wcast-function-type]
#9 25.61        void (*x)(void*,const char*) = (void(*)(void*,const char*))db->xTrace;
#9 25.61                                       ^
#9 26.11 Release/obj/gen/sqlite-autoconf-3150000/sqlite3.c: In function 'renameTableFunc':
#9 26.11 Release/obj/gen/sqlite-autoconf-3150000/sqlite3.c:11909:27: warning: cast between incompatible function types from 'int (*)(void *)' to 'void (*)(void *)' [-Wcast-function-type]
#9 26.11  #define SQLITE_DYNAMIC   ((sqlite3_destructor_type)sqlite3MallocSize)
#9 26.11                            ^
#9 26.11 Release/obj/gen/sqlite-autoconf-3150000/sqlite3.c:94798:44: note: in expansion of macro 'SQLITE_DYNAMIC'
#9 26.11      sqlite3_result_text(context, zRet, -1, SQLITE_DYNAMIC);
#9 26.11                                             ^~~~~~~~~~~~~~
#9 26.12 Release/obj/gen/sqlite-autoconf-3150000/sqlite3.c: In function 'renameTableFunc':
#9 26.12 Release/obj/gen/sqlite-autoconf-3150000/sqlite3.c: In function 'renameParentFunc':
#9 26.12 Release/obj/gen/sqlite-autoconf-3150000/sqlite3.c:11909:27: warning: cast between incompatible function types from 'int (*)(void *)' to 'void (*)(void *)' [-Wcast-function-type]
#9 26.12  #define SQLITE_DYNAMIC   ((sqlite3_destructor_type)sqlite3MallocSize)
#9 26.12                            ^
#9 26.12 Release/obj/gen/sqlite-autoconf-3150000/sqlite3.c:94798:44: note: in expansion of macro 'SQLITE_DYNAMIC'
#9 26.12      sqlite3_result_text(context, zRet, -1, SQLITE_DYNAMIC);
#9 26.12                                             ^~~~~~~~~~~~~~
#9 26.12 Release/obj/gen/sqlite-autoconf-3150000/sqlite3.c:11909:27: warning: cast between incompatible function types from 'int (*)(void *)' to 'void (*)(void *)' [-Wcast-function-type]
#9 26.12  #define SQLITE_DYNAMIC   ((sqlite3_destructor_type)sqlite3MallocSize)
#9 26.12                            ^
#9 26.12 Release/obj/gen/sqlite-autoconf-3150000/sqlite3.c:94862:45: note: in expansion of macro 'SQLITE_DYNAMIC'
#9 26.12    sqlite3_result_text(context, zResult, -1, SQLITE_DYNAMIC);
#9 26.12                                              ^~~~~~~~~~~~~~
#9 26.12 Release/obj/gen/sqlite-autoconf-3150000/sqlite3.c: In function 'renameTriggerFunc':
#9 26.13 Release/obj/gen/sqlite-autoconf-3150000/sqlite3.c:11909:27: warning: cast between incompatible function types from 'int (*)(void *)' to 'void (*)(void *)' [-Wcast-function-type]
#9 26.13  #define SQLITE_DYNAMIC   ((sqlite3_destructor_type)sqlite3MallocSize)
#9 26.13                            ^
#9 26.13 Release/obj/gen/sqlite-autoconf-3150000/sqlite3.c:94939:44: note: in expansion of macro 'SQLITE_DYNAMIC'
#9 26.13      sqlite3_result_text(context, zRet, -1, SQLITE_DYNAMIC);
#9 26.13                                             ^~~~~~~~~~~~~~
#9 26.13 Release/obj/gen/sqlite-autoconf-3150000/sqlite3.c: In function 'renameParentFunc':
#9 26.14 Release/obj/gen/sqlite-autoconf-3150000/sqlite3.c:11909:27: warning: cast between incompatible function types from 'int (*)(void *)' to 'void (*)(void *)' [-Wcast-function-type]
#9 26.14  #define SQLITE_DYNAMIC   ((sqlite3_destructor_type)sqlite3MallocSize)
#9 26.14                            ^
#9 26.14 Release/obj/gen/sqlite-autoconf-3150000/sqlite3.c:94862:45: note: in expansion of macro 'SQLITE_DYNAMIC'
#9 26.14    sqlite3_result_text(context, zResult, -1, SQLITE_DYNAMIC);
#9 26.14                                              ^~~~~~~~~~~~~~
#9 26.14 Release/obj/gen/sqlite-autoconf-3150000/sqlite3.c: In function 'renameTriggerFunc':
#9 26.14 Release/obj/gen/sqlite-autoconf-3150000/sqlite3.c:11909:27: warning: cast between incompatible function types from 'int (*)(void *)' to 'void (*)(void *)' [-Wcast-function-type]
#9 26.14  #define SQLITE_DYNAMIC   ((sqlite3_destructor_type)sqlite3MallocSize)
#9 26.14                            ^
#9 26.14 Release/obj/gen/sqlite-autoconf-3150000/sqlite3.c:94939:44: note: in expansion of macro 'SQLITE_DYNAMIC'
#9 26.14      sqlite3_result_text(context, zRet, -1, SQLITE_DYNAMIC);
#9 26.14                                             ^~~~~~~~~~~~~~
#9 26.65 Release/obj/gen/sqlite-autoconf-3150000/sqlite3.c: In function 'printfFunc':
#9 26.65 Release/obj/gen/sqlite-autoconf-3150000/sqlite3.c:11909:27: warning: cast between incompatible function types from 'int (*)(void *)' to 'void (*)(void *)' [-Wcast-function-type]
#9 26.65  #define SQLITE_DYNAMIC   ((sqlite3_destructor_type)sqlite3MallocSize)
#9 26.65                            ^
#9 26.65 Release/obj/gen/sqlite-autoconf-3150000/sqlite3.c:104325:25: note: in expansion of macro 'SQLITE_DYNAMIC'
#9 26.65                          SQLITE_DYNAMIC);
#9 26.65                          ^~~~~~~~~~~~~~
#9 26.65 Release/obj/gen/sqlite-autoconf-3150000/sqlite3.c: In function 'printfFunc':
#9 26.66 Release/obj/gen/sqlite-autoconf-3150000/sqlite3.c:11909:27: warning: cast between incompatible function types from 'int (*)(void *)' to 'void (*)(void *)' [-Wcast-function-type]
#9 26.66  #define SQLITE_DYNAMIC   ((sqlite3_destructor_type)sqlite3MallocSize)
#9 26.66                            ^
#9 26.66 Release/obj/gen/sqlite-autoconf-3150000/sqlite3.c:104325:25: note: in expansion of macro 'SQLITE_DYNAMIC'
#9 26.66                          SQLITE_DYNAMIC);
#9 26.66                          ^~~~~~~~~~~~~~
#9 27.26 Release/obj/gen/sqlite-autoconf-3150000/sqlite3.c: In function 'generateColumnNames':
#9 27.27 Release/obj/gen/sqlite-autoconf-3150000/sqlite3.c:11909:27: warning: cast between incompatible function types from 'int (*)(void *)' to 'void (*)(void *)' [-Wcast-function-type]
#9 27.27  #define SQLITE_DYNAMIC   ((sqlite3_destructor_type)sqlite3MallocSize)
#9 27.27                            ^
#9 27.27 Release/obj/gen/sqlite-autoconf-3150000/sqlite3.c:115928:54: note: in expansion of macro 'SQLITE_DYNAMIC'
#9 27.27              sqlite3DbStrDup(db, pEList->a[i].zSpan), SQLITE_DYNAMIC);
#9 27.27                                                       ^~~~~~~~~~~~~~
#9 27.27 Release/obj/gen/sqlite-autoconf-3150000/sqlite3.c:11909:27: warning: cast between incompatible function types from 'int (*)(void *)' to 'void (*)(void *)' [-Wcast-function-type]
#9 27.27  #define SQLITE_DYNAMIC   ((sqlite3_destructor_type)sqlite3MallocSize)
#9 27.27                            ^
#9 27.27 Release/obj/gen/sqlite-autoconf-3150000/sqlite3.c:115932:58: note: in expansion of macro 'SQLITE_DYNAMIC'
#9 27.27          sqlite3VdbeSetColName(v, i, COLNAME_NAME, zName, SQLITE_DYNAMIC);
#9 27.27                                                           ^~~~~~~~~~~~~~
#9 27.27 Release/obj/gen/sqlite-autoconf-3150000/sqlite3.c: In function 'generateColumnNames':
#9 27.28 Release/obj/gen/sqlite-autoconf-3150000/sqlite3.c:11909:27: warning: cast between incompatible function types from 'int (*)(void *)' to 'void (*)(void *)' [-Wcast-function-type]
#9 27.28  #define SQLITE_DYNAMIC   ((sqlite3_destructor_type)sqlite3MallocSize)
#9 27.28                            ^
#9 27.28 Release/obj/gen/sqlite-autoconf-3150000/sqlite3.c:115939:52: note: in expansion of macro 'SQLITE_DYNAMIC'
#9 27.28        sqlite3VdbeSetColName(v, i, COLNAME_NAME, z, SQLITE_DYNAMIC);
#9 27.28                                                     ^~~~~~~~~~~~~~
#9 27.28 Release/obj/gen/sqlite-autoconf-3150000/sqlite3.c:11909:27: warning: cast between incompatible function types from 'int (*)(void *)' to 'void (*)(void *)' [-Wcast-function-type]
#9 27.28  #define SQLITE_DYNAMIC   ((sqlite3_destructor_type)sqlite3MallocSize)
#9 27.28                            ^
#9 27.28 Release/obj/gen/sqlite-autoconf-3150000/sqlite3.c:115928:54: note: in expansion of macro 'SQLITE_DYNAMIC'
#9 27.28              sqlite3DbStrDup(db, pEList->a[i].zSpan), SQLITE_DYNAMIC);
#9 27.28                                                       ^~~~~~~~~~~~~~
#9 27.28 Release/obj/gen/sqlite-autoconf-3150000/sqlite3.c:11909:27: warning: cast between incompatible function types from 'int (*)(void *)' to 'void (*)(void *)' [-Wcast-function-type]
#9 27.28  #define SQLITE_DYNAMIC   ((sqlite3_destructor_type)sqlite3MallocSize)
#9 27.28                            ^
#9 27.28 Release/obj/gen/sqlite-autoconf-3150000/sqlite3.c:115932:58: note: in expansion of macro 'SQLITE_DYNAMIC'
#9 27.28          sqlite3VdbeSetColName(v, i, COLNAME_NAME, zName, SQLITE_DYNAMIC);
#9 27.28                                                           ^~~~~~~~~~~~~~
#9 27.29 Release/obj/gen/sqlite-autoconf-3150000/sqlite3.c:11909:27: warning: cast between incompatible function types from 'int (*)(void *)' to 'void (*)(void *)' [-Wcast-function-type]
#9 27.29  #define SQLITE_DYNAMIC   ((sqlite3_destructor_type)sqlite3MallocSize)
#9 27.29                            ^
#9 27.29 Release/obj/gen/sqlite-autoconf-3150000/sqlite3.c:115939:52: note: in expansion of macro 'SQLITE_DYNAMIC'
#9 27.29        sqlite3VdbeSetColName(v, i, COLNAME_NAME, z, SQLITE_DYNAMIC);
#9 27.29                                                     ^~~~~~~~~~~~~~
#9 28.91 Release/obj/gen/sqlite-autoconf-3150000/sqlite3.c: In function 'sqlite3_trace':
#9 28.92 Release/obj/gen/sqlite-autoconf-3150000/sqlite3.c:139629:16: warning: cast between incompatible function types from 'void (*)(void *, const char *)' to 'int (*)(u32,  void *, void *, void *)' {aka 'int (*)(unsigned int,  void *, void *, void *)'} [-Wcast-function-type]
#9 28.92    db->xTrace = (int(*)(u32,void*,void*,void*))xTrace;
#9 28.92                 ^
#9 28.93 Release/obj/gen/sqlite-autoconf-3150000/sqlite3.c: In function 'sqlite3_trace':
#9 28.93 Release/obj/gen/sqlite-autoconf-3150000/sqlite3.c:139629:16: warning: cast between incompatible function types from 'void (*)(void *, const char *)' to 'int (*)(u32,  void *, void *, void *)' {aka 'int (*)(unsigned int,  void *, void *, void *)'} [-Wcast-function-type]
#9 28.93    db->xTrace = (int(*)(u32,void*,void*,void*))xTrace;
#9 28.93                 ^
#9 33.28 Release/obj/gen/sqlite-autoconf-3150000/sqlite3.c: In function 'sqlite3VXPrintf':
#9 33.28 Release/obj/gen/sqlite-autoconf-3150000/sqlite3.c:25065:19: warning: this statement may fall through [-Wimplicit-fallthrough=]
#9 33.28          flag_long = sizeof(char*)==sizeof(long int);
#9 33.28          ~~~~~~~~~~^~~~~~~~~~~~~~~~~~~~~~~~~~~~~~~~~
#9 33.28 Release/obj/gen/sqlite-autoconf-3150000/sqlite3.c:25067:7: note: here
#9 33.28        case etORDINAL:
#9 33.28        ^~~~
#9 33.30 Release/obj/gen/sqlite-autoconf-3150000/sqlite3.c: In function 'sqlite3VXPrintf':
#9 33.30 Release/obj/gen/sqlite-autoconf-3150000/sqlite3.c:25065:19: warning: this statement may fall through [-Wimplicit-fallthrough=]
#9 33.30          flag_long = sizeof(char*)==sizeof(long int);
#9 33.30          ~~~~~~~~~~^~~~~~~~~~~~~~~~~~~~~~~~~~~~~~~~~
#9 33.30 Release/obj/gen/sqlite-autoconf-3150000/sqlite3.c:25067:7: note: here
#9 33.30        case etORDINAL:
#9 33.30        ^~~~
#9 33.35 Release/obj/gen/sqlite-autoconf-3150000/sqlite3.c: In function 'sqlite3GetToken':
#9 33.35 Release/obj/gen/sqlite-autoconf-3150000/sqlite3.c:137154:9: warning: this statement may fall through [-Wimplicit-fallthrough=]
#9 33.35        if( !sqlite3Isdigit(z[1]) )
#9 33.35          ^
#9 33.35 Release/obj/gen/sqlite-autoconf-3150000/sqlite3.c:137163:5: note: here
#9 33.35      case CC_DIGIT: {
#9 33.35      ^~~~
#9 33.36 Release/obj/gen/sqlite-autoconf-3150000/sqlite3.c:137253:9: warning: this statement may fall through [-Wimplicit-fallthrough=]
#9 33.36        if( z[1]=='\'' ){
#9 33.36          ^
#9 33.36 Release/obj/gen/sqlite-autoconf-3150000/sqlite3.c:137267:5: note: here
#9 33.36      case CC_ID: {
#9 33.36      ^~~~
#9 33.36 Release/obj/gen/sqlite-autoconf-3150000/sqlite3.c: In function 'sqlite3GetToken':
#9 33.37 Release/obj/gen/sqlite-autoconf-3150000/sqlite3.c:137154:9: warning: this statement may fall through [-Wimplicit-fallthrough=]
#9 33.37        if( !sqlite3Isdigit(z[1]) )
#9 33.37          ^
#9 33.37 Release/obj/gen/sqlite-autoconf-3150000/sqlite3.c:137163:5: note: here
#9 33.37      case CC_DIGIT: {
#9 33.37      ^~~~
#9 33.37 Release/obj/gen/sqlite-autoconf-3150000/sqlite3.c:137253:9: warning: this statement may fall through [-Wimplicit-fallthrough=]
#9 33.37        if( z[1]=='\'' ){
#9 33.37          ^
#9 33.37 Release/obj/gen/sqlite-autoconf-3150000/sqlite3.c:137267:5: note: here
#9 33.37      case CC_ID: {
#9 33.37      ^~~~
#9 33.38 Release/obj/gen/sqlite-autoconf-3150000/sqlite3.c: In function 'sqlite3ExprCodeTarget':
#9 33.39 Release/obj/gen/sqlite-autoconf-3150000/sqlite3.c:93034:25: warning: this statement may fall through [-Wimplicit-fallthrough=]
#9 33.39      case TK_AGG_COLUMN: {
#9 33.39                          ^
#9 33.39 Release/obj/gen/sqlite-autoconf-3150000/sqlite3.c:93047:5: note: here
#9 33.39      case TK_COLUMN: {
#9 33.39      ^~~~
#9 33.40 Release/obj/gen/sqlite-autoconf-3150000/sqlite3.c: In function 'sqlite3ExprCodeTarget':
#9 33.40 Release/obj/gen/sqlite-autoconf-3150000/sqlite3.c:93034:25: warning: this statement may fall through [-Wimplicit-fallthrough=]
#9 33.40      case TK_AGG_COLUMN: {
#9 33.40                          ^
#9 33.40 Release/obj/gen/sqlite-autoconf-3150000/sqlite3.c:93047:5: note: here
#9 33.40      case TK_COLUMN: {
#9 33.40      ^~~~
#9 33.40 Release/obj/gen/sqlite-autoconf-3150000/sqlite3.c: In function 'resolveP2Values':
#9 33.40 Release/obj/gen/sqlite-autoconf-3150000/sqlite3.c:71026:13: warning: this statement may fall through [-Wimplicit-fallthrough=]
#9 33.40            if( pOp->p2!=0 ) p->readOnly = 0;
#9 33.40              ^
#9 33.41 Release/obj/gen/sqlite-autoconf-3150000/sqlite3.c:71029:9: note: here
#9 33.41          case OP_AutoCommit:
#9 33.41          ^~~~
#9 33.41 Release/obj/gen/sqlite-autoconf-3150000/sqlite3.c: In function 'resolveP2Values':
#9 33.42 Release/obj/gen/sqlite-autoconf-3150000/sqlite3.c:71026:13: warning: this statement may fall through [-Wimplicit-fallthrough=]
#9 33.42            if( pOp->p2!=0 ) p->readOnly = 0;
#9 33.42              ^
#9 33.42 Release/obj/gen/sqlite-autoconf-3150000/sqlite3.c:71029:9: note: here
#9 33.42          case OP_AutoCommit:
#9 33.42          ^~~~
#9 33.47 Release/obj/gen/sqlite-autoconf-3150000/sqlite3.c: In function 'fkActionTrigger':
#9 33.47 Release/obj/gen/sqlite-autoconf-3150000/sqlite3.c:107247:11: warning: this statement may fall through [-Wimplicit-fallthrough=]
#9 33.47          if( !pChanges ){
#9 33.47            ^
#9 33.48 Release/obj/gen/sqlite-autoconf-3150000/sqlite3.c:107251:7: note: here
#9 33.48        default:
#9 33.48        ^~~~~~~
#9 33.48 Release/obj/gen/sqlite-autoconf-3150000/sqlite3.c: In function 'sqlite3GenerateConstraintChecks':
#9 33.48 Release/obj/gen/sqlite-autoconf-3150000/sqlite3.c:108736:17: warning: this statement may fall through [-Wimplicit-fallthrough=]
#9 33.48          onError = OE_Abort;
#9 33.48                  ^
#9 33.48 Release/obj/gen/sqlite-autoconf-3150000/sqlite3.c:108739:7: note: here
#9 33.48        case OE_Rollback:
#9 33.48        ^~~~
#9 33.48 Release/obj/gen/sqlite-autoconf-3150000/sqlite3.c: In function 'fkActionTrigger':
#9 33.49 Release/obj/gen/sqlite-autoconf-3150000/sqlite3.c:107247:11: warning: this statement may fall through [-Wimplicit-fallthrough=]
#9 33.49          if( !pChanges ){
#9 33.49            ^
#9 33.49 Release/obj/gen/sqlite-autoconf-3150000/sqlite3.c:107251:7: note: here
#9 33.49        default:
#9 33.49        ^~~~~~~
#9 33.49 Release/obj/gen/sqlite-autoconf-3150000/sqlite3.c: In function 'sqlite3GenerateConstraintChecks':
#9 33.49 Release/obj/gen/sqlite-autoconf-3150000/sqlite3.c:108736:17: warning: this statement may fall through [-Wimplicit-fallthrough=]
#9 33.49          onError = OE_Abort;
#9 33.49                  ^
#9 33.50 Release/obj/gen/sqlite-autoconf-3150000/sqlite3.c:108739:7: note: here
#9 33.50        case OE_Rollback:
#9 33.50        ^~~~
#9 33.52 Release/obj/gen/sqlite-autoconf-3150000/sqlite3.c: In function 'sqlite3VdbeExec':
#9 33.52 Release/obj/gen/sqlite-autoconf-3150000/sqlite3.c:78202:5: warning: this statement may fall through [-Wimplicit-fallthrough=]
#9 33.52    if( (pIn3->flags & MEM_Null)==0 ) break;
#9 33.52      ^
#9 33.52 Release/obj/gen/sqlite-autoconf-3150000/sqlite3.c:78236:1: note: here
#9 33.52  case OP_Halt: {
#9 33.52  ^~~~
#9 33.52 Release/obj/gen/sqlite-autoconf-3150000/sqlite3.c:78367:5: warning: this statement may fall through [-Wimplicit-fallthrough=]
#9 33.52    if( pOp->p1>db->aLimit[SQLITE_LIMIT_LENGTH] ){
#9 33.52      ^
#9 33.52 Release/obj/gen/sqlite-autoconf-3150000/sqlite3.c:78386:1: note: here
#9 33.52  case OP_String: {          /* out2 */
#9 33.52  ^~~~
#9 33.52 Release/obj/gen/sqlite-autoconf-3150000/sqlite3.c:78941:15: warning: this statement may fall through [-Wimplicit-fallthrough=]
#9 33.52    pOp->opcode = OP_Function;
#9 33.52                ^
#9 33.53 Release/obj/gen/sqlite-autoconf-3150000/sqlite3.c:78944:1: note: here
#9 33.53  case OP_Function: {
#9 33.53  ^~~~
#9 33.53 Release/obj/gen/sqlite-autoconf-3150000/sqlite3.c:82140:38: warning: this statement may fall through [-Wimplicit-fallthrough=]
#9 33.53    p->aCounter[SQLITE_STMTSTATUS_SORT]++;
#9 33.53    ~~~~~~~~~~~~~~~~~~~~~~~~~~~~~~~~~~~^~
#9 33.53 Release/obj/gen/sqlite-autoconf-3150000/sqlite3.c: In function 'sqlite3VdbeExec':
#9 33.53 Release/obj/gen/sqlite-autoconf-3150000/sqlite3.c:82155:1: note: here
#9 33.53  case OP_Rewind: {        /* jump */
#9 33.53  ^~~~
#9 33.53 Release/obj/gen/sqlite-autoconf-3150000/sqlite3.c:83361:15: warning: this statement may fall through [-Wimplicit-fallthrough=]
#9 33.53    pOp->opcode = OP_AggStep;
#9 33.53                ^
#9 33.53 Release/obj/gen/sqlite-autoconf-3150000/sqlite3.c:78202:5: warning: this statement may fall through [-Wimplicit-fallthrough=]
#9 33.53    if( (pIn3->flags & MEM_Null)==0 ) break;
#9 33.53      ^
#9 33.53 Release/obj/gen/sqlite-autoconf-3150000/sqlite3.c:83364:1: note: here
#9 33.53  case OP_AggStep: {
#9 33.53  ^~~~
#9 33.53 Release/obj/gen/sqlite-autoconf-3150000/sqlite3.c:78236:1: note: here
#9 33.53  case OP_Halt: {
#9 33.53  ^~~~
#9 33.53 Release/obj/gen/sqlite-autoconf-3150000/sqlite3.c:78367:5: warning: this statement may fall through [-Wimplicit-fallthrough=]
#9 33.53    if( pOp->p1>db->aLimit[SQLITE_LIMIT_LENGTH] ){
#9 33.53      ^
#9 33.53 Release/obj/gen/sqlite-autoconf-3150000/sqlite3.c:78386:1: note: here
#9 33.53  case OP_String: {          /* out2 */
#9 33.53  ^~~~
#9 33.54 Release/obj/gen/sqlite-autoconf-3150000/sqlite3.c:78941:15: warning: this statement may fall through [-Wimplicit-fallthrough=]
#9 33.54    pOp->opcode = OP_Function;
#9 33.54                ^
#9 33.54 Release/obj/gen/sqlite-autoconf-3150000/sqlite3.c:78944:1: note: here
#9 33.54  case OP_Function: {
#9 33.54  ^~~~
#9 33.54 Release/obj/gen/sqlite-autoconf-3150000/sqlite3.c:82140:38: warning: this statement may fall through [-Wimplicit-fallthrough=]
#9 33.54    p->aCounter[SQLITE_STMTSTATUS_SORT]++;
#9 33.54    ~~~~~~~~~~~~~~~~~~~~~~~~~~~~~~~~~~~^~
#9 33.54 Release/obj/gen/sqlite-autoconf-3150000/sqlite3.c:82155:1: note: here
#9 33.54  case OP_Rewind: {        /* jump */
#9 33.54  ^~~~
#9 33.54 Release/obj/gen/sqlite-autoconf-3150000/sqlite3.c:83361:15: warning: this statement may fall through [-Wimplicit-fallthrough=]
#9 33.54    pOp->opcode = OP_AggStep;
#9 33.54                ^
#9 33.54 Release/obj/gen/sqlite-autoconf-3150000/sqlite3.c:83364:1: note: here
#9 33.54  case OP_AggStep: {
#9 33.54  ^~~~
#9 33.68 Release/obj/gen/sqlite-autoconf-3150000/sqlite3.c: In function 'fts3SnippetFunc':
#9 33.68 Release/obj/gen/sqlite-autoconf-3150000/sqlite3.c:146657:22: warning: this statement may fall through [-Wimplicit-fallthrough=]
#9 33.68      case 6: nToken = sqlite3_value_int(apVal[5]);
#9 33.68                       ^~~~~~~~~~~~~~~~~~~~~~~~~~~
#9 33.68 Release/obj/gen/sqlite-autoconf-3150000/sqlite3.c:146658:5: note: here
#9 33.68      case 5: iCol = sqlite3_value_int(apVal[4]);
#9 33.68      ^~~~
#9 33.69 Release/obj/gen/sqlite-autoconf-3150000/sqlite3.c: In function 'fts3SnippetFunc':
#9 33.69 Release/obj/gen/sqlite-autoconf-3150000/sqlite3.c:146658:20: warning: this statement may fall through [-Wimplicit-fallthrough=]
#9 33.69      case 5: iCol = sqlite3_value_int(apVal[4]);
#9 33.69                     ^~~~~~~~~~~~~~~~~~~~~~~~~~~
#9 33.69 Release/obj/gen/sqlite-autoconf-3150000/sqlite3.c:146657:22: warning: this statement may fall through [-Wimplicit-fallthrough=]
#9 33.69      case 6: nToken = sqlite3_value_int(apVal[5]);
#9 33.69                       ^~~~~~~~~~~~~~~~~~~~~~~~~~~
#9 33.69 Release/obj/gen/sqlite-autoconf-3150000/sqlite3.c:146659:5: note: here
#9 33.69      case 4: zEllipsis = (const char*)sqlite3_value_text(apVal[3]);
#9 33.69      ^~~~
#9 33.69 Release/obj/gen/sqlite-autoconf-3150000/sqlite3.c:146658:5: note: here
#9 33.69      case 5: iCol = sqlite3_value_int(apVal[4]);
#9 33.69      ^~~~
#9 33.70 Release/obj/gen/sqlite-autoconf-3150000/sqlite3.c:146659:38: warning: this statement may fall through [-Wimplicit-fallthrough=]
#9 33.70      case 4: zEllipsis = (const char*)sqlite3_value_text(apVal[3]);
#9 33.70                                       ^~~~~~~~~~~~~~~~~~~~~~~~~~~~
#9 33.70 Release/obj/gen/sqlite-autoconf-3150000/sqlite3.c:146658:20: warning: this statement may fall through [-Wimplicit-fallthrough=]
#9 33.70      case 5: iCol = sqlite3_value_int(apVal[4]);
#9 33.70                     ^~~~~~~~~~~~~~~~~~~~~~~~~~~
#9 33.70 Release/obj/gen/sqlite-autoconf-3150000/sqlite3.c:146660:5: note: here
#9 33.70      case 3: zEnd = (const char*)sqlite3_value_text(apVal[2]);
#9 33.70      ^~~~
#9 33.70 Release/obj/gen/sqlite-autoconf-3150000/sqlite3.c:146659:5: note: here
#9 33.70      case 4: zEllipsis = (const char*)sqlite3_value_text(apVal[3]);
#9 33.70      ^~~~
#9 33.71 Release/obj/gen/sqlite-autoconf-3150000/sqlite3.c:146660:33: warning: this statement may fall through [-Wimplicit-fallthrough=]
#9 33.71      case 3: zEnd = (const char*)sqlite3_value_text(apVal[2]);
#9 33.71                                  ^~~~~~~~~~~~~~~~~~~~~~~~~~~~
#9 33.71 Release/obj/gen/sqlite-autoconf-3150000/sqlite3.c:146659:38: warning: this statement may fall through [-Wimplicit-fallthrough=]
#9 33.71      case 4: zEllipsis = (const char*)sqlite3_value_text(apVal[3]);
#9 33.71                                       ^~~~~~~~~~~~~~~~~~~~~~~~~~~~
#9 33.71 Release/obj/gen/sqlite-autoconf-3150000/sqlite3.c:146661:5: note: here
#9 33.71      case 2: zStart = (const char*)sqlite3_value_text(apVal[1]);
#9 33.71      ^~~~
#9 33.71 Release/obj/gen/sqlite-autoconf-3150000/sqlite3.c:146660:5: note: here
#9 33.71      case 3: zEnd = (const char*)sqlite3_value_text(apVal[2]);
#9 33.71      ^~~~
#9 33.71 Release/obj/gen/sqlite-autoconf-3150000/sqlite3.c:146660:33: warning: this statement may fall through [-Wimplicit-fallthrough=]
#9 33.71      case 3: zEnd = (const char*)sqlite3_value_text(apVal[2]);
#9 33.71                                  ^~~~~~~~~~~~~~~~~~~~~~~~~~~~
#9 33.72 Release/obj/gen/sqlite-autoconf-3150000/sqlite3.c:146661:5: note: here
#9 33.72      case 2: zStart = (const char*)sqlite3_value_text(apVal[1]);
#9 33.72      ^~~~
#9 33.75 Release/obj/gen/sqlite-autoconf-3150000/sqlite3.c: In function 'rtreeNonleafConstraint':
#9 33.75 Release/obj/gen/sqlite-autoconf-3150000/sqlite3.c:162310:9: warning: this statement may fall through [-Wimplicit-fallthrough=]
#9 33.75        if( p->op!=RTREE_EQ ) break;  /* RTREE_LE and RTREE_LT end here */
#9 33.75          ^
#9 33.76 Release/obj/gen/sqlite-autoconf-3150000/sqlite3.c:162313:5: note: here
#9 33.76      default: /* RTREE_GT or RTREE_GE,  or fallthrough of RTREE_EQ */
#9 33.76      ^~~~~~~
#9 33.76 Release/obj/gen/sqlite-autoconf-3150000/sqlite3.c: In function 'rtreeNonleafConstraint':
#9 33.76 Release/obj/gen/sqlite-autoconf-3150000/sqlite3.c:162310:9: warning: this statement may fall through [-Wimplicit-fallthrough=]
#9 33.76        if( p->op!=RTREE_EQ ) break;  /* RTREE_LE and RTREE_LT end here */
#9 33.76          ^
#9 33.76 Release/obj/gen/sqlite-autoconf-3150000/sqlite3.c: In function 'jsonRenderNode':
#9 33.76 Release/obj/gen/sqlite-autoconf-3150000/sqlite3.c:162313:5: note: here
#9 33.76      default: /* RTREE_GT or RTREE_GE,  or fallthrough of RTREE_EQ */
#9 33.76      ^~~~~~~
#9 33.77 Release/obj/gen/sqlite-autoconf-3150000/sqlite3.c:176768:9: warning: this statement may fall through [-Wimplicit-fallthrough=]
#9 33.77        if( pNode->jnFlags & JNODE_RAW ){
#9 33.77          ^
#9 33.77 Release/obj/gen/sqlite-autoconf-3150000/sqlite3.c:176774:5: note: here
#9 33.77      case JSON_REAL:
#9 33.77      ^~~~
#9 33.77 Release/obj/gen/sqlite-autoconf-3150000/sqlite3.c: In function 'jsonRenderNode':
#9 33.77 Release/obj/gen/sqlite-autoconf-3150000/sqlite3.c: In function 'jsonReturn':
#9 33.77 Release/obj/gen/sqlite-autoconf-3150000/sqlite3.c:176768:9: warning: this statement may fall through [-Wimplicit-fallthrough=]
#9 33.77        if( pNode->jnFlags & JNODE_RAW ){
#9 33.77          ^
#9 33.77 Release/obj/gen/sqlite-autoconf-3150000/sqlite3.c:176891:7: warning: this statement may fall through [-Wimplicit-fallthrough=]
#9 33.77        int_as_real: /* fall through to real */;
#9 33.77        ^~~~~~~~~~~
#9 33.78 Release/obj/gen/sqlite-autoconf-3150000/sqlite3.c:176774:5: note: here
#9 33.78      case JSON_REAL:
#9 33.78      ^~~~
#9 33.78 Release/obj/gen/sqlite-autoconf-3150000/sqlite3.c:176893:5: note: here
#9 33.78      case JSON_REAL: {
#9 33.78      ^~~~
#9 33.78 Release/obj/gen/sqlite-autoconf-3150000/sqlite3.c: In function 'jsonReturn':
#9 33.78 Release/obj/gen/sqlite-autoconf-3150000/sqlite3.c: In function 'jsonEachColumn':
#9 33.78 Release/obj/gen/sqlite-autoconf-3150000/sqlite3.c:176891:7: warning: this statement may fall through [-Wimplicit-fallthrough=]
#9 33.78        int_as_real: /* fall through to real */;
#9 33.78        ^~~~~~~~~~~
#9 33.78 Release/obj/gen/sqlite-autoconf-3150000/sqlite3.c:178258:9: warning: this statement may fall through [-Wimplicit-fallthrough=]
#9 33.78        if( p->bRecursive ){
#9 33.78          ^
#9 33.79 Release/obj/gen/sqlite-autoconf-3150000/sqlite3.c:176893:5: note: here
#9 33.79      case JSON_REAL: {
#9 33.79      ^~~~
#9 33.79 Release/obj/gen/sqlite-autoconf-3150000/sqlite3.c: In function 'jsonEachColumn':
#9 33.79 Release/obj/gen/sqlite-autoconf-3150000/sqlite3.c:178268:5: note: here
#9 33.79      case JEACH_ROOT: {
#9 33.79      ^~~~
#9 33.79 Release/obj/gen/sqlite-autoconf-3150000/sqlite3.c:178258:9: warning: this statement may fall through [-Wimplicit-fallthrough=]
#9 33.79        if( p->bRecursive ){
#9 33.79          ^
#9 33.79 Release/obj/gen/sqlite-autoconf-3150000/sqlite3.c:178268:5: note: here
#9 33.79      case JEACH_ROOT: {
#9 33.79      ^~~~
#9 50.83 Release/obj/gen/sqlite-autoconf-3150000/sqlite3.c: In function 'checkPtrmap':
#9 50.84 Release/obj/gen/sqlite-autoconf-3150000/sqlite3.c:67133:5: warning: 'iPtrmapParent' may be used uninitialized in this function [-Wmaybe-uninitialized]
#9 50.84      checkAppendMsg(pCheck,
#9 50.84      ^~~~~~~~~~~~~~~~~~~~~~
#9 50.84        "Bad ptr map entry key=%d expected=(%d,%d) got=(%d,%d)",
#9 50.84        ~~~~~~~~~~~~~~~~~~~~~~~~~~~~~~~~~~~~~~~~~~~~~~~~~~~~~~~~
#9 50.84        iChild, eType, iParent, ePtrmapType, iPtrmapParent);
#9 50.84        ~~~~~~~~~~~~~~~~~~~~~~~~~~~~~~~~~~~~~~~~~~~~~~~~~~~
#9 50.84 Release/obj/gen/sqlite-autoconf-3150000/sqlite3.c:67133:5: warning: 'ePtrmapType' may be used uninitialized in this function [-Wmaybe-uninitialized]
#9 51.03 Release/obj/gen/sqlite-autoconf-3150000/sqlite3.c: In function 'checkPtrmap':
#9 51.03 Release/obj/gen/sqlite-autoconf-3150000/sqlite3.c:67133:5: warning: 'iPtrmapParent' may be used uninitialized in this function [-Wmaybe-uninitialized]
#9 51.03      checkAppendMsg(pCheck,
#9 51.03      ^~~~~~~~~~~~~~~~~~~~~~
#9 51.03        "Bad ptr map entry key=%d expected=(%d,%d) got=(%d,%d)",
#9 51.03        ~~~~~~~~~~~~~~~~~~~~~~~~~~~~~~~~~~~~~~~~~~~~~~~~~~~~~~~~
#9 51.03        iChild, eType, iParent, ePtrmapType, iPtrmapParent);
#9 51.03        ~~~~~~~~~~~~~~~~~~~~~~~~~~~~~~~~~~~~~~~~~~~~~~~~~~~
#9 51.03 Release/obj/gen/sqlite-autoconf-3150000/sqlite3.c:67133:5: warning: 'ePtrmapType' may be used uninitialized in this function [-Wmaybe-uninitialized]
#9 65.40 Release/obj/gen/sqlite-autoconf-3150000/sqlite3.c: In function 'sqlite3Fts5IndexQuery':
#9 65.41 Release/obj/gen/sqlite-autoconf-3150000/sqlite3.c:191826:5: warning: 'memcpy' pointer overflow between offset 0 and size [-1, 9223372036854775807] [-Warray-bounds]
#9 65.41      memcpy(&buf.p[1], pToken, nToken);
#9 65.41      ^~~~~~~~~~~~~~~~~~~~~~~~~~~~~~~~~
#9 65.41 Release/obj/gen/sqlite-autoconf-3150000/sqlite3.c:191826:5: warning: 'memcpy' specified size 18446744073709551615 exceeds maximum object size 9223372036854775807 [-Wstringop-overflow=]
#9 65.79 Release/obj/gen/sqlite-autoconf-3150000/sqlite3.c: In function 'sqlite3Fts5IndexQuery':
#9 65.80 Release/obj/gen/sqlite-autoconf-3150000/sqlite3.c:191826:5: warning: 'memcpy' pointer overflow between offset 0 and size [-1, 9223372036854775807] [-Warray-bounds]
#9 65.80      memcpy(&buf.p[1], pToken, nToken);
#9 65.80      ^~~~~~~~~~~~~~~~~~~~~~~~~~~~~~~~~
#9 65.80 Release/obj/gen/sqlite-autoconf-3150000/sqlite3.c:191826:5: warning: 'memcpy' specified size 18446744073709551615 exceeds maximum object size 9223372036854775807 [-Wstringop-overflow=]
#9 70.40   AR(target) Release/obj.target/deps/sqlite3.a
#9 70.41   COPY Release/sqlite3.a
#9 70.42   CXX(target) Release/obj.target/node_sqlite3/src/database.o
#9 70.75   AR(target) Release/obj.target/deps/sqlite3.a
#9 70.76   COPY Release/sqlite3.a
#9 70.77   CXX(target) Release/obj.target/node_sqlite3/src/database.o
#9 70.94 In file included from ../node_modules/nan/nan.h:192,
#9 70.94                  from ../src/database.h:10,
#9 70.94                  from ../src/database.cc:4:
#9 70.94 ../node_modules/nan/nan_maybe_43_inl.h: In function 'Nan::Maybe<bool> Nan::ForceSet(v8::Local<v8::Object>, v8::Local<v8::Value>, v8::Local<v8::Value>, v8::PropertyAttribute)':
#9 70.94 ../node_modules/nan/nan_maybe_43_inl.h:112:15: error: 'class v8::Object' has no member named 'ForceSet'
#9 70.94    return obj->ForceSet(isolate->GetCurrentContext(), key, value, attribs);
#9 70.94                ^~~~~~~~
#9 70.95 In file included from ../node_modules/nan/nan_converters.h:67,
#9 70.95                  from ../node_modules/nan/nan.h:197,
#9 70.95                  from ../src/database.h:10,
#9 70.95                  from ../src/database.cc:4:
#9 70.95 ../node_modules/nan/nan_converters_43_inl.h: In static member function 'static Nan::imp::ToFactoryBase<v8::Boolean>::return_t Nan::imp::ToFactory<v8::Boolean>::convert(v8::Local<v8::Value>)':
#9 70.95 ../node_modules/nan/nan_converters_43_inl.h:18:69: error: no matching function for call to 'v8::Value::ToBoolean(v8::Local<v8::Context>)'
#9 70.95        val->To ## TYPE(v8::Isolate::GetCurrent()->GetCurrentContext())          \
#9 70.95                                                                      ^
#9 70.95 ../node_modules/nan/nan_converters_43_inl.h:22:1: note: in expansion of macro 'X'
#9 70.95  X(Boolean)
#9 70.95  ^
#9 70.95 In file included from /root/.cache/node-gyp/14.21.3/include/node/node.h:67,
#9 70.95                  from ../node_modules/nan/nan.h:49,
#9 70.95                  from ../src/database.h:10,
#9 70.95                  from ../src/database.cc:4:
#9 70.95 /root/.cache/node-gyp/14.21.3/include/node/v8.h:2848:18: note: candidate: 'v8::Local<v8::Boolean> v8::Value::ToBoolean(v8::Isolate*) const'
#9 70.95    Local<Boolean> ToBoolean(Isolate* isolate) const;
#9 70.95                   ^~~~~~~~~
#9 70.95 /root/.cache/node-gyp/14.21.3/include/node/v8.h:2848:18: note:   no known conversion for argument 1 from 'v8::Local<v8::Context>' to 'v8::Isolate*'
#9 70.95 In file included from ../node_modules/nan/nan_converters.h:67,
#9 70.95                  from ../node_modules/nan/nan.h:197,
#9 70.95                  from ../src/database.h:10,
#9 70.95                  from ../src/database.cc:4:
#9 70.95 ../node_modules/nan/nan_converters_43_inl.h: In static member function 'static Nan::imp::ValueFactoryBase<bool>::return_t Nan::imp::ToFactory<bool>::convert(v8::Local<v8::Value>)':
#9 70.95 ../node_modules/nan/nan_converters_43_inl.h:37:57: error: no matching function for call to 'v8::Value::BooleanValue(v8::Local<v8::Context>)'
#9 70.95    return val->NAME ## Value(isolate->GetCurrentContext());                     \
#9 70.95                                                          ^
#9 70.95 ../node_modules/nan/nan_converters_43_inl.h:40:1: note: in expansion of macro 'X'
#9 70.95  X(bool, Boolean)
#9 70.95  ^
#9 70.95 In file included from /root/.cache/node-gyp/14.21.3/include/node/node.h:67,
#9 70.95                  from ../node_modules/nan/nan.h:49,
#9 70.95                  from ../src/database.h:10,
#9 70.95                  from ../src/database.cc:4:
#9 70.95 /root/.cache/node-gyp/14.21.3/include/node/v8.h:2858:8: note: candidate: 'bool v8::Value::BooleanValue(v8::Isolate*) const'
#9 70.95    bool BooleanValue(Isolate* isolate) const;
#9 70.95         ^~~~~~~~~~~~
#9 70.95 /root/.cache/node-gyp/14.21.3/include/node/v8.h:2858:8: note:   no known conversion for argument 1 from 'v8::Local<v8::Context>' to 'v8::Isolate*'
#9 70.96 In file included from ../node_modules/nan/nan_new.h:189,
#9 70.96                  from ../node_modules/nan/nan.h:198,
#9 70.96                  from ../src/database.h:10,
#9 70.96                  from ../src/database.cc:4:
#9 70.96 ../node_modules/nan/nan_implementation_12_inl.h: In static member function 'static Nan::imp::FactoryBase<v8::Function>::return_t Nan::imp::Factory<v8::Function>::New(Nan::FunctionCallback, v8::Local<v8::Value>)':
#9 70.96 ../node_modules/nan/nan_implementation_12_inl.h:105:32: error: no matching function for call to 'v8::Function::New(v8::Isolate*&, void (&)(const v8::FunctionCallbackInfo<v8::Value>&), v8::Local<v8::Object>&)'
#9 70.96                            , obj));
#9 70.96                                 ^
#9 70.96 In file included from /root/.cache/node-gyp/14.21.3/include/node/node.h:67,
#9 70.96                  from ../node_modules/nan/nan.h:49,
#9 70.96                  from ../src/database.h:10,
#9 70.96                  from ../src/database.cc:4:
#9 70.96 /root/.cache/node-gyp/14.21.3/include/node/v8.h:4445:31: note: candidate: 'static v8::MaybeLocal<v8::Function> v8::Function::New(v8::Local<v8::Context>, v8::FunctionCallback, v8::Local<v8::Value>, int, v8::ConstructorBehavior, v8::SideEffectType)'
#9 70.96    static MaybeLocal<Function> New(
#9 70.96                                ^~~
#9 70.96 /root/.cache/node-gyp/14.21.3/include/node/v8.h:4445:31: note:   no known conversion for argument 1 from 'v8::Isolate*' to 'v8::Local<v8::Context>'
#9 70.96 In file included from ../node_modules/nan/nan_new.h:189,
#9 70.96                  from ../node_modules/nan/nan.h:198,
#9 70.96                  from ../src/database.h:10,
#9 70.96                  from ../src/database.cc:4:
#9 70.96 ../node_modules/nan/nan_implementation_12_inl.h: In static member function 'static Nan::imp::FactoryBase<v8::StringObject>::return_t Nan::imp::Factory<v8::StringObject>::New(v8::Local<v8::String>)':
#9 70.96 ../node_modules/nan/nan_implementation_12_inl.h:337:37: error: no matching function for call to 'v8::StringObject::New(v8::Local<v8::String>&)'
#9 70.96    return v8::StringObject::New(value).As<v8::StringObject>();
#9 70.96                                      ^
#9 70.96 In file included from /root/.cache/node-gyp/14.21.3/include/node/node.h:67,
#9 70.96                  from ../node_modules/nan/nan.h:49,
#9 70.96                  from ../src/database.h:10,
#9 70.96                  from ../src/database.cc:4:
#9 70.96 /root/.cache/node-gyp/14.21.3/include/node/v8.h:5854:23: note: candidate: 'static v8::Local<v8::Value> v8::StringObject::New(v8::Isolate*, v8::Local<v8::String>)'
#9 70.96    static Local<Value> New(Isolate* isolate, Local<String> value);
#9 70.96                        ^~~
#9 70.96 /root/.cache/node-gyp/14.21.3/include/node/v8.h:5854:23: note:   candidate expects 2 arguments, 1 provided
#9 70.96 In file included from ../node_modules/nan/nan_new.h:189,
#9 70.96                  from ../node_modules/nan/nan.h:198,
#9 70.96                  from ../src/database.h:10,
#9 70.96                  from ../src/database.cc:4:
#9 70.96 ../node_modules/nan/nan_implementation_12_inl.h:337:58: error: expected primary-expression before '>' token
#9 70.96    return v8::StringObject::New(value).As<v8::StringObject>();
#9 70.96                                                           ^
#9 70.96 ../node_modules/nan/nan_implementation_12_inl.h:337:60: error: expected primary-expression before ')' token
#9 70.96    return v8::StringObject::New(value).As<v8::StringObject>();
#9 70.96                                                             ^
#9 70.97 In file included from ../src/database.h:10,
#9 70.97                  from ../src/database.cc:4:
#9 70.97 ../node_modules/nan/nan.h: In function 'v8::Local<v8::Value> Nan::MakeCallback(v8::Local<v8::Object>, v8::Local<v8::Function>, int, v8::Local<v8::Value>*)':
#9 70.97 ../node_modules/nan/nan.h:835:60: warning: 'v8::Local<v8::Value> node::MakeCallback(v8::Isolate*, v8::Local<v8::Object>, v8::Local<v8::Function>, int, v8::Local<v8::Value>*)' is deprecated: Use MakeCallback(..., async_context) [-Wdeprecated-declarations]
#9 70.97          v8::Isolate::GetCurrent(), target, func, argc, argv);
#9 70.97                                                             ^
#9 70.97 In file included from ../node_modules/nan/nan.h:49,
#9 70.97                  from ../src/database.h:10,
#9 70.97                  from ../src/database.cc:4:
#9 70.97 /root/.cache/node-gyp/14.21.3/include/node/node.h:191:50: note: declared here
#9 70.97                  NODE_EXTERN v8::Local<v8::Value> MakeCallback(
#9 70.97                                                   ^~~~~~~~~~~~
#9 70.97 /root/.cache/node-gyp/14.21.3/include/node/node.h:108:42: note: in definition of macro 'NODE_DEPRECATED'
#9 70.97      __attribute__((deprecated(message))) declarator
#9 70.97                                           ^~~~~~~~~~
#9 70.97 In file included from ../src/database.h:10,
#9 70.97                  from ../src/database.cc:4:
#9 70.97 ../node_modules/nan/nan.h:835:60: warning: 'v8::Local<v8::Value> node::MakeCallback(v8::Isolate*, v8::Local<v8::Object>, v8::Local<v8::Function>, int, v8::Local<v8::Value>*)' is deprecated: Use MakeCallback(..., async_context) [-Wdeprecated-declarations]
#9 70.97          v8::Isolate::GetCurrent(), target, func, argc, argv);
#9 70.97                                                             ^
#9 70.97 In file included from ../node_modules/nan/nan.h:49,
#9 70.97                  from ../src/database.h:10,
#9 70.97                  from ../src/database.cc:4:
#9 70.97 /root/.cache/node-gyp/14.21.3/include/node/node.h:191:50: note: declared here
#9 70.97                  NODE_EXTERN v8::Local<v8::Value> MakeCallback(
#9 70.97                                                   ^~~~~~~~~~~~
#9 70.97 /root/.cache/node-gyp/14.21.3/include/node/node.h:108:42: note: in definition of macro 'NODE_DEPRECATED'
#9 70.97      __attribute__((deprecated(message))) declarator
#9 70.97                                           ^~~~~~~~~~
#9 70.97 In file included from ../src/database.h:10,
#9 70.97                  from ../src/database.cc:4:
#9 70.97 ../node_modules/nan/nan.h: In function 'v8::Local<v8::Value> Nan::MakeCallback(v8::Local<v8::Object>, v8::Local<v8::String>, int, v8::Local<v8::Value>*)':
#9 70.97 ../node_modules/nan/nan.h:850:62: warning: 'v8::Local<v8::Value> node::MakeCallback(v8::Isolate*, v8::Local<v8::Object>, v8::Local<v8::String>, int, v8::Local<v8::Value>*)' is deprecated: Use MakeCallback(..., async_context) [-Wdeprecated-declarations]
#9 70.97          v8::Isolate::GetCurrent(), target, symbol, argc, argv);
#9 70.97                                                               ^
#9 70.97 In file included from ../node_modules/nan/nan.h:49,
#9 70.97                  from ../src/database.h:10,
#9 70.97                  from ../src/database.cc:4:
#9 70.97 /root/.cache/node-gyp/14.21.3/include/node/node.h:184:50: note: declared here
#9 70.97                  NODE_EXTERN v8::Local<v8::Value> MakeCallback(
#9 70.97                                                   ^~~~~~~~~~~~
#9 70.97 /root/.cache/node-gyp/14.21.3/include/node/node.h:108:42: note: in definition of macro 'NODE_DEPRECATED'
#9 70.97      __attribute__((deprecated(message))) declarator
#9 70.97                                           ^~~~~~~~~~
#9 70.97 In file included from ../src/database.h:10,
#9 70.97                  from ../src/database.cc:4:
#9 70.97 ../node_modules/nan/nan.h:850:62: warning: 'v8::Local<v8::Value> node::MakeCallback(v8::Isolate*, v8::Local<v8::Object>, v8::Local<v8::String>, int, v8::Local<v8::Value>*)' is deprecated: Use MakeCallback(..., async_context) [-Wdeprecated-declarations]
#9 70.97          v8::Isolate::GetCurrent(), target, symbol, argc, argv);
#9 70.97                                                               ^
#9 70.97 In file included from ../node_modules/nan/nan.h:49,
#9 70.97                  from ../src/database.h:10,
#9 70.97                  from ../src/database.cc:4:
#9 70.97 /root/.cache/node-gyp/14.21.3/include/node/node.h:184:50: note: declared here
#9 70.97                  NODE_EXTERN v8::Local<v8::Value> MakeCallback(
#9 70.97                                                   ^~~~~~~~~~~~
#9 70.97 /root/.cache/node-gyp/14.21.3/include/node/node.h:108:42: note: in definition of macro 'NODE_DEPRECATED'
#9 70.97      __attribute__((deprecated(message))) declarator
#9 70.97                                           ^~~~~~~~~~
#9 70.97 In file included from ../src/database.h:10,
#9 70.97                  from ../src/database.cc:4:
#9 70.97 ../node_modules/nan/nan.h: In function 'v8::Local<v8::Value> Nan::MakeCallback(v8::Local<v8::Object>, const char*, int, v8::Local<v8::Value>*)':
#9 70.97 ../node_modules/nan/nan.h:865:62: warning: 'v8::Local<v8::Value> node::MakeCallback(v8::Isolate*, v8::Local<v8::Object>, const char*, int, v8::Local<v8::Value>*)' is deprecated: Use MakeCallback(..., async_context) [-Wdeprecated-declarations]
#9 70.97          v8::Isolate::GetCurrent(), target, method, argc, argv);
#9 70.97                                                               ^
#9 70.97 In file included from ../node_modules/nan/nan.h:49,
#9 70.97                  from ../src/database.h:10,
#9 70.97                  from ../src/database.cc:4:
#9 70.97 /root/.cache/node-gyp/14.21.3/include/node/node.h:177:50: note: declared here
#9 70.97                  NODE_EXTERN v8::Local<v8::Value> MakeCallback(
#9 70.97                                                   ^~~~~~~~~~~~
#9 70.97 /root/.cache/node-gyp/14.21.3/include/node/node.h:108:42: note: in definition of macro 'NODE_DEPRECATED'
#9 70.97      __attribute__((deprecated(message))) declarator
#9 70.97                                           ^~~~~~~~~~
#9 70.97 In file included from ../src/database.h:10,
#9 70.97                  from ../src/database.cc:4:
#9 70.97 ../node_modules/nan/nan.h:865:62: warning: 'v8::Local<v8::Value> node::MakeCallback(v8::Isolate*, v8::Local<v8::Object>, const char*, int, v8::Local<v8::Value>*)' is deprecated: Use MakeCallback(..., async_context) [-Wdeprecated-declarations]
#9 70.97          v8::Isolate::GetCurrent(), target, method, argc, argv);
#9 70.97                                                               ^
#9 70.97 In file included from ../node_modules/nan/nan.h:49,
#9 70.97                  from ../src/database.h:10,
#9 70.97                  from ../src/database.cc:4:
#9 70.97 /root/.cache/node-gyp/14.21.3/include/node/node.h:177:50: note: declared here
#9 70.97                  NODE_EXTERN v8::Local<v8::Value> MakeCallback(
#9 70.97                                                   ^~~~~~~~~~~~
#9 70.97 /root/.cache/node-gyp/14.21.3/include/node/node.h:108:42: note: in definition of macro 'NODE_DEPRECATED'
#9 70.97      __attribute__((deprecated(message))) declarator
#9 70.97                                           ^~~~~~~~~~
#9 70.97 In file included from ../src/database.h:10,
#9 70.97                  from ../src/database.cc:4:
#9 70.97 ../node_modules/nan/nan.h: In constructor 'Nan::Utf8String::Utf8String(v8::Local<v8::Value>)':
#9 70.97 ../node_modules/nan/nan.h:911:53: error: no matching function for call to 'v8::Value::ToString()'
#9 70.97        v8::Local<v8::String> string = from->ToString();
#9 70.97                                                      ^
#9 70.97 In file included from /root/.cache/node-gyp/14.21.3/include/node/node.h:67,
#9 70.97                  from ../node_modules/nan/nan.h:49,
#9 70.97                  from ../src/database.h:10,
#9 70.97                  from ../src/database.cc:4:
#9 70.97 /root/.cache/node-gyp/14.21.3/include/node/v8.h:2810:44: note: candidate: 'v8::MaybeLocal<v8::String> v8::Value::ToString(v8::Local<v8::Context>) const'
#9 70.97    V8_WARN_UNUSED_RESULT MaybeLocal<String> ToString(
#9 70.97                                             ^~~~~~~~
#9 70.97 /root/.cache/node-gyp/14.21.3/include/node/v8.h:2810:44: note:   candidate expects 1 argument, 0 provided
#9 70.97 In file included from ../src/database.h:10,
#9 70.97                  from ../src/database.cc:4:
#9 70.97 ../node_modules/nan/nan.h:921:74: error: no matching function for call to 'v8::String::WriteUtf8(char*&, int, int, const int&)'
#9 70.97          length_ = string->WriteUtf8(str_, static_cast<int>(len), 0, flags);
#9 70.97                                                                           ^
#9 70.97 In file included from /root/.cache/node-gyp/14.21.3/include/node/node.h:67,
#9 70.97                  from ../node_modules/nan/nan.h:49,
#9 70.97                  from ../src/database.h:10,
#9 70.97                  from ../src/database.cc:4:
#9 70.97 /root/.cache/node-gyp/14.21.3/include/node/v8.h:3037:7: note: candidate: 'int v8::String::WriteUtf8(v8::Isolate*, char*, int, int*, int) const'
#9 70.97    int WriteUtf8(Isolate* isolate, char* buffer, int length = -1,
#9 70.97        ^~~~~~~~~
#9 70.97 /root/.cache/node-gyp/14.21.3/include/node/v8.h:3037:7: note:   no known conversion for argument 1 from 'char*' to 'v8::Isolate*'
#9 70.98 In file included from ../src/database.h:10,
#9 70.98                  from ../src/database.cc:4:
#9 70.98 ../node_modules/nan/nan.h: In member function 'v8::Local<v8::Value> Nan::Callback::Call_(v8::Isolate*, v8::Local<v8::Object>, int, v8::Local<v8::Value>*) const':
#9 70.98 ../node_modules/nan/nan.h:1479:5: warning: 'v8::Local<v8::Value> node::MakeCallback(v8::Isolate*, v8::Local<v8::Object>, v8::Local<v8::Function>, int, v8::Local<v8::Value>*)' is deprecated: Use MakeCallback(..., async_context) [-Wdeprecated-declarations]
#9 70.98      ));
#9 70.98      ^
#9 70.98 In file included from ../node_modules/nan/nan.h:49,
#9 70.98                  from ../src/database.h:10,
#9 70.98                  from ../src/database.cc:4:
#9 70.98 /root/.cache/node-gyp/14.21.3/include/node/node.h:191:50: note: declared here
#9 70.98                  NODE_EXTERN v8::Local<v8::Value> MakeCallback(
#9 70.98                                                   ^~~~~~~~~~~~
#9 70.98 /root/.cache/node-gyp/14.21.3/include/node/node.h:108:42: note: in definition of macro 'NODE_DEPRECATED'
#9 70.98      __attribute__((deprecated(message))) declarator
#9 70.98                                           ^~~~~~~~~~
#9 70.98 In file included from ../src/database.h:10,
#9 70.98                  from ../src/database.cc:4:
#9 70.98 ../node_modules/nan/nan.h:1479:5: warning: 'v8::Local<v8::Value> node::MakeCallback(v8::Isolate*, v8::Local<v8::Object>, v8::Local<v8::Function>, int, v8::Local<v8::Value>*)' is deprecated: Use MakeCallback(..., async_context) [-Wdeprecated-declarations]
#9 70.98      ));
#9 70.98      ^
#9 70.98 In file included from ../node_modules/nan/nan.h:49,
#9 70.98                  from ../src/database.h:10,
#9 70.98                  from ../src/database.cc:4:
#9 70.98 /root/.cache/node-gyp/14.21.3/include/node/node.h:191:50: note: declared here
#9 70.98                  NODE_EXTERN v8::Local<v8::Value> MakeCallback(
#9 70.98                                                   ^~~~~~~~~~~~
#9 70.98 /root/.cache/node-gyp/14.21.3/include/node/node.h:108:42: note: in definition of macro 'NODE_DEPRECATED'
#9 70.98      __attribute__((deprecated(message))) declarator
#9 70.98                                           ^~~~~~~~~~
#9 70.98 In file included from ../src/database.h:10,
#9 70.98                  from ../src/database.cc:4:
#9 70.98 ../node_modules/nan/nan.h: In member function 'void Nan::AsyncWorker::SaveToPersistent(const char*, const v8::Local<v8::Value>&)':
#9 70.98 ../node_modules/nan/nan.h:1533:64: error: no matching function for call to 'v8::Object::Set(v8::Local<v8::String>, const v8::Local<v8::Value>&)'
#9 70.98      New(persistentHandle)->Set(New(key).ToLocalChecked(), value);
#9 70.98                                                                 ^
#9 70.98 In file included from /root/.cache/node-gyp/14.21.3/include/node/node.h:67,
#9 70.98                  from ../node_modules/nan/nan.h:49,
#9 70.98                  from ../src/database.h:10,
#9 70.98                  from ../src/database.cc:4:
#9 70.98 /root/.cache/node-gyp/14.21.3/include/node/v8.h:3670:37: note: candidate: 'v8::Maybe<bool> v8::Object::Set(v8::Local<v8::Context>, v8::Local<v8::Value>, v8::Local<v8::Value>)'
#9 70.98    V8_WARN_UNUSED_RESULT Maybe<bool> Set(Local<Context> context,
#9 70.98                                      ^~~
#9 70.98 /root/.cache/node-gyp/14.21.3/include/node/v8.h:3670:37: note:   candidate expects 3 arguments, 2 provided
#9 70.98 /root/.cache/node-gyp/14.21.3/include/node/v8.h:3673:37: note: candidate: 'v8::Maybe<bool> v8::Object::Set(v8::Local<v8::Context>, uint32_t, v8::Local<v8::Value>)'
#9 70.98    V8_WARN_UNUSED_RESULT Maybe<bool> Set(Local<Context> context, uint32_t index,
#9 70.98                                      ^~~
#9 70.98 /root/.cache/node-gyp/14.21.3/include/node/v8.h:3673:37: note:   candidate expects 3 arguments, 2 provided
#9 70.98 In file included from ../src/database.h:10,
#9 70.98                  from ../src/database.cc:4:
#9 70.98 ../node_modules/nan/nan.h: In member function 'void Nan::AsyncWorker::SaveToPersistent(const v8::Local<v8::String>&, const v8::Local<v8::Value>&)':
#9 70.98 ../node_modules/nan/nan.h:1539:42: error: no matching function for call to 'v8::Object::Set(const v8::Local<v8::String>&, const v8::Local<v8::Value>&)'
#9 70.98      New(persistentHandle)->Set(key, value);
#9 70.98                                           ^
#9 70.98 In file included from /root/.cache/node-gyp/14.21.3/include/node/node.h:67,
#9 70.98                  from ../node_modules/nan/nan.h:49,
#9 70.98                  from ../src/database.h:10,
#9 70.98                  from ../src/database.cc:4:
#9 70.98 /root/.cache/node-gyp/14.21.3/include/node/v8.h:3670:37: note: candidate: 'v8::Maybe<bool> v8::Object::Set(v8::Local<v8::Context>, v8::Local<v8::Value>, v8::Local<v8::Value>)'
#9 70.98    V8_WARN_UNUSED_RESULT Maybe<bool> Set(Local<Context> context,
#9 70.98                                      ^~~
#9 70.98 /root/.cache/node-gyp/14.21.3/include/node/v8.h:3670:37: note:   candidate expects 3 arguments, 2 provided
#9 70.98 /root/.cache/node-gyp/14.21.3/include/node/v8.h:3673:37: note: candidate: 'v8::Maybe<bool> v8::Object::Set(v8::Local<v8::Context>, uint32_t, v8::Local<v8::Value>)'
#9 70.98    V8_WARN_UNUSED_RESULT Maybe<bool> Set(Local<Context> context, uint32_t index,
#9 70.98                                      ^~~
#9 70.98 /root/.cache/node-gyp/14.21.3/include/node/v8.h:3673:37: note:   candidate expects 3 arguments, 2 provided
#9 70.98 In file included from ../src/database.h:10,
#9 70.98                  from ../src/database.cc:4:
#9 70.98 ../node_modules/nan/nan.h: In member function 'void Nan::AsyncWorker::SaveToPersistent(uint32_t, const v8::Local<v8::Value>&)':
#9 70.98 ../node_modules/nan/nan.h:1545:44: error: no matching function for call to 'v8::Object::Set(uint32_t&, const v8::Local<v8::Value>&)'
#9 70.98      New(persistentHandle)->Set(index, value);
#9 70.98                                             ^
#9 70.98 In file included from /root/.cache/node-gyp/14.21.3/include/node/node.h:67,
#9 70.98                  from ../node_modules/nan/nan.h:49,
#9 70.98                  from ../src/database.h:10,
#9 70.98                  from ../src/database.cc:4:
#9 70.98 /root/.cache/node-gyp/14.21.3/include/node/v8.h:3670:37: note: candidate: 'v8::Maybe<bool> v8::Object::Set(v8::Local<v8::Context>, v8::Local<v8::Value>, v8::Local<v8::Value>)'
#9 70.98    V8_WARN_UNUSED_RESULT Maybe<bool> Set(Local<Context> context,
#9 70.98                                      ^~~
#9 70.98 /root/.cache/node-gyp/14.21.3/include/node/v8.h:3670:37: note:   candidate expects 3 arguments, 2 provided
#9 70.98 /root/.cache/node-gyp/14.21.3/include/node/v8.h:3673:37: note: candidate: 'v8::Maybe<bool> v8::Object::Set(v8::Local<v8::Context>, uint32_t, v8::Local<v8::Value>)'
#9 70.98    V8_WARN_UNUSED_RESULT Maybe<bool> Set(Local<Context> context, uint32_t index,
#9 70.98                                      ^~~
#9 70.98 /root/.cache/node-gyp/14.21.3/include/node/v8.h:3673:37: note:   candidate expects 3 arguments, 2 provided
#9 70.98 In file included from ../src/database.h:10,
#9 70.98                  from ../src/database.cc:4:
#9 70.98 ../node_modules/nan/nan.h: In member function 'v8::Local<v8::Value> Nan::AsyncWorker::GetFromPersistent(const char*) const':
#9 70.98 ../node_modules/nan/nan.h:1551:61: error: no matching function for call to 'v8::Object::Get(v8::Local<v8::String>)'
#9 70.98          New(persistentHandle)->Get(New(key).ToLocalChecked()));
#9 70.98                                                              ^
#9 70.98 In file included from /root/.cache/node-gyp/14.21.3/include/node/node.h:67,
#9 70.98                  from ../node_modules/nan/nan.h:49,
#9 70.98                  from ../src/database.h:10,
#9 70.98                  from ../src/database.cc:4:
#9 70.98 /root/.cache/node-gyp/14.21.3/include/node/v8.h:3717:43: note: candidate: 'v8::MaybeLocal<v8::Value> v8::Object::Get(v8::Local<v8::Context>, v8::Local<v8::Value>)'
#9 70.98    V8_WARN_UNUSED_RESULT MaybeLocal<Value> Get(Local<Context> context,
#9 70.98                                            ^~~
#9 70.98 /root/.cache/node-gyp/14.21.3/include/node/v8.h:3717:43: note:   candidate expects 2 arguments, 1 provided
#9 70.98 /root/.cache/node-gyp/14.21.3/include/node/v8.h:3720:43: note: candidate: 'v8::MaybeLocal<v8::Value> v8::Object::Get(v8::Local<v8::Context>, uint32_t)'
#9 70.98    V8_WARN_UNUSED_RESULT MaybeLocal<Value> Get(Local<Context> context,
#9 70.98                                            ^~~
#9 70.98 /root/.cache/node-gyp/14.21.3/include/node/v8.h:3720:43: note:   candidate expects 2 arguments, 1 provided
#9 70.98 In file included from ../src/database.h:10,
#9 70.98                  from ../src/database.cc:4:
#9 70.98 ../node_modules/nan/nan.h: In member function 'v8::Local<v8::Value> Nan::AsyncWorker::GetFromPersistent(const v8::Local<v8::String>&) const':
#9 70.98 ../node_modules/nan/nan.h:1557:55: error: no matching function for call to 'v8::Object::Get(const v8::Local<v8::String>&)'
#9 70.98      return scope.Escape(New(persistentHandle)->Get(key));
#9 70.98                                                        ^
#9 70.98 In file included from /root/.cache/node-gyp/14.21.3/include/node/node.h:67,
#9 70.98                  from ../node_modules/nan/nan.h:49,
#9 70.98                  from ../src/database.h:10,
#9 70.98                  from ../src/database.cc:4:
#9 70.98 /root/.cache/node-gyp/14.21.3/include/node/v8.h:3717:43: note: candidate: 'v8::MaybeLocal<v8::Value> v8::Object::Get(v8::Local<v8::Context>, v8::Local<v8::Value>)'
#9 70.98    V8_WARN_UNUSED_RESULT MaybeLocal<Value> Get(Local<Context> context,
#9 70.98                                            ^~~
#9 70.98 /root/.cache/node-gyp/14.21.3/include/node/v8.h:3717:43: note:   candidate expects 2 arguments, 1 provided
#9 70.98 /root/.cache/node-gyp/14.21.3/include/node/v8.h:3720:43: note: candidate: 'v8::MaybeLocal<v8::Value> v8::Object::Get(v8::Local<v8::Context>, uint32_t)'
#9 70.98    V8_WARN_UNUSED_RESULT MaybeLocal<Value> Get(Local<Context> context,
#9 70.98                                            ^~~
#9 70.98 /root/.cache/node-gyp/14.21.3/include/node/v8.h:3720:43: note:   candidate expects 2 arguments, 1 provided
#9 70.98 In file included from ../src/database.h:10,
#9 70.98                  from ../src/database.cc:4:
#9 70.98 ../node_modules/nan/nan.h: In member function 'v8::Local<v8::Value> Nan::AsyncWorker::GetFromPersistent(uint32_t) const':
#9 70.98 ../node_modules/nan/nan.h:1562:57: error: no matching function for call to 'v8::Object::Get(uint32_t&)'
#9 70.98      return scope.Escape(New(persistentHandle)->Get(index));
#9 70.98                                                          ^
#9 70.98 In file included from /root/.cache/node-gyp/14.21.3/include/node/node.h:67,
#9 70.98                  from ../node_modules/nan/nan.h:49,
#9 70.98                  from ../src/database.h:10,
#9 70.98                  from ../src/database.cc:4:
#9 70.98 /root/.cache/node-gyp/14.21.3/include/node/v8.h:3717:43: note: candidate: 'v8::MaybeLocal<v8::Value> v8::Object::Get(v8::Local<v8::Context>, v8::Local<v8::Value>)'
#9 70.98    V8_WARN_UNUSED_RESULT MaybeLocal<Value> Get(Local<Context> context,
#9 70.98                                            ^~~
#9 70.98 /root/.cache/node-gyp/14.21.3/include/node/v8.h:3717:43: note:   candidate expects 2 arguments, 1 provided
#9 70.98 /root/.cache/node-gyp/14.21.3/include/node/v8.h:3720:43: note: candidate: 'v8::MaybeLocal<v8::Value> v8::Object::Get(v8::Local<v8::Context>, uint32_t)'
#9 70.98    V8_WARN_UNUSED_RESULT MaybeLocal<Value> Get(Local<Context> context,
#9 70.98                                            ^~~
#9 70.98 /root/.cache/node-gyp/14.21.3/include/node/v8.h:3720:43: note:   candidate expects 2 arguments, 1 provided
#9 70.98 In file included from ../src/database.h:10,
#9 70.98                  from ../src/database.cc:4:
#9 70.98 ../node_modules/nan/nan.h: In function 'void Nan::AsyncQueueWorker(Nan::AsyncWorker*)':
#9 70.98 ../node_modules/nan/nan.h:1732:62: warning: cast between incompatible function types from 'void (*)(uv_work_t*)' {aka 'void (*)(uv_work_s*)'} to 'uv_after_work_cb' {aka 'void (*)(uv_work_s*, int)'} [-Wcast-function-type]
#9 70.98      , reinterpret_cast<uv_after_work_cb>(AsyncExecuteComplete)
#9 70.98                                                               ^
#9 70.99 In file included from ../node_modules/nan/nan.h:2222,
#9 70.99                  from ../src/database.h:10,
#9 70.99                  from ../src/database.cc:4:
#9 70.99 ../node_modules/nan/nan_object_wrap.h: In member function 'void Nan::ObjectWrap::MakeWeak()':
#9 70.99 ../node_modules/nan/nan_object_wrap.h:67:18: error: 'class Nan::Persistent<v8::Object>' has no member named 'MarkIndependent'
#9 70.99      persistent().MarkIndependent();
#9 70.99                   ^~~~~~~~~~~~~~~
#9 71.03 In file included from ../src/database.cc:3:
#9 71.03 ../src/database.cc: In member function 'void node_sqlite3::Database::Process()':
#9 71.03 ../src/macros.h:91:13: error: no matching function for call to 'v8::String::Concat(v8::Local<v8::String>, v8::Local<v8::String>)'
#9 71.03              ),                                                                 \
#9 71.03              ^
#9 71.03 ../src/database.cc:40:9: note: in expansion of macro 'EXCEPTION'
#9 71.03          EXCEPTION(Nan::New("Database handle is closed").ToLocalChecked(), SQLITE_MISUSE, exception);
#9 71.03          ^~~~~~~~~
#9 71.03 In file included from /root/.cache/node-gyp/14.21.3/include/node/node.h:67,
#9 71.03                  from ../node_modules/nan/nan.h:49,
#9 71.03                  from ../src/database.h:10,
#9 71.03                  from ../src/database.cc:4:
#9 71.03 /root/.cache/node-gyp/14.21.3/include/node/v8.h:3221:24: note: candidate: 'static v8::Local<v8::String> v8::String::Concat(v8::Isolate*, v8::Local<v8::String>, v8::Local<v8::String>)'
#9 71.03    static Local<String> Concat(Isolate* isolate, Local<String> left,
#9 71.03                         ^~~~~~
#9 71.03 /root/.cache/node-gyp/14.21.3/include/node/v8.h:3221:24: note:   candidate expects 3 arguments, 2 provided
#9 71.03 In file included from ../src/database.cc:3:
#9 71.03 ../src/database.cc: In member function 'void node_sqlite3::Database::Schedule(node_sqlite3::Database::Work_Callback, node_sqlite3::Database::Baton*, bool)':
#9 71.03 ../src/macros.h:91:13: error: no matching function for call to 'v8::String::Concat(v8::Local<v8::String>, v8::Local<v8::String>)'
#9 71.03              ),                                                                 \
#9 71.03              ^
#9 71.03 ../src/database.cc:88:9: note: in expansion of macro 'EXCEPTION'
#9 71.03          EXCEPTION(Nan::New("Database is closed").ToLocalChecked(), SQLITE_MISUSE, exception);
#9 71.03          ^~~~~~~~~
#9 71.03 In file included from /root/.cache/node-gyp/14.21.3/include/node/node.h:67,
#9 71.03                  from ../node_modules/nan/nan.h:49,
#9 71.03                  from ../src/database.h:10,
#9 71.03                  from ../src/database.cc:4:
#9 71.03 /root/.cache/node-gyp/14.21.3/include/node/v8.h:3221:24: note: candidate: 'static v8::Local<v8::String> v8::String::Concat(v8::Isolate*, v8::Local<v8::String>, v8::Local<v8::String>)'
#9 71.03    static Local<String> Concat(Isolate* isolate, Local<String> left,
#9 71.03                         ^~~~~~
#9 71.03 /root/.cache/node-gyp/14.21.3/include/node/v8.h:3221:24: note:   candidate expects 3 arguments, 2 provided
#9 71.03 ../src/database.cc: In static member function 'static void node_sqlite3::Database::Work_BeginOpen(node_sqlite3::Database::Baton*)':
#9 71.03 ../src/database.cc:145:55: warning: cast between incompatible function types from 'void (*)(uv_work_t*)' {aka 'void (*)(uv_work_s*)'} to 'uv_after_work_cb' {aka 'void (*)(uv_work_s*, int)'} [-Wcast-function-type]
#9 71.03          &baton->request, Work_Open, (uv_after_work_cb)Work_AfterOpen);
#9 71.03                                                        ^~~~~~~~~~~~~~
#9 71.03 ../src/database.cc:144:9: warning: unused variable 'status' [-Wunused-variable]
#9 71.03      int status = uv_queue_work(uv_default_loop(),
#9 71.03          ^~~~~~
#9 71.03 In file included from ../src/database.cc:3:
#9 71.03 ../src/database.cc: In static member function 'static void node_sqlite3::Database::Work_AfterOpen(uv_work_t*)':
#9 71.03 ../src/macros.h:91:13: error: no matching function for call to 'v8::String::Concat(v8::Local<v8::String>, v8::Local<v8::String>)'
#9 71.03              ),                                                                 \
#9 71.03              ^
#9 71.03 ../src/database.cc:179:9: note: in expansion of macro 'EXCEPTION'
#9 71.03          EXCEPTION(Nan::New(baton->message.c_str()).ToLocalChecked(), baton->status, exception);
#9 71.03          ^~~~~~~~~
#9 71.03 In file included from /root/.cache/node-gyp/14.21.3/include/node/node.h:67,
#9 71.03                  from ../node_modules/nan/nan.h:49,
#9 71.03                  from ../src/database.h:10,
#9 71.03                  from ../src/database.cc:4:
#9 71.03 /root/.cache/node-gyp/14.21.3/include/node/v8.h:3221:24: note: candidate: 'static v8::Local<v8::String> v8::String::Concat(v8::Isolate*, v8::Local<v8::String>, v8::Local<v8::String>)'
#9 71.03    static Local<String> Concat(Isolate* isolate, Local<String> left,
#9 71.03                         ^~~~~~
#9 71.03 /root/.cache/node-gyp/14.21.3/include/node/v8.h:3221:24: note:   candidate expects 3 arguments, 2 provided
#9 71.04 ../src/database.cc: In static member function 'static void node_sqlite3::Database::Work_BeginClose(node_sqlite3::Database::Baton*)':
#9 71.04 ../src/database.cc:231:56: warning: cast between incompatible function types from 'void (*)(uv_work_t*)' {aka 'void (*)(uv_work_s*)'} to 'uv_after_work_cb' {aka 'void (*)(uv_work_s*, int)'} [-Wcast-function-type]
#9 71.04          &baton->request, Work_Close, (uv_after_work_cb)Work_AfterClose);
#9 71.04                                                         ^~~~~~~~~~~~~~~
#9 71.04 ../src/database.cc:230:9: warning: unused variable 'status' [-Wunused-variable]
#9 71.04      int status = uv_queue_work(uv_default_loop(),
#9 71.04          ^~~~~~
#9 71.04 In file included from ../src/database.cc:3:
#9 71.04 ../src/database.cc: In static member function 'static void node_sqlite3::Database::Work_AfterClose(uv_work_t*)':
#9 71.04 ../src/macros.h:91:13: error: no matching function for call to 'v8::String::Concat(v8::Local<v8::String>, v8::Local<v8::String>)'
#9 71.04              ),                                                                 \
#9 71.04              ^
#9 71.04 ../src/database.cc:259:9: note: in expansion of macro 'EXCEPTION'
#9 71.04          EXCEPTION(Nan::New(baton->message.c_str()).ToLocalChecked(), baton->status, exception);
#9 71.04          ^~~~~~~~~
#9 71.04 In file included from /root/.cache/node-gyp/14.21.3/include/node/node.h:67,
#9 71.04                  from ../node_modules/nan/nan.h:49,
#9 71.04                  from ../src/database.h:10,
#9 71.04                  from ../src/database.cc:4:
#9 71.04 /root/.cache/node-gyp/14.21.3/include/node/v8.h:3221:24: note: candidate: 'static v8::Local<v8::String> v8::String::Concat(v8::Isolate*, v8::Local<v8::String>, v8::Local<v8::String>)'
#9 71.04    static Local<String> Concat(Isolate* isolate, Local<String> left,
#9 71.04                         ^~~~~~
#9 71.04 /root/.cache/node-gyp/14.21.3/include/node/v8.h:3221:24: note:   candidate expects 3 arguments, 2 provided
#9 71.04 ../src/database.cc: In static member function 'static Nan::NAN_METHOD_RETURN_TYPE node_sqlite3::Database::Configure(Nan::NAN_METHOD_ARGS_TYPE)':
#9 71.04 ../src/database.cc:351:9: error: no matching function for call to 'v8::String::Concat(v8::Local<v8::String>, v8::Local<v8::String>)'
#9 71.04          )));
#9 71.04          ^
#9 71.04 In file included from /root/.cache/node-gyp/14.21.3/include/node/node.h:67,
#9 71.04                  from ../node_modules/nan/nan.h:49,
#9 71.04                  from ../src/database.h:10,
#9 71.04                  from ../src/database.cc:4:
#9 71.04 /root/.cache/node-gyp/14.21.3/include/node/v8.h:3221:24: note: candidate: 'static v8::Local<v8::String> v8::String::Concat(v8::Isolate*, v8::Local<v8::String>, v8::Local<v8::String>)'
#9 71.04    static Local<String> Concat(Isolate* isolate, Local<String> left,
#9 71.04                         ^~~~~~
#9 71.04 /root/.cache/node-gyp/14.21.3/include/node/v8.h:3221:24: note:   candidate expects 3 arguments, 2 provided
#9 71.04 ../src/database.cc:351:11: error: return-statement with a value, in function returning 'Nan::NAN_METHOD_RETURN_TYPE' {aka 'void'} [-fpermissive]
#9 71.04          )));
#9 71.04            ^
#9 71.05 ../src/database.cc: In static member function 'static void node_sqlite3::Database::Work_BeginExec(node_sqlite3::Database::Baton*)':
#9 71.05 ../src/database.cc:526:55: warning: cast between incompatible function types from 'void (*)(uv_work_t*)' {aka 'void (*)(uv_work_s*)'} to 'uv_after_work_cb' {aka 'void (*)(uv_work_s*, int)'} [-Wcast-function-type]
#9 71.05          &baton->request, Work_Exec, (uv_after_work_cb)Work_AfterExec);
#9 71.05                                                        ^~~~~~~~~~~~~~
#9 71.05 ../src/database.cc:525:9: warning: unused variable 'status' [-Wunused-variable]
#9 71.05      int status = uv_queue_work(uv_default_loop(),
#9 71.05          ^~~~~~
#9 71.05 In file included from ../src/database.cc:3:
#9 71.05 ../src/database.cc: In static member function 'static void node_sqlite3::Database::Work_AfterExec(uv_work_t*)':
#9 71.05 ../src/macros.h:91:13: error: no matching function for call to 'v8::String::Concat(v8::Local<v8::String>, v8::Local<v8::String>)'
#9 71.05              ),                                                                 \
#9 71.05              ^
#9 71.05 ../src/database.cc:557:9: note: in expansion of macro 'EXCEPTION'
#9 71.05          EXCEPTION(Nan::New(baton->message.c_str()).ToLocalChecked(), baton->status, exception);
#9 71.05          ^~~~~~~~~
#9 71.05 In file included from /root/.cache/node-gyp/14.21.3/include/node/node.h:67,
#9 71.05                  from ../node_modules/nan/nan.h:49,
#9 71.05                  from ../src/database.h:10,
#9 71.05                  from ../src/database.cc:4:
#9 71.05 /root/.cache/node-gyp/14.21.3/include/node/v8.h:3221:24: note: candidate: 'static v8::Local<v8::String> v8::String::Concat(v8::Isolate*, v8::Local<v8::String>, v8::Local<v8::String>)'
#9 71.05    static Local<String> Concat(Isolate* isolate, Local<String> left,
#9 71.05                         ^~~~~~
#9 71.05 /root/.cache/node-gyp/14.21.3/include/node/v8.h:3221:24: note:   candidate expects 3 arguments, 2 provided
#9 71.06 ../src/database.cc: In static member function 'static void node_sqlite3::Database::Work_BeginLoadExtension(node_sqlite3::Database::Baton*)':
#9 71.06 ../src/database.cc:626:104: warning: cast between incompatible function types from 'void (*)(uv_work_t*)' {aka 'void (*)(uv_work_s*)'} to 'uv_after_work_cb' {aka 'void (*)(uv_work_s*, int)'} [-Wcast-function-type]
#9 71.06          &baton->request, Work_LoadExtension, reinterpret_cast<uv_after_work_cb>(Work_AfterLoadExtension));
#9 71.06                                                                                                         ^
#9 71.06 ../src/database.cc:625:9: warning: unused variable 'status' [-Wunused-variable]
#9 71.06      int status = uv_queue_work(uv_default_loop(),
#9 71.06          ^~~~~~
#9 71.06 In file included from ../src/database.cc:3:
#9 71.06 ../src/database.cc: In static member function 'static void node_sqlite3::Database::Work_AfterLoadExtension(uv_work_t*)':
#9 71.06 ../src/macros.h:91:13: error: no matching function for call to 'v8::String::Concat(v8::Local<v8::String>, v8::Local<v8::String>)'
#9 71.06              ),                                                                 \
#9 71.06              ^
#9 71.06 ../src/database.cc:659:9: note: in expansion of macro 'EXCEPTION'
#9 71.06          EXCEPTION(Nan::New(baton->message.c_str()).ToLocalChecked(), baton->status, exception);
#9 71.06          ^~~~~~~~~
#9 71.06 In file included from /root/.cache/node-gyp/14.21.3/include/node/node.h:67,
#9 71.06                  from ../node_modules/nan/nan.h:49,
#9 71.06                  from ../src/database.h:10,
#9 71.06                  from ../src/database.cc:4:
#9 71.06 /root/.cache/node-gyp/14.21.3/include/node/v8.h:3221:24: note: candidate: 'static v8::Local<v8::String> v8::String::Concat(v8::Isolate*, v8::Local<v8::String>, v8::Local<v8::String>)'
#9 71.06    static Local<String> Concat(Isolate* isolate, Local<String> left,
#9 71.06                         ^~~~~~
#9 71.06 /root/.cache/node-gyp/14.21.3/include/node/v8.h:3221:24: note:   candidate expects 3 arguments, 2 provided
#9 71.10 In file included from ../src/database.h:12,
#9 71.10                  from ../src/database.cc:4:
#9 71.10 ../src/async.h: In instantiation of 'Async<Item, Parent>::Async(Parent*, Async<Item, Parent>::Callback) [with Item = std::__cxx11::basic_string<char>; Parent = node_sqlite3::Database; Async<Item, Parent>::Callback = void (*)(node_sqlite3::Database*, std::__cxx11::basic_string<char>*)]':
#9 71.10 ../src/database.cc:391:59:   required from here
#9 71.10 ../src/async.h:29:52: warning: cast between incompatible function types from 'void (*)(uv_async_t*, int)' {aka 'void (*)(uv_async_s*, int)'} to 'uv_async_cb' {aka 'void (*)(uv_async_s*)'} [-Wcast-function-type]
#9 71.10          uv_async_init(uv_default_loop(), &watcher, reinterpret_cast<uv_async_cb>(listener));
#9 71.10                                                     ^~~~~~~~~~~~~~~~~~~~~~~~~~~~~~~~~~~~~~~
#9 71.10 ../src/async.h: In instantiation of 'Async<Item, Parent>::Async(Parent*, Async<Item, Parent>::Callback) [with Item = node_sqlite3::Database::ProfileInfo; Parent = node_sqlite3::Database; Async<Item, Parent>::Callback = void (*)(node_sqlite3::Database*, node_sqlite3::Database::ProfileInfo*)]':
#9 71.10 ../src/database.cc:429:65:   required from here
#9 71.10 ../src/async.h:29:52: warning: cast between incompatible function types from 'void (*)(uv_async_t*, int)' {aka 'void (*)(uv_async_s*, int)'} to 'uv_async_cb' {aka 'void (*)(uv_async_s*)'} [-Wcast-function-type]
#9 71.10 ../src/async.h: In instantiation of 'Async<Item, Parent>::Async(Parent*, Async<Item, Parent>::Callback) [with Item = node_sqlite3::Database::UpdateInfo; Parent = node_sqlite3::Database; Async<Item, Parent>::Callback = void (*)(node_sqlite3::Database*, node_sqlite3::Database::UpdateInfo*)]':
#9 71.10 ../src/database.cc:470:62:   required from here
#9 71.10 ../src/async.h:29:52: warning: cast between incompatible function types from 'void (*)(uv_async_t*, int)' {aka 'void (*)(uv_async_s*, int)'} to 'uv_async_cb' {aka 'void (*)(uv_async_s*)'} [-Wcast-function-type]
#9 71.23 make: *** [node_sqlite3.target.mk:131: Release/obj.target/node_sqlite3/src/database.o] Error 1
#9 71.23 make: Leaving directory '/usr/src/app/node_modules/sqlite3/build'
#9 71.23 gyp ERR! build error 
#9 71.23 gyp ERR! stack Error: `make` failed with exit code: 2
#9 71.23 gyp ERR! stack     at ChildProcess.onExit (/usr/local/lib/node_modules/npm/node_modules/node-gyp/lib/build.js:194:23)
#9 71.23 gyp ERR! stack     at ChildProcess.emit (events.js:400:28)
#9 71.23 gyp ERR! stack     at Process.ChildProcess._handle.onexit (internal/child_process.js:285:12)
#9 71.23 gyp ERR! System Linux 3.10.0-1160.31.1.el7.x86_64
#9 71.23 gyp ERR! command "/usr/local/bin/node" "/usr/local/lib/node_modules/npm/node_modules/node-gyp/bin/node-gyp.js" "build" "--fallback-to-build" "--module=/usr/src/app/node_modules/sqlite3/lib/binding/node-v83-linux-x64/node_sqlite3.node" "--module_name=node_sqlite3" "--module_path=/usr/src/app/node_modules/sqlite3/lib/binding/node-v83-linux-x64"
#9 71.23 gyp ERR! cwd /usr/src/app/node_modules/sqlite3
#9 71.23 gyp ERR! node -v v14.21.3
#9 71.23 gyp ERR! node-gyp -v v5.1.1
#9 71.23 gyp ERR! not ok 
#9 71.24 node-pre-gyp ERR! build error 
#9 71.24 node-pre-gyp ERR! stack Error: Failed to execute '/usr/local/bin/node /usr/local/lib/node_modules/npm/node_modules/node-gyp/bin/node-gyp.js build --fallback-to-build --module=/usr/src/app/node_modules/sqlite3/lib/binding/node-v83-linux-x64/node_sqlite3.node --module_name=node_sqlite3 --module_path=/usr/src/app/node_modules/sqlite3/lib/binding/node-v83-linux-x64' (1)
#9 71.24 node-pre-gyp ERR! stack     at ChildProcess.<anonymous> (/usr/src/app/node_modules/sqlite3/node_modules/node-pre-gyp/lib/util/compile.js:83:29)
#9 71.24 node-pre-gyp ERR! stack     at ChildProcess.emit (events.js:400:28)
#9 71.24 node-pre-gyp ERR! stack     at maybeClose (internal/child_process.js:1088:16)
#9 71.24 node-pre-gyp ERR! stack     at Process.ChildProcess._handle.onexit (internal/child_process.js:296:5)
#9 71.24 node-pre-gyp ERR! System Linux 3.10.0-1160.31.1.el7.x86_64
#9 71.24 node-pre-gyp ERR! command "/usr/local/bin/node" "/usr/src/app/node_modules/sqlite3/node_modules/.bin/node-pre-gyp" "install" "--fallback-to-build"
#9 71.24 node-pre-gyp ERR! cwd /usr/src/app/node_modules/sqlite3
#9 71.24 node-pre-gyp ERR! node -v v14.21.3
#9 71.24 node-pre-gyp ERR! node-pre-gyp -v v0.6.38
#9 71.24 node-pre-gyp ERR! not ok 
#9 71.24 Failed to execute '/usr/local/bin/node /usr/local/lib/node_modules/npm/node_modules/node-gyp/bin/node-gyp.js build --fallback-to-build --module=/usr/src/app/node_modules/sqlite3/lib/binding/node-v83-linux-x64/node_sqlite3.node --module_name=node_sqlite3 --module_path=/usr/src/app/node_modules/sqlite3/lib/binding/node-v83-linux-x64' (1)
#9 71.31 In file included from ../node_modules/nan/nan.h:192,
#9 71.31                  from ../src/database.h:10,
#9 71.31                  from ../src/database.cc:4:
#9 71.31 ../node_modules/nan/nan_maybe_43_inl.h: In function 'Nan::Maybe<bool> Nan::ForceSet(v8::Local<v8::Object>, v8::Local<v8::Value>, v8::Local<v8::Value>, v8::PropertyAttribute)':
#9 71.31 ../node_modules/nan/nan_maybe_43_inl.h:112:15: error: 'class v8::Object' has no member named 'ForceSet'
#9 71.31    return obj->ForceSet(isolate->GetCurrentContext(), key, value, attribs);
#9 71.31                ^~~~~~~~
#9 71.32 In file included from ../node_modules/nan/nan_converters.h:67,
#9 71.32                  from ../node_modules/nan/nan.h:197,
#9 71.32                  from ../src/database.h:10,
#9 71.32                  from ../src/database.cc:4:
#9 71.32 ../node_modules/nan/nan_converters_43_inl.h: In static member function 'static Nan::imp::ToFactoryBase<v8::Boolean>::return_t Nan::imp::ToFactory<v8::Boolean>::convert(v8::Local<v8::Value>)':
#9 71.32 ../node_modules/nan/nan_converters_43_inl.h:18:69: error: no matching function for call to 'v8::Value::ToBoolean(v8::Local<v8::Context>)'
#9 71.32        val->To ## TYPE(v8::Isolate::GetCurrent()->GetCurrentContext())          \
#9 71.32                                                                      ^
#9 71.32 ../node_modules/nan/nan_converters_43_inl.h:22:1: note: in expansion of macro 'X'
#9 71.32  X(Boolean)
#9 71.32  ^
#9 71.32 In file included from /root/.cache/node-gyp/14.21.3/include/node/node.h:67,
#9 71.32                  from ../node_modules/nan/nan.h:49,
#9 71.32                  from ../src/database.h:10,
#9 71.32                  from ../src/database.cc:4:
#9 71.32 /root/.cache/node-gyp/14.21.3/include/node/v8.h:2848:18: note: candidate: 'v8::Local<v8::Boolean> v8::Value::ToBoolean(v8::Isolate*) const'
#9 71.32    Local<Boolean> ToBoolean(Isolate* isolate) const;
#9 71.32                   ^~~~~~~~~
#9 71.32 /root/.cache/node-gyp/14.21.3/include/node/v8.h:2848:18: note:   no known conversion for argument 1 from 'v8::Local<v8::Context>' to 'v8::Isolate*'
#9 71.32 In file included from ../node_modules/nan/nan_converters.h:67,
#9 71.32                  from ../node_modules/nan/nan.h:197,
#9 71.32                  from ../src/database.h:10,
#9 71.32                  from ../src/database.cc:4:
#9 71.32 ../node_modules/nan/nan_converters_43_inl.h: In static member function 'static Nan::imp::ValueFactoryBase<bool>::return_t Nan::imp::ToFactory<bool>::convert(v8::Local<v8::Value>)':
#9 71.32 ../node_modules/nan/nan_converters_43_inl.h:37:57: error: no matching function for call to 'v8::Value::BooleanValue(v8::Local<v8::Context>)'
#9 71.32    return val->NAME ## Value(isolate->GetCurrentContext());                     \
#9 71.32                                                          ^
#9 71.32 ../node_modules/nan/nan_converters_43_inl.h:40:1: note: in expansion of macro 'X'
#9 71.32  X(bool, Boolean)
#9 71.32  ^
#9 71.32 In file included from /root/.cache/node-gyp/14.21.3/include/node/node.h:67,
#9 71.32                  from ../node_modules/nan/nan.h:49,
#9 71.32                  from ../src/database.h:10,
#9 71.32                  from ../src/database.cc:4:
#9 71.32 /root/.cache/node-gyp/14.21.3/include/node/v8.h:2858:8: note: candidate: 'bool v8::Value::BooleanValue(v8::Isolate*) const'
#9 71.32    bool BooleanValue(Isolate* isolate) const;
#9 71.32         ^~~~~~~~~~~~
#9 71.32 /root/.cache/node-gyp/14.21.3/include/node/v8.h:2858:8: note:   no known conversion for argument 1 from 'v8::Local<v8::Context>' to 'v8::Isolate*'
#9 71.33 In file included from ../node_modules/nan/nan_new.h:189,
#9 71.33                  from ../node_modules/nan/nan.h:198,
#9 71.33                  from ../src/database.h:10,
#9 71.33                  from ../src/database.cc:4:
#9 71.33 ../node_modules/nan/nan_implementation_12_inl.h: In static member function 'static Nan::imp::FactoryBase<v8::Function>::return_t Nan::imp::Factory<v8::Function>::New(Nan::FunctionCallback, v8::Local<v8::Value>)':
#9 71.33 ../node_modules/nan/nan_implementation_12_inl.h:105:32: error: no matching function for call to 'v8::Function::New(v8::Isolate*&, void (&)(const v8::FunctionCallbackInfo<v8::Value>&), v8::Local<v8::Object>&)'
#9 71.33                            , obj));
#9 71.33                                 ^
#9 71.33 In file included from /root/.cache/node-gyp/14.21.3/include/node/node.h:67,
#9 71.33                  from ../node_modules/nan/nan.h:49,
#9 71.33                  from ../src/database.h:10,
#9 71.33                  from ../src/database.cc:4:
#9 71.33 /root/.cache/node-gyp/14.21.3/include/node/v8.h:4445:31: note: candidate: 'static v8::MaybeLocal<v8::Function> v8::Function::New(v8::Local<v8::Context>, v8::FunctionCallback, v8::Local<v8::Value>, int, v8::ConstructorBehavior, v8::SideEffectType)'
#9 71.33    static MaybeLocal<Function> New(
#9 71.33                                ^~~
#9 71.33 /root/.cache/node-gyp/14.21.3/include/node/v8.h:4445:31: note:   no known conversion for argument 1 from 'v8::Isolate*' to 'v8::Local<v8::Context>'
#9 71.33 In file included from ../node_modules/nan/nan_new.h:189,
#9 71.33                  from ../node_modules/nan/nan.h:198,
#9 71.33                  from ../src/database.h:10,
#9 71.33                  from ../src/database.cc:4:
#9 71.33 ../node_modules/nan/nan_implementation_12_inl.h: In static member function 'static Nan::imp::FactoryBase<v8::StringObject>::return_t Nan::imp::Factory<v8::StringObject>::New(v8::Local<v8::String>)':
#9 71.33 ../node_modules/nan/nan_implementation_12_inl.h:337:37: error: no matching function for call to 'v8::StringObject::New(v8::Local<v8::String>&)'
#9 71.33    return v8::StringObject::New(value).As<v8::StringObject>();
#9 71.33                                      ^
#9 71.33 In file included from /root/.cache/node-gyp/14.21.3/include/node/node.h:67,
#9 71.33                  from ../node_modules/nan/nan.h:49,
#9 71.33                  from ../src/database.h:10,
#9 71.33                  from ../src/database.cc:4:
#9 71.33 /root/.cache/node-gyp/14.21.3/include/node/v8.h:5854:23: note: candidate: 'static v8::Local<v8::Value> v8::StringObject::New(v8::Isolate*, v8::Local<v8::String>)'
#9 71.33    static Local<Value> New(Isolate* isolate, Local<String> value);
#9 71.33                        ^~~
#9 71.33 /root/.cache/node-gyp/14.21.3/include/node/v8.h:5854:23: note:   candidate expects 2 arguments, 1 provided
#9 71.33 In file included from ../node_modules/nan/nan_new.h:189,
#9 71.33                  from ../node_modules/nan/nan.h:198,
#9 71.33                  from ../src/database.h:10,
#9 71.33                  from ../src/database.cc:4:
#9 71.33 ../node_modules/nan/nan_implementation_12_inl.h:337:58: error: expected primary-expression before '>' token
#9 71.33    return v8::StringObject::New(value).As<v8::StringObject>();
#9 71.33                                                           ^
#9 71.33 ../node_modules/nan/nan_implementation_12_inl.h:337:60: error: expected primary-expression before ')' token
#9 71.33    return v8::StringObject::New(value).As<v8::StringObject>();
#9 71.33                                                             ^
#9 71.34 In file included from ../src/database.h:10,
#9 71.34                  from ../src/database.cc:4:
#9 71.34 ../node_modules/nan/nan.h: In function 'v8::Local<v8::Value> Nan::MakeCallback(v8::Local<v8::Object>, v8::Local<v8::Function>, int, v8::Local<v8::Value>*)':
#9 71.34 ../node_modules/nan/nan.h:835:60: warning: 'v8::Local<v8::Value> node::MakeCallback(v8::Isolate*, v8::Local<v8::Object>, v8::Local<v8::Function>, int, v8::Local<v8::Value>*)' is deprecated: Use MakeCallback(..., async_context) [-Wdeprecated-declarations]
#9 71.34          v8::Isolate::GetCurrent(), target, func, argc, argv);
#9 71.34                                                             ^
#9 71.34 In file included from ../node_modules/nan/nan.h:49,
#9 71.34                  from ../src/database.h:10,
#9 71.34                  from ../src/database.cc:4:
#9 71.34 /root/.cache/node-gyp/14.21.3/include/node/node.h:191:50: note: declared here
#9 71.34                  NODE_EXTERN v8::Local<v8::Value> MakeCallback(
#9 71.34                                                   ^~~~~~~~~~~~
#9 71.34 /root/.cache/node-gyp/14.21.3/include/node/node.h:108:42: note: in definition of macro 'NODE_DEPRECATED'
#9 71.34      __attribute__((deprecated(message))) declarator
#9 71.34                                           ^~~~~~~~~~
#9 71.34 In file included from ../src/database.h:10,
#9 71.34                  from ../src/database.cc:4:
#9 71.34 ../node_modules/nan/nan.h:835:60: warning: 'v8::Local<v8::Value> node::MakeCallback(v8::Isolate*, v8::Local<v8::Object>, v8::Local<v8::Function>, int, v8::Local<v8::Value>*)' is deprecated: Use MakeCallback(..., async_context) [-Wdeprecated-declarations]
#9 71.34          v8::Isolate::GetCurrent(), target, func, argc, argv);
#9 71.34                                                             ^
#9 71.34 In file included from ../node_modules/nan/nan.h:49,
#9 71.34                  from ../src/database.h:10,
#9 71.34                  from ../src/database.cc:4:
#9 71.34 /root/.cache/node-gyp/14.21.3/include/node/node.h:191:50: note: declared here
#9 71.34                  NODE_EXTERN v8::Local<v8::Value> MakeCallback(
#9 71.34                                                   ^~~~~~~~~~~~
#9 71.34 /root/.cache/node-gyp/14.21.3/include/node/node.h:108:42: note: in definition of macro 'NODE_DEPRECATED'
#9 71.34      __attribute__((deprecated(message))) declarator
#9 71.34                                           ^~~~~~~~~~
#9 71.34 In file included from ../src/database.h:10,
#9 71.34                  from ../src/database.cc:4:
#9 71.34 ../node_modules/nan/nan.h: In function 'v8::Local<v8::Value> Nan::MakeCallback(v8::Local<v8::Object>, v8::Local<v8::String>, int, v8::Local<v8::Value>*)':
#9 71.34 ../node_modules/nan/nan.h:850:62: warning: 'v8::Local<v8::Value> node::MakeCallback(v8::Isolate*, v8::Local<v8::Object>, v8::Local<v8::String>, int, v8::Local<v8::Value>*)' is deprecated: Use MakeCallback(..., async_context) [-Wdeprecated-declarations]
#9 71.34          v8::Isolate::GetCurrent(), target, symbol, argc, argv);
#9 71.34                                                               ^
#9 71.34 In file included from ../node_modules/nan/nan.h:49,
#9 71.34                  from ../src/database.h:10,
#9 71.34                  from ../src/database.cc:4:
#9 71.34 /root/.cache/node-gyp/14.21.3/include/node/node.h:184:50: note: declared here
#9 71.34                  NODE_EXTERN v8::Local<v8::Value> MakeCallback(
#9 71.34                                                   ^~~~~~~~~~~~
#9 71.34 /root/.cache/node-gyp/14.21.3/include/node/node.h:108:42: note: in definition of macro 'NODE_DEPRECATED'
#9 71.34      __attribute__((deprecated(message))) declarator
#9 71.34                                           ^~~~~~~~~~
#9 71.34 In file included from ../src/database.h:10,
#9 71.34                  from ../src/database.cc:4:
#9 71.34 ../node_modules/nan/nan.h:850:62: warning: 'v8::Local<v8::Value> node::MakeCallback(v8::Isolate*, v8::Local<v8::Object>, v8::Local<v8::String>, int, v8::Local<v8::Value>*)' is deprecated: Use MakeCallback(..., async_context) [-Wdeprecated-declarations]
#9 71.34          v8::Isolate::GetCurrent(), target, symbol, argc, argv);
#9 71.34                                                               ^
#9 71.34 In file included from ../node_modules/nan/nan.h:49,
#9 71.34                  from ../src/database.h:10,
#9 71.34                  from ../src/database.cc:4:
#9 71.34 /root/.cache/node-gyp/14.21.3/include/node/node.h:184:50: note: declared here
#9 71.34                  NODE_EXTERN v8::Local<v8::Value> MakeCallback(
#9 71.34                                                   ^~~~~~~~~~~~
#9 71.34 /root/.cache/node-gyp/14.21.3/include/node/node.h:108:42: note: in definition of macro 'NODE_DEPRECATED'
#9 71.34      __attribute__((deprecated(message))) declarator
#9 71.34                                           ^~~~~~~~~~
#9 71.34 In file included from ../src/database.h:10,
#9 71.34                  from ../src/database.cc:4:
#9 71.34 ../node_modules/nan/nan.h: In function 'v8::Local<v8::Value> Nan::MakeCallback(v8::Local<v8::Object>, const char*, int, v8::Local<v8::Value>*)':
#9 71.34 ../node_modules/nan/nan.h:865:62: warning: 'v8::Local<v8::Value> node::MakeCallback(v8::Isolate*, v8::Local<v8::Object>, const char*, int, v8::Local<v8::Value>*)' is deprecated: Use MakeCallback(..., async_context) [-Wdeprecated-declarations]
#9 71.34          v8::Isolate::GetCurrent(), target, method, argc, argv);
#9 71.34                                                               ^
#9 71.35 In file included from ../node_modules/nan/nan.h:49,
#9 71.35                  from ../src/database.h:10,
#9 71.35                  from ../src/database.cc:4:
#9 71.35 /root/.cache/node-gyp/14.21.3/include/node/node.h:177:50: note: declared here
#9 71.35                  NODE_EXTERN v8::Local<v8::Value> MakeCallback(
#9 71.35                                                   ^~~~~~~~~~~~
#9 71.35 /root/.cache/node-gyp/14.21.3/include/node/node.h:108:42: note: in definition of macro 'NODE_DEPRECATED'
#9 71.35      __attribute__((deprecated(message))) declarator
#9 71.35                                           ^~~~~~~~~~
#9 71.35 In file included from ../src/database.h:10,
#9 71.35                  from ../src/database.cc:4:
#9 71.35 ../node_modules/nan/nan.h:865:62: warning: 'v8::Local<v8::Value> node::MakeCallback(v8::Isolate*, v8::Local<v8::Object>, const char*, int, v8::Local<v8::Value>*)' is deprecated: Use MakeCallback(..., async_context) [-Wdeprecated-declarations]
#9 71.35          v8::Isolate::GetCurrent(), target, method, argc, argv);
#9 71.35                                                               ^
#9 71.35 In file included from ../node_modules/nan/nan.h:49,
#9 71.35                  from ../src/database.h:10,
#9 71.35                  from ../src/database.cc:4:
#9 71.35 /root/.cache/node-gyp/14.21.3/include/node/node.h:177:50: note: declared here
#9 71.35                  NODE_EXTERN v8::Local<v8::Value> MakeCallback(
#9 71.35                                                   ^~~~~~~~~~~~
#9 71.35 /root/.cache/node-gyp/14.21.3/include/node/node.h:108:42: note: in definition of macro 'NODE_DEPRECATED'
#9 71.35      __attribute__((deprecated(message))) declarator
#9 71.35                                           ^~~~~~~~~~
#9 71.35 In file included from ../src/database.h:10,
#9 71.35                  from ../src/database.cc:4:
#9 71.35 ../node_modules/nan/nan.h: In constructor 'Nan::Utf8String::Utf8String(v8::Local<v8::Value>)':
#9 71.35 ../node_modules/nan/nan.h:911:53: error: no matching function for call to 'v8::Value::ToString()'
#9 71.35        v8::Local<v8::String> string = from->ToString();
#9 71.35                                                      ^
#9 71.35 In file included from /root/.cache/node-gyp/14.21.3/include/node/node.h:67,
#9 71.35                  from ../node_modules/nan/nan.h:49,
#9 71.35                  from ../src/database.h:10,
#9 71.35                  from ../src/database.cc:4:
#9 71.35 /root/.cache/node-gyp/14.21.3/include/node/v8.h:2810:44: note: candidate: 'v8::MaybeLocal<v8::String> v8::Value::ToString(v8::Local<v8::Context>) const'
#9 71.35    V8_WARN_UNUSED_RESULT MaybeLocal<String> ToString(
#9 71.35                                             ^~~~~~~~
#9 71.35 /root/.cache/node-gyp/14.21.3/include/node/v8.h:2810:44: note:   candidate expects 1 argument, 0 provided
#9 71.35 In file included from ../src/database.h:10,
#9 71.35                  from ../src/database.cc:4:
#9 71.35 ../node_modules/nan/nan.h:921:74: error: no matching function for call to 'v8::String::WriteUtf8(char*&, int, int, const int&)'
#9 71.35          length_ = string->WriteUtf8(str_, static_cast<int>(len), 0, flags);
#9 71.35                                                                           ^
#9 71.35 In file included from /root/.cache/node-gyp/14.21.3/include/node/node.h:67,
#9 71.35                  from ../node_modules/nan/nan.h:49,
#9 71.35                  from ../src/database.h:10,
#9 71.35                  from ../src/database.cc:4:
#9 71.35 /root/.cache/node-gyp/14.21.3/include/node/v8.h:3037:7: note: candidate: 'int v8::String::WriteUtf8(v8::Isolate*, char*, int, int*, int) const'
#9 71.35    int WriteUtf8(Isolate* isolate, char* buffer, int length = -1,
#9 71.35        ^~~~~~~~~
#9 71.35 /root/.cache/node-gyp/14.21.3/include/node/v8.h:3037:7: note:   no known conversion for argument 1 from 'char*' to 'v8::Isolate*'
#9 71.35 In file included from ../src/database.h:10,
#9 71.35                  from ../src/database.cc:4:
#9 71.35 ../node_modules/nan/nan.h: In member function 'v8::Local<v8::Value> Nan::Callback::Call_(v8::Isolate*, v8::Local<v8::Object>, int, v8::Local<v8::Value>*) const':
#9 71.35 ../node_modules/nan/nan.h:1479:5: warning: 'v8::Local<v8::Value> node::MakeCallback(v8::Isolate*, v8::Local<v8::Object>, v8::Local<v8::Function>, int, v8::Local<v8::Value>*)' is deprecated: Use MakeCallback(..., async_context) [-Wdeprecated-declarations]
#9 71.35      ));
#9 71.35      ^
#9 71.35 In file included from ../node_modules/nan/nan.h:49,
#9 71.35                  from ../src/database.h:10,
#9 71.35                  from ../src/database.cc:4:
#9 71.35 /root/.cache/node-gyp/14.21.3/include/node/node.h:191:50: note: declared here
#9 71.35                  NODE_EXTERN v8::Local<v8::Value> MakeCallback(
#9 71.35                                                   ^~~~~~~~~~~~
#9 71.35 /root/.cache/node-gyp/14.21.3/include/node/node.h:108:42: note: in definition of macro 'NODE_DEPRECATED'
#9 71.35      __attribute__((deprecated(message))) declarator
#9 71.35                                           ^~~~~~~~~~
#9 71.35 In file included from ../src/database.h:10,
#9 71.35                  from ../src/database.cc:4:
#9 71.35 ../node_modules/nan/nan.h:1479:5: warning: 'v8::Local<v8::Value> node::MakeCallback(v8::Isolate*, v8::Local<v8::Object>, v8::Local<v8::Function>, int, v8::Local<v8::Value>*)' is deprecated: Use MakeCallback(..., async_context) [-Wdeprecated-declarations]
#9 71.35      ));
#9 71.35      ^
#9 71.35 In file included from ../node_modules/nan/nan.h:49,
#9 71.35                  from ../src/database.h:10,
#9 71.35                  from ../src/database.cc:4:
#9 71.35 /root/.cache/node-gyp/14.21.3/include/node/node.h:191:50: note: declared here
#9 71.35                  NODE_EXTERN v8::Local<v8::Value> MakeCallback(
#9 71.35                                                   ^~~~~~~~~~~~
#9 71.35 /root/.cache/node-gyp/14.21.3/include/node/node.h:108:42: note: in definition of macro 'NODE_DEPRECATED'
#9 71.35      __attribute__((deprecated(message))) declarator
#9 71.35                                           ^~~~~~~~~~
#9 71.35 In file included from ../src/database.h:10,
#9 71.35                  from ../src/database.cc:4:
#9 71.35 ../node_modules/nan/nan.h: In member function 'void Nan::AsyncWorker::SaveToPersistent(const char*, const v8::Local<v8::Value>&)':
#9 71.35 ../node_modules/nan/nan.h:1533:64: error: no matching function for call to 'v8::Object::Set(v8::Local<v8::String>, const v8::Local<v8::Value>&)'
#9 71.35      New(persistentHandle)->Set(New(key).ToLocalChecked(), value);
#9 71.35                                                                 ^
#9 71.35 In file included from /root/.cache/node-gyp/14.21.3/include/node/node.h:67,
#9 71.35                  from ../node_modules/nan/nan.h:49,
#9 71.35                  from ../src/database.h:10,
#9 71.35                  from ../src/database.cc:4:
#9 71.35 /root/.cache/node-gyp/14.21.3/include/node/v8.h:3670:37: note: candidate: 'v8::Maybe<bool> v8::Object::Set(v8::Local<v8::Context>, v8::Local<v8::Value>, v8::Local<v8::Value>)'
#9 71.35    V8_WARN_UNUSED_RESULT Maybe<bool> Set(Local<Context> context,
#9 71.35                                      ^~~
#9 71.35 /root/.cache/node-gyp/14.21.3/include/node/v8.h:3670:37: note:   candidate expects 3 arguments, 2 provided
#9 71.35 /root/.cache/node-gyp/14.21.3/include/node/v8.h:3673:37: note: candidate: 'v8::Maybe<bool> v8::Object::Set(v8::Local<v8::Context>, uint32_t, v8::Local<v8::Value>)'
#9 71.35    V8_WARN_UNUSED_RESULT Maybe<bool> Set(Local<Context> context, uint32_t index,
#9 71.35                                      ^~~
#9 71.35 /root/.cache/node-gyp/14.21.3/include/node/v8.h:3673:37: note:   candidate expects 3 arguments, 2 provided
#9 71.35 In file included from ../src/database.h:10,
#9 71.35                  from ../src/database.cc:4:
#9 71.35 ../node_modules/nan/nan.h: In member function 'void Nan::AsyncWorker::SaveToPersistent(const v8::Local<v8::String>&, const v8::Local<v8::Value>&)':
#9 71.35 ../node_modules/nan/nan.h:1539:42: error: no matching function for call to 'v8::Object::Set(const v8::Local<v8::String>&, const v8::Local<v8::Value>&)'
#9 71.35      New(persistentHandle)->Set(key, value);
#9 71.35                                           ^
#9 71.35 In file included from /root/.cache/node-gyp/14.21.3/include/node/node.h:67,
#9 71.35                  from ../node_modules/nan/nan.h:49,
#9 71.35                  from ../src/database.h:10,
#9 71.35                  from ../src/database.cc:4:
#9 71.35 /root/.cache/node-gyp/14.21.3/include/node/v8.h:3670:37: note: candidate: 'v8::Maybe<bool> v8::Object::Set(v8::Local<v8::Context>, v8::Local<v8::Value>, v8::Local<v8::Value>)'
#9 71.35    V8_WARN_UNUSED_RESULT Maybe<bool> Set(Local<Context> context,
#9 71.35                                      ^~~
#9 71.35 /root/.cache/node-gyp/14.21.3/include/node/v8.h:3670:37: note:   candidate expects 3 arguments, 2 provided
#9 71.35 /root/.cache/node-gyp/14.21.3/include/node/v8.h:3673:37: note: candidate: 'v8::Maybe<bool> v8::Object::Set(v8::Local<v8::Context>, uint32_t, v8::Local<v8::Value>)'
#9 71.35    V8_WARN_UNUSED_RESULT Maybe<bool> Set(Local<Context> context, uint32_t index,
#9 71.35                                      ^~~
#9 71.35 /root/.cache/node-gyp/14.21.3/include/node/v8.h:3673:37: note:   candidate expects 3 arguments, 2 provided
#9 71.35 In file included from ../src/database.h:10,
#9 71.35                  from ../src/database.cc:4:
#9 71.35 ../node_modules/nan/nan.h: In member function 'void Nan::AsyncWorker::SaveToPersistent(uint32_t, const v8::Local<v8::Value>&)':
#9 71.35 ../node_modules/nan/nan.h:1545:44: error: no matching function for call to 'v8::Object::Set(uint32_t&, const v8::Local<v8::Value>&)'
#9 71.35      New(persistentHandle)->Set(index, value);
#9 71.35                                             ^
#9 71.35 In file included from /root/.cache/node-gyp/14.21.3/include/node/node.h:67,
#9 71.35                  from ../node_modules/nan/nan.h:49,
#9 71.35                  from ../src/database.h:10,
#9 71.35                  from ../src/database.cc:4:
#9 71.35 /root/.cache/node-gyp/14.21.3/include/node/v8.h:3670:37: note: candidate: 'v8::Maybe<bool> v8::Object::Set(v8::Local<v8::Context>, v8::Local<v8::Value>, v8::Local<v8::Value>)'
#9 71.35    V8_WARN_UNUSED_RESULT Maybe<bool> Set(Local<Context> context,
#9 71.35                                      ^~~
#9 71.35 /root/.cache/node-gyp/14.21.3/include/node/v8.h:3670:37: note:   candidate expects 3 arguments, 2 provided
#9 71.35 /root/.cache/node-gyp/14.21.3/include/node/v8.h:3673:37: note: candidate: 'v8::Maybe<bool> v8::Object::Set(v8::Local<v8::Context>, uint32_t, v8::Local<v8::Value>)'
#9 71.35    V8_WARN_UNUSED_RESULT Maybe<bool> Set(Local<Context> context, uint32_t index,
#9 71.35                                      ^~~
#9 71.35 /root/.cache/node-gyp/14.21.3/include/node/v8.h:3673:37: note:   candidate expects 3 arguments, 2 provided
#9 71.36 In file included from ../src/database.h:10,
#9 71.36                  from ../src/database.cc:4:
#9 71.36 ../node_modules/nan/nan.h: In member function 'v8::Local<v8::Value> Nan::AsyncWorker::GetFromPersistent(const char*) const':
#9 71.36 ../node_modules/nan/nan.h:1551:61: error: no matching function for call to 'v8::Object::Get(v8::Local<v8::String>)'
#9 71.36          New(persistentHandle)->Get(New(key).ToLocalChecked()));
#9 71.36                                                              ^
#9 71.36 In file included from /root/.cache/node-gyp/14.21.3/include/node/node.h:67,
#9 71.36                  from ../node_modules/nan/nan.h:49,
#9 71.36                  from ../src/database.h:10,
#9 71.36                  from ../src/database.cc:4:
#9 71.36 /root/.cache/node-gyp/14.21.3/include/node/v8.h:3717:43: note: candidate: 'v8::MaybeLocal<v8::Value> v8::Object::Get(v8::Local<v8::Context>, v8::Local<v8::Value>)'
#9 71.36    V8_WARN_UNUSED_RESULT MaybeLocal<Value> Get(Local<Context> context,
#9 71.36                                            ^~~
#9 71.36 /root/.cache/node-gyp/14.21.3/include/node/v8.h:3717:43: note:   candidate expects 2 arguments, 1 provided
#9 71.36 /root/.cache/node-gyp/14.21.3/include/node/v8.h:3720:43: note: candidate: 'v8::MaybeLocal<v8::Value> v8::Object::Get(v8::Local<v8::Context>, uint32_t)'
#9 71.36    V8_WARN_UNUSED_RESULT MaybeLocal<Value> Get(Local<Context> context,
#9 71.36                                            ^~~
#9 71.36 /root/.cache/node-gyp/14.21.3/include/node/v8.h:3720:43: note:   candidate expects 2 arguments, 1 provided
#9 71.36 In file included from ../src/database.h:10,
#9 71.36                  from ../src/database.cc:4:
#9 71.36 ../node_modules/nan/nan.h: In member function 'v8::Local<v8::Value> Nan::AsyncWorker::GetFromPersistent(const v8::Local<v8::String>&) const':
#9 71.36 ../node_modules/nan/nan.h:1557:55: error: no matching function for call to 'v8::Object::Get(const v8::Local<v8::String>&)'
#9 71.36      return scope.Escape(New(persistentHandle)->Get(key));
#9 71.36                                                        ^
#9 71.36 In file included from /root/.cache/node-gyp/14.21.3/include/node/node.h:67,
#9 71.36                  from ../node_modules/nan/nan.h:49,
#9 71.36                  from ../src/database.h:10,
#9 71.36                  from ../src/database.cc:4:
#9 71.36 /root/.cache/node-gyp/14.21.3/include/node/v8.h:3717:43: note: candidate: 'v8::MaybeLocal<v8::Value> v8::Object::Get(v8::Local<v8::Context>, v8::Local<v8::Value>)'
#9 71.36    V8_WARN_UNUSED_RESULT MaybeLocal<Value> Get(Local<Context> context,
#9 71.36                                            ^~~
#9 71.36 /root/.cache/node-gyp/14.21.3/include/node/v8.h:3717:43: note:   candidate expects 2 arguments, 1 provided
#9 71.36 /root/.cache/node-gyp/14.21.3/include/node/v8.h:3720:43: note: candidate: 'v8::MaybeLocal<v8::Value> v8::Object::Get(v8::Local<v8::Context>, uint32_t)'
#9 71.36    V8_WARN_UNUSED_RESULT MaybeLocal<Value> Get(Local<Context> context,
#9 71.36                                            ^~~
#9 71.36 /root/.cache/node-gyp/14.21.3/include/node/v8.h:3720:43: note:   candidate expects 2 arguments, 1 provided
#9 71.36 In file included from ../src/database.h:10,
#9 71.36                  from ../src/database.cc:4:
#9 71.36 ../node_modules/nan/nan.h: In member function 'v8::Local<v8::Value> Nan::AsyncWorker::GetFromPersistent(uint32_t) const':
#9 71.36 ../node_modules/nan/nan.h:1562:57: error: no matching function for call to 'v8::Object::Get(uint32_t&)'
#9 71.36      return scope.Escape(New(persistentHandle)->Get(index));
#9 71.36                                                          ^
#9 71.36 In file included from /root/.cache/node-gyp/14.21.3/include/node/node.h:67,
#9 71.36                  from ../node_modules/nan/nan.h:49,
#9 71.36                  from ../src/database.h:10,
#9 71.36                  from ../src/database.cc:4:
#9 71.36 /root/.cache/node-gyp/14.21.3/include/node/v8.h:3717:43: note: candidate: 'v8::MaybeLocal<v8::Value> v8::Object::Get(v8::Local<v8::Context>, v8::Local<v8::Value>)'
#9 71.36    V8_WARN_UNUSED_RESULT MaybeLocal<Value> Get(Local<Context> context,
#9 71.36                                            ^~~
#9 71.36 /root/.cache/node-gyp/14.21.3/include/node/v8.h:3717:43: note:   candidate expects 2 arguments, 1 provided
#9 71.36 /root/.cache/node-gyp/14.21.3/include/node/v8.h:3720:43: note: candidate: 'v8::MaybeLocal<v8::Value> v8::Object::Get(v8::Local<v8::Context>, uint32_t)'
#9 71.36    V8_WARN_UNUSED_RESULT MaybeLocal<Value> Get(Local<Context> context,
#9 71.36                                            ^~~
#9 71.36 /root/.cache/node-gyp/14.21.3/include/node/v8.h:3720:43: note:   candidate expects 2 arguments, 1 provided
#9 71.36 In file included from ../src/database.h:10,
#9 71.36                  from ../src/database.cc:4:
#9 71.36 ../node_modules/nan/nan.h: In function 'void Nan::AsyncQueueWorker(Nan::AsyncWorker*)':
#9 71.36 ../node_modules/nan/nan.h:1732:62: warning: cast between incompatible function types from 'void (*)(uv_work_t*)' {aka 'void (*)(uv_work_s*)'} to 'uv_after_work_cb' {aka 'void (*)(uv_work_s*, int)'} [-Wcast-function-type]
#9 71.36      , reinterpret_cast<uv_after_work_cb>(AsyncExecuteComplete)
#9 71.36                                                               ^
#9 71.37 In file included from ../node_modules/nan/nan.h:2222,
#9 71.37                  from ../src/database.h:10,
#9 71.37                  from ../src/database.cc:4:
#9 71.37 ../node_modules/nan/nan_object_wrap.h: In member function 'void Nan::ObjectWrap::MakeWeak()':
#9 71.37 ../node_modules/nan/nan_object_wrap.h:67:18: error: 'class Nan::Persistent<v8::Object>' has no member named 'MarkIndependent'
#9 71.40 In file included from ../src/database.cc:3:
#9 71.40 ../src/database.cc: In member function 'void node_sqlite3::Database::Process()':
#9 71.40 ../src/macros.h:91:13: error: no matching function for call to 'v8::String::Concat(v8::Local<v8::String>, v8::Local<v8::String>)'
#9 71.40              ),                                                                 \
#9 71.40              ^
#9 71.40 ../src/database.cc:40:9: note: in expansion of macro 'EXCEPTION'
#9 71.40          EXCEPTION(Nan::New("Database handle is closed").ToLocalChecked(), SQLITE_MISUSE, exception);
#9 71.40          ^~~~~~~~~
#9 71.40 In file included from /root/.cache/node-gyp/14.21.3/include/node/node.h:67,
#9 71.40                  from ../node_modules/nan/nan.h:49,
#9 71.40                  from ../src/database.h:10,
#9 71.40                  from ../src/database.cc:4:
#9 71.40 /root/.cache/node-gyp/14.21.3/include/node/v8.h:3221:24: note: candidate: 'static v8::Local<v8::String> v8::String::Concat(v8::Isolate*, v8::Local<v8::String>, v8::Local<v8::String>)'
#9 71.40    static Local<String> Concat(Isolate* isolate, Local<String> left,
#9 71.40                         ^~~~~~
#9 71.40 /root/.cache/node-gyp/14.21.3/include/node/v8.h:3221:24: note:   candidate expects 3 arguments, 2 provided
#9 71.40 In file included from ../src/database.cc:3:
#9 71.40 ../src/database.cc: In member function 'void node_sqlite3::Database::Schedule(node_sqlite3::Database::Work_Callback, node_sqlite3::Database::Baton*, bool)':
#9 71.40 ../src/macros.h:91:13: error: no matching function for call to 'v8::String::Concat(v8::Local<v8::String>, v8::Local<v8::String>)'
#9 71.40              ),                                                                 \
#9 71.40              ^
#9 71.40 ../src/database.cc:88:9: note: in expansion of macro 'EXCEPTION'
#9 71.40          EXCEPTION(Nan::New("Database is closed").ToLocalChecked(), SQLITE_MISUSE, exception);
#9 71.40          ^~~~~~~~~
#9 71.40 In file included from /root/.cache/node-gyp/14.21.3/include/node/node.h:67,
#9 71.40                  from ../node_modules/nan/nan.h:49,
#9 71.40                  from ../src/database.h:10,
#9 71.40                  from ../src/database.cc:4:
#9 71.40 /root/.cache/node-gyp/14.21.3/include/node/v8.h:3221:24: note: candidate: 'static v8::Local<v8::String> v8::String::Concat(v8::Isolate*, v8::Local<v8::String>, v8::Local<v8::String>)'
#9 71.40    static Local<String> Concat(Isolate* isolate, Local<String> left,
#9 71.40                         ^~~~~~
#9 71.40 /root/.cache/node-gyp/14.21.3/include/node/v8.h:3221:24: note:   candidate expects 3 arguments, 2 provided
#9 71.41 ../src/database.cc: In static member function 'static void node_sqlite3::Database::Work_BeginOpen(node_sqlite3::Database::Baton*)':
#9 71.41 ../src/database.cc:145:55: warning: cast between incompatible function types from 'void (*)(uv_work_t*)' {aka 'void (*)(uv_work_s*)'} to 'uv_after_work_cb' {aka 'void (*)(uv_work_s*, int)'} [-Wcast-function-type]
#9 71.41          &baton->request, Work_Open, (uv_after_work_cb)Work_AfterOpen);
#9 71.41                                                        ^~~~~~~~~~~~~~
#9 71.41 ../src/database.cc:144:9: warning: unused variable 'status' [-Wunused-variable]
#9 71.41      int status = uv_queue_work(uv_default_loop(),
#9 71.41          ^~~~~~
#9 71.41 In file included from ../src/database.cc:3:
#9 71.41 ../src/database.cc: In static member function 'static void node_sqlite3::Database::Work_AfterOpen(uv_work_t*)':
#9 71.41 ../src/macros.h:91:13: error: no matching function for call to 'v8::String::Concat(v8::Local<v8::String>, v8::Local<v8::String>)'
#9 71.41              ),                                                                 \
#9 71.41              ^
#9 71.41 ../src/database.cc:179:9: note: in expansion of macro 'EXCEPTION'
#9 71.41          EXCEPTION(Nan::New(baton->message.c_str()).ToLocalChecked(), baton->status, exception);
#9 71.41          ^~~~~~~~~
#9 71.41 In file included from /root/.cache/node-gyp/14.21.3/include/node/node.h:67,
#9 71.41                  from ../node_modules/nan/nan.h:49,
#9 71.41                  from ../src/database.h:10,
#9 71.41                  from ../src/database.cc:4:
#9 71.41 /root/.cache/node-gyp/14.21.3/include/node/v8.h:3221:24: note: candidate: 'static v8::Local<v8::String> v8::String::Concat(v8::Isolate*, v8::Local<v8::String>, v8::Local<v8::String>)'
#9 71.41    static Local<String> Concat(Isolate* isolate, Local<String> left,
#9 71.41                         ^~~~~~
#9 71.41 /root/.cache/node-gyp/14.21.3/include/node/v8.h:3221:24: note:   candidate expects 3 arguments, 2 provided
#9 71.41 ../src/database.cc: In static member function 'static void node_sqlite3::Database::Work_BeginClose(node_sqlite3::Database::Baton*)':
#9 71.41 ../src/database.cc:231:56: warning: cast between incompatible function types from 'void (*)(uv_work_t*)' {aka 'void (*)(uv_work_s*)'} to 'uv_after_work_cb' {aka 'void (*)(uv_work_s*, int)'} [-Wcast-function-type]
#9 71.41          &baton->request, Work_Close, (uv_after_work_cb)Work_AfterClose);
#9 71.41                                                         ^~~~~~~~~~~~~~~
#9 71.41 ../src/database.cc:230:9: warning: unused variable 'status' [-Wunused-variable]
#9 71.41      int status = uv_queue_work(uv_default_loop(),
#9 71.41          ^~~~~~
#9 71.41 In file included from ../src/database.cc:3:
#9 71.41 ../src/database.cc: In static member function 'static void node_sqlite3::Database::Work_AfterClose(uv_work_t*)':
#9 71.41 ../src/macros.h:91:13: error: no matching function for call to 'v8::String::Concat(v8::Local<v8::String>, v8::Local<v8::String>)'
#9 71.41              ),                                                                 \
#9 71.41              ^
#9 71.41 ../src/database.cc:259:9: note: in expansion of macro 'EXCEPTION'
#9 71.41          EXCEPTION(Nan::New(baton->message.c_str()).ToLocalChecked(), baton->status, exception);
#9 71.41          ^~~~~~~~~
#9 71.41 In file included from /root/.cache/node-gyp/14.21.3/include/node/node.h:67,
#9 71.41                  from ../node_modules/nan/nan.h:49,
#9 71.41                  from ../src/database.h:10,
#9 71.41                  from ../src/database.cc:4:
#9 71.41 /root/.cache/node-gyp/14.21.3/include/node/v8.h:3221:24: note: candidate: 'static v8::Local<v8::String> v8::String::Concat(v8::Isolate*, v8::Local<v8::String>, v8::Local<v8::String>)'
#9 71.41    static Local<String> Concat(Isolate* isolate, Local<String> left,
#9 71.41                         ^~~~~~
#9 71.41 /root/.cache/node-gyp/14.21.3/include/node/v8.h:3221:24: note:   candidate expects 3 arguments, 2 provided
#9 71.42 ../src/database.cc: In static member function 'static Nan::NAN_METHOD_RETURN_TYPE node_sqlite3::Database::Configure(Nan::NAN_METHOD_ARGS_TYPE)':
#9 71.42 ../src/database.cc:351:9: error: no matching function for call to 'v8::String::Concat(v8::Local<v8::String>, v8::Local<v8::String>)'
#9 71.42          )));
#9 71.42          ^
#9 71.42 In file included from /root/.cache/node-gyp/14.21.3/include/node/node.h:67,
#9 71.42                  from ../node_modules/nan/nan.h:49,
#9 71.42                  from ../src/database.h:10,
#9 71.42                  from ../src/database.cc:4:
#9 71.42 /root/.cache/node-gyp/14.21.3/include/node/v8.h:3221:24: note: candidate: 'static v8::Local<v8::String> v8::String::Concat(v8::Isolate*, v8::Local<v8::String>, v8::Local<v8::String>)'
#9 71.42    static Local<String> Concat(Isolate* isolate, Local<String> left,
#9 71.42                         ^~~~~~
#9 71.42 /root/.cache/node-gyp/14.21.3/include/node/v8.h:3221:24: note:   candidate expects 3 arguments, 2 provided
#9 71.42 ../src/database.cc:351:11: error: return-statement with a value, in function returning 'Nan::NAN_METHOD_RETURN_TYPE' {aka 'void'} [-fpermissive]
#9 71.42          )));
#9 71.42            ^
#9 71.43 ../src/database.cc: In static member function 'static void node_sqlite3::Database::Work_BeginExec(node_sqlite3::Database::Baton*)':
#9 71.43 ../src/database.cc:526:55: warning: cast between incompatible function types from 'void (*)(uv_work_t*)' {aka 'void (*)(uv_work_s*)'} to 'uv_after_work_cb' {aka 'void (*)(uv_work_s*, int)'} [-Wcast-function-type]
#9 71.43          &baton->request, Work_Exec, (uv_after_work_cb)Work_AfterExec);
#9 71.43                                                        ^~~~~~~~~~~~~~
#9 71.43 ../src/database.cc:525:9: warning: unused variable 'status' [-Wunused-variable]
#9 71.43      int status = uv_queue_work(uv_default_loop(),
#9 71.43          ^~~~~~
#9 71.43 In file included from ../src/database.cc:3:
#9 71.43 ../src/database.cc: In static member function 'static void node_sqlite3::Database::Work_AfterExec(uv_work_t*)':
#9 71.43 ../src/macros.h:91:13: error: no matching function for call to 'v8::String::Concat(v8::Local<v8::String>, v8::Local<v8::String>)'
#9 71.43              ),                                                                 \
#9 71.43              ^
#9 71.43 ../src/database.cc:557:9: note: in expansion of macro 'EXCEPTION'
#9 71.43          EXCEPTION(Nan::New(baton->message.c_str()).ToLocalChecked(), baton->status, exception);
#9 71.43          ^~~~~~~~~
#9 71.43 In file included from /root/.cache/node-gyp/14.21.3/include/node/node.h:67,
#9 71.43                  from ../node_modules/nan/nan.h:49,
#9 71.43                  from ../src/database.h:10,
#9 71.43                  from ../src/database.cc:4:
#9 71.43 /root/.cache/node-gyp/14.21.3/include/node/v8.h:3221:24: note: candidate: 'static v8::Local<v8::String> v8::String::Concat(v8::Isolate*, v8::Local<v8::String>, v8::Local<v8::String>)'
#9 71.43    static Local<String> Concat(Isolate* isolate, Local<String> left,
#9 71.43                         ^~~~~~
#9 71.43 /root/.cache/node-gyp/14.21.3/include/node/v8.h:3221:24: note:   candidate expects 3 arguments, 2 provided
#9 71.43 ../src/database.cc: In static member function 'static void node_sqlite3::Database::Work_BeginLoadExtension(node_sqlite3::Database::Baton*)':
#9 71.43 ../src/database.cc:626:104: warning: cast between incompatible function types from 'void (*)(uv_work_t*)' {aka 'void (*)(uv_work_s*)'} to 'uv_after_work_cb' {aka 'void (*)(uv_work_s*, int)'} [-Wcast-function-type]
#9 71.43          &baton->request, Work_LoadExtension, reinterpret_cast<uv_after_work_cb>(Work_AfterLoadExtension));
#9 71.43                                                                                                         ^
#9 71.43 ../src/database.cc:625:9: warning: unused variable 'status' [-Wunused-variable]
#9 71.43      int status = uv_queue_work(uv_default_loop(),
#9 71.43          ^~~~~~
#9 71.43 In file included from ../src/database.cc:3:
#9 71.43 ../src/database.cc: In static member function 'static void node_sqlite3::Database::Work_AfterLoadExtension(uv_work_t*)':
#9 71.43 ../src/macros.h:91:13: error: no matching function for call to 'v8::String::Concat(v8::Local<v8::String>, v8::Local<v8::String>)'
#9 71.43              ),                                                                 \
#9 71.43              ^
#9 71.43 ../src/database.cc:659:9: note: in expansion of macro 'EXCEPTION'
#9 71.43          EXCEPTION(Nan::New(baton->message.c_str()).ToLocalChecked(), baton->status, exception);
#9 71.43          ^~~~~~~~~
#9 71.43 In file included from /root/.cache/node-gyp/14.21.3/include/node/node.h:67,
#9 71.43                  from ../node_modules/nan/nan.h:49,
#9 71.43                  from ../src/database.h:10,
#9 71.43                  from ../src/database.cc:4:
#9 71.43 /root/.cache/node-gyp/14.21.3/include/node/v8.h:3221:24: note: candidate: 'static v8::Local<v8::String> v8::String::Concat(v8::Isolate*, v8::Local<v8::String>, v8::Local<v8::String>)'
#9 71.43    static Local<String> Concat(Isolate* isolate, Local<String> left,
#9 71.43                         ^~~~~~
#9 71.43 /root/.cache/node-gyp/14.21.3/include/node/v8.h:3221:24: note:   candidate expects 3 arguments, 2 provided
#9 71.48 In file included from ../src/database.h:12,
#9 71.48                  from ../src/database.cc:4:
#9 71.48 ../src/async.h: In instantiation of 'Async<Item, Parent>::Async(Parent*, Async<Item, Parent>::Callback) [with Item = std::__cxx11::basic_string<char>; Parent = node_sqlite3::Database; Async<Item, Parent>::Callback = void (*)(node_sqlite3::Database*, std::__cxx11::basic_string<char>*)]':
#9 71.48 ../src/database.cc:391:59:   required from here
#9 71.48 ../src/async.h:29:52: warning: cast between incompatible function types from 'void (*)(uv_async_t*, int)' {aka 'void (*)(uv_async_s*, int)'} to 'uv_async_cb' {aka 'void (*)(uv_async_s*)'} [-Wcast-function-type]
#9 71.48 ../src/async.h: In instantiation of 'Async<Item, Parent>::Async(Parent*, Async<Item, Parent>::Callback) [with Item = node_sqlite3::Database::ProfileInfo; Parent = node_sqlite3::Database; Async<Item, Parent>::Callback = void (*)(node_sqlite3::Database*, node_sqlite3::Database::ProfileInfo*)]':
#9 71.48 ../src/database.cc:429:65:   required from here
#9 71.48 ../src/async.h:29:52: warning: cast between incompatible function types from 'void (*)(uv_async_t*, int)' {aka 'void (*)(uv_async_s*, int)'} to 'uv_async_cb' {aka 'void (*)(uv_async_s*)'} [-Wcast-function-type]
#9 71.48 ../src/async.h: In instantiation of 'Async<Item, Parent>::Async(Parent*, Async<Item, Parent>::Callback) [with Item = node_sqlite3::Database::UpdateInfo; Parent = node_sqlite3::Database; Async<Item, Parent>::Callback = void (*)(node_sqlite3::Database*, node_sqlite3::Database::UpdateInfo*)]':
#9 71.48 ../src/database.cc:470:62:   required from here
#9 71.48 ../src/async.h:29:52: warning: cast between incompatible function types from 'void (*)(uv_async_t*, int)' {aka 'void (*)(uv_async_s*, int)'} to 'uv_async_cb' {aka 'void (*)(uv_async_s*)'} [-Wcast-function-type]
#9 71.61 ../src/database.cc: At global scope:
#9 71.61 ../src/database.cc:689:1: fatal error: opening dependency file ./Release/.deps/Release/obj.target/node_sqlite3/src/database.o.d.raw: No such file or directory
#9 71.61  }
#9 71.61  ^
#9 71.61 compilation terminated.
#9 71.62 make: *** [node_sqlite3.target.mk:131: Release/obj.target/node_sqlite3/src/database.o] Error 1
#9 71.62 make: Leaving directory '/usr/src/app/node_modules/sqlite3/build'
#9 71.62 gyp ERR! build error 
#9 71.63 gyp ERR! stack Error: `make` failed with exit code: 2
#9 71.63 gyp ERR! stack     at ChildProcess.onExit (/usr/local/lib/node_modules/npm/node_modules/node-gyp/lib/build.js:194:23)
#9 71.63 gyp ERR! stack     at ChildProcess.emit (events.js:400:28)
#9 71.63 gyp ERR! stack     at Process.ChildProcess._handle.onexit (internal/child_process.js:285:12)
#9 71.63 gyp ERR! System Linux 3.10.0-1160.31.1.el7.x86_64
#9 71.63 gyp ERR! command "/usr/local/bin/node" "/usr/local/lib/node_modules/npm/node_modules/node-gyp/bin/node-gyp.js" "build" "--fallback-to-build" "--module=/usr/src/app/node_modules/sqlite3/lib/binding/node-v83-linux-x64/node_sqlite3.node" "--module_name=node_sqlite3" "--module_path=/usr/src/app/node_modules/sqlite3/lib/binding/node-v83-linux-x64"
#9 71.63 gyp ERR! cwd /usr/src/app/node_modules/sqlite3
#9 71.63 gyp ERR! node -v v14.21.3
#9 71.63 gyp ERR! node-gyp -v v5.1.1
#9 71.63 gyp ERR! not ok 
#9 71.79 npm WARN notsup Unsupported engine for grunt@1.6.1: wanted: {"node":">=16"} (current: {"node":"14.21.3","npm":"6.14.18"})
#9 71.79 npm WARN notsup Not compatible with your version of node/npm: grunt@1.6.1
#9 71.79 
#9 71.91 npm ERR! code ELIFECYCLE
#9 71.91 npm ERR! errno 1
#9 71.92 npm ERR! sqlite3@3.1.13 install: `node-pre-gyp install --fallback-to-build`
#9 71.92 npm ERR! Exit status 1
#9 71.92 npm ERR! 
#9 71.92 npm ERR! Failed at the sqlite3@3.1.13 install script.
#9 71.92 npm ERR! This is probably not a problem with npm. There is likely additional logging output above.
#9 71.99 
#9 71.99 npm ERR! A complete log of this run can be found in:
#9 71.99 npm ERR!     /root/.npm/_logs/2024-08-01T04_41_00_319Z-debug.log
#9 ERROR: process "/bin/sh -c npm install" did not complete successfully: exit code: 1
------
 > [5/7] RUN npm install:
71.63 gyp ERR! not ok 
errno 1
71.92 npm ERR! sqlite3@3.1.13 install: `node-pre-gyp install --fallback-to-build`
71.92 npm ERR! Exit status 1
71.92 npm ERR! 
71.92 npm ERR! Failed at the sqlite3@3.1.13 install script.
71.92 npm ERR! This is probably not a problem with npm. There is likely additional logging output above.
71.99 
71.99 npm ERR! A complete log of this run can be found in:
71.99 npm ERR!     /root/.npm/_logs/2024-08-01T04_41_00_319Z-debug.log
------
v1_Dockerfile:9
--------------------
   7 |     # Install app dependencies
   8 |     COPY package.json /usr/src/app/
   9 | >>> RUN npm install
  10 |     
  11 |     # Bundle app source
--------------------
ERROR: failed to solve: process "/bin/sh -c npm install" did not complete successfully: exit code: 1
Duration: 2:11.82