
Below is the flaky Dockerfile:

# Dockerfile
```FROM node:lts-alpine AS builder
COPY . /app
WORKDIR /app
RUN npm audit && npm i && npm run build

FROM alpine:3
COPY --from=builder /app/dist /app/dist
RUN apk add --no-cache python3 py3-pip py3-pyldap py3-pytoml \
    && pip3 install 'python-dotenv==0.19.*' \
        'Hypercorn==0.13.*' 'Jinja2<3.1.0' 'Quart==0.16.*'
COPY app.py settings.py /app

WORKDIR /app
EXPOSE 5000
CMD ["/usr/bin/hypercorn", "-b", "0.0.0.0:5000", "--access-logfile", "-", "app:app"]
```

And below is the build error that occurred when trying to build the Dockerfile:
# Build Error
```> [builder 4/4] RUN npm audit && npm i && npm run build:
# npm audit report
postcss  <8.4.31
Severity: moderate
PostCSS line return parsing error - https://github.com/advisories/GHSA-7fh5-64p2-3v2j
fix available via `npm audit fix`
node_modules/postcss
vite  4.- 4.5.2
Severity: high
Vite Server Options (server.fs.deny) can be bypassed using double forward-slash (//) - https://github.com/advisories/GHSA-353f-5xf4-qw67
Vite dev server option `server.fs.deny` can be bypassed when hosted on case-insensitive filesystem - https://github.com/advisories/GHSA-c24v-8rfc-w8vw
Vite's `server.fs.deny` did not deny requests for patterns with directories. - https://github.com/advisories/GHSA-8jhw-289h-jh2g
fix available via `npm audit fix`
node_modules/vite
word-wrap  <1.2.4
Severity: moderate
word-wrap vulnerable to Regular Expression Denial of Service - https://github.com/advisories/GHSA-j8xg-fqg3-53r7
fix available via `npm audit fix`
node_modules/word-wrap
3 vulnerabilities (2 moderate, 1 high)
To address all issues, run:
  npm audit fix
npm notice
npm notice New patch version of npm available! 10.-> 10.8.2
npm notice Changelog: https://github.com/npm/cli/releases/tag/v10.8.2
npm notice To update run: npm install -g npm@10.8.2
npm notice
ERROR: process "/bin/sh -c npm audit && npm i && npm run build" did not complete successfully: exit code: 1```

Below are a few examples of dockerfiles and their build errors alongside their repairs. These examples are provided to help you understand the task better.

# Example 1
## Example Dockerfile
```FROM node:onbuild
MAINTAINER "Antoine Bluchet <soyuka@gmail.com>"
ENV EXPLORER_CONFIG="/opt/explorer"
RUN npm rebuild && \
        npm install gulp bower -g && \
        bower install --allow-root && \
        gulp

```

## Example Build Error
```> [5/2] RUN npm rebuild &&         npm install gulp bower -g &&         bower install --allow-root &&         gulp:
zip-stream@0./usr/src/app/node_modules/zip-stream
async@1./usr/src/app/node_modules/async
raw-body@2./usr/src/app/node_modules/raw-body
fresh@0./usr/src/app/node_modules/fresh
gaze@0./usr/src/app/node_modules/gaze
> es5-ext@0.postinstall /usr/local/lib/node_modules/gulp/node_modules/es5-ext
>  node -e "try{require('./_postinstall')}catch(e){}" || exit 0
npm WARN optional SKIPPING OPTIONAL DEPENDENCY: fsevents@^1.(node_modules/gulp/node_modules/chokidar/node_modules/fsevents):
npm WARN notsup SKIPPING OPTIONAL DEPENDENCY: Unsupported platform for fsevents@1.2.13: wanted {"os":"darwin","arch":"any"} (current: {"os":"linux","arch":"x64"})
+ gulp@4.0.2
+ bower@1.8.14
added 326 packages in 14.959s
bower foundation#~5.CERT_HAS_EXPIRED Request to https://registry.bower.io/packages/foundation failed: certificate has expired
ERROR: process "/bin/sh -c npm rebuild &&         npm install gulp bower -g &&         bower install --allow-root &&         gulp" did not complete successfully: exit code: 1```

## Example Repair

### Repair 1
```FROM node:onbuild
MAINTAINER "Antoine Bluchet <soyuka@gmail.com>"
ENV EXPLORER_CONFIG="/opt/explorer"
RUN npm rebuild && \
    npm install gulp bower -g && \
    npm config set strict-ssl false && \
    bower --allow-root install --config.interactive=false && \
    gulp```


# Example 2
## Example Dockerfile
```FROM node:8

COPY env.js nuxt.config.js package.json .editorconfig .eslintrc.js package-lock.json /app/

WORKDIR /app

RUN npm install --registry=https://registry.npm.taobao.org

COPY . /app

RUN npm run build

ENV HOST=0.0.0.0

CMD ["npm","start"]

```

## Example Build Error
```> [4/6] RUN npm install --registry=https://registry.npm.taobao.org:
npm WARN deprecated nuxt-i18n@5.12.7: Please use the @nuxtjs/i18n package going forward
npm WARN deprecated acorn-dynamic-import@4.0.0: This is probably built in to whatever tool you're using. If you still need it... idk
npm WARN deprecated @kazupon/vue-i18n-loader@0.3.0: WARNING: If you would like to use @kazupon/vue-i18n-loader that is released new features and bug fixes, you need to install @intlify/vue-i18n-loader.
npm WARN deprecated vue-i18n-extensions@0.2.1: WARNING: If you would like to use vue-i18n-extensions that is released new features and bug fixes, you need to install @intlify/vue-i18n-extensions.
npm ERR! code EINTEGRITY
npm ERR! sha512-z8H8/diyk76B7q5wg+Ud0+CqzcAF3mBBI/bA5ne5zrRUUIvNkJY//D3BqyH571KuAC4Nr7Rw7CjWX4r0y9DvNg== integrity checksum failed when using sha512: wanted sha512-z8H8/diyk76B7q5wg+Ud0+CqzcAF3mBBI/bA5ne5zrRUUIvNkJY//D3BqyH571KuAC4Nr7Rw7CjWX4r0y9DvNg== but got sha512-+ux3lx6peh0BpvY0JebGyZoiR4D+oYzdPZMKJwkZ+sFkNJzpL7tXc/wehS49gUAxg3tmMHPHZkA8JU2rhhgDHw==. (649719 bytes)
npm ERR! A complete log of this run can be found in:
npm ERR!     /root/.npm/_logs/2023-10-12T15_17_50_163Z-debug.log
ERROR: process "/bin/sh -c npm install --registry=https://registry.npm.taobao.org" did not complete successfully: exit code: 1```

## Example Repair

### Repair 1
```FROM node:8

COPY env.js nuxt.config.js package.json .editorconfig .eslintrc.js package-lock.json /app/

WORKDIR /app

RUN npm install

COPY . /app

RUN npm run build

ENV HOST=0.0.0.0

CMD ["npm","start"]

```


# Example 3
## Example Dockerfile
```FROM mhart/alpine-node:9

WORKDIR /app
COPY . /app

RUN rm -f package-lock.json \
    ; rm -rf .idea \
    ; rm -rf node_modules \
    ; npm config set registry "https://registry.npm.taobao.org/" \
    && npm install

EXPOSE 3000
CMD ["node", "app.js"]

```

## Example Build Error
```> [4/4] RUN rm -f package-lock.json     ; rm -rf .idea     ; rm -rf node_modules     ; npm config set registry "https://registry.npm.taobao.org/"     && npm install:
npm WARN deprecated request@2.88.2: request has been deprecated, see https://github.com/request/request/issues/3142
npm WARN deprecated mkdirp@0.5.1: Legacy versions of mkdirp are no longer supported. Please update to mkdirp 1.x. (Note that the API surface has changed to use Promises in 1.x.)
npm WARN deprecated har-validator@5.1.5: this library is no longer supported
npm WARN deprecated uuid@3.4.0: Please upgrade  to version 7 or higher.  Older versions may use Math.random() in certain circumstances, which is known to be problematic.  See https://v8.dev/blog/math-random for details.
npm WARN deprecated core-js@2.6.12: core-js@<3.is no longer maintained and not recommended for usage due to the number of issues. Because of the V8 engine whims, feature detection in old core-js versions could cause a slowdown up to 100x even if nothing is polyfilled. Some versions have web compatibility issues. Please, upgrade your dependencies to the actual version of core-js.
npm ERR! code ERR_STREAM_WRITE_AFTER_END
npm ERR! write after end
npm ERR! A complete log of this run can be found in:
npm ERR!     /root/.npm/_logs/2023-07-03T00_39_26_158Z-debug.log
ERROR: process "/bin/sh -c rm -f package-lock.json     ; rm -rf .idea     ; rm -rf node_modules     ; npm config set registry \"https://registry.npm.taobao.org/\"     && npm install" did not complete successfully: exit code: 1```

## Example Repair

### Repair 1
```FROM mhart/alpine-node:9

WORKDIR /app
COPY . /app

RUN rm -f package-lock.json \
    ; rm -rf .idea \
    ; rm -rf node_modules \
    ; npm install -g npm@5.6.0 \
    && npm install

EXPOSE 3000
CMD ["node", "app.js"]

```


### Repair 2
```FROM mhart/alpine-node:9

WORKDIR /app
COPY . /app

RUN rm -f package-lock.json \
    ; rm -rf .idea \
    ; rm -rf node_modules \
    ; npm install -g npm@6.1.0 \
    && npm install

EXPOSE 3000
CMD ["node", "app.js"]

```

Your task is to repair the Dockerfile based on the Dockerfile and its build error provided alongside the examples provided for you for as demonstrations. To solve the problem, and based on the information provided, first, you should diagnose which part is causing the flakiness and why. Then, according to the characteristics of that flakiness, repair the Dockerfile. the output Dockerfile must be within five angle brackets:
    <<<<<
    Dockerfile content 
    >>>>>
