#0 building with "default" instance using docker driver

#1 [internal] load build definition from v1_Dockerfile
#1 transferring dockerfile:
#1 transferring dockerfile: 1.10kB done
#1 DONE 0.3s

#2 [internal] load .dockerignore
#2 transferring context: 2B done
#2 DONE 0.4s

#3 [internal] load metadata for docker.io/library/golang:1.16-alpine
#3 DONE 1.5s

#4 [internal] load metadata for docker.io/library/alpine:latest
#4 DONE 1.5s

#5 [internal] load build context
#5 DONE 0.0s

#6 [stage-1 1/6] FROM docker.io/library/alpine@sha256:0a4eaa0eecf5f8c050e5bba433f58c052be7587ee8af3e8b3910ef9ab5fbe9f5
#6 resolve docker.io/library/alpine@sha256:0a4eaa0eecf5f8c050e5bba433f58c052be7587ee8af3e8b3910ef9ab5fbe9f5
#6 resolve docker.io/library/alpine@sha256:0a4eaa0eecf5f8c050e5bba433f58c052be7587ee8af3e8b3910ef9ab5fbe9f5 0.4s done
#6 sha256:0a4eaa0eecf5f8c050e5bba433f58c052be7587ee8af3e8b3910ef9ab5fbe9f5 1.85kB / 1.85kB done
#6 sha256:eddacbc7e24bf8799a4ed3cdcfa50d4b88a323695ad80f317b6629883b2c2a78 528B / 528B done
#6 sha256:324bc02ae1231fd9255658c128086395d3fa0aedd5a41ab6b034fd649d1a9260 1.47kB / 1.47kB done
#6 ...

#5 [internal] load build context
#5 transferring context: 42.98MB 0.5s done
#5 DONE 1.1s

#6 [stage-1 1/6] FROM docker.io/library/alpine@sha256:0a4eaa0eecf5f8c050e5bba433f58c052be7587ee8af3e8b3910ef9ab5fbe9f5
#6 DONE 1.7s

#7 [build-env 1/6] FROM docker.io/library/golang:1.16-alpine@sha256:5616dca835fa90ef13a843824ba58394dad356b7d56198fb7c93cbe76d7d67fe
#7 resolve docker.io/library/golang:1.16-alpine@sha256:5616dca835fa90ef13a843824ba58394dad356b7d56198fb7c93cbe76d7d67fe 0.4s done
#7 sha256:5616dca835fa90ef13a843824ba58394dad356b7d56198fb7c93cbe76d7d67fe 1.65kB / 1.65kB done
#7 sha256:9743f230f26d1e300545f0330fd4a514f554c535d967563ee77bf634906502b6 1.36kB / 1.36kB done
#7 sha256:7642119cd16177d874dcbfe1c550affd336dbe4cabb3339ef685ac1d6ec71ccc 5.17kB / 5.17kB done
#7 sha256:59bf1c3509f33515622619af21ed55bbe26d24913cedbca106468a5fb37a50c3 2.82MB / 2.82MB 0.4s done
#7 sha256:666ba61612fd7c93393f9a5bc1751d8a9929e32d51501dba691da9e8232bc87b 282.16kB / 282.16kB 0.3s done
#7 sha256:8ed8ca4862056a130f714accb3538decfa0663fec84e635d8b5a0a3305353dee 155B / 155B 0.7s done
#7 extracting sha256:59bf1c3509f33515622619af21ed55bbe26d24913cedbca106468a5fb37a50c3 0.2s done
#7 sha256:ca4bf87e467a8cacf62c9b01c7d6d43f6ca4bb9b0fc9146fbb906b05aee56cc1 4.19MB / 105.89MB 0.8s
#7 extracting sha256:666ba61612fd7c93393f9a5bc1751d8a9929e32d51501dba691da9e8232bc87b
#7 sha256:ca4bf87e467a8cacf62c9b01c7d6d43f6ca4bb9b0fc9146fbb906b05aee56cc1 13.63MB / 105.89MB 1.0s
#7 sha256:0435e09637941e35cccdf9cf9171571811d2fdfe72c27e39543a718d38d28668 0B / 156B 1.0s
#7 sha256:ca4bf87e467a8cacf62c9b01c7d6d43f6ca4bb9b0fc9146fbb906b05aee56cc1 24.12MB / 105.89MB 1.2s
#7 extracting sha256:666ba61612fd7c93393f9a5bc1751d8a9929e32d51501dba691da9e8232bc87b 0.1s done
#7 sha256:0435e09637941e35cccdf9cf9171571811d2fdfe72c27e39543a718d38d28668 156B / 156B 1.0s done
#7 extracting sha256:8ed8ca4862056a130f714accb3538decfa0663fec84e635d8b5a0a3305353dee done
#7 sha256:ca4bf87e467a8cacf62c9b01c7d6d43f6ca4bb9b0fc9146fbb906b05aee56cc1 36.70MB / 105.89MB 1.5s
#7 sha256:ca4bf87e467a8cacf62c9b01c7d6d43f6ca4bb9b0fc9146fbb906b05aee56cc1 45.09MB / 105.89MB 1.7s
#7 sha256:ca4bf87e467a8cacf62c9b01c7d6d43f6ca4bb9b0fc9146fbb906b05aee56cc1 57.67MB / 105.89MB 1.9s
#7 sha256:ca4bf87e467a8cacf62c9b01c7d6d43f6ca4bb9b0fc9146fbb906b05aee56cc1 69.21MB / 105.89MB 2.1s
#7 sha256:ca4bf87e467a8cacf62c9b01c7d6d43f6ca4bb9b0fc9146fbb906b05aee56cc1 80.74MB / 105.89MB 2.3s
#7 sha256:ca4bf87e467a8cacf62c9b01c7d6d43f6ca4bb9b0fc9146fbb906b05aee56cc1 90.18MB / 105.89MB 2.5s
#7 sha256:ca4bf87e467a8cacf62c9b01c7d6d43f6ca4bb9b0fc9146fbb906b05aee56cc1 97.52MB / 105.89MB 2.7s
#7 sha256:ca4bf87e467a8cacf62c9b01c7d6d43f6ca4bb9b0fc9146fbb906b05aee56cc1 104.86MB / 105.89MB 3.0s
#7 sha256:ca4bf87e467a8cacf62c9b01c7d6d43f6ca4bb9b0fc9146fbb906b05aee56cc1 105.89MB / 105.89MB 4.1s done
#7 ...

#8 [stage-1 2/6] RUN echo 'http://dl-cdn.alpinelinux.org/alpine/v3.9/main' >> /etc/apk/repositories
#8 DONE 3.5s

#7 [build-env 1/6] FROM docker.io/library/golang:1.16-alpine@sha256:5616dca835fa90ef13a843824ba58394dad356b7d56198fb7c93cbe76d7d67fe
#7 extracting sha256:ca4bf87e467a8cacf62c9b01c7d6d43f6ca4bb9b0fc9146fbb906b05aee56cc1 0.1s
#7 extracting sha256:ca4bf87e467a8cacf62c9b01c7d6d43f6ca4bb9b0fc9146fbb906b05aee56cc1 7.5s
#7 ...

#9 [stage-1 3/6] RUN apk --update add --no-cache nmap     nmap-nselibs     nmap-scripts     curl-dev==7.64.0-r5
#9 1.260 fetch https://dl-cdn.alpinelinux.org/alpine/v3.20/main/x86_64/APKINDEX.tar.gz
#9 1.529 fetch https://dl-cdn.alpinelinux.org/alpine/v3.20/community/x86_64/APKINDEX.tar.gz
#9 1.867 fetch http://dl-cdn.alpinelinux.org/alpine/v3.9/main/x86_64/APKINDEX.tar.gz
#9 2.274 (1/19) Installing pkgconf (2.2.0-r0)
#9 2.280 (2/19) Installing openssl-dev (3.3.1-r3)
#9 2.314 (3/19) Installing libssh2 (1.11.0-r2)
#9 2.321 (4/19) Installing zlib-dev (1.3.1-r1)
#9 2.325 (5/19) Installing libssh2-dev (1.11.0-r2)
#9 2.331 (6/19) Installing nghttp2-libs (1.62.1-r0)
#9 2.359 (7/19) Installing nghttp2-dev (1.62.1-r0)
#9 2.368 (8/19) Installing ca-certificates (20240705-r0)
#9 2.395 (9/19) Installing libcrypto1.1 (1.1.1k-r0)
#9 2.445 (10/19) Installing libssl1.1 (1.1.1k-r0)
#9 2.478 (11/19) Installing libcurl (7.64.0-r5)
#9 2.491 (12/19) Installing curl-dev (7.64.0-r5)
#9 2.507 (13/19) Installing libgcc (13.2.1_git20240309-r0)
#9 2.512 (14/19) Installing lua5.4-libs (5.4.6-r1)
#9 2.518 (15/19) Installing libpcap (1.10.4-r1)
#9 2.525 (16/19) Installing libstdc++ (13.2.1_git20240309-r0)
#9 2.552 (17/19) Installing nmap (7.95-r0)
#9 2.643 (18/19) Installing nmap-nselibs (7.95-r0)
#9 2.738 (19/19) Installing nmap-scripts (7.95-r0)
#9 2.849 Executing busybox-1.36.1-r29.trigger
#9 2.855 Executing ca-certificates-20240705-r0.trigger
#9 2.902 OK: 45 MiB in 33 packages
#9 DONE 7.5s

#10 [stage-1 4/6] WORKDIR /app/cameradar
#10 DONE 1.0s

#7 [build-env 1/6] FROM docker.io/library/golang:1.16-alpine@sha256:5616dca835fa90ef13a843824ba58394dad356b7d56198fb7c93cbe76d7d67fe
#7 extracting sha256:ca4bf87e467a8cacf62c9b01c7d6d43f6ca4bb9b0fc9146fbb906b05aee56cc1 9.6s done
#7 extracting sha256:0435e09637941e35cccdf9cf9171571811d2fdfe72c27e39543a718d38d28668
#7 extracting sha256:0435e09637941e35cccdf9cf9171571811d2fdfe72c27e39543a718d38d28668 done
#7 DONE 16.2s

#11 [build-env 2/6] COPY . /go/src/github.com/Ullaakut/cameradar
#11 DONE 2.7s

#12 [build-env 3/6] WORKDIR /go/src/github.com/Ullaakut/cameradar/cmd/cameradar
#12 DONE 0.3s

#13 [build-env 4/6] RUN apk update &&     apk upgrade &&     apk add nmap nmap-nselibs nmap-scripts     curl curl-dev     gcc     libc-dev     git     pkgconfig
#13 0.562 fetch https://dl-cdn.alpinelinux.org/alpine/v3.15/main/x86_64/APKINDEX.tar.gz
#13 0.796 fetch https://dl-cdn.alpinelinux.org/alpine/v3.15/community/x86_64/APKINDEX.tar.gz
#13 2.217 v3.15.11-7-g438bf8e758d [https://dl-cdn.alpinelinux.org/alpine/v3.15/main]
#13 2.217 v3.15.10-165-g73b5f3b6fbe [https://dl-cdn.alpinelinux.org/alpine/v3.15/community]
#13 2.217 OK: 15867 distinct packages available
#13 2.497 (1/10) Upgrading musl (1.2.2-r7 -> 1.2.2-r9)
#13 2.537 (2/10) Upgrading busybox (1.34.1-r3 -> 1.34.1-r7)
#13 2.556 Executing busybox-1.34.1-r7.post-upgrade
#13 2.569 (3/10) Upgrading ca-certificates-bundle (20191127-r7 -> 20230506-r0)
#13 2.581 (4/10) Upgrading libcrypto1.1 (1.1.1l-r7 -> 1.1.1w-r1)
#13 3.678 (5/10) Upgrading libssl1.1 (1.1.1l-r7 -> 1.1.1w-r1)
#13 3.698 (6/10) Upgrading libretls (3.3.4-r2 -> 3.3.4-r3)
#13 3.702 (7/10) Upgrading ssl_client (1.34.1-r3 -> 1.34.1-r7)
#13 3.778 (8/10) Upgrading zlib (1.2.11-r3 -> 1.2.12-r3)
#13 3.782 (9/10) Upgrading ca-certificates (20191127-r7 -> 20230506-r0)
#13 3.809 (10/10) Upgrading musl-utils (1.2.2-r7 -> 1.2.2-r9)
#13 3.816 Executing busybox-1.34.1-r7.trigger
#13 3.820 Executing ca-certificates-20230506-r0.trigger
#13 3.866 OK: 6 MiB in 15 packages
#13 4.160 (1/33) Installing brotli-libs (1.0.9-r5)
#13 4.200 (2/33) Installing nghttp2-libs (1.46.0-r2)
#13 4.205 (3/33) Installing libcurl (8.5.0-r0)
#13 4.225 (4/33) Installing curl (8.5.0-r0)
#13 4.232 (5/33) Installing pkgconf (1.8.1-r0)
#13 4.254 (6/33) Installing openssl-dev (1.1.1w-r1)
#13 4.278 (7/33) Installing nghttp2-dev (1.46.0-r2)
#13 4.288 (8/33) Installing zlib-dev (1.2.12-r3)
#13 4.293 (9/33) Installing brotli-dev (1.0.9-r5)
#13 4.298 (10/33) Installing curl-dev (8.5.0-r0)
#13 4.314 (11/33) Installing libgcc (10.3.1_git20211027-r0)
#13 4.318 (12/33) Installing libstdc++ (10.3.1_git20211027-r0)
#13 4.336 (13/33) Installing binutils (2.37-r3)
#13 5.466 (14/33) Installing libgomp (10.3.1_git20211027-r0)
#13 5.473 (15/33) Installing libatomic (10.3.1_git20211027-r0)
#13 5.477 (16/33) Installing libgphobos (10.3.1_git20211027-r0)
#13 5.990 (17/33) Installing gmp (6.2.1-r1)
#13 6.370 (18/33) Installing isl22 (0.22-r0)
#13 6.391 (19/33) Installing mpfr4 (4.1.0-r0)
#13 6.899 (20/33) Installing mpc1 (1.2.1-r0)
#13 6.903 (21/33) Installing gcc (10.3.1_git20211027-r0)
#13 8.680 (22/33) Installing expat (2.5.0-r0)
#13 8.686 (23/33) Installing pcre2 (10.42-r0)
#13 8.697 (24/33) Installing git (2.34.8-r0)
#13 8.866 (25/33) Installing musl-dev (1.2.2-r9)
#13 9.346 (26/33) Installing libc-dev (0.7.2-r3)
#13 9.350 (27/33) Installing lua5.3-libs (5.3.6-r1)
#13 9.952 (28/33) Installing libpcap (1.10.1-r0)
#13 10.56 (29/33) Installing pcre (8.45-r1)
#13 10.57 (30/33) Installing libssh2 (1.10.0-r2)
#13 10.80 (31/33) Installing nmap (7.92-r2)
#13 11.21 (32/33) Installing nmap-nselibs (7.92-r2)
#13 12.34 (33/33) Installing nmap-scripts (7.92-r2)
#13 13.33 Executing busybox-1.34.1-r7.trigger
#13 13.34 OK: 168 MiB in 48 packages
#13 DONE 17.0s

#14 [build-env 5/6] RUN go version
#14 0.602 go version go1.16.15 linux/amd64
#14 DONE 0.8s

#15 [build-env 6/6] RUN go build -o cameradar
#15 2.376 go: downloading github.com/Ullaakut/disgo v0.3.1
#15 2.377 go: downloading github.com/spf13/viper v1.4.0
#15 2.377 go: downloading github.com/spf13/pflag v1.0.3
#15 2.379 go: downloading github.com/Ullaakut/go-curl v0.0.0-20190525093431-597e157bbffd
#15 2.381 go: downloading github.com/Ullaakut/nmap v2.0.0+incompatible
#15 2.481 go: downloading github.com/hashicorp/hcl v1.0.0
#15 2.481 go: downloading github.com/spf13/cast v1.3.0
#15 2.481 go: downloading github.com/fsnotify/fsnotify v1.4.7
#15 2.481 go: downloading github.com/magiconair/properties v1.8.0
#15 2.481 go: downloading github.com/spf13/jwalterweatherman v1.0.0
#15 2.481 go: downloading github.com/mitchellh/mapstructure v1.1.2
#15 2.481 go: downloading gopkg.in/yaml.v2 v2.2.2
#15 2.481 go: downloading github.com/spf13/afero v1.1.2
#15 2.481 go: downloading github.com/pelletier/go-toml v1.2.0
#15 2.619 go: downloading golang.org/x/sys v0.0.0-20190222072716-a9d3bda3a223
#15 2.640 go: downloading golang.org/x/text v0.3.0
#15 2.773 go: downloading github.com/fatih/color v1.7.0
#15 2.869 go: downloading github.com/mattn/go-isatty v0.0.8
#15 2.869 go: downloading github.com/mattn/go-colorable v0.1.2
#15 4.473 # github.com/Ullaakut/go-curl
#15 4.473 In file included from /go/pkg/mod/github.com/!ullaakut/go-curl@v0.0.0-20190525093431-597e157bbffd/const.go:5:
#15 4.473 ./compat.h:423:2: error: #error your version is TOOOOOOOO low
#15 4.473   423 | #error your version is TOOOOOOOO low
#15 4.473       |  ^~~~~
#15 ERROR: process "/bin/sh -c go build -o cameradar" did not complete successfully: exit code: 2
------
 > [build-env 6/6] RUN go build -o cameradar:
2.619 go: downloading golang.org/x/sys v0.0.0-20190222072716-a9d3bda3a223
2.640 go: downloading golang.org/x/text v0.3.0
2.773 go: downloading github.com/fatih/color v1.7.0
2.869 go: downloading github.com/mattn/go-isatty v0.0.8
2.869 go: downloading github.com/mattn/go-colorable v0.1.2
4.473 # github.com/Ullaakut/go-curl
4.473 In file included from /go/pkg/mod/github.com/!ullaakut/go-curl@v0.0.0-20190525093431-597e157bbffd/const.go:5:
4.473 ./compat.h:423:2: error: #error your version is TOOOOOOOO low
4.473   423 | #error your version is TOOOOOOOO low
4.473       |  ^~~~~
------
v1_Dockerfile:17
--------------------
  15 |     ENV GO111MODULE=on
  16 |     RUN go version
  17 | >>> RUN go build -o cameradar
  18 |     
  19 |     # Final stage
--------------------
ERROR: failed to solve: process "/bin/sh -c go build -o cameradar" did not complete successfully: exit code: 2
Duration: 0:45.60