
Below is the flaky Dockerfile:

# Dockerfile
```FROM funkyfuture/nest-of-serpents

ENTRYPOINT tox
WORKDIR /src

RUN pip3.7 install black flake8 pre-commit pytest tox PyYAML Sphinx \
 && mkdir /home/tox \
 && mv /root/.cache /home/tox/

RUN useradd -m tox \
 && chown -R tox.tox /home/tox/.cache

ADD . .
RUN mkdir .tox \
 && chown -R tox.tox .

USER tox
```

And below is the build error that occurred when trying to build the Dockerfile:
# Build Error
```> [3/6] RUN pip3.7 install black flake8 pre-commit pytest tox PyYAML Sphinx  && mkdir /home/tox  && mv /root/.cache /home/tox/:
[3/6] RUN pipinstall black flake8 pre-commit pytest tox PyYAML Sphinx  && mkdir /home/tox  && mv /root/.cache /home/tox/
Collecting distlib<1,>=0.(from virtualenv>=20.10.0->pre-commit)
  Building wheel for typed-ast (setup.py): finished with status 'error'
  ERROR: Complete output from command /usr/bin/python-u -c 'import setuptools, tokenize;__file__='"'"'/tmp/pip-install-eet5kzns/typed-ast/setup.py'"'"';f=getattr(tokenize, '"'"'open'"'"', open)(__file__);code=f.read().replace('"'"'\r\n'"'"', '"'"'\n'"'"');f.close();exec(compile(code, __file__, '"'"'exec'"'"'))' bdist_wheel -d /tmp/pip-wheel-wi35cin2 --python-tag cp37:
  ERROR: running bdist_wheel
  running build
  running build_py
  creating build
  creating build/lib.linux-x86_64-3.7
  creating build/lib.linux-x86_64-3.7/typed_ast
  copying typed_ast/__init__.py -> build/lib.linux-x86_64-3.7/typed_ast
  copying typed_ast/ast27.py -> build/lib.linux-x86_64-3.7/typed_ast
  copying typed_ast/ast3.py -> build/lib.linux-x86_64-3.7/typed_ast
  copying typed_ast/conversions.py -> build/lib.linux-x86_64-3.7/typed_ast
  package init file 'ast3/tests/__init__.py' not found (or not a regular file)
  creating build/lib.linux-x86_64-3.7/typed_ast/tests
  copying ast3/tests/test_basics.py -> build/lib.linux-x86_64-3.7/typed_ast/tests
  running build_ext
  building '_ast27' extension
  creating build/temp.linux-x86_64-3.7
  creating build/temp.linux-x86_64-3.7/ast27
  creating build/temp.linux-x86_64-3.7/ast27/Parser
  creating build/temp.linux-x86_64-3.7/ast27/Python
  creating build/temp.linux-x86_64-3.7/ast27/Custom
  x86_64-linux-gnu-gcc -pthread -DNDEBUG -g -fwrapv -O2 -Wall -g -fdebug-prefix-map=/build/python3.7-0Cmdei/python3.7-3.7.3=. -fstack-protector-strong -Wformat -Werror=format-security -Wdate-time -D_FORTIFY_SOURCE=2 -fPIC -Iast27/Include -I/usr/include/python3.7m -c ast27/Parser/acceler.c -o build/temp.linux-x86_64-3.7/ast27/Parser/acceler.o
  In file included from ast27/Parser/acceler.c:13:0:
  ast27/Parser/../Include/pgenheaders.h:8:10: fatal error: Python.h: No such file or directory
   #include "Python.h"
            ^~~~~~~~~~
  compilation terminated.
  error: command 'x86_64-linux-gnu-gcc' failed with exit status 1
  ----------------------------------------
  ERROR: Failed building wheel for typed-ast
  Running setup.py clean for typed-ast
ERROR: virtualenv 20.has requirement importlib-metadata>=6.6; python_version < "3.8", but you'll have importlib-metadata 4.which is incompatible.
ERROR: tox 4.has requirement importlib-metadata>=6.7; python_version < "3.8", but you'll have importlib-metadata 4.which is incompatible.
ERROR: sphinx 5.has requirement importlib-metadata>=4.8; python_version < "3.10", but you'll have importlib-metadata 4.which is incompatible.
Installing collected packages: packaging, tomli, pathspec, typed-ast, typing-extensions, platformdirs, mypy-extensions, zipp, importlib-metadata, click, black, pycodestyle, pyflakes, mccabe, flake8, distlib, filelock, virtualenv, identify, nodeenv, PyYAML, cfgv, pre-commit, pluggy, iniconfig, exceptiongroup, pytest, cachetools, pyproject-api, colorama, chardet, tox, sphinxcontrib-htmlhelp, Pygments, alabaster, snowballstemmer, sphinxcontrib-qthelp, sphinxcontrib-applehelp, docutils, pytz, babel, imagesize, sphinxcontrib-serializinghtml, certifi, charset-normalizer, idna, urllib3, requests, MarkupSafe, Jinja2, sphinxcontrib-devhelp, sphinxcontrib-jsmath, Sphinx
    Running setup.py install for typed-ast: finished with status 'error'
    ERROR: Complete output from command /usr/bin/python-u -c 'import setuptools, tokenize;__file__='"'"'/tmp/pip-install-eet5kzns/typed-ast/setup.py'"'"';f=getattr(tokenize, '"'"'open'"'"', open)(__file__);code=f.read().replace('"'"'\r\n'"'"', '"'"'\n'"'"');f.close();exec(compile(code, __file__, '"'"'exec'"'"'))' install --record /tmp/pip-record-yit9r3tk/install-record.txt --single-version-externally-managed --compile:
    ERROR: running install
    running build
    running build_py
    creating build
    creating build/lib.linux-x86_64-3.7
    creating build/lib.linux-x86_64-3.7/typed_ast
    copying typed_ast/__init__.py -> build/lib.linux-x86_64-3.7/typed_ast
    copying typed_ast/ast27.py -> build/lib.linux-x86_64-3.7/typed_ast
    copying typed_ast/ast3.py -> build/lib.linux-x86_64-3.7/typed_ast
    copying typed_ast/conversions.py -> build/lib.linux-x86_64-3.7/typed_ast
    package init file 'ast3/tests/__init__.py' not found (or not a regular file)
    creating build/lib.linux-x86_64-3.7/typed_ast/tests
    copying ast3/tests/test_basics.py -> build/lib.linux-x86_64-3.7/typed_ast/tests
    running build_ext
    building '_ast27' extension
    creating build/temp.linux-x86_64-3.7
    creating build/temp.linux-x86_64-3.7/ast27
    creating build/temp.linux-x86_64-3.7/ast27/Parser
    creating build/temp.linux-x86_64-3.7/ast27/Python
    creating build/temp.linux-x86_64-3.7/ast27/Custom
    x86_64-linux-gnu-gcc -pthread -DNDEBUG -g -fwrapv -O2 -Wall -g -fdebug-prefix-map=/build/python3.7-0Cmdei/python3.7-3.7.3=. -fstack-protector-strong -Wformat -Werror=format-security -Wdate-time -D_FORTIFY_SOURCE=2 -fPIC -Iast27/Include -I/usr/include/python3.7m -c ast27/Parser/acceler.c -o build/temp.linux-x86_64-3.7/ast27/Parser/acceler.o
    In file included from ast27/Parser/acceler.c:13:0:
    ast27/Parser/../Include/pgenheaders.h:8:10: fatal error: Python.h: No such file or directory
     #include "Python.h"
              ^~~~~~~~~~
    compilation terminated.
    error: command 'x86_64-linux-gnu-gcc' failed with exit status 1
    ----------------------------------------
ERROR: Command "/usr/bin/python-u -c 'import setuptools, tokenize;__file__='"'"'/tmp/pip-install-eet5kzns/typed-ast/setup.py'"'"';f=getattr(tokenize, '"'"'open'"'"', open)(__file__);code=f.read().replace('"'"'\r\n'"'"', '"'"'\n'"'"');f.close();exec(compile(code, __file__, '"'"'exec'"'"'))' install --record /tmp/pip-record-yit9r3tk/install-record.txt --single-version-externally-managed --compile" failed with error code 1 in /tmp/pip-install-eet5kzns/typed-ast/
WARNING: You are using pip version 19.1, however version is available.
You should consider upgrading via the 'pip install --upgrade pip' command.
ERROR: process "/bin/sh -c pipinstall black flake8 pre-commit pytest tox PyYAML Sphinx  && mkdir /home/tox  && mv /root/.cache /home/tox/" did not complete successfully: exit code: 1```

Below are a few examples of dockerfiles and their build errors alongside their repairs. These examples are provided to help you understand the task better.

# Example 1
## Example Dockerfile
```FROM node:10-alpine

LABEL maintainer="Odd Networks <info@oddnetworks.com>"

RUN \
	mkdir -p /opt/app && \
	chmod -R 777 /opt/app && \
	apk update && \
	apk --no-cache --update add \
	bash make g++ python py-pip jq && \
	pip install awscli && \
	npm i -g npm

ENV PS1='$NODE_ENV-${debian_chroot:+($debian_chroot)}\u@\h:\w\$ ' \
	PROJECT_DIR=/opt/app \
	PATH=/opt/app/node_modules/.bin:$PATH

WORKDIR $PROJECT_DIR

EXPOSE 3001

CMD /bin/bash

```

## Example Build Error
```> [2/3] RUN 	mkdir -p /opt/app && 	chmod -R 777 /opt/app && 	apk update && 	apk --no-cache --update add 	bash make g++ python py-pip jq && 	pip install awscli && 	npm i -g npm:
    Complete output from command python setup.py egg_info:
    running egg_info
    creating pip-egg-info/PyYAML.egg-info
    writing pip-egg-info/PyYAML.egg-info/PKG-INFO
    writing top-level names to pip-egg-info/PyYAML.egg-info/top_level.txt
    writing dependency_links to pip-egg-info/PyYAML.egg-info/dependency_links.txt
    writing manifest file 'pip-egg-info/PyYAML.egg-info/SOURCES.txt'
    Traceback (most recent call last):
      File "<string>", line 1, in <module>
      File "/tmp/pip-install-qaJuZR/PyYAML/setup.py", line 295, in <module>
        python_requires='>=2.7, !=3.0.*, !=3.1.*, !=3.2.*, !=3.3.*, !=3.4.*, !=3.5.*',
      File "/tmp/pip-build-env-dupA9N/lib/python2.7/site-packages/setuptools/__init__.py", line 162, in setup
        return distutils.core.setup(**attrs)
      File "/usr/lib/python2.7/distutils/core.py", line 151, in setup
        dist.run_commands()
      File "/usr/lib/python2.7/distutils/dist.py", line 953, in run_commands
        self.run_command(cmd)
      File "/usr/lib/python2.7/distutils/dist.py", line 972, in run_command
        cmd_obj.run()
      File "/tmp/pip-build-env-dupA9N/lib/python2.7/site-packages/setuptools/command/egg_info.py", line 296, in run
        self.find_sources()
      File "/tmp/pip-build-env-dupA9N/lib/python2.7/site-packages/setuptools/command/egg_info.py", line 303, in find_sources
        mm.run()
      File "/tmp/pip-build-env-dupA9N/lib/python2.7/site-packages/setuptools/command/egg_info.py", line 534, in run
        self.add_defaults()
      File "/tmp/pip-build-env-dupA9N/lib/python2.7/site-packages/setuptools/command/egg_info.py", line 570, in add_defaults
        sdist.add_defaults(self)
      File "/tmp/pip-build-env-dupA9N/lib/python2.7/site-packages/setuptools/command/py36compat.py", line 36, in add_defaults
        self._add_defaults_ext()
      File "/tmp/pip-build-env-dupA9N/lib/python2.7/site-packages/setuptools/command/py36compat.py", line 120, in _add_defaults_ext
        self.filelist.extend(build_ext.get_source_files())
      File "/tmp/pip-install-qaJuZR/PyYAML/setup.py", line 201, in get_source_files
        self.cython_sources(ext.sources, ext)
      File "/usr/lib/python2.7/distutils/cmd.py", line 105, in __getattr__
        raise AttributeError, attr
    AttributeError: cython_sources
    
    ----------------------------------------
Command "python setup.py egg_info" failed with error code 1 in /tmp/pip-install-qaJuZR/PyYAML/
ERROR: process "/bin/sh -c mkdir -p /opt/app && \tchmod -R 777 /opt/app && \tapk update && \tapk --no-cache --update add \tbash make g++ python py-pip jq && \tpip install awscli && \tnpm i -g npm" did not complete successfully: exit code: 1```

## Example Repair

### Repair 1
```FROM node:10-alpine

LABEL maintainer="Odd Networks <info@oddnetworks.com>"

RUN \
	mkdir -p /opt/app && \
	chmod -R 777 /opt/app && \
	apk update && \
	apk --no-cache --update add \
	bash make g++ python3 py3-pip jq && \
	pip3 install awscli && \
	npm i -g npm

ENV PS1='$NODE_ENV-${debian_chroot:+($debian_chroot)}\u@\h:\w\$ ' \
	PROJECT_DIR=/opt/app \
	PATH=/opt/app/node_modules/.bin:$PATH

WORKDIR $PROJECT_DIR

EXPOSE 3001

CMD /bin/bash
```


# Example 2
## Example Dockerfile
```FROM docker.io/python:3.10-alpine
ENV PYTHONUNBUFFERED 1

RUN apk add --no-cache --upgrade \
        ca-certificates \
        nodejs \
        build-base \
        libffi-dev \
        openssl-dev \
        unzip && \
    rm -rf /var/cache/apk/*

WORKDIR /wheels

COPY . /flexget

RUN pip install -U pip && \
    pip wheel -e /flexget && \
    pip wheel 'transmission-rpc>=3.0.0,<4.0.0' && \
    pip wheel deluge-client && \
    pip wheel cloudscraper

WORKDIR /flexget-ui-v2
RUN wget https://github.com/Flexget/webui/releases/latest/download/dist.zip && \
    unzip dist.zip && \
    rm dist.zip

FROM docker.io/python:3.10-alpine
ENV PYTHONUNBUFFERED 1

RUN apk add --no-cache --upgrade \
        ca-certificates \
        nodejs \
        tzdata && \
    rm -rf /var/cache/apk/*

COPY --from=0 /wheels /wheels

RUN pip install -U pip && \
    pip install --no-cache-dir \
                --no-index \
                -f /wheels \
                FlexGet \
                'transmission-rpc>=3.0.0,<4.0.0' \
                deluge-client \
                cloudscraper && \
    rm -rf /wheels

COPY --from=0 /flexget-ui-v2 /usr/local/lib/python3.10/site-packages/flexget/ui/v2/

VOLUME /config
WORKDIR /config

ENTRYPOINT ["flexget"]

```

## Example Build Error
```> [stage-0 5/7] RUN pip install -U pip &&     pip wheel -e /flexget &&     pip wheel 'transmission-rpc>=3.0.0,<4.0.0' &&     pip wheel deluge-client &&     pip wheel cloudscraper:
  Getting requirements to build wheel: finished with status 'error'
  error: subprocess-exited-with-error
  
  × Getting requirements to build wheel did not run successfully.
  │ exit code: 1
  ╰─> [48 lines of output]
      running egg_info
      writing lib/PyYAML.egg-info/PKG-INFO
      writing dependency_links to lib/PyYAML.egg-info/dependency_links.txt
      writing top-level names to lib/PyYAML.egg-info/top_level.txt
      Traceback (most recent call last):
        File "/usr/local/lib/python3.10/site-packages/pip/_vendor/pyproject_hooks/_in_process/_in_process.py", line 353, in <module>
          main()
        File "/usr/local/lib/python3.10/site-packages/pip/_vendor/pyproject_hooks/_in_process/_in_process.py", line 335, in main
          json_out['return_val'] = hook(**hook_input['kwargs'])
        File "/usr/local/lib/python3.10/site-packages/pip/_vendor/pyproject_hooks/_in_process/_in_process.py", line 118, in get_requires_for_build_wheel
          return hook(config_settings)
        File "/tmp/pip-build-env-fjpwffhu/overlay/lib/python3.10/site-packages/setuptools/build_meta.py", line 341, in get_requires_for_build_wheel
          return self._get_build_requires(config_settings, requirements=['wheel'])
        File "/tmp/pip-build-env-fjpwffhu/overlay/lib/python3.10/site-packages/setuptools/build_meta.py", line 323, in _get_build_requires
          self.run_setup()
        File "/tmp/pip-build-env-fjpwffhu/overlay/lib/python3.10/site-packages/setuptools/build_meta.py", line 338, in run_setup
          exec(code, locals())
        File "<string>", line 288, in <module>
        File "/tmp/pip-build-env-fjpwffhu/overlay/lib/python3.10/site-packages/setuptools/__init__.py", line 107, in setup
          return distutils.core.setup(**attrs)
        File "/tmp/pip-build-env-fjpwffhu/overlay/lib/python3.10/site-packages/setuptools/_distutils/core.py", line 185, in setup
          return run_commands(dist)
        File "/tmp/pip-build-env-fjpwffhu/overlay/lib/python3.10/site-packages/setuptools/_distutils/core.py", line 201, in run_commands
          dist.run_commands()
        File "/tmp/pip-build-env-fjpwffhu/overlay/lib/python3.10/site-packages/setuptools/_distutils/dist.py", line 969, in run_commands
          self.run_command(cmd)
        File "/tmp/pip-build-env-fjpwffhu/overlay/lib/python3.10/site-packages/setuptools/dist.py", line 1234, in run_command
          super().run_command(command)
        File "/tmp/pip-build-env-fjpwffhu/overlay/lib/python3.10/site-packages/setuptools/_distutils/dist.py", line 988, in run_command
          cmd_obj.run()
        File "/tmp/pip-build-env-fjpwffhu/overlay/lib/python3.10/site-packages/setuptools/command/egg_info.py", line 314, in run
          self.find_sources()
        File "/tmp/pip-build-env-fjpwffhu/overlay/lib/python3.10/site-packages/setuptools/command/egg_info.py", line 322, in find_sources
          mm.run()
        File "/tmp/pip-build-env-fjpwffhu/overlay/lib/python3.10/site-packages/setuptools/command/egg_info.py", line 551, in run
          self.add_defaults()
        File "/tmp/pip-build-env-fjpwffhu/overlay/lib/python3.10/site-packages/setuptools/command/egg_info.py", line 589, in add_defaults
          sdist.add_defaults(self)
        File "/tmp/pip-build-env-fjpwffhu/overlay/lib/python3.10/site-packages/setuptools/command/sdist.py", line 104, in add_defaults
          super().add_defaults()
        File "/tmp/pip-build-env-fjpwffhu/overlay/lib/python3.10/site-packages/setuptools/_distutils/command/sdist.py", line 251, in add_defaults
          self._add_defaults_ext()
        File "/tmp/pip-build-env-fjpwffhu/overlay/lib/python3.10/site-packages/setuptools/_distutils/command/sdist.py", line 336, in _add_defaults_ext
          self.filelist.extend(build_ext.get_source_files())
        File "<string>", line 204, in get_source_files
        File "/tmp/pip-build-env-fjpwffhu/overlay/lib/python3.10/site-packages/setuptools/_distutils/cmd.py", line 107, in __getattr__
          raise AttributeError(attr)
      AttributeError: cython_sources
      [end of output]
  
  note: This error originates from a subprocess, and is likely not a problem with pip.
error: subprocess-exited-with-error
× Getting requirements to build wheel did not run successfully.
│ exit code: 1
╰─> See above for output.
note: This error originates from a subprocess, and is likely not a problem with pip.
ERROR: process "/bin/sh -c pip install -U pip &&     pip wheel -e /flexget &&     pip wheel 'transmission-rpc>=3.0.0,<4.0.0' &&     pip wheel deluge-client &&     pip wheel cloudscraper" did not complete successfully: exit code: 1```

## Example Repair

### Repair 1
```FROM docker.io/python:3.10-alpine
ENV PYTHONUNBUFFERED 1

RUN apk add --no-cache --upgrade \
        ca-certificates \
        nodejs \
        build-base \
        libffi-dev \
        openssl-dev \
        unzip && \
    rm -rf /var/cache/apk/*

WORKDIR /wheels

COPY . /flexget

RUN echo "cython<3" > /tmp/constraint.txt

RUN pip install -U pip && \
    PIP_CONSTRAINT=/tmp/constraint.txt pip wheel -e /flexget && \
    pip wheel 'transmission-rpc>=3.0.0,<4.0.0' && \
    pip wheel deluge-client && \
    pip wheel cloudscraper

WORKDIR /flexget-ui-v2
RUN wget https://github.com/Flexget/webui/releases/latest/download/dist.zip && \
    unzip dist.zip && \
    rm dist.zip

FROM docker.io/python:3.10-alpine
ENV PYTHONUNBUFFERED 1

RUN apk add --no-cache --upgrade \
        ca-certificates \
        nodejs \
        tzdata && \
    rm -rf /var/cache/apk/*

COPY --from=0 /wheels /wheels

RUN pip install -U pip && \
    pip install --no-cache-dir \
                --no-index \
                -f /wheels \
                FlexGet \
                'transmission-rpc>=3.0.0,<4.0.0' \
                deluge-client \
                cloudscraper && \
    rm -rf /wheels

COPY --from=0 /flexget-ui-v2 /usr/local/lib/python3.10/site-packages/flexget/ui/v2/

VOLUME /config
WORKDIR /config

ENTRYPOINT ["flexget"]

```


# Example 3
## Example Dockerfile
```FROM alpine
MAINTAINER "Simon Gomizelj <simon@vodik.xyz>"

RUN apk add --no-cache \
    python3 \
    python3-dev \
    build-base \
    ragel \
    pacman-dev \
    libffi-dev \
 && rm -rf /var/cache/apk/*

RUN python3 -m ensurepip && pip3 install \
    cffi \
    pytest \
    pytest-xdist

ADD . /usr/src
WORKDIR /usr/src
CMD ["make", "tests"]

```

## Example Build Error
```> [3/5] RUN python3 -m ensurepip && pip3 install     cffi     pytest     pytest-xdist:
error: externally-managed-environment
× This environment is externally managed
╰─> 
    The system-wide python installation should be maintained using the system
    package manager (apk) only.
    
    If the package in question is not packaged already (and hence installable via
    "apk add py3-somepackage"), please consider installing it inside a virtual
    environment, e.g.:
    
    python3 -m venv /path/to/venv
    . /path/to/venv/bin/activate
    pip install mypackage
    
    To exit the virtual environment, run:
    
    deactivate
    
    The virtual environment is not deleted, and can be re-entered by re-sourcing
    the activate file.
    
    To automatically manage virtual environments, consider using pipx (from the
    pipx package).
note: If you believe this is a mistake, please contact your Python installation or OS distribution provider. You can override this, at the risk of breaking your Python installation or OS, by passing --break-system-packages.
hint: See PEP 668 for the detailed specification.
    sys.exit(ensurepip._main())
             ^^^^^^^^^^^^^^^^^
  File "/usr/lib/python3.11/ensurepip/__init__.py", line 286, in _main
    return _bootstrap(
           ^^^^^^^^^^^
  File "/usr/lib/python3.11/ensurepip/__init__.py", line 202, in _bootstrap
    return _run_pip([*args, *_PACKAGE_NAMES], additional_paths)
           ^^^^^^^^^^^^^^^^^^^^^^^^^^^^^^^^^^^^^^^^^^^^^^^^^^^^
  File "/usr/lib/python3.11/ensurepip/__init__.py", line 103, in _run_pip
    return subprocess.run(cmd, check=True).returncode
           ^^^^^^^^^^^^^^^^^^^^^^^^^^^^^^^
  File "/usr/lib/python3.11/subprocess.py", line 571, in run
    raise CalledProcessError(retcode, process.args,
subprocess.CalledProcessError: Command '['/usr/bin/python3', '-W', 'ignore::DeprecationWarning', '-c', '\nimport runpy\nimport sys\nsys.path = [\'/tmp/tmp775u_pjk/setuptools-65.5.0-py3-none-any.whl\', \'/tmp/tmp775u_pjk/pip-23.2.1-py3-none-any.whl\'] + sys.path\nsys.argv[1:] = [\'install\', \'--no-cache-dir\', \'--no-index\', \'--find-links\', \'/tmp/tmp775u_pjk\', \'setuptools\', \'pip\']\nrunpy.run_module("pip", run_name="__main__", alter_sys=True)\n']' returned non-zero exit status 1.
ERROR: process "/bin/sh -c python3 -m ensurepip && pip3 install     cffi     pytest     pytest-xdist" did not complete successfully: exit code: 1```

## Example Repair

### Repair 1
```FROM alpine
MAINTAINER "Simon Gomizelj <simon@vodik.xyz>"

RUN apk add --no-cache \
    python3 \
    python3-dev \
    build-base \
    ragel \
    pacman-dev \
    libffi-dev \
 && rm -rf /var/cache/apk/*

# Create and activate a virtual environment, then install Python packages
RUN python3 -m venv /opt/venv \
 && . /opt/venv/bin/activate \
 && pip install --no-cache-dir cffi pytest pytest-xdist

# Set the virtual environment's path
ENV PATH="/opt/venv/bin:$PATH"


ADD . /usr/src
WORKDIR /usr/src
CMD ["make", "tests"]
```

Your task is to repair the Dockerfile based on the Dockerfile and its build error provided alongside the examples provided for you for as demonstrations. To solve the problem, and based on the information provided, first, you should diagnose which part is causing the flakiness and why. Then, according to the characteristics of that flakiness, repair the Dockerfile. the output Dockerfile must be within five angle brackets:
    <<<<<
    Dockerfile content 
    >>>>>
