#0 building with "default" instance using docker driver

#1 [internal] load build definition from v3_Dockerfile
#1 transferring dockerfile:
#1 transferring dockerfile: 597B done
#1 DONE 0.4s

#2 [internal] load .dockerignore
#2 transferring context: 2B done
#2 DONE 0.5s

#3 [internal] load metadata for docker.io/library/python:3.8.1-alpine3.11
#3 ...

#4 [auth] library/python:pull token for registry-1.docker.io
#4 DONE 0.0s

#3 [internal] load metadata for docker.io/library/python:3.8.1-alpine3.11
#3 DONE 1.4s

#5 [1/5] FROM docker.io/library/python:3.8.1-alpine3.11@sha256:50c60fffe5451e18af2c53d75b6864b5a0fcb458e239302cc218064ce4946ce7
#5 resolve docker.io/library/python:3.8.1-alpine3.11@sha256:50c60fffe5451e18af2c53d75b6864b5a0fcb458e239302cc218064ce4946ce7
#5 resolve docker.io/library/python:3.8.1-alpine3.11@sha256:50c60fffe5451e18af2c53d75b6864b5a0fcb458e239302cc218064ce4946ce7 0.4s done
#5 ...

#6 [internal] load build context
#6 transferring context: 3.43kB done
#6 DONE 0.4s

#5 [1/5] FROM docker.io/library/python:3.8.1-alpine3.11@sha256:50c60fffe5451e18af2c53d75b6864b5a0fcb458e239302cc218064ce4946ce7
#5 sha256:a1cd5654cf3ce767a9370886016b90604827da9ad3eb9f170389a23bab8f6c0f 7.11kB / 7.11kB done
#5 sha256:50c60fffe5451e18af2c53d75b6864b5a0fcb458e239302cc218064ce4946ce7 1.65kB / 1.65kB done
#5 sha256:8201994534b8574f71075e68ab6a356ed5f323b7eb6e2bc10e6a1349805431ae 1.37kB / 1.37kB done
#5 sha256:c9b1b535fdd91a9855fb7f82348177e5f019329a58c53c47272962dd60f71fc9 1.05MB / 2.80MB 0.2s
#5 sha256:2cc5ad85d9abaadf23d5ae53c3f32e7ccb2df1956869980bfd2491ff396d348a 0B / 301.26kB 0.2s
#5 sha256:61614c1a5710c76af6b2a9c7170a81eb0dd76ccf90e921abc0c9dcc1d5ed490e 0B / 31.51MB 0.2s
#5 sha256:c9b1b535fdd91a9855fb7f82348177e5f019329a58c53c47272962dd60f71fc9 2.80MB / 2.80MB 0.3s done
#5 sha256:2cc5ad85d9abaadf23d5ae53c3f32e7ccb2df1956869980bfd2491ff396d348a 301.26kB / 301.26kB 0.3s
#5 sha256:2cc5ad85d9abaadf23d5ae53c3f32e7ccb2df1956869980bfd2491ff396d348a 301.26kB / 301.26kB 0.3s done
#5 extracting sha256:c9b1b535fdd91a9855fb7f82348177e5f019329a58c53c47272962dd60f71fc9 0.1s
#5 sha256:938854eeb444c026810a9a4a73d3ed5e4dfba91570f1e07b1331cd979c541c17 0B / 1.89MB 0.4s
#5 sha256:61614c1a5710c76af6b2a9c7170a81eb0dd76ccf90e921abc0c9dcc1d5ed490e 2.10MB / 31.51MB 0.5s
#5 sha256:0522d30cde10ac29ae2c555b9bde76c2b50aafc7ef7435bbc7e19de706bcadcd 0B / 230B 0.5s
#5 sha256:61614c1a5710c76af6b2a9c7170a81eb0dd76ccf90e921abc0c9dcc1d5ed490e 5.24MB / 31.51MB 0.6s
#5 extracting sha256:c9b1b535fdd91a9855fb7f82348177e5f019329a58c53c47272962dd60f71fc9 0.2s done
#5 sha256:938854eeb444c026810a9a4a73d3ed5e4dfba91570f1e07b1331cd979c541c17 1.05MB / 1.89MB 0.6s
#5 extracting sha256:2cc5ad85d9abaadf23d5ae53c3f32e7ccb2df1956869980bfd2491ff396d348a
#5 sha256:0522d30cde10ac29ae2c555b9bde76c2b50aafc7ef7435bbc7e19de706bcadcd 230B / 230B 0.7s
#5 sha256:61614c1a5710c76af6b2a9c7170a81eb0dd76ccf90e921abc0c9dcc1d5ed490e 14.68MB / 31.51MB 0.9s
#5 sha256:938854eeb444c026810a9a4a73d3ed5e4dfba91570f1e07b1331cd979c541c17 1.89MB / 1.89MB 0.7s done
#5 sha256:0522d30cde10ac29ae2c555b9bde76c2b50aafc7ef7435bbc7e19de706bcadcd 230B / 230B 0.7s done
#5 extracting sha256:2cc5ad85d9abaadf23d5ae53c3f32e7ccb2df1956869980bfd2491ff396d348a 0.1s done
#5 sha256:61614c1a5710c76af6b2a9c7170a81eb0dd76ccf90e921abc0c9dcc1d5ed490e 18.87MB / 31.51MB 1.0s
#5 sha256:61614c1a5710c76af6b2a9c7170a81eb0dd76ccf90e921abc0c9dcc1d5ed490e 23.07MB / 31.51MB 1.2s
#5 sha256:61614c1a5710c76af6b2a9c7170a81eb0dd76ccf90e921abc0c9dcc1d5ed490e 29.36MB / 31.51MB 1.4s
#5 sha256:61614c1a5710c76af6b2a9c7170a81eb0dd76ccf90e921abc0c9dcc1d5ed490e 31.51MB / 31.51MB 1.6s
#5 sha256:61614c1a5710c76af6b2a9c7170a81eb0dd76ccf90e921abc0c9dcc1d5ed490e 31.51MB / 31.51MB 2.0s done
#5 extracting sha256:61614c1a5710c76af6b2a9c7170a81eb0dd76ccf90e921abc0c9dcc1d5ed490e
#5 extracting sha256:61614c1a5710c76af6b2a9c7170a81eb0dd76ccf90e921abc0c9dcc1d5ed490e 2.7s done
#5 extracting sha256:0522d30cde10ac29ae2c555b9bde76c2b50aafc7ef7435bbc7e19de706bcadcd
#5 extracting sha256:0522d30cde10ac29ae2c555b9bde76c2b50aafc7ef7435bbc7e19de706bcadcd done
#5 extracting sha256:938854eeb444c026810a9a4a73d3ed5e4dfba91570f1e07b1331cd979c541c17
#5 extracting sha256:938854eeb444c026810a9a4a73d3ed5e4dfba91570f1e07b1331cd979c541c17 0.2s done
#5 DONE 6.9s

#7 [2/5] COPY includes/requirements.txt /
#7 DONE 2.7s

#8 [3/5] RUN apk add --no-cache tzdata     && apk add --no-cache --virtual .build-deps gcc musl-dev libffi-dev     && pip install --upgrade pip     && pip install --no-cache-dir --use-deprecated=legacy-resolver -r /requirements.txt     && apk del .build-deps     && addgroup -g 1000 holiday     && adduser -D -u 1000 -G holiday holiday     && rm /requirements.txt
#8 0.584 fetch http://dl-cdn.alpinelinux.org/alpine/v3.11/main/x86_64/APKINDEX.tar.gz
#8 0.783 fetch http://dl-cdn.alpinelinux.org/alpine/v3.11/community/x86_64/APKINDEX.tar.gz
#8 1.040 (1/1) Installing tzdata (2021e-r0)
#8 1.222 Executing busybox-1.31.1-r9.trigger
#8 1.230 OK: 21 MiB in 36 packages
#8 1.261 fetch http://dl-cdn.alpinelinux.org/alpine/v3.11/main/x86_64/APKINDEX.tar.gz
#8 1.314 fetch http://dl-cdn.alpinelinux.org/alpine/v3.11/community/x86_64/APKINDEX.tar.gz
#8 1.421 (1/16) Upgrading musl (1.1.24-r0 -> 1.1.24-r3)
#8 1.621 (2/16) Installing libgcc (9.3.0-r0)
#8 1.844 (3/16) Installing libstdc++ (9.3.0-r0)
#8 2.060 (4/16) Installing binutils (2.33.1-r1)
#8 2.328 (5/16) Installing gmp (6.1.2-r1)
#8 2.531 (6/16) Installing isl (0.18-r0)
#8 2.761 (7/16) Installing libgomp (9.3.0-r0)
#8 2.961 (8/16) Installing libatomic (9.3.0-r0)
#8 3.161 (9/16) Installing mpfr4 (4.0.2-r1)
#8 3.391 (10/16) Installing mpc1 (1.1.0-r1)
#8 3.644 (11/16) Installing gcc (9.3.0-r0)
#8 4.569 (12/16) Installing musl-dev (1.1.24-r3)
#8 4.854 (13/16) Installing linux-headers (4.19.36-r0)
#8 5.148 (14/16) Installing pkgconf (1.6.3-r0)
#8 5.351 (15/16) Installing libffi-dev (3.2.1-r6)
#8 5.551 (16/16) Installing .build-deps (20240730.221207)
#8 5.552 Executing busybox-1.31.1-r9.trigger
#8 5.560 OK: 134 MiB in 51 packages
#8 7.500 Collecting pip
#8 7.538   Downloading pip-24.2-py3-none-any.whl (1.8 MB)
#8 7.833 Installing collected packages: pip
#8 7.833   Attempting uninstall: pip
#8 7.834     Found existing installation: pip 20.0.2
#8 8.020     Uninstalling pip-20.0.2:
#8 8.300       Successfully uninstalled pip-20.0.2
#8 9.867 Successfully installed pip-24.2
#8 10.74 Collecting pyyaml==5.4 (from -r /requirements.txt (line 1))
#8 10.77   Downloading PyYAML-5.4.tar.gz (174 kB)
#8 11.04   Installing build dependencies: started
#8 15.59   Installing build dependencies: finished with status 'done'
#8 15.60   Getting requirements to build wheel: started
#8 16.00   Getting requirements to build wheel: finished with status 'error'
#8 16.01   error: subprocess-exited-with-error
#8 16.01   
#8 16.01   × Getting requirements to build wheel did not run successfully.
#8 16.01   │ exit code: 1
#8 16.01   ╰─> [48 lines of output]
#8 16.01       running egg_info
#8 16.01       writing lib3/PyYAML.egg-info/PKG-INFO
#8 16.01       writing dependency_links to lib3/PyYAML.egg-info/dependency_links.txt
#8 16.01       writing top-level names to lib3/PyYAML.egg-info/top_level.txt
#8 16.01       Traceback (most recent call last):
#8 16.01         File "/usr/local/lib/python3.8/site-packages/pip/_vendor/pyproject_hooks/_in_process/_in_process.py", line 353, in <module>
#8 16.01           main()
#8 16.01         File "/usr/local/lib/python3.8/site-packages/pip/_vendor/pyproject_hooks/_in_process/_in_process.py", line 335, in main
#8 16.01           json_out['return_val'] = hook(**hook_input['kwargs'])
#8 16.01         File "/usr/local/lib/python3.8/site-packages/pip/_vendor/pyproject_hooks/_in_process/_in_process.py", line 118, in get_requires_for_build_wheel
#8 16.01           return hook(config_settings)
#8 16.01         File "/tmp/pip-build-env-7osfk5kk/overlay/lib/python3.8/site-packages/setuptools/build_meta.py", line 327, in get_requires_for_build_wheel
#8 16.01           return self._get_build_requires(config_settings, requirements=[])
#8 16.01         File "/tmp/pip-build-env-7osfk5kk/overlay/lib/python3.8/site-packages/setuptools/build_meta.py", line 297, in _get_build_requires
#8 16.01           self.run_setup()
#8 16.01         File "/tmp/pip-build-env-7osfk5kk/overlay/lib/python3.8/site-packages/setuptools/build_meta.py", line 313, in run_setup
#8 16.01           exec(code, locals())
#8 16.01         File "<string>", line 271, in <module>
#8 16.01         File "/tmp/pip-build-env-7osfk5kk/overlay/lib/python3.8/site-packages/setuptools/__init__.py", line 108, in setup
#8 16.01           return distutils.core.setup(**attrs)
#8 16.01         File "/tmp/pip-build-env-7osfk5kk/overlay/lib/python3.8/site-packages/setuptools/_distutils/core.py", line 184, in setup
#8 16.01           return run_commands(dist)
#8 16.01         File "/tmp/pip-build-env-7osfk5kk/overlay/lib/python3.8/site-packages/setuptools/_distutils/core.py", line 200, in run_commands
#8 16.01           dist.run_commands()
#8 16.01         File "/tmp/pip-build-env-7osfk5kk/overlay/lib/python3.8/site-packages/setuptools/_distutils/dist.py", line 970, in run_commands
#8 16.01           self.run_command(cmd)
#8 16.01         File "/tmp/pip-build-env-7osfk5kk/overlay/lib/python3.8/site-packages/setuptools/dist.py", line 945, in run_command
#8 16.01           super().run_command(command)
#8 16.01         File "/tmp/pip-build-env-7osfk5kk/overlay/lib/python3.8/site-packages/setuptools/_distutils/dist.py", line 989, in run_command
#8 16.01           cmd_obj.run()
#8 16.01         File "/tmp/pip-build-env-7osfk5kk/overlay/lib/python3.8/site-packages/setuptools/command/egg_info.py", line 310, in run
#8 16.01           self.find_sources()
#8 16.01         File "/tmp/pip-build-env-7osfk5kk/overlay/lib/python3.8/site-packages/setuptools/command/egg_info.py", line 318, in find_sources
#8 16.01           mm.run()
#8 16.01         File "/tmp/pip-build-env-7osfk5kk/overlay/lib/python3.8/site-packages/setuptools/command/egg_info.py", line 539, in run
#8 16.01           self.add_defaults()
#8 16.01         File "/tmp/pip-build-env-7osfk5kk/overlay/lib/python3.8/site-packages/setuptools/command/egg_info.py", line 577, in add_defaults
#8 16.01           sdist.add_defaults(self)
#8 16.01         File "/tmp/pip-build-env-7osfk5kk/overlay/lib/python3.8/site-packages/setuptools/command/sdist.py", line 102, in add_defaults
#8 16.01           super().add_defaults()
#8 16.01         File "/tmp/pip-build-env-7osfk5kk/overlay/lib/python3.8/site-packages/setuptools/_distutils/command/sdist.py", line 250, in add_defaults
#8 16.01           self._add_defaults_ext()
#8 16.01         File "/tmp/pip-build-env-7osfk5kk/overlay/lib/python3.8/site-packages/setuptools/_distutils/command/sdist.py", line 335, in _add_defaults_ext
#8 16.01           self.filelist.extend(build_ext.get_source_files())
#8 16.01         File "<string>", line 201, in get_source_files
#8 16.01         File "/tmp/pip-build-env-7osfk5kk/overlay/lib/python3.8/site-packages/setuptools/_distutils/cmd.py", line 107, in __getattr__
#8 16.01           raise AttributeError(attr)
#8 16.01       AttributeError: cython_sources
#8 16.01       [end of output]
#8 16.01   
#8 16.01   note: This error originates from a subprocess, and is likely not a problem with pip.
#8 16.13 error: subprocess-exited-with-error
#8 16.13 
#8 16.13 × Getting requirements to build wheel did not run successfully.
#8 16.13 │ exit code: 1
#8 16.13 ╰─> [48 lines of output]
#8 16.13     running egg_info
#8 16.13     writing lib3/PyYAML.egg-info/PKG-INFO
#8 16.13     writing dependency_links to lib3/PyYAML.egg-info/dependency_links.txt
#8 16.13     writing top-level names to lib3/PyYAML.egg-info/top_level.txt
#8 16.13     Traceback (most recent call last):
#8 16.13       File "/usr/local/lib/python3.8/site-packages/pip/_vendor/pyproject_hooks/_in_process/_in_process.py", line 353, in <module>
#8 16.13         main()
#8 16.13       File "/usr/local/lib/python3.8/site-packages/pip/_vendor/pyproject_hooks/_in_process/_in_process.py", line 335, in main
#8 16.13         json_out['return_val'] = hook(**hook_input['kwargs'])
#8 16.13       File "/usr/local/lib/python3.8/site-packages/pip/_vendor/pyproject_hooks/_in_process/_in_process.py", line 118, in get_requires_for_build_wheel
#8 16.13         return hook(config_settings)
#8 16.13       File "/tmp/pip-build-env-7osfk5kk/overlay/lib/python3.8/site-packages/setuptools/build_meta.py", line 327, in get_requires_for_build_wheel
#8 16.13         return self._get_build_requires(config_settings, requirements=[])
#8 16.13       File "/tmp/pip-build-env-7osfk5kk/overlay/lib/python3.8/site-packages/setuptools/build_meta.py", line 297, in _get_build_requires
#8 16.13         self.run_setup()
#8 16.13       File "/tmp/pip-build-env-7osfk5kk/overlay/lib/python3.8/site-packages/setuptools/build_meta.py", line 313, in run_setup
#8 16.13         exec(code, locals())
#8 16.13       File "<string>", line 271, in <module>
#8 16.13       File "/tmp/pip-build-env-7osfk5kk/overlay/lib/python3.8/site-packages/setuptools/__init__.py", line 108, in setup
#8 16.13         return distutils.core.setup(**attrs)
#8 16.13       File "/tmp/pip-build-env-7osfk5kk/overlay/lib/python3.8/site-packages/setuptools/_distutils/core.py", line 184, in setup
#8 16.13         return run_commands(dist)
#8 16.13       File "/tmp/pip-build-env-7osfk5kk/overlay/lib/python3.8/site-packages/setuptools/_distutils/core.py", line 200, in run_commands
#8 16.13         dist.run_commands()
#8 16.13       File "/tmp/pip-build-env-7osfk5kk/overlay/lib/python3.8/site-packages/setuptools/_distutils/dist.py", line 970, in run_commands
#8 16.13         self.run_command(cmd)
#8 16.13       File "/tmp/pip-build-env-7osfk5kk/overlay/lib/python3.8/site-packages/setuptools/dist.py", line 945, in run_command
#8 16.13         super().run_command(command)
#8 16.13       File "/tmp/pip-build-env-7osfk5kk/overlay/lib/python3.8/site-packages/setuptools/_distutils/dist.py", line 989, in run_command
#8 16.13         cmd_obj.run()
#8 16.13       File "/tmp/pip-build-env-7osfk5kk/overlay/lib/python3.8/site-packages/setuptools/command/egg_info.py", line 310, in run
#8 16.13         self.find_sources()
#8 16.13       File "/tmp/pip-build-env-7osfk5kk/overlay/lib/python3.8/site-packages/setuptools/command/egg_info.py", line 318, in find_sources
#8 16.13         mm.run()
#8 16.13       File "/tmp/pip-build-env-7osfk5kk/overlay/lib/python3.8/site-packages/setuptools/command/egg_info.py", line 539, in run
#8 16.13         self.add_defaults()
#8 16.13       File "/tmp/pip-build-env-7osfk5kk/overlay/lib/python3.8/site-packages/setuptools/command/egg_info.py", line 577, in add_defaults
#8 16.13         sdist.add_defaults(self)
#8 16.13       File "/tmp/pip-build-env-7osfk5kk/overlay/lib/python3.8/site-packages/setuptools/command/sdist.py", line 102, in add_defaults
#8 16.13         super().add_defaults()
#8 16.13       File "/tmp/pip-build-env-7osfk5kk/overlay/lib/python3.8/site-packages/setuptools/_distutils/command/sdist.py", line 250, in add_defaults
#8 16.13         self._add_defaults_ext()
#8 16.13       File "/tmp/pip-build-env-7osfk5kk/overlay/lib/python3.8/site-packages/setuptools/_distutils/command/sdist.py", line 335, in _add_defaults_ext
#8 16.13         self.filelist.extend(build_ext.get_source_files())
#8 16.13       File "<string>", line 201, in get_source_files
#8 16.13       File "/tmp/pip-build-env-7osfk5kk/overlay/lib/python3.8/site-packages/setuptools/_distutils/cmd.py", line 107, in __getattr__
#8 16.13         raise AttributeError(attr)
#8 16.13     AttributeError: cython_sources
#8 16.13     [end of output]
#8 16.13 
#8 16.13 note: This error originates from a subprocess, and is likely not a problem with pip.
#8 ERROR: process "/bin/sh -c apk add --no-cache tzdata     && apk add --no-cache --virtual .build-deps gcc musl-dev libffi-dev     && pip install --upgrade pip     && pip install --no-cache-dir --use-deprecated=legacy-resolver -r /requirements.txt     && apk del .build-deps     && addgroup -g 1000 holiday     && adduser -D -u 1000 -G holiday holiday     && rm /requirements.txt" did not complete successfully: exit code: 1
------
 > [3/5] RUN apk add --no-cache tzdata     && apk add --no-cache --virtual .build-deps gcc musl-dev libffi-dev     && pip install --upgrade pip     && pip install --no-cache-dir --use-deprecated=legacy-resolver -r /requirements.txt     && apk del .build-deps     && addgroup -g 1000 holiday     && adduser -D -u 1000 -G holiday holiday     && rm /requirements.txt:
16.13         self._add_defaults_ext()
16.13       File "/tmp/pip-build-env-7osfk5kk/overlay/lib/python3.8/site-packages/setuptools/_distutils/command/sdist.py", line 335, in _add_defaults_ext
16.13         self.filelist.extend(build_ext.get_source_files())
16.13       File "<string>", line 201, in get_source_files
16.13       File "/tmp/pip-build-env-7osfk5kk/overlay/lib/python3.8/site-packages/setuptools/_distutils/cmd.py", line 107, in __getattr__
16.13         raise AttributeError(attr)
16.13     AttributeError: cython_sources
16.13     [end of output]
16.13 
16.13 note: This error originates from a subprocess, and is likely not a problem with pip.
------
v3_Dockerfile:4
--------------------
   3 |     COPY includes/requirements.txt /
   4 | >>> RUN apk add --no-cache tzdata \
   5 | >>>     && apk add --no-cache --virtual .build-deps gcc musl-dev libffi-dev \
   6 | >>>     && pip install --upgrade pip \
   7 | >>>     && pip install --no-cache-dir --use-deprecated=legacy-resolver -r /requirements.txt \
   8 | >>>     && apk del .build-deps \
   9 | >>>     && addgroup -g 1000 holiday \
  10 | >>>     && adduser -D -u 1000 -G holiday holiday \
  11 | >>>     && rm /requirements.txt
  12 |     
--------------------
ERROR: failed to solve: process "/bin/sh -c apk add --no-cache tzdata     && apk add --no-cache --virtual .build-deps gcc musl-dev libffi-dev     && pip install --upgrade pip     && pip install --no-cache-dir --use-deprecated=legacy-resolver -r /requirements.txt     && apk del .build-deps     && addgroup -g 1000 holiday     && adduser -D -u 1000 -G holiday holiday     && rm /requirements.txt" did not complete successfully: exit code: 1
Duration: 0:31.34