
Below is the flaky Dockerfile:

# Dockerfile
```FROM bvlc/caffe:cpu
ADD ./app /code
WORKDIR /code
RUN pip install -r requirements.txt
CMD ["python", "app.py"]```

And below is the build error that occurred when trying to build the Dockerfile:
# Build Error
```> [4/4] RUN pip install -r requirements.txt:
    Complete output from command python setup.py egg_info:
    Traceback (most recent call last):
      File "<string>", line 1, in <module>
      File "/tmp/pip-build-F8NCGK/sklearn/setup.py", line 8, in <module>
        with open("README.md", encoding="utf-8") as f:
    TypeError: 'encoding' is an invalid keyword argument for this function
    
    ----------------------------------------
Command "python setup.py egg_info" failed with error code 1 in /tmp/pip-build-F8NCGK/sklearn/
You are using pip version 9.0.3, however version is available.
You should consider upgrading via the 'pip install --upgrade pip' command.
ERROR: process "/bin/sh -c pip install -r requirements.txt" did not complete successfully: exit code: 1```

Below are a few examples of dockerfiles and their build errors alongside their repairs. These examples are provided to help you understand the task better.

# Example 1
## Example Dockerfile
```FROM node:10-alpine

LABEL maintainer="Odd Networks <info@oddnetworks.com>"

RUN \
	mkdir -p /opt/app && \
	chmod -R 777 /opt/app && \
	apk update && \
	apk --no-cache --update add \
	bash make g++ python py-pip jq && \
	pip install awscli && \
	npm i -g npm

ENV PS1='$NODE_ENV-${debian_chroot:+($debian_chroot)}\u@\h:\w\$ ' \
	PROJECT_DIR=/opt/app \
	PATH=/opt/app/node_modules/.bin:$PATH

WORKDIR $PROJECT_DIR

EXPOSE 3001

CMD /bin/bash

```

## Example Build Error
```> [2/3] RUN 	mkdir -p /opt/app && 	chmod -R 777 /opt/app && 	apk update && 	apk --no-cache --update add 	bash make g++ python py-pip jq && 	pip install awscli && 	npm i -g npm:
    Complete output from command python setup.py egg_info:
    running egg_info
    creating pip-egg-info/PyYAML.egg-info
    writing pip-egg-info/PyYAML.egg-info/PKG-INFO
    writing top-level names to pip-egg-info/PyYAML.egg-info/top_level.txt
    writing dependency_links to pip-egg-info/PyYAML.egg-info/dependency_links.txt
    writing manifest file 'pip-egg-info/PyYAML.egg-info/SOURCES.txt'
    Traceback (most recent call last):
      File "<string>", line 1, in <module>
      File "/tmp/pip-install-qaJuZR/PyYAML/setup.py", line 295, in <module>
        python_requires='>=2.7, !=3.0.*, !=3.1.*, !=3.2.*, !=3.3.*, !=3.4.*, !=3.5.*',
      File "/tmp/pip-build-env-dupA9N/lib/python2.7/site-packages/setuptools/__init__.py", line 162, in setup
        return distutils.core.setup(**attrs)
      File "/usr/lib/python2.7/distutils/core.py", line 151, in setup
        dist.run_commands()
      File "/usr/lib/python2.7/distutils/dist.py", line 953, in run_commands
        self.run_command(cmd)
      File "/usr/lib/python2.7/distutils/dist.py", line 972, in run_command
        cmd_obj.run()
      File "/tmp/pip-build-env-dupA9N/lib/python2.7/site-packages/setuptools/command/egg_info.py", line 296, in run
        self.find_sources()
      File "/tmp/pip-build-env-dupA9N/lib/python2.7/site-packages/setuptools/command/egg_info.py", line 303, in find_sources
        mm.run()
      File "/tmp/pip-build-env-dupA9N/lib/python2.7/site-packages/setuptools/command/egg_info.py", line 534, in run
        self.add_defaults()
      File "/tmp/pip-build-env-dupA9N/lib/python2.7/site-packages/setuptools/command/egg_info.py", line 570, in add_defaults
        sdist.add_defaults(self)
      File "/tmp/pip-build-env-dupA9N/lib/python2.7/site-packages/setuptools/command/py36compat.py", line 36, in add_defaults
        self._add_defaults_ext()
      File "/tmp/pip-build-env-dupA9N/lib/python2.7/site-packages/setuptools/command/py36compat.py", line 120, in _add_defaults_ext
        self.filelist.extend(build_ext.get_source_files())
      File "/tmp/pip-install-qaJuZR/PyYAML/setup.py", line 201, in get_source_files
        self.cython_sources(ext.sources, ext)
      File "/usr/lib/python2.7/distutils/cmd.py", line 105, in __getattr__
        raise AttributeError, attr
    AttributeError: cython_sources
    
    ----------------------------------------
Command "python setup.py egg_info" failed with error code 1 in /tmp/pip-install-qaJuZR/PyYAML/
ERROR: process "/bin/sh -c mkdir -p /opt/app && \tchmod -R 777 /opt/app && \tapk update && \tapk --no-cache --update add \tbash make g++ python py-pip jq && \tpip install awscli && \tnpm i -g npm" did not complete successfully: exit code: 1```

## Example Repair

### Repair 1
```FROM node:10-alpine

LABEL maintainer="Odd Networks <info@oddnetworks.com>"

RUN \
	mkdir -p /opt/app && \
	chmod -R 777 /opt/app && \
	apk update && \
	apk --no-cache --update add \
	bash make g++ python3 py3-pip jq && \
	pip3 install awscli && \
	npm i -g npm

ENV PS1='$NODE_ENV-${debian_chroot:+($debian_chroot)}\u@\h:\w\$ ' \
	PROJECT_DIR=/opt/app \
	PATH=/opt/app/node_modules/.bin:$PATH

WORKDIR $PROJECT_DIR

EXPOSE 3001

CMD /bin/bash
```


# Example 2
## Example Dockerfile
```FROM alpine:latest

RUN apk add --update python3 py3-pip git tcpdump

RUN git clone https://github.com/649/Memcrashed-DDoS-Exploit.git Memcrashed
WORKDIR Memcrashed
# COPY requirements.txt .
# COPY api.txt .
# COPY bots.txt .
RUN pip3 install -r requirements.txt

ENTRYPOINT ["python3", "Memcrashed.py"]

```

## Example Build Error
```> [5/5] RUN pip3 install -r requirements.txt:
error: externally-managed-environment
× This environment is externally managed
╰─> 
    The system-wide python installation should be maintained using the system
    package manager (apk) only.
    
    If the package in question is not packaged already (and hence installable via
    "apk add py3-somepackage"), please consider installing it inside a virtual
    environment, e.g.:
    
    python3 -m venv /path/to/venv
    . /path/to/venv/bin/activate
    pip install mypackage
    
    To exit the virtual environment, run:
    
    deactivate
    
    The virtual environment is not deleted, and can be re-entered by re-sourcing
    the activate file.
    
    To automatically manage virtual environments, consider using pipx (from the
    pipx package).
note: If you believe this is a mistake, please contact your Python installation or OS distribution provider. You can override this, at the risk of breaking your Python installation or OS, by passing --break-system-packages.
hint: See PEP 668 for the detailed specification.
ERROR: process "/bin/sh -c pip3 install -r requirements.txt" did not complete successfully: exit code: 1```

## Example Repair

### Repair 1
```FROM alpine:latest

RUN apk add --update python3 py3-pip git tcpdump

RUN git clone https://github.com/649/Memcrashed-DDoS-Exploit.git Memcrashed
WORKDIR Memcrashed
# COPY requirements.txt .
# COPY api.txt .
# COPY bots.txt .
RUN python3 -m venv venv
RUN . venv/bin/activate && pip install -r requirements.txt

ENTRYPOINT ["python3", "Memcrashed.py"]```


### Repair 2
```FROM alpine:latest

RUN apk add --update python3 py3-pip git tcpdump

RUN git clone https://github.com/649/Memcrashed-DDoS-Exploit.git Memcrashed
WORKDIR Memcrashed
# COPY requirements.txt .
# COPY api.txt .
# COPY bots.txt .
RUN rm /usr/lib/python*/EXTERNALLY-MANAGED && \
    python3 -m ensurepip && \
    pip3 install -r requirements.txt

ENTRYPOINT ["python3", "Memcrashed.py"]```


# Example 3
## Example Dockerfile
```# By default - docker build will pull master
# If you want the local WS to be used - please use
# "--build-arg ." to the docker build command - like:
#
# 'docker build -t mypyaci:latest --build-arg PYACI_SOURCE=. .
# You can only specify '.' as PYACI_SOURCE
#

FROM python:2.7-alpine
ARG PYACI_SOURCE=https://github.com/datacenter/pyaci/archive/master.zip

RUN apk add --update build-base
RUN apk add --update libffi-dev libxml2-dev libxslt-dev openssl openssl-dev

WORKDIR /localws

#hadolint ignore=DL3013
RUN pip install -U pip
COPY . $WORKDIR
#hadolint ignore=DL3013
RUN pip install $PYACI_SOURCE

COPY meta/aci-meta.limited.json /root/.aci-meta/aci-meta.limited.json
RUN cd /root/.aci-meta && ln -s aci-meta.limited.json aci-meta.json

```

## Example Build Error
```> [7/9] RUN pip install https://github.com/datacenter/pyaci/archive/master.zip:
  Getting requirements to build wheel: finished with status 'error'
  ERROR: Command errored out with exit status 1:
   command: /usr/local/bin/python /usr/local/lib/python2.7/site-packages/pip/_vendor/pep517/_in_process.py get_requires_for_build_wheel /tmp/tmpu656p8
       cwd: /tmp/pip-install-_TYrH8/pyyaml
  Complete output (46 lines):
  running egg_info
  creating lib/PyYAML.egg-info
  writing lib/PyYAML.egg-info/PKG-INFO
  writing top-level names to lib/PyYAML.egg-info/top_level.txt
  writing dependency_links to lib/PyYAML.egg-info/dependency_links.txt
  writing manifest file 'lib/PyYAML.egg-info/SOURCES.txt'
  Traceback (most recent call last):
    File "/usr/local/lib/python2.7/site-packages/pip/_vendor/pep517/_in_process.py", line 280, in <module>
      main()
    File "/usr/local/lib/python2.7/site-packages/pip/_vendor/pep517/_in_process.py", line 263, in main
      json_out['return_val'] = hook(**hook_input['kwargs'])
    File "/usr/local/lib/python2.7/site-packages/pip/_vendor/pep517/_in_process.py", line 114, in get_requires_for_build_wheel
      return hook(config_settings)
    File "/tmp/pip-build-env-NNhJPX/overlay/lib/python2.7/site-packages/setuptools/build_meta.py", line 146, in get_requires_for_build_wheel
      return self._get_build_requires(config_settings, requirements=['wheel'])
    File "/tmp/pip-build-env-NNhJPX/overlay/lib/python2.7/site-packages/setuptools/build_meta.py", line 127, in _get_build_requires
      self.run_setup()
    File "/tmp/pip-build-env-NNhJPX/overlay/lib/python2.7/site-packages/setuptools/build_meta.py", line 142, in run_setup
      exec(compile(code, __file__, 'exec'), locals())
    File "setup.py", line 295, in <module>
      python_requires='>=2.7, !=3.0.*, !=3.1.*, !=3.2.*, !=3.3.*, !=3.4.*, !=3.5.*',
    File "/tmp/pip-build-env-NNhJPX/overlay/lib/python2.7/site-packages/setuptools/__init__.py", line 162, in setup
      return distutils.core.setup(**attrs)
    File "/usr/local/lib/python2.7/distutils/core.py", line 151, in setup
      dist.run_commands()
    File "/usr/local/lib/python2.7/distutils/dist.py", line 953, in run_commands
      self.run_command(cmd)
    File "/usr/local/lib/python2.7/distutils/dist.py", line 972, in run_command
      cmd_obj.run()
    File "/tmp/pip-build-env-NNhJPX/overlay/lib/python2.7/site-packages/setuptools/command/egg_info.py", line 296, in run
      self.find_sources()
    File "/tmp/pip-build-env-NNhJPX/overlay/lib/python2.7/site-packages/setuptools/command/egg_info.py", line 303, in find_sources
      mm.run()
    File "/tmp/pip-build-env-NNhJPX/overlay/lib/python2.7/site-packages/setuptools/command/egg_info.py", line 534, in run
      self.add_defaults()
    File "/tmp/pip-build-env-NNhJPX/overlay/lib/python2.7/site-packages/setuptools/command/egg_info.py", line 570, in add_defaults
      sdist.add_defaults(self)
    File "/tmp/pip-build-env-NNhJPX/overlay/lib/python2.7/site-packages/setuptools/command/py36compat.py", line 36, in add_defaults
      self._add_defaults_ext()
    File "/tmp/pip-build-env-NNhJPX/overlay/lib/python2.7/site-packages/setuptools/command/py36compat.py", line 120, in _add_defaults_ext
      self.filelist.extend(build_ext.get_source_files())
    File "setup.py", line 201, in get_source_files
      self.cython_sources(ext.sources, ext)
    File "/usr/local/lib/python2.7/distutils/cmd.py", line 105, in __getattr__
      raise AttributeError, attr
  AttributeError: cython_sources
  ----------------------------------------
ERROR: Command errored out with exit status 1: /usr/local/bin/python /usr/local/lib/python2.7/site-packages/pip/_vendor/pep517/_in_process.py get_requires_for_build_wheel /tmp/tmpu656p8 Check the logs for full command output.
ERROR: process "/bin/sh -c pip install $PYACI_SOURCE" did not complete successfully: exit code: 1```

## Example Repair

### Repair 1
```FROM python:3.12-alpine
ARG PYACI_SOURCE=https://github.com/datacenter/pyaci/archive/master.zip

RUN apk add --update build-base
RUN apk add --update libffi-dev libxml2-dev libxslt-dev openssl openssl-dev

WORKDIR /localws

#hadolint ignore=DL3013
RUN pip install -U pip
COPY . $WORKDIR
#hadolint ignore=DL3013
RUN pip install $PYACI_SOURCE

COPY meta/aci-meta.limited.json /root/.aci-meta/aci-meta.limited.json
RUN cd /root/.aci-meta && ln -s aci-meta.limited.json aci-meta.json

```

Below are a few false repairs that an LLM previously made by mistake for the input flaky Dockerfile along with their build outputs as further demonstrations. These examples are provided to help you understand the task better and to avoid making the same mistakes. So, do not generate the exact false repair generated previously, but you can get ideas from them.

# False Repair 1
## False Repair Dockerfile
```FROM bvlc/caffe:cpu
ADD ./app /code
WORKDIR /code
RUN apt-get update && apt-get install -y python3-pip
RUN pip3 install -r requirements.txt
CMD ["python3", "app.py"]```

## False Repair Build Output
```> [5/5] RUN pip3 install -r requirements.txt:
    Complete output from command python setup.py egg_info:
    Traceback (most recent call last):
      File "<string>", line 1, in <module>
      File "/tmp/pip-build-k8v60abt/pillow/setup.py", line 51
        f"Pillow {PILLOW_VERSION} does not support Python "
                                                          ^
    SyntaxError: invalid syntax
    
    ----------------------------------------
Command "python setup.py egg_info" failed with error code 1 in /tmp/pip-build-k8v60abt/pillow/
You are using pip version 8.1.1, however version is available.
You should consider upgrading via the 'pip install --upgrade pip' command.
ERROR: process "/bin/sh -c pip3 install -r requirements.txt" did not complete successfully: exit code: 1```


# False Repair 2
## False Repair Dockerfile
```FROM bvlc/caffe:cpu
ADD ./app /code
WORKDIR /code
RUN apt-get update && apt-get install -y python3-pip
RUN pip3 install --upgrade pip
RUN pip3 install -r requirements.txt
CMD ["python3", "app.py"]```

## False Repair Build Output
```> [6/6] RUN pip3 install -r requirements.txt:
Traceback (most recent call last):
  File "/usr/local/bin/pip3", line 7, in <module>
    from pip._internal.cli.main import main
  File "/usr/local/lib/python3.5/dist-packages/pip/_internal/cli/main.py", line 67
    sys.stderr.write(f"ERROR: {exc}")
                                   ^
SyntaxError: invalid syntax
ERROR: process "/bin/sh -c pip3 install -r requirements.txt" did not complete successfully: exit code: 1```

Your task is to repair the Dockerfile based on the Dockerfile and its build error provided alongside the examples provided for you for as demonstrations. To solve the problem, and based on the information provided, first, you should diagnose which part is causing the flakiness and why. Then, according to the characteristics of that flakiness, repair the Dockerfile. the output Dockerfile must be within five angle brackets:
    <<<<<
    Dockerfile content 
    >>>>>
