
Below is the flaky Dockerfile:

# Dockerfile
```FROM femtopixel/google-chrome-headless

ARG VERSION=v10.0.0

LABEL maintainer="Jay MOULIN <https://jaymoulin.me/femtopixel/docker-google-lighthouse> <http://twitter.com/MoulinJay>"
LABEL version="${VERSION}"

USER root

# Install deps + add Chrome Stable + purge all the things
RUN rm -rf /var/lib/apt/lists/* && \
  apt-get update && \
  apt-get remove gnupg -y && apt-get install --reinstall gnupg2 dirmngr --allow-unauthenticated -y && \
  apt-get autoclean && apt-get update && apt-get install -y apt-transport-https ca-certificates curl gnupg git --no-install-recommends && \
  curl -sSL https://deb.nodesource.com/setup_19.x | bash - && \
  apt-get install -y nodejs --no-install-recommends && \
  npm --global install npm && \
  npm --global install yarn && \
  rm -rf /var/lib/apt/lists/* && \
  npm install --global lighthouse && \
  apt-get purge --auto-remove -y curl gnupg git && \
  mkdir -p /home/chrome/reports && chown -R chrome:chrome /home/chrome

# some place we can mount and view lighthouse reports
VOLUME /home/chrome/reports
WORKDIR /home/chrome/reports

COPY entrypoint.sh /usr/bin/entrypoint

# Run Chrome non-privileged
USER chrome

ENV CHROME_FLAGS="--headless --disable-gpu --no-sandbox"

VOLUME /home/chrome/reports

# Drop to cli
ENTRYPOINT ["entrypoint"]
```

And below is the build error that occurred when trying to build the Dockerfile:
# Build Error
```> [2/4] RUN rm -rf /var/lib/apt/lists/* &&   apt-get update &&   apt-get remove gnupg -y && apt-get install --reinstall gnupg2 dirmngr --allow-unauthenticated -y &&   apt-get autoclean && apt-get update && apt-get install -y apt-transport-https ca-certificates curl gnupg git --no-install-recommends &&   curl -sSL https://deb.nodesource.com/setup_19.x | bash - &&   apt-get install -y nodejs --no-install-recommends &&   npm --global install npm &&   npm --global install yarn &&   rm -rf /var/lib/apt/lists/* &&   npm install --global lighthouse &&   apt-get purge --auto-remove -y curl gnupg git &&   mkdir -p /home/chrome/reports && chown -R chrome:chrome /home/chrome:
Need to get MB of archives.
Fetched MB in 0s (MB/s)
Setting up nodejs (19.9.0-deb-1nodesource1) ...
Processing triggers for systemd (252.26-1~deb12u2) ...
npm ERR! code EBADENGINE
npm ERR! engine Unsupported engine
npm ERR! engine Not compatible with your version of node/npm: npm@10.8.2
npm ERR! notsup Not compatible with your version of node/npm: npm@10.8.2
npm ERR! notsup Required: {"node":"^18.|| >=20.5.0"}
npm ERR! notsup Actual:   {"npm":"9.6.3","node":"v19.9.0"}
npm ERR! A complete log of this run can be found in: /root/.npm/_logs/2024-08-01T05_26_10_424Z-debug-0.log
ERROR: process "/bin/sh -c rm -rf /var/lib/apt/lists/* &&   apt-get update &&   apt-get remove gnupg -y && apt-get install --reinstall gnupg2 dirmngr --allow-unauthenticated -y &&   apt-get autoclean && apt-get update && apt-get install -y apt-transport-https ca-certificates curl gnupg git --no-install-recommends &&   curl -sSL https://deb.nodesource.com/setup_19.x | bash - &&   apt-get install -y nodejs --no-install-recommends &&   npm --global install npm &&   npm --global install yarn &&   rm -rf /var/lib/apt/lists/* &&   npm install --global lighthouse &&   apt-get purge --auto-remove -y curl gnupg git &&   mkdir -p /home/chrome/reports && chown -R chrome:chrome /home/chrome" did not complete successfully: exit code: 1```

Your task is to repair the Dockerfile based on the Dockerfile and its build error provided. To solve the problem, first, you should diagnose which part is causing the flakiness and why. Then, according to the characteristics of that flakiness, repair the Dockerfile. the output Dockerfile must be within five angle brackets:
    <<<<<
    Dockerfile content 
    >>>>>
