#0 building with "default" instance using docker driver

#1 [internal] load build definition from v1_Dockerfile
#1 transferring dockerfile: 260B done
#1 DONE 0.0s

#2 [auth] library/node:pull token for registry-1.docker.io
#2 DONE 0.0s

#3 [internal] load metadata for docker.io/library/node:14
#3 DONE 0.9s

#4 [internal] load .dockerignore
#4 transferring context: 113B done
#4 DONE 0.0s

#5 [1/6] FROM docker.io/library/node:14@sha256:a158d3b9b4e3fa813fa6c8c590b8f0a860e015ad4e59bbce5744d2f6fd8461aa
#5 resolve docker.io/library/node:14@sha256:a158d3b9b4e3fa813fa6c8c590b8f0a860e015ad4e59bbce5744d2f6fd8461aa 0.0s done
#5 ...

#6 [internal] load build context
#6 transferring context: 3.41MB 0.1s done
#6 DONE 0.1s

#5 [1/6] FROM docker.io/library/node:14@sha256:a158d3b9b4e3fa813fa6c8c590b8f0a860e015ad4e59bbce5744d2f6fd8461aa
#5 sha256:1d12470fa662a2a5cb50378dcdc8ea228c1735747db410bbefb8e2d9144b5452 7.51kB / 7.51kB done
#5 sha256:2ff1d7c41c74a25258bfa6f0b8adb0a727f84518f55f65ca845ebc747976c408 0B / 50.45MB 0.2s
#5 sha256:b253aeafeaa7e0671bb60008df01de101a38a045ff7bc656e3b0fbfc7c05cca5 0B / 7.86MB 0.2s
#5 sha256:a158d3b9b4e3fa813fa6c8c590b8f0a860e015ad4e59bbce5744d2f6fd8461aa 776B / 776B done
#5 sha256:2cafa3fbb0b6529ee4726b4f599ec27ee557ea3dea7019182323b3779959927f 2.21kB / 2.21kB done
#5 sha256:3d2201bd995cccf12851a50820de03d34a17011dcbb9ac9fdf3a50c952cbb131 0B / 10.00MB 0.2s
#5 sha256:b253aeafeaa7e0671bb60008df01de101a38a045ff7bc656e3b0fbfc7c05cca5 6.29MB / 7.86MB 0.4s
#5 sha256:3d2201bd995cccf12851a50820de03d34a17011dcbb9ac9fdf3a50c952cbb131 2.10MB / 10.00MB 0.4s
#5 sha256:2ff1d7c41c74a25258bfa6f0b8adb0a727f84518f55f65ca845ebc747976c408 5.24MB / 50.45MB 0.5s
#5 sha256:b253aeafeaa7e0671bb60008df01de101a38a045ff7bc656e3b0fbfc7c05cca5 7.86MB / 7.86MB 0.4s done
#5 sha256:3d2201bd995cccf12851a50820de03d34a17011dcbb9ac9fdf3a50c952cbb131 9.44MB / 10.00MB 0.5s
#5 sha256:1de76e268b103d05fa8960e0f77951ff54b912b63429c34f5d6adfd09f5f9ee2 0B / 51.88MB 0.5s
#5 sha256:2ff1d7c41c74a25258bfa6f0b8adb0a727f84518f55f65ca845ebc747976c408 13.63MB / 50.45MB 0.7s
#5 sha256:3d2201bd995cccf12851a50820de03d34a17011dcbb9ac9fdf3a50c952cbb131 10.00MB / 10.00MB 0.5s done
#5 sha256:1de76e268b103d05fa8960e0f77951ff54b912b63429c34f5d6adfd09f5f9ee2 6.29MB / 51.88MB 0.7s
#5 sha256:d9a8df5894511ce28a05e2925a75e8a4acbd0634c39ad734fdfba8e23d1b1569 1.05MB / 191.85MB 0.7s
#5 sha256:2ff1d7c41c74a25258bfa6f0b8adb0a727f84518f55f65ca845ebc747976c408 18.87MB / 50.45MB 0.8s
#5 sha256:2ff1d7c41c74a25258bfa6f0b8adb0a727f84518f55f65ca845ebc747976c408 23.07MB / 50.45MB 0.9s
#5 sha256:1de76e268b103d05fa8960e0f77951ff54b912b63429c34f5d6adfd09f5f9ee2 13.63MB / 51.88MB 0.9s
#5 sha256:2ff1d7c41c74a25258bfa6f0b8adb0a727f84518f55f65ca845ebc747976c408 32.51MB / 50.45MB 1.1s
#5 sha256:1de76e268b103d05fa8960e0f77951ff54b912b63429c34f5d6adfd09f5f9ee2 22.02MB / 51.88MB 1.1s
#5 sha256:d9a8df5894511ce28a05e2925a75e8a4acbd0634c39ad734fdfba8e23d1b1569 16.13MB / 191.85MB 1.1s
#5 sha256:2ff1d7c41c74a25258bfa6f0b8adb0a727f84518f55f65ca845ebc747976c408 40.89MB / 50.45MB 1.3s
#5 sha256:1de76e268b103d05fa8960e0f77951ff54b912b63429c34f5d6adfd09f5f9ee2 29.36MB / 51.88MB 1.3s
#5 sha256:2ff1d7c41c74a25258bfa6f0b8adb0a727f84518f55f65ca845ebc747976c408 50.45MB / 50.45MB 1.5s
#5 sha256:1de76e268b103d05fa8960e0f77951ff54b912b63429c34f5d6adfd09f5f9ee2 37.75MB / 51.88MB 1.5s
#5 sha256:d9a8df5894511ce28a05e2925a75e8a4acbd0634c39ad734fdfba8e23d1b1569 31.46MB / 191.85MB 1.5s
#5 sha256:1de76e268b103d05fa8960e0f77951ff54b912b63429c34f5d6adfd09f5f9ee2 41.94MB / 51.88MB 1.6s
#5 extracting sha256:2ff1d7c41c74a25258bfa6f0b8adb0a727f84518f55f65ca845ebc747976c408
#5 sha256:2ff1d7c41c74a25258bfa6f0b8adb0a727f84518f55f65ca845ebc747976c408 50.45MB / 50.45MB 1.6s done
#5 sha256:1de76e268b103d05fa8960e0f77951ff54b912b63429c34f5d6adfd09f5f9ee2 48.23MB / 51.88MB 1.7s
#5 sha256:d9a8df5894511ce28a05e2925a75e8a4acbd0634c39ad734fdfba8e23d1b1569 42.99MB / 191.85MB 1.7s
#5 sha256:6f51ee005deac0d99898e41b8ce60ebf250ebe1a31a0b03f613aec6bbc9b83d8 0B / 4.19kB 1.7s
#5 sha256:1de76e268b103d05fa8960e0f77951ff54b912b63429c34f5d6adfd09f5f9ee2 51.88MB / 51.88MB 1.8s
#5 sha256:6f51ee005deac0d99898e41b8ce60ebf250ebe1a31a0b03f613aec6bbc9b83d8 4.19kB / 4.19kB 1.7s done
#5 sha256:5f32ed3c3f278edda4fc571c880b5277355a29ae8f52b52cdf865f058378a590 0B / 35.24MB 1.8s
#5 sha256:1de76e268b103d05fa8960e0f77951ff54b912b63429c34f5d6adfd09f5f9ee2 51.88MB / 51.88MB 1.9s done
#5 sha256:d9a8df5894511ce28a05e2925a75e8a4acbd0634c39ad734fdfba8e23d1b1569 61.87MB / 191.85MB 2.0s
#5 sha256:5f32ed3c3f278edda4fc571c880b5277355a29ae8f52b52cdf865f058378a590 6.29MB / 35.24MB 2.0s
#5 sha256:0c8cc2f24a4dcb64e602e086fc9446b0a541e8acd9ad72d2e90df3ba22f158b3 0B / 2.29MB 2.0s
#5 sha256:5f32ed3c3f278edda4fc571c880b5277355a29ae8f52b52cdf865f058378a590 11.53MB / 35.24MB 2.1s
#5 sha256:0c8cc2f24a4dcb64e602e086fc9446b0a541e8acd9ad72d2e90df3ba22f158b3 1.05MB / 2.29MB 2.1s
#5 sha256:d9a8df5894511ce28a05e2925a75e8a4acbd0634c39ad734fdfba8e23d1b1569 72.35MB / 191.85MB 2.2s
#5 sha256:5f32ed3c3f278edda4fc571c880b5277355a29ae8f52b52cdf865f058378a590 16.78MB / 35.24MB 2.2s
#5 sha256:0c8cc2f24a4dcb64e602e086fc9446b0a541e8acd9ad72d2e90df3ba22f158b3 2.29MB / 2.29MB 2.1s done
#5 sha256:0d27a8e861329007574c6766fba946d48e20d2c8e964e873de352603f22c4ceb 0B / 450B 2.2s
#5 sha256:5f32ed3c3f278edda4fc571c880b5277355a29ae8f52b52cdf865f058378a590 22.02MB / 35.24MB 2.3s
#5 sha256:0d27a8e861329007574c6766fba946d48e20d2c8e964e873de352603f22c4ceb 450B / 450B 2.2s done
#5 sha256:d9a8df5894511ce28a05e2925a75e8a4acbd0634c39ad734fdfba8e23d1b1569 85.98MB / 191.85MB 2.4s
#5 sha256:5f32ed3c3f278edda4fc571c880b5277355a29ae8f52b52cdf865f058378a590 26.21MB / 35.24MB 2.4s
#5 sha256:d9a8df5894511ce28a05e2925a75e8a4acbd0634c39ad734fdfba8e23d1b1569 100.66MB / 191.85MB 2.6s
#5 sha256:5f32ed3c3f278edda4fc571c880b5277355a29ae8f52b52cdf865f058378a590 35.24MB / 35.24MB 2.6s
#5 sha256:d9a8df5894511ce28a05e2925a75e8a4acbd0634c39ad734fdfba8e23d1b1569 118.49MB / 191.85MB 2.8s
#5 sha256:5f32ed3c3f278edda4fc571c880b5277355a29ae8f52b52cdf865f058378a590 35.24MB / 35.24MB 2.7s done
#5 sha256:d9a8df5894511ce28a05e2925a75e8a4acbd0634c39ad734fdfba8e23d1b1569 128.97MB / 191.85MB 2.9s
#5 sha256:d9a8df5894511ce28a05e2925a75e8a4acbd0634c39ad734fdfba8e23d1b1569 147.85MB / 191.85MB 3.1s
#5 sha256:d9a8df5894511ce28a05e2925a75e8a4acbd0634c39ad734fdfba8e23d1b1569 167.77MB / 191.85MB 3.3s
#5 sha256:d9a8df5894511ce28a05e2925a75e8a4acbd0634c39ad734fdfba8e23d1b1569 185.60MB / 191.85MB 3.5s
#5 extracting sha256:2ff1d7c41c74a25258bfa6f0b8adb0a727f84518f55f65ca845ebc747976c408 2.5s done
#5 sha256:d9a8df5894511ce28a05e2925a75e8a4acbd0634c39ad734fdfba8e23d1b1569 191.85MB / 191.85MB 4.3s done
#5 extracting sha256:b253aeafeaa7e0671bb60008df01de101a38a045ff7bc656e3b0fbfc7c05cca5 0.1s
#5 extracting sha256:b253aeafeaa7e0671bb60008df01de101a38a045ff7bc656e3b0fbfc7c05cca5 0.3s done
#5 extracting sha256:3d2201bd995cccf12851a50820de03d34a17011dcbb9ac9fdf3a50c952cbb131
#5 extracting sha256:3d2201bd995cccf12851a50820de03d34a17011dcbb9ac9fdf3a50c952cbb131 0.2s done
#5 extracting sha256:1de76e268b103d05fa8960e0f77951ff54b912b63429c34f5d6adfd09f5f9ee2 0.1s
#5 extracting sha256:1de76e268b103d05fa8960e0f77951ff54b912b63429c34f5d6adfd09f5f9ee2 2.2s done
#5 extracting sha256:d9a8df5894511ce28a05e2925a75e8a4acbd0634c39ad734fdfba8e23d1b1569
#5 extracting sha256:d9a8df5894511ce28a05e2925a75e8a4acbd0634c39ad734fdfba8e23d1b1569 5.1s
#5 extracting sha256:d9a8df5894511ce28a05e2925a75e8a4acbd0634c39ad734fdfba8e23d1b1569 6.4s done
#5 extracting sha256:6f51ee005deac0d99898e41b8ce60ebf250ebe1a31a0b03f613aec6bbc9b83d8 done
#5 extracting sha256:5f32ed3c3f278edda4fc571c880b5277355a29ae8f52b52cdf865f058378a590 0.1s
#5 extracting sha256:5f32ed3c3f278edda4fc571c880b5277355a29ae8f52b52cdf865f058378a590 1.7s done
#5 extracting sha256:0c8cc2f24a4dcb64e602e086fc9446b0a541e8acd9ad72d2e90df3ba22f158b3
#5 extracting sha256:0c8cc2f24a4dcb64e602e086fc9446b0a541e8acd9ad72d2e90df3ba22f158b3 0.1s done
#5 extracting sha256:0d27a8e861329007574c6766fba946d48e20d2c8e964e873de352603f22c4ceb done
#5 DONE 16.1s

#7 [2/6] RUN mkdir -p /usr/src/app
#7 DONE 6.8s

#8 [3/6] WORKDIR /usr/src/app
#8 DONE 0.1s

#9 [4/6] COPY package*.json ./
#9 DONE 0.1s

#10 [5/6] RUN npm install
#10 12.34 
#10 12.34 > ed25519@0.0.4 install /usr/src/app/node_modules/ed25519
#10 12.34 > node-gyp rebuild
#10 12.34 
#10 13.42 make: Entering directory '/usr/src/app/node_modules/ed25519/build'
#10 13.42   CC(target) Release/obj.target/ed25519/src/ed25519/keypair.o
#10 13.46   CC(target) Release/obj.target/ed25519/src/ed25519/sign.o
#10 13.51   CC(target) Release/obj.target/ed25519/src/ed25519/open.o
#10 13.57   CC(target) Release/obj.target/ed25519/src/ed25519/crypto_verify_32.o
#10 13.61   CC(target) Release/obj.target/ed25519/src/ed25519/ge_double_scalarmult.o
#10 13.67   CC(target) Release/obj.target/ed25519/src/ed25519/ge_frombytes.o
#10 13.71   CC(target) Release/obj.target/ed25519/src/ed25519/ge_scalarmult_base.o
#10 13.77   CC(target) Release/obj.target/ed25519/src/ed25519/ge_precomp_0.o
#10 13.81   CC(target) Release/obj.target/ed25519/src/ed25519/ge_p2_0.o
#10 13.84   CC(target) Release/obj.target/ed25519/src/ed25519/ge_p2_dbl.o
#10 13.88   CC(target) Release/obj.target/ed25519/src/ed25519/ge_p3_0.o
#10 13.91   CC(target) Release/obj.target/ed25519/src/ed25519/ge_p3_dbl.o
#10 13.95   CC(target) Release/obj.target/ed25519/src/ed25519/ge_p3_to_p2.o
#10 13.98   CC(target) Release/obj.target/ed25519/src/ed25519/ge_p3_to_cached.o
#10 14.02   CC(target) Release/obj.target/ed25519/src/ed25519/ge_p3_tobytes.o
#10 14.05   CC(target) Release/obj.target/ed25519/src/ed25519/ge_madd.o
#10 14.09   CC(target) Release/obj.target/ed25519/src/ed25519/ge_add.o
#10 14.12   CC(target) Release/obj.target/ed25519/src/ed25519/ge_msub.o
#10 14.16   CC(target) Release/obj.target/ed25519/src/ed25519/ge_sub.o
#10 14.20   CC(target) Release/obj.target/ed25519/src/ed25519/ge_p1p1_to_p3.o
#10 14.23   CC(target) Release/obj.target/ed25519/src/ed25519/ge_p1p1_to_p2.o
#10 14.26   CC(target) Release/obj.target/ed25519/src/ed25519/ge_tobytes.o
#10 14.30   CC(target) Release/obj.target/ed25519/src/ed25519/fe_0.o
#10 14.33   CC(target) Release/obj.target/ed25519/src/ed25519/fe_1.o
#10 14.36   CC(target) Release/obj.target/ed25519/src/ed25519/fe_cmov.o
#10 14.40   CC(target) Release/obj.target/ed25519/src/ed25519/fe_copy.o
#10 14.43   CC(target) Release/obj.target/ed25519/src/ed25519/fe_neg.o
#10 14.46   CC(target) Release/obj.target/ed25519/src/ed25519/fe_add.o
#10 14.50   CC(target) Release/obj.target/ed25519/src/ed25519/fe_sub.o
#10 14.53   CC(target) Release/obj.target/ed25519/src/ed25519/fe_mul.o
#10 14.60   CC(target) Release/obj.target/ed25519/src/ed25519/fe_sq.o
#10 14.65   CC(target) Release/obj.target/ed25519/src/ed25519/fe_sq2.o
#10 14.70   CC(target) Release/obj.target/ed25519/src/ed25519/fe_invert.o
#10 14.74   CC(target) Release/obj.target/ed25519/src/ed25519/fe_tobytes.o
#10 14.78   CC(target) Release/obj.target/ed25519/src/ed25519/fe_isnegative.o
#10 14.82   CC(target) Release/obj.target/ed25519/src/ed25519/fe_isnonzero.o
#10 14.86   CC(target) Release/obj.target/ed25519/src/ed25519/fe_frombytes.o
#10 14.91   CC(target) Release/obj.target/ed25519/src/ed25519/fe_pow22523.o
#10 14.95   CC(target) Release/obj.target/ed25519/src/ed25519/sc_reduce.o
#10 15.05   CC(target) Release/obj.target/ed25519/src/ed25519/sc_muladd.o
#10 15.19   CXX(target) Release/obj.target/ed25519/src/ed25519.o
#10 15.49 In file included from ../../nan/nan.h:192,
#10 15.49                  from ../src/ed25519.cc:4:
#10 15.49 ../../nan/nan_maybe_43_inl.h: In function 'Nan::Maybe<bool> Nan::ForceSet(v8::Local<v8::Object>, v8::Local<v8::Value>, v8::Local<v8::Value>, v8::PropertyAttribute)':
#10 15.49 ../../nan/nan_maybe_43_inl.h:112:15: error: 'class v8::Object' has no member named 'ForceSet'
#10 15.49    return obj->ForceSet(isolate->GetCurrentContext(), key, value, attribs);
#10 15.49                ^~~~~~~~
#10 15.50 In file included from ../../nan/nan_converters.h:59,
#10 15.50                  from ../../nan/nan.h:197,
#10 15.50                  from ../src/ed25519.cc:4:
#10 15.50 ../../nan/nan_converters_43_inl.h: In static member function 'static Nan::imp::ToFactoryBase<v8::Boolean>::return_t Nan::imp::ToFactory<v8::Boolean>::convert(v8::Local<v8::Value>)':
#10 15.50 ../../nan/nan_converters_43_inl.h:18:69: error: no matching function for call to 'v8::Value::ToBoolean(v8::Local<v8::Context>)'
#10 15.50        val->To ## TYPE(v8::Isolate::GetCurrent()->GetCurrentContext())          \
#10 15.50                                                                      ^
#10 15.50 ../../nan/nan_converters_43_inl.h:22:1: note: in expansion of macro 'X'
#10 15.50  X(Boolean)
#10 15.50  ^
#10 15.50 In file included from /root/.cache/node-gyp/14.21.3/include/node/node.h:67,
#10 15.50                  from ../src/ed25519.cc:1:
#10 15.50 /root/.cache/node-gyp/14.21.3/include/node/v8.h:2848:18: note: candidate: 'v8::Local<v8::Boolean> v8::Value::ToBoolean(v8::Isolate*) const'
#10 15.50    Local<Boolean> ToBoolean(Isolate* isolate) const;
#10 15.50                   ^~~~~~~~~
#10 15.50 /root/.cache/node-gyp/14.21.3/include/node/v8.h:2848:18: note:   no known conversion for argument 1 from 'v8::Local<v8::Context>' to 'v8::Isolate*'
#10 15.50 In file included from ../../nan/nan_converters.h:59,
#10 15.50                  from ../../nan/nan.h:197,
#10 15.50                  from ../src/ed25519.cc:4:
#10 15.50 ../../nan/nan_converters_43_inl.h: In static member function 'static Nan::imp::ValueFactoryBase<bool>::return_t Nan::imp::ToFactory<bool>::convert(v8::Local<v8::Value>)':
#10 15.50 ../../nan/nan_converters_43_inl.h:37:57: error: no matching function for call to 'v8::Value::BooleanValue(v8::Local<v8::Context>)'
#10 15.50    return val->NAME ## Value(isolate->GetCurrentContext());                     \
#10 15.50                                                          ^
#10 15.50 ../../nan/nan_converters_43_inl.h:40:1: note: in expansion of macro 'X'
#10 15.50  X(bool, Boolean)
#10 15.50  ^
#10 15.50 In file included from /root/.cache/node-gyp/14.21.3/include/node/node.h:67,
#10 15.50                  from ../src/ed25519.cc:1:
#10 15.50 /root/.cache/node-gyp/14.21.3/include/node/v8.h:2858:8: note: candidate: 'bool v8::Value::BooleanValue(v8::Isolate*) const'
#10 15.50    bool BooleanValue(Isolate* isolate) const;
#10 15.50         ^~~~~~~~~~~~
#10 15.50 /root/.cache/node-gyp/14.21.3/include/node/v8.h:2858:8: note:   no known conversion for argument 1 from 'v8::Local<v8::Context>' to 'v8::Isolate*'
#10 15.50 In file included from ../../nan/nan_new.h:189,
#10 15.50                  from ../../nan/nan.h:198,
#10 15.50                  from ../src/ed25519.cc:4:
#10 15.50 ../../nan/nan_implementation_12_inl.h: In static member function 'static Nan::imp::FactoryBase<v8::Function>::return_t Nan::imp::Factory<v8::Function>::New(Nan::FunctionCallback, v8::Local<v8::Value>)':
#10 15.50 ../../nan/nan_implementation_12_inl.h:105:32: error: no matching function for call to 'v8::Function::New(v8::Isolate*&, void (&)(const v8::FunctionCallbackInfo<v8::Value>&), v8::Local<v8::Object>&)'
#10 15.50                            , obj));
#10 15.50                                 ^
#10 15.50 In file included from /root/.cache/node-gyp/14.21.3/include/node/node.h:67,
#10 15.50                  from ../src/ed25519.cc:1:
#10 15.50 /root/.cache/node-gyp/14.21.3/include/node/v8.h:4445:31: note: candidate: 'static v8::MaybeLocal<v8::Function> v8::Function::New(v8::Local<v8::Context>, v8::FunctionCallback, v8::Local<v8::Value>, int, v8::ConstructorBehavior, v8::SideEffectType)'
#10 15.50    static MaybeLocal<Function> New(
#10 15.50                                ^~~
#10 15.50 /root/.cache/node-gyp/14.21.3/include/node/v8.h:4445:31: note:   no known conversion for argument 1 from 'v8::Isolate*' to 'v8::Local<v8::Context>'
#10 15.51 In file included from ../../nan/nan_new.h:189,
#10 15.51                  from ../../nan/nan.h:198,
#10 15.51                  from ../src/ed25519.cc:4:
#10 15.51 ../../nan/nan_implementation_12_inl.h: In static member function 'static Nan::imp::FactoryBase<v8::StringObject>::return_t Nan::imp::Factory<v8::StringObject>::New(v8::Local<v8::String>)':
#10 15.51 ../../nan/nan_implementation_12_inl.h:337:37: error: no matching function for call to 'v8::StringObject::New(v8::Local<v8::String>&)'
#10 15.51    return v8::StringObject::New(value).As<v8::StringObject>();
#10 15.51                                      ^
#10 15.51 In file included from /root/.cache/node-gyp/14.21.3/include/node/node.h:67,
#10 15.51                  from ../src/ed25519.cc:1:
#10 15.51 /root/.cache/node-gyp/14.21.3/include/node/v8.h:5854:23: note: candidate: 'static v8::Local<v8::Value> v8::StringObject::New(v8::Isolate*, v8::Local<v8::String>)'
#10 15.51    static Local<Value> New(Isolate* isolate, Local<String> value);
#10 15.51                        ^~~
#10 15.51 /root/.cache/node-gyp/14.21.3/include/node/v8.h:5854:23: note:   candidate expects 2 arguments, 1 provided
#10 15.51 In file included from ../../nan/nan_new.h:189,
#10 15.51                  from ../../nan/nan.h:198,
#10 15.51                  from ../src/ed25519.cc:4:
#10 15.51 ../../nan/nan_implementation_12_inl.h:337:58: error: expected primary-expression before '>' token
#10 15.51    return v8::StringObject::New(value).As<v8::StringObject>();
#10 15.51                                                           ^
#10 15.51 ../../nan/nan_implementation_12_inl.h:337:60: error: expected primary-expression before ')' token
#10 15.51    return v8::StringObject::New(value).As<v8::StringObject>();
#10 15.51                                                             ^
#10 15.51 In file included from ../src/ed25519.cc:4:
#10 15.51 ../../nan/nan.h: In function 'v8::Local<v8::Value> Nan::MakeCallback(v8::Local<v8::Object>, v8::Local<v8::Function>, int, v8::Local<v8::Value>*)':
#10 15.51 ../../nan/nan.h:835:60: warning: 'v8::Local<v8::Value> node::MakeCallback(v8::Isolate*, v8::Local<v8::Object>, v8::Local<v8::Function>, int, v8::Local<v8::Value>*)' is deprecated: Use MakeCallback(..., async_context) [-Wdeprecated-declarations]
#10 15.51          v8::Isolate::GetCurrent(), target, func, argc, argv);
#10 15.51                                                             ^
#10 15.51 In file included from ../src/ed25519.cc:1:
#10 15.51 /root/.cache/node-gyp/14.21.3/include/node/node.h:191:50: note: declared here
#10 15.51                  NODE_EXTERN v8::Local<v8::Value> MakeCallback(
#10 15.51                                                   ^~~~~~~~~~~~
#10 15.51 /root/.cache/node-gyp/14.21.3/include/node/node.h:108:42: note: in definition of macro 'NODE_DEPRECATED'
#10 15.51      __attribute__((deprecated(message))) declarator
#10 15.51                                           ^~~~~~~~~~
#10 15.51 In file included from ../src/ed25519.cc:4:
#10 15.51 ../../nan/nan.h:835:60: warning: 'v8::Local<v8::Value> node::MakeCallback(v8::Isolate*, v8::Local<v8::Object>, v8::Local<v8::Function>, int, v8::Local<v8::Value>*)' is deprecated: Use MakeCallback(..., async_context) [-Wdeprecated-declarations]
#10 15.51          v8::Isolate::GetCurrent(), target, func, argc, argv);
#10 15.51                                                             ^
#10 15.51 In file included from ../src/ed25519.cc:1:
#10 15.51 /root/.cache/node-gyp/14.21.3/include/node/node.h:191:50: note: declared here
#10 15.51                  NODE_EXTERN v8::Local<v8::Value> MakeCallback(
#10 15.51                                                   ^~~~~~~~~~~~
#10 15.51 /root/.cache/node-gyp/14.21.3/include/node/node.h:108:42: note: in definition of macro 'NODE_DEPRECATED'
#10 15.51      __attribute__((deprecated(message))) declarator
#10 15.51                                           ^~~~~~~~~~
#10 15.51 In file included from ../src/ed25519.cc:4:
#10 15.51 ../../nan/nan.h: In function 'v8::Local<v8::Value> Nan::MakeCallback(v8::Local<v8::Object>, v8::Local<v8::String>, int, v8::Local<v8::Value>*)':
#10 15.51 ../../nan/nan.h:850:62: warning: 'v8::Local<v8::Value> node::MakeCallback(v8::Isolate*, v8::Local<v8::Object>, v8::Local<v8::String>, int, v8::Local<v8::Value>*)' is deprecated: Use MakeCallback(..., async_context) [-Wdeprecated-declarations]
#10 15.51          v8::Isolate::GetCurrent(), target, symbol, argc, argv);
#10 15.51                                                               ^
#10 15.51 In file included from ../src/ed25519.cc:1:
#10 15.51 /root/.cache/node-gyp/14.21.3/include/node/node.h:184:50: note: declared here
#10 15.51                  NODE_EXTERN v8::Local<v8::Value> MakeCallback(
#10 15.51                                                   ^~~~~~~~~~~~
#10 15.51 /root/.cache/node-gyp/14.21.3/include/node/node.h:108:42: note: in definition of macro 'NODE_DEPRECATED'
#10 15.51      __attribute__((deprecated(message))) declarator
#10 15.51                                           ^~~~~~~~~~
#10 15.51 In file included from ../src/ed25519.cc:4:
#10 15.51 ../../nan/nan.h:850:62: warning: 'v8::Local<v8::Value> node::MakeCallback(v8::Isolate*, v8::Local<v8::Object>, v8::Local<v8::String>, int, v8::Local<v8::Value>*)' is deprecated: Use MakeCallback(..., async_context) [-Wdeprecated-declarations]
#10 15.51          v8::Isolate::GetCurrent(), target, symbol, argc, argv);
#10 15.51                                                               ^
#10 15.51 In file included from ../src/ed25519.cc:1:
#10 15.51 /root/.cache/node-gyp/14.21.3/include/node/node.h:184:50: note: declared here
#10 15.51                  NODE_EXTERN v8::Local<v8::Value> MakeCallback(
#10 15.51                                                   ^~~~~~~~~~~~
#10 15.51 /root/.cache/node-gyp/14.21.3/include/node/node.h:108:42: note: in definition of macro 'NODE_DEPRECATED'
#10 15.51      __attribute__((deprecated(message))) declarator
#10 15.51                                           ^~~~~~~~~~
#10 15.51 In file included from ../src/ed25519.cc:4:
#10 15.51 ../../nan/nan.h: In function 'v8::Local<v8::Value> Nan::MakeCallback(v8::Local<v8::Object>, const char*, int, v8::Local<v8::Value>*)':
#10 15.51 ../../nan/nan.h:865:62: warning: 'v8::Local<v8::Value> node::MakeCallback(v8::Isolate*, v8::Local<v8::Object>, const char*, int, v8::Local<v8::Value>*)' is deprecated: Use MakeCallback(..., async_context) [-Wdeprecated-declarations]
#10 15.51          v8::Isolate::GetCurrent(), target, method, argc, argv);
#10 15.51                                                               ^
#10 15.51 In file included from ../src/ed25519.cc:1:
#10 15.51 /root/.cache/node-gyp/14.21.3/include/node/node.h:177:50: note: declared here
#10 15.51                  NODE_EXTERN v8::Local<v8::Value> MakeCallback(
#10 15.51                                                   ^~~~~~~~~~~~
#10 15.51 /root/.cache/node-gyp/14.21.3/include/node/node.h:108:42: note: in definition of macro 'NODE_DEPRECATED'
#10 15.51      __attribute__((deprecated(message))) declarator
#10 15.51                                           ^~~~~~~~~~
#10 15.51 In file included from ../src/ed25519.cc:4:
#10 15.51 ../../nan/nan.h:865:62: warning: 'v8::Local<v8::Value> node::MakeCallback(v8::Isolate*, v8::Local<v8::Object>, const char*, int, v8::Local<v8::Value>*)' is deprecated: Use MakeCallback(..., async_context) [-Wdeprecated-declarations]
#10 15.51          v8::Isolate::GetCurrent(), target, method, argc, argv);
#10 15.51                                                               ^
#10 15.51 In file included from ../src/ed25519.cc:1:
#10 15.51 /root/.cache/node-gyp/14.21.3/include/node/node.h:177:50: note: declared here
#10 15.51                  NODE_EXTERN v8::Local<v8::Value> MakeCallback(
#10 15.51                                                   ^~~~~~~~~~~~
#10 15.51 /root/.cache/node-gyp/14.21.3/include/node/node.h:108:42: note: in definition of macro 'NODE_DEPRECATED'
#10 15.51      __attribute__((deprecated(message))) declarator
#10 15.51                                           ^~~~~~~~~~
#10 15.52 In file included from ../src/ed25519.cc:4:
#10 15.52 ../../nan/nan.h: In constructor 'Nan::Utf8String::Utf8String(v8::Local<v8::Value>)':
#10 15.52 ../../nan/nan.h:911:53: error: no matching function for call to 'v8::Value::ToString()'
#10 15.52        v8::Local<v8::String> string = from->ToString();
#10 15.52                                                      ^
#10 15.52 In file included from /root/.cache/node-gyp/14.21.3/include/node/node.h:67,
#10 15.52                  from ../src/ed25519.cc:1:
#10 15.52 /root/.cache/node-gyp/14.21.3/include/node/v8.h:2810:44: note: candidate: 'v8::MaybeLocal<v8::String> v8::Value::ToString(v8::Local<v8::Context>) const'
#10 15.52    V8_WARN_UNUSED_RESULT MaybeLocal<String> ToString(
#10 15.52                                             ^~~~~~~~
#10 15.52 /root/.cache/node-gyp/14.21.3/include/node/v8.h:2810:44: note:   candidate expects 1 argument, 0 provided
#10 15.52 In file included from ../src/ed25519.cc:4:
#10 15.52 ../../nan/nan.h:921:74: error: no matching function for call to 'v8::String::WriteUtf8(char*&, int, int, const int&)'
#10 15.52          length_ = string->WriteUtf8(str_, static_cast<int>(len), 0, flags);
#10 15.52                                                                           ^
#10 15.52 In file included from /root/.cache/node-gyp/14.21.3/include/node/node.h:67,
#10 15.52                  from ../src/ed25519.cc:1:
#10 15.52 /root/.cache/node-gyp/14.21.3/include/node/v8.h:3037:7: note: candidate: 'int v8::String::WriteUtf8(v8::Isolate*, char*, int, int*, int) const'
#10 15.52    int WriteUtf8(Isolate* isolate, char* buffer, int length = -1,
#10 15.52        ^~~~~~~~~
#10 15.52 /root/.cache/node-gyp/14.21.3/include/node/v8.h:3037:7: note:   no known conversion for argument 1 from 'char*' to 'v8::Isolate*'
#10 15.52 In file included from ../src/ed25519.cc:4:
#10 15.52 ../../nan/nan.h: In member function 'v8::Local<v8::Value> Nan::Callback::Call_(v8::Isolate*, v8::Local<v8::Object>, int, v8::Local<v8::Value>*) const':
#10 15.52 ../../nan/nan.h:1479:5: warning: 'v8::Local<v8::Value> node::MakeCallback(v8::Isolate*, v8::Local<v8::Object>, v8::Local<v8::Function>, int, v8::Local<v8::Value>*)' is deprecated: Use MakeCallback(..., async_context) [-Wdeprecated-declarations]
#10 15.52      ));
#10 15.52      ^
#10 15.52 In file included from ../src/ed25519.cc:1:
#10 15.52 /root/.cache/node-gyp/14.21.3/include/node/node.h:191:50: note: declared here
#10 15.52                  NODE_EXTERN v8::Local<v8::Value> MakeCallback(
#10 15.52                                                   ^~~~~~~~~~~~
#10 15.52 /root/.cache/node-gyp/14.21.3/include/node/node.h:108:42: note: in definition of macro 'NODE_DEPRECATED'
#10 15.52      __attribute__((deprecated(message))) declarator
#10 15.52                                           ^~~~~~~~~~
#10 15.52 In file included from ../src/ed25519.cc:4:
#10 15.52 ../../nan/nan.h:1479:5: warning: 'v8::Local<v8::Value> node::MakeCallback(v8::Isolate*, v8::Local<v8::Object>, v8::Local<v8::Function>, int, v8::Local<v8::Value>*)' is deprecated: Use MakeCallback(..., async_context) [-Wdeprecated-declarations]
#10 15.52      ));
#10 15.52      ^
#10 15.52 In file included from ../src/ed25519.cc:1:
#10 15.52 /root/.cache/node-gyp/14.21.3/include/node/node.h:191:50: note: declared here
#10 15.52                  NODE_EXTERN v8::Local<v8::Value> MakeCallback(
#10 15.52                                                   ^~~~~~~~~~~~
#10 15.52 /root/.cache/node-gyp/14.21.3/include/node/node.h:108:42: note: in definition of macro 'NODE_DEPRECATED'
#10 15.52      __attribute__((deprecated(message))) declarator
#10 15.52                                           ^~~~~~~~~~
#10 15.52 In file included from ../src/ed25519.cc:4:
#10 15.52 ../../nan/nan.h: In member function 'void Nan::AsyncWorker::SaveToPersistent(const char*, const v8::Local<v8::Value>&)':
#10 15.52 ../../nan/nan.h:1533:64: error: no matching function for call to 'v8::Object::Set(v8::Local<v8::String>, const v8::Local<v8::Value>&)'
#10 15.52      New(persistentHandle)->Set(New(key).ToLocalChecked(), value);
#10 15.52                                                                 ^
#10 15.52 In file included from /root/.cache/node-gyp/14.21.3/include/node/node.h:67,
#10 15.52                  from ../src/ed25519.cc:1:
#10 15.52 /root/.cache/node-gyp/14.21.3/include/node/v8.h:3670:37: note: candidate: 'v8::Maybe<bool> v8::Object::Set(v8::Local<v8::Context>, v8::Local<v8::Value>, v8::Local<v8::Value>)'
#10 15.52    V8_WARN_UNUSED_RESULT Maybe<bool> Set(Local<Context> context,
#10 15.52                                      ^~~
#10 15.52 /root/.cache/node-gyp/14.21.3/include/node/v8.h:3670:37: note:   candidate expects 3 arguments, 2 provided
#10 15.52 /root/.cache/node-gyp/14.21.3/include/node/v8.h:3673:37: note: candidate: 'v8::Maybe<bool> v8::Object::Set(v8::Local<v8::Context>, uint32_t, v8::Local<v8::Value>)'
#10 15.52    V8_WARN_UNUSED_RESULT Maybe<bool> Set(Local<Context> context, uint32_t index,
#10 15.52                                      ^~~
#10 15.52 /root/.cache/node-gyp/14.21.3/include/node/v8.h:3673:37: note:   candidate expects 3 arguments, 2 provided
#10 15.52 In file included from ../src/ed25519.cc:4:
#10 15.52 ../../nan/nan.h: In member function 'void Nan::AsyncWorker::SaveToPersistent(const v8::Local<v8::String>&, const v8::Local<v8::Value>&)':
#10 15.52 ../../nan/nan.h:1539:42: error: no matching function for call to 'v8::Object::Set(const v8::Local<v8::String>&, const v8::Local<v8::Value>&)'
#10 15.52      New(persistentHandle)->Set(key, value);
#10 15.52                                           ^
#10 15.52 In file included from /root/.cache/node-gyp/14.21.3/include/node/node.h:67,
#10 15.52                  from ../src/ed25519.cc:1:
#10 15.52 /root/.cache/node-gyp/14.21.3/include/node/v8.h:3670:37: note: candidate: 'v8::Maybe<bool> v8::Object::Set(v8::Local<v8::Context>, v8::Local<v8::Value>, v8::Local<v8::Value>)'
#10 15.52    V8_WARN_UNUSED_RESULT Maybe<bool> Set(Local<Context> context,
#10 15.52                                      ^~~
#10 15.52 /root/.cache/node-gyp/14.21.3/include/node/v8.h:3670:37: note:   candidate expects 3 arguments, 2 provided
#10 15.52 /root/.cache/node-gyp/14.21.3/include/node/v8.h:3673:37: note: candidate: 'v8::Maybe<bool> v8::Object::Set(v8::Local<v8::Context>, uint32_t, v8::Local<v8::Value>)'
#10 15.52    V8_WARN_UNUSED_RESULT Maybe<bool> Set(Local<Context> context, uint32_t index,
#10 15.52                                      ^~~
#10 15.52 /root/.cache/node-gyp/14.21.3/include/node/v8.h:3673:37: note:   candidate expects 3 arguments, 2 provided
#10 15.52 In file included from ../src/ed25519.cc:4:
#10 15.52 ../../nan/nan.h: In member function 'void Nan::AsyncWorker::SaveToPersistent(uint32_t, const v8::Local<v8::Value>&)':
#10 15.52 ../../nan/nan.h:1545:44: error: no matching function for call to 'v8::Object::Set(uint32_t&, const v8::Local<v8::Value>&)'
#10 15.52      New(persistentHandle)->Set(index, value);
#10 15.52                                             ^
#10 15.52 In file included from /root/.cache/node-gyp/14.21.3/include/node/node.h:67,
#10 15.52                  from ../src/ed25519.cc:1:
#10 15.52 /root/.cache/node-gyp/14.21.3/include/node/v8.h:3670:37: note: candidate: 'v8::Maybe<bool> v8::Object::Set(v8::Local<v8::Context>, v8::Local<v8::Value>, v8::Local<v8::Value>)'
#10 15.52    V8_WARN_UNUSED_RESULT Maybe<bool> Set(Local<Context> context,
#10 15.52                                      ^~~
#10 15.52 /root/.cache/node-gyp/14.21.3/include/node/v8.h:3670:37: note:   candidate expects 3 arguments, 2 provided
#10 15.52 /root/.cache/node-gyp/14.21.3/include/node/v8.h:3673:37: note: candidate: 'v8::Maybe<bool> v8::Object::Set(v8::Local<v8::Context>, uint32_t, v8::Local<v8::Value>)'
#10 15.52    V8_WARN_UNUSED_RESULT Maybe<bool> Set(Local<Context> context, uint32_t index,
#10 15.52                                      ^~~
#10 15.52 /root/.cache/node-gyp/14.21.3/include/node/v8.h:3673:37: note:   candidate expects 3 arguments, 2 provided
#10 15.52 In file included from ../src/ed25519.cc:4:
#10 15.52 ../../nan/nan.h: In member function 'v8::Local<v8::Value> Nan::AsyncWorker::GetFromPersistent(const char*) const':
#10 15.52 ../../nan/nan.h:1551:61: error: no matching function for call to 'v8::Object::Get(v8::Local<v8::String>)'
#10 15.52          New(persistentHandle)->Get(New(key).ToLocalChecked()));
#10 15.52                                                              ^
#10 15.52 In file included from /root/.cache/node-gyp/14.21.3/include/node/node.h:67,
#10 15.52                  from ../src/ed25519.cc:1:
#10 15.52 /root/.cache/node-gyp/14.21.3/include/node/v8.h:3717:43: note: candidate: 'v8::MaybeLocal<v8::Value> v8::Object::Get(v8::Local<v8::Context>, v8::Local<v8::Value>)'
#10 15.52    V8_WARN_UNUSED_RESULT MaybeLocal<Value> Get(Local<Context> context,
#10 15.52                                            ^~~
#10 15.52 /root/.cache/node-gyp/14.21.3/include/node/v8.h:3717:43: note:   candidate expects 2 arguments, 1 provided
#10 15.52 /root/.cache/node-gyp/14.21.3/include/node/v8.h:3720:43: note: candidate: 'v8::MaybeLocal<v8::Value> v8::Object::Get(v8::Local<v8::Context>, uint32_t)'
#10 15.52    V8_WARN_UNUSED_RESULT MaybeLocal<Value> Get(Local<Context> context,
#10 15.52                                            ^~~
#10 15.52 /root/.cache/node-gyp/14.21.3/include/node/v8.h:3720:43: note:   candidate expects 2 arguments, 1 provided
#10 15.52 In file included from ../src/ed25519.cc:4:
#10 15.52 ../../nan/nan.h: In member function 'v8::Local<v8::Value> Nan::AsyncWorker::GetFromPersistent(const v8::Local<v8::String>&) const':
#10 15.52 ../../nan/nan.h:1557:55: error: no matching function for call to 'v8::Object::Get(const v8::Local<v8::String>&)'
#10 15.52      return scope.Escape(New(persistentHandle)->Get(key));
#10 15.52                                                        ^
#10 15.52 In file included from /root/.cache/node-gyp/14.21.3/include/node/node.h:67,
#10 15.52                  from ../src/ed25519.cc:1:
#10 15.52 /root/.cache/node-gyp/14.21.3/include/node/v8.h:3717:43: note: candidate: 'v8::MaybeLocal<v8::Value> v8::Object::Get(v8::Local<v8::Context>, v8::Local<v8::Value>)'
#10 15.52    V8_WARN_UNUSED_RESULT MaybeLocal<Value> Get(Local<Context> context,
#10 15.52                                            ^~~
#10 15.52 /root/.cache/node-gyp/14.21.3/include/node/v8.h:3717:43: note:   candidate expects 2 arguments, 1 provided
#10 15.52 /root/.cache/node-gyp/14.21.3/include/node/v8.h:3720:43: note: candidate: 'v8::MaybeLocal<v8::Value> v8::Object::Get(v8::Local<v8::Context>, uint32_t)'
#10 15.52    V8_WARN_UNUSED_RESULT MaybeLocal<Value> Get(Local<Context> context,
#10 15.52                                            ^~~
#10 15.52 /root/.cache/node-gyp/14.21.3/include/node/v8.h:3720:43: note:   candidate expects 2 arguments, 1 provided
#10 15.52 In file included from ../src/ed25519.cc:4:
#10 15.52 ../../nan/nan.h: In member function 'v8::Local<v8::Value> Nan::AsyncWorker::GetFromPersistent(uint32_t) const':
#10 15.52 ../../nan/nan.h:1562:57: error: no matching function for call to 'v8::Object::Get(uint32_t&)'
#10 15.52      return scope.Escape(New(persistentHandle)->Get(index));
#10 15.52                                                          ^
#10 15.52 In file included from /root/.cache/node-gyp/14.21.3/include/node/node.h:67,
#10 15.52                  from ../src/ed25519.cc:1:
#10 15.52 /root/.cache/node-gyp/14.21.3/include/node/v8.h:3717:43: note: candidate: 'v8::MaybeLocal<v8::Value> v8::Object::Get(v8::Local<v8::Context>, v8::Local<v8::Value>)'
#10 15.52    V8_WARN_UNUSED_RESULT MaybeLocal<Value> Get(Local<Context> context,
#10 15.52                                            ^~~
#10 15.52 /root/.cache/node-gyp/14.21.3/include/node/v8.h:3717:43: note:   candidate expects 2 arguments, 1 provided
#10 15.52 /root/.cache/node-gyp/14.21.3/include/node/v8.h:3720:43: note: candidate: 'v8::MaybeLocal<v8::Value> v8::Object::Get(v8::Local<v8::Context>, uint32_t)'
#10 15.52    V8_WARN_UNUSED_RESULT MaybeLocal<Value> Get(Local<Context> context,
#10 15.52                                            ^~~
#10 15.52 /root/.cache/node-gyp/14.21.3/include/node/v8.h:3720:43: note:   candidate expects 2 arguments, 1 provided
#10 15.52 In file included from ../src/ed25519.cc:4:
#10 15.52 ../../nan/nan.h: In function 'void Nan::AsyncQueueWorker(Nan::AsyncWorker*)':
#10 15.52 ../../nan/nan.h:1732:62: warning: cast between incompatible function types from 'void (*)(uv_work_t*)' {aka 'void (*)(uv_work_s*)'} to 'uv_after_work_cb' {aka 'void (*)(uv_work_s*, int)'} [-Wcast-function-type]
#10 15.52      , reinterpret_cast<uv_after_work_cb>(AsyncExecuteComplete)
#10 15.52                                                               ^
#10 15.52 In file included from /usr/include/c++/8/cassert:44,
#10 15.52                  from /root/.cache/node-gyp/14.21.3/include/node/node_object_wrap.h:26,
#10 15.52                  from ../../nan/nan.h:51,
#10 15.52                  from ../src/ed25519.cc:4:
#10 15.52 ../../nan/nan_object_wrap.h: In destructor 'virtual Nan::ObjectWrap::~ObjectWrap()':
#10 15.52 ../../nan/nan_object_wrap.h:24:25: error: 'class Nan::Persistent<v8::Object>' has no member named 'IsNearDeath'
#10 15.52      assert(persistent().IsNearDeath());
#10 15.52                          ^~~~~~~~~~~
#10 15.52 In file included from ../../nan/nan.h:2222,
#10 15.52                  from ../src/ed25519.cc:4:
#10 15.52 ../../nan/nan_object_wrap.h: In member function 'void Nan::ObjectWrap::MakeWeak()':
#10 15.52 ../../nan/nan_object_wrap.h:67:18: error: 'class Nan::Persistent<v8::Object>' has no member named 'MarkIndependent'
#10 15.52      persistent().MarkIndependent();
#10 15.52                   ^~~~~~~~~~~~~~~
#10 15.52 In file included from /usr/include/c++/8/cassert:44,
#10 15.52                  from /root/.cache/node-gyp/14.21.3/include/node/node_object_wrap.h:26,
#10 15.52                  from ../../nan/nan.h:51,
#10 15.52                  from ../src/ed25519.cc:4:
#10 15.52 ../../nan/nan_object_wrap.h: In static member function 'static void Nan::ObjectWrap::WeakCallback(const v8::WeakCallbackInfo<Nan::ObjectWrap>&)':
#10 15.52 ../../nan/nan_object_wrap.h:124:26: error: 'class Nan::Persistent<v8::Object>' has no member named 'IsNearDeath'
#10 15.52      assert(wrap->handle_.IsNearDeath());
#10 15.52                           ^~~~~~~~~~~
#10 15.53 ../src/ed25519.cc: In function 'Nan::NAN_METHOD_RETURN_TYPE MakeKeypair(Nan::NAN_METHOD_ARGS_TYPE)':
#10 15.53 ../src/ed25519.cc:19:98: error: no matching function for call to 'v8::Value::ToObject()'
#10 15.53   if ((info.Length() < 1) || (!Buffer::HasInstance(info[0])) || (Buffer::Length(info[0]->ToObject()) != 32)) {
#10 15.53                                                                                                   ^
#10 15.53 In file included from /root/.cache/node-gyp/14.21.3/include/node/node.h:67,
#10 15.53                  from ../src/ed25519.cc:1:
#10 15.53 /root/.cache/node-gyp/14.21.3/include/node/v8.h:2822:44: note: candidate: 'v8::MaybeLocal<v8::Object> v8::Value::ToObject(v8::Local<v8::Context>) const'
#10 15.53    V8_WARN_UNUSED_RESULT MaybeLocal<Object> ToObject(
#10 15.53                                             ^~~~~~~~
#10 15.53 /root/.cache/node-gyp/14.21.3/include/node/v8.h:2822:44: note:   candidate expects 1 argument, 0 provided
#10 15.53 ../src/ed25519.cc:22:77: error: no matching function for call to 'v8::Value::ToObject()'
#10 15.53   const unsigned char* seed = (unsigned char*)Buffer::Data(info[0]->ToObject());
#10 15.53                                                                              ^
#10 15.53 In file included from /root/.cache/node-gyp/14.21.3/include/node/node.h:67,
#10 15.53                  from ../src/ed25519.cc:1:
#10 15.53 /root/.cache/node-gyp/14.21.3/include/node/v8.h:2822:44: note: candidate: 'v8::MaybeLocal<v8::Object> v8::Value::ToObject(v8::Local<v8::Context>) const'
#10 15.53    V8_WARN_UNUSED_RESULT MaybeLocal<Object> ToObject(
#10 15.53                                             ^~~~~~~~
#10 15.53 /root/.cache/node-gyp/14.21.3/include/node/v8.h:2822:44: note:   candidate expects 1 argument, 0 provided
#10 15.53 ../src/ed25519.cc:35:63: error: no matching function for call to 'v8::Object::Set(v8::Local<v8::String>, v8::Local<v8::Object>&)'
#10 15.53   result->Set(Nan::New("publicKey").ToLocalChecked(), publicKey);
#10 15.53                                                                ^
#10 15.53 In file included from /root/.cache/node-gyp/14.21.3/include/node/node.h:67,
#10 15.53                  from ../src/ed25519.cc:1:
#10 15.53 /root/.cache/node-gyp/14.21.3/include/node/v8.h:3670:37: note: candidate: 'v8::Maybe<bool> v8::Object::Set(v8::Local<v8::Context>, v8::Local<v8::Value>, v8::Local<v8::Value>)'
#10 15.53    V8_WARN_UNUSED_RESULT Maybe<bool> Set(Local<Context> context,
#10 15.53                                      ^~~
#10 15.53 /root/.cache/node-gyp/14.21.3/include/node/v8.h:3670:37: note:   candidate expects 3 arguments, 2 provided
#10 15.53 /root/.cache/node-gyp/14.21.3/include/node/v8.h:3673:37: note: candidate: 'v8::Maybe<bool> v8::Object::Set(v8::Local<v8::Context>, uint32_t, v8::Local<v8::Value>)'
#10 15.53    V8_WARN_UNUSED_RESULT Maybe<bool> Set(Local<Context> context, uint32_t index,
#10 15.53                                      ^~~
#10 15.53 /root/.cache/node-gyp/14.21.3/include/node/v8.h:3673:37: note:   candidate expects 3 arguments, 2 provided
#10 15.53 ../src/ed25519.cc:36:65: error: no matching function for call to 'v8::Object::Set(v8::Local<v8::String>, v8::Local<v8::Object>&)'
#10 15.53   result->Set(Nan::New("privateKey").ToLocalChecked(), privateKey);
#10 15.53                                                                  ^
#10 15.53 In file included from /root/.cache/node-gyp/14.21.3/include/node/node.h:67,
#10 15.53                  from ../src/ed25519.cc:1:
#10 15.53 /root/.cache/node-gyp/14.21.3/include/node/v8.h:3670:37: note: candidate: 'v8::Maybe<bool> v8::Object::Set(v8::Local<v8::Context>, v8::Local<v8::Value>, v8::Local<v8::Value>)'
#10 15.53    V8_WARN_UNUSED_RESULT Maybe<bool> Set(Local<Context> context,
#10 15.53                                      ^~~
#10 15.53 /root/.cache/node-gyp/14.21.3/include/node/v8.h:3670:37: note:   candidate expects 3 arguments, 2 provided
#10 15.53 /root/.cache/node-gyp/14.21.3/include/node/v8.h:3673:37: note: candidate: 'v8::Maybe<bool> v8::Object::Set(v8::Local<v8::Context>, uint32_t, v8::Local<v8::Value>)'
#10 15.53    V8_WARN_UNUSED_RESULT Maybe<bool> Set(Local<Context> context, uint32_t index,
#10 15.53                                      ^~~
#10 15.53 /root/.cache/node-gyp/14.21.3/include/node/v8.h:3673:37: note:   candidate expects 3 arguments, 2 provided
#10 15.53 ../src/ed25519.cc: In function 'Nan::NAN_METHOD_RETURN_TYPE Sign(Nan::NAN_METHOD_ARGS_TYPE)':
#10 15.53 ../src/ed25519.cc:53:69: error: no matching function for call to 'v8::Value::ToObject()'
#10 15.53   if ((info.Length() < 2) || (!Buffer::HasInstance(info[0]->ToObject()))) {
#10 15.53                                                                      ^
#10 15.53 In file included from /root/.cache/node-gyp/14.21.3/include/node/node.h:67,
#10 15.53                  from ../src/ed25519.cc:1:
#10 15.53 /root/.cache/node-gyp/14.21.3/include/node/v8.h:2822:44: note: candidate: 'v8::MaybeLocal<v8::Object> v8::Value::ToObject(v8::Local<v8::Context>) const'
#10 15.53    V8_WARN_UNUSED_RESULT MaybeLocal<Object> ToObject(
#10 15.53                                             ^~~~~~~~
#10 15.53 /root/.cache/node-gyp/14.21.3/include/node/v8.h:2822:44: note:   candidate expects 1 argument, 0 provided
#10 15.53 ../src/ed25519.cc:56:74: error: no matching function for call to 'v8::Value::ToObject()'
#10 15.53   if ((Buffer::HasInstance(info[1])) && (Buffer::Length(info[1]->ToObject()) == 32)) {
#10 15.53                                                                           ^
#10 15.53 In file included from /root/.cache/node-gyp/14.21.3/include/node/node.h:67,
#10 15.53                  from ../src/ed25519.cc:1:
#10 15.53 /root/.cache/node-gyp/14.21.3/include/node/v8.h:2822:44: note: candidate: 'v8::MaybeLocal<v8::Object> v8::Value::ToObject(v8::Local<v8::Context>) const'
#10 15.53    V8_WARN_UNUSED_RESULT MaybeLocal<Object> ToObject(
#10 15.53                                             ^~~~~~~~
#10 15.53 /root/.cache/node-gyp/14.21.3/include/node/v8.h:2822:44: note:   candidate expects 1 argument, 0 provided
#10 15.53 ../src/ed25519.cc:57:72: error: no matching function for call to 'v8::Value::ToObject()'
#10 15.53    unsigned char* seed = (unsigned char*)Buffer::Data(info[1]->ToObject());
#10 15.53                                                                         ^
#10 15.53 In file included from /root/.cache/node-gyp/14.21.3/include/node/node.h:67,
#10 15.53                  from ../src/ed25519.cc:1:
#10 15.53 /root/.cache/node-gyp/14.21.3/include/node/v8.h:2822:44: note: candidate: 'v8::MaybeLocal<v8::Object> v8::Value::ToObject(v8::Local<v8::Context>) const'
#10 15.53    V8_WARN_UNUSED_RESULT MaybeLocal<Object> ToObject(
#10 15.53                                             ^~~~~~~~
#10 15.53 /root/.cache/node-gyp/14.21.3/include/node/v8.h:2822:44: note:   candidate expects 1 argument, 0 provided
#10 15.53 ../src/ed25519.cc:65:81: error: no matching function for call to 'v8::Value::ToObject()'
#10 15.53   } else if ((Buffer::HasInstance(info[1])) && (Buffer::Length(info[1]->ToObject()) == 64)) {
#10 15.53                                                                                  ^
#10 15.53 In file included from /root/.cache/node-gyp/14.21.3/include/node/node.h:67,
#10 15.53                  from ../src/ed25519.cc:1:
#10 15.53 /root/.cache/node-gyp/14.21.3/include/node/v8.h:2822:44: note: candidate: 'v8::MaybeLocal<v8::Object> v8::Value::ToObject(v8::Local<v8::Context>) const'
#10 15.53    V8_WARN_UNUSED_RESULT MaybeLocal<Object> ToObject(
#10 15.53                                             ^~~~~~~~
#10 15.53 /root/.cache/node-gyp/14.21.3/include/node/v8.h:2822:44: note:   candidate expects 1 argument, 0 provided
#10 15.53 ../src/ed25519.cc:66:63: error: no matching function for call to 'v8::Value::ToObject()'
#10 15.53    privateKey = (unsigned char*)Buffer::Data(info[1]->ToObject());
#10 15.53                                                                ^
#10 15.53 In file included from /root/.cache/node-gyp/14.21.3/include/node/node.h:67,
#10 15.53                  from ../src/ed25519.cc:1:
#10 15.53 /root/.cache/node-gyp/14.21.3/include/node/v8.h:2822:44: note: candidate: 'v8::MaybeLocal<v8::Object> v8::Value::ToObject(v8::Local<v8::Context>) const'
#10 15.53    V8_WARN_UNUSED_RESULT MaybeLocal<Object> ToObject(
#10 15.53                                             ^~~~~~~~
#10 15.53 /root/.cache/node-gyp/14.21.3/include/node/v8.h:2822:44: note:   candidate expects 1 argument, 0 provided
#10 15.53 ../src/ed25519.cc:68:53: error: no matching function for call to 'v8::Value::ToObject()'
#10 15.53    Local<Value> privateKeyBuffer = info[1]->ToObject()->Get(Nan::New<String>("privateKey").ToLocalChecked())->ToObject();
#10 15.53                                                      ^
#10 15.53 In file included from /root/.cache/node-gyp/14.21.3/include/node/node.h:67,
#10 15.53                  from ../src/ed25519.cc:1:
#10 15.53 /root/.cache/node-gyp/14.21.3/include/node/v8.h:2822:44: note: candidate: 'v8::MaybeLocal<v8::Object> v8::Value::ToObject(v8::Local<v8::Context>) const'
#10 15.53    V8_WARN_UNUSED_RESULT MaybeLocal<Object> ToObject(
#10 15.53                                             ^~~~~~~~
#10 15.53 /root/.cache/node-gyp/14.21.3/include/node/v8.h:2822:44: note:   candidate expects 1 argument, 0 provided
#10 15.53 ../src/ed25519.cc:76:2: error: 'Handle' was not declared in this scope
#10 15.53   Handle<Object> message = info[0]->ToObject();
#10 15.53   ^~~~~~
#10 15.53 ../src/ed25519.cc:76:2: note: suggested alternative: 'rand_r'
#10 15.53   Handle<Object> message = info[0]->ToObject();
#10 15.53   ^~~~~~
#10 15.53   rand_r
#10 15.53 ../src/ed25519.cc:76:15: error: expected primary-expression before '>' token
#10 15.53   Handle<Object> message = info[0]->ToObject();
#10 15.53                ^
#10 15.53 ../src/ed25519.cc:76:17: error: 'message' was not declared in this scope
#10 15.53   Handle<Object> message = info[0]->ToObject();
#10 15.53                  ^~~~~~~
#10 15.54 ../src/ed25519.cc:76:45: error: no matching function for call to 'v8::Value::ToObject()'
#10 15.54   Handle<Object> message = info[0]->ToObject();
#10 15.54                                              ^
#10 15.54 In file included from /root/.cache/node-gyp/14.21.3/include/node/node.h:67,
#10 15.54                  from ../src/ed25519.cc:1:
#10 15.54 /root/.cache/node-gyp/14.21.3/include/node/v8.h:2822:44: note: candidate: 'v8::MaybeLocal<v8::Object> v8::Value::ToObject(v8::Local<v8::Context>) const'
#10 15.54    V8_WARN_UNUSED_RESULT MaybeLocal<Object> ToObject(
#10 15.54                                             ^~~~~~~~
#10 15.54 /root/.cache/node-gyp/14.21.3/include/node/v8.h:2822:44: note:   candidate expects 1 argument, 0 provided
#10 15.54 ../src/ed25519.cc: In function 'Nan::NAN_METHOD_RETURN_TYPE Verify(Nan::NAN_METHOD_ARGS_TYPE)':
#10 15.54 ../src/ed25519.cc:101:69: error: no matching function for call to 'v8::Value::ToObject()'
#10 15.54   if ((info.Length() < 3) || (!Buffer::HasInstance(info[0]->ToObject())) ||
#10 15.54                                                                      ^
#10 15.54 In file included from /root/.cache/node-gyp/14.21.3/include/node/node.h:67,
#10 15.54                  from ../src/ed25519.cc:1:
#10 15.54 /root/.cache/node-gyp/14.21.3/include/node/v8.h:2822:44: note: candidate: 'v8::MaybeLocal<v8::Object> v8::Value::ToObject(v8::Local<v8::Context>) const'
#10 15.54    V8_WARN_UNUSED_RESULT MaybeLocal<Object> ToObject(
#10 15.54                                             ^~~~~~~~
#10 15.54 /root/.cache/node-gyp/14.21.3/include/node/v8.h:2822:44: note:   candidate expects 1 argument, 0 provided
#10 15.54 ../src/ed25519.cc:102:43: error: no matching function for call to 'v8::Value::ToObject()'
#10 15.54    (!Buffer::HasInstance(info[1]->ToObject())) || (!Buffer::HasInstance(info[2]->ToObject()))) {
#10 15.54                                            ^
#10 15.54 In file included from /root/.cache/node-gyp/14.21.3/include/node/node.h:67,
#10 15.54                  from ../src/ed25519.cc:1:
#10 15.54 /root/.cache/node-gyp/14.21.3/include/node/v8.h:2822:44: note: candidate: 'v8::MaybeLocal<v8::Object> v8::Value::ToObject(v8::Local<v8::Context>) const'
#10 15.54    V8_WARN_UNUSED_RESULT MaybeLocal<Object> ToObject(
#10 15.54                                             ^~~~~~~~
#10 15.54 /root/.cache/node-gyp/14.21.3/include/node/v8.h:2822:44: note:   candidate expects 1 argument, 0 provided
#10 15.54 ../src/ed25519.cc:102:90: error: no matching function for call to 'v8::Value::ToObject()'
#10 15.54    (!Buffer::HasInstance(info[1]->ToObject())) || (!Buffer::HasInstance(info[2]->ToObject()))) {
#10 15.54                                                                                           ^
#10 15.54 In file included from /root/.cache/node-gyp/14.21.3/include/node/node.h:67,
#10 15.54                  from ../src/ed25519.cc:1:
#10 15.54 /root/.cache/node-gyp/14.21.3/include/node/v8.h:2822:44: note: candidate: 'v8::MaybeLocal<v8::Object> v8::Value::ToObject(v8::Local<v8::Context>) const'
#10 15.54    V8_WARN_UNUSED_RESULT MaybeLocal<Object> ToObject(
#10 15.54                                             ^~~~~~~~
#10 15.54 /root/.cache/node-gyp/14.21.3/include/node/v8.h:2822:44: note:   candidate expects 1 argument, 0 provided
#10 15.54 ../src/ed25519.cc:105:2: error: 'Handle' was not declared in this scope
#10 15.54   Handle<Object> message = info[0]->ToObject();
#10 15.54   ^~~~~~
#10 15.54 ../src/ed25519.cc:105:2: note: suggested alternative: 'rand_r'
#10 15.54   Handle<Object> message = info[0]->ToObject();
#10 15.54   ^~~~~~
#10 15.54   rand_r
#10 15.54 ../src/ed25519.cc:105:15: error: expected primary-expression before '>' token
#10 15.54   Handle<Object> message = info[0]->ToObject();
#10 15.54                ^
#10 15.54 ../src/ed25519.cc:105:17: error: 'message' was not declared in this scope
#10 15.54   Handle<Object> message = info[0]->ToObject();
#10 15.54                  ^~~~~~~
#10 15.54 ../src/ed25519.cc:105:45: error: no matching function for call to 'v8::Value::ToObject()'
#10 15.54   Handle<Object> message = info[0]->ToObject();
#10 15.54                                              ^
#10 15.54 In file included from /root/.cache/node-gyp/14.21.3/include/node/node.h:67,
#10 15.54                  from ../src/ed25519.cc:1:
#10 15.54 /root/.cache/node-gyp/14.21.3/include/node/v8.h:2822:44: note: candidate: 'v8::MaybeLocal<v8::Object> v8::Value::ToObject(v8::Local<v8::Context>) const'
#10 15.54    V8_WARN_UNUSED_RESULT MaybeLocal<Object> ToObject(
#10 15.54                                             ^~~~~~~~
#10 15.54 /root/.cache/node-gyp/14.21.3/include/node/v8.h:2822:44: note:   candidate expects 1 argument, 0 provided
#10 15.54 ../src/ed25519.cc:106:15: error: expected primary-expression before '>' token
#10 15.54   Handle<Object> signature = info[1]->ToObject();
#10 15.54                ^
#10 15.54 ../src/ed25519.cc:106:17: error: 'signature' was not declared in this scope
#10 15.54   Handle<Object> signature = info[1]->ToObject();
#10 15.54                  ^~~~~~~~~
#10 15.54 ../src/ed25519.cc:106:17: note: suggested alternative: 'sigreturn'
#10 15.54   Handle<Object> signature = info[1]->ToObject();
#10 15.54                  ^~~~~~~~~
#10 15.54                  sigreturn
#10 15.54 ../src/ed25519.cc:106:47: error: no matching function for call to 'v8::Value::ToObject()'
#10 15.54   Handle<Object> signature = info[1]->ToObject();
#10 15.54                                                ^
#10 15.54 In file included from /root/.cache/node-gyp/14.21.3/include/node/node.h:67,
#10 15.54                  from ../src/ed25519.cc:1:
#10 15.54 /root/.cache/node-gyp/14.21.3/include/node/v8.h:2822:44: note: candidate: 'v8::MaybeLocal<v8::Object> v8::Value::ToObject(v8::Local<v8::Context>) const'
#10 15.54    V8_WARN_UNUSED_RESULT MaybeLocal<Object> ToObject(
#10 15.54                                             ^~~~~~~~
#10 15.54 /root/.cache/node-gyp/14.21.3/include/node/v8.h:2822:44: note:   candidate expects 1 argument, 0 provided
#10 15.54 ../src/ed25519.cc:107:15: error: expected primary-expression before '>' token
#10 15.54   Handle<Object> publicKey = info[2]->ToObject();
#10 15.54                ^
#10 15.54 ../src/ed25519.cc:107:17: error: 'publicKey' was not declared in this scope
#10 15.54   Handle<Object> publicKey = info[2]->ToObject();
#10 15.54                  ^~~~~~~~~
#10 15.54 ../src/ed25519.cc:107:47: error: no matching function for call to 'v8::Value::ToObject()'
#10 15.54   Handle<Object> publicKey = info[2]->ToObject();
#10 15.54                                                ^
#10 15.54 In file included from /root/.cache/node-gyp/14.21.3/include/node/node.h:67,
#10 15.54                  from ../src/ed25519.cc:1:
#10 15.54 /root/.cache/node-gyp/14.21.3/include/node/v8.h:2822:44: note: candidate: 'v8::MaybeLocal<v8::Object> v8::Value::ToObject(v8::Local<v8::Context>) const'
#10 15.54    V8_WARN_UNUSED_RESULT MaybeLocal<Object> ToObject(
#10 15.54                                             ^~~~~~~~
#10 15.54 /root/.cache/node-gyp/14.21.3/include/node/v8.h:2822:44: note:   candidate expects 1 argument, 0 provided
#10 15.54 ../src/ed25519.cc: At global scope:
#10 15.54 ../src/ed25519.cc:120:17: error: variable or field 'InitModule' declared void
#10 15.54  void InitModule(Handle<Object> exports) {
#10 15.54                  ^~~~~~
#10 15.54 ../src/ed25519.cc:120:17: error: 'Handle' was not declared in this scope
#10 15.54 ../src/ed25519.cc:120:17: note: suggested alternative: 'rand_r'
#10 15.54  void InitModule(Handle<Object> exports) {
#10 15.54                  ^~~~~~
#10 15.54                  rand_r
#10 15.54 ../src/ed25519.cc:120:30: error: expected primary-expression before '>' token
#10 15.54  void InitModule(Handle<Object> exports) {
#10 15.54                               ^
#10 15.54 ../src/ed25519.cc:120:32: error: 'exports' was not declared in this scope
#10 15.54  void InitModule(Handle<Object> exports) {
#10 15.54                                 ^~~~~~~
#10 15.54 In file included from ../src/ed25519.cc:1:
#10 15.54 ../src/ed25519.cc:126:22: error: 'InitModule' was not declared in this scope
#10 15.54  NODE_MODULE(ed25519, InitModule)
#10 15.54                       ^~~~~~~~~~
#10 15.54 /root/.cache/node-gyp/14.21.3/include/node/node.h:793:36: note: in definition of macro 'NODE_MODULE_X'
#10 15.54        (node::addon_register_func) (regfunc),                          \
#10 15.54                                     ^~~~~~~
#10 15.54 ../src/ed25519.cc:126:1: note: in expansion of macro 'NODE_MODULE'
#10 15.54  NODE_MODULE(ed25519, InitModule)
#10 15.54  ^~~~~~~~~~~
#10 15.55 ../src/ed25519.cc:126:22: note: suggested alternative: '_module'
#10 15.55  NODE_MODULE(ed25519, InitModule)
#10 15.55                       ^~~~~~~~~~
#10 15.55 /root/.cache/node-gyp/14.21.3/include/node/node.h:793:36: note: in definition of macro 'NODE_MODULE_X'
#10 15.55        (node::addon_register_func) (regfunc),                          \
#10 15.55                                     ^~~~~~~
#10 15.55 ../src/ed25519.cc:126:1: note: in expansion of macro 'NODE_MODULE'
#10 15.55  NODE_MODULE(ed25519, InitModule)
#10 15.55  ^~~~~~~~~~~
#10 15.60 make: *** [ed25519.target.mk:153: Release/obj.target/ed25519/src/ed25519.o] Error 1
#10 15.60 make: Leaving directory '/usr/src/app/node_modules/ed25519/build'
#10 15.60 gyp ERR! build error 
#10 15.60 gyp ERR! stack Error: `make` failed with exit code: 2
#10 15.60 gyp ERR! stack     at ChildProcess.onExit (/usr/local/lib/node_modules/npm/node_modules/node-gyp/lib/build.js:194:23)
#10 15.60 gyp ERR! stack     at ChildProcess.emit (events.js:400:28)
#10 15.60 gyp ERR! stack     at Process.ChildProcess._handle.onexit (internal/child_process.js:285:12)
#10 15.60 gyp ERR! System Linux 5.14.0-427.20.1.el9_4.x86_64
#10 15.60 gyp ERR! command "/usr/local/bin/node" "/usr/local/lib/node_modules/npm/node_modules/node-gyp/bin/node-gyp.js" "rebuild"
#10 15.60 gyp ERR! cwd /usr/src/app/node_modules/ed25519
#10 15.60 gyp ERR! node -v v14.21.3
#10 15.60 gyp ERR! node-gyp -v v5.1.1
#10 15.60 gyp ERR! not ok 
#10 15.64 
#10 15.64 > sqlite3@3.1.8 install /usr/src/app/node_modules/sqlite3
#10 15.64 > node-pre-gyp install --fallback-to-build
#10 15.64 
#10 16.07 node-pre-gyp ERR! Tried to download(403): https://mapbox-node-binary.s3.amazonaws.com/sqlite3/v3.1.8/node-v83-linux-x64.tar.gz 
#10 16.07 node-pre-gyp ERR! Pre-built binaries not found for sqlite3@3.1.8 and node@14.21.3 (node-v83 ABI, glibc) (falling back to source compile with node-gyp) 
#10 16.08 node-pre-gyp ERR! Tried to download(undefined): https://mapbox-node-binary.s3.amazonaws.com/sqlite3/v3.1.8/node-v83-linux-x64.tar.gz 
#10 16.08 node-pre-gyp ERR! Pre-built binaries not found for sqlite3@3.1.8 and node@14.21.3 (node-v83 ABI, glibc) (falling back to source compile with node-gyp) 
#10 16.61 make: Entering directory '/usr/src/app/node_modules/sqlite3/build'
#10 16.61   ACTION deps_sqlite3_gyp_action_before_build_target_unpack_sqlite_dep Release/obj/gen/sqlite-autoconf-3150000/sqlite3.c
#10 16.61 make: Entering directory '/usr/src/app/node_modules/sqlite3/build'
#10 16.61   ACTION deps_sqlite3_gyp_action_before_build_target_unpack_sqlite_dep Release/obj/gen/sqlite-autoconf-3150000/sqlite3.c
#10 16.71   TOUCH Release/obj.target/deps/action_before_build.stamp
#10 16.72   CC(target) Release/obj.target/sqlite3/gen/sqlite-autoconf-3150000/sqlite3.o
#10 16.76 Release/obj/gen/sqlite-autoconf-3150000/sqlite3.c: In function 'strftimeFunc':
#10 16.76 Release/obj/gen/sqlite-autoconf-3150000/sqlite3.c:11909:27: warning: cast between incompatible function types from 'int (*)(void *)' to 'void (*)(void *)' [-Wcast-function-type]
#10 16.76  #define SQLITE_DYNAMIC   ((sqlite3_destructor_type)sqlite3MallocSize)
#10 16.76                            ^
#10 16.76 Release/obj/gen/sqlite-autoconf-3150000/sqlite3.c:19615:52: note: in expansion of macro 'SQLITE_DYNAMIC'
#10 16.76                        z==zBuf ? SQLITE_TRANSIENT : SQLITE_DYNAMIC);
#10 16.76                                                     ^~~~~~~~~~~~~~
#10 16.78 Release/obj/gen/sqlite-autoconf-3150000/sqlite3.c: In function 'sqlite3ErrorWithMsg':
#10 16.78 Release/obj/gen/sqlite-autoconf-3150000/sqlite3.c:11909:27: warning: cast between incompatible function types from 'int (*)(void *)' to 'void (*)(void *)' [-Wcast-function-type]
#10 16.78  #define SQLITE_DYNAMIC   ((sqlite3_destructor_type)sqlite3MallocSize)
#10 16.78                            ^
#10 16.78 Release/obj/gen/sqlite-autoconf-3150000/sqlite3.c:27452:54: note: in expansion of macro 'SQLITE_DYNAMIC'
#10 16.78      sqlite3ValueSetStr(db->pErr, -1, z, SQLITE_UTF8, SQLITE_DYNAMIC);
#10 16.78                                                       ^~~~~~~~~~~~~~
#10 16.79   TOUCH Release/obj.target/deps/action_before_build.stamp
#10 16.80   CC(target) Release/obj.target/sqlite3/gen/sqlite-autoconf-3150000/sqlite3.o
#10 16.83 Release/obj/gen/sqlite-autoconf-3150000/sqlite3.c: In function 'strftimeFunc':
#10 16.83 Release/obj/gen/sqlite-autoconf-3150000/sqlite3.c:11909:27: warning: cast between incompatible function types from 'int (*)(void *)' to 'void (*)(void *)' [-Wcast-function-type]
#10 16.83  #define SQLITE_DYNAMIC   ((sqlite3_destructor_type)sqlite3MallocSize)
#10 16.83                            ^
#10 16.83 Release/obj/gen/sqlite-autoconf-3150000/sqlite3.c:19615:52: note: in expansion of macro 'SQLITE_DYNAMIC'
#10 16.83                        z==zBuf ? SQLITE_TRANSIENT : SQLITE_DYNAMIC);
#10 16.83                                                     ^~~~~~~~~~~~~~
#10 16.86 Release/obj/gen/sqlite-autoconf-3150000/sqlite3.c: In function 'sqlite3ErrorWithMsg':
#10 16.86 Release/obj/gen/sqlite-autoconf-3150000/sqlite3.c:11909:27: warning: cast between incompatible function types from 'int (*)(void *)' to 'void (*)(void *)' [-Wcast-function-type]
#10 16.86  #define SQLITE_DYNAMIC   ((sqlite3_destructor_type)sqlite3MallocSize)
#10 16.86                            ^
#10 16.86 Release/obj/gen/sqlite-autoconf-3150000/sqlite3.c:27452:54: note: in expansion of macro 'SQLITE_DYNAMIC'
#10 16.86      sqlite3ValueSetStr(db->pErr, -1, z, SQLITE_UTF8, SQLITE_DYNAMIC);
#10 16.86                                                       ^~~~~~~~~~~~~~
#10 17.20 Release/obj/gen/sqlite-autoconf-3150000/sqlite3.c: In function 'sqlite3VdbeMemSetStr':
#10 17.21 Release/obj/gen/sqlite-autoconf-3150000/sqlite3.c:11909:27: warning: cast between incompatible function types from 'int (*)(void *)' to 'void (*)(void *)' [-Wcast-function-type]
#10 17.21  #define SQLITE_DYNAMIC   ((sqlite3_destructor_type)sqlite3MallocSize)
#10 17.21                            ^
#10 17.21 Release/obj/gen/sqlite-autoconf-3150000/sqlite3.c:69652:19: note: in expansion of macro 'SQLITE_DYNAMIC'
#10 17.21    }else if( xDel==SQLITE_DYNAMIC ){
#10 17.21                    ^~~~~~~~~~~~~~
#10 17.21 Release/obj/gen/sqlite-autoconf-3150000/sqlite3.c: In function 'valueFromExpr':
#10 17.22 Release/obj/gen/sqlite-autoconf-3150000/sqlite3.c:11909:27: warning: cast between incompatible function types from 'int (*)(void *)' to 'void (*)(void *)' [-Wcast-function-type]
#10 17.22  #define SQLITE_DYNAMIC   ((sqlite3_destructor_type)sqlite3MallocSize)
#10 17.22                            ^
#10 17.22 Release/obj/gen/sqlite-autoconf-3150000/sqlite3.c:70058:55: note: in expansion of macro 'SQLITE_DYNAMIC'
#10 17.22        sqlite3ValueSetStr(pVal, -1, zVal, SQLITE_UTF8, SQLITE_DYNAMIC);
#10 17.22                                                        ^~~~~~~~~~~~~~
#10 17.22 Release/obj/gen/sqlite-autoconf-3150000/sqlite3.c:11909:27: warning: cast between incompatible function types from 'int (*)(void *)' to 'void (*)(void *)' [-Wcast-function-type]
#10 17.22  #define SQLITE_DYNAMIC   ((sqlite3_destructor_type)sqlite3MallocSize)
#10 17.22                            ^
#10 17.22 Release/obj/gen/sqlite-autoconf-3150000/sqlite3.c:70100:29: note: in expansion of macro 'SQLITE_DYNAMIC'
#10 17.22                           0, SQLITE_DYNAMIC);
#10 17.22                              ^~~~~~~~~~~~~~
#10 17.28 Release/obj/gen/sqlite-autoconf-3150000/sqlite3.c: In function 'sqlite3VdbeMemSetStr':
#10 17.28 Release/obj/gen/sqlite-autoconf-3150000/sqlite3.c:11909:27: warning: cast between incompatible function types from 'int (*)(void *)' to 'void (*)(void *)' [-Wcast-function-type]
#10 17.28  #define SQLITE_DYNAMIC   ((sqlite3_destructor_type)sqlite3MallocSize)
#10 17.28                            ^
#10 17.28 Release/obj/gen/sqlite-autoconf-3150000/sqlite3.c:69652:19: note: in expansion of macro 'SQLITE_DYNAMIC'
#10 17.28    }else if( xDel==SQLITE_DYNAMIC ){
#10 17.28                    ^~~~~~~~~~~~~~
#10 17.29 Release/obj/gen/sqlite-autoconf-3150000/sqlite3.c: In function 'valueFromExpr':
#10 17.29 Release/obj/gen/sqlite-autoconf-3150000/sqlite3.c:11909:27: warning: cast between incompatible function types from 'int (*)(void *)' to 'void (*)(void *)' [-Wcast-function-type]
#10 17.29  #define SQLITE_DYNAMIC   ((sqlite3_destructor_type)sqlite3MallocSize)
#10 17.29                            ^
#10 17.29 Release/obj/gen/sqlite-autoconf-3150000/sqlite3.c:70058:55: note: in expansion of macro 'SQLITE_DYNAMIC'
#10 17.29        sqlite3ValueSetStr(pVal, -1, zVal, SQLITE_UTF8, SQLITE_DYNAMIC);
#10 17.29                                                        ^~~~~~~~~~~~~~
#10 17.30 Release/obj/gen/sqlite-autoconf-3150000/sqlite3.c:11909:27: warning: cast between incompatible function types from 'int (*)(void *)' to 'void (*)(void *)' [-Wcast-function-type]
#10 17.30  #define SQLITE_DYNAMIC   ((sqlite3_destructor_type)sqlite3MallocSize)
#10 17.30                            ^
#10 17.30 Release/obj/gen/sqlite-autoconf-3150000/sqlite3.c:70100:29: note: in expansion of macro 'SQLITE_DYNAMIC'
#10 17.30                           0, SQLITE_DYNAMIC);
#10 17.30                              ^~~~~~~~~~~~~~
#10 17.64 Release/obj/gen/sqlite-autoconf-3150000/sqlite3.c: In function 'sqlite3VdbeExec':
#10 17.65 Release/obj/gen/sqlite-autoconf-3150000/sqlite3.c:84132:38: warning: cast between incompatible function types from 'int (*)(u32,  void *, void *, void *)' {aka 'int (*)(unsigned int,  void *, void *, void *)'} to 'void (*)(void *, const char *)' [-Wcast-function-type]
#10 17.65        void (*x)(void*,const char*) = (void(*)(void*,const char*))db->xTrace;
#10 17.65                                       ^
#10 17.71 Release/obj/gen/sqlite-autoconf-3150000/sqlite3.c: In function 'sqlite3VdbeExec':
#10 17.71 Release/obj/gen/sqlite-autoconf-3150000/sqlite3.c:84132:38: warning: cast between incompatible function types from 'int (*)(u32,  void *, void *, void *)' {aka 'int (*)(unsigned int,  void *, void *, void *)'} to 'void (*)(void *, const char *)' [-Wcast-function-type]
#10 17.71        void (*x)(void*,const char*) = (void(*)(void*,const char*))db->xTrace;
#10 17.71                                       ^
#10 18.12 Release/obj/gen/sqlite-autoconf-3150000/sqlite3.c: In function 'renameTableFunc':
#10 18.12 Release/obj/gen/sqlite-autoconf-3150000/sqlite3.c:11909:27: warning: cast between incompatible function types from 'int (*)(void *)' to 'void (*)(void *)' [-Wcast-function-type]
#10 18.12  #define SQLITE_DYNAMIC   ((sqlite3_destructor_type)sqlite3MallocSize)
#10 18.12                            ^
#10 18.12 Release/obj/gen/sqlite-autoconf-3150000/sqlite3.c:94798:44: note: in expansion of macro 'SQLITE_DYNAMIC'
#10 18.12      sqlite3_result_text(context, zRet, -1, SQLITE_DYNAMIC);
#10 18.12                                             ^~~~~~~~~~~~~~
#10 18.13 Release/obj/gen/sqlite-autoconf-3150000/sqlite3.c: In function 'renameParentFunc':
#10 18.13 Release/obj/gen/sqlite-autoconf-3150000/sqlite3.c:11909:27: warning: cast between incompatible function types from 'int (*)(void *)' to 'void (*)(void *)' [-Wcast-function-type]
#10 18.13  #define SQLITE_DYNAMIC   ((sqlite3_destructor_type)sqlite3MallocSize)
#10 18.13                            ^
#10 18.13 Release/obj/gen/sqlite-autoconf-3150000/sqlite3.c:94862:45: note: in expansion of macro 'SQLITE_DYNAMIC'
#10 18.13    sqlite3_result_text(context, zResult, -1, SQLITE_DYNAMIC);
#10 18.13                                              ^~~~~~~~~~~~~~
#10 18.13 Release/obj/gen/sqlite-autoconf-3150000/sqlite3.c: In function 'renameTriggerFunc':
#10 18.13 Release/obj/gen/sqlite-autoconf-3150000/sqlite3.c:11909:27: warning: cast between incompatible function types from 'int (*)(void *)' to 'void (*)(void *)' [-Wcast-function-type]
#10 18.13  #define SQLITE_DYNAMIC   ((sqlite3_destructor_type)sqlite3MallocSize)
#10 18.13                            ^
#10 18.13 Release/obj/gen/sqlite-autoconf-3150000/sqlite3.c:94939:44: note: in expansion of macro 'SQLITE_DYNAMIC'
#10 18.13      sqlite3_result_text(context, zRet, -1, SQLITE_DYNAMIC);
#10 18.13                                             ^~~~~~~~~~~~~~
#10 18.18 Release/obj/gen/sqlite-autoconf-3150000/sqlite3.c: In function 'renameTableFunc':
#10 18.18 Release/obj/gen/sqlite-autoconf-3150000/sqlite3.c:11909:27: warning: cast between incompatible function types from 'int (*)(void *)' to 'void (*)(void *)' [-Wcast-function-type]
#10 18.18  #define SQLITE_DYNAMIC   ((sqlite3_destructor_type)sqlite3MallocSize)
#10 18.18                            ^
#10 18.18 Release/obj/gen/sqlite-autoconf-3150000/sqlite3.c:94798:44: note: in expansion of macro 'SQLITE_DYNAMIC'
#10 18.18      sqlite3_result_text(context, zRet, -1, SQLITE_DYNAMIC);
#10 18.18                                             ^~~~~~~~~~~~~~
#10 18.19 Release/obj/gen/sqlite-autoconf-3150000/sqlite3.c: In function 'renameParentFunc':
#10 18.19 Release/obj/gen/sqlite-autoconf-3150000/sqlite3.c:11909:27: warning: cast between incompatible function types from 'int (*)(void *)' to 'void (*)(void *)' [-Wcast-function-type]
#10 18.19  #define SQLITE_DYNAMIC   ((sqlite3_destructor_type)sqlite3MallocSize)
#10 18.19                            ^
#10 18.19 Release/obj/gen/sqlite-autoconf-3150000/sqlite3.c:94862:45: note: in expansion of macro 'SQLITE_DYNAMIC'
#10 18.19    sqlite3_result_text(context, zResult, -1, SQLITE_DYNAMIC);
#10 18.19                                              ^~~~~~~~~~~~~~
#10 18.19 Release/obj/gen/sqlite-autoconf-3150000/sqlite3.c: In function 'renameTriggerFunc':
#10 18.20 Release/obj/gen/sqlite-autoconf-3150000/sqlite3.c:11909:27: warning: cast between incompatible function types from 'int (*)(void *)' to 'void (*)(void *)' [-Wcast-function-type]
#10 18.20  #define SQLITE_DYNAMIC   ((sqlite3_destructor_type)sqlite3MallocSize)
#10 18.20                            ^
#10 18.20 Release/obj/gen/sqlite-autoconf-3150000/sqlite3.c:94939:44: note: in expansion of macro 'SQLITE_DYNAMIC'
#10 18.20      sqlite3_result_text(context, zRet, -1, SQLITE_DYNAMIC);
#10 18.20                                             ^~~~~~~~~~~~~~
#10 18.60 Release/obj/gen/sqlite-autoconf-3150000/sqlite3.c: In function 'printfFunc':
#10 18.61 Release/obj/gen/sqlite-autoconf-3150000/sqlite3.c:11909:27: warning: cast between incompatible function types from 'int (*)(void *)' to 'void (*)(void *)' [-Wcast-function-type]
#10 18.61  #define SQLITE_DYNAMIC   ((sqlite3_destructor_type)sqlite3MallocSize)
#10 18.61                            ^
#10 18.61 Release/obj/gen/sqlite-autoconf-3150000/sqlite3.c:104325:25: note: in expansion of macro 'SQLITE_DYNAMIC'
#10 18.61                          SQLITE_DYNAMIC);
#10 18.61                          ^~~~~~~~~~~~~~
#10 18.66 Release/obj/gen/sqlite-autoconf-3150000/sqlite3.c: In function 'printfFunc':
#10 18.66 Release/obj/gen/sqlite-autoconf-3150000/sqlite3.c:11909:27: warning: cast between incompatible function types from 'int (*)(void *)' to 'void (*)(void *)' [-Wcast-function-type]
#10 18.66  #define SQLITE_DYNAMIC   ((sqlite3_destructor_type)sqlite3MallocSize)
#10 18.66                            ^
#10 18.66 Release/obj/gen/sqlite-autoconf-3150000/sqlite3.c:104325:25: note: in expansion of macro 'SQLITE_DYNAMIC'
#10 18.66                          SQLITE_DYNAMIC);
#10 18.66                          ^~~~~~~~~~~~~~
#10 19.17 Release/obj/gen/sqlite-autoconf-3150000/sqlite3.c: In function 'generateColumnNames':
#10 19.17 Release/obj/gen/sqlite-autoconf-3150000/sqlite3.c:11909:27: warning: cast between incompatible function types from 'int (*)(void *)' to 'void (*)(void *)' [-Wcast-function-type]
#10 19.17  #define SQLITE_DYNAMIC   ((sqlite3_destructor_type)sqlite3MallocSize)
#10 19.17                            ^
#10 19.17 Release/obj/gen/sqlite-autoconf-3150000/sqlite3.c:115928:54: note: in expansion of macro 'SQLITE_DYNAMIC'
#10 19.17              sqlite3DbStrDup(db, pEList->a[i].zSpan), SQLITE_DYNAMIC);
#10 19.17                                                       ^~~~~~~~~~~~~~
#10 19.18 Release/obj/gen/sqlite-autoconf-3150000/sqlite3.c:11909:27: warning: cast between incompatible function types from 'int (*)(void *)' to 'void (*)(void *)' [-Wcast-function-type]
#10 19.18  #define SQLITE_DYNAMIC   ((sqlite3_destructor_type)sqlite3MallocSize)
#10 19.18                            ^
#10 19.18 Release/obj/gen/sqlite-autoconf-3150000/sqlite3.c:115932:58: note: in expansion of macro 'SQLITE_DYNAMIC'
#10 19.18          sqlite3VdbeSetColName(v, i, COLNAME_NAME, zName, SQLITE_DYNAMIC);
#10 19.18                                                           ^~~~~~~~~~~~~~
#10 19.18 Release/obj/gen/sqlite-autoconf-3150000/sqlite3.c:11909:27: warning: cast between incompatible function types from 'int (*)(void *)' to 'void (*)(void *)' [-Wcast-function-type]
#10 19.18  #define SQLITE_DYNAMIC   ((sqlite3_destructor_type)sqlite3MallocSize)
#10 19.18                            ^
#10 19.18 Release/obj/gen/sqlite-autoconf-3150000/sqlite3.c:115939:52: note: in expansion of macro 'SQLITE_DYNAMIC'
#10 19.18        sqlite3VdbeSetColName(v, i, COLNAME_NAME, z, SQLITE_DYNAMIC);
#10 19.18                                                     ^~~~~~~~~~~~~~
#10 19.23 Release/obj/gen/sqlite-autoconf-3150000/sqlite3.c: In function 'generateColumnNames':
#10 19.23 Release/obj/gen/sqlite-autoconf-3150000/sqlite3.c:11909:27: warning: cast between incompatible function types from 'int (*)(void *)' to 'void (*)(void *)' [-Wcast-function-type]
#10 19.23  #define SQLITE_DYNAMIC   ((sqlite3_destructor_type)sqlite3MallocSize)
#10 19.23                            ^
#10 19.23 Release/obj/gen/sqlite-autoconf-3150000/sqlite3.c:115928:54: note: in expansion of macro 'SQLITE_DYNAMIC'
#10 19.23              sqlite3DbStrDup(db, pEList->a[i].zSpan), SQLITE_DYNAMIC);
#10 19.23                                                       ^~~~~~~~~~~~~~
#10 19.24 Release/obj/gen/sqlite-autoconf-3150000/sqlite3.c:11909:27: warning: cast between incompatible function types from 'int (*)(void *)' to 'void (*)(void *)' [-Wcast-function-type]
#10 19.24  #define SQLITE_DYNAMIC   ((sqlite3_destructor_type)sqlite3MallocSize)
#10 19.24                            ^
#10 19.24 Release/obj/gen/sqlite-autoconf-3150000/sqlite3.c:115932:58: note: in expansion of macro 'SQLITE_DYNAMIC'
#10 19.24          sqlite3VdbeSetColName(v, i, COLNAME_NAME, zName, SQLITE_DYNAMIC);
#10 19.24                                                           ^~~~~~~~~~~~~~
#10 19.24 Release/obj/gen/sqlite-autoconf-3150000/sqlite3.c:11909:27: warning: cast between incompatible function types from 'int (*)(void *)' to 'void (*)(void *)' [-Wcast-function-type]
#10 19.24  #define SQLITE_DYNAMIC   ((sqlite3_destructor_type)sqlite3MallocSize)
#10 19.24                            ^
#10 19.24 Release/obj/gen/sqlite-autoconf-3150000/sqlite3.c:115939:52: note: in expansion of macro 'SQLITE_DYNAMIC'
#10 19.24        sqlite3VdbeSetColName(v, i, COLNAME_NAME, z, SQLITE_DYNAMIC);
#10 19.24                                                     ^~~~~~~~~~~~~~
#10 20.69 Release/obj/gen/sqlite-autoconf-3150000/sqlite3.c: In function 'sqlite3_trace':
#10 20.69 Release/obj/gen/sqlite-autoconf-3150000/sqlite3.c:139629:16: warning: cast between incompatible function types from 'void (*)(void *, const char *)' to 'int (*)(u32,  void *, void *, void *)' {aka 'int (*)(unsigned int,  void *, void *, void *)'} [-Wcast-function-type]
#10 20.69    db->xTrace = (int(*)(u32,void*,void*,void*))xTrace;
#10 20.69                 ^
#10 20.74 Release/obj/gen/sqlite-autoconf-3150000/sqlite3.c: In function 'sqlite3_trace':
#10 20.74 Release/obj/gen/sqlite-autoconf-3150000/sqlite3.c:139629:16: warning: cast between incompatible function types from 'void (*)(void *, const char *)' to 'int (*)(u32,  void *, void *, void *)' {aka 'int (*)(unsigned int,  void *, void *, void *)'} [-Wcast-function-type]
#10 20.74    db->xTrace = (int(*)(u32,void*,void*,void*))xTrace;
#10 20.74                 ^
#10 24.68 Release/obj/gen/sqlite-autoconf-3150000/sqlite3.c: In function 'sqlite3VXPrintf':
#10 24.68 Release/obj/gen/sqlite-autoconf-3150000/sqlite3.c:25065:19: warning: this statement may fall through [-Wimplicit-fallthrough=]
#10 24.68          flag_long = sizeof(char*)==sizeof(long int);
#10 24.68          ~~~~~~~~~~^~~~~~~~~~~~~~~~~~~~~~~~~~~~~~~~~
#10 24.68 Release/obj/gen/sqlite-autoconf-3150000/sqlite3.c:25067:7: note: here
#10 24.68        case etORDINAL:
#10 24.68        ^~~~
#10 24.73 Release/obj/gen/sqlite-autoconf-3150000/sqlite3.c: In function 'sqlite3GetToken':
#10 24.73 Release/obj/gen/sqlite-autoconf-3150000/sqlite3.c:137154:9: warning: this statement may fall through [-Wimplicit-fallthrough=]
#10 24.73        if( !sqlite3Isdigit(z[1]) )
#10 24.73          ^
#10 24.73 Release/obj/gen/sqlite-autoconf-3150000/sqlite3.c:137163:5: note: here
#10 24.73      case CC_DIGIT: {
#10 24.73      ^~~~
#10 24.73 Release/obj/gen/sqlite-autoconf-3150000/sqlite3.c:137253:9: warning: this statement may fall through [-Wimplicit-fallthrough=]
#10 24.73        if( z[1]=='\'' ){
#10 24.73          ^
#10 24.74 Release/obj/gen/sqlite-autoconf-3150000/sqlite3.c:137267:5: note: here
#10 24.74      case CC_ID: {
#10 24.74      ^~~~
#10 24.75 Release/obj/gen/sqlite-autoconf-3150000/sqlite3.c: In function 'sqlite3ExprCodeTarget':
#10 24.76 Release/obj/gen/sqlite-autoconf-3150000/sqlite3.c:93034:25: warning: this statement may fall through [-Wimplicit-fallthrough=]
#10 24.76      case TK_AGG_COLUMN: {
#10 24.76                          ^
#10 24.76 Release/obj/gen/sqlite-autoconf-3150000/sqlite3.c:93047:5: note: here
#10 24.76      case TK_COLUMN: {
#10 24.76      ^~~~
#10 24.76 Release/obj/gen/sqlite-autoconf-3150000/sqlite3.c: In function 'sqlite3VXPrintf':
#10 24.76 Release/obj/gen/sqlite-autoconf-3150000/sqlite3.c:25065:19: warning: this statement may fall through [-Wimplicit-fallthrough=]
#10 24.76          flag_long = sizeof(char*)==sizeof(long int);
#10 24.76          ~~~~~~~~~~^~~~~~~~~~~~~~~~~~~~~~~~~~~~~~~~~
#10 24.76 Release/obj/gen/sqlite-autoconf-3150000/sqlite3.c:25067:7: note: here
#10 24.76        case etORDINAL:
#10 24.76        ^~~~
#10 24.77 Release/obj/gen/sqlite-autoconf-3150000/sqlite3.c: In function 'resolveP2Values':
#10 24.77 Release/obj/gen/sqlite-autoconf-3150000/sqlite3.c:71026:13: warning: this statement may fall through [-Wimplicit-fallthrough=]
#10 24.77            if( pOp->p2!=0 ) p->readOnly = 0;
#10 24.77              ^
#10 24.77 Release/obj/gen/sqlite-autoconf-3150000/sqlite3.c:71029:9: note: here
#10 24.77          case OP_AutoCommit:
#10 24.77          ^~~~
#10 24.81 Release/obj/gen/sqlite-autoconf-3150000/sqlite3.c: In function 'sqlite3GetToken':
#10 24.81 Release/obj/gen/sqlite-autoconf-3150000/sqlite3.c:137154:9: warning: this statement may fall through [-Wimplicit-fallthrough=]
#10 24.81        if( !sqlite3Isdigit(z[1]) )
#10 24.81          ^
#10 24.81 Release/obj/gen/sqlite-autoconf-3150000/sqlite3.c:137163:5: note: here
#10 24.81      case CC_DIGIT: {
#10 24.81      ^~~~
#10 24.82 Release/obj/gen/sqlite-autoconf-3150000/sqlite3.c:137253:9: warning: this statement may fall through [-Wimplicit-fallthrough=]
#10 24.82        if( z[1]=='\'' ){
#10 24.82          ^
#10 24.82 Release/obj/gen/sqlite-autoconf-3150000/sqlite3.c: In function 'fkActionTrigger':
#10 24.82 Release/obj/gen/sqlite-autoconf-3150000/sqlite3.c:137267:5: note: here
#10 24.82      case CC_ID: {
#10 24.82      ^~~~
#10 24.82 Release/obj/gen/sqlite-autoconf-3150000/sqlite3.c:107247:11: warning: this statement may fall through [-Wimplicit-fallthrough=]
#10 24.82          if( !pChanges ){
#10 24.82            ^
#10 24.82 Release/obj/gen/sqlite-autoconf-3150000/sqlite3.c:107251:7: note: here
#10 24.82        default:
#10 24.82        ^~~~~~~
#10 24.82 Release/obj/gen/sqlite-autoconf-3150000/sqlite3.c: In function 'sqlite3GenerateConstraintChecks':
#10 24.83 Release/obj/gen/sqlite-autoconf-3150000/sqlite3.c:108736:17: warning: this statement may fall through [-Wimplicit-fallthrough=]
#10 24.83          onError = OE_Abort;
#10 24.83                  ^
#10 24.83 Release/obj/gen/sqlite-autoconf-3150000/sqlite3.c:108739:7: note: here
#10 24.83        case OE_Rollback:
#10 24.83        ^~~~
#10 24.84 Release/obj/gen/sqlite-autoconf-3150000/sqlite3.c: In function 'sqlite3ExprCodeTarget':
#10 24.84 Release/obj/gen/sqlite-autoconf-3150000/sqlite3.c:93034:25: warning: this statement may fall through [-Wimplicit-fallthrough=]
#10 24.84      case TK_AGG_COLUMN: {
#10 24.84                          ^
#10 24.84 Release/obj/gen/sqlite-autoconf-3150000/sqlite3.c:93047:5: note: here
#10 24.84      case TK_COLUMN: {
#10 24.84      ^~~~
#10 24.85 Release/obj/gen/sqlite-autoconf-3150000/sqlite3.c: In function 'resolveP2Values':
#10 24.85 Release/obj/gen/sqlite-autoconf-3150000/sqlite3.c:71026:13: warning: this statement may fall through [-Wimplicit-fallthrough=]
#10 24.85            if( pOp->p2!=0 ) p->readOnly = 0;
#10 24.85              ^
#10 24.85 Release/obj/gen/sqlite-autoconf-3150000/sqlite3.c:71029:9: note: here
#10 24.85          case OP_AutoCommit:
#10 24.85          ^~~~
#10 24.85 Release/obj/gen/sqlite-autoconf-3150000/sqlite3.c: In function 'sqlite3VdbeExec':
#10 24.85 Release/obj/gen/sqlite-autoconf-3150000/sqlite3.c:78202:5: warning: this statement may fall through [-Wimplicit-fallthrough=]
#10 24.85    if( (pIn3->flags & MEM_Null)==0 ) break;
#10 24.85      ^
#10 24.85 Release/obj/gen/sqlite-autoconf-3150000/sqlite3.c:78236:1: note: here
#10 24.85  case OP_Halt: {
#10 24.85  ^~~~
#10 24.86 Release/obj/gen/sqlite-autoconf-3150000/sqlite3.c:78367:5: warning: this statement may fall through [-Wimplicit-fallthrough=]
#10 24.86    if( pOp->p1>db->aLimit[SQLITE_LIMIT_LENGTH] ){
#10 24.86      ^
#10 24.86 Release/obj/gen/sqlite-autoconf-3150000/sqlite3.c:78386:1: note: here
#10 24.86  case OP_String: {          /* out2 */
#10 24.86  ^~~~
#10 24.86 Release/obj/gen/sqlite-autoconf-3150000/sqlite3.c:78941:15: warning: this statement may fall through [-Wimplicit-fallthrough=]
#10 24.86    pOp->opcode = OP_Function;
#10 24.86                ^
#10 24.86 Release/obj/gen/sqlite-autoconf-3150000/sqlite3.c:78944:1: note: here
#10 24.86  case OP_Function: {
#10 24.86  ^~~~
#10 24.86 Release/obj/gen/sqlite-autoconf-3150000/sqlite3.c:82140:38: warning: this statement may fall through [-Wimplicit-fallthrough=]
#10 24.86    p->aCounter[SQLITE_STMTSTATUS_SORT]++;
#10 24.86    ~~~~~~~~~~~~~~~~~~~~~~~~~~~~~~~~~~~^~
#10 24.86 Release/obj/gen/sqlite-autoconf-3150000/sqlite3.c:82155:1: note: here
#10 24.86  case OP_Rewind: {        /* jump */
#10 24.86  ^~~~
#10 24.86 Release/obj/gen/sqlite-autoconf-3150000/sqlite3.c:83361:15: warning: this statement may fall through [-Wimplicit-fallthrough=]
#10 24.86    pOp->opcode = OP_AggStep;
#10 24.86                ^
#10 24.86 Release/obj/gen/sqlite-autoconf-3150000/sqlite3.c:83364:1: note: here
#10 24.86  case OP_AggStep: {
#10 24.86  ^~~~
#10 24.90 Release/obj/gen/sqlite-autoconf-3150000/sqlite3.c: In function 'fkActionTrigger':
#10 24.90 Release/obj/gen/sqlite-autoconf-3150000/sqlite3.c:107247:11: warning: this statement may fall through [-Wimplicit-fallthrough=]
#10 24.90          if( !pChanges ){
#10 24.90            ^
#10 24.90 Release/obj/gen/sqlite-autoconf-3150000/sqlite3.c:107251:7: note: here
#10 24.90        default:
#10 24.90        ^~~~~~~
#10 24.90 Release/obj/gen/sqlite-autoconf-3150000/sqlite3.c: In function 'sqlite3GenerateConstraintChecks':
#10 24.91 Release/obj/gen/sqlite-autoconf-3150000/sqlite3.c:108736:17: warning: this statement may fall through [-Wimplicit-fallthrough=]
#10 24.91          onError = OE_Abort;
#10 24.91                  ^
#10 24.91 Release/obj/gen/sqlite-autoconf-3150000/sqlite3.c:108739:7: note: here
#10 24.91        case OE_Rollback:
#10 24.91        ^~~~
#10 24.93 Release/obj/gen/sqlite-autoconf-3150000/sqlite3.c: In function 'sqlite3VdbeExec':
#10 24.93 Release/obj/gen/sqlite-autoconf-3150000/sqlite3.c:78202:5: warning: this statement may fall through [-Wimplicit-fallthrough=]
#10 24.93    if( (pIn3->flags & MEM_Null)==0 ) break;
#10 24.93      ^
#10 24.94 Release/obj/gen/sqlite-autoconf-3150000/sqlite3.c:78236:1: note: here
#10 24.94  case OP_Halt: {
#10 24.94  ^~~~
#10 24.94 Release/obj/gen/sqlite-autoconf-3150000/sqlite3.c:78367:5: warning: this statement may fall through [-Wimplicit-fallthrough=]
#10 24.94    if( pOp->p1>db->aLimit[SQLITE_LIMIT_LENGTH] ){
#10 24.94      ^
#10 24.94 Release/obj/gen/sqlite-autoconf-3150000/sqlite3.c:78386:1: note: here
#10 24.94  case OP_String: {          /* out2 */
#10 24.94  ^~~~
#10 24.94 Release/obj/gen/sqlite-autoconf-3150000/sqlite3.c:78941:15: warning: this statement may fall through [-Wimplicit-fallthrough=]
#10 24.94    pOp->opcode = OP_Function;
#10 24.94                ^
#10 24.94 Release/obj/gen/sqlite-autoconf-3150000/sqlite3.c:78944:1: note: here
#10 24.94  case OP_Function: {
#10 24.94  ^~~~
#10 24.94 Release/obj/gen/sqlite-autoconf-3150000/sqlite3.c:82140:38: warning: this statement may fall through [-Wimplicit-fallthrough=]
#10 24.94    p->aCounter[SQLITE_STMTSTATUS_SORT]++;
#10 24.94    ~~~~~~~~~~~~~~~~~~~~~~~~~~~~~~~~~~~^~
#10 24.94 Release/obj/gen/sqlite-autoconf-3150000/sqlite3.c:82155:1: note: here
#10 24.94  case OP_Rewind: {        /* jump */
#10 24.94  ^~~~
#10 24.94 Release/obj/gen/sqlite-autoconf-3150000/sqlite3.c:83361:15: warning: this statement may fall through [-Wimplicit-fallthrough=]
#10 24.94    pOp->opcode = OP_AggStep;
#10 24.94                ^
#10 24.94 Release/obj/gen/sqlite-autoconf-3150000/sqlite3.c:83364:1: note: here
#10 24.94  case OP_AggStep: {
#10 24.94  ^~~~
#10 24.97 Release/obj/gen/sqlite-autoconf-3150000/sqlite3.c: In function 'fts3SnippetFunc':
#10 24.97 Release/obj/gen/sqlite-autoconf-3150000/sqlite3.c:146657:22: warning: this statement may fall through [-Wimplicit-fallthrough=]
#10 24.97      case 6: nToken = sqlite3_value_int(apVal[5]);
#10 24.97                       ^~~~~~~~~~~~~~~~~~~~~~~~~~~
#10 24.98 Release/obj/gen/sqlite-autoconf-3150000/sqlite3.c:146658:5: note: here
#10 24.98      case 5: iCol = sqlite3_value_int(apVal[4]);
#10 24.98      ^~~~
#10 24.98 Release/obj/gen/sqlite-autoconf-3150000/sqlite3.c:146658:20: warning: this statement may fall through [-Wimplicit-fallthrough=]
#10 24.98      case 5: iCol = sqlite3_value_int(apVal[4]);
#10 24.98                     ^~~~~~~~~~~~~~~~~~~~~~~~~~~
#10 24.98 Release/obj/gen/sqlite-autoconf-3150000/sqlite3.c:146659:5: note: here
#10 24.98      case 4: zEllipsis = (const char*)sqlite3_value_text(apVal[3]);
#10 24.98      ^~~~
#10 24.99 Release/obj/gen/sqlite-autoconf-3150000/sqlite3.c:146659:38: warning: this statement may fall through [-Wimplicit-fallthrough=]
#10 24.99      case 4: zEllipsis = (const char*)sqlite3_value_text(apVal[3]);
#10 24.99                                       ^~~~~~~~~~~~~~~~~~~~~~~~~~~~
#10 24.99 Release/obj/gen/sqlite-autoconf-3150000/sqlite3.c:146660:5: note: here
#10 24.99      case 3: zEnd = (const char*)sqlite3_value_text(apVal[2]);
#10 24.99      ^~~~
#10 25.00 Release/obj/gen/sqlite-autoconf-3150000/sqlite3.c:146660:33: warning: this statement may fall through [-Wimplicit-fallthrough=]
#10 25.00      case 3: zEnd = (const char*)sqlite3_value_text(apVal[2]);
#10 25.00                                  ^~~~~~~~~~~~~~~~~~~~~~~~~~~~
#10 25.00 Release/obj/gen/sqlite-autoconf-3150000/sqlite3.c:146661:5: note: here
#10 25.00      case 2: zStart = (const char*)sqlite3_value_text(apVal[1]);
#10 25.00      ^~~~
#10 25.03 Release/obj/gen/sqlite-autoconf-3150000/sqlite3.c: In function 'rtreeNonleafConstraint':
#10 25.03 Release/obj/gen/sqlite-autoconf-3150000/sqlite3.c:162310:9: warning: this statement may fall through [-Wimplicit-fallthrough=]
#10 25.03        if( p->op!=RTREE_EQ ) break;  /* RTREE_LE and RTREE_LT end here */
#10 25.03          ^
#10 25.03 Release/obj/gen/sqlite-autoconf-3150000/sqlite3.c:162313:5: note: here
#10 25.03      default: /* RTREE_GT or RTREE_GE,  or fallthrough of RTREE_EQ */
#10 25.03      ^~~~~~~
#10 25.04 Release/obj/gen/sqlite-autoconf-3150000/sqlite3.c: In function 'jsonRenderNode':
#10 25.04 Release/obj/gen/sqlite-autoconf-3150000/sqlite3.c:176768:9: warning: this statement may fall through [-Wimplicit-fallthrough=]
#10 25.04        if( pNode->jnFlags & JNODE_RAW ){
#10 25.04          ^
#10 25.04 Release/obj/gen/sqlite-autoconf-3150000/sqlite3.c:176774:5: note: here
#10 25.04      case JSON_REAL:
#10 25.04      ^~~~
#10 25.04 Release/obj/gen/sqlite-autoconf-3150000/sqlite3.c: In function 'jsonReturn':
#10 25.05 Release/obj/gen/sqlite-autoconf-3150000/sqlite3.c:176891:7: warning: this statement may fall through [-Wimplicit-fallthrough=]
#10 25.05        int_as_real: /* fall through to real */;
#10 25.05        ^~~~~~~~~~~
#10 25.05 Release/obj/gen/sqlite-autoconf-3150000/sqlite3.c: In function 'fts3SnippetFunc':
#10 25.05 Release/obj/gen/sqlite-autoconf-3150000/sqlite3.c:176893:5: note: here
#10 25.05      case JSON_REAL: {
#10 25.05      ^~~~
#10 25.05 Release/obj/gen/sqlite-autoconf-3150000/sqlite3.c: In function 'jsonEachColumn':
#10 25.05 Release/obj/gen/sqlite-autoconf-3150000/sqlite3.c:146657:22: warning: this statement may fall through [-Wimplicit-fallthrough=]
#10 25.05      case 6: nToken = sqlite3_value_int(apVal[5]);
#10 25.05                       ^~~~~~~~~~~~~~~~~~~~~~~~~~~
#10 25.05 Release/obj/gen/sqlite-autoconf-3150000/sqlite3.c:178258:9: warning: this statement may fall through [-Wimplicit-fallthrough=]
#10 25.05        if( p->bRecursive ){
#10 25.05          ^
#10 25.05 Release/obj/gen/sqlite-autoconf-3150000/sqlite3.c:146658:5: note: here
#10 25.05      case 5: iCol = sqlite3_value_int(apVal[4]);
#10 25.05      ^~~~
#10 25.06 Release/obj/gen/sqlite-autoconf-3150000/sqlite3.c:178268:5: note: here
#10 25.06      case JEACH_ROOT: {
#10 25.06      ^~~~
#10 25.06 Release/obj/gen/sqlite-autoconf-3150000/sqlite3.c:146658:20: warning: this statement may fall through [-Wimplicit-fallthrough=]
#10 25.06      case 5: iCol = sqlite3_value_int(apVal[4]);
#10 25.06                     ^~~~~~~~~~~~~~~~~~~~~~~~~~~
#10 25.06 Release/obj/gen/sqlite-autoconf-3150000/sqlite3.c:146659:5: note: here
#10 25.06      case 4: zEllipsis = (const char*)sqlite3_value_text(apVal[3]);
#10 25.06      ^~~~
#10 25.07 Release/obj/gen/sqlite-autoconf-3150000/sqlite3.c:146659:38: warning: this statement may fall through [-Wimplicit-fallthrough=]
#10 25.07      case 4: zEllipsis = (const char*)sqlite3_value_text(apVal[3]);
#10 25.07                                       ^~~~~~~~~~~~~~~~~~~~~~~~~~~~
#10 25.07 Release/obj/gen/sqlite-autoconf-3150000/sqlite3.c:146660:5: note: here
#10 25.07      case 3: zEnd = (const char*)sqlite3_value_text(apVal[2]);
#10 25.07      ^~~~
#10 25.07 Release/obj/gen/sqlite-autoconf-3150000/sqlite3.c:146660:33: warning: this statement may fall through [-Wimplicit-fallthrough=]
#10 25.07      case 3: zEnd = (const char*)sqlite3_value_text(apVal[2]);
#10 25.07                                  ^~~~~~~~~~~~~~~~~~~~~~~~~~~~
#10 25.08 Release/obj/gen/sqlite-autoconf-3150000/sqlite3.c:146661:5: note: here
#10 25.08      case 2: zStart = (const char*)sqlite3_value_text(apVal[1]);
#10 25.08      ^~~~
#10 25.10 Release/obj/gen/sqlite-autoconf-3150000/sqlite3.c: In function 'rtreeNonleafConstraint':
#10 25.11 Release/obj/gen/sqlite-autoconf-3150000/sqlite3.c:162310:9: warning: this statement may fall through [-Wimplicit-fallthrough=]
#10 25.11        if( p->op!=RTREE_EQ ) break;  /* RTREE_LE and RTREE_LT end here */
#10 25.11          ^
#10 25.11 Release/obj/gen/sqlite-autoconf-3150000/sqlite3.c:162313:5: note: here
#10 25.11      default: /* RTREE_GT or RTREE_GE,  or fallthrough of RTREE_EQ */
#10 25.11      ^~~~~~~
#10 25.11 Release/obj/gen/sqlite-autoconf-3150000/sqlite3.c: In function 'jsonRenderNode':
#10 25.12 Release/obj/gen/sqlite-autoconf-3150000/sqlite3.c:176768:9: warning: this statement may fall through [-Wimplicit-fallthrough=]
#10 25.12        if( pNode->jnFlags & JNODE_RAW ){
#10 25.12          ^
#10 25.12 Release/obj/gen/sqlite-autoconf-3150000/sqlite3.c:176774:5: note: here
#10 25.12      case JSON_REAL:
#10 25.12      ^~~~
#10 25.12 Release/obj/gen/sqlite-autoconf-3150000/sqlite3.c: In function 'jsonReturn':
#10 25.13 Release/obj/gen/sqlite-autoconf-3150000/sqlite3.c:176891:7: warning: this statement may fall through [-Wimplicit-fallthrough=]
#10 25.13        int_as_real: /* fall through to real */;
#10 25.13        ^~~~~~~~~~~
#10 25.13 Release/obj/gen/sqlite-autoconf-3150000/sqlite3.c:176893:5: note: here
#10 25.13      case JSON_REAL: {
#10 25.13      ^~~~
#10 25.13 Release/obj/gen/sqlite-autoconf-3150000/sqlite3.c: In function 'jsonEachColumn':
#10 25.13 Release/obj/gen/sqlite-autoconf-3150000/sqlite3.c:178258:9: warning: this statement may fall through [-Wimplicit-fallthrough=]
#10 25.13        if( p->bRecursive ){
#10 25.13          ^
#10 25.13 Release/obj/gen/sqlite-autoconf-3150000/sqlite3.c:178268:5: note: here
#10 25.13      case JEACH_ROOT: {
#10 25.13      ^~~~
#10 38.16 Release/obj/gen/sqlite-autoconf-3150000/sqlite3.c: In function 'checkPtrmap':
#10 38.16 Release/obj/gen/sqlite-autoconf-3150000/sqlite3.c:67133:5: warning: 'iPtrmapParent' may be used uninitialized in this function [-Wmaybe-uninitialized]
#10 38.16      checkAppendMsg(pCheck,
#10 38.16      ^~~~~~~~~~~~~~~~~~~~~~
#10 38.16        "Bad ptr map entry key=%d expected=(%d,%d) got=(%d,%d)",
#10 38.16        ~~~~~~~~~~~~~~~~~~~~~~~~~~~~~~~~~~~~~~~~~~~~~~~~~~~~~~~~
#10 38.16        iChild, eType, iParent, ePtrmapType, iPtrmapParent);
#10 38.16        ~~~~~~~~~~~~~~~~~~~~~~~~~~~~~~~~~~~~~~~~~~~~~~~~~~~
#10 38.16 Release/obj/gen/sqlite-autoconf-3150000/sqlite3.c:67133:5: warning: 'ePtrmapType' may be used uninitialized in this function [-Wmaybe-uninitialized]
#10 38.21 Release/obj/gen/sqlite-autoconf-3150000/sqlite3.c: In function 'checkPtrmap':
#10 38.21 Release/obj/gen/sqlite-autoconf-3150000/sqlite3.c:67133:5: warning: 'iPtrmapParent' may be used uninitialized in this function [-Wmaybe-uninitialized]
#10 38.21      checkAppendMsg(pCheck,
#10 38.21      ^~~~~~~~~~~~~~~~~~~~~~
#10 38.21        "Bad ptr map entry key=%d expected=(%d,%d) got=(%d,%d)",
#10 38.21        ~~~~~~~~~~~~~~~~~~~~~~~~~~~~~~~~~~~~~~~~~~~~~~~~~~~~~~~~
#10 38.21        iChild, eType, iParent, ePtrmapType, iPtrmapParent);
#10 38.21        ~~~~~~~~~~~~~~~~~~~~~~~~~~~~~~~~~~~~~~~~~~~~~~~~~~~
#10 38.21 Release/obj/gen/sqlite-autoconf-3150000/sqlite3.c:67133:5: warning: 'ePtrmapType' may be used uninitialized in this function [-Wmaybe-uninitialized]
#10 49.46 Release/obj/gen/sqlite-autoconf-3150000/sqlite3.c: In function 'sqlite3Fts5IndexQuery':
#10 49.46 Release/obj/gen/sqlite-autoconf-3150000/sqlite3.c:191826:5: warning: 'memcpy' pointer overflow between offset 0 and size [-1, 9223372036854775807] [-Warray-bounds]
#10 49.46      memcpy(&buf.p[1], pToken, nToken);
#10 49.46      ^~~~~~~~~~~~~~~~~~~~~~~~~~~~~~~~~
#10 49.47 Release/obj/gen/sqlite-autoconf-3150000/sqlite3.c:191826:5: warning: 'memcpy' specified size 18446744073709551615 exceeds maximum object size 9223372036854775807 [-Wstringop-overflow=]
#10 49.57 Release/obj/gen/sqlite-autoconf-3150000/sqlite3.c: In function 'sqlite3Fts5IndexQuery':
#10 49.57 Release/obj/gen/sqlite-autoconf-3150000/sqlite3.c:191826:5: warning: 'memcpy' pointer overflow between offset 0 and size [-1, 9223372036854775807] [-Warray-bounds]
#10 49.57      memcpy(&buf.p[1], pToken, nToken);
#10 49.57      ^~~~~~~~~~~~~~~~~~~~~~~~~~~~~~~~~
#10 49.58 Release/obj/gen/sqlite-autoconf-3150000/sqlite3.c:191826:5: warning: 'memcpy' specified size 18446744073709551615 exceeds maximum object size 9223372036854775807 [-Wstringop-overflow=]
#10 53.11   AR(target) Release/obj.target/deps/sqlite3.a
#10 53.13   COPY Release/sqlite3.a
#10 53.13   CXX(target) Release/obj.target/node_sqlite3/src/database.o
#10 53.24   AR(target) Release/obj.target/deps/sqlite3.a
#10 53.25   COPY Release/sqlite3.a
#10 53.26   CXX(target) Release/obj.target/node_sqlite3/src/database.o
#10 53.47 In file included from ../node_modules/nan/nan.h:190,
#10 53.47                  from ../src/database.h:10,
#10 53.47                  from ../src/database.cc:4:
#10 53.47 ../node_modules/nan/nan_maybe_43_inl.h: In function 'Nan::Maybe<bool> Nan::ForceSet(v8::Local<v8::Object>, v8::Local<v8::Value>, v8::Local<v8::Value>, v8::PropertyAttribute)':
#10 53.47 ../node_modules/nan/nan_maybe_43_inl.h:88:15: error: 'class v8::Object' has no member named 'ForceSet'
#10 53.47    return obj->ForceSet(GetCurrentContext(), key, value, attribs);
#10 53.47                ^~~~~~~~
#10 53.47 In file included from ../node_modules/nan/nan_converters.h:59,
#10 53.47                  from ../node_modules/nan/nan.h:195,
#10 53.47                  from ../src/database.h:10,
#10 53.47                  from ../src/database.cc:4:
#10 53.47 ../node_modules/nan/nan_converters_43_inl.h: In static member function 'static Nan::imp::ToFactoryBase<v8::Boolean>::return_t Nan::imp::ToFactory<v8::Boolean>::convert(v8::Local<v8::Value>)':
#10 53.47 ../node_modules/nan/nan_converters_43_inl.h:15:45: error: no matching function for call to 'v8::Value::ToBoolean(v8::Local<v8::Context>)'
#10 53.47    return val->To ## TYPE(GetCurrentContext());                                 \
#10 53.47                                              ^
#10 53.47 ../node_modules/nan/nan_converters_43_inl.h:18:1: note: in expansion of macro 'X'
#10 53.47  X(Boolean)
#10 53.47  ^
#10 53.47 In file included from /root/.cache/node-gyp/14.21.3/include/node/node.h:67,
#10 53.47                  from ../node_modules/nan/nan.h:47,
#10 53.47                  from ../src/database.h:10,
#10 53.47                  from ../src/database.cc:4:
#10 53.47 /root/.cache/node-gyp/14.21.3/include/node/v8.h:2848:18: note: candidate: 'v8::Local<v8::Boolean> v8::Value::ToBoolean(v8::Isolate*) const'
#10 53.47    Local<Boolean> ToBoolean(Isolate* isolate) const;
#10 53.47                   ^~~~~~~~~
#10 53.47 /root/.cache/node-gyp/14.21.3/include/node/v8.h:2848:18: note:   no known conversion for argument 1 from 'v8::Local<v8::Context>' to 'v8::Isolate*'
#10 53.47 In file included from ../node_modules/nan/nan_converters.h:59,
#10 53.47                  from ../node_modules/nan/nan.h:195,
#10 53.47                  from ../src/database.h:10,
#10 53.47                  from ../src/database.cc:4:
#10 53.47 ../node_modules/nan/nan_converters_43_inl.h: In static member function 'static Nan::imp::ValueFactoryBase<bool>::return_t Nan::imp::ToFactory<bool>::convert(v8::Local<v8::Value>)':
#10 53.47 ../node_modules/nan/nan_converters_43_inl.h:31:48: error: no matching function for call to 'v8::Value::BooleanValue(v8::Local<v8::Context>)'
#10 53.47    return val->NAME ## Value(GetCurrentContext());                              \
#10 53.47                                                 ^
#10 53.47 ../node_modules/nan/nan_converters_43_inl.h:34:1: note: in expansion of macro 'X'
#10 53.47  X(bool, Boolean)
#10 53.47  ^
#10 53.47 In file included from /root/.cache/node-gyp/14.21.3/include/node/node.h:67,
#10 53.47                  from ../node_modules/nan/nan.h:47,
#10 53.47                  from ../src/database.h:10,
#10 53.47                  from ../src/database.cc:4:
#10 53.47 /root/.cache/node-gyp/14.21.3/include/node/v8.h:2858:8: note: candidate: 'bool v8::Value::BooleanValue(v8::Isolate*) const'
#10 53.47    bool BooleanValue(Isolate* isolate) const;
#10 53.47         ^~~~~~~~~~~~
#10 53.47 /root/.cache/node-gyp/14.21.3/include/node/v8.h:2858:8: note:   no known conversion for argument 1 from 'v8::Local<v8::Context>' to 'v8::Isolate*'
#10 53.47 In file included from ../node_modules/nan/nan_new.h:189,
#10 53.47                  from ../node_modules/nan/nan.h:196,
#10 53.47                  from ../src/database.h:10,
#10 53.47                  from ../src/database.cc:4:
#10 53.47 ../node_modules/nan/nan_implementation_12_inl.h: In static member function 'static Nan::imp::FactoryBase<v8::Function>::return_t Nan::imp::Factory<v8::Function>::New(Nan::FunctionCallback, v8::Local<v8::Value>)':
#10 53.47 ../node_modules/nan/nan_implementation_12_inl.h:109:32: error: no matching function for call to 'v8::Function::New(v8::Isolate*&, void (&)(const v8::FunctionCallbackInfo<v8::Value>&), v8::Local<v8::Object>&)'
#10 53.47                            , obj));
#10 53.47                                 ^
#10 53.47 In file included from /root/.cache/node-gyp/14.21.3/include/node/node.h:67,
#10 53.47                  from ../node_modules/nan/nan.h:47,
#10 53.47                  from ../src/database.h:10,
#10 53.47                  from ../src/database.cc:4:
#10 53.47 /root/.cache/node-gyp/14.21.3/include/node/v8.h:4445:31: note: candidate: 'static v8::MaybeLocal<v8::Function> v8::Function::New(v8::Local<v8::Context>, v8::FunctionCallback, v8::Local<v8::Value>, int, v8::ConstructorBehavior, v8::SideEffectType)'
#10 53.47    static MaybeLocal<Function> New(
#10 53.47                                ^~~
#10 53.47 /root/.cache/node-gyp/14.21.3/include/node/v8.h:4445:31: note:   no known conversion for argument 1 from 'v8::Isolate*' to 'v8::Local<v8::Context>'
#10 53.48 In file included from ../node_modules/nan/nan_new.h:189,
#10 53.48                  from ../node_modules/nan/nan.h:196,
#10 53.48                  from ../src/database.h:10,
#10 53.48                  from ../src/database.cc:4:
#10 53.48 ../node_modules/nan/nan_implementation_12_inl.h: In static member function 'static Nan::imp::FactoryBase<v8::StringObject>::return_t Nan::imp::Factory<v8::StringObject>::New(v8::Local<v8::String>)':
#10 53.48 ../node_modules/nan/nan_implementation_12_inl.h:345:37: error: no matching function for call to 'v8::StringObject::New(v8::Local<v8::String>&)'
#10 53.48    return v8::StringObject::New(value).As<v8::StringObject>();
#10 53.48                                      ^
#10 53.48 In file included from /root/.cache/node-gyp/14.21.3/include/node/node.h:67,
#10 53.48                  from ../node_modules/nan/nan.h:47,
#10 53.48                  from ../src/database.h:10,
#10 53.48                  from ../src/database.cc:4:
#10 53.48 /root/.cache/node-gyp/14.21.3/include/node/v8.h:5854:23: note: candidate: 'static v8::Local<v8::Value> v8::StringObject::New(v8::Isolate*, v8::Local<v8::String>)'
#10 53.48    static Local<Value> New(Isolate* isolate, Local<String> value);
#10 53.48                        ^~~
#10 53.48 /root/.cache/node-gyp/14.21.3/include/node/v8.h:5854:23: note:   candidate expects 2 arguments, 1 provided
#10 53.48 In file included from ../node_modules/nan/nan_new.h:189,
#10 53.48                  from ../node_modules/nan/nan.h:196,
#10 53.48                  from ../src/database.h:10,
#10 53.48                  from ../src/database.cc:4:
#10 53.48 ../node_modules/nan/nan_implementation_12_inl.h:345:58: error: expected primary-expression before '>' token
#10 53.48    return v8::StringObject::New(value).As<v8::StringObject>();
#10 53.48                                                           ^
#10 53.48 ../node_modules/nan/nan_implementation_12_inl.h:345:60: error: expected primary-expression before ')' token
#10 53.48    return v8::StringObject::New(value).As<v8::StringObject>();
#10 53.48                                                             ^
#10 53.48 In file included from ../src/database.h:10,
#10 53.48                  from ../src/database.cc:4:
#10 53.48 ../node_modules/nan/nan.h: In function 'v8::Local<v8::Value> Nan::MakeCallback(v8::Local<v8::Object>, v8::Local<v8::Function>, int, v8::Local<v8::Value>*)':
#10 53.48 ../node_modules/nan/nan.h:817:60: warning: 'v8::Local<v8::Value> node::MakeCallback(v8::Isolate*, v8::Local<v8::Object>, v8::Local<v8::Function>, int, v8::Local<v8::Value>*)' is deprecated: Use MakeCallback(..., async_context) [-Wdeprecated-declarations]
#10 53.48          v8::Isolate::GetCurrent(), target, func, argc, argv);
#10 53.48                                                             ^
#10 53.48 In file included from ../node_modules/nan/nan.h:47,
#10 53.48                  from ../src/database.h:10,
#10 53.48                  from ../src/database.cc:4:
#10 53.48 /root/.cache/node-gyp/14.21.3/include/node/node.h:191:50: note: declared here
#10 53.48                  NODE_EXTERN v8::Local<v8::Value> MakeCallback(
#10 53.48                                                   ^~~~~~~~~~~~
#10 53.48 /root/.cache/node-gyp/14.21.3/include/node/node.h:108:42: note: in definition of macro 'NODE_DEPRECATED'
#10 53.48      __attribute__((deprecated(message))) declarator
#10 53.48                                           ^~~~~~~~~~
#10 53.48 In file included from ../src/database.h:10,
#10 53.48                  from ../src/database.cc:4:
#10 53.48 ../node_modules/nan/nan.h:817:60: warning: 'v8::Local<v8::Value> node::MakeCallback(v8::Isolate*, v8::Local<v8::Object>, v8::Local<v8::Function>, int, v8::Local<v8::Value>*)' is deprecated: Use MakeCallback(..., async_context) [-Wdeprecated-declarations]
#10 53.48          v8::Isolate::GetCurrent(), target, func, argc, argv);
#10 53.48                                                             ^
#10 53.48 In file included from ../node_modules/nan/nan.h:47,
#10 53.48                  from ../src/database.h:10,
#10 53.48                  from ../src/database.cc:4:
#10 53.48 /root/.cache/node-gyp/14.21.3/include/node/node.h:191:50: note: declared here
#10 53.48                  NODE_EXTERN v8::Local<v8::Value> MakeCallback(
#10 53.48                                                   ^~~~~~~~~~~~
#10 53.48 /root/.cache/node-gyp/14.21.3/include/node/node.h:108:42: note: in definition of macro 'NODE_DEPRECATED'
#10 53.48      __attribute__((deprecated(message))) declarator
#10 53.48                                           ^~~~~~~~~~
#10 53.48 In file included from ../src/database.h:10,
#10 53.48                  from ../src/database.cc:4:
#10 53.48 ../node_modules/nan/nan.h: In function 'v8::Local<v8::Value> Nan::MakeCallback(v8::Local<v8::Object>, v8::Local<v8::String>, int, v8::Local<v8::Value>*)':
#10 53.48 ../node_modules/nan/nan.h:831:62: warning: 'v8::Local<v8::Value> node::MakeCallback(v8::Isolate*, v8::Local<v8::Object>, v8::Local<v8::String>, int, v8::Local<v8::Value>*)' is deprecated: Use MakeCallback(..., async_context) [-Wdeprecated-declarations]
#10 53.48          v8::Isolate::GetCurrent(), target, symbol, argc, argv);
#10 53.48                                                               ^
#10 53.48 In file included from ../node_modules/nan/nan.h:47,
#10 53.48                  from ../src/database.h:10,
#10 53.48                  from ../src/database.cc:4:
#10 53.48 /root/.cache/node-gyp/14.21.3/include/node/node.h:184:50: note: declared here
#10 53.48                  NODE_EXTERN v8::Local<v8::Value> MakeCallback(
#10 53.48                                                   ^~~~~~~~~~~~
#10 53.48 /root/.cache/node-gyp/14.21.3/include/node/node.h:108:42: note: in definition of macro 'NODE_DEPRECATED'
#10 53.48      __attribute__((deprecated(message))) declarator
#10 53.48                                           ^~~~~~~~~~
#10 53.48 In file included from ../src/database.h:10,
#10 53.48                  from ../src/database.cc:4:
#10 53.48 ../node_modules/nan/nan.h:831:62: warning: 'v8::Local<v8::Value> node::MakeCallback(v8::Isolate*, v8::Local<v8::Object>, v8::Local<v8::String>, int, v8::Local<v8::Value>*)' is deprecated: Use MakeCallback(..., async_context) [-Wdeprecated-declarations]
#10 53.48          v8::Isolate::GetCurrent(), target, symbol, argc, argv);
#10 53.48                                                               ^
#10 53.48 In file included from ../node_modules/nan/nan.h:47,
#10 53.48                  from ../src/database.h:10,
#10 53.48                  from ../src/database.cc:4:
#10 53.48 /root/.cache/node-gyp/14.21.3/include/node/node.h:184:50: note: declared here
#10 53.48                  NODE_EXTERN v8::Local<v8::Value> MakeCallback(
#10 53.48                                                   ^~~~~~~~~~~~
#10 53.48 /root/.cache/node-gyp/14.21.3/include/node/node.h:108:42: note: in definition of macro 'NODE_DEPRECATED'
#10 53.48      __attribute__((deprecated(message))) declarator
#10 53.48                                           ^~~~~~~~~~
#10 53.48 In file included from ../src/database.h:10,
#10 53.48                  from ../src/database.cc:4:
#10 53.48 ../node_modules/nan/nan.h: In function 'v8::Local<v8::Value> Nan::MakeCallback(v8::Local<v8::Object>, const char*, int, v8::Local<v8::Value>*)':
#10 53.48 ../node_modules/nan/nan.h:845:62: warning: 'v8::Local<v8::Value> node::MakeCallback(v8::Isolate*, v8::Local<v8::Object>, const char*, int, v8::Local<v8::Value>*)' is deprecated: Use MakeCallback(..., async_context) [-Wdeprecated-declarations]
#10 53.48          v8::Isolate::GetCurrent(), target, method, argc, argv);
#10 53.48                                                               ^
#10 53.48 In file included from ../node_modules/nan/nan.h:47,
#10 53.48                  from ../src/database.h:10,
#10 53.48                  from ../src/database.cc:4:
#10 53.48 /root/.cache/node-gyp/14.21.3/include/node/node.h:177:50: note: declared here
#10 53.48                  NODE_EXTERN v8::Local<v8::Value> MakeCallback(
#10 53.48                                                   ^~~~~~~~~~~~
#10 53.48 /root/.cache/node-gyp/14.21.3/include/node/node.h:108:42: note: in definition of macro 'NODE_DEPRECATED'
#10 53.48      __attribute__((deprecated(message))) declarator
#10 53.48                                           ^~~~~~~~~~
#10 53.48 In file included from ../src/database.h:10,
#10 53.48                  from ../src/database.cc:4:
#10 53.48 ../node_modules/nan/nan.h:845:62: warning: 'v8::Local<v8::Value> node::MakeCallback(v8::Isolate*, v8::Local<v8::Object>, const char*, int, v8::Local<v8::Value>*)' is deprecated: Use MakeCallback(..., async_context) [-Wdeprecated-declarations]
#10 53.48          v8::Isolate::GetCurrent(), target, method, argc, argv);
#10 53.48                                                               ^
#10 53.48 In file included from ../node_modules/nan/nan.h:47,
#10 53.48                  from ../src/database.h:10,
#10 53.48                  from ../src/database.cc:4:
#10 53.48 /root/.cache/node-gyp/14.21.3/include/node/node.h:177:50: note: declared here
#10 53.48                  NODE_EXTERN v8::Local<v8::Value> MakeCallback(
#10 53.48                                                   ^~~~~~~~~~~~
#10 53.48 /root/.cache/node-gyp/14.21.3/include/node/node.h:108:42: note: in definition of macro 'NODE_DEPRECATED'
#10 53.48      __attribute__((deprecated(message))) declarator
#10 53.48                                           ^~~~~~~~~~
#10 53.48 In file included from ../src/database.h:10,
#10 53.48                  from ../src/database.cc:4:
#10 53.48 ../node_modules/nan/nan.h: In constructor 'Nan::Utf8String::Utf8String(v8::Local<v8::Value>)':
#10 53.48 ../node_modules/nan/nan.h:890:53: error: no matching function for call to 'v8::Value::ToString()'
#10 53.48        v8::Local<v8::String> string = from->ToString();
#10 53.48                                                      ^
#10 53.48 In file included from /root/.cache/node-gyp/14.21.3/include/node/node.h:67,
#10 53.48                  from ../node_modules/nan/nan.h:47,
#10 53.48                  from ../src/database.h:10,
#10 53.48                  from ../src/database.cc:4:
#10 53.48 /root/.cache/node-gyp/14.21.3/include/node/v8.h:2810:44: note: candidate: 'v8::MaybeLocal<v8::String> v8::Value::ToString(v8::Local<v8::Context>) const'
#10 53.48    V8_WARN_UNUSED_RESULT MaybeLocal<String> ToString(
#10 53.48                                             ^~~~~~~~
#10 53.48 /root/.cache/node-gyp/14.21.3/include/node/v8.h:2810:44: note:   candidate expects 1 argument, 0 provided
#10 53.48 In file included from ../src/database.h:10,
#10 53.48                  from ../src/database.cc:4:
#10 53.48 ../node_modules/nan/nan.h:900:74: error: no matching function for call to 'v8::String::WriteUtf8(char*&, int, int, const int&)'
#10 53.48          length_ = string->WriteUtf8(str_, static_cast<int>(len), 0, flags);
#10 53.48                                                                           ^
#10 53.48 In file included from /root/.cache/node-gyp/14.21.3/include/node/node.h:67,
#10 53.48                  from ../node_modules/nan/nan.h:47,
#10 53.48                  from ../src/database.h:10,
#10 53.48                  from ../src/database.cc:4:
#10 53.48 /root/.cache/node-gyp/14.21.3/include/node/v8.h:3037:7: note: candidate: 'int v8::String::WriteUtf8(v8::Isolate*, char*, int, int*, int) const'
#10 53.48    int WriteUtf8(Isolate* isolate, char* buffer, int length = -1,
#10 53.48        ^~~~~~~~~
#10 53.48 /root/.cache/node-gyp/14.21.3/include/node/v8.h:3037:7: note:   no known conversion for argument 1 from 'char*' to 'v8::Isolate*'
#10 53.48 In file included from ../src/database.h:10,
#10 53.48                  from ../src/database.cc:4:
#10 53.48 ../node_modules/nan/nan.h: In member function 'v8::Local<v8::Value> Nan::Callback::Call_(v8::Isolate*, v8::Local<v8::Object>, int, v8::Local<v8::Value>*) const':
#10 53.48 ../node_modules/nan/nan.h:1453:5: warning: 'v8::Local<v8::Value> node::MakeCallback(v8::Isolate*, v8::Local<v8::Object>, v8::Local<v8::Function>, int, v8::Local<v8::Value>*)' is deprecated: Use MakeCallback(..., async_context) [-Wdeprecated-declarations]
#10 53.48      ));
#10 53.48      ^
#10 53.48 In file included from ../node_modules/nan/nan.h:47,
#10 53.48                  from ../src/database.h:10,
#10 53.48                  from ../src/database.cc:4:
#10 53.48 /root/.cache/node-gyp/14.21.3/include/node/node.h:191:50: note: declared here
#10 53.48                  NODE_EXTERN v8::Local<v8::Value> MakeCallback(
#10 53.48                                                   ^~~~~~~~~~~~
#10 53.48 /root/.cache/node-gyp/14.21.3/include/node/node.h:108:42: note: in definition of macro 'NODE_DEPRECATED'
#10 53.48      __attribute__((deprecated(message))) declarator
#10 53.48                                           ^~~~~~~~~~
#10 53.48 In file included from ../src/database.h:10,
#10 53.48                  from ../src/database.cc:4:
#10 53.48 ../node_modules/nan/nan.h:1453:5: warning: 'v8::Local<v8::Value> node::MakeCallback(v8::Isolate*, v8::Local<v8::Object>, v8::Local<v8::Function>, int, v8::Local<v8::Value>*)' is deprecated: Use MakeCallback(..., async_context) [-Wdeprecated-declarations]
#10 53.48      ));
#10 53.48      ^
#10 53.48 In file included from ../node_modules/nan/nan.h:47,
#10 53.48                  from ../src/database.h:10,
#10 53.48                  from ../src/database.cc:4:
#10 53.48 /root/.cache/node-gyp/14.21.3/include/node/node.h:191:50: note: declared here
#10 53.48                  NODE_EXTERN v8::Local<v8::Value> MakeCallback(
#10 53.48                                                   ^~~~~~~~~~~~
#10 53.48 /root/.cache/node-gyp/14.21.3/include/node/node.h:108:42: note: in definition of macro 'NODE_DEPRECATED'
#10 53.48      __attribute__((deprecated(message))) declarator
#10 53.48                                           ^~~~~~~~~~
#10 53.49 In file included from ../src/database.h:10,
#10 53.49                  from ../src/database.cc:4:
#10 53.49 ../node_modules/nan/nan.h: In member function 'void Nan::AsyncWorker::SaveToPersistent(const char*, const v8::Local<v8::Value>&)':
#10 53.49 ../node_modules/nan/nan.h:1507:64: error: no matching function for call to 'v8::Object::Set(v8::Local<v8::String>, const v8::Local<v8::Value>&)'
#10 53.49      New(persistentHandle)->Set(New(key).ToLocalChecked(), value);
#10 53.49                                                                 ^
#10 53.49 In file included from /root/.cache/node-gyp/14.21.3/include/node/node.h:67,
#10 53.49                  from ../node_modules/nan/nan.h:47,
#10 53.49                  from ../src/database.h:10,
#10 53.49                  from ../src/database.cc:4:
#10 53.49 /root/.cache/node-gyp/14.21.3/include/node/v8.h:3670:37: note: candidate: 'v8::Maybe<bool> v8::Object::Set(v8::Local<v8::Context>, v8::Local<v8::Value>, v8::Local<v8::Value>)'
#10 53.49    V8_WARN_UNUSED_RESULT Maybe<bool> Set(Local<Context> context,
#10 53.49                                      ^~~
#10 53.49 /root/.cache/node-gyp/14.21.3/include/node/v8.h:3670:37: note:   candidate expects 3 arguments, 2 provided
#10 53.49 /root/.cache/node-gyp/14.21.3/include/node/v8.h:3673:37: note: candidate: 'v8::Maybe<bool> v8::Object::Set(v8::Local<v8::Context>, uint32_t, v8::Local<v8::Value>)'
#10 53.49    V8_WARN_UNUSED_RESULT Maybe<bool> Set(Local<Context> context, uint32_t index,
#10 53.49                                      ^~~
#10 53.49 /root/.cache/node-gyp/14.21.3/include/node/v8.h:3673:37: note:   candidate expects 3 arguments, 2 provided
#10 53.49 In file included from ../src/database.h:10,
#10 53.49                  from ../src/database.cc:4:
#10 53.49 ../node_modules/nan/nan.h: In member function 'void Nan::AsyncWorker::SaveToPersistent(const v8::Local<v8::String>&, const v8::Local<v8::Value>&)':
#10 53.49 ../node_modules/nan/nan.h:1513:42: error: no matching function for call to 'v8::Object::Set(const v8::Local<v8::String>&, const v8::Local<v8::Value>&)'
#10 53.49      New(persistentHandle)->Set(key, value);
#10 53.49                                           ^
#10 53.49 In file included from /root/.cache/node-gyp/14.21.3/include/node/node.h:67,
#10 53.49                  from ../node_modules/nan/nan.h:47,
#10 53.49                  from ../src/database.h:10,
#10 53.49                  from ../src/database.cc:4:
#10 53.49 /root/.cache/node-gyp/14.21.3/include/node/v8.h:3670:37: note: candidate: 'v8::Maybe<bool> v8::Object::Set(v8::Local<v8::Context>, v8::Local<v8::Value>, v8::Local<v8::Value>)'
#10 53.49    V8_WARN_UNUSED_RESULT Maybe<bool> Set(Local<Context> context,
#10 53.49                                      ^~~
#10 53.49 /root/.cache/node-gyp/14.21.3/include/node/v8.h:3670:37: note:   candidate expects 3 arguments, 2 provided
#10 53.49 /root/.cache/node-gyp/14.21.3/include/node/v8.h:3673:37: note: candidate: 'v8::Maybe<bool> v8::Object::Set(v8::Local<v8::Context>, uint32_t, v8::Local<v8::Value>)'
#10 53.49    V8_WARN_UNUSED_RESULT Maybe<bool> Set(Local<Context> context, uint32_t index,
#10 53.49                                      ^~~
#10 53.49 /root/.cache/node-gyp/14.21.3/include/node/v8.h:3673:37: note:   candidate expects 3 arguments, 2 provided
#10 53.49 In file included from ../src/database.h:10,
#10 53.49                  from ../src/database.cc:4:
#10 53.49 ../node_modules/nan/nan.h: In member function 'void Nan::AsyncWorker::SaveToPersistent(uint32_t, const v8::Local<v8::Value>&)':
#10 53.49 ../node_modules/nan/nan.h:1519:44: error: no matching function for call to 'v8::Object::Set(uint32_t&, const v8::Local<v8::Value>&)'
#10 53.49      New(persistentHandle)->Set(index, value);
#10 53.49                                             ^
#10 53.49 In file included from /root/.cache/node-gyp/14.21.3/include/node/node.h:67,
#10 53.49                  from ../node_modules/nan/nan.h:47,
#10 53.49                  from ../src/database.h:10,
#10 53.49                  from ../src/database.cc:4:
#10 53.49 /root/.cache/node-gyp/14.21.3/include/node/v8.h:3670:37: note: candidate: 'v8::Maybe<bool> v8::Object::Set(v8::Local<v8::Context>, v8::Local<v8::Value>, v8::Local<v8::Value>)'
#10 53.49    V8_WARN_UNUSED_RESULT Maybe<bool> Set(Local<Context> context,
#10 53.49                                      ^~~
#10 53.49 /root/.cache/node-gyp/14.21.3/include/node/v8.h:3670:37: note:   candidate expects 3 arguments, 2 provided
#10 53.49 /root/.cache/node-gyp/14.21.3/include/node/v8.h:3673:37: note: candidate: 'v8::Maybe<bool> v8::Object::Set(v8::Local<v8::Context>, uint32_t, v8::Local<v8::Value>)'
#10 53.49    V8_WARN_UNUSED_RESULT Maybe<bool> Set(Local<Context> context, uint32_t index,
#10 53.49                                      ^~~
#10 53.49 /root/.cache/node-gyp/14.21.3/include/node/v8.h:3673:37: note:   candidate expects 3 arguments, 2 provided
#10 53.49 In file included from ../src/database.h:10,
#10 53.49                  from ../src/database.cc:4:
#10 53.49 ../node_modules/nan/nan.h: In member function 'v8::Local<v8::Value> Nan::AsyncWorker::GetFromPersistent(const char*) const':
#10 53.49 ../node_modules/nan/nan.h:1525:61: error: no matching function for call to 'v8::Object::Get(v8::Local<v8::String>)'
#10 53.49          New(persistentHandle)->Get(New(key).ToLocalChecked()));
#10 53.49                                                              ^
#10 53.49 In file included from /root/.cache/node-gyp/14.21.3/include/node/node.h:67,
#10 53.49                  from ../node_modules/nan/nan.h:47,
#10 53.49                  from ../src/database.h:10,
#10 53.49                  from ../src/database.cc:4:
#10 53.49 /root/.cache/node-gyp/14.21.3/include/node/v8.h:3717:43: note: candidate: 'v8::MaybeLocal<v8::Value> v8::Object::Get(v8::Local<v8::Context>, v8::Local<v8::Value>)'
#10 53.49    V8_WARN_UNUSED_RESULT MaybeLocal<Value> Get(Local<Context> context,
#10 53.49                                            ^~~
#10 53.49 /root/.cache/node-gyp/14.21.3/include/node/v8.h:3717:43: note:   candidate expects 2 arguments, 1 provided
#10 53.49 /root/.cache/node-gyp/14.21.3/include/node/v8.h:3720:43: note: candidate: 'v8::MaybeLocal<v8::Value> v8::Object::Get(v8::Local<v8::Context>, uint32_t)'
#10 53.49    V8_WARN_UNUSED_RESULT MaybeLocal<Value> Get(Local<Context> context,
#10 53.49                                            ^~~
#10 53.49 /root/.cache/node-gyp/14.21.3/include/node/v8.h:3720:43: note:   candidate expects 2 arguments, 1 provided
#10 53.49 In file included from ../src/database.h:10,
#10 53.49                  from ../src/database.cc:4:
#10 53.49 ../node_modules/nan/nan.h: In member function 'v8::Local<v8::Value> Nan::AsyncWorker::GetFromPersistent(const v8::Local<v8::String>&) const':
#10 53.49 ../node_modules/nan/nan.h:1531:55: error: no matching function for call to 'v8::Object::Get(const v8::Local<v8::String>&)'
#10 53.49      return scope.Escape(New(persistentHandle)->Get(key));
#10 53.49                                                        ^
#10 53.49 In file included from /root/.cache/node-gyp/14.21.3/include/node/node.h:67,
#10 53.49                  from ../node_modules/nan/nan.h:47,
#10 53.49                  from ../src/database.h:10,
#10 53.49                  from ../src/database.cc:4:
#10 53.49 /root/.cache/node-gyp/14.21.3/include/node/v8.h:3717:43: note: candidate: 'v8::MaybeLocal<v8::Value> v8::Object::Get(v8::Local<v8::Context>, v8::Local<v8::Value>)'
#10 53.49    V8_WARN_UNUSED_RESULT MaybeLocal<Value> Get(Local<Context> context,
#10 53.49                                            ^~~
#10 53.49 /root/.cache/node-gyp/14.21.3/include/node/v8.h:3717:43: note:   candidate expects 2 arguments, 1 provided
#10 53.49 /root/.cache/node-gyp/14.21.3/include/node/v8.h:3720:43: note: candidate: 'v8::MaybeLocal<v8::Value> v8::Object::Get(v8::Local<v8::Context>, uint32_t)'
#10 53.49    V8_WARN_UNUSED_RESULT MaybeLocal<Value> Get(Local<Context> context,
#10 53.49                                            ^~~
#10 53.49 /root/.cache/node-gyp/14.21.3/include/node/v8.h:3720:43: note:   candidate expects 2 arguments, 1 provided
#10 53.49 In file included from ../src/database.h:10,
#10 53.49                  from ../src/database.cc:4:
#10 53.49 ../node_modules/nan/nan.h: In member function 'v8::Local<v8::Value> Nan::AsyncWorker::GetFromPersistent(uint32_t) const':
#10 53.49 ../node_modules/nan/nan.h:1536:57: error: no matching function for call to 'v8::Object::Get(uint32_t&)'
#10 53.49      return scope.Escape(New(persistentHandle)->Get(index));
#10 53.49                                                          ^
#10 53.49 In file included from /root/.cache/node-gyp/14.21.3/include/node/node.h:67,
#10 53.49                  from ../node_modules/nan/nan.h:47,
#10 53.49                  from ../src/database.h:10,
#10 53.49                  from ../src/database.cc:4:
#10 53.49 /root/.cache/node-gyp/14.21.3/include/node/v8.h:3717:43: note: candidate: 'v8::MaybeLocal<v8::Value> v8::Object::Get(v8::Local<v8::Context>, v8::Local<v8::Value>)'
#10 53.49    V8_WARN_UNUSED_RESULT MaybeLocal<Value> Get(Local<Context> context,
#10 53.49                                            ^~~
#10 53.49 /root/.cache/node-gyp/14.21.3/include/node/v8.h:3717:43: note:   candidate expects 2 arguments, 1 provided
#10 53.49 /root/.cache/node-gyp/14.21.3/include/node/v8.h:3720:43: note: candidate: 'v8::MaybeLocal<v8::Value> v8::Object::Get(v8::Local<v8::Context>, uint32_t)'
#10 53.49    V8_WARN_UNUSED_RESULT MaybeLocal<Value> Get(Local<Context> context,
#10 53.49                                            ^~~
#10 53.49 /root/.cache/node-gyp/14.21.3/include/node/v8.h:3720:43: note:   candidate expects 2 arguments, 1 provided
#10 53.49 In file included from ../src/database.h:10,
#10 53.49                  from ../src/database.cc:4:
#10 53.49 ../node_modules/nan/nan.h: In function 'void Nan::AsyncQueueWorker(Nan::AsyncWorker*)':
#10 53.49 ../node_modules/nan/nan.h:1704:62: warning: cast between incompatible function types from 'void (*)(uv_work_t*)' {aka 'void (*)(uv_work_s*)'} to 'uv_after_work_cb' {aka 'void (*)(uv_work_s*, int)'} [-Wcast-function-type]
#10 53.49      , reinterpret_cast<uv_after_work_cb>(AsyncExecuteComplete)
#10 53.49                                                               ^
#10 53.49 In file included from ../node_modules/nan/nan.h:2190,
#10 53.49                  from ../src/database.h:10,
#10 53.49                  from ../src/database.cc:4:
#10 53.49 ../node_modules/nan/nan_object_wrap.h: In member function 'void Nan::ObjectWrap::MakeWeak()':
#10 53.49 ../node_modules/nan/nan_object_wrap.h:67:18: error: 'class Nan::Persistent<v8::Object>' has no member named 'MarkIndependent'
#10 53.49      persistent().MarkIndependent();
#10 53.49                   ^~~~~~~~~~~~~~~
#10 53.52 In file included from ../src/database.cc:3:
#10 53.52 ../src/database.cc: In member function 'void node_sqlite3::Database::Process()':
#10 53.52 ../src/macros.h:91:13: error: no matching function for call to 'v8::String::Concat(v8::Local<v8::String>, v8::Local<v8::String>)'
#10 53.52              ),                                                                 \
#10 53.52              ^
#10 53.52 ../src/database.cc:40:9: note: in expansion of macro 'EXCEPTION'
#10 53.52          EXCEPTION(Nan::New("Database handle is closed").ToLocalChecked(), SQLITE_MISUSE, exception);
#10 53.52          ^~~~~~~~~
#10 53.52 In file included from /root/.cache/node-gyp/14.21.3/include/node/node.h:67,
#10 53.52                  from ../node_modules/nan/nan.h:47,
#10 53.52                  from ../src/database.h:10,
#10 53.52                  from ../src/database.cc:4:
#10 53.52 /root/.cache/node-gyp/14.21.3/include/node/v8.h:3221:24: note: candidate: 'static v8::Local<v8::String> v8::String::Concat(v8::Isolate*, v8::Local<v8::String>, v8::Local<v8::String>)'
#10 53.52    static Local<String> Concat(Isolate* isolate, Local<String> left,
#10 53.52                         ^~~~~~
#10 53.52 /root/.cache/node-gyp/14.21.3/include/node/v8.h:3221:24: note:   candidate expects 3 arguments, 2 provided
#10 53.52 In file included from ../src/database.cc:3:
#10 53.52 ../src/database.cc: In member function 'void node_sqlite3::Database::Schedule(node_sqlite3::Database::Work_Callback, node_sqlite3::Database::Baton*, bool)':
#10 53.52 ../src/macros.h:91:13: error: no matching function for call to 'v8::String::Concat(v8::Local<v8::String>, v8::Local<v8::String>)'
#10 53.52              ),                                                                 \
#10 53.52              ^
#10 53.52 ../src/database.cc:88:9: note: in expansion of macro 'EXCEPTION'
#10 53.52          EXCEPTION(Nan::New("Database is closed").ToLocalChecked(), SQLITE_MISUSE, exception);
#10 53.52          ^~~~~~~~~
#10 53.52 In file included from /root/.cache/node-gyp/14.21.3/include/node/node.h:67,
#10 53.52                  from ../node_modules/nan/nan.h:47,
#10 53.52                  from ../src/database.h:10,
#10 53.52                  from ../src/database.cc:4:
#10 53.52 /root/.cache/node-gyp/14.21.3/include/node/v8.h:3221:24: note: candidate: 'static v8::Local<v8::String> v8::String::Concat(v8::Isolate*, v8::Local<v8::String>, v8::Local<v8::String>)'
#10 53.52    static Local<String> Concat(Isolate* isolate, Local<String> left,
#10 53.52                         ^~~~~~
#10 53.52 /root/.cache/node-gyp/14.21.3/include/node/v8.h:3221:24: note:   candidate expects 3 arguments, 2 provided
#10 53.52 ../src/database.cc: In static member function 'static Nan::NAN_METHOD_RETURN_TYPE node_sqlite3::Database::New(Nan::NAN_METHOD_ARGS_TYPE)':
#10 53.52 ../src/database.cc:133:18: error: 'class v8::Object' has no member named 'ForceSet'
#10 53.52      info.This()->ForceSet(Nan::New("filename").ToLocalChecked(), info[0].As<String>(), ReadOnly);
#10 53.52                   ^~~~~~~~
#10 53.52 ../src/database.cc:134:18: error: 'class v8::Object' has no member named 'ForceSet'
#10 53.52      info.This()->ForceSet(Nan::New("mode").ToLocalChecked(), Nan::New(mode), ReadOnly);
#10 53.52                   ^~~~~~~~
#10 53.52 ../src/database.cc: In static member function 'static void node_sqlite3::Database::Work_BeginOpen(node_sqlite3::Database::Baton*)':
#10 53.52 ../src/database.cc:145:55: warning: cast between incompatible function types from 'void (*)(uv_work_t*)' {aka 'void (*)(uv_work_s*)'} to 'uv_after_work_cb' {aka 'void (*)(uv_work_s*, int)'} [-Wcast-function-type]
#10 53.52          &baton->request, Work_Open, (uv_after_work_cb)Work_AfterOpen);
#10 53.52                                                        ^~~~~~~~~~~~~~
#10 53.52 ../src/database.cc:144:9: warning: unused variable 'status' [-Wunused-variable]
#10 53.52      int status = uv_queue_work(uv_default_loop(),
#10 53.52          ^~~~~~
#10 53.52 In file included from ../src/database.cc:3:
#10 53.52 ../src/database.cc: In static member function 'static void node_sqlite3::Database::Work_AfterOpen(uv_work_t*)':
#10 53.52 ../src/macros.h:91:13: error: no matching function for call to 'v8::String::Concat(v8::Local<v8::String>, v8::Local<v8::String>)'
#10 53.52              ),                                                                 \
#10 53.52              ^
#10 53.52 ../src/database.cc:179:9: note: in expansion of macro 'EXCEPTION'
#10 53.52          EXCEPTION(Nan::New(baton->message.c_str()).ToLocalChecked(), baton->status, exception);
#10 53.52          ^~~~~~~~~
#10 53.52 In file included from /root/.cache/node-gyp/14.21.3/include/node/node.h:67,
#10 53.52                  from ../node_modules/nan/nan.h:47,
#10 53.52                  from ../src/database.h:10,
#10 53.52                  from ../src/database.cc:4:
#10 53.52 /root/.cache/node-gyp/14.21.3/include/node/v8.h:3221:24: note: candidate: 'static v8::Local<v8::String> v8::String::Concat(v8::Isolate*, v8::Local<v8::String>, v8::Local<v8::String>)'
#10 53.52    static Local<String> Concat(Isolate* isolate, Local<String> left,
#10 53.52                         ^~~~~~
#10 53.52 /root/.cache/node-gyp/14.21.3/include/node/v8.h:3221:24: note:   candidate expects 3 arguments, 2 provided
#10 53.52 ../src/database.cc: In static member function 'static void node_sqlite3::Database::Work_BeginClose(node_sqlite3::Database::Baton*)':
#10 53.52 ../src/database.cc:231:56: warning: cast between incompatible function types from 'void (*)(uv_work_t*)' {aka 'void (*)(uv_work_s*)'} to 'uv_after_work_cb' {aka 'void (*)(uv_work_s*, int)'} [-Wcast-function-type]
#10 53.52          &baton->request, Work_Close, (uv_after_work_cb)Work_AfterClose);
#10 53.52                                                         ^~~~~~~~~~~~~~~
#10 53.52 ../src/database.cc:230:9: warning: unused variable 'status' [-Wunused-variable]
#10 53.52      int status = uv_queue_work(uv_default_loop(),
#10 53.52          ^~~~~~
#10 53.52 In file included from ../src/database.cc:3:
#10 53.52 ../src/database.cc: In static member function 'static void node_sqlite3::Database::Work_AfterClose(uv_work_t*)':
#10 53.52 ../src/macros.h:91:13: error: no matching function for call to 'v8::String::Concat(v8::Local<v8::String>, v8::Local<v8::String>)'
#10 53.52              ),                                                                 \
#10 53.52              ^
#10 53.52 ../src/database.cc:259:9: note: in expansion of macro 'EXCEPTION'
#10 53.52          EXCEPTION(Nan::New(baton->message.c_str()).ToLocalChecked(), baton->status, exception);
#10 53.52          ^~~~~~~~~
#10 53.52 In file included from /root/.cache/node-gyp/14.21.3/include/node/node.h:67,
#10 53.52                  from ../node_modules/nan/nan.h:47,
#10 53.52                  from ../src/database.h:10,
#10 53.52                  from ../src/database.cc:4:
#10 53.52 /root/.cache/node-gyp/14.21.3/include/node/v8.h:3221:24: note: candidate: 'static v8::Local<v8::String> v8::String::Concat(v8::Isolate*, v8::Local<v8::String>, v8::Local<v8::String>)'
#10 53.52    static Local<String> Concat(Isolate* isolate, Local<String> left,
#10 53.52                         ^~~~~~
#10 53.52 /root/.cache/node-gyp/14.21.3/include/node/v8.h:3221:24: note:   candidate expects 3 arguments, 2 provided
#10 53.53 ../src/database.cc: In static member function 'static Nan::NAN_METHOD_RETURN_TYPE node_sqlite3::Database::Configure(Nan::NAN_METHOD_ARGS_TYPE)':
#10 53.53 ../src/database.cc:351:9: error: no matching function for call to 'v8::String::Concat(v8::Local<v8::String>, v8::Local<v8::String>)'
#10 53.53          )));
#10 53.53          ^
#10 53.53 In file included from /root/.cache/node-gyp/14.21.3/include/node/node.h:67,
#10 53.53                  from ../node_modules/nan/nan.h:47,
#10 53.53                  from ../src/database.h:10,
#10 53.53                  from ../src/database.cc:4:
#10 53.53 /root/.cache/node-gyp/14.21.3/include/node/v8.h:3221:24: note: candidate: 'static v8::Local<v8::String> v8::String::Concat(v8::Isolate*, v8::Local<v8::String>, v8::Local<v8::String>)'
#10 53.53    static Local<String> Concat(Isolate* isolate, Local<String> left,
#10 53.53                         ^~~~~~
#10 53.53 /root/.cache/node-gyp/14.21.3/include/node/v8.h:3221:24: note:   candidate expects 3 arguments, 2 provided
#10 53.53 ../src/database.cc:351:11: error: return-statement with a value, in function returning 'Nan::NAN_METHOD_RETURN_TYPE' {aka 'void'} [-fpermissive]
#10 53.53          )));
#10 53.53            ^
#10 53.54 ../src/database.cc: In static member function 'static void node_sqlite3::Database::Work_BeginExec(node_sqlite3::Database::Baton*)':
#10 53.54 ../src/database.cc:526:55: warning: cast between incompatible function types from 'void (*)(uv_work_t*)' {aka 'void (*)(uv_work_s*)'} to 'uv_after_work_cb' {aka 'void (*)(uv_work_s*, int)'} [-Wcast-function-type]
#10 53.54          &baton->request, Work_Exec, (uv_after_work_cb)Work_AfterExec);
#10 53.54                                                        ^~~~~~~~~~~~~~
#10 53.54 ../src/database.cc:525:9: warning: unused variable 'status' [-Wunused-variable]
#10 53.54      int status = uv_queue_work(uv_default_loop(),
#10 53.54          ^~~~~~
#10 53.54 In file included from ../src/database.cc:3:
#10 53.54 ../src/database.cc: In static member function 'static void node_sqlite3::Database::Work_AfterExec(uv_work_t*)':
#10 53.54 ../src/macros.h:91:13: error: no matching function for call to 'v8::String::Concat(v8::Local<v8::String>, v8::Local<v8::String>)'
#10 53.54              ),                                                                 \
#10 53.54              ^
#10 53.54 ../src/database.cc:557:9: note: in expansion of macro 'EXCEPTION'
#10 53.54          EXCEPTION(Nan::New(baton->message.c_str()).ToLocalChecked(), baton->status, exception);
#10 53.54          ^~~~~~~~~
#10 53.54 In file included from /root/.cache/node-gyp/14.21.3/include/node/node.h:67,
#10 53.54                  from ../node_modules/nan/nan.h:47,
#10 53.54                  from ../src/database.h:10,
#10 53.54                  from ../src/database.cc:4:
#10 53.54 /root/.cache/node-gyp/14.21.3/include/node/v8.h:3221:24: note: candidate: 'static v8::Local<v8::String> v8::String::Concat(v8::Isolate*, v8::Local<v8::String>, v8::Local<v8::String>)'
#10 53.54    static Local<String> Concat(Isolate* isolate, Local<String> left,
#10 53.54                         ^~~~~~
#10 53.54 /root/.cache/node-gyp/14.21.3/include/node/v8.h:3221:24: note:   candidate expects 3 arguments, 2 provided
#10 53.54 ../src/database.cc: In static member function 'static void node_sqlite3::Database::Work_BeginLoadExtension(node_sqlite3::Database::Baton*)':
#10 53.54 ../src/database.cc:626:104: warning: cast between incompatible function types from 'void (*)(uv_work_t*)' {aka 'void (*)(uv_work_s*)'} to 'uv_after_work_cb' {aka 'void (*)(uv_work_s*, int)'} [-Wcast-function-type]
#10 53.54          &baton->request, Work_LoadExtension, reinterpret_cast<uv_after_work_cb>(Work_AfterLoadExtension));
#10 53.54                                                                                                         ^
#10 53.54 ../src/database.cc:625:9: warning: unused variable 'status' [-Wunused-variable]
#10 53.54      int status = uv_queue_work(uv_default_loop(),
#10 53.54          ^~~~~~
#10 53.54 In file included from ../src/database.cc:3:
#10 53.54 ../src/database.cc: In static member function 'static void node_sqlite3::Database::Work_AfterLoadExtension(uv_work_t*)':
#10 53.54 ../src/macros.h:91:13: error: no matching function for call to 'v8::String::Concat(v8::Local<v8::String>, v8::Local<v8::String>)'
#10 53.54              ),                                                                 \
#10 53.54              ^
#10 53.54 ../src/database.cc:659:9: note: in expansion of macro 'EXCEPTION'
#10 53.54          EXCEPTION(Nan::New(baton->message.c_str()).ToLocalChecked(), baton->status, exception);
#10 53.54          ^~~~~~~~~
#10 53.54 In file included from /root/.cache/node-gyp/14.21.3/include/node/node.h:67,
#10 53.54                  from ../node_modules/nan/nan.h:47,
#10 53.54                  from ../src/database.h:10,
#10 53.54                  from ../src/database.cc:4:
#10 53.54 /root/.cache/node-gyp/14.21.3/include/node/v8.h:3221:24: note: candidate: 'static v8::Local<v8::String> v8::String::Concat(v8::Isolate*, v8::Local<v8::String>, v8::Local<v8::String>)'
#10 53.54    static Local<String> Concat(Isolate* isolate, Local<String> left,
#10 53.54                         ^~~~~~
#10 53.54 /root/.cache/node-gyp/14.21.3/include/node/v8.h:3221:24: note:   candidate expects 3 arguments, 2 provided
#10 53.56 In file included from ../src/database.h:12,
#10 53.56                  from ../src/database.cc:4:
#10 53.56 ../src/async.h: In instantiation of 'Async<Item, Parent>::Async(Parent*, Async<Item, Parent>::Callback) [with Item = std::__cxx11::basic_string<char>; Parent = node_sqlite3::Database; Async<Item, Parent>::Callback = void (*)(node_sqlite3::Database*, std::__cxx11::basic_string<char>*)]':
#10 53.56 ../src/database.cc:391:59:   required from here
#10 53.56 ../src/async.h:29:52: warning: cast between incompatible function types from 'void (*)(uv_async_t*, int)' {aka 'void (*)(uv_async_s*, int)'} to 'uv_async_cb' {aka 'void (*)(uv_async_s*)'} [-Wcast-function-type]
#10 53.56          uv_async_init(uv_default_loop(), &watcher, reinterpret_cast<uv_async_cb>(listener));
#10 53.56                                                     ^~~~~~~~~~~~~~~~~~~~~~~~~~~~~~~~~~~~~~~
#10 53.56 ../src/async.h: In instantiation of 'Async<Item, Parent>::Async(Parent*, Async<Item, Parent>::Callback) [with Item = node_sqlite3::Database::ProfileInfo; Parent = node_sqlite3::Database; Async<Item, Parent>::Callback = void (*)(node_sqlite3::Database*, node_sqlite3::Database::ProfileInfo*)]':
#10 53.56 ../src/database.cc:429:65:   required from here
#10 53.56 ../src/async.h:29:52: warning: cast between incompatible function types from 'void (*)(uv_async_t*, int)' {aka 'void (*)(uv_async_s*, int)'} to 'uv_async_cb' {aka 'void (*)(uv_async_s*)'} [-Wcast-function-type]
#10 53.56 ../src/async.h: In instantiation of 'Async<Item, Parent>::Async(Parent*, Async<Item, Parent>::Callback) [with Item = node_sqlite3::Database::UpdateInfo; Parent = node_sqlite3::Database; Async<Item, Parent>::Callback = void (*)(node_sqlite3::Database*, node_sqlite3::Database::UpdateInfo*)]':
#10 53.56 ../src/database.cc:470:62:   required from here
#10 53.56 ../src/async.h:29:52: warning: cast between incompatible function types from 'void (*)(uv_async_t*, int)' {aka 'void (*)(uv_async_s*, int)'} to 'uv_async_cb' {aka 'void (*)(uv_async_s*)'} [-Wcast-function-type]
#10 53.59 In file included from ../node_modules/nan/nan.h:190,
#10 53.59                  from ../src/database.h:10,
#10 53.59                  from ../src/database.cc:4:
#10 53.59 ../node_modules/nan/nan_maybe_43_inl.h: In function 'Nan::Maybe<bool> Nan::ForceSet(v8::Local<v8::Object>, v8::Local<v8::Value>, v8::Local<v8::Value>, v8::PropertyAttribute)':
#10 53.59 ../node_modules/nan/nan_maybe_43_inl.h:88:15: error: 'class v8::Object' has no member named 'ForceSet'
#10 53.59    return obj->ForceSet(GetCurrentContext(), key, value, attribs);
#10 53.59                ^~~~~~~~
#10 53.59 In file included from ../node_modules/nan/nan_converters.h:59,
#10 53.59                  from ../node_modules/nan/nan.h:195,
#10 53.59                  from ../src/database.h:10,
#10 53.59                  from ../src/database.cc:4:
#10 53.59 ../node_modules/nan/nan_converters_43_inl.h: In static member function 'static Nan::imp::ToFactoryBase<v8::Boolean>::return_t Nan::imp::ToFactory<v8::Boolean>::convert(v8::Local<v8::Value>)':
#10 53.59 ../node_modules/nan/nan_converters_43_inl.h:15:45: error: no matching function for call to 'v8::Value::ToBoolean(v8::Local<v8::Context>)'
#10 53.59    return val->To ## TYPE(GetCurrentContext());                                 \
#10 53.59                                              ^
#10 53.59 ../node_modules/nan/nan_converters_43_inl.h:18:1: note: in expansion of macro 'X'
#10 53.59  X(Boolean)
#10 53.59  ^
#10 53.59 In file included from /root/.cache/node-gyp/14.21.3/include/node/node.h:67,
#10 53.59                  from ../node_modules/nan/nan.h:47,
#10 53.59                  from ../src/database.h:10,
#10 53.59                  from ../src/database.cc:4:
#10 53.59 /root/.cache/node-gyp/14.21.3/include/node/v8.h:2848:18: note: candidate: 'v8::Local<v8::Boolean> v8::Value::ToBoolean(v8::Isolate*) const'
#10 53.59    Local<Boolean> ToBoolean(Isolate* isolate) const;
#10 53.59                   ^~~~~~~~~
#10 53.59 /root/.cache/node-gyp/14.21.3/include/node/v8.h:2848:18: note:   no known conversion for argument 1 from 'v8::Local<v8::Context>' to 'v8::Isolate*'
#10 53.60 In file included from ../node_modules/nan/nan_converters.h:59,
#10 53.60                  from ../node_modules/nan/nan.h:195,
#10 53.60                  from ../src/database.h:10,
#10 53.60                  from ../src/database.cc:4:
#10 53.60 ../node_modules/nan/nan_converters_43_inl.h: In static member function 'static Nan::imp::ValueFactoryBase<bool>::return_t Nan::imp::ToFactory<bool>::convert(v8::Local<v8::Value>)':
#10 53.60 ../node_modules/nan/nan_converters_43_inl.h:31:48: error: no matching function for call to 'v8::Value::BooleanValue(v8::Local<v8::Context>)'
#10 53.60    return val->NAME ## Value(GetCurrentContext());                              \
#10 53.60                                                 ^
#10 53.60 ../node_modules/nan/nan_converters_43_inl.h:34:1: note: in expansion of macro 'X'
#10 53.60  X(bool, Boolean)
#10 53.60  ^
#10 53.60 In file included from /root/.cache/node-gyp/14.21.3/include/node/node.h:67,
#10 53.60                  from ../node_modules/nan/nan.h:47,
#10 53.60                  from ../src/database.h:10,
#10 53.60                  from ../src/database.cc:4:
#10 53.60 /root/.cache/node-gyp/14.21.3/include/node/v8.h:2858:8: note: candidate: 'bool v8::Value::BooleanValue(v8::Isolate*) const'
#10 53.60    bool BooleanValue(Isolate* isolate) const;
#10 53.60         ^~~~~~~~~~~~
#10 53.60 /root/.cache/node-gyp/14.21.3/include/node/v8.h:2858:8: note:   no known conversion for argument 1 from 'v8::Local<v8::Context>' to 'v8::Isolate*'
#10 53.60 In file included from ../node_modules/nan/nan_new.h:189,
#10 53.60                  from ../node_modules/nan/nan.h:196,
#10 53.60                  from ../src/database.h:10,
#10 53.60                  from ../src/database.cc:4:
#10 53.60 ../node_modules/nan/nan_implementation_12_inl.h: In static member function 'static Nan::imp::FactoryBase<v8::Function>::return_t Nan::imp::Factory<v8::Function>::New(Nan::FunctionCallback, v8::Local<v8::Value>)':
#10 53.60 ../node_modules/nan/nan_implementation_12_inl.h:109:32: error: no matching function for call to 'v8::Function::New(v8::Isolate*&, void (&)(const v8::FunctionCallbackInfo<v8::Value>&), v8::Local<v8::Object>&)'
#10 53.60                            , obj));
#10 53.60                                 ^
#10 53.60 In file included from /root/.cache/node-gyp/14.21.3/include/node/node.h:67,
#10 53.60                  from ../node_modules/nan/nan.h:47,
#10 53.60                  from ../src/database.h:10,
#10 53.60                  from ../src/database.cc:4:
#10 53.60 /root/.cache/node-gyp/14.21.3/include/node/v8.h:4445:31: note: candidate: 'static v8::MaybeLocal<v8::Function> v8::Function::New(v8::Local<v8::Context>, v8::FunctionCallback, v8::Local<v8::Value>, int, v8::ConstructorBehavior, v8::SideEffectType)'
#10 53.60    static MaybeLocal<Function> New(
#10 53.60                                ^~~
#10 53.60 /root/.cache/node-gyp/14.21.3/include/node/v8.h:4445:31: note:   no known conversion for argument 1 from 'v8::Isolate*' to 'v8::Local<v8::Context>'
#10 53.60 In file included from ../node_modules/nan/nan_new.h:189,
#10 53.60                  from ../node_modules/nan/nan.h:196,
#10 53.60                  from ../src/database.h:10,
#10 53.60                  from ../src/database.cc:4:
#10 53.60 ../node_modules/nan/nan_implementation_12_inl.h: In static member function 'static Nan::imp::FactoryBase<v8::StringObject>::return_t Nan::imp::Factory<v8::StringObject>::New(v8::Local<v8::String>)':
#10 53.60 ../node_modules/nan/nan_implementation_12_inl.h:345:37: error: no matching function for call to 'v8::StringObject::New(v8::Local<v8::String>&)'
#10 53.60    return v8::StringObject::New(value).As<v8::StringObject>();
#10 53.60                                      ^
#10 53.60 In file included from /root/.cache/node-gyp/14.21.3/include/node/node.h:67,
#10 53.60                  from ../node_modules/nan/nan.h:47,
#10 53.60                  from ../src/database.h:10,
#10 53.60                  from ../src/database.cc:4:
#10 53.60 /root/.cache/node-gyp/14.21.3/include/node/v8.h:5854:23: note: candidate: 'static v8::Local<v8::Value> v8::StringObject::New(v8::Isolate*, v8::Local<v8::String>)'
#10 53.60    static Local<Value> New(Isolate* isolate, Local<String> value);
#10 53.60                        ^~~
#10 53.60 /root/.cache/node-gyp/14.21.3/include/node/v8.h:5854:23: note:   candidate expects 2 arguments, 1 provided
#10 53.60 In file included from ../node_modules/nan/nan_new.h:189,
#10 53.60                  from ../node_modules/nan/nan.h:196,
#10 53.60                  from ../src/database.h:10,
#10 53.60                  from ../src/database.cc:4:
#10 53.60 ../node_modules/nan/nan_implementation_12_inl.h:345:58: error: expected primary-expression before '>' token
#10 53.60    return v8::StringObject::New(value).As<v8::StringObject>();
#10 53.60                                                           ^
#10 53.60 ../node_modules/nan/nan_implementation_12_inl.h:345:60: error: expected primary-expression before ')' token
#10 53.60    return v8::StringObject::New(value).As<v8::StringObject>();
#10 53.60                                                             ^
#10 53.61 In file included from ../src/database.h:10,
#10 53.61                  from ../src/database.cc:4:
#10 53.61 ../node_modules/nan/nan.h: In function 'v8::Local<v8::Value> Nan::MakeCallback(v8::Local<v8::Object>, v8::Local<v8::Function>, int, v8::Local<v8::Value>*)':
#10 53.61 ../node_modules/nan/nan.h:817:60: warning: 'v8::Local<v8::Value> node::MakeCallback(v8::Isolate*, v8::Local<v8::Object>, v8::Local<v8::Function>, int, v8::Local<v8::Value>*)' is deprecated: Use MakeCallback(..., async_context) [-Wdeprecated-declarations]
#10 53.61          v8::Isolate::GetCurrent(), target, func, argc, argv);
#10 53.61                                                             ^
#10 53.61 In file included from ../node_modules/nan/nan.h:47,
#10 53.61                  from ../src/database.h:10,
#10 53.61                  from ../src/database.cc:4:
#10 53.61 /root/.cache/node-gyp/14.21.3/include/node/node.h:191:50: note: declared here
#10 53.61                  NODE_EXTERN v8::Local<v8::Value> MakeCallback(
#10 53.61                                                   ^~~~~~~~~~~~
#10 53.61 /root/.cache/node-gyp/14.21.3/include/node/node.h:108:42: note: in definition of macro 'NODE_DEPRECATED'
#10 53.61      __attribute__((deprecated(message))) declarator
#10 53.61                                           ^~~~~~~~~~
#10 53.61 In file included from ../src/database.h:10,
#10 53.61                  from ../src/database.cc:4:
#10 53.61 ../node_modules/nan/nan.h:817:60: warning: 'v8::Local<v8::Value> node::MakeCallback(v8::Isolate*, v8::Local<v8::Object>, v8::Local<v8::Function>, int, v8::Local<v8::Value>*)' is deprecated: Use MakeCallback(..., async_context) [-Wdeprecated-declarations]
#10 53.61          v8::Isolate::GetCurrent(), target, func, argc, argv);
#10 53.61                                                             ^
#10 53.61 In file included from ../node_modules/nan/nan.h:47,
#10 53.61                  from ../src/database.h:10,
#10 53.61                  from ../src/database.cc:4:
#10 53.61 /root/.cache/node-gyp/14.21.3/include/node/node.h:191:50: note: declared here
#10 53.61                  NODE_EXTERN v8::Local<v8::Value> MakeCallback(
#10 53.61                                                   ^~~~~~~~~~~~
#10 53.61 /root/.cache/node-gyp/14.21.3/include/node/node.h:108:42: note: in definition of macro 'NODE_DEPRECATED'
#10 53.61      __attribute__((deprecated(message))) declarator
#10 53.61                                           ^~~~~~~~~~
#10 53.61 In file included from ../src/database.h:10,
#10 53.61                  from ../src/database.cc:4:
#10 53.61 ../node_modules/nan/nan.h: In function 'v8::Local<v8::Value> Nan::MakeCallback(v8::Local<v8::Object>, v8::Local<v8::String>, int, v8::Local<v8::Value>*)':
#10 53.61 ../node_modules/nan/nan.h:831:62: warning: 'v8::Local<v8::Value> node::MakeCallback(v8::Isolate*, v8::Local<v8::Object>, v8::Local<v8::String>, int, v8::Local<v8::Value>*)' is deprecated: Use MakeCallback(..., async_context) [-Wdeprecated-declarations]
#10 53.61          v8::Isolate::GetCurrent(), target, symbol, argc, argv);
#10 53.61                                                               ^
#10 53.61 In file included from ../node_modules/nan/nan.h:47,
#10 53.61                  from ../src/database.h:10,
#10 53.61                  from ../src/database.cc:4:
#10 53.61 /root/.cache/node-gyp/14.21.3/include/node/node.h:184:50: note: declared here
#10 53.61                  NODE_EXTERN v8::Local<v8::Value> MakeCallback(
#10 53.61                                                   ^~~~~~~~~~~~
#10 53.61 /root/.cache/node-gyp/14.21.3/include/node/node.h:108:42: note: in definition of macro 'NODE_DEPRECATED'
#10 53.61      __attribute__((deprecated(message))) declarator
#10 53.61                                           ^~~~~~~~~~
#10 53.61 In file included from ../src/database.h:10,
#10 53.61                  from ../src/database.cc:4:
#10 53.61 ../node_modules/nan/nan.h:831:62: warning: 'v8::Local<v8::Value> node::MakeCallback(v8::Isolate*, v8::Local<v8::Object>, v8::Local<v8::String>, int, v8::Local<v8::Value>*)' is deprecated: Use MakeCallback(..., async_context) [-Wdeprecated-declarations]
#10 53.61          v8::Isolate::GetCurrent(), target, symbol, argc, argv);
#10 53.61                                                               ^
#10 53.61 In file included from ../node_modules/nan/nan.h:47,
#10 53.61                  from ../src/database.h:10,
#10 53.61                  from ../src/database.cc:4:
#10 53.61 /root/.cache/node-gyp/14.21.3/include/node/node.h:184:50: note: declared here
#10 53.61                  NODE_EXTERN v8::Local<v8::Value> MakeCallback(
#10 53.61                                                   ^~~~~~~~~~~~
#10 53.61 /root/.cache/node-gyp/14.21.3/include/node/node.h:108:42: note: in definition of macro 'NODE_DEPRECATED'
#10 53.61      __attribute__((deprecated(message))) declarator
#10 53.61                                           ^~~~~~~~~~
#10 53.61 In file included from ../src/database.h:10,
#10 53.61                  from ../src/database.cc:4:
#10 53.61 ../node_modules/nan/nan.h: In function 'v8::Local<v8::Value> Nan::MakeCallback(v8::Local<v8::Object>, const char*, int, v8::Local<v8::Value>*)':
#10 53.61 ../node_modules/nan/nan.h:845:62: warning: 'v8::Local<v8::Value> node::MakeCallback(v8::Isolate*, v8::Local<v8::Object>, const char*, int, v8::Local<v8::Value>*)' is deprecated: Use MakeCallback(..., async_context) [-Wdeprecated-declarations]
#10 53.61          v8::Isolate::GetCurrent(), target, method, argc, argv);
#10 53.61                                                               ^
#10 53.61 In file included from ../node_modules/nan/nan.h:47,
#10 53.61                  from ../src/database.h:10,
#10 53.61                  from ../src/database.cc:4:
#10 53.61 /root/.cache/node-gyp/14.21.3/include/node/node.h:177:50: note: declared here
#10 53.61                  NODE_EXTERN v8::Local<v8::Value> MakeCallback(
#10 53.61                                                   ^~~~~~~~~~~~
#10 53.61 /root/.cache/node-gyp/14.21.3/include/node/node.h:108:42: note: in definition of macro 'NODE_DEPRECATED'
#10 53.61      __attribute__((deprecated(message))) declarator
#10 53.61                                           ^~~~~~~~~~
#10 53.61 In file included from ../src/database.h:10,
#10 53.61                  from ../src/database.cc:4:
#10 53.61 ../node_modules/nan/nan.h:845:62: warning: 'v8::Local<v8::Value> node::MakeCallback(v8::Isolate*, v8::Local<v8::Object>, const char*, int, v8::Local<v8::Value>*)' is deprecated: Use MakeCallback(..., async_context) [-Wdeprecated-declarations]
#10 53.61          v8::Isolate::GetCurrent(), target, method, argc, argv);
#10 53.61                                                               ^
#10 53.61 In file included from ../node_modules/nan/nan.h:47,
#10 53.61                  from ../src/database.h:10,
#10 53.61                  from ../src/database.cc:4:
#10 53.61 /root/.cache/node-gyp/14.21.3/include/node/node.h:177:50: note: declared here
#10 53.61                  NODE_EXTERN v8::Local<v8::Value> MakeCallback(
#10 53.61                                                   ^~~~~~~~~~~~
#10 53.61 /root/.cache/node-gyp/14.21.3/include/node/node.h:108:42: note: in definition of macro 'NODE_DEPRECATED'
#10 53.61      __attribute__((deprecated(message))) declarator
#10 53.61                                           ^~~~~~~~~~
#10 53.61 In file included from ../src/database.h:10,
#10 53.61                  from ../src/database.cc:4:
#10 53.61 ../node_modules/nan/nan.h: In constructor 'Nan::Utf8String::Utf8String(v8::Local<v8::Value>)':
#10 53.61 ../node_modules/nan/nan.h:890:53: error: no matching function for call to 'v8::Value::ToString()'
#10 53.61        v8::Local<v8::String> string = from->ToString();
#10 53.61                                                      ^
#10 53.61 In file included from /root/.cache/node-gyp/14.21.3/include/node/node.h:67,
#10 53.61                  from ../node_modules/nan/nan.h:47,
#10 53.61                  from ../src/database.h:10,
#10 53.61                  from ../src/database.cc:4:
#10 53.61 /root/.cache/node-gyp/14.21.3/include/node/v8.h:2810:44: note: candidate: 'v8::MaybeLocal<v8::String> v8::Value::ToString(v8::Local<v8::Context>) const'
#10 53.61    V8_WARN_UNUSED_RESULT MaybeLocal<String> ToString(
#10 53.61                                             ^~~~~~~~
#10 53.61 /root/.cache/node-gyp/14.21.3/include/node/v8.h:2810:44: note:   candidate expects 1 argument, 0 provided
#10 53.61 In file included from ../src/database.h:10,
#10 53.61                  from ../src/database.cc:4:
#10 53.61 ../node_modules/nan/nan.h:900:74: error: no matching function for call to 'v8::String::WriteUtf8(char*&, int, int, const int&)'
#10 53.61          length_ = string->WriteUtf8(str_, static_cast<int>(len), 0, flags);
#10 53.61                                                                           ^
#10 53.61 In file included from /root/.cache/node-gyp/14.21.3/include/node/node.h:67,
#10 53.61                  from ../node_modules/nan/nan.h:47,
#10 53.61                  from ../src/database.h:10,
#10 53.61                  from ../src/database.cc:4:
#10 53.61 /root/.cache/node-gyp/14.21.3/include/node/v8.h:3037:7: note: candidate: 'int v8::String::WriteUtf8(v8::Isolate*, char*, int, int*, int) const'
#10 53.61    int WriteUtf8(Isolate* isolate, char* buffer, int length = -1,
#10 53.61        ^~~~~~~~~
#10 53.61 /root/.cache/node-gyp/14.21.3/include/node/v8.h:3037:7: note:   no known conversion for argument 1 from 'char*' to 'v8::Isolate*'
#10 53.61 In file included from ../src/database.h:10,
#10 53.61                  from ../src/database.cc:4:
#10 53.61 ../node_modules/nan/nan.h: In member function 'v8::Local<v8::Value> Nan::Callback::Call_(v8::Isolate*, v8::Local<v8::Object>, int, v8::Local<v8::Value>*) const':
#10 53.61 ../node_modules/nan/nan.h:1453:5: warning: 'v8::Local<v8::Value> node::MakeCallback(v8::Isolate*, v8::Local<v8::Object>, v8::Local<v8::Function>, int, v8::Local<v8::Value>*)' is deprecated: Use MakeCallback(..., async_context) [-Wdeprecated-declarations]
#10 53.61      ));
#10 53.61      ^
#10 53.61 In file included from ../node_modules/nan/nan.h:47,
#10 53.61                  from ../src/database.h:10,
#10 53.61                  from ../src/database.cc:4:
#10 53.61 /root/.cache/node-gyp/14.21.3/include/node/node.h:191:50: note: declared here
#10 53.61                  NODE_EXTERN v8::Local<v8::Value> MakeCallback(
#10 53.61                                                   ^~~~~~~~~~~~
#10 53.61 /root/.cache/node-gyp/14.21.3/include/node/node.h:108:42: note: in definition of macro 'NODE_DEPRECATED'
#10 53.61      __attribute__((deprecated(message))) declarator
#10 53.61                                           ^~~~~~~~~~
#10 53.61 In file included from ../src/database.h:10,
#10 53.61                  from ../src/database.cc:4:
#10 53.61 ../node_modules/nan/nan.h:1453:5: warning: 'v8::Local<v8::Value> node::MakeCallback(v8::Isolate*, v8::Local<v8::Object>, v8::Local<v8::Function>, int, v8::Local<v8::Value>*)' is deprecated: Use MakeCallback(..., async_context) [-Wdeprecated-declarations]
#10 53.61      ));
#10 53.61      ^
#10 53.61 In file included from ../node_modules/nan/nan.h:47,
#10 53.61                  from ../src/database.h:10,
#10 53.61                  from ../src/database.cc:4:
#10 53.61 /root/.cache/node-gyp/14.21.3/include/node/node.h:191:50: note: declared here
#10 53.61                  NODE_EXTERN v8::Local<v8::Value> MakeCallback(
#10 53.61                                                   ^~~~~~~~~~~~
#10 53.61 /root/.cache/node-gyp/14.21.3/include/node/node.h:108:42: note: in definition of macro 'NODE_DEPRECATED'
#10 53.61      __attribute__((deprecated(message))) declarator
#10 53.61                                           ^~~~~~~~~~
#10 53.61 In file included from ../src/database.h:10,
#10 53.61                  from ../src/database.cc:4:
#10 53.61 ../node_modules/nan/nan.h: In member function 'void Nan::AsyncWorker::SaveToPersistent(const char*, const v8::Local<v8::Value>&)':
#10 53.61 ../node_modules/nan/nan.h:1507:64: error: no matching function for call to 'v8::Object::Set(v8::Local<v8::String>, const v8::Local<v8::Value>&)'
#10 53.61      New(persistentHandle)->Set(New(key).ToLocalChecked(), value);
#10 53.61                                                                 ^
#10 53.61 In file included from /root/.cache/node-gyp/14.21.3/include/node/node.h:67,
#10 53.61                  from ../node_modules/nan/nan.h:47,
#10 53.61                  from ../src/database.h:10,
#10 53.61                  from ../src/database.cc:4:
#10 53.61 /root/.cache/node-gyp/14.21.3/include/node/v8.h:3670:37: note: candidate: 'v8::Maybe<bool> v8::Object::Set(v8::Local<v8::Context>, v8::Local<v8::Value>, v8::Local<v8::Value>)'
#10 53.61    V8_WARN_UNUSED_RESULT Maybe<bool> Set(Local<Context> context,
#10 53.61                                      ^~~
#10 53.61 /root/.cache/node-gyp/14.21.3/include/node/v8.h:3670:37: note:   candidate expects 3 arguments, 2 provided
#10 53.61 /root/.cache/node-gyp/14.21.3/include/node/v8.h:3673:37: note: candidate: 'v8::Maybe<bool> v8::Object::Set(v8::Local<v8::Context>, uint32_t, v8::Local<v8::Value>)'
#10 53.61    V8_WARN_UNUSED_RESULT Maybe<bool> Set(Local<Context> context, uint32_t index,
#10 53.61                                      ^~~
#10 53.61 /root/.cache/node-gyp/14.21.3/include/node/v8.h:3673:37: note:   candidate expects 3 arguments, 2 provided
#10 53.61 In file included from ../src/database.h:10,
#10 53.61                  from ../src/database.cc:4:
#10 53.61 ../node_modules/nan/nan.h: In member function 'void Nan::AsyncWorker::SaveToPersistent(const v8::Local<v8::String>&, const v8::Local<v8::Value>&)':
#10 53.61 ../node_modules/nan/nan.h:1513:42: error: no matching function for call to 'v8::Object::Set(const v8::Local<v8::String>&, const v8::Local<v8::Value>&)'
#10 53.61      New(persistentHandle)->Set(key, value);
#10 53.61                                           ^
#10 53.61 In file included from /root/.cache/node-gyp/14.21.3/include/node/node.h:67,
#10 53.61                  from ../node_modules/nan/nan.h:47,
#10 53.61                  from ../src/database.h:10,
#10 53.61                  from ../src/database.cc:4:
#10 53.61 /root/.cache/node-gyp/14.21.3/include/node/v8.h:3670:37: note: candidate: 'v8::Maybe<bool> v8::Object::Set(v8::Local<v8::Context>, v8::Local<v8::Value>, v8::Local<v8::Value>)'
#10 53.61    V8_WARN_UNUSED_RESULT Maybe<bool> Set(Local<Context> context,
#10 53.61                                      ^~~
#10 53.61 /root/.cache/node-gyp/14.21.3/include/node/v8.h:3670:37: note:   candidate expects 3 arguments, 2 provided
#10 53.61 /root/.cache/node-gyp/14.21.3/include/node/v8.h:3673:37: note: candidate: 'v8::Maybe<bool> v8::Object::Set(v8::Local<v8::Context>, uint32_t, v8::Local<v8::Value>)'
#10 53.61    V8_WARN_UNUSED_RESULT Maybe<bool> Set(Local<Context> context, uint32_t index,
#10 53.61                                      ^~~
#10 53.61 /root/.cache/node-gyp/14.21.3/include/node/v8.h:3673:37: note:   candidate expects 3 arguments, 2 provided
#10 53.61 In file included from ../src/database.h:10,
#10 53.61                  from ../src/database.cc:4:
#10 53.61 ../node_modules/nan/nan.h: In member function 'void Nan::AsyncWorker::SaveToPersistent(uint32_t, const v8::Local<v8::Value>&)':
#10 53.61 ../node_modules/nan/nan.h:1519:44: error: no matching function for call to 'v8::Object::Set(uint32_t&, const v8::Local<v8::Value>&)'
#10 53.61      New(persistentHandle)->Set(index, value);
#10 53.61                                             ^
#10 53.61 In file included from /root/.cache/node-gyp/14.21.3/include/node/node.h:67,
#10 53.61                  from ../node_modules/nan/nan.h:47,
#10 53.61                  from ../src/database.h:10,
#10 53.61                  from ../src/database.cc:4:
#10 53.61 /root/.cache/node-gyp/14.21.3/include/node/v8.h:3670:37: note: candidate: 'v8::Maybe<bool> v8::Object::Set(v8::Local<v8::Context>, v8::Local<v8::Value>, v8::Local<v8::Value>)'
#10 53.61    V8_WARN_UNUSED_RESULT Maybe<bool> Set(Local<Context> context,
#10 53.61                                      ^~~
#10 53.61 /root/.cache/node-gyp/14.21.3/include/node/v8.h:3670:37: note:   candidate expects 3 arguments, 2 provided
#10 53.61 /root/.cache/node-gyp/14.21.3/include/node/v8.h:3673:37: note: candidate: 'v8::Maybe<bool> v8::Object::Set(v8::Local<v8::Context>, uint32_t, v8::Local<v8::Value>)'
#10 53.61    V8_WARN_UNUSED_RESULT Maybe<bool> Set(Local<Context> context, uint32_t index,
#10 53.61                                      ^~~
#10 53.61 /root/.cache/node-gyp/14.21.3/include/node/v8.h:3673:37: note:   candidate expects 3 arguments, 2 provided
#10 53.61 In file included from ../src/database.h:10,
#10 53.61                  from ../src/database.cc:4:
#10 53.61 ../node_modules/nan/nan.h: In member function 'v8::Local<v8::Value> Nan::AsyncWorker::GetFromPersistent(const char*) const':
#10 53.61 ../node_modules/nan/nan.h:1525:61: error: no matching function for call to 'v8::Object::Get(v8::Local<v8::String>)'
#10 53.61          New(persistentHandle)->Get(New(key).ToLocalChecked()));
#10 53.61                                                              ^
#10 53.61 In file included from /root/.cache/node-gyp/14.21.3/include/node/node.h:67,
#10 53.61                  from ../node_modules/nan/nan.h:47,
#10 53.61                  from ../src/database.h:10,
#10 53.61                  from ../src/database.cc:4:
#10 53.61 /root/.cache/node-gyp/14.21.3/include/node/v8.h:3717:43: note: candidate: 'v8::MaybeLocal<v8::Value> v8::Object::Get(v8::Local<v8::Context>, v8::Local<v8::Value>)'
#10 53.61    V8_WARN_UNUSED_RESULT MaybeLocal<Value> Get(Local<Context> context,
#10 53.61                                            ^~~
#10 53.61 /root/.cache/node-gyp/14.21.3/include/node/v8.h:3717:43: note:   candidate expects 2 arguments, 1 provided
#10 53.61 /root/.cache/node-gyp/14.21.3/include/node/v8.h:3720:43: note: candidate: 'v8::MaybeLocal<v8::Value> v8::Object::Get(v8::Local<v8::Context>, uint32_t)'
#10 53.61    V8_WARN_UNUSED_RESULT MaybeLocal<Value> Get(Local<Context> context,
#10 53.61                                            ^~~
#10 53.61 /root/.cache/node-gyp/14.21.3/include/node/v8.h:3720:43: note:   candidate expects 2 arguments, 1 provided
#10 53.61 In file included from ../src/database.h:10,
#10 53.61                  from ../src/database.cc:4:
#10 53.61 ../node_modules/nan/nan.h: In member function 'v8::Local<v8::Value> Nan::AsyncWorker::GetFromPersistent(const v8::Local<v8::String>&) const':
#10 53.61 ../node_modules/nan/nan.h:1531:55: error: no matching function for call to 'v8::Object::Get(const v8::Local<v8::String>&)'
#10 53.61      return scope.Escape(New(persistentHandle)->Get(key));
#10 53.61                                                        ^
#10 53.61 In file included from /root/.cache/node-gyp/14.21.3/include/node/node.h:67,
#10 53.61                  from ../node_modules/nan/nan.h:47,
#10 53.61                  from ../src/database.h:10,
#10 53.61                  from ../src/database.cc:4:
#10 53.61 /root/.cache/node-gyp/14.21.3/include/node/v8.h:3717:43: note: candidate: 'v8::MaybeLocal<v8::Value> v8::Object::Get(v8::Local<v8::Context>, v8::Local<v8::Value>)'
#10 53.61    V8_WARN_UNUSED_RESULT MaybeLocal<Value> Get(Local<Context> context,
#10 53.61                                            ^~~
#10 53.61 /root/.cache/node-gyp/14.21.3/include/node/v8.h:3717:43: note:   candidate expects 2 arguments, 1 provided
#10 53.61 /root/.cache/node-gyp/14.21.3/include/node/v8.h:3720:43: note: candidate: 'v8::MaybeLocal<v8::Value> v8::Object::Get(v8::Local<v8::Context>, uint32_t)'
#10 53.61    V8_WARN_UNUSED_RESULT MaybeLocal<Value> Get(Local<Context> context,
#10 53.61                                            ^~~
#10 53.61 /root/.cache/node-gyp/14.21.3/include/node/v8.h:3720:43: note:   candidate expects 2 arguments, 1 provided
#10 53.61 In file included from ../src/database.h:10,
#10 53.61                  from ../src/database.cc:4:
#10 53.61 ../node_modules/nan/nan.h: In member function 'v8::Local<v8::Value> Nan::AsyncWorker::GetFromPersistent(uint32_t) const':
#10 53.61 ../node_modules/nan/nan.h:1536:57: error: no matching function for call to 'v8::Object::Get(uint32_t&)'
#10 53.61      return scope.Escape(New(persistentHandle)->Get(index));
#10 53.61                                                          ^
#10 53.61 In file included from /root/.cache/node-gyp/14.21.3/include/node/node.h:67,
#10 53.61                  from ../node_modules/nan/nan.h:47,
#10 53.61                  from ../src/database.h:10,
#10 53.61                  from ../src/database.cc:4:
#10 53.61 /root/.cache/node-gyp/14.21.3/include/node/v8.h:3717:43: note: candidate: 'v8::MaybeLocal<v8::Value> v8::Object::Get(v8::Local<v8::Context>, v8::Local<v8::Value>)'
#10 53.61    V8_WARN_UNUSED_RESULT MaybeLocal<Value> Get(Local<Context> context,
#10 53.61                                            ^~~
#10 53.61 /root/.cache/node-gyp/14.21.3/include/node/v8.h:3717:43: note:   candidate expects 2 arguments, 1 provided
#10 53.61 /root/.cache/node-gyp/14.21.3/include/node/v8.h:3720:43: note: candidate: 'v8::MaybeLocal<v8::Value> v8::Object::Get(v8::Local<v8::Context>, uint32_t)'
#10 53.61    V8_WARN_UNUSED_RESULT MaybeLocal<Value> Get(Local<Context> context,
#10 53.61                                            ^~~
#10 53.61 /root/.cache/node-gyp/14.21.3/include/node/v8.h:3720:43: note:   candidate expects 2 arguments, 1 provided
#10 53.62 In file included from ../src/database.h:10,
#10 53.62                  from ../src/database.cc:4:
#10 53.62 ../node_modules/nan/nan.h: In function 'void Nan::AsyncQueueWorker(Nan::AsyncWorker*)':
#10 53.62 ../node_modules/nan/nan.h:1704:62: warning: cast between incompatible function types from 'void (*)(uv_work_t*)' {aka 'void (*)(uv_work_s*)'} to 'uv_after_work_cb' {aka 'void (*)(uv_work_s*, int)'} [-Wcast-function-type]
#10 53.62      , reinterpret_cast<uv_after_work_cb>(AsyncExecuteComplete)
#10 53.62                                                               ^
#10 53.62 In file included from ../node_modules/nan/nan.h:2190,
#10 53.62                  from ../src/database.h:10,
#10 53.62                  from ../src/database.cc:4:
#10 53.62 ../node_modules/nan/nan_object_wrap.h: In member function 'void Nan::ObjectWrap::MakeWeak()':
#10 53.62 ../node_modules/nan/nan_object_wrap.h:67:18: error: 'class Nan::Persistent<v8::Object>' has no member named 'MarkIndependent'
#10 53.62      persistent().MarkIndependent();
#10 53.62                   ^~~~~~~~~~~~~~~
#10 53.64 In file included from ../src/database.cc:3:
#10 53.64 ../src/database.cc: In member function 'void node_sqlite3::Database::Process()':
#10 53.64 ../src/macros.h:91:13: error: no matching function for call to 'v8::String::Concat(v8::Local<v8::String>, v8::Local<v8::String>)'
#10 53.64              ),                                                                 \
#10 53.64              ^
#10 53.64 ../src/database.cc:40:9: note: in expansion of macro 'EXCEPTION'
#10 53.64          EXCEPTION(Nan::New("Database handle is closed").ToLocalChecked(), SQLITE_MISUSE, exception);
#10 53.64          ^~~~~~~~~
#10 53.64 In file included from /root/.cache/node-gyp/14.21.3/include/node/node.h:67,
#10 53.64                  from ../node_modules/nan/nan.h:47,
#10 53.64                  from ../src/database.h:10,
#10 53.64                  from ../src/database.cc:4:
#10 53.64 /root/.cache/node-gyp/14.21.3/include/node/v8.h:3221:24: note: candidate: 'static v8::Local<v8::String> v8::String::Concat(v8::Isolate*, v8::Local<v8::String>, v8::Local<v8::String>)'
#10 53.64    static Local<String> Concat(Isolate* isolate, Local<String> left,
#10 53.64                         ^~~~~~
#10 53.64 /root/.cache/node-gyp/14.21.3/include/node/v8.h:3221:24: note:   candidate expects 3 arguments, 2 provided
#10 53.64 In file included from ../src/database.cc:3:
#10 53.64 ../src/database.cc: In member function 'void node_sqlite3::Database::Schedule(node_sqlite3::Database::Work_Callback, node_sqlite3::Database::Baton*, bool)':
#10 53.64 ../src/macros.h:91:13: error: no matching function for call to 'v8::String::Concat(v8::Local<v8::String>, v8::Local<v8::String>)'
#10 53.64              ),                                                                 \
#10 53.64              ^
#10 53.64 ../src/database.cc:88:9: note: in expansion of macro 'EXCEPTION'
#10 53.64          EXCEPTION(Nan::New("Database is closed").ToLocalChecked(), SQLITE_MISUSE, exception);
#10 53.64          ^~~~~~~~~
#10 53.64 In file included from /root/.cache/node-gyp/14.21.3/include/node/node.h:67,
#10 53.64                  from ../node_modules/nan/nan.h:47,
#10 53.64                  from ../src/database.h:10,
#10 53.64                  from ../src/database.cc:4:
#10 53.64 /root/.cache/node-gyp/14.21.3/include/node/v8.h:3221:24: note: candidate: 'static v8::Local<v8::String> v8::String::Concat(v8::Isolate*, v8::Local<v8::String>, v8::Local<v8::String>)'
#10 53.64    static Local<String> Concat(Isolate* isolate, Local<String> left,
#10 53.64                         ^~~~~~
#10 53.64 /root/.cache/node-gyp/14.21.3/include/node/v8.h:3221:24: note:   candidate expects 3 arguments, 2 provided
#10 53.64 ../src/database.cc: In static member function 'static Nan::NAN_METHOD_RETURN_TYPE node_sqlite3::Database::New(Nan::NAN_METHOD_ARGS_TYPE)':
#10 53.64 ../src/database.cc:133:18: error: 'class v8::Object' has no member named 'ForceSet'
#10 53.64      info.This()->ForceSet(Nan::New("filename").ToLocalChecked(), info[0].As<String>(), ReadOnly);
#10 53.64                   ^~~~~~~~
#10 53.64 ../src/database.cc:134:18: error: 'class v8::Object' has no member named 'ForceSet'
#10 53.64      info.This()->ForceSet(Nan::New("mode").ToLocalChecked(), Nan::New(mode), ReadOnly);
#10 53.64                   ^~~~~~~~
#10 53.64 ../src/database.cc: In static member function 'static void node_sqlite3::Database::Work_BeginOpen(node_sqlite3::Database::Baton*)':
#10 53.64 ../src/database.cc:145:55: warning: cast between incompatible function types from 'void (*)(uv_work_t*)' {aka 'void (*)(uv_work_s*)'} to 'uv_after_work_cb' {aka 'void (*)(uv_work_s*, int)'} [-Wcast-function-type]
#10 53.64          &baton->request, Work_Open, (uv_after_work_cb)Work_AfterOpen);
#10 53.64                                                        ^~~~~~~~~~~~~~
#10 53.64 ../src/database.cc:144:9: warning: unused variable 'status' [-Wunused-variable]
#10 53.64      int status = uv_queue_work(uv_default_loop(),
#10 53.64          ^~~~~~
#10 53.65 In file included from ../src/database.cc:3:
#10 53.65 ../src/database.cc: In static member function 'static void node_sqlite3::Database::Work_AfterOpen(uv_work_t*)':
#10 53.65 ../src/macros.h:91:13: error: no matching function for call to 'v8::String::Concat(v8::Local<v8::String>, v8::Local<v8::String>)'
#10 53.65              ),                                                                 \
#10 53.65              ^
#10 53.65 ../src/database.cc:179:9: note: in expansion of macro 'EXCEPTION'
#10 53.65          EXCEPTION(Nan::New(baton->message.c_str()).ToLocalChecked(), baton->status, exception);
#10 53.65          ^~~~~~~~~
#10 53.65 In file included from /root/.cache/node-gyp/14.21.3/include/node/node.h:67,
#10 53.65                  from ../node_modules/nan/nan.h:47,
#10 53.65                  from ../src/database.h:10,
#10 53.65                  from ../src/database.cc:4:
#10 53.65 /root/.cache/node-gyp/14.21.3/include/node/v8.h:3221:24: note: candidate: 'static v8::Local<v8::String> v8::String::Concat(v8::Isolate*, v8::Local<v8::String>, v8::Local<v8::String>)'
#10 53.65    static Local<String> Concat(Isolate* isolate, Local<String> left,
#10 53.65                         ^~~~~~
#10 53.65 /root/.cache/node-gyp/14.21.3/include/node/v8.h:3221:24: note:   candidate expects 3 arguments, 2 provided
#10 53.65 ../src/database.cc: In static member function 'static void node_sqlite3::Database::Work_BeginClose(node_sqlite3::Database::Baton*)':
#10 53.65 ../src/database.cc:231:56: warning: cast between incompatible function types from 'void (*)(uv_work_t*)' {aka 'void (*)(uv_work_s*)'} to 'uv_after_work_cb' {aka 'void (*)(uv_work_s*, int)'} [-Wcast-function-type]
#10 53.65          &baton->request, Work_Close, (uv_after_work_cb)Work_AfterClose);
#10 53.65                                                         ^~~~~~~~~~~~~~~
#10 53.65 ../src/database.cc:230:9: warning: unused variable 'status' [-Wunused-variable]
#10 53.65      int status = uv_queue_work(uv_default_loop(),
#10 53.65          ^~~~~~
#10 53.65 In file included from ../src/database.cc:3:
#10 53.65 ../src/database.cc: In static member function 'static void node_sqlite3::Database::Work_AfterClose(uv_work_t*)':
#10 53.65 ../src/macros.h:91:13: error: no matching function for call to 'v8::String::Concat(v8::Local<v8::String>, v8::Local<v8::String>)'
#10 53.65              ),                                                                 \
#10 53.65              ^
#10 53.65 ../src/database.cc:259:9: note: in expansion of macro 'EXCEPTION'
#10 53.65          EXCEPTION(Nan::New(baton->message.c_str()).ToLocalChecked(), baton->status, exception);
#10 53.65          ^~~~~~~~~
#10 53.65 In file included from /root/.cache/node-gyp/14.21.3/include/node/node.h:67,
#10 53.65                  from ../node_modules/nan/nan.h:47,
#10 53.65                  from ../src/database.h:10,
#10 53.65                  from ../src/database.cc:4:
#10 53.65 /root/.cache/node-gyp/14.21.3/include/node/v8.h:3221:24: note: candidate: 'static v8::Local<v8::String> v8::String::Concat(v8::Isolate*, v8::Local<v8::String>, v8::Local<v8::String>)'
#10 53.65    static Local<String> Concat(Isolate* isolate, Local<String> left,
#10 53.65                         ^~~~~~
#10 53.65 /root/.cache/node-gyp/14.21.3/include/node/v8.h:3221:24: note:   candidate expects 3 arguments, 2 provided
#10 53.65 ../src/database.cc: In static member function 'static Nan::NAN_METHOD_RETURN_TYPE node_sqlite3::Database::Configure(Nan::NAN_METHOD_ARGS_TYPE)':
#10 53.65 ../src/database.cc:351:9: error: no matching function for call to 'v8::String::Concat(v8::Local<v8::String>, v8::Local<v8::String>)'
#10 53.65          )));
#10 53.65          ^
#10 53.65 In file included from /root/.cache/node-gyp/14.21.3/include/node/node.h:67,
#10 53.65                  from ../node_modules/nan/nan.h:47,
#10 53.65                  from ../src/database.h:10,
#10 53.65                  from ../src/database.cc:4:
#10 53.65 /root/.cache/node-gyp/14.21.3/include/node/v8.h:3221:24: note: candidate: 'static v8::Local<v8::String> v8::String::Concat(v8::Isolate*, v8::Local<v8::String>, v8::Local<v8::String>)'
#10 53.65    static Local<String> Concat(Isolate* isolate, Local<String> left,
#10 53.65                         ^~~~~~
#10 53.65 /root/.cache/node-gyp/14.21.3/include/node/v8.h:3221:24: note:   candidate expects 3 arguments, 2 provided
#10 53.65 ../src/database.cc:351:11: error: return-statement with a value, in function returning 'Nan::NAN_METHOD_RETURN_TYPE' {aka 'void'} [-fpermissive]
#10 53.65          )));
#10 53.65            ^
#10 53.65 make: *** [node_sqlite3.target.mk:133: Release/obj.target/node_sqlite3/src/database.o] Error 1
#10 53.65 make: Leaving directory '/usr/src/app/node_modules/sqlite3/build'
#10 53.65 gyp ERR! build error 
#10 53.65 gyp ERR! stack Error: `make` failed with exit code: 2
#10 53.65 gyp ERR! stack     at ChildProcess.onExit (/usr/local/lib/node_modules/npm/node_modules/node-gyp/lib/build.js:194:23)
#10 53.65 gyp ERR! stack     at ChildProcess.emit (events.js:400:28)
#10 53.65 gyp ERR! stack     at Process.ChildProcess._handle.onexit (internal/child_process.js:285:12)
#10 53.65 gyp ERR! System Linux 5.14.0-427.20.1.el9_4.x86_64
#10 53.65 gyp ERR! command "/usr/local/bin/node" "/usr/local/lib/node_modules/npm/node_modules/node-gyp/bin/node-gyp.js" "build" "--fallback-to-build" "--module=/usr/src/app/node_modules/sqlite3/lib/binding/node-v83-linux-x64/node_sqlite3.node" "--module_name=node_sqlite3" "--module_path=/usr/src/app/node_modules/sqlite3/lib/binding/node-v83-linux-x64"
#10 53.65 gyp ERR! cwd /usr/src/app/node_modules/sqlite3
#10 53.65 gyp ERR! node -v v14.21.3
#10 53.65 gyp ERR! node-gyp -v v5.1.1
#10 53.65 gyp ERR! not ok 
#10 53.65 node-pre-gyp ERR! build error 
#10 53.65 node-pre-gyp ERR! stack Error: Failed to execute '/usr/local/bin/node /usr/local/lib/node_modules/npm/node_modules/node-gyp/bin/node-gyp.js build --fallback-to-build --module=/usr/src/app/node_modules/sqlite3/lib/binding/node-v83-linux-x64/node_sqlite3.node --module_name=node_sqlite3 --module_path=/usr/src/app/node_modules/sqlite3/lib/binding/node-v83-linux-x64' (1)
#10 53.65 node-pre-gyp ERR! stack     at ChildProcess.<anonymous> (/usr/src/app/node_modules/node-pre-gyp/lib/util/compile.js:83:29)
#10 53.65 node-pre-gyp ERR! stack     at ChildProcess.emit (events.js:400:28)
#10 53.65 node-pre-gyp ERR! stack     at maybeClose (internal/child_process.js:1088:16)
#10 53.65 node-pre-gyp ERR! stack     at Process.ChildProcess._handle.onexit (internal/child_process.js:296:5)
#10 53.66 node-pre-gyp ERR! System Linux 5.14.0-427.20.1.el9_4.x86_64
#10 53.66 node-pre-gyp ERR! command "/usr/local/bin/node" "/usr/src/app/node_modules/.bin/node-pre-gyp" "install" "--fallback-to-build"
#10 53.66 node-pre-gyp ERR! cwd /usr/src/app/node_modules/sqlite3
#10 53.66 node-pre-gyp ERR! node -v v14.21.3
#10 53.66 node-pre-gyp ERR! node-pre-gyp -v v0.6.39
#10 53.66 node-pre-gyp ERR! not ok 
#10 53.66 Failed to execute '/usr/local/bin/node /usr/local/lib/node_modules/npm/node_modules/node-gyp/bin/node-gyp.js build --fallback-to-build --module=/usr/src/app/node_modules/sqlite3/lib/binding/node-v83-linux-x64/node_sqlite3.node --module_name=node_sqlite3 --module_path=/usr/src/app/node_modules/sqlite3/lib/binding/node-v83-linux-x64' (1)
#10 53.66 ../src/database.cc: In static member function 'static void node_sqlite3::Database::Work_BeginExec(node_sqlite3::Database::Baton*)':
#10 53.66 ../src/database.cc:526:55: warning: cast between incompatible function types from 'void (*)(uv_work_t*)' {aka 'void (*)(uv_work_s*)'} to 'uv_after_work_cb' {aka 'void (*)(uv_work_s*, int)'} [-Wcast-function-type]
#10 53.66          &baton->request, Work_Exec, (uv_after_work_cb)Work_AfterExec);
#10 53.66                                                        ^~~~~~~~~~~~~~
#10 53.66 ../src/database.cc:525:9: warning: unused variable 'status' [-Wunused-variable]
#10 53.66      int status = uv_queue_work(uv_default_loop(),
#10 53.66          ^~~~~~
#10 53.66 In file included from ../src/database.cc:3:
#10 53.66 ../src/database.cc: In static member function 'static void node_sqlite3::Database::Work_AfterExec(uv_work_t*)':
#10 53.66 ../src/macros.h:91:13: error: no matching function for call to 'v8::String::Concat(v8::Local<v8::String>, v8::Local<v8::String>)'
#10 53.66              ),                                                                 \
#10 53.66              ^
#10 53.66 ../src/database.cc:557:9: note: in expansion of macro 'EXCEPTION'
#10 53.66          EXCEPTION(Nan::New(baton->message.c_str()).ToLocalChecked(), baton->status, exception);
#10 53.66          ^~~~~~~~~
#10 53.66 In file included from /root/.cache/node-gyp/14.21.3/include/node/node.h:67,
#10 53.66                  from ../node_modules/nan/nan.h:47,
#10 53.66                  from ../src/database.h:10,
#10 53.66                  from ../src/database.cc:4:
#10 53.66 /root/.cache/node-gyp/14.21.3/include/node/v8.h:3221:24: note: candidate: 'static v8::Local<v8::String> v8::String::Concat(v8::Isolate*, v8::Local<v8::String>, v8::Local<v8::String>)'
#10 53.66    static Local<String> Concat(Isolate* isolate, Local<String> left,
#10 53.66                         ^~~~~~
#10 53.66 /root/.cache/node-gyp/14.21.3/include/node/v8.h:3221:24: note:   candidate expects 3 arguments, 2 provided
#10 53.66 ../src/database.cc: In static member function 'static void node_sqlite3::Database::Work_BeginLoadExtension(node_sqlite3::Database::Baton*)':
#10 53.66 ../src/database.cc:626:104: warning: cast between incompatible function types from 'void (*)(uv_work_t*)' {aka 'void (*)(uv_work_s*)'} to 'uv_after_work_cb' {aka 'void (*)(uv_work_s*, int)'} [-Wcast-function-type]
#10 53.66          &baton->request, Work_LoadExtension, reinterpret_cast<uv_after_work_cb>(Work_AfterLoadExtension));
#10 53.66                                                                                                         ^
#10 53.66 ../src/database.cc:625:9: warning: unused variable 'status' [-Wunused-variable]
#10 53.66      int status = uv_queue_work(uv_default_loop(),
#10 53.66          ^~~~~~
#10 53.66 In file included from ../src/database.cc:3:
#10 53.66 ../src/database.cc: In static member function 'static void node_sqlite3::Database::Work_AfterLoadExtension(uv_work_t*)':
#10 53.66 ../src/macros.h:91:13: error: no matching function for call to 'v8::String::Concat(v8::Local<v8::String>, v8::Local<v8::String>)'
#10 53.66              ),                                                                 \
#10 53.66              ^
#10 53.66 ../src/database.cc:659:9: note: in expansion of macro 'EXCEPTION'
#10 53.66          EXCEPTION(Nan::New(baton->message.c_str()).ToLocalChecked(), baton->status, exception);
#10 53.66          ^~~~~~~~~
#10 53.66 In file included from /root/.cache/node-gyp/14.21.3/include/node/node.h:67,
#10 53.66                  from ../node_modules/nan/nan.h:47,
#10 53.66                  from ../src/database.h:10,
#10 53.66                  from ../src/database.cc:4:
#10 53.66 /root/.cache/node-gyp/14.21.3/include/node/v8.h:3221:24: note: candidate: 'static v8::Local<v8::String> v8::String::Concat(v8::Isolate*, v8::Local<v8::String>, v8::Local<v8::String>)'
#10 53.66    static Local<String> Concat(Isolate* isolate, Local<String> left,
#10 53.66                         ^~~~~~
#10 53.66 /root/.cache/node-gyp/14.21.3/include/node/v8.h:3221:24: note:   candidate expects 3 arguments, 2 provided
#10 53.68 In file included from ../src/database.h:12,
#10 53.68                  from ../src/database.cc:4:
#10 53.68 ../src/async.h: In instantiation of 'Async<Item, Parent>::Async(Parent*, Async<Item, Parent>::Callback) [with Item = std::__cxx11::basic_string<char>; Parent = node_sqlite3::Database; Async<Item, Parent>::Callback = void (*)(node_sqlite3::Database*, std::__cxx11::basic_string<char>*)]':
#10 53.68 ../src/database.cc:391:59:   required from here
#10 53.68 ../src/async.h:29:52: warning: cast between incompatible function types from 'void (*)(uv_async_t*, int)' {aka 'void (*)(uv_async_s*, int)'} to 'uv_async_cb' {aka 'void (*)(uv_async_s*)'} [-Wcast-function-type]
#10 53.68          uv_async_init(uv_default_loop(), &watcher, reinterpret_cast<uv_async_cb>(listener));
#10 53.68                                                     ^~~~~~~~~~~~~~~~~~~~~~~~~~~~~~~~~~~~~~~
#10 53.68 ../src/async.h: In instantiation of 'Async<Item, Parent>::Async(Parent*, Async<Item, Parent>::Callback) [with Item = node_sqlite3::Database::ProfileInfo; Parent = node_sqlite3::Database; Async<Item, Parent>::Callback = void (*)(node_sqlite3::Database*, node_sqlite3::Database::ProfileInfo*)]':
#10 53.68 ../src/database.cc:429:65:   required from here
#10 53.68 ../src/async.h:29:52: warning: cast between incompatible function types from 'void (*)(uv_async_t*, int)' {aka 'void (*)(uv_async_s*, int)'} to 'uv_async_cb' {aka 'void (*)(uv_async_s*)'} [-Wcast-function-type]
#10 53.69 ../src/async.h: In instantiation of 'Async<Item, Parent>::Async(Parent*, Async<Item, Parent>::Callback) [with Item = node_sqlite3::Database::UpdateInfo; Parent = node_sqlite3::Database; Async<Item, Parent>::Callback = void (*)(node_sqlite3::Database*, node_sqlite3::Database::UpdateInfo*)]':
#10 53.69 ../src/database.cc:470:62:   required from here
#10 53.69 ../src/async.h:29:52: warning: cast between incompatible function types from 'void (*)(uv_async_t*, int)' {aka 'void (*)(uv_async_s*, int)'} to 'uv_async_cb' {aka 'void (*)(uv_async_s*)'} [-Wcast-function-type]
#10 53.76 ../src/database.cc: At global scope:
#10 53.76 ../src/database.cc:689:1: fatal error: opening dependency file ./Release/.deps/Release/obj.target/node_sqlite3/src/database.o.d.raw: No such file or directory
#10 53.76  }
#10 53.76  ^
#10 53.76 compilation terminated.
#10 53.77 make: *** [node_sqlite3.target.mk:133: Release/obj.target/node_sqlite3/src/database.o] Error 1
#10 53.77 make: Leaving directory '/usr/src/app/node_modules/sqlite3/build'
#10 53.77 gyp ERR! build error 
#10 53.77 gyp ERR! stack Error: `make` failed with exit code: 2
#10 53.77 gyp ERR! stack     at ChildProcess.onExit (/usr/local/lib/node_modules/npm/node_modules/node-gyp/lib/build.js:194:23)
#10 53.77 gyp ERR! stack     at ChildProcess.emit (events.js:400:28)
#10 53.77 gyp ERR! stack     at Process.ChildProcess._handle.onexit (internal/child_process.js:285:12)
#10 53.77 gyp ERR! System Linux 5.14.0-427.20.1.el9_4.x86_64
#10 53.77 gyp ERR! command "/usr/local/bin/node" "/usr/local/lib/node_modules/npm/node_modules/node-gyp/bin/node-gyp.js" "build" "--fallback-to-build" "--module=/usr/src/app/node_modules/sqlite3/lib/binding/node-v83-linux-x64/node_sqlite3.node" "--module_name=node_sqlite3" "--module_path=/usr/src/app/node_modules/sqlite3/lib/binding/node-v83-linux-x64"
#10 53.77 gyp ERR! cwd /usr/src/app/node_modules/sqlite3
#10 53.77 gyp ERR! node -v v14.21.3
#10 53.77 gyp ERR! node-gyp -v v5.1.1
#10 53.77 gyp ERR! not ok 
#10 54.03 npm WARN optional SKIPPING OPTIONAL DEPENDENCY: ed25519@0.0.4 (node_modules/ed25519):
#10 54.03 npm WARN optional SKIPPING OPTIONAL DEPENDENCY: ed25519@0.0.4 install: `node-gyp rebuild`
#10 54.03 npm WARN optional SKIPPING OPTIONAL DEPENDENCY: Exit status 1
#10 54.03 
#10 54.05 npm ERR! code ELIFECYCLE
#10 54.05 npm ERR! errno 1
#10 54.05 npm ERR! sqlite3@3.1.8 install: `node-pre-gyp install --fallback-to-build`
#10 54.05 npm ERR! Exit status 1
#10 54.06 npm ERR! 
#10 54.06 npm ERR! Failed at the sqlite3@3.1.8 install script.
#10 54.06 npm ERR! This is probably not a problem with npm. There is likely additional logging output above.
#10 54.08 
#10 54.08 npm ERR! A complete log of this run can be found in:
#10 54.08 npm ERR!     /root/.npm/_logs/2024-08-01T01_15_13_960Z-debug.log
#10 ERROR: process "/bin/sh -c npm install" did not complete successfully: exit code: 1
------
 > [5/6] RUN npm install:
54.05 npm ERR! code ELIFECYCLE
54.05 npm ERR! errno 1
54.05 npm ERR! sqlite3@3.1.8 install: `node-pre-gyp install --fallback-to-build`
54.05 npm ERR! Exit status 1
54.06 npm ERR! 
54.06 npm ERR! Failed at the sqlite3@3.1.8 install script.
54.06 npm ERR! This is probably not a problem with npm. There is likely additional logging output above.
54.08 
54.08 npm ERR! A complete log of this run can be found in:
54.08 npm ERR!     /root/.npm/_logs/2024-08-01T01_15_13_960Z-debug.log
------
v1_Dockerfile:8
--------------------
   6 |     
   7 |     COPY package*.json ./
   8 | >>> RUN npm install
   9 |     
  10 |     COPY . .
--------------------
ERROR: failed to solve: process "/bin/sh -c npm install" did not complete successfully: exit code: 1
Duration: 1:18.38