
Below is the flaky Dockerfile:

# Dockerfile
```FROM node:14-alpine

COPY . /src

RUN npm install -g npm
WORKDIR /src
RUN npm install 
RUN npm -w bids-validator run build
RUN npm -w bids-validator pack
RUN npm install -g bids-validator-*.tgz

ENTRYPOINT ["/usr/local/bin/bids-validator"]
```

And below is the build error that occurred when trying to build the Dockerfile:
# Build Error
```> [5/8] RUN npm install:
ERROR: npm v10.is known not to run on Node.js v14.21.3.  This version of npm supports the following node versions: `^18.|| >=20.5.0`. You can find the latest version at https://nodejs.org/.
ERROR:
/usr/local/lib/node_modules/npm/lib/utils/error-message.js:11
  er.message &&= replaceInfo(er.message)
             ^^^
SyntaxError: Unexpected token '&&='
    at wrapSafe (internal/modules/cjs/loader.js:1029:16)
    at Module._compile (internal/modules/cjs/loader.js:1078:27)
    at Object.Module._extensions..js (internal/modules/cjs/loader.js:1143:10)
    at Module.load (internal/modules/cjs/loader.js:979:32)
    at Function.Module._load (internal/modules/cjs/loader.js:819:12)
    at Module.require (internal/modules/cjs/loader.js:1003:19)
    at require (internal/modules/cjs/helpers.js:107:18)
    at Object.<anonymous> (/usr/local/lib/node_modules/npm/lib/cli/exit-handler.js:2:48)
    at Module._compile (internal/modules/cjs/loader.js:1114:14)
    at Object.Module._extensions..js (internal/modules/cjs/loader.js:1143:10)
ERROR: process "/bin/sh -c npm install" did not complete successfully: exit code: 1```

Below are a few examples of dockerfiles and their build errors alongside their repairs. These examples are provided to help you understand the task better.

# Example 1
## Example Dockerfile
```FROM lavoweb/php-7.3:composer

# Add MySQLi
RUN docker-php-ext-install mysqli

# Add Chromium browser to enable pdf creation
RUN apt-get --allow-releaseinfo-change update && apt install -y --no-install-recommends \
    chromium \
    git
RUN rm -rf /var/cache/apk/* \
    rm -rf /tmp/*

# Add default theme
RUN mkdir -p themes/margot \
    && curl -o - -sSL https://github.com/YesWiki/yeswiki-theme-margot/archive/master.tar.gz \
        | tar xzfv - --strip-components 1 -C themes/margot

# Composer
RUN curl -sS https://getcomposer.org/installer | php -- --install-dir=/usr/local/bin --filename=composer

# Node & NPM & Yarn
RUN curl -sL https://deb.nodesource.com/setup_14.x  | bash -
RUN apt-get install -y --no-install-recommends nodejs
RUN curl -L https://npmjs.org/install.sh | sh
RUN npm install -g yarn


```

## Example Build Error
```> [ 9/10] RUN curl -L https://npmjs.org/install.sh | sh:
ERROR: npm v10.is known not to run on Node.js v14.21.3.  This version of npm supports the following node versions: `^18.|| >=20.5.0`. You can find the latest version at https://nodejs.org/.
ERROR:
/tmp/npm.15/package/node_modules/@npmcli/agent/lib/agents.js:105
    options.lookup ??= this.#options.lookup
                   ^^^
SyntaxError: Unexpected token '??='
    at wrapSafe (internal/modules/cjs/loader.js:1029:16)
    at Module._compile (internal/modules/cjs/loader.js:1078:27)
    at Object.Module._extensions..js (internal/modules/cjs/loader.js:1143:10)
    at Module.load (internal/modules/cjs/loader.js:979:32)
    at Function.Module._load (internal/modules/cjs/loader.js:819:12)
    at Module.require (internal/modules/cjs/loader.js:1003:19)
    at require (internal/modules/cjs/helpers.js:107:18)
    at Object.<anonymous> (/tmp/npm.15/package/node_modules/@npmcli/agent/lib/index.js:7:15)
    at Module._compile (internal/modules/cjs/loader.js:1114:14)
    at Object.Module._extensions..js (internal/modules/cjs/loader.js:1143:10)
failed!
ERROR: process "/bin/sh -c curl -L https://npmjs.org/install.sh | sh" did not complete successfully: exit code: 1```

## Example Repair

### Repair 1
```FROM lavoweb/php-7.3:composer

# Add MySQLi
RUN docker-php-ext-install mysqli

# Add Chromium browser to enable pdf creation
RUN apt-get --allow-releaseinfo-change update && apt install -y --no-install-recommends \
    chromium \
    git
RUN rm -rf /var/cache/apk/* \
    rm -rf /tmp/*

# Add default theme
RUN mkdir -p themes/margot \
    && curl -o - -sSL https://github.com/YesWiki/yeswiki-theme-margot/archive/master.tar.gz \
        | tar xzfv - --strip-components 1 -C themes/margot

# Composer
RUN curl -sS https://getcomposer.org/installer | php -- --install-dir=/usr/local/bin --filename=composer

# Node & NPM & Yarn
RUN curl -sL https://deb.nodesource.com/setup_18.x | bash -
RUN apt-get install -y --no-install-recommends nodejs
RUN curl -L https://npmjs.org/install.sh | sh
RUN npm install -g yarn

```


# Example 2
## Example Dockerfile
```FROM node:16-alpine as ts-builder
WORKDIR /app
COPY . /app
RUN npm i -g npm && npm ci --ignore-scripts && npm run build

FROM node:16-alpine as dep-builder
WORKDIR /app
COPY package.json package-lock.json /app/
COPY tools /app/tools
RUN apk add --no-cache --update build-base python3
COPY --from=ts-builder /app/dist /app/dist
RUN npm i -g npm && npm ci && node tools/minify-docker.js && sh tools/clean-nm.sh

FROM node:16-alpine as app
WORKDIR /app
ENV NODE_PRODUCTION true
COPY data /app/data
COPY logs /app/logs
COPY package.json /app/package.json
COPY --from=ts-builder /app/dist /app/dist
COPY --from=dep-builder /app/node_modules-minimal/node_modules /app/node_modules
CMD npm run start-docker

```

## Example Build Error
```> [ts-builder 4/4] RUN npm i -g npm && npm ci --ignore-scripts && npm run build:
npm ERR! code EBADENGINE
npm ERR! engine Unsupported engine
npm ERR! engine Not compatible with your version of node/npm: npm@10.0.0
npm ERR! notsup Not compatible with your version of node/npm: npm@10.0.0
npm ERR! notsup Required: {"node":"^18.|| >=20.5.0"}
npm ERR! notsup Actual:   {"npm":"8.19.4","node":"v16.20.2"}
npm ERR! A complete log of this run can be found in:
npm ERR!     /root/.npm/_logs/2023-09-06T12_03_46_144Z-debug-0.log
ERROR: process "/bin/sh -c npm i -g npm && npm ci --ignore-scripts && npm run build" did not complete successfully: exit code: 1```

## Example Repair

### Repair 1
```FROM node:18-alpine as ts-builder
WORKDIR /app
COPY . /app
RUN npm i -g npm && npm ci --ignore-scripts && npm run build

FROM node:18-alpine as dep-builder
WORKDIR /app
COPY package.json package-lock.json /app/
COPY tools /app/tools
RUN apk add --no-cache --update build-base python3
COPY --from=ts-builder /app/dist /app/dist
RUN npm i -g npm && npm ci && node tools/minify-docker.js && sh tools/clean-nm.sh

FROM node:18-alpine as app
WORKDIR /app
ENV NODE_PRODUCTION true
COPY data /app/data
COPY logs /app/logs
COPY package.json /app/package.json
COPY --from=ts-builder /app/dist /app/dist
COPY --from=dep-builder /app/node_modules-minimal/node_modules /app/node_modules
CMD npm run start-docker

```


# Example 3
## Example Dockerfile
```FROM python:3.10
WORKDIR /app

RUN curl -fsSL https://deb.nodesource.com/setup_14.x | bash - && \
    apt-get update && apt-get install -y \
    graphviz \
    nodejs

RUN npm install -g npm

# This is not a nice way to install npm packages, but it is the
# closest it gets similar to venv-way of installing project-specific
# packages.
RUN mkdir -p /nodeapp
WORKDIR /nodeapp
COPY package.json package.json
COPY package-lock.json package-lock.json
RUN npm install
WORKDIR /app

COPY pyproject.toml  pyproject.toml
COPY poetry.lock poetry.lock

ENV POETRY_VIRTUALENVS_CREATE false

RUN pip install --upgrade pip \
    && pip install poetry \
    && poetry install




EXPOSE 8000


COPY entrypoint.sh entrypoint.sh
ENTRYPOINT ["/app/entrypoint.sh"]

# Force stdin, stdout and stderr to be totally unbuffered.
ENV PYTHONDONTWRITEBYTECODE 1
ENV PYTHONUNBUFFERED 1

COPY . /app

# Set the default command to be executed.
CMD gunicorn forenings_medlemmer.wsgi:application --bind 0.0.0.0:$PORT

```

## Example Build Error
```> [ 4/15] RUN npm install -g npm:
/bin/sh: 1: npm: not found
ERROR: process "/bin/sh -c npm install -g npm" did not complete successfully: exit code: 127```

## Example Repair

### Repair 1
```FROM python:3.10
WORKDIR /app

RUN curl -fsSL https://deb.nodesource.com/setup_14.x | bash - && \
    apt-get update && apt-get install -y \
    graphviz \
    nodejs \
    npm

RUN npm install -g npm

# This is not a nice way to install npm packages, but it is the
# closest it gets similar to venv-way of installing project-specific
# packages.
RUN mkdir -p /nodeapp
WORKDIR /nodeapp
COPY package.json package.json
COPY package-lock.json package-lock.json
RUN npm install
WORKDIR /app

COPY pyproject.toml  pyproject.toml
COPY poetry.lock poetry.lock

ENV POETRY_VIRTUALENVS_CREATE false

RUN pip install --upgrade pip \
    && pip install poetry \
    && poetry install




EXPOSE 8000


COPY entrypoint.sh entrypoint.sh
ENTRYPOINT ["/app/entrypoint.sh"]

# Force stdin, stdout and stderr to be totally unbuffered.
ENV PYTHONDONTWRITEBYTECODE 1
ENV PYTHONUNBUFFERED 1

COPY . /app

# Set the default command to be executed.
CMD gunicorn forenings_medlemmer.wsgi:application --bind 0.0.0.0:$PORT

```

Your task is to repair the Dockerfile based on the Dockerfile and its build error provided alongside the examples provided for you for as demonstrations. To solve the problem, and based on the information provided, first, you should diagnose which part is causing the flakiness and why. Then, according to the characteristics of that flakiness, repair the Dockerfile. the output Dockerfile must be within five angle brackets:
    <<<<<
    Dockerfile content 
    >>>>>
