
Below is the flaky Dockerfile:

# Dockerfile
```FROM democracyos/democracyos:2.11.15

MAINTAINER Democracia en Red <it@democracyos.io>

COPY ./dos-override/models/comment.js /usr/src/lib/models/comment.js
COPY ./dos-override/api-v2/db-api/comments/index.js /usr/src/lib/api-v2/db-api/comments/index.js
COPY ./dos-override/api-v2/db-api/comments/scopes.js /usr/src/lib/api-v2/db-api/comments/scopes.js
COPY ./dos-override/api-v2/db-api/users/scopes.js /usr/src/lib/api-v2/db-api/users/scopes.js

ENV LOCALE=es \
  AVAILABLE_LOCALES=es,en \
  ENFORCE_LOCALE=true \
  MODERATOR_ENABLED=true \
  MULTI_FORUM=true \
  RESTRICT_FORUM_CREATION=true \
  FAVICON=/ext/lib/boot/favicon.ico \
  LOGO=/ext/lib/site/footer/logo-footer.svg \
  LOGO_MOBILE=/ext/lib/site/footer/logo-footer.svg \
  NOTIFICATIONS_MAILER_EMAIL=gobiernoabierto@jefatura.gob.ar \
  NOTIFICATIONS_MAILER_NAME='Consulta Pública Argentina' \
  ORGANIZATION_EMAIL=gobiernoabierto@jefatura.gob.ar \
  ORGANIZATION_NAME='Consulta Pública Argentina' \
  SOCIALSHARE_SITE_NAME='Consulta Pública Argentina' \
  SOCIALSHARE_SITE_DESCRIPTION='Plataforma de participación ciudadana de la República Argentina.' \
  SOCIALSHARE_IMAGE=https://cldup.com/Y7mWiU4D1Q.png \
  SOCIALSHARE_DOMAIN=consultapublica.argentina.gob.ar \
  SOCIALSHARE_TWITTER_USERNAME=@innovacionar \
  TWEET_TEXT='Estoy tratando de mejorar esta propuesta “{topic.mediaTitle}” ¡Participá vos también! #GobiernoAbierto'
```

And below is the build error that occurred when trying to build the Dockerfile:
# Build Error
```> [4/5] RUN npm run build -- --minify:
npm ERR! Linux 3.10.0-1160.88.1.el7.x86_64
npm ERR! argv "/usr/local/bin/node" "/usr/local/bin/npm" "install" "--quiet"
npm ERR! node v6.15.1
npm ERR! npm  v3.10.10
npm ERR! path /usr/src/ext/node_modules/.staging/@types/babylon-d228c3cb/package.json
npm ERR! code ENOTDIR
npm ERR! errno -20
npm ERR! syscall open
npm ERR! ENOTDIR: not a directory, open '/usr/src/ext/node_modules/.staging/@types/babylon-d228c3cb/package.json'
npm ERR! 
npm ERR! If you need help, you may report this error at:
npm ERR!     <https://github.com/npm/npm/issues>
npm ERR! Please include the following file with any support request:
npm ERR!     /usr/src/ext/npm-debug.log
> There was an error installing dependencies on /ext folder.
Error: Failed to find ext/node_modules/argob-poncho/dist/css/poncho.css from /usr/src/ext/lib/admin/boot/boot.css in [
    node_modules/tags-input,
    lib/simple-line-icons,
    node_modules/democracyos-quill/dist,
    node_modules/democracyos-aurora-tip,
    node_modules/democracyos-aurora-popover,
    node_modules/democracyos-aurora-calendar,
    node_modules/democracyos-calendar/lib,
    node_modules/democracyos-datepicker,
    node_modules/democracyos-tip,
    node_modules/overlay-component,
    node_modules/dialog-component,
    node_modules/democracyos-confirmation,
    node_modules/democracyos-loading-lock,
    node_modules/democracyos-toggle/lib,
    .,
    /usr/src/ext/lib/admin/boot
    at exists (/usr/src/node_modules/rework-import/index.js:109:9)
    at /usr/src/node_modules/rework-import/index.js:162:17
    at Array.forEach (native)
    at run (/usr/src/node_modules/rework-import/index.js:143:8)
    at /usr/src/node_modules/rework-import/index.js:192:3
    at Rework.use (/usr/src/node_modules/rework/index.js:50:3)
    at DestroyableTransform._transform (/usr/src/node_modules/gulp-concat-css/index.js:90:37)
    at DestroyableTransform.Transform._read (/usr/src/node_modules/gulp-concat-css/node_modules/readable-stream/lib/_stream_transform.js:184:10)
    at DestroyableTransform.Transform._write (/usr/src/node_modules/gulp-concat-css/node_modules/readable-stream/lib/_stream_transform.js:172:12)
    at doWrite (/usr/src/node_modules/gulp-concat-css/node_modules/readable-stream/lib/_stream_writable.js:279:12)
npm ERR! Linux 3.10.0-1160.88.1.el7.x86_64
npm ERR! argv "/usr/local/bin/node" "/usr/local/bin/npm" "run" "build" "--" "--minify"
npm ERR! node v6.15.1
npm ERR! npm  v3.10.10
npm ERR! code ELIFECYCLE
npm ERR! democracyos@2.build: `NODE_PATH=. gulp build "--minify"`
npm ERR! Exit status 1
npm ERR! 
npm ERR! Failed at the democracyos@2.build script 'NODE_PATH=. gulp build "--minify"'.
npm ERR! Make sure you have the latest version of node.js and npm installed.
npm ERR! If you do, this is most likely a problem with the democracyos package,
npm ERR! not with npm itself.
npm ERR! Tell the author that this fails on your system:
npm ERR!     NODE_PATH=. gulp build "--minify"
npm ERR! You can get information on how to open an issue for this project with:
npm ERR!     npm bugs democracyos
npm ERR! Or if that isn't available, you can get their info via:
npm ERR!     npm owner ls democracyos
npm ERR! There is likely additional logging output above.
npm ERR! Please include the following file with any support request:
npm ERR!     /usr/src/npm-debug.log
ERROR: process "/bin/sh -c npm run build -- --minify" did not complete successfully: exit code: 1```

Below are a few examples of dockerfiles and their build errors alongside their repairs. These examples are provided to help you understand the task better.

# Example 1
## Example Dockerfile
```FROM node:7-onbuild

ENV PORT 8080
EXPOSE 8080

# Set this variable to the name of your production config file (without the extension)
ENV NODE_ENV default

# Set this variable to the value of the secret field of the Github webhook
ENV WEBHOOK_SECRET ''

```

## Example Build Error
```> [3/1] RUN npm install && npm cache clean --force:
npm WARN node-fetch@2.requires a peer of encoding@^0.but none was installed.
npm WARN autobounty@1.No repository field.
npm ERR! Linux 3.10.0-1127.10.1.el7.x86_64
npm ERR! argv "/usr/local/bin/node" "/usr/local/bin/npm" "install"
npm ERR! node v7.10.1
npm ERR! npm  v4.2.0
npm ERR! path /usr/src/app/node_modules/.staging/@types/triple-beam-c220f220/package.json
npm ERR! code ENOTDIR
npm ERR! errno -20
npm ERR! syscall open
npm ERR! ENOTDIR: not a directory, open '/usr/src/app/node_modules/.staging/@types/triple-beam-c220f220/package.json'
npm ERR! 
npm ERR! If you need help, you may report this error at:
npm ERR!     <https://github.com/npm/npm/issues>
npm ERR! Please include the following file with any support request:
npm ERR!     /root/.npm/_logs/2023-09-30T17_01_50_679Z-debug.log
ERROR: process "/bin/sh -c npm install && npm cache clean --force" did not complete successfully: exit code: 236```

## Example Repair

### Repair 1
```FROM node:16

ENV PORT 8080
EXPOSE 8080

WORKDIR /usr/src/app
COPY package.json ./

RUN npm install && npm cache clean --force

COPY . .

ENV NODE_ENV default
ENV WEBHOOK_SECRET ''

CMD ["npm", "start"]
```


# Example 2
## Example Dockerfile
```FROM node:boron

# Create app directory
RUN mkdir -p /usr/src/app
WORKDIR /usr/src/app

# Install app dependencies
COPY package.json /usr/src/app
RUN npm install

# Bundle app source
COPY . /usr/src/app

EXPOSE 8080
CMD [ "npm", "start" ]

```

## Example Build Error
```> [5/6] RUN npm install:
SUSI-Bot@1./usr/src/app
npm WARN SUSI-Bot@1.No repository field.
npm WARN SUSI-Bot@1.No license field.
npm ERR! Linux 3.10.0-1160.88.1.el7.x86_64
npm ERR! argv "/usr/local/bin/node" "/usr/local/bin/npm" "install"
npm ERR! node v6.17.1
npm ERR! npm  v3.10.10
npm ERR! path /usr/src/app/node_modules/.staging/@types/connect-f4c8cb8c/package.json
npm ERR! code ENOTDIR
npm ERR! errno -20
npm ERR! syscall open
npm ERR! ENOTDIR: not a directory, open '/usr/src/app/node_modules/.staging/@types/connect-f4c8cb8c/package.json'
npm ERR! 
npm ERR! If you need help, you may report this error at:
npm ERR!     <https://github.com/npm/npm/issues>
npm ERR! Please include the following file with any support request:
npm ERR!     /usr/src/app/npm-debug.log
ERROR: process "/bin/sh -c npm install" did not complete successfully: exit code: 236```

## Example Repair

### Repair 1
```FROM node:14

# Create app directory
RUN mkdir -p /usr/src/app
WORKDIR /usr/src/app

# Install app dependencies
COPY package.json /usr/src/app
RUN npm cache clean --force
RUN npm install

# Bundle app source
COPY . /usr/src/app

EXPOSE 8080
CMD [ "npm", "start" ]
```


# Example 3
## Example Dockerfile
```FROM xataz/node:7-onbuild
MAINTAINER xataz <https://github.com/xataz>

ENV GID=991 \
    UID=991 \
    USERNAME="t411" \
    PASSWORD="t411" \
    ONLYVERIFIED=true \
    DEBUGVERIFIED=false

ADD startup /usr/local/bin/startup
RUN chmod +x /usr/local/bin/startup

EXPOSE 9876

CMD ["/usr/local/bin/startup"]

```

## Example Build Error
```> [3/3] RUN PKG_BUILD="git make gcc g++ python linux-headers" 	&& apk upgrade -U 	&& apk add ${PKG_BUILD} 	&& if [ -e /usr/src/app/package.json ]; then 		npm install; 	fi && if [ -e /usr/src/app/bower.js ]; then 		npm install -g bower && bower install; 	fi && if [ -e /usr/src/app/gulpfile.js ]; then 		npm install -g gulp && gulp; 	fi && if [ -e /usr/src/app/Gruntfile.js ]; then 		npm install -g grunt && grunt; 	fi 	&& npm cache clean /root/.npm 	&& apk del ${PKG_BUILD} 	&& rm -rf /var/cache/apk/*:
T411-torznab@0./usr/src/app
npm ERR! Linux 3.10.0-1127.el7.x86_64
npm ERR! argv "/usr/bin/node" "/usr/bin/npm" "install"
npm ERR! node v7.10.0
npm ERR! npm  v3.10.10
npm ERR! path /usr/src/app/node_modules/.staging/@types/triple-beam-c220f220/package.json
npm ERR! code ENOTDIR
npm ERR! errno -20
npm ERR! syscall open
npm ERR! ENOTDIR: not a directory, open '/usr/src/app/node_modules/.staging/@types/triple-beam-c220f220/package.json'
npm ERR! 
npm ERR! If you need help, you may report this error at:
npm ERR!     <https://github.com/npm/npm/issues>
npm ERR! Please include the following file with any support request:
npm ERR!     /usr/src/app/npm-debug.log
ERROR: process "/bin/sh -c PKG_BUILD=\"git make gcc g++ python linux-headers\" \t&& apk upgrade -U \t&& apk add ${PKG_BUILD} \t&& if [ -e /usr/src/app/package.json ]; then \t\tnpm install; \tfi && if [ -e /usr/src/app/bower.js ]; then \t\tnpm install -g bower && bower install; \tfi && if [ -e /usr/src/app/gulpfile.js ]; then \t\tnpm install -g gulp && gulp; \tfi && if [ -e /usr/src/app/Gruntfile.js ]; then \t\tnpm install -g grunt && grunt; \tfi \t&& npm cache clean /root/.npm \t&& apk del ${PKG_BUILD} \t&& rm -rf /var/cache/apk/*" did not complete successfully: exit code: 236```

## Example Repair

### Repair 1
```FROM node:16-alpine
MAINTAINER xataz <https://github.com/xataz>

ENV GID=991 \
    UID=991 \
    USERNAME="t411" \
    PASSWORD="t411" \
    ONLYVERIFIED=true \
    DEBUGVERIFIED=false

ADD startup /usr/local/bin/startup
RUN chmod +x /usr/local/bin/startup

RUN PKG_BUILD="git make gcc g++ python3 linux-headers" \
    && apk upgrade -U \
    && apk add --no-cache ${PKG_BUILD} \
    && if [ -e /usr/src/app/package.json ]; then \
        npm cache clean --force \
        && rm -rf node_modules \
        && npm install; \
    fi \
    && if [ -e /usr/src/app/bower.js ]; then \
        npm install -g bower && bower install; \
    fi \
    && if [ -e /usr/src/app/gulpfile.js ]; then \
        npm install -g gulp && gulp; \
    fi \
    && if [ -e /usr/src/app/Gruntfile.js ]; then \
        npm install -g grunt && grunt; \
    fi \
    && npm cache clean --force \
    && apk del ${PKG_BUILD} \
    && rm -rf /var/cache/apk/*

EXPOSE 9876

CMD ["/usr/local/bin/startup"]
```

Below are a few false repairs that an LLM previously made by mistake for the input flaky Dockerfile along with their build outputs as further demonstrations. These examples are provided to help you understand the task better and to avoid making the same mistakes. So, do not generate the exact false repair generated previously, but you can get ideas from them.

# False Repair 1
## False Repair Dockerfile
```FROM democracyos/democracyos:2.11.15

MAINTAINER Democracia en Red <it@democracyos.io>

COPY ./dos-override/models/comment.js /usr/src/lib/models/comment.js
COPY ./dos-override/api-v2/db-api/comments/index.js /usr/src/lib/api-v2/db-api/comments/index.js
COPY ./dos-override/api-v2/db-api/comments/scopes.js /usr/src/lib/api-v2/db-api/comments/scopes.js
COPY ./dos-override/api-v2/db-api/users/scopes.js /usr/src/lib/api-v2/db-api/users/scopes.js

ENV LOCALE=es \
  AVAILABLE_LOCALES=es,en \
  ENFORCE_LOCALE=true \
  MODERATOR_ENABLED=true \
  MULTI_FORUM=true \
  RESTRICT_FORUM_CREATION=true \
  FAVICON=/ext/lib/boot/favicon.ico \
  LOGO=/ext/lib/site/footer/logo-footer.svg \
  LOGO_MOBILE=/ext/lib/site/footer/logo-footer.svg \
  NOTIFICATIONS_MAILER_EMAIL=gobiernoabierto@jefatura.gob.ar \
  NOTIFICATIONS_MAILER_NAME='Consulta Pública Argentina' \
  ORGANIZATION_EMAIL=gobiernoabierto@jefatura.gob.ar \
  ORGANIZATION_NAME='Consulta Pública Argentina' \
  SOCIALSHARE_SITE_NAME='Consulta Pública Argentina' \
  SOCIALSHARE_SITE_DESCRIPTION='Plataforma de participación ciudadana de la República Argentina.' \
  SOCIALSHARE_IMAGE=https://cldup.com/Y7mWiU4D1Q.png \
  SOCIALSHARE_DOMAIN=consultapublica.argentina.gob.ar \
  SOCIALSHARE_TWITTER_USERNAME=@innovacionar \
  TWEET_TEXT='Estoy tratando de mejorar esta propuesta “{topic.mediaTitle}” ¡Participá vos también! #GobiernoAbierto'

RUN npm cache clean --force && rm -rf node_modules

RUN npm install

RUN npm run build -- --minify```

## False Repair Build Output
```> [4/8] RUN npm run build -- --minify:
npm ERR! Linux 3.10.0-1160.88.1.el7.x86_64
npm ERR! argv "/usr/local/bin/node" "/usr/local/bin/npm" "install" "--quiet"
npm ERR! node v6.15.1
npm ERR! npm  v3.10.10
npm ERR! path /usr/src/ext/node_modules/.staging/@types/babylon-d228c3cb/package.json
npm ERR! code ENOTDIR
npm ERR! errno -20
npm ERR! syscall open
npm ERR! ENOTDIR: not a directory, open '/usr/src/ext/node_modules/.staging/@types/babylon-d228c3cb/package.json'
npm ERR! 
npm ERR! If you need help, you may report this error at:
npm ERR!     <https://github.com/npm/npm/issues>
npm ERR! Please include the following file with any support request:
npm ERR!     /usr/src/ext/npm-debug.log
> There was an error installing dependencies on /ext folder.
Error: Failed to find ext/node_modules/argob-poncho/dist/css/poncho.css from /usr/src/ext/lib/admin/boot/boot.css in [
    node_modules/tags-input,
    lib/simple-line-icons,
    node_modules/democracyos-quill/dist,
    node_modules/democracyos-aurora-tip,
    node_modules/democracyos-aurora-popover,
    node_modules/democracyos-aurora-calendar,
    node_modules/democracyos-calendar/lib,
    node_modules/democracyos-datepicker,
    node_modules/democracyos-tip,
    node_modules/overlay-component,
    node_modules/dialog-component,
    node_modules/democracyos-confirmation,
    node_modules/democracyos-loading-lock,
    node_modules/democracyos-toggle/lib,
    .,
    /usr/src/ext/lib/admin/boot
    at exists (/usr/src/node_modules/rework-import/index.js:109:9)
    at /usr/src/node_modules/rework-import/index.js:162:17
    at Array.forEach (native)
    at run (/usr/src/node_modules/rework-import/index.js:143:8)
    at /usr/src/node_modules/rework-import/index.js:192:3
    at Rework.use (/usr/src/node_modules/rework/index.js:50:3)
    at DestroyableTransform._transform (/usr/src/node_modules/gulp-concat-css/index.js:90:37)
    at DestroyableTransform.Transform._read (/usr/src/node_modules/gulp-concat-css/node_modules/readable-stream/lib/_stream_transform.js:184:10)
    at DestroyableTransform.Transform._write (/usr/src/node_modules/gulp-concat-css/node_modules/readable-stream/lib/_stream_transform.js:172:12)
    at doWrite (/usr/src/node_modules/gulp-concat-css/node_modules/readable-stream/lib/_stream_writable.js:279:12)
npm ERR! Linux 3.10.0-1160.88.1.el7.x86_64
npm ERR! argv "/usr/local/bin/node" "/usr/local/bin/npm" "run" "build" "--" "--minify"
npm ERR! node v6.15.1
npm ERR! npm  v3.10.10
npm ERR! code ELIFECYCLE
npm ERR! democracyos@2.build: `NODE_PATH=. gulp build "--minify"`
npm ERR! Exit status 1
npm ERR! 
npm ERR! Failed at the democracyos@2.build script 'NODE_PATH=. gulp build "--minify"'.
npm ERR! Make sure you have the latest version of node.js and npm installed.
npm ERR! If you do, this is most likely a problem with the democracyos package,
npm ERR! not with npm itself.
npm ERR! Tell the author that this fails on your system:
npm ERR!     NODE_PATH=. gulp build "--minify"
npm ERR! You can get information on how to open an issue for this project with:
npm ERR!     npm bugs democracyos
npm ERR! Or if that isn't available, you can get their info via:
npm ERR!     npm owner ls democracyos
npm ERR! There is likely additional logging output above.
npm ERR! Please include the following file with any support request:
npm ERR!     /usr/src/npm-debug.log
ERROR: process "/bin/sh -c npm run build -- --minify" did not complete successfully: exit code: 1```


# False Repair 2
## False Repair Dockerfile
```FROM node:16

MAINTAINER Democracia en Red <it@democracyos.io>

WORKDIR /usr/src/app

COPY ./dos-override/models/comment.js /usr/src/lib/models/comment.js
COPY ./dos-override/api-v2/db-api/comments/index.js /usr/src/lib/api-v2/db-api/comments/index.js
COPY ./dos-override/api-v2/db-api/comments/scopes.js /usr/src/lib/api-v2/db-api/comments/scopes.js
COPY ./dos-override/api-v2/db-api/users/scopes.js /usr/src/lib/api-v2/db-api/users/scopes.js

ENV LOCALE=es \
  AVAILABLE_LOCALES=es,en \
  ENFORCE_LOCALE=true \
  MODERATOR_ENABLED=true \
  MULTI_FORUM=true \
  RESTRICT_FORUM_CREATION=true \
  FAVICON=/ext/lib/boot/favicon.ico \
  LOGO=/ext/lib/site/footer/logo-footer.svg \
  LOGO_MOBILE=/ext/lib/site/footer/logo-footer.svg \
  NOTIFICATIONS_MAILER_EMAIL=gobiernoabierto@jefatura.gob.ar \
  NOTIFICATIONS_MAILER_NAME='Consulta Pública Argentina' \
  ORGANIZATION_EMAIL=gobiernoabierto@jefatura.gob.ar \
  ORGANIZATION_NAME='Consulta Pública Argentina' \
  SOCIALSHARE_SITE_NAME='Consulta Pública Argentina' \
  SOCIALSHARE_SITE_DESCRIPTION='Plataforma de participación ciudadana de la República Argentina.' \
  SOCIALSHARE_IMAGE=https://cldup.com/Y7mWiU4D1Q.png \
  SOCIALSHARE_DOMAIN=consultapublica.argentina.gob.ar \
  SOCIALSHARE_TWITTER_USERNAME=@innovacionar \
  TWEET_TEXT='Estoy tratando de mejorar esta propuesta “{topic.mediaTitle}” ¡Participá vos también! #GobiernoAbierto'

RUN npm install

RUN npm run build -- --minify```

## False Repair Build Output
```> [7/8] RUN npm install:
npm ERR! code ENOENT
npm ERR! syscall open
npm ERR! path /usr/src/app/package.json
npm ERR! errno -2
npm ERR! enoent ENOENT: no such file or directory, open '/usr/src/app/package.json'
npm ERR! enoent This is related to npm not being able to find a file.
npm ERR! enoent 
npm ERR! A complete log of this run can be found in:
npm ERR!     /root/.npm/_logs/2024-07-31T23_44_15_350Z-debug-0.log
ERROR: process "/bin/sh -c npm install" did not complete successfully: exit code: 254```

Your task is to repair the Dockerfile based on the Dockerfile and its build error provided alongside the examples provided for you for as demonstrations. To solve the problem, and based on the information provided, first, you should diagnose which part is causing the flakiness and why. Then, according to the characteristics of that flakiness, repair the Dockerfile. the output Dockerfile must be within five angle brackets:
    <<<<<
    Dockerfile content 
    >>>>>
