#0 building with "default" instance using docker driver

#1 [internal] load .dockerignore
#1 transferring context:
#1 ...

#2 [internal] load build definition from Dockerfile.alpine
#2 transferring dockerfile: 602B done
#2 DONE 0.4s

#1 [internal] load .dockerignore
#1 transferring context: 2B done
#1 DONE 0.5s

#3 [internal] load metadata for docker.io/library/python:alpine
#3 ...

#4 [auth] library/python:pull token for registry-1.docker.io
#4 DONE 0.0s

#3 [internal] load metadata for docker.io/library/python:alpine
#3 DONE 1.6s

#5 [internal] load build context
#5 DONE 0.0s

#6 [ 1/12] FROM docker.io/library/python:alpine@sha256:7f15e22f496c65cffbbac5e30e7e98d60f3e3b9cc5ee5d51cf3c55ed604787c8
#6 resolve docker.io/library/python:alpine@sha256:7f15e22f496c65cffbbac5e30e7e98d60f3e3b9cc5ee5d51cf3c55ed604787c8
#6 resolve docker.io/library/python:alpine@sha256:7f15e22f496c65cffbbac5e30e7e98d60f3e3b9cc5ee5d51cf3c55ed604787c8 0.2s done
#6 DONE 0.2s

#6 [ 1/12] FROM docker.io/library/python:alpine@sha256:7f15e22f496c65cffbbac5e30e7e98d60f3e3b9cc5ee5d51cf3c55ed604787c8
#6 sha256:20648901a677433f2585c5410bbf4e217e8df19f436c6d2b25546ecd8a1b33e4 1.93kB / 1.93kB done
#6 sha256:143abac68ee42da16c20e3618ea10d882bfe0e35a89d38ac07d1d434c1067ec0 6.07kB / 6.07kB done
#6 sha256:7f15e22f496c65cffbbac5e30e7e98d60f3e3b9cc5ee5d51cf3c55ed604787c8 9.02kB / 9.02kB done
#6 sha256:c6a83fedfae6ed8a4f5f7cbb6a7b6f1c1ec3d86fea8cb9e5ba2e5e6673fde9f6 0B / 3.62MB 0.3s
#6 sha256:c6a83fedfae6ed8a4f5f7cbb6a7b6f1c1ec3d86fea8cb9e5ba2e5e6673fde9f6 3.62MB / 3.62MB 0.5s
#6 sha256:c96a0e292e9e4d29ed2ae13f9cd74c4d53e32cbd6d31515ee8d38c9464de4f61 0B / 11.78MB 0.5s
#6 sha256:c6a83fedfae6ed8a4f5f7cbb6a7b6f1c1ec3d86fea8cb9e5ba2e5e6673fde9f6 3.62MB / 3.62MB 0.6s done
#6 sha256:c96a0e292e9e4d29ed2ae13f9cd74c4d53e32cbd6d31515ee8d38c9464de4f61 1.05MB / 11.78MB 0.7s
#6 extracting sha256:c6a83fedfae6ed8a4f5f7cbb6a7b6f1c1ec3d86fea8cb9e5ba2e5e6673fde9f6
#6 ...

#5 [internal] load build context
#5 transferring context: 10.08MB 0.5s done
#5 DONE 0.9s

#6 [ 1/12] FROM docker.io/library/python:alpine@sha256:7f15e22f496c65cffbbac5e30e7e98d60f3e3b9cc5ee5d51cf3c55ed604787c8
#6 sha256:c96a0e292e9e4d29ed2ae13f9cd74c4d53e32cbd6d31515ee8d38c9464de4f61 4.19MB / 11.78MB 0.8s
#6 sha256:2733810d7af88b9d0fb50a075acc0d443d8b08cbc60f059f1971c878d18c6be4 0B / 461.81kB 0.8s
#6 sha256:c96a0e292e9e4d29ed2ae13f9cd74c4d53e32cbd6d31515ee8d38c9464de4f61 11.53MB / 11.78MB 1.0s
#6 sha256:2733810d7af88b9d0fb50a075acc0d443d8b08cbc60f059f1971c878d18c6be4 461.81kB / 461.81kB 1.0s done
#6 sha256:47007a96afcac1a2c3d9c42cd3bf7ba6615fc41d21d64b9363e3fb8738ea4e49 229B / 229B 1.0s
#6 sha256:47007a96afcac1a2c3d9c42cd3bf7ba6615fc41d21d64b9363e3fb8738ea4e49 229B / 229B 1.1s done
#6 sha256:9f803fcc73d23bddb8eacab305eb85799431b41b7a3f3448f9c794ed033bb9dc 1.05MB / 4.16MB 1.2s
#6 sha256:9f803fcc73d23bddb8eacab305eb85799431b41b7a3f3448f9c794ed033bb9dc 4.16MB / 4.16MB 1.3s
#6 sha256:c96a0e292e9e4d29ed2ae13f9cd74c4d53e32cbd6d31515ee8d38c9464de4f61 11.78MB / 11.78MB 1.3s done
#6 extracting sha256:c6a83fedfae6ed8a4f5f7cbb6a7b6f1c1ec3d86fea8cb9e5ba2e5e6673fde9f6 0.8s done
#6 sha256:9f803fcc73d23bddb8eacab305eb85799431b41b7a3f3448f9c794ed033bb9dc 4.16MB / 4.16MB 1.5s done
#6 extracting sha256:2733810d7af88b9d0fb50a075acc0d443d8b08cbc60f059f1971c878d18c6be4
#6 extracting sha256:2733810d7af88b9d0fb50a075acc0d443d8b08cbc60f059f1971c878d18c6be4 0.5s done
#6 extracting sha256:c96a0e292e9e4d29ed2ae13f9cd74c4d53e32cbd6d31515ee8d38c9464de4f61
#6 extracting sha256:c96a0e292e9e4d29ed2ae13f9cd74c4d53e32cbd6d31515ee8d38c9464de4f61 1.8s done
#6 extracting sha256:47007a96afcac1a2c3d9c42cd3bf7ba6615fc41d21d64b9363e3fb8738ea4e49 done
#6 extracting sha256:9f803fcc73d23bddb8eacab305eb85799431b41b7a3f3448f9c794ed033bb9dc
#6 extracting sha256:9f803fcc73d23bddb8eacab305eb85799431b41b7a3f3448f9c794ed033bb9dc 0.9s done
#6 DONE 7.9s

#7 [ 2/12] WORKDIR /usr/src/app
#7 DONE 2.5s

#8 [ 3/12] COPY requirements.txt ./
#8 DONE 0.4s

#9 [ 4/12] RUN apk add --no-cache --virtual .build-deps gcc musl-dev
#9 1.726 fetch https://dl-cdn.alpinelinux.org/alpine/v3.20/main/x86_64/APKINDEX.tar.gz
#9 2.132 fetch https://dl-cdn.alpinelinux.org/alpine/v3.20/community/x86_64/APKINDEX.tar.gz
#9 3.407 (1/14) Installing libgcc (13.2.1_git20240309-r0)
#9 3.424 (2/14) Installing jansson (2.14-r4)
#9 3.429 (3/14) Installing libstdc++ (13.2.1_git20240309-r0)
#9 3.503 (4/14) Installing zstd-libs (1.5.6-r0)
#9 3.537 (5/14) Installing binutils (2.42-r0)
#9 3.819 (6/14) Installing libgomp (13.2.1_git20240309-r0)
#9 3.860 (7/14) Installing libatomic (13.2.1_git20240309-r0)
#9 3.866 (8/14) Installing gmp (6.3.0-r1)
#9 3.878 (9/14) Installing isl26 (0.26-r1)
#9 3.947 (10/14) Installing mpfr4 (4.2.1-r0)
#9 3.987 (11/14) Installing mpc1 (1.3.1-r1)
#9 4.005 (12/14) Installing gcc (13.2.1_git20240309-r0)
#9 6.839 (13/14) Installing musl-dev (1.2.5-r0)
#9 7.173 (14/14) Installing .build-deps (20240731.020301)
#9 7.174 Executing busybox-1.36.1-r29.trigger
#9 7.199 OK: 165 MiB in 51 packages
#9 DONE 11.9s

#10 [ 5/12] RUN apk add --no-cache --virtual freetype-dev jpeg-dev libpng-dev
#10 1.683 fetch https://dl-cdn.alpinelinux.org/alpine/v3.20/main/x86_64/APKINDEX.tar.gz
#10 2.250 fetch https://dl-cdn.alpinelinux.org/alpine/v3.20/community/x86_64/APKINDEX.tar.gz
#10 3.732 (1/9) Installing libjpeg-turbo (3.0.3-r0)
#10 3.753 (2/9) Installing libturbojpeg (3.0.3-r0)
#10 3.998 (3/9) Installing pkgconf (2.2.0-r0)
#10 4.014 (4/9) Installing libjpeg-turbo-dev (3.0.3-r0)
#10 4.195 (5/9) Installing jpeg-dev (9e-r1)
#10 4.844 (6/9) Installing libpng (1.6.43-r0)
#10 4.881 (7/9) Installing zlib-dev (1.3.1-r1)
#10 4.898 (8/9) Installing libpng-dev (1.6.43-r0)
#10 5.088 (9/9) Installing freetype-dev (20240731.020314)
#10 5.088 Executing busybox-1.36.1-r29.trigger
#10 5.132 OK: 167 MiB in 60 packages
#10 DONE 5.8s

#11 [ 6/12] RUN apk add --no-cache --virtual cython
#11 1.554 fetch https://dl-cdn.alpinelinux.org/alpine/v3.20/main/x86_64/APKINDEX.tar.gz
#11 1.883 fetch https://dl-cdn.alpinelinux.org/alpine/v3.20/community/x86_64/APKINDEX.tar.gz
#11 2.978 WARNING: creating empty virtual package
#11 3.005 (1/1) Installing cython (20240731.020319)
#11 3.015 OK: 167 MiB in 61 packages
#11 DONE 3.4s

#12 [ 7/12] RUN pip install --upgrade pip
#12 11.67 Requirement already satisfied: pip in /usr/local/lib/python3.12/site-packages (24.0)
#12 12.14 Collecting pip
#12 12.23   Downloading pip-24.2-py3-none-any.whl.metadata (3.6 kB)
#12 12.30 Downloading pip-24.2-py3-none-any.whl (1.8 MB)
#12 12.63    ━━━━━━━━━━━━━━━━━━━━━━━━━━━━━━━━━━━━━━━━ 1.8/1.8 MB 5.7 MB/s eta 0:00:00
#12 13.10 Installing collected packages: pip
#12 13.10   Attempting uninstall: pip
#12 13.11     Found existing installation: pip 24.0
#12 13.41     Uninstalling pip-24.0:
#12 14.40       Successfully uninstalled pip-24.0
#12 20.97 Successfully installed pip-24.2
#12 20.97 WARNING: Running pip as the 'root' user can result in broken permissions and conflicting behaviour with the system package manager. It is recommended to use a virtual environment instead: https://pip.pypa.io/warnings/venv
#12 DONE 22.6s

#13 [ 8/12] RUN pip install --no-cache-dir -r requirements.txt
#13 3.616 Collecting astroid>=2.3.3 (from -r requirements.txt (line 1))
#13 3.751   Downloading astroid-3.2.4-py3-none-any.whl.metadata (4.5 kB)
#13 3.862 Collecting Click>=7.0 (from -r requirements.txt (line 2))
#13 3.879   Downloading click-8.1.7-py3-none-any.whl.metadata (3.0 kB)
#13 4.070 Collecting Flask==2.2.3 (from -r requirements.txt (line 3))
#13 4.086   Downloading Flask-2.2.3-py3-none-any.whl.metadata (3.9 kB)
#13 4.920 Collecting gevent==22.10.2 (from -r requirements.txt (line 4))
#13 4.940   Downloading gevent-22.10.2.tar.gz (6.6 MB)
#13 5.414      ━━━━━━━━━━━━━━━━━━━━━━━━━━━━━━━━━━━━━━━━ 6.6/6.6 MB 15.2 MB/s eta 0:00:00
#13 8.399   Installing build dependencies: started
#13 28.77   Installing build dependencies: finished with status 'done'
#13 28.78   Getting requirements to build wheel: started
#13 50.24   Getting requirements to build wheel: finished with status 'done'
#13 50.25   Preparing metadata (pyproject.toml): started
#13 53.87   Preparing metadata (pyproject.toml): finished with status 'done'
#13 54.99 Collecting greenlet==2.0.2 (from -r requirements.txt (line 5))
#13 55.01   Downloading greenlet-2.0.2.tar.gz (164 kB)
#13 55.19   Preparing metadata (setup.py): started
#13 58.34   Preparing metadata (setup.py): finished with status 'done'
#13 58.56 Collecting isort>=4.3.21 (from -r requirements.txt (line 6))
#13 58.57   Downloading isort-5.13.2-py3-none-any.whl.metadata (12 kB)
#13 58.61 Collecting itsdangerous>=1.1.0 (from -r requirements.txt (line 7))
#13 58.62   Downloading itsdangerous-2.2.0-py3-none-any.whl.metadata (1.9 kB)
#13 58.70 Collecting Jinja2>=2.10.3 (from -r requirements.txt (line 8))
#13 58.71   Downloading jinja2-3.1.4-py3-none-any.whl.metadata (2.6 kB)
#13 58.95 Collecting lazy-object-proxy (from -r requirements.txt (line 9))
#13 58.98   Downloading lazy_object_proxy-1.10.0-cp312-cp312-musllinux_1_1_x86_64.whl.metadata (7.8 kB)
#13 59.32 Collecting MarkupSafe>=1.1.1 (from -r requirements.txt (line 10))
#13 59.34   Downloading MarkupSafe-2.1.5-cp312-cp312-musllinux_1_1_x86_64.whl.metadata (3.0 kB)
#13 59.36 Collecting mccabe>=0.6.1 (from -r requirements.txt (line 11))
#13 59.37   Downloading mccabe-0.7.0-py2.py3-none-any.whl.metadata (5.0 kB)
#13 59.65 Collecting natsort>=6.2.0 (from -r requirements.txt (line 12))
#13 59.67   Downloading natsort-8.4.0-py3-none-any.whl.metadata (21 kB)
#13 59.88 Collecting peewee>=3.12.0 (from -r requirements.txt (line 13))
#13 59.90   Downloading peewee-3.17.6.tar.gz (3.0 MB)
#13 60.00      ━━━━━━━━━━━━━━━━━━━━━━━━━━━━━━━━━━━━━━━━ 3.0/3.0 MB 34.0 MB/s eta 0:00:00
#13 60.76   Installing build dependencies: started
#13 69.21   Installing build dependencies: finished with status 'done'
#13 69.21   Getting requirements to build wheel: started
#13 70.05   Getting requirements to build wheel: finished with status 'done'
#13 70.05   Preparing metadata (pyproject.toml): started
#13 71.39   Preparing metadata (pyproject.toml): finished with status 'done'
#13 72.36 Collecting Pillow==9.4.0 (from -r requirements.txt (line 14))
#13 72.37   Downloading Pillow-9.4.0.tar.gz (50.4 MB)
#13 73.18      ━━━━━━━━━━━━━━━━━━━━━━━━━━━━━━━━━━━━━━━━ 50.4/50.4 MB 63.8 MB/s eta 0:00:00
#13 78.94   Preparing metadata (setup.py): started
#13 80.54   Preparing metadata (setup.py): finished with status 'done'
#13 80.57 Collecting progressbar>=2.5 (from -r requirements.txt (line 15))
#13 80.59   Downloading progressbar-2.5.tar.gz (10 kB)
#13 80.61   Preparing metadata (setup.py): started
#13 81.40   Preparing metadata (setup.py): finished with status 'done'
#13 81.62 Collecting pylint>=2.4.4 (from -r requirements.txt (line 16))
#13 81.63   Downloading pylint-3.2.6-py3-none-any.whl.metadata (12 kB)
#13 81.83 Collecting pyparsing>=2.4.7 (from -r requirements.txt (line 17))
#13 81.85   Downloading pyparsing-3.1.2-py3-none-any.whl.metadata (5.1 kB)
#13 81.87 Collecting rarfile>=3.1 (from -r requirements.txt (line 18))
#13 81.89   Downloading rarfile-4.2-py3-none-any.whl.metadata (4.4 kB)
#13 81.97 Collecting six>=1.13.0 (from -r requirements.txt (line 19))
#13 81.99   Downloading six-1.16.0-py2.py3-none-any.whl.metadata (1.8 kB)
#13 82.34 Collecting typed-ast>=1.5.4 (from -r requirements.txt (line 20))
#13 82.35   Downloading typed_ast-1.5.5.tar.gz (252 kB)
#13 82.59   Preparing metadata (setup.py): started
#13 83.31   Preparing metadata (setup.py): finished with status 'done'
#13 83.48 Collecting Werkzeug>=0.16.0 (from -r requirements.txt (line 21))
#13 83.50   Downloading werkzeug-3.0.3-py3-none-any.whl.metadata (3.7 kB)
#13 83.96 Collecting wrapt>=1.11.2 (from -r requirements.txt (line 22))
#13 83.99   Downloading wrapt-1.16.0-cp312-cp312-musllinux_1_1_x86_64.whl.metadata (6.6 kB)
#13 84.23 Collecting zope.event (from gevent==22.10.2->-r requirements.txt (line 4))
#13 84.26   Downloading zope.event-5.0-py3-none-any.whl.metadata (4.4 kB)
#13 84.99 Collecting zope.interface (from gevent==22.10.2->-r requirements.txt (line 4))
#13 85.01   Downloading zope.interface-6.4.post2.tar.gz (294 kB)
#13 85.29   Preparing metadata (setup.py): started
#13 86.49   Preparing metadata (setup.py): finished with status 'done'
#13 86.51 Requirement already satisfied: setuptools in /usr/local/lib/python3.12/site-packages (from gevent==22.10.2->-r requirements.txt (line 4)) (71.1.0)
#13 86.87 Collecting platformdirs>=2.2.0 (from pylint>=2.4.4->-r requirements.txt (line 16))
#13 86.88   Downloading platformdirs-4.2.2-py3-none-any.whl.metadata (11 kB)
#13 87.33 Collecting tomlkit>=0.10.1 (from pylint>=2.4.4->-r requirements.txt (line 16))
#13 87.35   Downloading tomlkit-0.13.0-py3-none-any.whl.metadata (2.7 kB)
#13 87.41 Collecting dill>=0.3.6 (from pylint>=2.4.4->-r requirements.txt (line 16))
#13 87.43   Downloading dill-0.3.8-py3-none-any.whl.metadata (10 kB)
#13 87.64 Downloading Flask-2.2.3-py3-none-any.whl (101 kB)
#13 87.66 Downloading astroid-3.2.4-py3-none-any.whl (276 kB)
#13 87.68 Downloading click-8.1.7-py3-none-any.whl (97 kB)
#13 87.70 Downloading isort-5.13.2-py3-none-any.whl (92 kB)
#13 87.71 Downloading itsdangerous-2.2.0-py3-none-any.whl (16 kB)
#13 87.73 Downloading jinja2-3.1.4-py3-none-any.whl (133 kB)
#13 87.74 Downloading lazy_object_proxy-1.10.0-cp312-cp312-musllinux_1_1_x86_64.whl (75 kB)
#13 87.75 Downloading MarkupSafe-2.1.5-cp312-cp312-musllinux_1_1_x86_64.whl (33 kB)
#13 87.77 Downloading mccabe-0.7.0-py2.py3-none-any.whl (7.3 kB)
#13 87.78 Downloading natsort-8.4.0-py3-none-any.whl (38 kB)
#13 87.79 Downloading pylint-3.2.6-py3-none-any.whl (519 kB)
#13 87.81 Downloading pyparsing-3.1.2-py3-none-any.whl (103 kB)
#13 87.82 Downloading rarfile-4.2-py3-none-any.whl (29 kB)
#13 87.84 Downloading six-1.16.0-py2.py3-none-any.whl (11 kB)
#13 87.85 Downloading werkzeug-3.0.3-py3-none-any.whl (227 kB)
#13 87.87 Downloading wrapt-1.16.0-cp312-cp312-musllinux_1_1_x86_64.whl (91 kB)
#13 87.89 Downloading dill-0.3.8-py3-none-any.whl (116 kB)
#13 87.91 Downloading platformdirs-4.2.2-py3-none-any.whl (18 kB)
#13 87.93 Downloading tomlkit-0.13.0-py3-none-any.whl (37 kB)
#13 87.94 Downloading zope.event-5.0-py3-none-any.whl (6.8 kB)
#13 88.13 Building wheels for collected packages: gevent, greenlet, Pillow, peewee, progressbar, typed-ast, zope.interface
#13 88.13   Building wheel for gevent (pyproject.toml): started
#13 124.1   Building wheel for gevent (pyproject.toml): finished with status 'error'
#13 124.2   error: subprocess-exited-with-error
#13 124.2   
#13 124.2   × Building wheel for gevent (pyproject.toml) did not run successfully.
#13 124.2   │ exit code: 1
#13 124.2   ╰─> [363 lines of output]
#13 124.2       /tmp/pip-build-env-4ey3j1un/overlay/lib/python3.12/site-packages/setuptools/_distutils/dist.py:268: UserWarning: Unknown distribution option: 'test_suite'
#13 124.2         warnings.warn(msg)
#13 124.2       running bdist_wheel
#13 124.2       running build
#13 124.2       running build_py
#13 124.2       creating build
#13 124.2       creating build/lib.linux-x86_64-cpython-312
#13 124.2       creating build/lib.linux-x86_64-cpython-312/gevent
#13 124.2       copying src/gevent/__init__.py -> build/lib.linux-x86_64-cpython-312/gevent
#13 124.2       copying src/gevent/_abstract_linkable.py -> build/lib.linux-x86_64-cpython-312/gevent
#13 124.2       copying src/gevent/_compat.py -> build/lib.linux-x86_64-cpython-312/gevent
#13 124.2       copying src/gevent/_config.py -> build/lib.linux-x86_64-cpython-312/gevent
#13 124.2       copying src/gevent/_fileobjectcommon.py -> build/lib.linux-x86_64-cpython-312/gevent
#13 124.2       copying src/gevent/_fileobjectposix.py -> build/lib.linux-x86_64-cpython-312/gevent
#13 124.2       copying src/gevent/_greenlet_primitives.py -> build/lib.linux-x86_64-cpython-312/gevent
#13 124.2       copying src/gevent/_hub_local.py -> build/lib.linux-x86_64-cpython-312/gevent
#13 124.2       copying src/gevent/_hub_primitives.py -> build/lib.linux-x86_64-cpython-312/gevent
#13 124.2       copying src/gevent/_ident.py -> build/lib.linux-x86_64-cpython-312/gevent
#13 124.2       copying src/gevent/_imap.py -> build/lib.linux-x86_64-cpython-312/gevent
#13 124.2       copying src/gevent/_interfaces.py -> build/lib.linux-x86_64-cpython-312/gevent
#13 124.2       copying src/gevent/_monitor.py -> build/lib.linux-x86_64-cpython-312/gevent
#13 124.2       copying src/gevent/_patcher.py -> build/lib.linux-x86_64-cpython-312/gevent
#13 124.2       copying src/gevent/_semaphore.py -> build/lib.linux-x86_64-cpython-312/gevent
#13 124.2       copying src/gevent/_socket2.py -> build/lib.linux-x86_64-cpython-312/gevent
#13 124.2       copying src/gevent/_socket3.py -> build/lib.linux-x86_64-cpython-312/gevent
#13 124.2       copying src/gevent/_socketcommon.py -> build/lib.linux-x86_64-cpython-312/gevent
#13 124.2       copying src/gevent/_ssl2.py -> build/lib.linux-x86_64-cpython-312/gevent
#13 124.2       copying src/gevent/_ssl3.py -> build/lib.linux-x86_64-cpython-312/gevent
#13 124.2       copying src/gevent/_sslgte279.py -> build/lib.linux-x86_64-cpython-312/gevent
#13 124.2       copying src/gevent/_tblib.py -> build/lib.linux-x86_64-cpython-312/gevent
#13 124.2       copying src/gevent/_threading.py -> build/lib.linux-x86_64-cpython-312/gevent
#13 124.2       copying src/gevent/_tracer.py -> build/lib.linux-x86_64-cpython-312/gevent
#13 124.2       copying src/gevent/_util.py -> build/lib.linux-x86_64-cpython-312/gevent
#13 124.2       copying src/gevent/_util_py2.py -> build/lib.linux-x86_64-cpython-312/gevent
#13 124.2       copying src/gevent/_waiter.py -> build/lib.linux-x86_64-cpython-312/gevent
#13 124.2       copying src/gevent/ares.py -> build/lib.linux-x86_64-cpython-312/gevent
#13 124.2       copying src/gevent/backdoor.py -> build/lib.linux-x86_64-cpython-312/gevent
#13 124.2       copying src/gevent/baseserver.py -> build/lib.linux-x86_64-cpython-312/gevent
#13 124.2       copying src/gevent/builtins.py -> build/lib.linux-x86_64-cpython-312/gevent
#13 124.2       copying src/gevent/contextvars.py -> build/lib.linux-x86_64-cpython-312/gevent
#13 124.2       copying src/gevent/core.py -> build/lib.linux-x86_64-cpython-312/gevent
#13 124.2       copying src/gevent/event.py -> build/lib.linux-x86_64-cpython-312/gevent
#13 124.2       copying src/gevent/events.py -> build/lib.linux-x86_64-cpython-312/gevent
#13 124.2       copying src/gevent/exceptions.py -> build/lib.linux-x86_64-cpython-312/gevent
#13 124.2       copying src/gevent/fileobject.py -> build/lib.linux-x86_64-cpython-312/gevent
#13 124.2       copying src/gevent/greenlet.py -> build/lib.linux-x86_64-cpython-312/gevent
#13 124.2       copying src/gevent/hub.py -> build/lib.linux-x86_64-cpython-312/gevent
#13 124.2       copying src/gevent/local.py -> build/lib.linux-x86_64-cpython-312/gevent
#13 124.2       copying src/gevent/lock.py -> build/lib.linux-x86_64-cpython-312/gevent
#13 124.2       copying src/gevent/monkey.py -> build/lib.linux-x86_64-cpython-312/gevent
#13 124.2       copying src/gevent/os.py -> build/lib.linux-x86_64-cpython-312/gevent
#13 124.2       copying src/gevent/pool.py -> build/lib.linux-x86_64-cpython-312/gevent
#13 124.2       copying src/gevent/pywsgi.py -> build/lib.linux-x86_64-cpython-312/gevent
#13 124.2       copying src/gevent/queue.py -> build/lib.linux-x86_64-cpython-312/gevent
#13 124.2       copying src/gevent/resolver_ares.py -> build/lib.linux-x86_64-cpython-312/gevent
#13 124.2       copying src/gevent/resolver_thread.py -> build/lib.linux-x86_64-cpython-312/gevent
#13 124.2       copying src/gevent/select.py -> build/lib.linux-x86_64-cpython-312/gevent
#13 124.2       copying src/gevent/selectors.py -> build/lib.linux-x86_64-cpython-312/gevent
#13 124.2       copying src/gevent/server.py -> build/lib.linux-x86_64-cpython-312/gevent
#13 124.2       copying src/gevent/signal.py -> build/lib.linux-x86_64-cpython-312/gevent
#13 124.2       copying src/gevent/socket.py -> build/lib.linux-x86_64-cpython-312/gevent
#13 124.2       copying src/gevent/ssl.py -> build/lib.linux-x86_64-cpython-312/gevent
#13 124.2       copying src/gevent/subprocess.py -> build/lib.linux-x86_64-cpython-312/gevent
#13 124.2       copying src/gevent/thread.py -> build/lib.linux-x86_64-cpython-312/gevent
#13 124.2       copying src/gevent/threading.py -> build/lib.linux-x86_64-cpython-312/gevent
#13 124.2       copying src/gevent/threadpool.py -> build/lib.linux-x86_64-cpython-312/gevent
#13 124.2       copying src/gevent/time.py -> build/lib.linux-x86_64-cpython-312/gevent
#13 124.2       copying src/gevent/timeout.py -> build/lib.linux-x86_64-cpython-312/gevent
#13 124.2       copying src/gevent/util.py -> build/lib.linux-x86_64-cpython-312/gevent
#13 124.2       copying src/gevent/win32util.py -> build/lib.linux-x86_64-cpython-312/gevent
#13 124.2       creating build/lib.linux-x86_64-cpython-312/gevent/_ffi
#13 124.2       copying src/gevent/_ffi/__init__.py -> build/lib.linux-x86_64-cpython-312/gevent/_ffi
#13 124.2       copying src/gevent/_ffi/callback.py -> build/lib.linux-x86_64-cpython-312/gevent/_ffi
#13 124.2       copying src/gevent/_ffi/loop.py -> build/lib.linux-x86_64-cpython-312/gevent/_ffi
#13 124.2       copying src/gevent/_ffi/watcher.py -> build/lib.linux-x86_64-cpython-312/gevent/_ffi
#13 124.2       creating build/lib.linux-x86_64-cpython-312/gevent/libev
#13 124.2       copying src/gevent/libev/__init__.py -> build/lib.linux-x86_64-cpython-312/gevent/libev
#13 124.2       copying src/gevent/libev/_corecffi_build.py -> build/lib.linux-x86_64-cpython-312/gevent/libev
#13 124.2       copying src/gevent/libev/corecffi.py -> build/lib.linux-x86_64-cpython-312/gevent/libev
#13 124.2       copying src/gevent/libev/watcher.py -> build/lib.linux-x86_64-cpython-312/gevent/libev
#13 124.2       creating build/lib.linux-x86_64-cpython-312/gevent/libuv
#13 124.2       copying src/gevent/libuv/__init__.py -> build/lib.linux-x86_64-cpython-312/gevent/libuv
#13 124.2       copying src/gevent/libuv/_corecffi_build.py -> build/lib.linux-x86_64-cpython-312/gevent/libuv
#13 124.2       copying src/gevent/libuv/loop.py -> build/lib.linux-x86_64-cpython-312/gevent/libuv
#13 124.2       copying src/gevent/libuv/watcher.py -> build/lib.linux-x86_64-cpython-312/gevent/libuv
#13 124.2       creating build/lib.linux-x86_64-cpython-312/gevent/resolver
#13 124.2       copying src/gevent/resolver/__init__.py -> build/lib.linux-x86_64-cpython-312/gevent/resolver
#13 124.2       copying src/gevent/resolver/_addresses.py -> build/lib.linux-x86_64-cpython-312/gevent/resolver
#13 124.2       copying src/gevent/resolver/_hostsfile.py -> build/lib.linux-x86_64-cpython-312/gevent/resolver
#13 124.2       copying src/gevent/resolver/ares.py -> build/lib.linux-x86_64-cpython-312/gevent/resolver
#13 124.2       copying src/gevent/resolver/blocking.py -> build/lib.linux-x86_64-cpython-312/gevent/resolver
#13 124.2       copying src/gevent/resolver/dnspython.py -> build/lib.linux-x86_64-cpython-312/gevent/resolver
#13 124.2       copying src/gevent/resolver/thread.py -> build/lib.linux-x86_64-cpython-312/gevent/resolver
#13 124.2       creating build/lib.linux-x86_64-cpython-312/gevent/testing
#13 124.2       copying src/gevent/testing/__init__.py -> build/lib.linux-x86_64-cpython-312/gevent/testing
#13 124.2       copying src/gevent/testing/errorhandler.py -> build/lib.linux-x86_64-cpython-312/gevent/testing
#13 124.2       copying src/gevent/testing/exception.py -> build/lib.linux-x86_64-cpython-312/gevent/testing
#13 124.2       copying src/gevent/testing/flaky.py -> build/lib.linux-x86_64-cpython-312/gevent/testing
#13 124.2       copying src/gevent/testing/hub.py -> build/lib.linux-x86_64-cpython-312/gevent/testing
#13 124.2       copying src/gevent/testing/leakcheck.py -> build/lib.linux-x86_64-cpython-312/gevent/testing
#13 124.2       copying src/gevent/testing/modules.py -> build/lib.linux-x86_64-cpython-312/gevent/testing
#13 124.2       copying src/gevent/testing/monkey_test.py -> build/lib.linux-x86_64-cpython-312/gevent/testing
#13 124.2       copying src/gevent/testing/openfiles.py -> build/lib.linux-x86_64-cpython-312/gevent/testing
#13 124.2       copying src/gevent/testing/params.py -> build/lib.linux-x86_64-cpython-312/gevent/testing
#13 124.2       copying src/gevent/testing/patched_tests_setup.py -> build/lib.linux-x86_64-cpython-312/gevent/testing
#13 124.2       copying src/gevent/testing/resources.py -> build/lib.linux-x86_64-cpython-312/gevent/testing
#13 124.2       copying src/gevent/testing/six.py -> build/lib.linux-x86_64-cpython-312/gevent/testing
#13 124.2       copying src/gevent/testing/skipping.py -> build/lib.linux-x86_64-cpython-312/gevent/testing
#13 124.2       copying src/gevent/testing/sockets.py -> build/lib.linux-x86_64-cpython-312/gevent/testing
#13 124.2       copying src/gevent/testing/support.py -> build/lib.linux-x86_64-cpython-312/gevent/testing
#13 124.2       copying src/gevent/testing/switching.py -> build/lib.linux-x86_64-cpython-312/gevent/testing
#13 124.2       copying src/gevent/testing/sysinfo.py -> build/lib.linux-x86_64-cpython-312/gevent/testing
#13 124.2       copying src/gevent/testing/testcase.py -> build/lib.linux-x86_64-cpython-312/gevent/testing
#13 124.2       copying src/gevent/testing/testrunner.py -> build/lib.linux-x86_64-cpython-312/gevent/testing
#13 124.2       copying src/gevent/testing/timing.py -> build/lib.linux-x86_64-cpython-312/gevent/testing
#13 124.2       copying src/gevent/testing/travis.py -> build/lib.linux-x86_64-cpython-312/gevent/testing
#13 124.2       copying src/gevent/testing/util.py -> build/lib.linux-x86_64-cpython-312/gevent/testing
#13 124.2       creating build/lib.linux-x86_64-cpython-312/gevent/tests
#13 124.2       copying src/gevent/tests/__init__.py -> build/lib.linux-x86_64-cpython-312/gevent/tests
#13 124.2       copying src/gevent/tests/__main__.py -> build/lib.linux-x86_64-cpython-312/gevent/tests
#13 124.2       copying src/gevent/tests/_blocks_at_top_level.py -> build/lib.linux-x86_64-cpython-312/gevent/tests
#13 124.2       copying src/gevent/tests/_import_import_patch.py -> build/lib.linux-x86_64-cpython-312/gevent/tests
#13 124.2       copying src/gevent/tests/_import_patch.py -> build/lib.linux-x86_64-cpython-312/gevent/tests
#13 124.2       copying src/gevent/tests/_import_wait.py -> build/lib.linux-x86_64-cpython-312/gevent/tests
#13 124.2       copying src/gevent/tests/_imports_at_top_level.py -> build/lib.linux-x86_64-cpython-312/gevent/tests
#13 124.2       copying src/gevent/tests/_imports_imports_at_top_level.py -> build/lib.linux-x86_64-cpython-312/gevent/tests
#13 124.2       copying src/gevent/tests/getaddrinfo_module.py -> build/lib.linux-x86_64-cpython-312/gevent/tests
#13 124.2       copying src/gevent/tests/known_failures.py -> build/lib.linux-x86_64-cpython-312/gevent/tests
#13 124.2       copying src/gevent/tests/lock_tests.py -> build/lib.linux-x86_64-cpython-312/gevent/tests
#13 124.2       copying src/gevent/tests/test__GreenletExit.py -> build/lib.linux-x86_64-cpython-312/gevent/tests
#13 124.2       copying src/gevent/tests/test___config.py -> build/lib.linux-x86_64-cpython-312/gevent/tests
#13 124.2       copying src/gevent/tests/test___ident.py -> build/lib.linux-x86_64-cpython-312/gevent/tests
#13 124.2       copying src/gevent/tests/test___monitor.py -> build/lib.linux-x86_64-cpython-312/gevent/tests
#13 124.2       copying src/gevent/tests/test___monkey_patching.py -> build/lib.linux-x86_64-cpython-312/gevent/tests
#13 124.2       copying src/gevent/tests/test__all__.py -> build/lib.linux-x86_64-cpython-312/gevent/tests
#13 124.2       copying src/gevent/tests/test__api.py -> build/lib.linux-x86_64-cpython-312/gevent/tests
#13 124.2       copying src/gevent/tests/test__api_timeout.py -> build/lib.linux-x86_64-cpython-312/gevent/tests
#13 124.2       copying src/gevent/tests/test__ares_host_result.py -> build/lib.linux-x86_64-cpython-312/gevent/tests
#13 124.2       copying src/gevent/tests/test__ares_timeout.py -> build/lib.linux-x86_64-cpython-312/gevent/tests
#13 124.2       copying src/gevent/tests/test__backdoor.py -> build/lib.linux-x86_64-cpython-312/gevent/tests
#13 124.2       copying src/gevent/tests/test__close_backend_fd.py -> build/lib.linux-x86_64-cpython-312/gevent/tests
#13 124.2       copying src/gevent/tests/test__compat.py -> build/lib.linux-x86_64-cpython-312/gevent/tests
#13 124.2       copying src/gevent/tests/test__contextvars.py -> build/lib.linux-x86_64-cpython-312/gevent/tests
#13 124.2       copying src/gevent/tests/test__core.py -> build/lib.linux-x86_64-cpython-312/gevent/tests
#13 124.2       copying src/gevent/tests/test__core_async.py -> build/lib.linux-x86_64-cpython-312/gevent/tests
#13 124.2       copying src/gevent/tests/test__core_callback.py -> build/lib.linux-x86_64-cpython-312/gevent/tests
#13 124.2       copying src/gevent/tests/test__core_fork.py -> build/lib.linux-x86_64-cpython-312/gevent/tests
#13 124.2       copying src/gevent/tests/test__core_loop_run.py -> build/lib.linux-x86_64-cpython-312/gevent/tests
#13 124.2       copying src/gevent/tests/test__core_stat.py -> build/lib.linux-x86_64-cpython-312/gevent/tests
#13 124.2       copying src/gevent/tests/test__core_timer.py -> build/lib.linux-x86_64-cpython-312/gevent/tests
#13 124.2       copying src/gevent/tests/test__core_watcher.py -> build/lib.linux-x86_64-cpython-312/gevent/tests
#13 124.2       copying src/gevent/tests/test__destroy.py -> build/lib.linux-x86_64-cpython-312/gevent/tests
#13 124.2       copying src/gevent/tests/test__destroy_default_loop.py -> build/lib.linux-x86_64-cpython-312/gevent/tests
#13 124.2       copying src/gevent/tests/test__doctests.py -> build/lib.linux-x86_64-cpython-312/gevent/tests
#13 124.2       copying src/gevent/tests/test__environ.py -> build/lib.linux-x86_64-cpython-312/gevent/tests
#13 124.2       copying src/gevent/tests/test__event.py -> build/lib.linux-x86_64-cpython-312/gevent/tests
#13 124.2       copying src/gevent/tests/test__events.py -> build/lib.linux-x86_64-cpython-312/gevent/tests
#13 124.2       copying src/gevent/tests/test__example_echoserver.py -> build/lib.linux-x86_64-cpython-312/gevent/tests
#13 124.2       copying src/gevent/tests/test__example_portforwarder.py -> build/lib.linux-x86_64-cpython-312/gevent/tests
#13 124.2       copying src/gevent/tests/test__example_udp_client.py -> build/lib.linux-x86_64-cpython-312/gevent/tests
#13 124.2       copying src/gevent/tests/test__example_udp_server.py -> build/lib.linux-x86_64-cpython-312/gevent/tests
#13 124.2       copying src/gevent/tests/test__example_webproxy.py -> build/lib.linux-x86_64-cpython-312/gevent/tests
#13 124.2       copying src/gevent/tests/test__example_wsgiserver.py -> build/lib.linux-x86_64-cpython-312/gevent/tests
#13 124.2       copying src/gevent/tests/test__example_wsgiserver_ssl.py -> build/lib.linux-x86_64-cpython-312/gevent/tests
#13 124.2       copying src/gevent/tests/test__examples.py -> build/lib.linux-x86_64-cpython-312/gevent/tests
#13 124.2       copying src/gevent/tests/test__exc_info.py -> build/lib.linux-x86_64-cpython-312/gevent/tests
#13 124.2       copying src/gevent/tests/test__execmodules.py -> build/lib.linux-x86_64-cpython-312/gevent/tests
#13 124.2       copying src/gevent/tests/test__fileobject.py -> build/lib.linux-x86_64-cpython-312/gevent/tests
#13 124.2       copying src/gevent/tests/test__getaddrinfo_import.py -> build/lib.linux-x86_64-cpython-312/gevent/tests
#13 124.2       copying src/gevent/tests/test__greenio.py -> build/lib.linux-x86_64-cpython-312/gevent/tests
#13 124.2       copying src/gevent/tests/test__greenlet.py -> build/lib.linux-x86_64-cpython-312/gevent/tests
#13 124.2       copying src/gevent/tests/test__greenletset.py -> build/lib.linux-x86_64-cpython-312/gevent/tests
#13 124.2       copying src/gevent/tests/test__greenness.py -> build/lib.linux-x86_64-cpython-312/gevent/tests
#13 124.2       copying src/gevent/tests/test__hub.py -> build/lib.linux-x86_64-cpython-312/gevent/tests
#13 124.2       copying src/gevent/tests/test__hub_join.py -> build/lib.linux-x86_64-cpython-312/gevent/tests
#13 124.2       copying src/gevent/tests/test__hub_join_timeout.py -> build/lib.linux-x86_64-cpython-312/gevent/tests
#13 124.2       copying src/gevent/tests/test__import_blocking_in_greenlet.py -> build/lib.linux-x86_64-cpython-312/gevent/tests
#13 124.2       copying src/gevent/tests/test__import_wait.py -> build/lib.linux-x86_64-cpython-312/gevent/tests
#13 124.2       copying src/gevent/tests/test__issue112.py -> build/lib.linux-x86_64-cpython-312/gevent/tests
#13 124.2       copying src/gevent/tests/test__issue1686.py -> build/lib.linux-x86_64-cpython-312/gevent/tests
#13 124.2       copying src/gevent/tests/test__issue1864.py -> build/lib.linux-x86_64-cpython-312/gevent/tests
#13 124.2       copying src/gevent/tests/test__issue230.py -> build/lib.linux-x86_64-cpython-312/gevent/tests
#13 124.2       copying src/gevent/tests/test__issue330.py -> build/lib.linux-x86_64-cpython-312/gevent/tests
#13 124.2       copying src/gevent/tests/test__issue467.py -> build/lib.linux-x86_64-cpython-312/gevent/tests
#13 124.2       copying src/gevent/tests/test__issue6.py -> build/lib.linux-x86_64-cpython-312/gevent/tests
#13 124.2       copying src/gevent/tests/test__issue600.py -> build/lib.linux-x86_64-cpython-312/gevent/tests
#13 124.2       copying src/gevent/tests/test__issue607.py -> build/lib.linux-x86_64-cpython-312/gevent/tests
#13 124.2       copying src/gevent/tests/test__issue639.py -> build/lib.linux-x86_64-cpython-312/gevent/tests
#13 124.2       copying src/gevent/tests/test__issue_728.py -> build/lib.linux-x86_64-cpython-312/gevent/tests
#13 124.2       copying src/gevent/tests/test__issues461_471.py -> build/lib.linux-x86_64-cpython-312/gevent/tests
#13 124.2       copying src/gevent/tests/test__iwait.py -> build/lib.linux-x86_64-cpython-312/gevent/tests
#13 124.2       copying src/gevent/tests/test__joinall.py -> build/lib.linux-x86_64-cpython-312/gevent/tests
#13 124.2       copying src/gevent/tests/test__local.py -> build/lib.linux-x86_64-cpython-312/gevent/tests
#13 124.2       copying src/gevent/tests/test__lock.py -> build/lib.linux-x86_64-cpython-312/gevent/tests
#13 124.2       copying src/gevent/tests/test__loop_callback.py -> build/lib.linux-x86_64-cpython-312/gevent/tests
#13 124.2       copying src/gevent/tests/test__makefile_ref.py -> build/lib.linux-x86_64-cpython-312/gevent/tests
#13 124.2       copying src/gevent/tests/test__memleak.py -> build/lib.linux-x86_64-cpython-312/gevent/tests
#13 124.2       copying src/gevent/tests/test__monkey.py -> build/lib.linux-x86_64-cpython-312/gevent/tests
#13 124.2       copying src/gevent/tests/test__monkey_builtins_future.py -> build/lib.linux-x86_64-cpython-312/gevent/tests
#13 124.2       copying src/gevent/tests/test__monkey_futures_thread.py -> build/lib.linux-x86_64-cpython-312/gevent/tests
#13 124.2       copying src/gevent/tests/test__monkey_hub_in_thread.py -> build/lib.linux-x86_64-cpython-312/gevent/tests
#13 124.2       copying src/gevent/tests/test__monkey_logging.py -> build/lib.linux-x86_64-cpython-312/gevent/tests
#13 124.2       copying src/gevent/tests/test__monkey_module_run.py -> build/lib.linux-x86_64-cpython-312/gevent/tests
#13 124.2       copying src/gevent/tests/test__monkey_multiple_imports.py -> build/lib.linux-x86_64-cpython-312/gevent/tests
#13 124.2       copying src/gevent/tests/test__monkey_queue.py -> build/lib.linux-x86_64-cpython-312/gevent/tests
#13 124.2       copying src/gevent/tests/test__monkey_select.py -> build/lib.linux-x86_64-cpython-312/gevent/tests
#13 124.2       copying src/gevent/tests/test__monkey_selectors.py -> build/lib.linux-x86_64-cpython-312/gevent/tests
#13 124.2       copying src/gevent/tests/test__monkey_sigchld.py -> build/lib.linux-x86_64-cpython-312/gevent/tests
#13 124.2       copying src/gevent/tests/test__monkey_sigchld_2.py -> build/lib.linux-x86_64-cpython-312/gevent/tests
#13 124.2       copying src/gevent/tests/test__monkey_sigchld_3.py -> build/lib.linux-x86_64-cpython-312/gevent/tests
#13 124.2       copying src/gevent/tests/test__monkey_ssl_warning.py -> build/lib.linux-x86_64-cpython-312/gevent/tests
#13 124.2       copying src/gevent/tests/test__monkey_ssl_warning2.py -> build/lib.linux-x86_64-cpython-312/gevent/tests
#13 124.2       copying src/gevent/tests/test__monkey_ssl_warning3.py -> build/lib.linux-x86_64-cpython-312/gevent/tests
#13 124.2       copying src/gevent/tests/test__nondefaultloop.py -> build/lib.linux-x86_64-cpython-312/gevent/tests
#13 124.2       copying src/gevent/tests/test__order.py -> build/lib.linux-x86_64-cpython-312/gevent/tests
#13 124.2       copying src/gevent/tests/test__os.py -> build/lib.linux-x86_64-cpython-312/gevent/tests
#13 124.2       copying src/gevent/tests/test__pool.py -> build/lib.linux-x86_64-cpython-312/gevent/tests
#13 124.2       copying src/gevent/tests/test__pywsgi.py -> build/lib.linux-x86_64-cpython-312/gevent/tests
#13 124.2       copying src/gevent/tests/test__queue.py -> build/lib.linux-x86_64-cpython-312/gevent/tests
#13 124.2       copying src/gevent/tests/test__real_greenlet.py -> build/lib.linux-x86_64-cpython-312/gevent/tests
#13 124.2       copying src/gevent/tests/test__refcount.py -> build/lib.linux-x86_64-cpython-312/gevent/tests
#13 124.2       copying src/gevent/tests/test__refcount_core.py -> build/lib.linux-x86_64-cpython-312/gevent/tests
#13 124.2       copying src/gevent/tests/test__resolver_dnspython.py -> build/lib.linux-x86_64-cpython-312/gevent/tests
#13 124.2       copying src/gevent/tests/test__select.py -> build/lib.linux-x86_64-cpython-312/gevent/tests
#13 124.2       copying src/gevent/tests/test__selectors.py -> build/lib.linux-x86_64-cpython-312/gevent/tests
#13 124.2       copying src/gevent/tests/test__semaphore.py -> build/lib.linux-x86_64-cpython-312/gevent/tests
#13 124.2       copying src/gevent/tests/test__server.py -> build/lib.linux-x86_64-cpython-312/gevent/tests
#13 124.2       copying src/gevent/tests/test__server_pywsgi.py -> build/lib.linux-x86_64-cpython-312/gevent/tests
#13 124.2       copying src/gevent/tests/test__signal.py -> build/lib.linux-x86_64-cpython-312/gevent/tests
#13 124.2       copying src/gevent/tests/test__sleep0.py -> build/lib.linux-x86_64-cpython-312/gevent/tests
#13 124.2       copying src/gevent/tests/test__socket.py -> build/lib.linux-x86_64-cpython-312/gevent/tests
#13 124.2       copying src/gevent/tests/test__socket_close.py -> build/lib.linux-x86_64-cpython-312/gevent/tests
#13 124.2       copying src/gevent/tests/test__socket_dns.py -> build/lib.linux-x86_64-cpython-312/gevent/tests
#13 124.2       copying src/gevent/tests/test__socket_dns6.py -> build/lib.linux-x86_64-cpython-312/gevent/tests
#13 124.2       copying src/gevent/tests/test__socket_errors.py -> build/lib.linux-x86_64-cpython-312/gevent/tests
#13 124.2       copying src/gevent/tests/test__socket_ex.py -> build/lib.linux-x86_64-cpython-312/gevent/tests
#13 124.2       copying src/gevent/tests/test__socket_send_memoryview.py -> build/lib.linux-x86_64-cpython-312/gevent/tests
#13 124.2       copying src/gevent/tests/test__socket_ssl.py -> build/lib.linux-x86_64-cpython-312/gevent/tests
#13 124.2       copying src/gevent/tests/test__socket_timeout.py -> build/lib.linux-x86_64-cpython-312/gevent/tests
#13 124.2       copying src/gevent/tests/test__socketpair.py -> build/lib.linux-x86_64-cpython-312/gevent/tests
#13 124.2       copying src/gevent/tests/test__ssl.py -> build/lib.linux-x86_64-cpython-312/gevent/tests
#13 124.2       copying src/gevent/tests/test__subprocess.py -> build/lib.linux-x86_64-cpython-312/gevent/tests
#13 124.2       copying src/gevent/tests/test__subprocess_interrupted.py -> build/lib.linux-x86_64-cpython-312/gevent/tests
#13 124.2       copying src/gevent/tests/test__subprocess_poll.py -> build/lib.linux-x86_64-cpython-312/gevent/tests
#13 124.2       copying src/gevent/tests/test__systemerror.py -> build/lib.linux-x86_64-cpython-312/gevent/tests
#13 124.2       copying src/gevent/tests/test__thread.py -> build/lib.linux-x86_64-cpython-312/gevent/tests
#13 124.2       copying src/gevent/tests/test__threading.py -> build/lib.linux-x86_64-cpython-312/gevent/tests
#13 124.2       copying src/gevent/tests/test__threading_2.py -> build/lib.linux-x86_64-cpython-312/gevent/tests
#13 124.2       copying src/gevent/tests/test__threading_before_monkey.py -> build/lib.linux-x86_64-cpython-312/gevent/tests
#13 124.2       copying src/gevent/tests/test__threading_holding_lock_while_monkey.py -> build/lib.linux-x86_64-cpython-312/gevent/tests
#13 124.2       copying src/gevent/tests/test__threading_monkey_in_thread.py -> build/lib.linux-x86_64-cpython-312/gevent/tests
#13 124.2       copying src/gevent/tests/test__threading_native_before_monkey.py -> build/lib.linux-x86_64-cpython-312/gevent/tests
#13 124.2       copying src/gevent/tests/test__threading_no_monkey.py -> build/lib.linux-x86_64-cpython-312/gevent/tests
#13 124.2       copying src/gevent/tests/test__threading_patched_local.py -> build/lib.linux-x86_64-cpython-312/gevent/tests
#13 124.2       copying src/gevent/tests/test__threading_vs_settrace.py -> build/lib.linux-x86_64-cpython-312/gevent/tests
#13 124.2       copying src/gevent/tests/test__threadpool.py -> build/lib.linux-x86_64-cpython-312/gevent/tests
#13 124.2       copying src/gevent/tests/test__threadpool_executor_patched.py -> build/lib.linux-x86_64-cpython-312/gevent/tests
#13 124.2       copying src/gevent/tests/test__timeout.py -> build/lib.linux-x86_64-cpython-312/gevent/tests
#13 124.2       copying src/gevent/tests/test__util.py -> build/lib.linux-x86_64-cpython-312/gevent/tests
#13 124.2       creating build/lib.linux-x86_64-cpython-312/gevent/tests/monkey_package
#13 124.2       copying src/gevent/tests/monkey_package/__init__.py -> build/lib.linux-x86_64-cpython-312/gevent/tests/monkey_package
#13 124.2       copying src/gevent/tests/monkey_package/__main__.py -> build/lib.linux-x86_64-cpython-312/gevent/tests/monkey_package
#13 124.2       copying src/gevent/tests/monkey_package/issue1526_no_monkey.py -> build/lib.linux-x86_64-cpython-312/gevent/tests/monkey_package
#13 124.2       copying src/gevent/tests/monkey_package/issue1526_with_monkey.py -> build/lib.linux-x86_64-cpython-312/gevent/tests/monkey_package
#13 124.2       copying src/gevent/tests/monkey_package/issue302monkey.py -> build/lib.linux-x86_64-cpython-312/gevent/tests/monkey_package
#13 124.2       copying src/gevent/tests/monkey_package/script.py -> build/lib.linux-x86_64-cpython-312/gevent/tests/monkey_package
#13 124.2       copying src/gevent/tests/monkey_package/threadpool_monkey_patches.py -> build/lib.linux-x86_64-cpython-312/gevent/tests/monkey_package
#13 124.2       copying src/gevent/tests/monkey_package/threadpool_no_monkey.py -> build/lib.linux-x86_64-cpython-312/gevent/tests/monkey_package
#13 124.2       creating build/lib.linux-x86_64-cpython-312/gevent/testing/coveragesite
#13 124.2       copying src/gevent/testing/coveragesite/sitecustomize.py -> build/lib.linux-x86_64-cpython-312/gevent/testing/coveragesite
#13 124.2       copying src/gevent/tests/2_7_keycert.pem -> build/lib.linux-x86_64-cpython-312/gevent/tests
#13 124.2       copying src/gevent/tests/badcert.pem -> build/lib.linux-x86_64-cpython-312/gevent/tests
#13 124.2       copying src/gevent/tests/badkey.pem -> build/lib.linux-x86_64-cpython-312/gevent/tests
#13 124.2       copying src/gevent/tests/https_svn_python_org_root.pem -> build/lib.linux-x86_64-cpython-312/gevent/tests
#13 124.2       copying src/gevent/tests/keycert.pem -> build/lib.linux-x86_64-cpython-312/gevent/tests
#13 124.2       copying src/gevent/tests/nullcert.pem -> build/lib.linux-x86_64-cpython-312/gevent/tests
#13 124.2       copying src/gevent/tests/sha256.pem -> build/lib.linux-x86_64-cpython-312/gevent/tests
#13 124.2       copying src/gevent/tests/wrongcert.pem -> build/lib.linux-x86_64-cpython-312/gevent/tests
#13 124.2       copying src/gevent/tests/server.crt -> build/lib.linux-x86_64-cpython-312/gevent/tests
#13 124.2       copying src/gevent/tests/test_server.crt -> build/lib.linux-x86_64-cpython-312/gevent/tests
#13 124.2       copying src/gevent/tests/hosts_file.txt -> build/lib.linux-x86_64-cpython-312/gevent/tests
#13 124.2       copying src/gevent/tests/tests_that_dont_do_leakchecks.txt -> build/lib.linux-x86_64-cpython-312/gevent/tests
#13 124.2       copying src/gevent/tests/tests_that_dont_monkeypatch.txt -> build/lib.linux-x86_64-cpython-312/gevent/tests
#13 124.2       copying src/gevent/tests/tests_that_dont_use_resolver.txt -> build/lib.linux-x86_64-cpython-312/gevent/tests
#13 124.2       copying src/gevent/tests/server.key -> build/lib.linux-x86_64-cpython-312/gevent/tests
#13 124.2       copying src/gevent/tests/test_server.key -> build/lib.linux-x86_64-cpython-312/gevent/tests
#13 124.2       running build_ext
#13 124.2       generating cffi module 'build/temp.linux-x86_64-cpython-312/gevent.libuv._corecffi.c'
#13 124.2       creating build/temp.linux-x86_64-cpython-312
#13 124.2       Running '(cd  "/tmp/pip-install-rdqaag1m/gevent_0f7bb85ccdb54d0d8b61710404575e05/deps/libev"  && sh ./configure -C > configure-output.txt )' in /tmp/pip-install-rdqaag1m/gevent_0f7bb85ccdb54d0d8b61710404575e05
#13 124.2       ./configure: line 6414: /usr/bin/file: not found
#13 124.2       config.status: error: in `/tmp/pip-install-rdqaag1m/gevent_0f7bb85ccdb54d0d8b61710404575e05/deps/libev':
#13 124.2       config.status: error: Something went wrong bootstrapping makefile fragments
#13 124.2           for automatic dependency tracking.  Try re-running configure with the
#13 124.2           '--disable-dependency-tracking' option to at least be able to build
#13 124.2           the package (albeit without support for automatic dependency tracking).
#13 124.2       See `config.log' for more details
#13 124.2       Traceback (most recent call last):
#13 124.2         File "/usr/local/lib/python3.12/site-packages/pip/_vendor/pyproject_hooks/_in_process/_in_process.py", line 353, in <module>
#13 124.2           main()
#13 124.2         File "/usr/local/lib/python3.12/site-packages/pip/_vendor/pyproject_hooks/_in_process/_in_process.py", line 335, in main
#13 124.2           json_out['return_val'] = hook(**hook_input['kwargs'])
#13 124.2                                    ^^^^^^^^^^^^^^^^^^^^^^^^^^^^
#13 124.2         File "/usr/local/lib/python3.12/site-packages/pip/_vendor/pyproject_hooks/_in_process/_in_process.py", line 251, in build_wheel
#13 124.2           return _build_backend().build_wheel(wheel_directory, config_settings,
#13 124.2                  ^^^^^^^^^^^^^^^^^^^^^^^^^^^^^^^^^^^^^^^^^^^^^^^^^^^^^^^^^^^^^^
#13 124.2         File "/tmp/pip-build-env-4ey3j1un/overlay/lib/python3.12/site-packages/setuptools/build_meta.py", line 415, in build_wheel
#13 124.2           return self._build_with_temp_dir(
#13 124.2                  ^^^^^^^^^^^^^^^^^^^^^^^^^^
#13 124.2         File "/tmp/pip-build-env-4ey3j1un/overlay/lib/python3.12/site-packages/setuptools/build_meta.py", line 397, in _build_with_temp_dir
#13 124.2           self.run_setup()
#13 124.2         File "/tmp/pip-build-env-4ey3j1un/overlay/lib/python3.12/site-packages/setuptools/build_meta.py", line 313, in run_setup
#13 124.2           exec(code, locals())
#13 124.2         File "<string>", line 496, in <module>
#13 124.2         File "<string>", line 362, in run_setup
#13 124.2         File "/tmp/pip-build-env-4ey3j1un/overlay/lib/python3.12/site-packages/setuptools/__init__.py", line 108, in setup
#13 124.2           return distutils.core.setup(**attrs)
#13 124.2                  ^^^^^^^^^^^^^^^^^^^^^^^^^^^^^
#13 124.2         File "/tmp/pip-build-env-4ey3j1un/overlay/lib/python3.12/site-packages/setuptools/_distutils/core.py", line 184, in setup
#13 124.2           return run_commands(dist)
#13 124.2                  ^^^^^^^^^^^^^^^^^^
#13 124.2         File "/tmp/pip-build-env-4ey3j1un/overlay/lib/python3.12/site-packages/setuptools/_distutils/core.py", line 200, in run_commands
#13 124.2           dist.run_commands()
#13 124.2         File "/tmp/pip-build-env-4ey3j1un/overlay/lib/python3.12/site-packages/setuptools/_distutils/dist.py", line 970, in run_commands
#13 124.2           self.run_command(cmd)
#13 124.2         File "/tmp/pip-build-env-4ey3j1un/overlay/lib/python3.12/site-packages/setuptools/dist.py", line 945, in run_command
#13 124.2           super().run_command(command)
#13 124.2         File "/tmp/pip-build-env-4ey3j1un/overlay/lib/python3.12/site-packages/setuptools/_distutils/dist.py", line 989, in run_command
#13 124.2           cmd_obj.run()
#13 124.2         File "/tmp/pip-build-env-4ey3j1un/overlay/lib/python3.12/site-packages/setuptools/command/bdist_wheel.py", line 373, in run
#13 124.2           self.run_command("build")
#13 124.2         File "/tmp/pip-build-env-4ey3j1un/overlay/lib/python3.12/site-packages/setuptools/_distutils/cmd.py", line 316, in run_command
#13 124.2           self.distribution.run_command(command)
#13 124.2         File "/tmp/pip-build-env-4ey3j1un/overlay/lib/python3.12/site-packages/setuptools/dist.py", line 945, in run_command
#13 124.2           super().run_command(command)
#13 124.2         File "/tmp/pip-build-env-4ey3j1un/overlay/lib/python3.12/site-packages/setuptools/_distutils/dist.py", line 989, in run_command
#13 124.2           cmd_obj.run()
#13 124.2         File "/tmp/pip-build-env-4ey3j1un/overlay/lib/python3.12/site-packages/setuptools/_distutils/command/build.py", line 135, in run
#13 124.2           self.run_command(cmd_name)
#13 124.2         File "/tmp/pip-build-env-4ey3j1un/overlay/lib/python3.12/site-packages/setuptools/_distutils/cmd.py", line 316, in run_command
#13 124.2           self.distribution.run_command(command)
#13 124.2         File "/tmp/pip-build-env-4ey3j1un/overlay/lib/python3.12/site-packages/setuptools/dist.py", line 945, in run_command
#13 124.2           super().run_command(command)
#13 124.2         File "/tmp/pip-build-env-4ey3j1un/overlay/lib/python3.12/site-packages/setuptools/_distutils/dist.py", line 989, in run_command
#13 124.2           cmd_obj.run()
#13 124.2         File "/tmp/pip-build-env-4ey3j1un/overlay/lib/python3.12/site-packages/cffi/setuptools_ext.py", line 141, in run
#13 124.2           ext.sources[0] = make_mod(self.build_temp, pre_run)
#13 124.2                            ^^^^^^^^^^^^^^^^^^^^^^^^^^^^^^^^^^
#13 124.2         File "/tmp/pip-build-env-4ey3j1un/overlay/lib/python3.12/site-packages/cffi/setuptools_ext.py", line 126, in make_mod
#13 124.2           pre_run(ext, ffi)
#13 124.2         File "/tmp/pip-install-rdqaag1m/gevent_0f7bb85ccdb54d0d8b61710404575e05/_setuputils.py", line 381, in pre_run
#13 124.2           action()
#13 124.2         File "/tmp/pip-install-rdqaag1m/gevent_0f7bb85ccdb54d0d8b61710404575e05/_setuplibev.py", line 55, in configure_libev
#13 124.2           system(libev_configure_command)
#13 124.2         File "/tmp/pip-install-rdqaag1m/gevent_0f7bb85ccdb54d0d8b61710404575e05/_setuputils.py", line 195, in system
#13 124.2           if _system(cmd, cwd=cwd, env=env, **kwargs):
#13 124.2              ^^^^^^^^^^^^^^^^^^^^^^^^^^^^^^^^^^^^^^^^
#13 124.2         File "/tmp/pip-install-rdqaag1m/gevent_0f7bb85ccdb54d0d8b61710404575e05/_setuputils.py", line 191, in _system
#13 124.2           return check_call(cmd, cwd=cwd, env=env, **kwargs)
#13 124.2                  ^^^^^^^^^^^^^^^^^^^^^^^^^^^^^^^^^^^^^^^^^^^
#13 124.2         File "/usr/local/lib/python3.12/subprocess.py", line 413, in check_call
#13 124.2           raise CalledProcessError(retcode, cmd)
#13 124.2       subprocess.CalledProcessError: Command '(cd  "/tmp/pip-install-rdqaag1m/gevent_0f7bb85ccdb54d0d8b61710404575e05/deps/libev"  && sh ./configure -C > configure-output.txt )' returned non-zero exit status 1.
#13 124.2       [end of output]
#13 124.2   
#13 124.2   note: This error originates from a subprocess, and is likely not a problem with pip.
#13 124.2   ERROR: Failed building wheel for gevent
#13 124.2   Building wheel for greenlet (setup.py): started
#13 125.6   Building wheel for greenlet (setup.py): finished with status 'error'
#13 125.6   error: subprocess-exited-with-error
#13 125.6   
#13 125.6   × python setup.py bdist_wheel did not run successfully.
#13 125.6   │ exit code: 1
#13 125.6   ╰─> [96 lines of output]
#13 125.6       running bdist_wheel
#13 125.6       running build
#13 125.6       running build_py
#13 125.6       creating build
#13 125.6       creating build/lib.linux-x86_64-cpython-312
#13 125.6       creating build/lib.linux-x86_64-cpython-312/greenlet
#13 125.6       copying src/greenlet/__init__.py -> build/lib.linux-x86_64-cpython-312/greenlet
#13 125.6       creating build/lib.linux-x86_64-cpython-312/greenlet/platform
#13 125.6       copying src/greenlet/platform/__init__.py -> build/lib.linux-x86_64-cpython-312/greenlet/platform
#13 125.6       creating build/lib.linux-x86_64-cpython-312/greenlet/tests
#13 125.6       copying src/greenlet/tests/__init__.py -> build/lib.linux-x86_64-cpython-312/greenlet/tests
#13 125.6       copying src/greenlet/tests/leakcheck.py -> build/lib.linux-x86_64-cpython-312/greenlet/tests
#13 125.6       copying src/greenlet/tests/test_contextvars.py -> build/lib.linux-x86_64-cpython-312/greenlet/tests
#13 125.6       copying src/greenlet/tests/test_cpp.py -> build/lib.linux-x86_64-cpython-312/greenlet/tests
#13 125.6       copying src/greenlet/tests/test_extension_interface.py -> build/lib.linux-x86_64-cpython-312/greenlet/tests
#13 125.6       copying src/greenlet/tests/test_gc.py -> build/lib.linux-x86_64-cpython-312/greenlet/tests
#13 125.6       copying src/greenlet/tests/test_generator.py -> build/lib.linux-x86_64-cpython-312/greenlet/tests
#13 125.6       copying src/greenlet/tests/test_generator_nested.py -> build/lib.linux-x86_64-cpython-312/greenlet/tests
#13 125.6       copying src/greenlet/tests/test_greenlet.py -> build/lib.linux-x86_64-cpython-312/greenlet/tests
#13 125.6       copying src/greenlet/tests/test_greenlet_trash.py -> build/lib.linux-x86_64-cpython-312/greenlet/tests
#13 125.6       copying src/greenlet/tests/test_leaks.py -> build/lib.linux-x86_64-cpython-312/greenlet/tests
#13 125.6       copying src/greenlet/tests/test_stack_saved.py -> build/lib.linux-x86_64-cpython-312/greenlet/tests
#13 125.6       copying src/greenlet/tests/test_throw.py -> build/lib.linux-x86_64-cpython-312/greenlet/tests
#13 125.6       copying src/greenlet/tests/test_tracing.py -> build/lib.linux-x86_64-cpython-312/greenlet/tests
#13 125.6       copying src/greenlet/tests/test_version.py -> build/lib.linux-x86_64-cpython-312/greenlet/tests
#13 125.6       copying src/greenlet/tests/test_weakref.py -> build/lib.linux-x86_64-cpython-312/greenlet/tests
#13 125.6       running egg_info
#13 125.6       writing src/greenlet.egg-info/PKG-INFO
#13 125.6       writing dependency_links to src/greenlet.egg-info/dependency_links.txt
#13 125.6       writing requirements to src/greenlet.egg-info/requires.txt
#13 125.6       writing top-level names to src/greenlet.egg-info/top_level.txt
#13 125.6       reading manifest file 'src/greenlet.egg-info/SOURCES.txt'
#13 125.6       reading manifest template 'MANIFEST.in'
#13 125.6       warning: no previously-included files found matching 'benchmarks/*.json'
#13 125.6       no previously-included directories found matching 'docs/_build'
#13 125.6       warning: no files found matching '*.py' under directory 'appveyor'
#13 125.6       warning: no previously-included files matching '*.pyc' found anywhere in distribution
#13 125.6       warning: no previously-included files matching '*.pyd' found anywhere in distribution
#13 125.6       warning: no previously-included files matching '*.so' found anywhere in distribution
#13 125.6       warning: no previously-included files matching '.coverage' found anywhere in distribution
#13 125.6       adding license file 'LICENSE'
#13 125.6       adding license file 'LICENSE.PSF'
#13 125.6       adding license file 'AUTHORS'
#13 125.6       writing manifest file 'src/greenlet.egg-info/SOURCES.txt'
#13 125.6       copying src/greenlet/greenlet.cpp -> build/lib.linux-x86_64-cpython-312/greenlet
#13 125.6       copying src/greenlet/greenlet.h -> build/lib.linux-x86_64-cpython-312/greenlet
#13 125.6       copying src/greenlet/greenlet_allocator.hpp -> build/lib.linux-x86_64-cpython-312/greenlet
#13 125.6       copying src/greenlet/greenlet_compiler_compat.hpp -> build/lib.linux-x86_64-cpython-312/greenlet
#13 125.6       copying src/greenlet/greenlet_cpython_compat.hpp -> build/lib.linux-x86_64-cpython-312/greenlet
#13 125.6       copying src/greenlet/greenlet_exceptions.hpp -> build/lib.linux-x86_64-cpython-312/greenlet
#13 125.6       copying src/greenlet/greenlet_greenlet.hpp -> build/lib.linux-x86_64-cpython-312/greenlet
#13 125.6       copying src/greenlet/greenlet_internal.hpp -> build/lib.linux-x86_64-cpython-312/greenlet
#13 125.6       copying src/greenlet/greenlet_refs.hpp -> build/lib.linux-x86_64-cpython-312/greenlet
#13 125.6       copying src/greenlet/greenlet_slp_switch.hpp -> build/lib.linux-x86_64-cpython-312/greenlet
#13 125.6       copying src/greenlet/greenlet_thread_state.hpp -> build/lib.linux-x86_64-cpython-312/greenlet
#13 125.6       copying src/greenlet/greenlet_thread_state_dict_cleanup.hpp -> build/lib.linux-x86_64-cpython-312/greenlet
#13 125.6       copying src/greenlet/greenlet_thread_support.hpp -> build/lib.linux-x86_64-cpython-312/greenlet
#13 125.6       copying src/greenlet/slp_platformselect.h -> build/lib.linux-x86_64-cpython-312/greenlet
#13 125.6       copying src/greenlet/platform/setup_switch_x64_masm.cmd -> build/lib.linux-x86_64-cpython-312/greenlet/platform
#13 125.6       copying src/greenlet/platform/switch_aarch64_gcc.h -> build/lib.linux-x86_64-cpython-312/greenlet/platform
#13 125.6       copying src/greenlet/platform/switch_alpha_unix.h -> build/lib.linux-x86_64-cpython-312/greenlet/platform
#13 125.6       copying src/greenlet/platform/switch_amd64_unix.h -> build/lib.linux-x86_64-cpython-312/greenlet/platform
#13 125.6       copying src/greenlet/platform/switch_arm32_gcc.h -> build/lib.linux-x86_64-cpython-312/greenlet/platform
#13 125.6       copying src/greenlet/platform/switch_arm32_ios.h -> build/lib.linux-x86_64-cpython-312/greenlet/platform
#13 125.6       copying src/greenlet/platform/switch_arm64_masm.asm -> build/lib.linux-x86_64-cpython-312/greenlet/platform
#13 125.6       copying src/greenlet/platform/switch_arm64_masm.obj -> build/lib.linux-x86_64-cpython-312/greenlet/platform
#13 125.6       copying src/greenlet/platform/switch_arm64_msvc.h -> build/lib.linux-x86_64-cpython-312/greenlet/platform
#13 125.6       copying src/greenlet/platform/switch_csky_gcc.h -> build/lib.linux-x86_64-cpython-312/greenlet/platform
#13 125.6       copying src/greenlet/platform/switch_m68k_gcc.h -> build/lib.linux-x86_64-cpython-312/greenlet/platform
#13 125.6       copying src/greenlet/platform/switch_mips_unix.h -> build/lib.linux-x86_64-cpython-312/greenlet/platform
#13 125.6       copying src/greenlet/platform/switch_ppc64_aix.h -> build/lib.linux-x86_64-cpython-312/greenlet/platform
#13 125.6       copying src/greenlet/platform/switch_ppc64_linux.h -> build/lib.linux-x86_64-cpython-312/greenlet/platform
#13 125.6       copying src/greenlet/platform/switch_ppc_aix.h -> build/lib.linux-x86_64-cpython-312/greenlet/platform
#13 125.6       copying src/greenlet/platform/switch_ppc_linux.h -> build/lib.linux-x86_64-cpython-312/greenlet/platform
#13 125.6       copying src/greenlet/platform/switch_ppc_macosx.h -> build/lib.linux-x86_64-cpython-312/greenlet/platform
#13 125.6       copying src/greenlet/platform/switch_ppc_unix.h -> build/lib.linux-x86_64-cpython-312/greenlet/platform
#13 125.6       copying src/greenlet/platform/switch_riscv_unix.h -> build/lib.linux-x86_64-cpython-312/greenlet/platform
#13 125.6       copying src/greenlet/platform/switch_s390_unix.h -> build/lib.linux-x86_64-cpython-312/greenlet/platform
#13 125.6       copying src/greenlet/platform/switch_sparc_sun_gcc.h -> build/lib.linux-x86_64-cpython-312/greenlet/platform
#13 125.6       copying src/greenlet/platform/switch_x32_unix.h -> build/lib.linux-x86_64-cpython-312/greenlet/platform
#13 125.6       copying src/greenlet/platform/switch_x64_masm.asm -> build/lib.linux-x86_64-cpython-312/greenlet/platform
#13 125.6       copying src/greenlet/platform/switch_x64_masm.obj -> build/lib.linux-x86_64-cpython-312/greenlet/platform
#13 125.6       copying src/greenlet/platform/switch_x64_msvc.h -> build/lib.linux-x86_64-cpython-312/greenlet/platform
#13 125.6       copying src/greenlet/platform/switch_x86_msvc.h -> build/lib.linux-x86_64-cpython-312/greenlet/platform
#13 125.6       copying src/greenlet/platform/switch_x86_unix.h -> build/lib.linux-x86_64-cpython-312/greenlet/platform
#13 125.6       copying src/greenlet/tests/_test_extension.c -> build/lib.linux-x86_64-cpython-312/greenlet/tests
#13 125.6       copying src/greenlet/tests/_test_extension_cpp.cpp -> build/lib.linux-x86_64-cpython-312/greenlet/tests
#13 125.6       running build_ext
#13 125.6       building 'greenlet._greenlet' extension
#13 125.6       creating build/temp.linux-x86_64-cpython-312
#13 125.6       creating build/temp.linux-x86_64-cpython-312/src
#13 125.6       creating build/temp.linux-x86_64-cpython-312/src/greenlet
#13 125.6       gcc -fno-strict-overflow -Wsign-compare -DNDEBUG -g -O3 -Wall -fPIC -I/usr/local/include/python3.12 -c src/greenlet/greenlet.cpp -o build/temp.linux-x86_64-cpython-312/src/greenlet/greenlet.o
#13 125.6       gcc: fatal error: cannot execute 'cc1plus': execvp: No such file or directory
#13 125.6       compilation terminated.
#13 125.6       error: command '/usr/bin/gcc' failed with exit code 1
#13 125.6       [end of output]
#13 125.6   
#13 125.6   note: This error originates from a subprocess, and is likely not a problem with pip.
#13 125.6   Running setup.py clean for greenlet
#13 125.6   ERROR: Failed building wheel for greenlet
#13 126.4   Building wheel for Pillow (setup.py): started
#13 189.7   Building wheel for Pillow (setup.py): still running...
#13 249.9   Building wheel for Pillow (setup.py): still running...
#13 254.3   Building wheel for Pillow (setup.py): finished with status 'done'
#13 254.3   Created wheel for Pillow: filename=Pillow-9.4.0-cp312-cp312-linux_x86_64.whl size=1227805 sha256=7bf0d79584ad424a27891a59a793e0a6e6a90b852997e7e6ac29f6745ffd1303
#13 254.3   Stored in directory: /tmp/pip-ephem-wheel-cache-0tqsfvdm/wheels/f3/bd/fa/c7606e3b0644710a556108233c428d43249d98e562ccf055b9
#13 254.3   Building wheel for peewee (pyproject.toml): started
#13 255.6   Building wheel for peewee (pyproject.toml): finished with status 'done'
#13 255.6   Created wheel for peewee: filename=peewee-3.17.6-py3-none-any.whl size=138890 sha256=8a748069d87a72022192b5ed8dc0bc19edbd24785f01fe2fd9926f0175bfda18
#13 255.6   Stored in directory: /tmp/pip-ephem-wheel-cache-0tqsfvdm/wheels/a6/5e/0f/8319805c4115320e0d3e8fb5799b114a2e4c4a3d6c7e523b06
#13 255.7   Building wheel for progressbar (setup.py): started
#13 257.0   Building wheel for progressbar (setup.py): finished with status 'done'
#13 257.0   Created wheel for progressbar: filename=progressbar-2.5-py3-none-any.whl size=12065 sha256=efd8f243db48d95574974a5843c9dc4b8a76f5373ae8aeaf60580551fa39470b
#13 257.0   Stored in directory: /tmp/pip-ephem-wheel-cache-0tqsfvdm/wheels/a5/4d/c7/f3cf0f75c746c219090060131fe00f1523cc2c5484991f4030
#13 257.0   Building wheel for typed-ast (setup.py): started
#13 324.9   Building wheel for typed-ast (setup.py): still running...
#13 326.8   Building wheel for typed-ast (setup.py): finished with status 'done'
#13 326.8   Created wheel for typed-ast: filename=typed_ast-1.5.5-cp312-cp312-linux_x86_64.whl size=829838 sha256=6818e024280c765b89f3bbc0e61abd8a01bdd97a76d95ac1a638c86c5b7e4c6a
#13 326.8   Stored in directory: /tmp/pip-ephem-wheel-cache-0tqsfvdm/wheels/7d/85/f8/cb309265bf60f840369ca24241385ae985caab44af05272b6a
#13 326.8   Building wheel for zope.interface (setup.py): started
#13 331.1   Building wheel for zope.interface (setup.py): finished with status 'done'
#13 331.1   Created wheel for zope.interface: filename=zope.interface-6.4.post2-cp312-cp312-linux_x86_64.whl size=251738 sha256=1a95ac89f9b821c0eab9ac9aa9a11208d14883514f3c81e229cd8706c00529cf
#13 331.1   Stored in directory: /tmp/pip-ephem-wheel-cache-0tqsfvdm/wheels/57/92/a1/98de5346be3ac7c88fcb6444f3c0fee4f2ca24b9da1aacece4
#13 331.1 Successfully built Pillow peewee progressbar typed-ast zope.interface
#13 331.1 Failed to build gevent greenlet
#13 331.5 ERROR: ERROR: Failed to build installable wheels for some pyproject.toml based projects (gevent, greenlet)
#13 ERROR: process "/bin/sh -c pip install --no-cache-dir -r requirements.txt" did not complete successfully: exit code: 1
------
 > [ 8/12] RUN pip install --no-cache-dir -r requirements.txt:
326.8   Building wheel for typed-ast (setup.py): finished with status 'done'
326.8   Created wheel for typed-ast: filename=typed_ast-1.5.5-cp312-cp312-linux_x86_64.whl size=829838 sha256=6818e024280c765b89f3bbc0e61abd8a01bdd97a76d95ac1a638c86c5b7e4c6a
326.8   Stored in directory: /tmp/pip-ephem-wheel-cache-0tqsfvdm/wheels/7d/85/f8/cb309265bf60f840369ca24241385ae985caab44af05272b6a
326.8   Building wheel for zope.interface (setup.py): started
331.1   Building wheel for zope.interface (setup.py): finished with status 'done'
331.1   Created wheel for zope.interface: filename=zope.interface-6.4.post2-cp312-cp312-linux_x86_64.whl size=251738 sha256=1a95ac89f9b821c0eab9ac9aa9a11208d14883514f3c81e229cd8706c00529cf
331.1   Stored in directory: /tmp/pip-ephem-wheel-cache-0tqsfvdm/wheels/57/92/a1/98de5346be3ac7c88fcb6444f3c0fee4f2ca24b9da1aacece4
331.1 Successfully built Pillow peewee progressbar typed-ast zope.interface
331.1 Failed to build gevent greenlet
331.5 ERROR: ERROR: Failed to build installable wheels for some pyproject.toml based projects (gevent, greenlet)
------
Dockerfile.alpine:13
--------------------
  11 |     RUN apk add --no-cache --virtual cython
  12 |     RUN pip install --upgrade pip
  13 | >>> RUN pip install --no-cache-dir -r requirements.txt
  14 |     RUN apk add --no-cache --virtual unrar xz
  15 |     RUN apk del .build-deps gcc musl-dev
--------------------
ERROR: failed to solve: process "/bin/sh -c pip install --no-cache-dir -r requirements.txt" did not complete successfully: exit code: 1
Duration: 6:32.38