#0 building with "default" instance using docker driver

#1 [internal] load .dockerignore
#1 transferring context:
#1 ...

#2 [internal] load build definition from v1_Dockerfile
#2 transferring dockerfile: 596B done
#2 DONE 0.5s

#1 [internal] load .dockerignore
#1 transferring context: 2B done
#1 DONE 0.6s

#3 [internal] load metadata for docker.io/library/python:alpine
#3 ...

#4 [auth] library/python:pull token for registry-1.docker.io
#4 DONE 0.0s

#3 [internal] load metadata for docker.io/library/python:alpine
#3 DONE 1.5s

#5 [internal] load build context
#5 DONE 0.0s

#6 [ 1/12] FROM docker.io/library/python:alpine@sha256:7f15e22f496c65cffbbac5e30e7e98d60f3e3b9cc5ee5d51cf3c55ed604787c8
#6 resolve docker.io/library/python:alpine@sha256:7f15e22f496c65cffbbac5e30e7e98d60f3e3b9cc5ee5d51cf3c55ed604787c8
#6 resolve docker.io/library/python:alpine@sha256:7f15e22f496c65cffbbac5e30e7e98d60f3e3b9cc5ee5d51cf3c55ed604787c8 0.2s done
#6 sha256:7f15e22f496c65cffbbac5e30e7e98d60f3e3b9cc5ee5d51cf3c55ed604787c8 9.02kB / 9.02kB done
#6 sha256:20648901a677433f2585c5410bbf4e217e8df19f436c6d2b25546ecd8a1b33e4 1.93kB / 1.93kB done
#6 sha256:143abac68ee42da16c20e3618ea10d882bfe0e35a89d38ac07d1d434c1067ec0 6.07kB / 6.07kB done
#6 sha256:c6a83fedfae6ed8a4f5f7cbb6a7b6f1c1ec3d86fea8cb9e5ba2e5e6673fde9f6 0B / 3.62MB 0.1s
#6 sha256:2733810d7af88b9d0fb50a075acc0d443d8b08cbc60f059f1971c878d18c6be4 0B / 461.81kB 0.2s
#6 sha256:c6a83fedfae6ed8a4f5f7cbb6a7b6f1c1ec3d86fea8cb9e5ba2e5e6673fde9f6 3.62MB / 3.62MB 0.4s done
#6 sha256:2733810d7af88b9d0fb50a075acc0d443d8b08cbc60f059f1971c878d18c6be4 461.81kB / 461.81kB 0.4s
#6 sha256:c96a0e292e9e4d29ed2ae13f9cd74c4d53e32cbd6d31515ee8d38c9464de4f61 5.24MB / 11.78MB 0.4s
#6 ...

#5 [internal] load build context
#5 transferring context: 10.08MB 0.2s done
#5 DONE 0.7s

#6 [ 1/12] FROM docker.io/library/python:alpine@sha256:7f15e22f496c65cffbbac5e30e7e98d60f3e3b9cc5ee5d51cf3c55ed604787c8
#6 sha256:c96a0e292e9e4d29ed2ae13f9cd74c4d53e32cbd6d31515ee8d38c9464de4f61 8.39MB / 11.78MB 0.5s
#6 extracting sha256:c6a83fedfae6ed8a4f5f7cbb6a7b6f1c1ec3d86fea8cb9e5ba2e5e6673fde9f6
#6 sha256:2733810d7af88b9d0fb50a075acc0d443d8b08cbc60f059f1971c878d18c6be4 461.81kB / 461.81kB 0.5s done
#6 sha256:c96a0e292e9e4d29ed2ae13f9cd74c4d53e32cbd6d31515ee8d38c9464de4f61 11.78MB / 11.78MB 0.7s
#6 sha256:9f803fcc73d23bddb8eacab305eb85799431b41b7a3f3448f9c794ed033bb9dc 0B / 4.16MB 0.7s
#6 sha256:9f803fcc73d23bddb8eacab305eb85799431b41b7a3f3448f9c794ed033bb9dc 2.10MB / 4.16MB 0.8s
#6 sha256:c96a0e292e9e4d29ed2ae13f9cd74c4d53e32cbd6d31515ee8d38c9464de4f61 11.78MB / 11.78MB 0.8s done
#6 sha256:9f803fcc73d23bddb8eacab305eb85799431b41b7a3f3448f9c794ed033bb9dc 4.16MB / 4.16MB 0.9s
#6 sha256:47007a96afcac1a2c3d9c42cd3bf7ba6615fc41d21d64b9363e3fb8738ea4e49 0B / 229B 1.0s
#6 sha256:9f803fcc73d23bddb8eacab305eb85799431b41b7a3f3448f9c794ed033bb9dc 4.16MB / 4.16MB 1.0s done
#6 sha256:47007a96afcac1a2c3d9c42cd3bf7ba6615fc41d21d64b9363e3fb8738ea4e49 229B / 229B 1.1s done
#6 extracting sha256:c6a83fedfae6ed8a4f5f7cbb6a7b6f1c1ec3d86fea8cb9e5ba2e5e6673fde9f6 0.8s done
#6 extracting sha256:2733810d7af88b9d0fb50a075acc0d443d8b08cbc60f059f1971c878d18c6be4
#6 extracting sha256:2733810d7af88b9d0fb50a075acc0d443d8b08cbc60f059f1971c878d18c6be4 0.4s done
#6 extracting sha256:c96a0e292e9e4d29ed2ae13f9cd74c4d53e32cbd6d31515ee8d38c9464de4f61 0.1s
#6 extracting sha256:c96a0e292e9e4d29ed2ae13f9cd74c4d53e32cbd6d31515ee8d38c9464de4f61 1.9s done
#6 extracting sha256:47007a96afcac1a2c3d9c42cd3bf7ba6615fc41d21d64b9363e3fb8738ea4e49 done
#6 extracting sha256:9f803fcc73d23bddb8eacab305eb85799431b41b7a3f3448f9c794ed033bb9dc
#6 extracting sha256:9f803fcc73d23bddb8eacab305eb85799431b41b7a3f3448f9c794ed033bb9dc 1.0s done
#6 DONE 8.0s

#7 [ 2/12] WORKDIR /usr/src/app
#7 DONE 2.6s

#8 [ 3/12] COPY requirements.txt ./
#8 DONE 0.4s

#9 [ 4/12] RUN apk add --no-cache --virtual .build-deps gcc musl-dev
#9 2.383 fetch https://dl-cdn.alpinelinux.org/alpine/v3.20/main/x86_64/APKINDEX.tar.gz
#9 2.931 fetch https://dl-cdn.alpinelinux.org/alpine/v3.20/community/x86_64/APKINDEX.tar.gz
#9 3.894 (1/14) Installing libgcc (13.2.1_git20240309-r0)
#9 3.907 (2/14) Installing jansson (2.14-r4)
#9 3.918 (3/14) Installing libstdc++ (13.2.1_git20240309-r0)
#9 3.976 (4/14) Installing zstd-libs (1.5.6-r0)
#9 4.002 (5/14) Installing binutils (2.42-r0)
#9 4.292 (6/14) Installing libgomp (13.2.1_git20240309-r0)
#9 4.308 (7/14) Installing libatomic (13.2.1_git20240309-r0)
#9 4.314 (8/14) Installing gmp (6.3.0-r1)
#9 4.331 (9/14) Installing isl26 (0.26-r1)
#9 4.382 (10/14) Installing mpfr4 (4.2.1-r0)
#9 4.405 (11/14) Installing mpc1 (1.3.1-r1)
#9 4.419 (12/14) Installing gcc (13.2.1_git20240309-r0)
#9 7.468 (13/14) Installing musl-dev (1.2.5-r0)
#9 7.703 (14/14) Installing .build-deps (20240731.020943)
#9 7.703 Executing busybox-1.36.1-r29.trigger
#9 7.735 OK: 165 MiB in 51 packages
#9 DONE 11.4s

#10 [ 5/12] RUN apk add --no-cache --virtual freetype-dev jpeg-dev libpng-dev
#10 1.614 fetch https://dl-cdn.alpinelinux.org/alpine/v3.20/main/x86_64/APKINDEX.tar.gz
#10 2.145 fetch https://dl-cdn.alpinelinux.org/alpine/v3.20/community/x86_64/APKINDEX.tar.gz
#10 3.295 (1/9) Installing libjpeg-turbo (3.0.3-r0)
#10 3.327 (2/9) Installing libturbojpeg (3.0.3-r0)
#10 3.360 (3/9) Installing pkgconf (2.2.0-r0)
#10 3.378 (4/9) Installing libjpeg-turbo-dev (3.0.3-r0)
#10 3.433 (5/9) Installing jpeg-dev (9e-r1)
#10 3.439 (6/9) Installing libpng (1.6.43-r0)
#10 3.461 (7/9) Installing zlib-dev (1.3.1-r1)
#10 3.476 (8/9) Installing libpng-dev (1.6.43-r0)
#10 3.497 (9/9) Installing freetype-dev (20240731.020953)
#10 3.497 Executing busybox-1.36.1-r29.trigger
#10 3.525 OK: 167 MiB in 60 packages
#10 DONE 4.1s

#11 [ 6/12] RUN apk add --no-cache --virtual cython
#11 1.649 fetch https://dl-cdn.alpinelinux.org/alpine/v3.20/main/x86_64/APKINDEX.tar.gz
#11 1.876 fetch https://dl-cdn.alpinelinux.org/alpine/v3.20/community/x86_64/APKINDEX.tar.gz
#11 2.872 WARNING: creating empty virtual package
#11 2.888 (1/1) Installing cython (20240731.020957)
#11 2.890 OK: 167 MiB in 61 packages
#11 DONE 3.3s

#12 [ 7/12] RUN pip install --upgrade pip
#12 11.44 Requirement already satisfied: pip in /usr/local/lib/python3.12/site-packages (24.0)
#12 12.04 Collecting pip
#12 12.17   Downloading pip-24.2-py3-none-any.whl.metadata (3.6 kB)
#12 12.58 Downloading pip-24.2-py3-none-any.whl (1.8 MB)
#12 13.09    ━━━━━━━━━━━━━━━━━━━━━━━━━━━━━━━━━━━━━━━━ 1.8/1.8 MB 3.7 MB/s eta 0:00:00
#12 13.52 Installing collected packages: pip
#12 13.52   Attempting uninstall: pip
#12 13.53     Found existing installation: pip 24.0
#12 13.68     Uninstalling pip-24.0:
#12 14.47       Successfully uninstalled pip-24.0
#12 20.10 Successfully installed pip-24.2
#12 20.10 WARNING: Running pip as the 'root' user can result in broken permissions and conflicting behaviour with the system package manager. It is recommended to use a virtual environment instead: https://pip.pypa.io/warnings/venv
#12 DONE 21.9s

#13 [ 8/12] RUN pip install --no-cache-dir -r requirements.txt
#13 4.162 Collecting astroid>=2.3.3 (from -r requirements.txt (line 1))
#13 4.247   Downloading astroid-3.2.4-py3-none-any.whl.metadata (4.5 kB)
#13 4.338 Collecting Click>=7.0 (from -r requirements.txt (line 2))
#13 4.350   Downloading click-8.1.7-py3-none-any.whl.metadata (3.0 kB)
#13 4.432 Collecting Flask==2.2.3 (from -r requirements.txt (line 3))
#13 4.445   Downloading Flask-2.2.3-py3-none-any.whl.metadata (3.9 kB)
#13 5.365 Collecting gevent==22.10.2 (from -r requirements.txt (line 4))
#13 5.379   Downloading gevent-22.10.2.tar.gz (6.6 MB)
#13 5.749      ━━━━━━━━━━━━━━━━━━━━━━━━━━━━━━━━━━━━━━━━ 6.6/6.6 MB 18.6 MB/s eta 0:00:00
#13 8.663   Installing build dependencies: started
#13 30.35   Installing build dependencies: finished with status 'done'
#13 30.35   Getting requirements to build wheel: started
#13 54.75   Getting requirements to build wheel: finished with status 'done'
#13 54.76   Preparing metadata (pyproject.toml): started
#13 58.34   Preparing metadata (pyproject.toml): finished with status 'done'
#13 59.09 Collecting greenlet==2.0.2 (from -r requirements.txt (line 5))
#13 59.10   Downloading greenlet-2.0.2.tar.gz (164 kB)
#13 59.24   Preparing metadata (setup.py): started
#13 61.42   Preparing metadata (setup.py): finished with status 'done'
#13 61.87 Collecting isort>=4.3.21 (from -r requirements.txt (line 6))
#13 61.88   Downloading isort-5.13.2-py3-none-any.whl.metadata (12 kB)
#13 61.92 Collecting itsdangerous>=1.1.0 (from -r requirements.txt (line 7))
#13 61.93   Downloading itsdangerous-2.2.0-py3-none-any.whl.metadata (1.9 kB)
#13 62.02 Collecting Jinja2>=2.10.3 (from -r requirements.txt (line 8))
#13 62.03   Downloading jinja2-3.1.4-py3-none-any.whl.metadata (2.6 kB)
#13 62.24 Collecting lazy-object-proxy (from -r requirements.txt (line 9))
#13 62.25   Downloading lazy_object_proxy-1.10.0-cp312-cp312-musllinux_1_1_x86_64.whl.metadata (7.8 kB)
#13 62.50 Collecting MarkupSafe>=1.1.1 (from -r requirements.txt (line 10))
#13 62.51   Downloading MarkupSafe-2.1.5-cp312-cp312-musllinux_1_1_x86_64.whl.metadata (3.0 kB)
#13 62.54 Collecting mccabe>=0.6.1 (from -r requirements.txt (line 11))
#13 62.55   Downloading mccabe-0.7.0-py2.py3-none-any.whl.metadata (5.0 kB)
#13 62.67 Collecting natsort>=6.2.0 (from -r requirements.txt (line 12))
#13 62.69   Downloading natsort-8.4.0-py3-none-any.whl.metadata (21 kB)
#13 62.81 Collecting peewee>=3.12.0 (from -r requirements.txt (line 13))
#13 62.83   Downloading peewee-3.17.6.tar.gz (3.0 MB)
#13 62.93      ━━━━━━━━━━━━━━━━━━━━━━━━━━━━━━━━━━━━━━━━ 3.0/3.0 MB 33.6 MB/s eta 0:00:00
#13 63.84   Installing build dependencies: started
#13 72.99   Installing build dependencies: finished with status 'done'
#13 72.99   Getting requirements to build wheel: started
#13 74.08   Getting requirements to build wheel: finished with status 'done'
#13 74.08   Preparing metadata (pyproject.toml): started
#13 74.99   Preparing metadata (pyproject.toml): finished with status 'done'
#13 75.78 Collecting Pillow==9.4.0 (from -r requirements.txt (line 14))
#13 75.80   Downloading Pillow-9.4.0.tar.gz (50.4 MB)
#13 76.42      ━━━━━━━━━━━━━━━━━━━━━━━━━━━━━━━━━━━━━━━━ 50.4/50.4 MB 83.0 MB/s eta 0:00:00
#13 80.20   Preparing metadata (setup.py): started
#13 81.48   Preparing metadata (setup.py): finished with status 'done'
#13 81.58 Collecting progressbar>=2.5 (from -r requirements.txt (line 15))
#13 81.66   Downloading progressbar-2.5.tar.gz (10 kB)
#13 81.67   Preparing metadata (setup.py): started
#13 82.47   Preparing metadata (setup.py): finished with status 'done'
#13 82.86 Collecting pylint>=2.4.4 (from -r requirements.txt (line 16))
#13 82.88   Downloading pylint-3.2.6-py3-none-any.whl.metadata (12 kB)
#13 83.13 Collecting pyparsing>=2.4.7 (from -r requirements.txt (line 17))
#13 83.15   Downloading pyparsing-3.1.2-py3-none-any.whl.metadata (5.1 kB)
#13 83.17 Collecting rarfile>=3.1 (from -r requirements.txt (line 18))
#13 83.19   Downloading rarfile-4.2-py3-none-any.whl.metadata (4.4 kB)
#13 83.25 Collecting six>=1.13.0 (from -r requirements.txt (line 19))
#13 83.29   Downloading six-1.16.0-py2.py3-none-any.whl.metadata (1.8 kB)
#13 83.66 Collecting typed-ast>=1.5.4 (from -r requirements.txt (line 20))
#13 83.67   Downloading typed_ast-1.5.5.tar.gz (252 kB)
#13 83.85   Preparing metadata (setup.py): started
#13 84.74   Preparing metadata (setup.py): finished with status 'done'
#13 84.86 Collecting Werkzeug>=0.16.0 (from -r requirements.txt (line 21))
#13 84.88   Downloading werkzeug-3.0.3-py3-none-any.whl.metadata (3.7 kB)
#13 85.26 Collecting wrapt>=1.11.2 (from -r requirements.txt (line 22))
#13 85.27   Downloading wrapt-1.16.0-cp312-cp312-musllinux_1_1_x86_64.whl.metadata (6.6 kB)
#13 85.38 Collecting zope.event (from gevent==22.10.2->-r requirements.txt (line 4))
#13 85.39   Downloading zope.event-5.0-py3-none-any.whl.metadata (4.4 kB)
#13 85.94 Collecting zope.interface (from gevent==22.10.2->-r requirements.txt (line 4))
#13 85.96   Downloading zope.interface-6.4.post2.tar.gz (294 kB)
#13 86.21   Preparing metadata (setup.py): started
#13 87.42   Preparing metadata (setup.py): finished with status 'done'
#13 87.43 Requirement already satisfied: setuptools in /usr/local/lib/python3.12/site-packages (from gevent==22.10.2->-r requirements.txt (line 4)) (71.1.0)
#13 87.80 Collecting platformdirs>=2.2.0 (from pylint>=2.4.4->-r requirements.txt (line 16))
#13 87.81   Downloading platformdirs-4.2.2-py3-none-any.whl.metadata (11 kB)
#13 88.41 Collecting tomlkit>=0.10.1 (from pylint>=2.4.4->-r requirements.txt (line 16))
#13 88.43   Downloading tomlkit-0.13.0-py3-none-any.whl.metadata (2.7 kB)
#13 88.48 Collecting dill>=0.3.6 (from pylint>=2.4.4->-r requirements.txt (line 16))
#13 88.50   Downloading dill-0.3.8-py3-none-any.whl.metadata (10 kB)
#13 88.67 Downloading Flask-2.2.3-py3-none-any.whl (101 kB)
#13 88.69 Downloading astroid-3.2.4-py3-none-any.whl (276 kB)
#13 88.71 Downloading click-8.1.7-py3-none-any.whl (97 kB)
#13 88.72 Downloading isort-5.13.2-py3-none-any.whl (92 kB)
#13 88.74 Downloading itsdangerous-2.2.0-py3-none-any.whl (16 kB)
#13 88.75 Downloading jinja2-3.1.4-py3-none-any.whl (133 kB)
#13 88.77 Downloading lazy_object_proxy-1.10.0-cp312-cp312-musllinux_1_1_x86_64.whl (75 kB)
#13 88.78 Downloading MarkupSafe-2.1.5-cp312-cp312-musllinux_1_1_x86_64.whl (33 kB)
#13 88.80 Downloading mccabe-0.7.0-py2.py3-none-any.whl (7.3 kB)
#13 88.81 Downloading natsort-8.4.0-py3-none-any.whl (38 kB)
#13 88.83 Downloading pylint-3.2.6-py3-none-any.whl (519 kB)
#13 88.85 Downloading pyparsing-3.1.2-py3-none-any.whl (103 kB)
#13 88.86 Downloading rarfile-4.2-py3-none-any.whl (29 kB)
#13 88.88 Downloading six-1.16.0-py2.py3-none-any.whl (11 kB)
#13 88.90 Downloading werkzeug-3.0.3-py3-none-any.whl (227 kB)
#13 88.91 Downloading wrapt-1.16.0-cp312-cp312-musllinux_1_1_x86_64.whl (91 kB)
#13 88.92 Downloading dill-0.3.8-py3-none-any.whl (116 kB)
#13 88.94 Downloading platformdirs-4.2.2-py3-none-any.whl (18 kB)
#13 88.95 Downloading tomlkit-0.13.0-py3-none-any.whl (37 kB)
#13 88.97 Downloading zope.event-5.0-py3-none-any.whl (6.8 kB)
#13 89.05 Building wheels for collected packages: gevent, greenlet, Pillow, peewee, progressbar, typed-ast, zope.interface
#13 89.06   Building wheel for gevent (pyproject.toml): started
#13 127.0   Building wheel for gevent (pyproject.toml): finished with status 'error'
#13 127.1   error: subprocess-exited-with-error
#13 127.1   
#13 127.1   × Building wheel for gevent (pyproject.toml) did not run successfully.
#13 127.1   │ exit code: 1
#13 127.1   ╰─> [363 lines of output]
#13 127.1       /tmp/pip-build-env-x66e68bo/overlay/lib/python3.12/site-packages/setuptools/_distutils/dist.py:268: UserWarning: Unknown distribution option: 'test_suite'
#13 127.1         warnings.warn(msg)
#13 127.1       running bdist_wheel
#13 127.1       running build
#13 127.1       running build_py
#13 127.1       creating build
#13 127.1       creating build/lib.linux-x86_64-cpython-312
#13 127.1       creating build/lib.linux-x86_64-cpython-312/gevent
#13 127.1       copying src/gevent/__init__.py -> build/lib.linux-x86_64-cpython-312/gevent
#13 127.1       copying src/gevent/_abstract_linkable.py -> build/lib.linux-x86_64-cpython-312/gevent
#13 127.1       copying src/gevent/_compat.py -> build/lib.linux-x86_64-cpython-312/gevent
#13 127.1       copying src/gevent/_config.py -> build/lib.linux-x86_64-cpython-312/gevent
#13 127.1       copying src/gevent/_fileobjectcommon.py -> build/lib.linux-x86_64-cpython-312/gevent
#13 127.1       copying src/gevent/_fileobjectposix.py -> build/lib.linux-x86_64-cpython-312/gevent
#13 127.1       copying src/gevent/_greenlet_primitives.py -> build/lib.linux-x86_64-cpython-312/gevent
#13 127.1       copying src/gevent/_hub_local.py -> build/lib.linux-x86_64-cpython-312/gevent
#13 127.1       copying src/gevent/_hub_primitives.py -> build/lib.linux-x86_64-cpython-312/gevent
#13 127.1       copying src/gevent/_ident.py -> build/lib.linux-x86_64-cpython-312/gevent
#13 127.1       copying src/gevent/_imap.py -> build/lib.linux-x86_64-cpython-312/gevent
#13 127.1       copying src/gevent/_interfaces.py -> build/lib.linux-x86_64-cpython-312/gevent
#13 127.1       copying src/gevent/_monitor.py -> build/lib.linux-x86_64-cpython-312/gevent
#13 127.1       copying src/gevent/_patcher.py -> build/lib.linux-x86_64-cpython-312/gevent
#13 127.1       copying src/gevent/_semaphore.py -> build/lib.linux-x86_64-cpython-312/gevent
#13 127.1       copying src/gevent/_socket2.py -> build/lib.linux-x86_64-cpython-312/gevent
#13 127.1       copying src/gevent/_socket3.py -> build/lib.linux-x86_64-cpython-312/gevent
#13 127.1       copying src/gevent/_socketcommon.py -> build/lib.linux-x86_64-cpython-312/gevent
#13 127.1       copying src/gevent/_ssl2.py -> build/lib.linux-x86_64-cpython-312/gevent
#13 127.1       copying src/gevent/_ssl3.py -> build/lib.linux-x86_64-cpython-312/gevent
#13 127.1       copying src/gevent/_sslgte279.py -> build/lib.linux-x86_64-cpython-312/gevent
#13 127.1       copying src/gevent/_tblib.py -> build/lib.linux-x86_64-cpython-312/gevent
#13 127.1       copying src/gevent/_threading.py -> build/lib.linux-x86_64-cpython-312/gevent
#13 127.1       copying src/gevent/_tracer.py -> build/lib.linux-x86_64-cpython-312/gevent
#13 127.1       copying src/gevent/_util.py -> build/lib.linux-x86_64-cpython-312/gevent
#13 127.1       copying src/gevent/_util_py2.py -> build/lib.linux-x86_64-cpython-312/gevent
#13 127.1       copying src/gevent/_waiter.py -> build/lib.linux-x86_64-cpython-312/gevent
#13 127.1       copying src/gevent/ares.py -> build/lib.linux-x86_64-cpython-312/gevent
#13 127.1       copying src/gevent/backdoor.py -> build/lib.linux-x86_64-cpython-312/gevent
#13 127.1       copying src/gevent/baseserver.py -> build/lib.linux-x86_64-cpython-312/gevent
#13 127.1       copying src/gevent/builtins.py -> build/lib.linux-x86_64-cpython-312/gevent
#13 127.1       copying src/gevent/contextvars.py -> build/lib.linux-x86_64-cpython-312/gevent
#13 127.1       copying src/gevent/core.py -> build/lib.linux-x86_64-cpython-312/gevent
#13 127.1       copying src/gevent/event.py -> build/lib.linux-x86_64-cpython-312/gevent
#13 127.1       copying src/gevent/events.py -> build/lib.linux-x86_64-cpython-312/gevent
#13 127.1       copying src/gevent/exceptions.py -> build/lib.linux-x86_64-cpython-312/gevent
#13 127.1       copying src/gevent/fileobject.py -> build/lib.linux-x86_64-cpython-312/gevent
#13 127.1       copying src/gevent/greenlet.py -> build/lib.linux-x86_64-cpython-312/gevent
#13 127.1       copying src/gevent/hub.py -> build/lib.linux-x86_64-cpython-312/gevent
#13 127.1       copying src/gevent/local.py -> build/lib.linux-x86_64-cpython-312/gevent
#13 127.1       copying src/gevent/lock.py -> build/lib.linux-x86_64-cpython-312/gevent
#13 127.1       copying src/gevent/monkey.py -> build/lib.linux-x86_64-cpython-312/gevent
#13 127.1       copying src/gevent/os.py -> build/lib.linux-x86_64-cpython-312/gevent
#13 127.1       copying src/gevent/pool.py -> build/lib.linux-x86_64-cpython-312/gevent
#13 127.1       copying src/gevent/pywsgi.py -> build/lib.linux-x86_64-cpython-312/gevent
#13 127.1       copying src/gevent/queue.py -> build/lib.linux-x86_64-cpython-312/gevent
#13 127.1       copying src/gevent/resolver_ares.py -> build/lib.linux-x86_64-cpython-312/gevent
#13 127.1       copying src/gevent/resolver_thread.py -> build/lib.linux-x86_64-cpython-312/gevent
#13 127.1       copying src/gevent/select.py -> build/lib.linux-x86_64-cpython-312/gevent
#13 127.1       copying src/gevent/selectors.py -> build/lib.linux-x86_64-cpython-312/gevent
#13 127.1       copying src/gevent/server.py -> build/lib.linux-x86_64-cpython-312/gevent
#13 127.1       copying src/gevent/signal.py -> build/lib.linux-x86_64-cpython-312/gevent
#13 127.1       copying src/gevent/socket.py -> build/lib.linux-x86_64-cpython-312/gevent
#13 127.1       copying src/gevent/ssl.py -> build/lib.linux-x86_64-cpython-312/gevent
#13 127.1       copying src/gevent/subprocess.py -> build/lib.linux-x86_64-cpython-312/gevent
#13 127.1       copying src/gevent/thread.py -> build/lib.linux-x86_64-cpython-312/gevent
#13 127.1       copying src/gevent/threading.py -> build/lib.linux-x86_64-cpython-312/gevent
#13 127.1       copying src/gevent/threadpool.py -> build/lib.linux-x86_64-cpython-312/gevent
#13 127.1       copying src/gevent/time.py -> build/lib.linux-x86_64-cpython-312/gevent
#13 127.1       copying src/gevent/timeout.py -> build/lib.linux-x86_64-cpython-312/gevent
#13 127.1       copying src/gevent/util.py -> build/lib.linux-x86_64-cpython-312/gevent
#13 127.1       copying src/gevent/win32util.py -> build/lib.linux-x86_64-cpython-312/gevent
#13 127.1       creating build/lib.linux-x86_64-cpython-312/gevent/_ffi
#13 127.1       copying src/gevent/_ffi/__init__.py -> build/lib.linux-x86_64-cpython-312/gevent/_ffi
#13 127.1       copying src/gevent/_ffi/callback.py -> build/lib.linux-x86_64-cpython-312/gevent/_ffi
#13 127.1       copying src/gevent/_ffi/loop.py -> build/lib.linux-x86_64-cpython-312/gevent/_ffi
#13 127.1       copying src/gevent/_ffi/watcher.py -> build/lib.linux-x86_64-cpython-312/gevent/_ffi
#13 127.1       creating build/lib.linux-x86_64-cpython-312/gevent/libev
#13 127.1       copying src/gevent/libev/__init__.py -> build/lib.linux-x86_64-cpython-312/gevent/libev
#13 127.1       copying src/gevent/libev/_corecffi_build.py -> build/lib.linux-x86_64-cpython-312/gevent/libev
#13 127.1       copying src/gevent/libev/corecffi.py -> build/lib.linux-x86_64-cpython-312/gevent/libev
#13 127.1       copying src/gevent/libev/watcher.py -> build/lib.linux-x86_64-cpython-312/gevent/libev
#13 127.1       creating build/lib.linux-x86_64-cpython-312/gevent/libuv
#13 127.1       copying src/gevent/libuv/__init__.py -> build/lib.linux-x86_64-cpython-312/gevent/libuv
#13 127.1       copying src/gevent/libuv/_corecffi_build.py -> build/lib.linux-x86_64-cpython-312/gevent/libuv
#13 127.1       copying src/gevent/libuv/loop.py -> build/lib.linux-x86_64-cpython-312/gevent/libuv
#13 127.1       copying src/gevent/libuv/watcher.py -> build/lib.linux-x86_64-cpython-312/gevent/libuv
#13 127.1       creating build/lib.linux-x86_64-cpython-312/gevent/resolver
#13 127.1       copying src/gevent/resolver/__init__.py -> build/lib.linux-x86_64-cpython-312/gevent/resolver
#13 127.1       copying src/gevent/resolver/_addresses.py -> build/lib.linux-x86_64-cpython-312/gevent/resolver
#13 127.1       copying src/gevent/resolver/_hostsfile.py -> build/lib.linux-x86_64-cpython-312/gevent/resolver
#13 127.1       copying src/gevent/resolver/ares.py -> build/lib.linux-x86_64-cpython-312/gevent/resolver
#13 127.1       copying src/gevent/resolver/blocking.py -> build/lib.linux-x86_64-cpython-312/gevent/resolver
#13 127.1       copying src/gevent/resolver/dnspython.py -> build/lib.linux-x86_64-cpython-312/gevent/resolver
#13 127.1       copying src/gevent/resolver/thread.py -> build/lib.linux-x86_64-cpython-312/gevent/resolver
#13 127.1       creating build/lib.linux-x86_64-cpython-312/gevent/testing
#13 127.1       copying src/gevent/testing/__init__.py -> build/lib.linux-x86_64-cpython-312/gevent/testing
#13 127.1       copying src/gevent/testing/errorhandler.py -> build/lib.linux-x86_64-cpython-312/gevent/testing
#13 127.1       copying src/gevent/testing/exception.py -> build/lib.linux-x86_64-cpython-312/gevent/testing
#13 127.1       copying src/gevent/testing/flaky.py -> build/lib.linux-x86_64-cpython-312/gevent/testing
#13 127.1       copying src/gevent/testing/hub.py -> build/lib.linux-x86_64-cpython-312/gevent/testing
#13 127.1       copying src/gevent/testing/leakcheck.py -> build/lib.linux-x86_64-cpython-312/gevent/testing
#13 127.1       copying src/gevent/testing/modules.py -> build/lib.linux-x86_64-cpython-312/gevent/testing
#13 127.1       copying src/gevent/testing/monkey_test.py -> build/lib.linux-x86_64-cpython-312/gevent/testing
#13 127.1       copying src/gevent/testing/openfiles.py -> build/lib.linux-x86_64-cpython-312/gevent/testing
#13 127.1       copying src/gevent/testing/params.py -> build/lib.linux-x86_64-cpython-312/gevent/testing
#13 127.1       copying src/gevent/testing/patched_tests_setup.py -> build/lib.linux-x86_64-cpython-312/gevent/testing
#13 127.1       copying src/gevent/testing/resources.py -> build/lib.linux-x86_64-cpython-312/gevent/testing
#13 127.1       copying src/gevent/testing/six.py -> build/lib.linux-x86_64-cpython-312/gevent/testing
#13 127.1       copying src/gevent/testing/skipping.py -> build/lib.linux-x86_64-cpython-312/gevent/testing
#13 127.1       copying src/gevent/testing/sockets.py -> build/lib.linux-x86_64-cpython-312/gevent/testing
#13 127.1       copying src/gevent/testing/support.py -> build/lib.linux-x86_64-cpython-312/gevent/testing
#13 127.1       copying src/gevent/testing/switching.py -> build/lib.linux-x86_64-cpython-312/gevent/testing
#13 127.1       copying src/gevent/testing/sysinfo.py -> build/lib.linux-x86_64-cpython-312/gevent/testing
#13 127.1       copying src/gevent/testing/testcase.py -> build/lib.linux-x86_64-cpython-312/gevent/testing
#13 127.1       copying src/gevent/testing/testrunner.py -> build/lib.linux-x86_64-cpython-312/gevent/testing
#13 127.1       copying src/gevent/testing/timing.py -> build/lib.linux-x86_64-cpython-312/gevent/testing
#13 127.1       copying src/gevent/testing/travis.py -> build/lib.linux-x86_64-cpython-312/gevent/testing
#13 127.1       copying src/gevent/testing/util.py -> build/lib.linux-x86_64-cpython-312/gevent/testing
#13 127.1       creating build/lib.linux-x86_64-cpython-312/gevent/tests
#13 127.1       copying src/gevent/tests/__init__.py -> build/lib.linux-x86_64-cpython-312/gevent/tests
#13 127.1       copying src/gevent/tests/__main__.py -> build/lib.linux-x86_64-cpython-312/gevent/tests
#13 127.1       copying src/gevent/tests/_blocks_at_top_level.py -> build/lib.linux-x86_64-cpython-312/gevent/tests
#13 127.1       copying src/gevent/tests/_import_import_patch.py -> build/lib.linux-x86_64-cpython-312/gevent/tests
#13 127.1       copying src/gevent/tests/_import_patch.py -> build/lib.linux-x86_64-cpython-312/gevent/tests
#13 127.1       copying src/gevent/tests/_import_wait.py -> build/lib.linux-x86_64-cpython-312/gevent/tests
#13 127.1       copying src/gevent/tests/_imports_at_top_level.py -> build/lib.linux-x86_64-cpython-312/gevent/tests
#13 127.1       copying src/gevent/tests/_imports_imports_at_top_level.py -> build/lib.linux-x86_64-cpython-312/gevent/tests
#13 127.1       copying src/gevent/tests/getaddrinfo_module.py -> build/lib.linux-x86_64-cpython-312/gevent/tests
#13 127.1       copying src/gevent/tests/known_failures.py -> build/lib.linux-x86_64-cpython-312/gevent/tests
#13 127.1       copying src/gevent/tests/lock_tests.py -> build/lib.linux-x86_64-cpython-312/gevent/tests
#13 127.1       copying src/gevent/tests/test__GreenletExit.py -> build/lib.linux-x86_64-cpython-312/gevent/tests
#13 127.1       copying src/gevent/tests/test___config.py -> build/lib.linux-x86_64-cpython-312/gevent/tests
#13 127.1       copying src/gevent/tests/test___ident.py -> build/lib.linux-x86_64-cpython-312/gevent/tests
#13 127.1       copying src/gevent/tests/test___monitor.py -> build/lib.linux-x86_64-cpython-312/gevent/tests
#13 127.1       copying src/gevent/tests/test___monkey_patching.py -> build/lib.linux-x86_64-cpython-312/gevent/tests
#13 127.1       copying src/gevent/tests/test__all__.py -> build/lib.linux-x86_64-cpython-312/gevent/tests
#13 127.1       copying src/gevent/tests/test__api.py -> build/lib.linux-x86_64-cpython-312/gevent/tests
#13 127.1       copying src/gevent/tests/test__api_timeout.py -> build/lib.linux-x86_64-cpython-312/gevent/tests
#13 127.1       copying src/gevent/tests/test__ares_host_result.py -> build/lib.linux-x86_64-cpython-312/gevent/tests
#13 127.1       copying src/gevent/tests/test__ares_timeout.py -> build/lib.linux-x86_64-cpython-312/gevent/tests
#13 127.1       copying src/gevent/tests/test__backdoor.py -> build/lib.linux-x86_64-cpython-312/gevent/tests
#13 127.1       copying src/gevent/tests/test__close_backend_fd.py -> build/lib.linux-x86_64-cpython-312/gevent/tests
#13 127.1       copying src/gevent/tests/test__compat.py -> build/lib.linux-x86_64-cpython-312/gevent/tests
#13 127.1       copying src/gevent/tests/test__contextvars.py -> build/lib.linux-x86_64-cpython-312/gevent/tests
#13 127.1       copying src/gevent/tests/test__core.py -> build/lib.linux-x86_64-cpython-312/gevent/tests
#13 127.1       copying src/gevent/tests/test__core_async.py -> build/lib.linux-x86_64-cpython-312/gevent/tests
#13 127.1       copying src/gevent/tests/test__core_callback.py -> build/lib.linux-x86_64-cpython-312/gevent/tests
#13 127.1       copying src/gevent/tests/test__core_fork.py -> build/lib.linux-x86_64-cpython-312/gevent/tests
#13 127.1       copying src/gevent/tests/test__core_loop_run.py -> build/lib.linux-x86_64-cpython-312/gevent/tests
#13 127.1       copying src/gevent/tests/test__core_stat.py -> build/lib.linux-x86_64-cpython-312/gevent/tests
#13 127.1       copying src/gevent/tests/test__core_timer.py -> build/lib.linux-x86_64-cpython-312/gevent/tests
#13 127.1       copying src/gevent/tests/test__core_watcher.py -> build/lib.linux-x86_64-cpython-312/gevent/tests
#13 127.1       copying src/gevent/tests/test__destroy.py -> build/lib.linux-x86_64-cpython-312/gevent/tests
#13 127.1       copying src/gevent/tests/test__destroy_default_loop.py -> build/lib.linux-x86_64-cpython-312/gevent/tests
#13 127.1       copying src/gevent/tests/test__doctests.py -> build/lib.linux-x86_64-cpython-312/gevent/tests
#13 127.1       copying src/gevent/tests/test__environ.py -> build/lib.linux-x86_64-cpython-312/gevent/tests
#13 127.1       copying src/gevent/tests/test__event.py -> build/lib.linux-x86_64-cpython-312/gevent/tests
#13 127.1       copying src/gevent/tests/test__events.py -> build/lib.linux-x86_64-cpython-312/gevent/tests
#13 127.1       copying src/gevent/tests/test__example_echoserver.py -> build/lib.linux-x86_64-cpython-312/gevent/tests
#13 127.1       copying src/gevent/tests/test__example_portforwarder.py -> build/lib.linux-x86_64-cpython-312/gevent/tests
#13 127.1       copying src/gevent/tests/test__example_udp_client.py -> build/lib.linux-x86_64-cpython-312/gevent/tests
#13 127.1       copying src/gevent/tests/test__example_udp_server.py -> build/lib.linux-x86_64-cpython-312/gevent/tests
#13 127.1       copying src/gevent/tests/test__example_webproxy.py -> build/lib.linux-x86_64-cpython-312/gevent/tests
#13 127.1       copying src/gevent/tests/test__example_wsgiserver.py -> build/lib.linux-x86_64-cpython-312/gevent/tests
#13 127.1       copying src/gevent/tests/test__example_wsgiserver_ssl.py -> build/lib.linux-x86_64-cpython-312/gevent/tests
#13 127.1       copying src/gevent/tests/test__examples.py -> build/lib.linux-x86_64-cpython-312/gevent/tests
#13 127.1       copying src/gevent/tests/test__exc_info.py -> build/lib.linux-x86_64-cpython-312/gevent/tests
#13 127.1       copying src/gevent/tests/test__execmodules.py -> build/lib.linux-x86_64-cpython-312/gevent/tests
#13 127.1       copying src/gevent/tests/test__fileobject.py -> build/lib.linux-x86_64-cpython-312/gevent/tests
#13 127.1       copying src/gevent/tests/test__getaddrinfo_import.py -> build/lib.linux-x86_64-cpython-312/gevent/tests
#13 127.1       copying src/gevent/tests/test__greenio.py -> build/lib.linux-x86_64-cpython-312/gevent/tests
#13 127.1       copying src/gevent/tests/test__greenlet.py -> build/lib.linux-x86_64-cpython-312/gevent/tests
#13 127.1       copying src/gevent/tests/test__greenletset.py -> build/lib.linux-x86_64-cpython-312/gevent/tests
#13 127.1       copying src/gevent/tests/test__greenness.py -> build/lib.linux-x86_64-cpython-312/gevent/tests
#13 127.1       copying src/gevent/tests/test__hub.py -> build/lib.linux-x86_64-cpython-312/gevent/tests
#13 127.1       copying src/gevent/tests/test__hub_join.py -> build/lib.linux-x86_64-cpython-312/gevent/tests
#13 127.1       copying src/gevent/tests/test__hub_join_timeout.py -> build/lib.linux-x86_64-cpython-312/gevent/tests
#13 127.1       copying src/gevent/tests/test__import_blocking_in_greenlet.py -> build/lib.linux-x86_64-cpython-312/gevent/tests
#13 127.1       copying src/gevent/tests/test__import_wait.py -> build/lib.linux-x86_64-cpython-312/gevent/tests
#13 127.1       copying src/gevent/tests/test__issue112.py -> build/lib.linux-x86_64-cpython-312/gevent/tests
#13 127.1       copying src/gevent/tests/test__issue1686.py -> build/lib.linux-x86_64-cpython-312/gevent/tests
#13 127.1       copying src/gevent/tests/test__issue1864.py -> build/lib.linux-x86_64-cpython-312/gevent/tests
#13 127.1       copying src/gevent/tests/test__issue230.py -> build/lib.linux-x86_64-cpython-312/gevent/tests
#13 127.1       copying src/gevent/tests/test__issue330.py -> build/lib.linux-x86_64-cpython-312/gevent/tests
#13 127.1       copying src/gevent/tests/test__issue467.py -> build/lib.linux-x86_64-cpython-312/gevent/tests
#13 127.1       copying src/gevent/tests/test__issue6.py -> build/lib.linux-x86_64-cpython-312/gevent/tests
#13 127.1       copying src/gevent/tests/test__issue600.py -> build/lib.linux-x86_64-cpython-312/gevent/tests
#13 127.1       copying src/gevent/tests/test__issue607.py -> build/lib.linux-x86_64-cpython-312/gevent/tests
#13 127.1       copying src/gevent/tests/test__issue639.py -> build/lib.linux-x86_64-cpython-312/gevent/tests
#13 127.1       copying src/gevent/tests/test__issue_728.py -> build/lib.linux-x86_64-cpython-312/gevent/tests
#13 127.1       copying src/gevent/tests/test__issues461_471.py -> build/lib.linux-x86_64-cpython-312/gevent/tests
#13 127.1       copying src/gevent/tests/test__iwait.py -> build/lib.linux-x86_64-cpython-312/gevent/tests
#13 127.1       copying src/gevent/tests/test__joinall.py -> build/lib.linux-x86_64-cpython-312/gevent/tests
#13 127.1       copying src/gevent/tests/test__local.py -> build/lib.linux-x86_64-cpython-312/gevent/tests
#13 127.1       copying src/gevent/tests/test__lock.py -> build/lib.linux-x86_64-cpython-312/gevent/tests
#13 127.1       copying src/gevent/tests/test__loop_callback.py -> build/lib.linux-x86_64-cpython-312/gevent/tests
#13 127.1       copying src/gevent/tests/test__makefile_ref.py -> build/lib.linux-x86_64-cpython-312/gevent/tests
#13 127.1       copying src/gevent/tests/test__memleak.py -> build/lib.linux-x86_64-cpython-312/gevent/tests
#13 127.1       copying src/gevent/tests/test__monkey.py -> build/lib.linux-x86_64-cpython-312/gevent/tests
#13 127.1       copying src/gevent/tests/test__monkey_builtins_future.py -> build/lib.linux-x86_64-cpython-312/gevent/tests
#13 127.1       copying src/gevent/tests/test__monkey_futures_thread.py -> build/lib.linux-x86_64-cpython-312/gevent/tests
#13 127.1       copying src/gevent/tests/test__monkey_hub_in_thread.py -> build/lib.linux-x86_64-cpython-312/gevent/tests
#13 127.1       copying src/gevent/tests/test__monkey_logging.py -> build/lib.linux-x86_64-cpython-312/gevent/tests
#13 127.1       copying src/gevent/tests/test__monkey_module_run.py -> build/lib.linux-x86_64-cpython-312/gevent/tests
#13 127.1       copying src/gevent/tests/test__monkey_multiple_imports.py -> build/lib.linux-x86_64-cpython-312/gevent/tests
#13 127.1       copying src/gevent/tests/test__monkey_queue.py -> build/lib.linux-x86_64-cpython-312/gevent/tests
#13 127.1       copying src/gevent/tests/test__monkey_select.py -> build/lib.linux-x86_64-cpython-312/gevent/tests
#13 127.1       copying src/gevent/tests/test__monkey_selectors.py -> build/lib.linux-x86_64-cpython-312/gevent/tests
#13 127.1       copying src/gevent/tests/test__monkey_sigchld.py -> build/lib.linux-x86_64-cpython-312/gevent/tests
#13 127.1       copying src/gevent/tests/test__monkey_sigchld_2.py -> build/lib.linux-x86_64-cpython-312/gevent/tests
#13 127.1       copying src/gevent/tests/test__monkey_sigchld_3.py -> build/lib.linux-x86_64-cpython-312/gevent/tests
#13 127.1       copying src/gevent/tests/test__monkey_ssl_warning.py -> build/lib.linux-x86_64-cpython-312/gevent/tests
#13 127.1       copying src/gevent/tests/test__monkey_ssl_warning2.py -> build/lib.linux-x86_64-cpython-312/gevent/tests
#13 127.1       copying src/gevent/tests/test__monkey_ssl_warning3.py -> build/lib.linux-x86_64-cpython-312/gevent/tests
#13 127.1       copying src/gevent/tests/test__nondefaultloop.py -> build/lib.linux-x86_64-cpython-312/gevent/tests
#13 127.1       copying src/gevent/tests/test__order.py -> build/lib.linux-x86_64-cpython-312/gevent/tests
#13 127.1       copying src/gevent/tests/test__os.py -> build/lib.linux-x86_64-cpython-312/gevent/tests
#13 127.1       copying src/gevent/tests/test__pool.py -> build/lib.linux-x86_64-cpython-312/gevent/tests
#13 127.1       copying src/gevent/tests/test__pywsgi.py -> build/lib.linux-x86_64-cpython-312/gevent/tests
#13 127.1       copying src/gevent/tests/test__queue.py -> build/lib.linux-x86_64-cpython-312/gevent/tests
#13 127.1       copying src/gevent/tests/test__real_greenlet.py -> build/lib.linux-x86_64-cpython-312/gevent/tests
#13 127.1       copying src/gevent/tests/test__refcount.py -> build/lib.linux-x86_64-cpython-312/gevent/tests
#13 127.1       copying src/gevent/tests/test__refcount_core.py -> build/lib.linux-x86_64-cpython-312/gevent/tests
#13 127.1       copying src/gevent/tests/test__resolver_dnspython.py -> build/lib.linux-x86_64-cpython-312/gevent/tests
#13 127.1       copying src/gevent/tests/test__select.py -> build/lib.linux-x86_64-cpython-312/gevent/tests
#13 127.1       copying src/gevent/tests/test__selectors.py -> build/lib.linux-x86_64-cpython-312/gevent/tests
#13 127.1       copying src/gevent/tests/test__semaphore.py -> build/lib.linux-x86_64-cpython-312/gevent/tests
#13 127.1       copying src/gevent/tests/test__server.py -> build/lib.linux-x86_64-cpython-312/gevent/tests
#13 127.1       copying src/gevent/tests/test__server_pywsgi.py -> build/lib.linux-x86_64-cpython-312/gevent/tests
#13 127.1       copying src/gevent/tests/test__signal.py -> build/lib.linux-x86_64-cpython-312/gevent/tests
#13 127.1       copying src/gevent/tests/test__sleep0.py -> build/lib.linux-x86_64-cpython-312/gevent/tests
#13 127.1       copying src/gevent/tests/test__socket.py -> build/lib.linux-x86_64-cpython-312/gevent/tests
#13 127.1       copying src/gevent/tests/test__socket_close.py -> build/lib.linux-x86_64-cpython-312/gevent/tests
#13 127.1       copying src/gevent/tests/test__socket_dns.py -> build/lib.linux-x86_64-cpython-312/gevent/tests
#13 127.1       copying src/gevent/tests/test__socket_dns6.py -> build/lib.linux-x86_64-cpython-312/gevent/tests
#13 127.1       copying src/gevent/tests/test__socket_errors.py -> build/lib.linux-x86_64-cpython-312/gevent/tests
#13 127.1       copying src/gevent/tests/test__socket_ex.py -> build/lib.linux-x86_64-cpython-312/gevent/tests
#13 127.1       copying src/gevent/tests/test__socket_send_memoryview.py -> build/lib.linux-x86_64-cpython-312/gevent/tests
#13 127.1       copying src/gevent/tests/test__socket_ssl.py -> build/lib.linux-x86_64-cpython-312/gevent/tests
#13 127.1       copying src/gevent/tests/test__socket_timeout.py -> build/lib.linux-x86_64-cpython-312/gevent/tests
#13 127.1       copying src/gevent/tests/test__socketpair.py -> build/lib.linux-x86_64-cpython-312/gevent/tests
#13 127.1       copying src/gevent/tests/test__ssl.py -> build/lib.linux-x86_64-cpython-312/gevent/tests
#13 127.1       copying src/gevent/tests/test__subprocess.py -> build/lib.linux-x86_64-cpython-312/gevent/tests
#13 127.1       copying src/gevent/tests/test__subprocess_interrupted.py -> build/lib.linux-x86_64-cpython-312/gevent/tests
#13 127.1       copying src/gevent/tests/test__subprocess_poll.py -> build/lib.linux-x86_64-cpython-312/gevent/tests
#13 127.1       copying src/gevent/tests/test__systemerror.py -> build/lib.linux-x86_64-cpython-312/gevent/tests
#13 127.1       copying src/gevent/tests/test__thread.py -> build/lib.linux-x86_64-cpython-312/gevent/tests
#13 127.1       copying src/gevent/tests/test__threading.py -> build/lib.linux-x86_64-cpython-312/gevent/tests
#13 127.1       copying src/gevent/tests/test__threading_2.py -> build/lib.linux-x86_64-cpython-312/gevent/tests
#13 127.1       copying src/gevent/tests/test__threading_before_monkey.py -> build/lib.linux-x86_64-cpython-312/gevent/tests
#13 127.1       copying src/gevent/tests/test__threading_holding_lock_while_monkey.py -> build/lib.linux-x86_64-cpython-312/gevent/tests
#13 127.1       copying src/gevent/tests/test__threading_monkey_in_thread.py -> build/lib.linux-x86_64-cpython-312/gevent/tests
#13 127.1       copying src/gevent/tests/test__threading_native_before_monkey.py -> build/lib.linux-x86_64-cpython-312/gevent/tests
#13 127.1       copying src/gevent/tests/test__threading_no_monkey.py -> build/lib.linux-x86_64-cpython-312/gevent/tests
#13 127.1       copying src/gevent/tests/test__threading_patched_local.py -> build/lib.linux-x86_64-cpython-312/gevent/tests
#13 127.1       copying src/gevent/tests/test__threading_vs_settrace.py -> build/lib.linux-x86_64-cpython-312/gevent/tests
#13 127.1       copying src/gevent/tests/test__threadpool.py -> build/lib.linux-x86_64-cpython-312/gevent/tests
#13 127.1       copying src/gevent/tests/test__threadpool_executor_patched.py -> build/lib.linux-x86_64-cpython-312/gevent/tests
#13 127.1       copying src/gevent/tests/test__timeout.py -> build/lib.linux-x86_64-cpython-312/gevent/tests
#13 127.1       copying src/gevent/tests/test__util.py -> build/lib.linux-x86_64-cpython-312/gevent/tests
#13 127.1       creating build/lib.linux-x86_64-cpython-312/gevent/tests/monkey_package
#13 127.1       copying src/gevent/tests/monkey_package/__init__.py -> build/lib.linux-x86_64-cpython-312/gevent/tests/monkey_package
#13 127.1       copying src/gevent/tests/monkey_package/__main__.py -> build/lib.linux-x86_64-cpython-312/gevent/tests/monkey_package
#13 127.1       copying src/gevent/tests/monkey_package/issue1526_no_monkey.py -> build/lib.linux-x86_64-cpython-312/gevent/tests/monkey_package
#13 127.1       copying src/gevent/tests/monkey_package/issue1526_with_monkey.py -> build/lib.linux-x86_64-cpython-312/gevent/tests/monkey_package
#13 127.1       copying src/gevent/tests/monkey_package/issue302monkey.py -> build/lib.linux-x86_64-cpython-312/gevent/tests/monkey_package
#13 127.1       copying src/gevent/tests/monkey_package/script.py -> build/lib.linux-x86_64-cpython-312/gevent/tests/monkey_package
#13 127.1       copying src/gevent/tests/monkey_package/threadpool_monkey_patches.py -> build/lib.linux-x86_64-cpython-312/gevent/tests/monkey_package
#13 127.1       copying src/gevent/tests/monkey_package/threadpool_no_monkey.py -> build/lib.linux-x86_64-cpython-312/gevent/tests/monkey_package
#13 127.1       creating build/lib.linux-x86_64-cpython-312/gevent/testing/coveragesite
#13 127.1       copying src/gevent/testing/coveragesite/sitecustomize.py -> build/lib.linux-x86_64-cpython-312/gevent/testing/coveragesite
#13 127.1       copying src/gevent/tests/2_7_keycert.pem -> build/lib.linux-x86_64-cpython-312/gevent/tests
#13 127.1       copying src/gevent/tests/badcert.pem -> build/lib.linux-x86_64-cpython-312/gevent/tests
#13 127.1       copying src/gevent/tests/badkey.pem -> build/lib.linux-x86_64-cpython-312/gevent/tests
#13 127.1       copying src/gevent/tests/https_svn_python_org_root.pem -> build/lib.linux-x86_64-cpython-312/gevent/tests
#13 127.1       copying src/gevent/tests/keycert.pem -> build/lib.linux-x86_64-cpython-312/gevent/tests
#13 127.1       copying src/gevent/tests/nullcert.pem -> build/lib.linux-x86_64-cpython-312/gevent/tests
#13 127.1       copying src/gevent/tests/sha256.pem -> build/lib.linux-x86_64-cpython-312/gevent/tests
#13 127.1       copying src/gevent/tests/wrongcert.pem -> build/lib.linux-x86_64-cpython-312/gevent/tests
#13 127.1       copying src/gevent/tests/server.crt -> build/lib.linux-x86_64-cpython-312/gevent/tests
#13 127.1       copying src/gevent/tests/test_server.crt -> build/lib.linux-x86_64-cpython-312/gevent/tests
#13 127.1       copying src/gevent/tests/hosts_file.txt -> build/lib.linux-x86_64-cpython-312/gevent/tests
#13 127.1       copying src/gevent/tests/tests_that_dont_do_leakchecks.txt -> build/lib.linux-x86_64-cpython-312/gevent/tests
#13 127.1       copying src/gevent/tests/tests_that_dont_monkeypatch.txt -> build/lib.linux-x86_64-cpython-312/gevent/tests
#13 127.1       copying src/gevent/tests/tests_that_dont_use_resolver.txt -> build/lib.linux-x86_64-cpython-312/gevent/tests
#13 127.1       copying src/gevent/tests/server.key -> build/lib.linux-x86_64-cpython-312/gevent/tests
#13 127.1       copying src/gevent/tests/test_server.key -> build/lib.linux-x86_64-cpython-312/gevent/tests
#13 127.1       running build_ext
#13 127.1       generating cffi module 'build/temp.linux-x86_64-cpython-312/gevent.libuv._corecffi.c'
#13 127.1       creating build/temp.linux-x86_64-cpython-312
#13 127.1       Running '(cd  "/tmp/pip-install-tc265i2d/gevent_b90044347c4043c284b58bdc098d8ada/deps/libev"  && sh ./configure -C > configure-output.txt )' in /tmp/pip-install-tc265i2d/gevent_b90044347c4043c284b58bdc098d8ada
#13 127.1       ./configure: line 6414: /usr/bin/file: not found
#13 127.1       config.status: error: in `/tmp/pip-install-tc265i2d/gevent_b90044347c4043c284b58bdc098d8ada/deps/libev':
#13 127.1       config.status: error: Something went wrong bootstrapping makefile fragments
#13 127.1           for automatic dependency tracking.  Try re-running configure with the
#13 127.1           '--disable-dependency-tracking' option to at least be able to build
#13 127.1           the package (albeit without support for automatic dependency tracking).
#13 127.1       See `config.log' for more details
#13 127.1       Traceback (most recent call last):
#13 127.1         File "/usr/local/lib/python3.12/site-packages/pip/_vendor/pyproject_hooks/_in_process/_in_process.py", line 353, in <module>
#13 127.1           main()
#13 127.1         File "/usr/local/lib/python3.12/site-packages/pip/_vendor/pyproject_hooks/_in_process/_in_process.py", line 335, in main
#13 127.1           json_out['return_val'] = hook(**hook_input['kwargs'])
#13 127.1                                    ^^^^^^^^^^^^^^^^^^^^^^^^^^^^
#13 127.1         File "/usr/local/lib/python3.12/site-packages/pip/_vendor/pyproject_hooks/_in_process/_in_process.py", line 251, in build_wheel
#13 127.1           return _build_backend().build_wheel(wheel_directory, config_settings,
#13 127.1                  ^^^^^^^^^^^^^^^^^^^^^^^^^^^^^^^^^^^^^^^^^^^^^^^^^^^^^^^^^^^^^^
#13 127.1         File "/tmp/pip-build-env-x66e68bo/overlay/lib/python3.12/site-packages/setuptools/build_meta.py", line 415, in build_wheel
#13 127.1           return self._build_with_temp_dir(
#13 127.1                  ^^^^^^^^^^^^^^^^^^^^^^^^^^
#13 127.1         File "/tmp/pip-build-env-x66e68bo/overlay/lib/python3.12/site-packages/setuptools/build_meta.py", line 397, in _build_with_temp_dir
#13 127.1           self.run_setup()
#13 127.1         File "/tmp/pip-build-env-x66e68bo/overlay/lib/python3.12/site-packages/setuptools/build_meta.py", line 313, in run_setup
#13 127.1           exec(code, locals())
#13 127.1         File "<string>", line 496, in <module>
#13 127.1         File "<string>", line 362, in run_setup
#13 127.1         File "/tmp/pip-build-env-x66e68bo/overlay/lib/python3.12/site-packages/setuptools/__init__.py", line 108, in setup
#13 127.1           return distutils.core.setup(**attrs)
#13 127.1                  ^^^^^^^^^^^^^^^^^^^^^^^^^^^^^
#13 127.1         File "/tmp/pip-build-env-x66e68bo/overlay/lib/python3.12/site-packages/setuptools/_distutils/core.py", line 184, in setup
#13 127.1           return run_commands(dist)
#13 127.1                  ^^^^^^^^^^^^^^^^^^
#13 127.1         File "/tmp/pip-build-env-x66e68bo/overlay/lib/python3.12/site-packages/setuptools/_distutils/core.py", line 200, in run_commands
#13 127.1           dist.run_commands()
#13 127.1         File "/tmp/pip-build-env-x66e68bo/overlay/lib/python3.12/site-packages/setuptools/_distutils/dist.py", line 970, in run_commands
#13 127.1           self.run_command(cmd)
#13 127.1         File "/tmp/pip-build-env-x66e68bo/overlay/lib/python3.12/site-packages/setuptools/dist.py", line 945, in run_command
#13 127.1           super().run_command(command)
#13 127.1         File "/tmp/pip-build-env-x66e68bo/overlay/lib/python3.12/site-packages/setuptools/_distutils/dist.py", line 989, in run_command
#13 127.1           cmd_obj.run()
#13 127.1         File "/tmp/pip-build-env-x66e68bo/overlay/lib/python3.12/site-packages/setuptools/command/bdist_wheel.py", line 373, in run
#13 127.1           self.run_command("build")
#13 127.1         File "/tmp/pip-build-env-x66e68bo/overlay/lib/python3.12/site-packages/setuptools/_distutils/cmd.py", line 316, in run_command
#13 127.1           self.distribution.run_command(command)
#13 127.1         File "/tmp/pip-build-env-x66e68bo/overlay/lib/python3.12/site-packages/setuptools/dist.py", line 945, in run_command
#13 127.1           super().run_command(command)
#13 127.1         File "/tmp/pip-build-env-x66e68bo/overlay/lib/python3.12/site-packages/setuptools/_distutils/dist.py", line 989, in run_command
#13 127.1           cmd_obj.run()
#13 127.1         File "/tmp/pip-build-env-x66e68bo/overlay/lib/python3.12/site-packages/setuptools/_distutils/command/build.py", line 135, in run
#13 127.1           self.run_command(cmd_name)
#13 127.1         File "/tmp/pip-build-env-x66e68bo/overlay/lib/python3.12/site-packages/setuptools/_distutils/cmd.py", line 316, in run_command
#13 127.1           self.distribution.run_command(command)
#13 127.1         File "/tmp/pip-build-env-x66e68bo/overlay/lib/python3.12/site-packages/setuptools/dist.py", line 945, in run_command
#13 127.1           super().run_command(command)
#13 127.1         File "/tmp/pip-build-env-x66e68bo/overlay/lib/python3.12/site-packages/setuptools/_distutils/dist.py", line 989, in run_command
#13 127.1           cmd_obj.run()
#13 127.1         File "/tmp/pip-build-env-x66e68bo/overlay/lib/python3.12/site-packages/cffi/setuptools_ext.py", line 141, in run
#13 127.1           ext.sources[0] = make_mod(self.build_temp, pre_run)
#13 127.1                            ^^^^^^^^^^^^^^^^^^^^^^^^^^^^^^^^^^
#13 127.1         File "/tmp/pip-build-env-x66e68bo/overlay/lib/python3.12/site-packages/cffi/setuptools_ext.py", line 126, in make_mod
#13 127.1           pre_run(ext, ffi)
#13 127.1         File "/tmp/pip-install-tc265i2d/gevent_b90044347c4043c284b58bdc098d8ada/_setuputils.py", line 381, in pre_run
#13 127.1           action()
#13 127.1         File "/tmp/pip-install-tc265i2d/gevent_b90044347c4043c284b58bdc098d8ada/_setuplibev.py", line 55, in configure_libev
#13 127.1           system(libev_configure_command)
#13 127.1         File "/tmp/pip-install-tc265i2d/gevent_b90044347c4043c284b58bdc098d8ada/_setuputils.py", line 195, in system
#13 127.1           if _system(cmd, cwd=cwd, env=env, **kwargs):
#13 127.1              ^^^^^^^^^^^^^^^^^^^^^^^^^^^^^^^^^^^^^^^^
#13 127.1         File "/tmp/pip-install-tc265i2d/gevent_b90044347c4043c284b58bdc098d8ada/_setuputils.py", line 191, in _system
#13 127.1           return check_call(cmd, cwd=cwd, env=env, **kwargs)
#13 127.1                  ^^^^^^^^^^^^^^^^^^^^^^^^^^^^^^^^^^^^^^^^^^^
#13 127.1         File "/usr/local/lib/python3.12/subprocess.py", line 413, in check_call
#13 127.1           raise CalledProcessError(retcode, cmd)
#13 127.1       subprocess.CalledProcessError: Command '(cd  "/tmp/pip-install-tc265i2d/gevent_b90044347c4043c284b58bdc098d8ada/deps/libev"  && sh ./configure -C > configure-output.txt )' returned non-zero exit status 1.
#13 127.1       [end of output]
#13 127.1   
#13 127.1   note: This error originates from a subprocess, and is likely not a problem with pip.
#13 127.1   ERROR: Failed building wheel for gevent
#13 127.1   Building wheel for greenlet (setup.py): started
#13 128.6   Building wheel for greenlet (setup.py): finished with status 'error'
#13 128.6   error: subprocess-exited-with-error
#13 128.6   
#13 128.6   × python setup.py bdist_wheel did not run successfully.
#13 128.6   │ exit code: 1
#13 128.6   ╰─> [96 lines of output]
#13 128.6       running bdist_wheel
#13 128.6       running build
#13 128.6       running build_py
#13 128.6       creating build
#13 128.6       creating build/lib.linux-x86_64-cpython-312
#13 128.6       creating build/lib.linux-x86_64-cpython-312/greenlet
#13 128.6       copying src/greenlet/__init__.py -> build/lib.linux-x86_64-cpython-312/greenlet
#13 128.6       creating build/lib.linux-x86_64-cpython-312/greenlet/platform
#13 128.6       copying src/greenlet/platform/__init__.py -> build/lib.linux-x86_64-cpython-312/greenlet/platform
#13 128.6       creating build/lib.linux-x86_64-cpython-312/greenlet/tests
#13 128.6       copying src/greenlet/tests/__init__.py -> build/lib.linux-x86_64-cpython-312/greenlet/tests
#13 128.6       copying src/greenlet/tests/leakcheck.py -> build/lib.linux-x86_64-cpython-312/greenlet/tests
#13 128.6       copying src/greenlet/tests/test_contextvars.py -> build/lib.linux-x86_64-cpython-312/greenlet/tests
#13 128.6       copying src/greenlet/tests/test_cpp.py -> build/lib.linux-x86_64-cpython-312/greenlet/tests
#13 128.6       copying src/greenlet/tests/test_extension_interface.py -> build/lib.linux-x86_64-cpython-312/greenlet/tests
#13 128.6       copying src/greenlet/tests/test_gc.py -> build/lib.linux-x86_64-cpython-312/greenlet/tests
#13 128.6       copying src/greenlet/tests/test_generator.py -> build/lib.linux-x86_64-cpython-312/greenlet/tests
#13 128.6       copying src/greenlet/tests/test_generator_nested.py -> build/lib.linux-x86_64-cpython-312/greenlet/tests
#13 128.6       copying src/greenlet/tests/test_greenlet.py -> build/lib.linux-x86_64-cpython-312/greenlet/tests
#13 128.6       copying src/greenlet/tests/test_greenlet_trash.py -> build/lib.linux-x86_64-cpython-312/greenlet/tests
#13 128.6       copying src/greenlet/tests/test_leaks.py -> build/lib.linux-x86_64-cpython-312/greenlet/tests
#13 128.6       copying src/greenlet/tests/test_stack_saved.py -> build/lib.linux-x86_64-cpython-312/greenlet/tests
#13 128.6       copying src/greenlet/tests/test_throw.py -> build/lib.linux-x86_64-cpython-312/greenlet/tests
#13 128.6       copying src/greenlet/tests/test_tracing.py -> build/lib.linux-x86_64-cpython-312/greenlet/tests
#13 128.6       copying src/greenlet/tests/test_version.py -> build/lib.linux-x86_64-cpython-312/greenlet/tests
#13 128.6       copying src/greenlet/tests/test_weakref.py -> build/lib.linux-x86_64-cpython-312/greenlet/tests
#13 128.6       running egg_info
#13 128.6       writing src/greenlet.egg-info/PKG-INFO
#13 128.6       writing dependency_links to src/greenlet.egg-info/dependency_links.txt
#13 128.6       writing requirements to src/greenlet.egg-info/requires.txt
#13 128.6       writing top-level names to src/greenlet.egg-info/top_level.txt
#13 128.6       reading manifest file 'src/greenlet.egg-info/SOURCES.txt'
#13 128.6       reading manifest template 'MANIFEST.in'
#13 128.6       warning: no previously-included files found matching 'benchmarks/*.json'
#13 128.6       no previously-included directories found matching 'docs/_build'
#13 128.6       warning: no files found matching '*.py' under directory 'appveyor'
#13 128.6       warning: no previously-included files matching '*.pyc' found anywhere in distribution
#13 128.6       warning: no previously-included files matching '*.pyd' found anywhere in distribution
#13 128.6       warning: no previously-included files matching '*.so' found anywhere in distribution
#13 128.6       warning: no previously-included files matching '.coverage' found anywhere in distribution
#13 128.6       adding license file 'LICENSE'
#13 128.6       adding license file 'LICENSE.PSF'
#13 128.6       adding license file 'AUTHORS'
#13 128.6       writing manifest file 'src/greenlet.egg-info/SOURCES.txt'
#13 128.6       copying src/greenlet/greenlet.cpp -> build/lib.linux-x86_64-cpython-312/greenlet
#13 128.6       copying src/greenlet/greenlet.h -> build/lib.linux-x86_64-cpython-312/greenlet
#13 128.6       copying src/greenlet/greenlet_allocator.hpp -> build/lib.linux-x86_64-cpython-312/greenlet
#13 128.6       copying src/greenlet/greenlet_compiler_compat.hpp -> build/lib.linux-x86_64-cpython-312/greenlet
#13 128.6       copying src/greenlet/greenlet_cpython_compat.hpp -> build/lib.linux-x86_64-cpython-312/greenlet
#13 128.6       copying src/greenlet/greenlet_exceptions.hpp -> build/lib.linux-x86_64-cpython-312/greenlet
#13 128.6       copying src/greenlet/greenlet_greenlet.hpp -> build/lib.linux-x86_64-cpython-312/greenlet
#13 128.6       copying src/greenlet/greenlet_internal.hpp -> build/lib.linux-x86_64-cpython-312/greenlet
#13 128.6       copying src/greenlet/greenlet_refs.hpp -> build/lib.linux-x86_64-cpython-312/greenlet
#13 128.6       copying src/greenlet/greenlet_slp_switch.hpp -> build/lib.linux-x86_64-cpython-312/greenlet
#13 128.6       copying src/greenlet/greenlet_thread_state.hpp -> build/lib.linux-x86_64-cpython-312/greenlet
#13 128.6       copying src/greenlet/greenlet_thread_state_dict_cleanup.hpp -> build/lib.linux-x86_64-cpython-312/greenlet
#13 128.6       copying src/greenlet/greenlet_thread_support.hpp -> build/lib.linux-x86_64-cpython-312/greenlet
#13 128.6       copying src/greenlet/slp_platformselect.h -> build/lib.linux-x86_64-cpython-312/greenlet
#13 128.6       copying src/greenlet/platform/setup_switch_x64_masm.cmd -> build/lib.linux-x86_64-cpython-312/greenlet/platform
#13 128.6       copying src/greenlet/platform/switch_aarch64_gcc.h -> build/lib.linux-x86_64-cpython-312/greenlet/platform
#13 128.6       copying src/greenlet/platform/switch_alpha_unix.h -> build/lib.linux-x86_64-cpython-312/greenlet/platform
#13 128.6       copying src/greenlet/platform/switch_amd64_unix.h -> build/lib.linux-x86_64-cpython-312/greenlet/platform
#13 128.6       copying src/greenlet/platform/switch_arm32_gcc.h -> build/lib.linux-x86_64-cpython-312/greenlet/platform
#13 128.6       copying src/greenlet/platform/switch_arm32_ios.h -> build/lib.linux-x86_64-cpython-312/greenlet/platform
#13 128.6       copying src/greenlet/platform/switch_arm64_masm.asm -> build/lib.linux-x86_64-cpython-312/greenlet/platform
#13 128.6       copying src/greenlet/platform/switch_arm64_masm.obj -> build/lib.linux-x86_64-cpython-312/greenlet/platform
#13 128.6       copying src/greenlet/platform/switch_arm64_msvc.h -> build/lib.linux-x86_64-cpython-312/greenlet/platform
#13 128.6       copying src/greenlet/platform/switch_csky_gcc.h -> build/lib.linux-x86_64-cpython-312/greenlet/platform
#13 128.6       copying src/greenlet/platform/switch_m68k_gcc.h -> build/lib.linux-x86_64-cpython-312/greenlet/platform
#13 128.6       copying src/greenlet/platform/switch_mips_unix.h -> build/lib.linux-x86_64-cpython-312/greenlet/platform
#13 128.6       copying src/greenlet/platform/switch_ppc64_aix.h -> build/lib.linux-x86_64-cpython-312/greenlet/platform
#13 128.6       copying src/greenlet/platform/switch_ppc64_linux.h -> build/lib.linux-x86_64-cpython-312/greenlet/platform
#13 128.6       copying src/greenlet/platform/switch_ppc_aix.h -> build/lib.linux-x86_64-cpython-312/greenlet/platform
#13 128.6       copying src/greenlet/platform/switch_ppc_linux.h -> build/lib.linux-x86_64-cpython-312/greenlet/platform
#13 128.6       copying src/greenlet/platform/switch_ppc_macosx.h -> build/lib.linux-x86_64-cpython-312/greenlet/platform
#13 128.6       copying src/greenlet/platform/switch_ppc_unix.h -> build/lib.linux-x86_64-cpython-312/greenlet/platform
#13 128.6       copying src/greenlet/platform/switch_riscv_unix.h -> build/lib.linux-x86_64-cpython-312/greenlet/platform
#13 128.6       copying src/greenlet/platform/switch_s390_unix.h -> build/lib.linux-x86_64-cpython-312/greenlet/platform
#13 128.6       copying src/greenlet/platform/switch_sparc_sun_gcc.h -> build/lib.linux-x86_64-cpython-312/greenlet/platform
#13 128.6       copying src/greenlet/platform/switch_x32_unix.h -> build/lib.linux-x86_64-cpython-312/greenlet/platform
#13 128.6       copying src/greenlet/platform/switch_x64_masm.asm -> build/lib.linux-x86_64-cpython-312/greenlet/platform
#13 128.6       copying src/greenlet/platform/switch_x64_masm.obj -> build/lib.linux-x86_64-cpython-312/greenlet/platform
#13 128.6       copying src/greenlet/platform/switch_x64_msvc.h -> build/lib.linux-x86_64-cpython-312/greenlet/platform
#13 128.6       copying src/greenlet/platform/switch_x86_msvc.h -> build/lib.linux-x86_64-cpython-312/greenlet/platform
#13 128.6       copying src/greenlet/platform/switch_x86_unix.h -> build/lib.linux-x86_64-cpython-312/greenlet/platform
#13 128.6       copying src/greenlet/tests/_test_extension.c -> build/lib.linux-x86_64-cpython-312/greenlet/tests
#13 128.6       copying src/greenlet/tests/_test_extension_cpp.cpp -> build/lib.linux-x86_64-cpython-312/greenlet/tests
#13 128.6       running build_ext
#13 128.6       building 'greenlet._greenlet' extension
#13 128.6       creating build/temp.linux-x86_64-cpython-312
#13 128.6       creating build/temp.linux-x86_64-cpython-312/src
#13 128.6       creating build/temp.linux-x86_64-cpython-312/src/greenlet
#13 128.6       gcc -fno-strict-overflow -Wsign-compare -DNDEBUG -g -O3 -Wall -fPIC -I/usr/local/include/python3.12 -c src/greenlet/greenlet.cpp -o build/temp.linux-x86_64-cpython-312/src/greenlet/greenlet.o
#13 128.6       gcc: fatal error: cannot execute 'cc1plus': execvp: No such file or directory
#13 128.6       compilation terminated.
#13 128.6       error: command '/usr/bin/gcc' failed with exit code 1
#13 128.6       [end of output]
#13 128.6   
#13 128.6   note: This error originates from a subprocess, and is likely not a problem with pip.
#13 128.6   Running setup.py clean for greenlet
#13 128.6   ERROR: Failed building wheel for greenlet
#13 129.6   Building wheel for Pillow (setup.py): started
#13 190.2   Building wheel for Pillow (setup.py): still running...
#13 252.0   Building wheel for Pillow (setup.py): still running...
#13 253.6   Building wheel for Pillow (setup.py): finished with status 'done'
#13 253.7   Created wheel for Pillow: filename=Pillow-9.4.0-cp312-cp312-linux_x86_64.whl size=1227803 sha256=d399f6ab7d16d63c47d84c2464292d0ebf38ce4f3da0e95b04d9027feff93a83
#13 253.7   Stored in directory: /tmp/pip-ephem-wheel-cache-blyo5dpo/wheels/f3/bd/fa/c7606e3b0644710a556108233c428d43249d98e562ccf055b9
#13 253.7   Building wheel for peewee (pyproject.toml): started
#13 254.9   Building wheel for peewee (pyproject.toml): finished with status 'done'
#13 254.9   Created wheel for peewee: filename=peewee-3.17.6-py3-none-any.whl size=138890 sha256=5d5018b087c757ba0e3ea47dbc6c1f58894fc14da2d46137734a7b6013c19443
#13 254.9   Stored in directory: /tmp/pip-ephem-wheel-cache-blyo5dpo/wheels/a6/5e/0f/8319805c4115320e0d3e8fb5799b114a2e4c4a3d6c7e523b06
#13 254.9   Building wheel for progressbar (setup.py): started
#13 255.6   Building wheel for progressbar (setup.py): finished with status 'done'
#13 255.6   Created wheel for progressbar: filename=progressbar-2.5-py3-none-any.whl size=12065 sha256=969668f292e5377cc06ff298930576ab63a771b0b2d7997fbfa9bb85ea1f6240
#13 255.6   Stored in directory: /tmp/pip-ephem-wheel-cache-blyo5dpo/wheels/a5/4d/c7/f3cf0f75c746c219090060131fe00f1523cc2c5484991f4030
#13 255.6   Building wheel for typed-ast (setup.py): started
#13 318.4   Building wheel for typed-ast (setup.py): still running...
#13 319.6   Building wheel for typed-ast (setup.py): finished with status 'done'
#13 319.6   Created wheel for typed-ast: filename=typed_ast-1.5.5-cp312-cp312-linux_x86_64.whl size=829831 sha256=9f0d2917cc8c5f97fa0fb67b03c3d507a129aaf54b332dc488c4f4fb617dba43
#13 319.6   Stored in directory: /tmp/pip-ephem-wheel-cache-blyo5dpo/wheels/7d/85/f8/cb309265bf60f840369ca24241385ae985caab44af05272b6a
#13 319.6   Building wheel for zope.interface (setup.py): started
#13 323.9   Building wheel for zope.interface (setup.py): finished with status 'done'
#13 323.9   Created wheel for zope.interface: filename=zope.interface-6.4.post2-cp312-cp312-linux_x86_64.whl size=251740 sha256=ac205991d8bdf1f99bb3b4ebeb1852c9eff22596af1ec503728b945d5a78a0e8
#13 323.9   Stored in directory: /tmp/pip-ephem-wheel-cache-blyo5dpo/wheels/57/92/a1/98de5346be3ac7c88fcb6444f3c0fee4f2ca24b9da1aacece4
#13 323.9 Successfully built Pillow peewee progressbar typed-ast zope.interface
#13 323.9 Failed to build gevent greenlet
#13 324.5 ERROR: ERROR: Failed to build installable wheels for some pyproject.toml based projects (gevent, greenlet)
#13 ERROR: process "/bin/sh -c pip install --no-cache-dir -r requirements.txt" did not complete successfully: exit code: 1
------
 > [ 8/12] RUN pip install --no-cache-dir -r requirements.txt:
319.6   Building wheel for typed-ast (setup.py): finished with status 'done'
319.6   Created wheel for typed-ast: filename=typed_ast-1.5.5-cp312-cp312-linux_x86_64.whl size=829831 sha256=9f0d2917cc8c5f97fa0fb67b03c3d507a129aaf54b332dc488c4f4fb617dba43
319.6   Stored in directory: /tmp/pip-ephem-wheel-cache-blyo5dpo/wheels/7d/85/f8/cb309265bf60f840369ca24241385ae985caab44af05272b6a
319.6   Building wheel for zope.interface (setup.py): started
323.9   Building wheel for zope.interface (setup.py): finished with status 'done'
323.9   Created wheel for zope.interface: filename=zope.interface-6.4.post2-cp312-cp312-linux_x86_64.whl size=251740 sha256=ac205991d8bdf1f99bb3b4ebeb1852c9eff22596af1ec503728b945d5a78a0e8
323.9   Stored in directory: /tmp/pip-ephem-wheel-cache-blyo5dpo/wheels/57/92/a1/98de5346be3ac7c88fcb6444f3c0fee4f2ca24b9da1aacece4
323.9 Successfully built Pillow peewee progressbar typed-ast zope.interface
323.9 Failed to build gevent greenlet
324.5 ERROR: ERROR: Failed to build installable wheels for some pyproject.toml based projects (gevent, greenlet)
------
v1_Dockerfile:13
--------------------
  11 |     RUN apk add --no-cache --virtual cython
  12 |     RUN pip install --upgrade pip
  13 | >>> RUN pip install --no-cache-dir -r requirements.txt
  14 |     RUN apk add --no-cache --virtual unrar xz
  15 |     RUN apk del .build-deps gcc musl-dev
--------------------
ERROR: failed to solve: process "/bin/sh -c pip install --no-cache-dir -r requirements.txt" did not complete successfully: exit code: 1
Duration: 6:21.18