#0 building with "default" instance using docker driver

#1 [internal] load .dockerignore
#1 ...

#2 [internal] load build definition from v3_Dockerfile
#2 transferring dockerfile: 646B done
#2 DONE 0.4s

#1 [internal] load .dockerignore
#1 transferring context: 2B done
#1 DONE 0.5s

#3 [auth] library/python:pull token for registry-1.docker.io
#3 DONE 0.0s

#4 [internal] load metadata for docker.io/library/python:alpine
#4 DONE 1.5s

#5 [internal] load build context
#5 DONE 0.0s

#6 [ 1/12] FROM docker.io/library/python:alpine@sha256:7f15e22f496c65cffbbac5e30e7e98d60f3e3b9cc5ee5d51cf3c55ed604787c8
#6 resolve docker.io/library/python:alpine@sha256:7f15e22f496c65cffbbac5e30e7e98d60f3e3b9cc5ee5d51cf3c55ed604787c8
#6 resolve docker.io/library/python:alpine@sha256:7f15e22f496c65cffbbac5e30e7e98d60f3e3b9cc5ee5d51cf3c55ed604787c8 0.2s done
#6 DONE 0.2s

#6 [ 1/12] FROM docker.io/library/python:alpine@sha256:7f15e22f496c65cffbbac5e30e7e98d60f3e3b9cc5ee5d51cf3c55ed604787c8
#6 sha256:7f15e22f496c65cffbbac5e30e7e98d60f3e3b9cc5ee5d51cf3c55ed604787c8 9.02kB / 9.02kB done
#6 sha256:20648901a677433f2585c5410bbf4e217e8df19f436c6d2b25546ecd8a1b33e4 1.93kB / 1.93kB done
#6 sha256:143abac68ee42da16c20e3618ea10d882bfe0e35a89d38ac07d1d434c1067ec0 6.07kB / 6.07kB done
#6 sha256:c6a83fedfae6ed8a4f5f7cbb6a7b6f1c1ec3d86fea8cb9e5ba2e5e6673fde9f6 0B / 3.62MB 0.2s
#6 sha256:c6a83fedfae6ed8a4f5f7cbb6a7b6f1c1ec3d86fea8cb9e5ba2e5e6673fde9f6 1.05MB / 3.62MB 0.3s
#6 sha256:2733810d7af88b9d0fb50a075acc0d443d8b08cbc60f059f1971c878d18c6be4 0B / 461.81kB 0.3s
#6 sha256:c96a0e292e9e4d29ed2ae13f9cd74c4d53e32cbd6d31515ee8d38c9464de4f61 0B / 11.78MB 0.3s
#6 sha256:c6a83fedfae6ed8a4f5f7cbb6a7b6f1c1ec3d86fea8cb9e5ba2e5e6673fde9f6 3.62MB / 3.62MB 0.4s done
#6 sha256:2733810d7af88b9d0fb50a075acc0d443d8b08cbc60f059f1971c878d18c6be4 461.81kB / 461.81kB 0.4s
#6 sha256:c96a0e292e9e4d29ed2ae13f9cd74c4d53e32cbd6d31515ee8d38c9464de4f61 4.19MB / 11.78MB 0.5s
#6 extracting sha256:c6a83fedfae6ed8a4f5f7cbb6a7b6f1c1ec3d86fea8cb9e5ba2e5e6673fde9f6
#6 sha256:2733810d7af88b9d0fb50a075acc0d443d8b08cbc60f059f1971c878d18c6be4 461.81kB / 461.81kB 0.5s done
#6 sha256:c96a0e292e9e4d29ed2ae13f9cd74c4d53e32cbd6d31515ee8d38c9464de4f61 8.39MB / 11.78MB 0.6s
#6 sha256:47007a96afcac1a2c3d9c42cd3bf7ba6615fc41d21d64b9363e3fb8738ea4e49 0B / 229B 0.6s
#6 sha256:c96a0e292e9e4d29ed2ae13f9cd74c4d53e32cbd6d31515ee8d38c9464de4f61 11.78MB / 11.78MB 0.7s
#6 sha256:9f803fcc73d23bddb8eacab305eb85799431b41b7a3f3448f9c794ed033bb9dc 0B / 4.16MB 0.7s
#6 sha256:47007a96afcac1a2c3d9c42cd3bf7ba6615fc41d21d64b9363e3fb8738ea4e49 229B / 229B 0.8s
#6 ...

#5 [internal] load build context
#5 transferring context: 10.08MB 0.4s done
#5 DONE 1.0s

#6 [ 1/12] FROM docker.io/library/python:alpine@sha256:7f15e22f496c65cffbbac5e30e7e98d60f3e3b9cc5ee5d51cf3c55ed604787c8
#6 sha256:9f803fcc73d23bddb8eacab305eb85799431b41b7a3f3448f9c794ed033bb9dc 4.16MB / 4.16MB 0.9s
#6 sha256:c96a0e292e9e4d29ed2ae13f9cd74c4d53e32cbd6d31515ee8d38c9464de4f61 11.78MB / 11.78MB 0.9s done
#6 sha256:47007a96afcac1a2c3d9c42cd3bf7ba6615fc41d21d64b9363e3fb8738ea4e49 229B / 229B 1.0s done
#6 sha256:9f803fcc73d23bddb8eacab305eb85799431b41b7a3f3448f9c794ed033bb9dc 4.16MB / 4.16MB 1.1s done
#6 extracting sha256:c6a83fedfae6ed8a4f5f7cbb6a7b6f1c1ec3d86fea8cb9e5ba2e5e6673fde9f6 0.9s done
#6 extracting sha256:2733810d7af88b9d0fb50a075acc0d443d8b08cbc60f059f1971c878d18c6be4
#6 extracting sha256:2733810d7af88b9d0fb50a075acc0d443d8b08cbc60f059f1971c878d18c6be4 0.4s done
#6 extracting sha256:c96a0e292e9e4d29ed2ae13f9cd74c4d53e32cbd6d31515ee8d38c9464de4f61
#6 extracting sha256:c96a0e292e9e4d29ed2ae13f9cd74c4d53e32cbd6d31515ee8d38c9464de4f61 2.1s done
#6 extracting sha256:47007a96afcac1a2c3d9c42cd3bf7ba6615fc41d21d64b9363e3fb8738ea4e49 done
#6 extracting sha256:9f803fcc73d23bddb8eacab305eb85799431b41b7a3f3448f9c794ed033bb9dc
#6 extracting sha256:9f803fcc73d23bddb8eacab305eb85799431b41b7a3f3448f9c794ed033bb9dc 1.0s done
#6 DONE 7.9s

#7 [ 2/12] WORKDIR /usr/src/app
#7 DONE 2.6s

#8 [ 3/12] COPY requirements.txt ./
#8 DONE 0.4s

#9 [ 4/12] RUN apk add --no-cache --virtual .build-deps gcc musl-dev
#9 1.496 fetch https://dl-cdn.alpinelinux.org/alpine/v3.20/main/x86_64/APKINDEX.tar.gz
#9 1.950 fetch https://dl-cdn.alpinelinux.org/alpine/v3.20/community/x86_64/APKINDEX.tar.gz
#9 3.162 (1/14) Installing libgcc (13.2.1_git20240309-r0)
#9 3.178 (2/14) Installing jansson (2.14-r4)
#9 3.194 (3/14) Installing libstdc++ (13.2.1_git20240309-r0)
#9 3.268 (4/14) Installing zstd-libs (1.5.6-r0)
#9 3.293 (5/14) Installing binutils (2.42-r0)
#9 3.678 (6/14) Installing libgomp (13.2.1_git20240309-r0)
#9 3.695 (7/14) Installing libatomic (13.2.1_git20240309-r0)
#9 3.708 (8/14) Installing gmp (6.3.0-r1)
#9 3.729 (9/14) Installing isl26 (0.26-r1)
#9 3.772 (10/14) Installing mpfr4 (4.2.1-r0)
#9 3.793 (11/14) Installing mpc1 (1.3.1-r1)
#9 3.805 (12/14) Installing gcc (13.2.1_git20240309-r0)
#9 6.344 (13/14) Installing musl-dev (1.2.5-r0)
#9 6.680 (14/14) Installing .build-deps (20240731.022801)
#9 6.680 Executing busybox-1.36.1-r29.trigger
#9 6.716 OK: 165 MiB in 51 packages
#9 DONE 10.2s

#10 [ 5/12] RUN apk add --no-cache --virtual freetype-dev jpeg-dev libpng-dev
#10 1.620 fetch https://dl-cdn.alpinelinux.org/alpine/v3.20/main/x86_64/APKINDEX.tar.gz
#10 2.009 fetch https://dl-cdn.alpinelinux.org/alpine/v3.20/community/x86_64/APKINDEX.tar.gz
#10 3.286 (1/9) Installing libjpeg-turbo (3.0.3-r0)
#10 3.307 (2/9) Installing libturbojpeg (3.0.3-r0)
#10 3.346 (3/9) Installing pkgconf (2.2.0-r0)
#10 3.363 (4/9) Installing libjpeg-turbo-dev (3.0.3-r0)
#10 3.410 (5/9) Installing jpeg-dev (9e-r1)
#10 3.423 (6/9) Installing libpng (1.6.43-r0)
#10 3.437 (7/9) Installing zlib-dev (1.3.1-r1)
#10 3.451 (8/9) Installing libpng-dev (1.6.43-r0)
#10 3.486 (9/9) Installing freetype-dev (20240731.022811)
#10 3.486 Executing busybox-1.36.1-r29.trigger
#10 3.516 OK: 167 MiB in 60 packages
#10 DONE 4.2s

#11 [ 6/12] RUN apk add --no-cache --virtual cython
#11 2.162 fetch https://dl-cdn.alpinelinux.org/alpine/v3.20/main/x86_64/APKINDEX.tar.gz
#11 2.368 fetch https://dl-cdn.alpinelinux.org/alpine/v3.20/community/x86_64/APKINDEX.tar.gz
#11 3.607 WARNING: creating empty virtual package
#11 3.645 (1/1) Installing cython (20240731.022816)
#11 3.661 OK: 167 MiB in 61 packages
#11 DONE 4.1s

#12 [ 7/12] RUN pip install --upgrade pip
#12 10.64 Requirement already satisfied: pip in /usr/local/lib/python3.12/site-packages (24.0)
#12 11.22 Collecting pip
#12 11.35   Downloading pip-24.2-py3-none-any.whl.metadata (3.6 kB)
#12 11.43 Downloading pip-24.2-py3-none-any.whl (1.8 MB)
#12 11.86    ━━━━━━━━━━━━━━━━━━━━━━━━━━━━━━━━━━━━━━━━ 1.8/1.8 MB 4.4 MB/s eta 0:00:00
#12 12.21 Installing collected packages: pip
#12 12.21   Attempting uninstall: pip
#12 12.22     Found existing installation: pip 24.0
#12 12.46     Uninstalling pip-24.0:
#12 13.45       Successfully uninstalled pip-24.0
#12 18.67 Successfully installed pip-24.2
#12 18.67 WARNING: Running pip as the 'root' user can result in broken permissions and conflicting behaviour with the system package manager. It is recommended to use a virtual environment instead: https://pip.pypa.io/warnings/venv
#12 DONE 20.4s

#13 [ 8/12] RUN pip install --no-cache-dir -r requirements.txt || pip install --no-cache-dir -r requirements.txt
#13 3.540 Collecting astroid>=2.3.3 (from -r requirements.txt (line 1))
#13 3.682   Downloading astroid-3.2.4-py3-none-any.whl.metadata (4.5 kB)
#13 3.806 Collecting Click>=7.0 (from -r requirements.txt (line 2))
#13 3.841   Downloading click-8.1.7-py3-none-any.whl.metadata (3.0 kB)
#13 3.920 Collecting Flask==2.2.3 (from -r requirements.txt (line 3))
#13 3.937   Downloading Flask-2.2.3-py3-none-any.whl.metadata (3.9 kB)
#13 4.564 Collecting gevent==22.10.2 (from -r requirements.txt (line 4))
#13 4.579   Downloading gevent-22.10.2.tar.gz (6.6 MB)
#13 5.051      ━━━━━━━━━━━━━━━━━━━━━━━━━━━━━━━━━━━━━━━━ 6.6/6.6 MB 15.3 MB/s eta 0:00:00
#13 7.934   Installing build dependencies: started
#13 26.54   Installing build dependencies: finished with status 'done'
#13 26.54   Getting requirements to build wheel: started
#13 47.47   Getting requirements to build wheel: finished with status 'done'
#13 47.47   Preparing metadata (pyproject.toml): started
#13 50.81   Preparing metadata (pyproject.toml): finished with status 'done'
#13 51.45 Collecting greenlet==2.0.2 (from -r requirements.txt (line 5))
#13 51.47   Downloading greenlet-2.0.2.tar.gz (164 kB)
#13 51.61   Preparing metadata (setup.py): started
#13 54.13   Preparing metadata (setup.py): finished with status 'done'
#13 54.42 Collecting isort>=4.3.21 (from -r requirements.txt (line 6))
#13 54.44   Downloading isort-5.13.2-py3-none-any.whl.metadata (12 kB)
#13 54.49 Collecting itsdangerous>=1.1.0 (from -r requirements.txt (line 7))
#13 54.50   Downloading itsdangerous-2.2.0-py3-none-any.whl.metadata (1.9 kB)
#13 54.57 Collecting Jinja2>=2.10.3 (from -r requirements.txt (line 8))
#13 54.58   Downloading jinja2-3.1.4-py3-none-any.whl.metadata (2.6 kB)
#13 54.72 Collecting lazy-object-proxy (from -r requirements.txt (line 9))
#13 54.73   Downloading lazy_object_proxy-1.10.0-cp312-cp312-musllinux_1_1_x86_64.whl.metadata (7.8 kB)
#13 55.02 Collecting MarkupSafe>=1.1.1 (from -r requirements.txt (line 10))
#13 55.04   Downloading MarkupSafe-2.1.5-cp312-cp312-musllinux_1_1_x86_64.whl.metadata (3.0 kB)
#13 55.09 Collecting mccabe>=0.6.1 (from -r requirements.txt (line 11))
#13 55.11   Downloading mccabe-0.7.0-py2.py3-none-any.whl.metadata (5.0 kB)
#13 55.26 Collecting natsort>=6.2.0 (from -r requirements.txt (line 12))
#13 55.27   Downloading natsort-8.4.0-py3-none-any.whl.metadata (21 kB)
#13 55.43 Collecting peewee>=3.12.0 (from -r requirements.txt (line 13))
#13 55.45   Downloading peewee-3.17.6.tar.gz (3.0 MB)
#13 55.55      ━━━━━━━━━━━━━━━━━━━━━━━━━━━━━━━━━━━━━━━━ 3.0/3.0 MB 50.3 MB/s eta 0:00:00
#13 56.36   Installing build dependencies: started
#13 65.07   Installing build dependencies: finished with status 'done'
#13 65.07   Getting requirements to build wheel: started
#13 65.86   Getting requirements to build wheel: finished with status 'done'
#13 65.86   Preparing metadata (pyproject.toml): started
#13 66.89   Preparing metadata (pyproject.toml): finished with status 'done'
#13 68.56 Collecting Pillow==9.4.0 (from -r requirements.txt (line 14))
#13 68.57   Downloading Pillow-9.4.0.tar.gz (50.4 MB)
#13 69.41      ━━━━━━━━━━━━━━━━━━━━━━━━━━━━━━━━━━━━━━━━ 50.4/50.4 MB 60.9 MB/s eta 0:00:00
#13 75.41   Preparing metadata (setup.py): started
#13 76.95   Preparing metadata (setup.py): finished with status 'done'
#13 76.98 Collecting progressbar>=2.5 (from -r requirements.txt (line 15))
#13 77.00   Downloading progressbar-2.5.tar.gz (10 kB)
#13 77.03   Preparing metadata (setup.py): started
#13 77.67   Preparing metadata (setup.py): finished with status 'done'
#13 77.91 Collecting pylint>=2.4.4 (from -r requirements.txt (line 16))
#13 77.92   Downloading pylint-3.2.6-py3-none-any.whl.metadata (12 kB)
#13 78.21 Collecting pyparsing>=2.4.7 (from -r requirements.txt (line 17))
#13 78.25   Downloading pyparsing-3.1.2-py3-none-any.whl.metadata (5.1 kB)
#13 78.29 Collecting rarfile>=3.1 (from -r requirements.txt (line 18))
#13 78.30   Downloading rarfile-4.2-py3-none-any.whl.metadata (4.4 kB)
#13 78.39 Collecting six>=1.13.0 (from -r requirements.txt (line 19))
#13 78.42   Downloading six-1.16.0-py2.py3-none-any.whl.metadata (1.8 kB)
#13 78.73 Collecting typed-ast>=1.5.4 (from -r requirements.txt (line 20))
#13 78.76   Downloading typed_ast-1.5.5.tar.gz (252 kB)
#13 78.88   Preparing metadata (setup.py): started
#13 79.81   Preparing metadata (setup.py): finished with status 'done'
#13 79.98 Collecting Werkzeug>=0.16.0 (from -r requirements.txt (line 21))
#13 79.99   Downloading werkzeug-3.0.3-py3-none-any.whl.metadata (3.7 kB)
#13 80.68 Collecting wrapt>=1.11.2 (from -r requirements.txt (line 22))
#13 80.70   Downloading wrapt-1.16.0-cp312-cp312-musllinux_1_1_x86_64.whl.metadata (6.6 kB)
#13 80.89 Collecting zope.event (from gevent==22.10.2->-r requirements.txt (line 4))
#13 80.90   Downloading zope.event-5.0-py3-none-any.whl.metadata (4.4 kB)
#13 81.58 Collecting zope.interface (from gevent==22.10.2->-r requirements.txt (line 4))
#13 81.60   Downloading zope.interface-6.4.post2.tar.gz (294 kB)
#13 81.86   Preparing metadata (setup.py): started
#13 82.93   Preparing metadata (setup.py): finished with status 'done'
#13 82.96 Requirement already satisfied: setuptools in /usr/local/lib/python3.12/site-packages (from gevent==22.10.2->-r requirements.txt (line 4)) (71.1.0)
#13 83.27 Collecting platformdirs>=2.2.0 (from pylint>=2.4.4->-r requirements.txt (line 16))
#13 83.30   Downloading platformdirs-4.2.2-py3-none-any.whl.metadata (11 kB)
#13 83.79 Collecting tomlkit>=0.10.1 (from pylint>=2.4.4->-r requirements.txt (line 16))
#13 83.81   Downloading tomlkit-0.13.0-py3-none-any.whl.metadata (2.7 kB)
#13 83.87 Collecting dill>=0.3.6 (from pylint>=2.4.4->-r requirements.txt (line 16))
#13 83.90   Downloading dill-0.3.8-py3-none-any.whl.metadata (10 kB)
#13 84.16 Downloading Flask-2.2.3-py3-none-any.whl (101 kB)
#13 84.18 Downloading astroid-3.2.4-py3-none-any.whl (276 kB)
#13 84.20 Downloading click-8.1.7-py3-none-any.whl (97 kB)
#13 84.21 Downloading isort-5.13.2-py3-none-any.whl (92 kB)
#13 84.22 Downloading itsdangerous-2.2.0-py3-none-any.whl (16 kB)
#13 84.24 Downloading jinja2-3.1.4-py3-none-any.whl (133 kB)
#13 84.25 Downloading lazy_object_proxy-1.10.0-cp312-cp312-musllinux_1_1_x86_64.whl (75 kB)
#13 84.27 Downloading MarkupSafe-2.1.5-cp312-cp312-musllinux_1_1_x86_64.whl (33 kB)
#13 84.29 Downloading mccabe-0.7.0-py2.py3-none-any.whl (7.3 kB)
#13 84.31 Downloading natsort-8.4.0-py3-none-any.whl (38 kB)
#13 84.32 Downloading pylint-3.2.6-py3-none-any.whl (519 kB)
#13 84.34 Downloading pyparsing-3.1.2-py3-none-any.whl (103 kB)
#13 84.36 Downloading rarfile-4.2-py3-none-any.whl (29 kB)
#13 84.38 Downloading six-1.16.0-py2.py3-none-any.whl (11 kB)
#13 84.40 Downloading werkzeug-3.0.3-py3-none-any.whl (227 kB)
#13 84.41 Downloading wrapt-1.16.0-cp312-cp312-musllinux_1_1_x86_64.whl (91 kB)
#13 84.43 Downloading dill-0.3.8-py3-none-any.whl (116 kB)
#13 84.45 Downloading platformdirs-4.2.2-py3-none-any.whl (18 kB)
#13 84.47 Downloading tomlkit-0.13.0-py3-none-any.whl (37 kB)
#13 84.50 Downloading zope.event-5.0-py3-none-any.whl (6.8 kB)
#13 84.69 Building wheels for collected packages: gevent, greenlet, Pillow, peewee, progressbar, typed-ast, zope.interface
#13 84.69   Building wheel for gevent (pyproject.toml): started
#13 115.2   Building wheel for gevent (pyproject.toml): finished with status 'error'
#13 115.3   error: subprocess-exited-with-error
#13 115.3   
#13 115.3   × Building wheel for gevent (pyproject.toml) did not run successfully.
#13 115.3   │ exit code: 1
#13 115.3   ╰─> [363 lines of output]
#13 115.3       /tmp/pip-build-env-9q_do55z/overlay/lib/python3.12/site-packages/setuptools/_distutils/dist.py:268: UserWarning: Unknown distribution option: 'test_suite'
#13 115.3         warnings.warn(msg)
#13 115.3       running bdist_wheel
#13 115.3       running build
#13 115.3       running build_py
#13 115.3       creating build
#13 115.3       creating build/lib.linux-x86_64-cpython-312
#13 115.3       creating build/lib.linux-x86_64-cpython-312/gevent
#13 115.3       copying src/gevent/__init__.py -> build/lib.linux-x86_64-cpython-312/gevent
#13 115.3       copying src/gevent/_abstract_linkable.py -> build/lib.linux-x86_64-cpython-312/gevent
#13 115.3       copying src/gevent/_compat.py -> build/lib.linux-x86_64-cpython-312/gevent
#13 115.3       copying src/gevent/_config.py -> build/lib.linux-x86_64-cpython-312/gevent
#13 115.3       copying src/gevent/_fileobjectcommon.py -> build/lib.linux-x86_64-cpython-312/gevent
#13 115.3       copying src/gevent/_fileobjectposix.py -> build/lib.linux-x86_64-cpython-312/gevent
#13 115.3       copying src/gevent/_greenlet_primitives.py -> build/lib.linux-x86_64-cpython-312/gevent
#13 115.3       copying src/gevent/_hub_local.py -> build/lib.linux-x86_64-cpython-312/gevent
#13 115.3       copying src/gevent/_hub_primitives.py -> build/lib.linux-x86_64-cpython-312/gevent
#13 115.3       copying src/gevent/_ident.py -> build/lib.linux-x86_64-cpython-312/gevent
#13 115.3       copying src/gevent/_imap.py -> build/lib.linux-x86_64-cpython-312/gevent
#13 115.3       copying src/gevent/_interfaces.py -> build/lib.linux-x86_64-cpython-312/gevent
#13 115.3       copying src/gevent/_monitor.py -> build/lib.linux-x86_64-cpython-312/gevent
#13 115.3       copying src/gevent/_patcher.py -> build/lib.linux-x86_64-cpython-312/gevent
#13 115.3       copying src/gevent/_semaphore.py -> build/lib.linux-x86_64-cpython-312/gevent
#13 115.3       copying src/gevent/_socket2.py -> build/lib.linux-x86_64-cpython-312/gevent
#13 115.3       copying src/gevent/_socket3.py -> build/lib.linux-x86_64-cpython-312/gevent
#13 115.3       copying src/gevent/_socketcommon.py -> build/lib.linux-x86_64-cpython-312/gevent
#13 115.3       copying src/gevent/_ssl2.py -> build/lib.linux-x86_64-cpython-312/gevent
#13 115.3       copying src/gevent/_ssl3.py -> build/lib.linux-x86_64-cpython-312/gevent
#13 115.3       copying src/gevent/_sslgte279.py -> build/lib.linux-x86_64-cpython-312/gevent
#13 115.3       copying src/gevent/_tblib.py -> build/lib.linux-x86_64-cpython-312/gevent
#13 115.3       copying src/gevent/_threading.py -> build/lib.linux-x86_64-cpython-312/gevent
#13 115.3       copying src/gevent/_tracer.py -> build/lib.linux-x86_64-cpython-312/gevent
#13 115.3       copying src/gevent/_util.py -> build/lib.linux-x86_64-cpython-312/gevent
#13 115.3       copying src/gevent/_util_py2.py -> build/lib.linux-x86_64-cpython-312/gevent
#13 115.3       copying src/gevent/_waiter.py -> build/lib.linux-x86_64-cpython-312/gevent
#13 115.3       copying src/gevent/ares.py -> build/lib.linux-x86_64-cpython-312/gevent
#13 115.3       copying src/gevent/backdoor.py -> build/lib.linux-x86_64-cpython-312/gevent
#13 115.3       copying src/gevent/baseserver.py -> build/lib.linux-x86_64-cpython-312/gevent
#13 115.3       copying src/gevent/builtins.py -> build/lib.linux-x86_64-cpython-312/gevent
#13 115.3       copying src/gevent/contextvars.py -> build/lib.linux-x86_64-cpython-312/gevent
#13 115.3       copying src/gevent/core.py -> build/lib.linux-x86_64-cpython-312/gevent
#13 115.3       copying src/gevent/event.py -> build/lib.linux-x86_64-cpython-312/gevent
#13 115.3       copying src/gevent/events.py -> build/lib.linux-x86_64-cpython-312/gevent
#13 115.3       copying src/gevent/exceptions.py -> build/lib.linux-x86_64-cpython-312/gevent
#13 115.3       copying src/gevent/fileobject.py -> build/lib.linux-x86_64-cpython-312/gevent
#13 115.3       copying src/gevent/greenlet.py -> build/lib.linux-x86_64-cpython-312/gevent
#13 115.3       copying src/gevent/hub.py -> build/lib.linux-x86_64-cpython-312/gevent
#13 115.3       copying src/gevent/local.py -> build/lib.linux-x86_64-cpython-312/gevent
#13 115.3       copying src/gevent/lock.py -> build/lib.linux-x86_64-cpython-312/gevent
#13 115.3       copying src/gevent/monkey.py -> build/lib.linux-x86_64-cpython-312/gevent
#13 115.3       copying src/gevent/os.py -> build/lib.linux-x86_64-cpython-312/gevent
#13 115.3       copying src/gevent/pool.py -> build/lib.linux-x86_64-cpython-312/gevent
#13 115.3       copying src/gevent/pywsgi.py -> build/lib.linux-x86_64-cpython-312/gevent
#13 115.3       copying src/gevent/queue.py -> build/lib.linux-x86_64-cpython-312/gevent
#13 115.3       copying src/gevent/resolver_ares.py -> build/lib.linux-x86_64-cpython-312/gevent
#13 115.3       copying src/gevent/resolver_thread.py -> build/lib.linux-x86_64-cpython-312/gevent
#13 115.3       copying src/gevent/select.py -> build/lib.linux-x86_64-cpython-312/gevent
#13 115.3       copying src/gevent/selectors.py -> build/lib.linux-x86_64-cpython-312/gevent
#13 115.3       copying src/gevent/server.py -> build/lib.linux-x86_64-cpython-312/gevent
#13 115.3       copying src/gevent/signal.py -> build/lib.linux-x86_64-cpython-312/gevent
#13 115.3       copying src/gevent/socket.py -> build/lib.linux-x86_64-cpython-312/gevent
#13 115.3       copying src/gevent/ssl.py -> build/lib.linux-x86_64-cpython-312/gevent
#13 115.3       copying src/gevent/subprocess.py -> build/lib.linux-x86_64-cpython-312/gevent
#13 115.3       copying src/gevent/thread.py -> build/lib.linux-x86_64-cpython-312/gevent
#13 115.3       copying src/gevent/threading.py -> build/lib.linux-x86_64-cpython-312/gevent
#13 115.3       copying src/gevent/threadpool.py -> build/lib.linux-x86_64-cpython-312/gevent
#13 115.3       copying src/gevent/time.py -> build/lib.linux-x86_64-cpython-312/gevent
#13 115.3       copying src/gevent/timeout.py -> build/lib.linux-x86_64-cpython-312/gevent
#13 115.3       copying src/gevent/util.py -> build/lib.linux-x86_64-cpython-312/gevent
#13 115.3       copying src/gevent/win32util.py -> build/lib.linux-x86_64-cpython-312/gevent
#13 115.3       creating build/lib.linux-x86_64-cpython-312/gevent/_ffi
#13 115.3       copying src/gevent/_ffi/__init__.py -> build/lib.linux-x86_64-cpython-312/gevent/_ffi
#13 115.3       copying src/gevent/_ffi/callback.py -> build/lib.linux-x86_64-cpython-312/gevent/_ffi
#13 115.3       copying src/gevent/_ffi/loop.py -> build/lib.linux-x86_64-cpython-312/gevent/_ffi
#13 115.3       copying src/gevent/_ffi/watcher.py -> build/lib.linux-x86_64-cpython-312/gevent/_ffi
#13 115.3       creating build/lib.linux-x86_64-cpython-312/gevent/libev
#13 115.3       copying src/gevent/libev/__init__.py -> build/lib.linux-x86_64-cpython-312/gevent/libev
#13 115.3       copying src/gevent/libev/_corecffi_build.py -> build/lib.linux-x86_64-cpython-312/gevent/libev
#13 115.3       copying src/gevent/libev/corecffi.py -> build/lib.linux-x86_64-cpython-312/gevent/libev
#13 115.3       copying src/gevent/libev/watcher.py -> build/lib.linux-x86_64-cpython-312/gevent/libev
#13 115.3       creating build/lib.linux-x86_64-cpython-312/gevent/libuv
#13 115.3       copying src/gevent/libuv/__init__.py -> build/lib.linux-x86_64-cpython-312/gevent/libuv
#13 115.3       copying src/gevent/libuv/_corecffi_build.py -> build/lib.linux-x86_64-cpython-312/gevent/libuv
#13 115.3       copying src/gevent/libuv/loop.py -> build/lib.linux-x86_64-cpython-312/gevent/libuv
#13 115.3       copying src/gevent/libuv/watcher.py -> build/lib.linux-x86_64-cpython-312/gevent/libuv
#13 115.3       creating build/lib.linux-x86_64-cpython-312/gevent/resolver
#13 115.3       copying src/gevent/resolver/__init__.py -> build/lib.linux-x86_64-cpython-312/gevent/resolver
#13 115.3       copying src/gevent/resolver/_addresses.py -> build/lib.linux-x86_64-cpython-312/gevent/resolver
#13 115.3       copying src/gevent/resolver/_hostsfile.py -> build/lib.linux-x86_64-cpython-312/gevent/resolver
#13 115.3       copying src/gevent/resolver/ares.py -> build/lib.linux-x86_64-cpython-312/gevent/resolver
#13 115.3       copying src/gevent/resolver/blocking.py -> build/lib.linux-x86_64-cpython-312/gevent/resolver
#13 115.3       copying src/gevent/resolver/dnspython.py -> build/lib.linux-x86_64-cpython-312/gevent/resolver
#13 115.3       copying src/gevent/resolver/thread.py -> build/lib.linux-x86_64-cpython-312/gevent/resolver
#13 115.3       creating build/lib.linux-x86_64-cpython-312/gevent/testing
#13 115.3       copying src/gevent/testing/__init__.py -> build/lib.linux-x86_64-cpython-312/gevent/testing
#13 115.3       copying src/gevent/testing/errorhandler.py -> build/lib.linux-x86_64-cpython-312/gevent/testing
#13 115.3       copying src/gevent/testing/exception.py -> build/lib.linux-x86_64-cpython-312/gevent/testing
#13 115.3       copying src/gevent/testing/flaky.py -> build/lib.linux-x86_64-cpython-312/gevent/testing
#13 115.3       copying src/gevent/testing/hub.py -> build/lib.linux-x86_64-cpython-312/gevent/testing
#13 115.3       copying src/gevent/testing/leakcheck.py -> build/lib.linux-x86_64-cpython-312/gevent/testing
#13 115.3       copying src/gevent/testing/modules.py -> build/lib.linux-x86_64-cpython-312/gevent/testing
#13 115.3       copying src/gevent/testing/monkey_test.py -> build/lib.linux-x86_64-cpython-312/gevent/testing
#13 115.3       copying src/gevent/testing/openfiles.py -> build/lib.linux-x86_64-cpython-312/gevent/testing
#13 115.3       copying src/gevent/testing/params.py -> build/lib.linux-x86_64-cpython-312/gevent/testing
#13 115.3       copying src/gevent/testing/patched_tests_setup.py -> build/lib.linux-x86_64-cpython-312/gevent/testing
#13 115.3       copying src/gevent/testing/resources.py -> build/lib.linux-x86_64-cpython-312/gevent/testing
#13 115.3       copying src/gevent/testing/six.py -> build/lib.linux-x86_64-cpython-312/gevent/testing
#13 115.3       copying src/gevent/testing/skipping.py -> build/lib.linux-x86_64-cpython-312/gevent/testing
#13 115.3       copying src/gevent/testing/sockets.py -> build/lib.linux-x86_64-cpython-312/gevent/testing
#13 115.3       copying src/gevent/testing/support.py -> build/lib.linux-x86_64-cpython-312/gevent/testing
#13 115.3       copying src/gevent/testing/switching.py -> build/lib.linux-x86_64-cpython-312/gevent/testing
#13 115.3       copying src/gevent/testing/sysinfo.py -> build/lib.linux-x86_64-cpython-312/gevent/testing
#13 115.3       copying src/gevent/testing/testcase.py -> build/lib.linux-x86_64-cpython-312/gevent/testing
#13 115.3       copying src/gevent/testing/testrunner.py -> build/lib.linux-x86_64-cpython-312/gevent/testing
#13 115.3       copying src/gevent/testing/timing.py -> build/lib.linux-x86_64-cpython-312/gevent/testing
#13 115.3       copying src/gevent/testing/travis.py -> build/lib.linux-x86_64-cpython-312/gevent/testing
#13 115.3       copying src/gevent/testing/util.py -> build/lib.linux-x86_64-cpython-312/gevent/testing
#13 115.3       creating build/lib.linux-x86_64-cpython-312/gevent/tests
#13 115.3       copying src/gevent/tests/__init__.py -> build/lib.linux-x86_64-cpython-312/gevent/tests
#13 115.3       copying src/gevent/tests/__main__.py -> build/lib.linux-x86_64-cpython-312/gevent/tests
#13 115.3       copying src/gevent/tests/_blocks_at_top_level.py -> build/lib.linux-x86_64-cpython-312/gevent/tests
#13 115.3       copying src/gevent/tests/_import_import_patch.py -> build/lib.linux-x86_64-cpython-312/gevent/tests
#13 115.3       copying src/gevent/tests/_import_patch.py -> build/lib.linux-x86_64-cpython-312/gevent/tests
#13 115.3       copying src/gevent/tests/_import_wait.py -> build/lib.linux-x86_64-cpython-312/gevent/tests
#13 115.3       copying src/gevent/tests/_imports_at_top_level.py -> build/lib.linux-x86_64-cpython-312/gevent/tests
#13 115.3       copying src/gevent/tests/_imports_imports_at_top_level.py -> build/lib.linux-x86_64-cpython-312/gevent/tests
#13 115.3       copying src/gevent/tests/getaddrinfo_module.py -> build/lib.linux-x86_64-cpython-312/gevent/tests
#13 115.3       copying src/gevent/tests/known_failures.py -> build/lib.linux-x86_64-cpython-312/gevent/tests
#13 115.3       copying src/gevent/tests/lock_tests.py -> build/lib.linux-x86_64-cpython-312/gevent/tests
#13 115.3       copying src/gevent/tests/test__GreenletExit.py -> build/lib.linux-x86_64-cpython-312/gevent/tests
#13 115.3       copying src/gevent/tests/test___config.py -> build/lib.linux-x86_64-cpython-312/gevent/tests
#13 115.3       copying src/gevent/tests/test___ident.py -> build/lib.linux-x86_64-cpython-312/gevent/tests
#13 115.3       copying src/gevent/tests/test___monitor.py -> build/lib.linux-x86_64-cpython-312/gevent/tests
#13 115.3       copying src/gevent/tests/test___monkey_patching.py -> build/lib.linux-x86_64-cpython-312/gevent/tests
#13 115.3       copying src/gevent/tests/test__all__.py -> build/lib.linux-x86_64-cpython-312/gevent/tests
#13 115.3       copying src/gevent/tests/test__api.py -> build/lib.linux-x86_64-cpython-312/gevent/tests
#13 115.3       copying src/gevent/tests/test__api_timeout.py -> build/lib.linux-x86_64-cpython-312/gevent/tests
#13 115.3       copying src/gevent/tests/test__ares_host_result.py -> build/lib.linux-x86_64-cpython-312/gevent/tests
#13 115.3       copying src/gevent/tests/test__ares_timeout.py -> build/lib.linux-x86_64-cpython-312/gevent/tests
#13 115.3       copying src/gevent/tests/test__backdoor.py -> build/lib.linux-x86_64-cpython-312/gevent/tests
#13 115.3       copying src/gevent/tests/test__close_backend_fd.py -> build/lib.linux-x86_64-cpython-312/gevent/tests
#13 115.3       copying src/gevent/tests/test__compat.py -> build/lib.linux-x86_64-cpython-312/gevent/tests
#13 115.3       copying src/gevent/tests/test__contextvars.py -> build/lib.linux-x86_64-cpython-312/gevent/tests
#13 115.3       copying src/gevent/tests/test__core.py -> build/lib.linux-x86_64-cpython-312/gevent/tests
#13 115.3       copying src/gevent/tests/test__core_async.py -> build/lib.linux-x86_64-cpython-312/gevent/tests
#13 115.3       copying src/gevent/tests/test__core_callback.py -> build/lib.linux-x86_64-cpython-312/gevent/tests
#13 115.3       copying src/gevent/tests/test__core_fork.py -> build/lib.linux-x86_64-cpython-312/gevent/tests
#13 115.3       copying src/gevent/tests/test__core_loop_run.py -> build/lib.linux-x86_64-cpython-312/gevent/tests
#13 115.3       copying src/gevent/tests/test__core_stat.py -> build/lib.linux-x86_64-cpython-312/gevent/tests
#13 115.3       copying src/gevent/tests/test__core_timer.py -> build/lib.linux-x86_64-cpython-312/gevent/tests
#13 115.3       copying src/gevent/tests/test__core_watcher.py -> build/lib.linux-x86_64-cpython-312/gevent/tests
#13 115.3       copying src/gevent/tests/test__destroy.py -> build/lib.linux-x86_64-cpython-312/gevent/tests
#13 115.3       copying src/gevent/tests/test__destroy_default_loop.py -> build/lib.linux-x86_64-cpython-312/gevent/tests
#13 115.3       copying src/gevent/tests/test__doctests.py -> build/lib.linux-x86_64-cpython-312/gevent/tests
#13 115.3       copying src/gevent/tests/test__environ.py -> build/lib.linux-x86_64-cpython-312/gevent/tests
#13 115.3       copying src/gevent/tests/test__event.py -> build/lib.linux-x86_64-cpython-312/gevent/tests
#13 115.3       copying src/gevent/tests/test__events.py -> build/lib.linux-x86_64-cpython-312/gevent/tests
#13 115.3       copying src/gevent/tests/test__example_echoserver.py -> build/lib.linux-x86_64-cpython-312/gevent/tests
#13 115.3       copying src/gevent/tests/test__example_portforwarder.py -> build/lib.linux-x86_64-cpython-312/gevent/tests
#13 115.3       copying src/gevent/tests/test__example_udp_client.py -> build/lib.linux-x86_64-cpython-312/gevent/tests
#13 115.3       copying src/gevent/tests/test__example_udp_server.py -> build/lib.linux-x86_64-cpython-312/gevent/tests
#13 115.3       copying src/gevent/tests/test__example_webproxy.py -> build/lib.linux-x86_64-cpython-312/gevent/tests
#13 115.3       copying src/gevent/tests/test__example_wsgiserver.py -> build/lib.linux-x86_64-cpython-312/gevent/tests
#13 115.3       copying src/gevent/tests/test__example_wsgiserver_ssl.py -> build/lib.linux-x86_64-cpython-312/gevent/tests
#13 115.3       copying src/gevent/tests/test__examples.py -> build/lib.linux-x86_64-cpython-312/gevent/tests
#13 115.3       copying src/gevent/tests/test__exc_info.py -> build/lib.linux-x86_64-cpython-312/gevent/tests
#13 115.3       copying src/gevent/tests/test__execmodules.py -> build/lib.linux-x86_64-cpython-312/gevent/tests
#13 115.3       copying src/gevent/tests/test__fileobject.py -> build/lib.linux-x86_64-cpython-312/gevent/tests
#13 115.3       copying src/gevent/tests/test__getaddrinfo_import.py -> build/lib.linux-x86_64-cpython-312/gevent/tests
#13 115.3       copying src/gevent/tests/test__greenio.py -> build/lib.linux-x86_64-cpython-312/gevent/tests
#13 115.3       copying src/gevent/tests/test__greenlet.py -> build/lib.linux-x86_64-cpython-312/gevent/tests
#13 115.3       copying src/gevent/tests/test__greenletset.py -> build/lib.linux-x86_64-cpython-312/gevent/tests
#13 115.3       copying src/gevent/tests/test__greenness.py -> build/lib.linux-x86_64-cpython-312/gevent/tests
#13 115.3       copying src/gevent/tests/test__hub.py -> build/lib.linux-x86_64-cpython-312/gevent/tests
#13 115.3       copying src/gevent/tests/test__hub_join.py -> build/lib.linux-x86_64-cpython-312/gevent/tests
#13 115.3       copying src/gevent/tests/test__hub_join_timeout.py -> build/lib.linux-x86_64-cpython-312/gevent/tests
#13 115.3       copying src/gevent/tests/test__import_blocking_in_greenlet.py -> build/lib.linux-x86_64-cpython-312/gevent/tests
#13 115.3       copying src/gevent/tests/test__import_wait.py -> build/lib.linux-x86_64-cpython-312/gevent/tests
#13 115.3       copying src/gevent/tests/test__issue112.py -> build/lib.linux-x86_64-cpython-312/gevent/tests
#13 115.3       copying src/gevent/tests/test__issue1686.py -> build/lib.linux-x86_64-cpython-312/gevent/tests
#13 115.3       copying src/gevent/tests/test__issue1864.py -> build/lib.linux-x86_64-cpython-312/gevent/tests
#13 115.3       copying src/gevent/tests/test__issue230.py -> build/lib.linux-x86_64-cpython-312/gevent/tests
#13 115.3       copying src/gevent/tests/test__issue330.py -> build/lib.linux-x86_64-cpython-312/gevent/tests
#13 115.3       copying src/gevent/tests/test__issue467.py -> build/lib.linux-x86_64-cpython-312/gevent/tests
#13 115.3       copying src/gevent/tests/test__issue6.py -> build/lib.linux-x86_64-cpython-312/gevent/tests
#13 115.3       copying src/gevent/tests/test__issue600.py -> build/lib.linux-x86_64-cpython-312/gevent/tests
#13 115.3       copying src/gevent/tests/test__issue607.py -> build/lib.linux-x86_64-cpython-312/gevent/tests
#13 115.3       copying src/gevent/tests/test__issue639.py -> build/lib.linux-x86_64-cpython-312/gevent/tests
#13 115.3       copying src/gevent/tests/test__issue_728.py -> build/lib.linux-x86_64-cpython-312/gevent/tests
#13 115.3       copying src/gevent/tests/test__issues461_471.py -> build/lib.linux-x86_64-cpython-312/gevent/tests
#13 115.3       copying src/gevent/tests/test__iwait.py -> build/lib.linux-x86_64-cpython-312/gevent/tests
#13 115.3       copying src/gevent/tests/test__joinall.py -> build/lib.linux-x86_64-cpython-312/gevent/tests
#13 115.3       copying src/gevent/tests/test__local.py -> build/lib.linux-x86_64-cpython-312/gevent/tests
#13 115.3       copying src/gevent/tests/test__lock.py -> build/lib.linux-x86_64-cpython-312/gevent/tests
#13 115.3       copying src/gevent/tests/test__loop_callback.py -> build/lib.linux-x86_64-cpython-312/gevent/tests
#13 115.3       copying src/gevent/tests/test__makefile_ref.py -> build/lib.linux-x86_64-cpython-312/gevent/tests
#13 115.3       copying src/gevent/tests/test__memleak.py -> build/lib.linux-x86_64-cpython-312/gevent/tests
#13 115.3       copying src/gevent/tests/test__monkey.py -> build/lib.linux-x86_64-cpython-312/gevent/tests
#13 115.3       copying src/gevent/tests/test__monkey_builtins_future.py -> build/lib.linux-x86_64-cpython-312/gevent/tests
#13 115.3       copying src/gevent/tests/test__monkey_futures_thread.py -> build/lib.linux-x86_64-cpython-312/gevent/tests
#13 115.3       copying src/gevent/tests/test__monkey_hub_in_thread.py -> build/lib.linux-x86_64-cpython-312/gevent/tests
#13 115.3       copying src/gevent/tests/test__monkey_logging.py -> build/lib.linux-x86_64-cpython-312/gevent/tests
#13 115.3       copying src/gevent/tests/test__monkey_module_run.py -> build/lib.linux-x86_64-cpython-312/gevent/tests
#13 115.3       copying src/gevent/tests/test__monkey_multiple_imports.py -> build/lib.linux-x86_64-cpython-312/gevent/tests
#13 115.3       copying src/gevent/tests/test__monkey_queue.py -> build/lib.linux-x86_64-cpython-312/gevent/tests
#13 115.3       copying src/gevent/tests/test__monkey_select.py -> build/lib.linux-x86_64-cpython-312/gevent/tests
#13 115.3       copying src/gevent/tests/test__monkey_selectors.py -> build/lib.linux-x86_64-cpython-312/gevent/tests
#13 115.3       copying src/gevent/tests/test__monkey_sigchld.py -> build/lib.linux-x86_64-cpython-312/gevent/tests
#13 115.3       copying src/gevent/tests/test__monkey_sigchld_2.py -> build/lib.linux-x86_64-cpython-312/gevent/tests
#13 115.3       copying src/gevent/tests/test__monkey_sigchld_3.py -> build/lib.linux-x86_64-cpython-312/gevent/tests
#13 115.3       copying src/gevent/tests/test__monkey_ssl_warning.py -> build/lib.linux-x86_64-cpython-312/gevent/tests
#13 115.3       copying src/gevent/tests/test__monkey_ssl_warning2.py -> build/lib.linux-x86_64-cpython-312/gevent/tests
#13 115.3       copying src/gevent/tests/test__monkey_ssl_warning3.py -> build/lib.linux-x86_64-cpython-312/gevent/tests
#13 115.3       copying src/gevent/tests/test__nondefaultloop.py -> build/lib.linux-x86_64-cpython-312/gevent/tests
#13 115.3       copying src/gevent/tests/test__order.py -> build/lib.linux-x86_64-cpython-312/gevent/tests
#13 115.3       copying src/gevent/tests/test__os.py -> build/lib.linux-x86_64-cpython-312/gevent/tests
#13 115.3       copying src/gevent/tests/test__pool.py -> build/lib.linux-x86_64-cpython-312/gevent/tests
#13 115.3       copying src/gevent/tests/test__pywsgi.py -> build/lib.linux-x86_64-cpython-312/gevent/tests
#13 115.3       copying src/gevent/tests/test__queue.py -> build/lib.linux-x86_64-cpython-312/gevent/tests
#13 115.3       copying src/gevent/tests/test__real_greenlet.py -> build/lib.linux-x86_64-cpython-312/gevent/tests
#13 115.3       copying src/gevent/tests/test__refcount.py -> build/lib.linux-x86_64-cpython-312/gevent/tests
#13 115.3       copying src/gevent/tests/test__refcount_core.py -> build/lib.linux-x86_64-cpython-312/gevent/tests
#13 115.3       copying src/gevent/tests/test__resolver_dnspython.py -> build/lib.linux-x86_64-cpython-312/gevent/tests
#13 115.3       copying src/gevent/tests/test__select.py -> build/lib.linux-x86_64-cpython-312/gevent/tests
#13 115.3       copying src/gevent/tests/test__selectors.py -> build/lib.linux-x86_64-cpython-312/gevent/tests
#13 115.3       copying src/gevent/tests/test__semaphore.py -> build/lib.linux-x86_64-cpython-312/gevent/tests
#13 115.3       copying src/gevent/tests/test__server.py -> build/lib.linux-x86_64-cpython-312/gevent/tests
#13 115.3       copying src/gevent/tests/test__server_pywsgi.py -> build/lib.linux-x86_64-cpython-312/gevent/tests
#13 115.3       copying src/gevent/tests/test__signal.py -> build/lib.linux-x86_64-cpython-312/gevent/tests
#13 115.3       copying src/gevent/tests/test__sleep0.py -> build/lib.linux-x86_64-cpython-312/gevent/tests
#13 115.3       copying src/gevent/tests/test__socket.py -> build/lib.linux-x86_64-cpython-312/gevent/tests
#13 115.3       copying src/gevent/tests/test__socket_close.py -> build/lib.linux-x86_64-cpython-312/gevent/tests
#13 115.3       copying src/gevent/tests/test__socket_dns.py -> build/lib.linux-x86_64-cpython-312/gevent/tests
#13 115.3       copying src/gevent/tests/test__socket_dns6.py -> build/lib.linux-x86_64-cpython-312/gevent/tests
#13 115.3       copying src/gevent/tests/test__socket_errors.py -> build/lib.linux-x86_64-cpython-312/gevent/tests
#13 115.3       copying src/gevent/tests/test__socket_ex.py -> build/lib.linux-x86_64-cpython-312/gevent/tests
#13 115.3       copying src/gevent/tests/test__socket_send_memoryview.py -> build/lib.linux-x86_64-cpython-312/gevent/tests
#13 115.3       copying src/gevent/tests/test__socket_ssl.py -> build/lib.linux-x86_64-cpython-312/gevent/tests
#13 115.3       copying src/gevent/tests/test__socket_timeout.py -> build/lib.linux-x86_64-cpython-312/gevent/tests
#13 115.3       copying src/gevent/tests/test__socketpair.py -> build/lib.linux-x86_64-cpython-312/gevent/tests
#13 115.3       copying src/gevent/tests/test__ssl.py -> build/lib.linux-x86_64-cpython-312/gevent/tests
#13 115.3       copying src/gevent/tests/test__subprocess.py -> build/lib.linux-x86_64-cpython-312/gevent/tests
#13 115.3       copying src/gevent/tests/test__subprocess_interrupted.py -> build/lib.linux-x86_64-cpython-312/gevent/tests
#13 115.3       copying src/gevent/tests/test__subprocess_poll.py -> build/lib.linux-x86_64-cpython-312/gevent/tests
#13 115.3       copying src/gevent/tests/test__systemerror.py -> build/lib.linux-x86_64-cpython-312/gevent/tests
#13 115.3       copying src/gevent/tests/test__thread.py -> build/lib.linux-x86_64-cpython-312/gevent/tests
#13 115.3       copying src/gevent/tests/test__threading.py -> build/lib.linux-x86_64-cpython-312/gevent/tests
#13 115.3       copying src/gevent/tests/test__threading_2.py -> build/lib.linux-x86_64-cpython-312/gevent/tests
#13 115.3       copying src/gevent/tests/test__threading_before_monkey.py -> build/lib.linux-x86_64-cpython-312/gevent/tests
#13 115.3       copying src/gevent/tests/test__threading_holding_lock_while_monkey.py -> build/lib.linux-x86_64-cpython-312/gevent/tests
#13 115.3       copying src/gevent/tests/test__threading_monkey_in_thread.py -> build/lib.linux-x86_64-cpython-312/gevent/tests
#13 115.3       copying src/gevent/tests/test__threading_native_before_monkey.py -> build/lib.linux-x86_64-cpython-312/gevent/tests
#13 115.3       copying src/gevent/tests/test__threading_no_monkey.py -> build/lib.linux-x86_64-cpython-312/gevent/tests
#13 115.3       copying src/gevent/tests/test__threading_patched_local.py -> build/lib.linux-x86_64-cpython-312/gevent/tests
#13 115.3       copying src/gevent/tests/test__threading_vs_settrace.py -> build/lib.linux-x86_64-cpython-312/gevent/tests
#13 115.3       copying src/gevent/tests/test__threadpool.py -> build/lib.linux-x86_64-cpython-312/gevent/tests
#13 115.3       copying src/gevent/tests/test__threadpool_executor_patched.py -> build/lib.linux-x86_64-cpython-312/gevent/tests
#13 115.3       copying src/gevent/tests/test__timeout.py -> build/lib.linux-x86_64-cpython-312/gevent/tests
#13 115.3       copying src/gevent/tests/test__util.py -> build/lib.linux-x86_64-cpython-312/gevent/tests
#13 115.3       creating build/lib.linux-x86_64-cpython-312/gevent/tests/monkey_package
#13 115.3       copying src/gevent/tests/monkey_package/__init__.py -> build/lib.linux-x86_64-cpython-312/gevent/tests/monkey_package
#13 115.3       copying src/gevent/tests/monkey_package/__main__.py -> build/lib.linux-x86_64-cpython-312/gevent/tests/monkey_package
#13 115.3       copying src/gevent/tests/monkey_package/issue1526_no_monkey.py -> build/lib.linux-x86_64-cpython-312/gevent/tests/monkey_package
#13 115.3       copying src/gevent/tests/monkey_package/issue1526_with_monkey.py -> build/lib.linux-x86_64-cpython-312/gevent/tests/monkey_package
#13 115.3       copying src/gevent/tests/monkey_package/issue302monkey.py -> build/lib.linux-x86_64-cpython-312/gevent/tests/monkey_package
#13 115.3       copying src/gevent/tests/monkey_package/script.py -> build/lib.linux-x86_64-cpython-312/gevent/tests/monkey_package
#13 115.3       copying src/gevent/tests/monkey_package/threadpool_monkey_patches.py -> build/lib.linux-x86_64-cpython-312/gevent/tests/monkey_package
#13 115.3       copying src/gevent/tests/monkey_package/threadpool_no_monkey.py -> build/lib.linux-x86_64-cpython-312/gevent/tests/monkey_package
#13 115.3       creating build/lib.linux-x86_64-cpython-312/gevent/testing/coveragesite
#13 115.3       copying src/gevent/testing/coveragesite/sitecustomize.py -> build/lib.linux-x86_64-cpython-312/gevent/testing/coveragesite
#13 115.3       copying src/gevent/tests/2_7_keycert.pem -> build/lib.linux-x86_64-cpython-312/gevent/tests
#13 115.3       copying src/gevent/tests/badcert.pem -> build/lib.linux-x86_64-cpython-312/gevent/tests
#13 115.3       copying src/gevent/tests/badkey.pem -> build/lib.linux-x86_64-cpython-312/gevent/tests
#13 115.3       copying src/gevent/tests/https_svn_python_org_root.pem -> build/lib.linux-x86_64-cpython-312/gevent/tests
#13 115.3       copying src/gevent/tests/keycert.pem -> build/lib.linux-x86_64-cpython-312/gevent/tests
#13 115.3       copying src/gevent/tests/nullcert.pem -> build/lib.linux-x86_64-cpython-312/gevent/tests
#13 115.3       copying src/gevent/tests/sha256.pem -> build/lib.linux-x86_64-cpython-312/gevent/tests
#13 115.3       copying src/gevent/tests/wrongcert.pem -> build/lib.linux-x86_64-cpython-312/gevent/tests
#13 115.3       copying src/gevent/tests/server.crt -> build/lib.linux-x86_64-cpython-312/gevent/tests
#13 115.3       copying src/gevent/tests/test_server.crt -> build/lib.linux-x86_64-cpython-312/gevent/tests
#13 115.3       copying src/gevent/tests/hosts_file.txt -> build/lib.linux-x86_64-cpython-312/gevent/tests
#13 115.3       copying src/gevent/tests/tests_that_dont_do_leakchecks.txt -> build/lib.linux-x86_64-cpython-312/gevent/tests
#13 115.3       copying src/gevent/tests/tests_that_dont_monkeypatch.txt -> build/lib.linux-x86_64-cpython-312/gevent/tests
#13 115.3       copying src/gevent/tests/tests_that_dont_use_resolver.txt -> build/lib.linux-x86_64-cpython-312/gevent/tests
#13 115.3       copying src/gevent/tests/server.key -> build/lib.linux-x86_64-cpython-312/gevent/tests
#13 115.3       copying src/gevent/tests/test_server.key -> build/lib.linux-x86_64-cpython-312/gevent/tests
#13 115.3       running build_ext
#13 115.3       generating cffi module 'build/temp.linux-x86_64-cpython-312/gevent.libuv._corecffi.c'
#13 115.3       creating build/temp.linux-x86_64-cpython-312
#13 115.3       Running '(cd  "/tmp/pip-install-4egihn1i/gevent_a6ea850675ca4ec1abcdf8a6c5cfa871/deps/libev"  && sh ./configure -C > configure-output.txt )' in /tmp/pip-install-4egihn1i/gevent_a6ea850675ca4ec1abcdf8a6c5cfa871
#13 115.3       ./configure: line 6414: /usr/bin/file: not found
#13 115.3       config.status: error: in `/tmp/pip-install-4egihn1i/gevent_a6ea850675ca4ec1abcdf8a6c5cfa871/deps/libev':
#13 115.3       config.status: error: Something went wrong bootstrapping makefile fragments
#13 115.3           for automatic dependency tracking.  Try re-running configure with the
#13 115.3           '--disable-dependency-tracking' option to at least be able to build
#13 115.3           the package (albeit without support for automatic dependency tracking).
#13 115.3       See `config.log' for more details
#13 115.3       Traceback (most recent call last):
#13 115.3         File "/usr/local/lib/python3.12/site-packages/pip/_vendor/pyproject_hooks/_in_process/_in_process.py", line 353, in <module>
#13 115.3           main()
#13 115.3         File "/usr/local/lib/python3.12/site-packages/pip/_vendor/pyproject_hooks/_in_process/_in_process.py", line 335, in main
#13 115.3           json_out['return_val'] = hook(**hook_input['kwargs'])
#13 115.3                                    ^^^^^^^^^^^^^^^^^^^^^^^^^^^^
#13 115.3         File "/usr/local/lib/python3.12/site-packages/pip/_vendor/pyproject_hooks/_in_process/_in_process.py", line 251, in build_wheel
#13 115.3           return _build_backend().build_wheel(wheel_directory, config_settings,
#13 115.3                  ^^^^^^^^^^^^^^^^^^^^^^^^^^^^^^^^^^^^^^^^^^^^^^^^^^^^^^^^^^^^^^
#13 115.3         File "/tmp/pip-build-env-9q_do55z/overlay/lib/python3.12/site-packages/setuptools/build_meta.py", line 415, in build_wheel
#13 115.3           return self._build_with_temp_dir(
#13 115.3                  ^^^^^^^^^^^^^^^^^^^^^^^^^^
#13 115.3         File "/tmp/pip-build-env-9q_do55z/overlay/lib/python3.12/site-packages/setuptools/build_meta.py", line 397, in _build_with_temp_dir
#13 115.3           self.run_setup()
#13 115.3         File "/tmp/pip-build-env-9q_do55z/overlay/lib/python3.12/site-packages/setuptools/build_meta.py", line 313, in run_setup
#13 115.3           exec(code, locals())
#13 115.3         File "<string>", line 496, in <module>
#13 115.3         File "<string>", line 362, in run_setup
#13 115.3         File "/tmp/pip-build-env-9q_do55z/overlay/lib/python3.12/site-packages/setuptools/__init__.py", line 108, in setup
#13 115.3           return distutils.core.setup(**attrs)
#13 115.3                  ^^^^^^^^^^^^^^^^^^^^^^^^^^^^^
#13 115.3         File "/tmp/pip-build-env-9q_do55z/overlay/lib/python3.12/site-packages/setuptools/_distutils/core.py", line 184, in setup
#13 115.3           return run_commands(dist)
#13 115.3                  ^^^^^^^^^^^^^^^^^^
#13 115.3         File "/tmp/pip-build-env-9q_do55z/overlay/lib/python3.12/site-packages/setuptools/_distutils/core.py", line 200, in run_commands
#13 115.3           dist.run_commands()
#13 115.3         File "/tmp/pip-build-env-9q_do55z/overlay/lib/python3.12/site-packages/setuptools/_distutils/dist.py", line 970, in run_commands
#13 115.3           self.run_command(cmd)
#13 115.3         File "/tmp/pip-build-env-9q_do55z/overlay/lib/python3.12/site-packages/setuptools/dist.py", line 945, in run_command
#13 115.3           super().run_command(command)
#13 115.3         File "/tmp/pip-build-env-9q_do55z/overlay/lib/python3.12/site-packages/setuptools/_distutils/dist.py", line 989, in run_command
#13 115.3           cmd_obj.run()
#13 115.3         File "/tmp/pip-build-env-9q_do55z/overlay/lib/python3.12/site-packages/setuptools/command/bdist_wheel.py", line 373, in run
#13 115.3           self.run_command("build")
#13 115.3         File "/tmp/pip-build-env-9q_do55z/overlay/lib/python3.12/site-packages/setuptools/_distutils/cmd.py", line 316, in run_command
#13 115.3           self.distribution.run_command(command)
#13 115.3         File "/tmp/pip-build-env-9q_do55z/overlay/lib/python3.12/site-packages/setuptools/dist.py", line 945, in run_command
#13 115.3           super().run_command(command)
#13 115.3         File "/tmp/pip-build-env-9q_do55z/overlay/lib/python3.12/site-packages/setuptools/_distutils/dist.py", line 989, in run_command
#13 115.3           cmd_obj.run()
#13 115.3         File "/tmp/pip-build-env-9q_do55z/overlay/lib/python3.12/site-packages/setuptools/_distutils/command/build.py", line 135, in run
#13 115.3           self.run_command(cmd_name)
#13 115.3         File "/tmp/pip-build-env-9q_do55z/overlay/lib/python3.12/site-packages/setuptools/_distutils/cmd.py", line 316, in run_command
#13 115.3           self.distribution.run_command(command)
#13 115.3         File "/tmp/pip-build-env-9q_do55z/overlay/lib/python3.12/site-packages/setuptools/dist.py", line 945, in run_command
#13 115.3           super().run_command(command)
#13 115.3         File "/tmp/pip-build-env-9q_do55z/overlay/lib/python3.12/site-packages/setuptools/_distutils/dist.py", line 989, in run_command
#13 115.3           cmd_obj.run()
#13 115.3         File "/tmp/pip-build-env-9q_do55z/overlay/lib/python3.12/site-packages/cffi/setuptools_ext.py", line 141, in run
#13 115.3           ext.sources[0] = make_mod(self.build_temp, pre_run)
#13 115.3                            ^^^^^^^^^^^^^^^^^^^^^^^^^^^^^^^^^^
#13 115.3         File "/tmp/pip-build-env-9q_do55z/overlay/lib/python3.12/site-packages/cffi/setuptools_ext.py", line 126, in make_mod
#13 115.3           pre_run(ext, ffi)
#13 115.3         File "/tmp/pip-install-4egihn1i/gevent_a6ea850675ca4ec1abcdf8a6c5cfa871/_setuputils.py", line 381, in pre_run
#13 115.3           action()
#13 115.3         File "/tmp/pip-install-4egihn1i/gevent_a6ea850675ca4ec1abcdf8a6c5cfa871/_setuplibev.py", line 55, in configure_libev
#13 115.3           system(libev_configure_command)
#13 115.3         File "/tmp/pip-install-4egihn1i/gevent_a6ea850675ca4ec1abcdf8a6c5cfa871/_setuputils.py", line 195, in system
#13 115.3           if _system(cmd, cwd=cwd, env=env, **kwargs):
#13 115.3              ^^^^^^^^^^^^^^^^^^^^^^^^^^^^^^^^^^^^^^^^
#13 115.3         File "/tmp/pip-install-4egihn1i/gevent_a6ea850675ca4ec1abcdf8a6c5cfa871/_setuputils.py", line 191, in _system
#13 115.3           return check_call(cmd, cwd=cwd, env=env, **kwargs)
#13 115.3                  ^^^^^^^^^^^^^^^^^^^^^^^^^^^^^^^^^^^^^^^^^^^
#13 115.3         File "/usr/local/lib/python3.12/subprocess.py", line 413, in check_call
#13 115.3           raise CalledProcessError(retcode, cmd)
#13 115.3       subprocess.CalledProcessError: Command '(cd  "/tmp/pip-install-4egihn1i/gevent_a6ea850675ca4ec1abcdf8a6c5cfa871/deps/libev"  && sh ./configure -C > configure-output.txt )' returned non-zero exit status 1.
#13 115.3       [end of output]
#13 115.3   
#13 115.3   note: This error originates from a subprocess, and is likely not a problem with pip.
#13 115.3   ERROR: Failed building wheel for gevent
#13 115.3   Building wheel for greenlet (setup.py): started
#13 117.0   Building wheel for greenlet (setup.py): finished with status 'error'
#13 117.0   error: subprocess-exited-with-error
#13 117.0   
#13 117.0   × python setup.py bdist_wheel did not run successfully.
#13 117.0   │ exit code: 1
#13 117.0   ╰─> [96 lines of output]
#13 117.0       running bdist_wheel
#13 117.0       running build
#13 117.0       running build_py
#13 117.0       creating build
#13 117.0       creating build/lib.linux-x86_64-cpython-312
#13 117.0       creating build/lib.linux-x86_64-cpython-312/greenlet
#13 117.0       copying src/greenlet/__init__.py -> build/lib.linux-x86_64-cpython-312/greenlet
#13 117.0       creating build/lib.linux-x86_64-cpython-312/greenlet/platform
#13 117.0       copying src/greenlet/platform/__init__.py -> build/lib.linux-x86_64-cpython-312/greenlet/platform
#13 117.0       creating build/lib.linux-x86_64-cpython-312/greenlet/tests
#13 117.0       copying src/greenlet/tests/__init__.py -> build/lib.linux-x86_64-cpython-312/greenlet/tests
#13 117.0       copying src/greenlet/tests/leakcheck.py -> build/lib.linux-x86_64-cpython-312/greenlet/tests
#13 117.0       copying src/greenlet/tests/test_contextvars.py -> build/lib.linux-x86_64-cpython-312/greenlet/tests
#13 117.0       copying src/greenlet/tests/test_cpp.py -> build/lib.linux-x86_64-cpython-312/greenlet/tests
#13 117.0       copying src/greenlet/tests/test_extension_interface.py -> build/lib.linux-x86_64-cpython-312/greenlet/tests
#13 117.0       copying src/greenlet/tests/test_gc.py -> build/lib.linux-x86_64-cpython-312/greenlet/tests
#13 117.0       copying src/greenlet/tests/test_generator.py -> build/lib.linux-x86_64-cpython-312/greenlet/tests
#13 117.0       copying src/greenlet/tests/test_generator_nested.py -> build/lib.linux-x86_64-cpython-312/greenlet/tests
#13 117.0       copying src/greenlet/tests/test_greenlet.py -> build/lib.linux-x86_64-cpython-312/greenlet/tests
#13 117.0       copying src/greenlet/tests/test_greenlet_trash.py -> build/lib.linux-x86_64-cpython-312/greenlet/tests
#13 117.0       copying src/greenlet/tests/test_leaks.py -> build/lib.linux-x86_64-cpython-312/greenlet/tests
#13 117.0       copying src/greenlet/tests/test_stack_saved.py -> build/lib.linux-x86_64-cpython-312/greenlet/tests
#13 117.0       copying src/greenlet/tests/test_throw.py -> build/lib.linux-x86_64-cpython-312/greenlet/tests
#13 117.0       copying src/greenlet/tests/test_tracing.py -> build/lib.linux-x86_64-cpython-312/greenlet/tests
#13 117.0       copying src/greenlet/tests/test_version.py -> build/lib.linux-x86_64-cpython-312/greenlet/tests
#13 117.0       copying src/greenlet/tests/test_weakref.py -> build/lib.linux-x86_64-cpython-312/greenlet/tests
#13 117.0       running egg_info
#13 117.0       writing src/greenlet.egg-info/PKG-INFO
#13 117.0       writing dependency_links to src/greenlet.egg-info/dependency_links.txt
#13 117.0       writing requirements to src/greenlet.egg-info/requires.txt
#13 117.0       writing top-level names to src/greenlet.egg-info/top_level.txt
#13 117.0       reading manifest file 'src/greenlet.egg-info/SOURCES.txt'
#13 117.0       reading manifest template 'MANIFEST.in'
#13 117.0       warning: no previously-included files found matching 'benchmarks/*.json'
#13 117.0       no previously-included directories found matching 'docs/_build'
#13 117.0       warning: no files found matching '*.py' under directory 'appveyor'
#13 117.0       warning: no previously-included files matching '*.pyc' found anywhere in distribution
#13 117.0       warning: no previously-included files matching '*.pyd' found anywhere in distribution
#13 117.0       warning: no previously-included files matching '*.so' found anywhere in distribution
#13 117.0       warning: no previously-included files matching '.coverage' found anywhere in distribution
#13 117.0       adding license file 'LICENSE'
#13 117.0       adding license file 'LICENSE.PSF'
#13 117.0       adding license file 'AUTHORS'
#13 117.0       writing manifest file 'src/greenlet.egg-info/SOURCES.txt'
#13 117.0       copying src/greenlet/greenlet.cpp -> build/lib.linux-x86_64-cpython-312/greenlet
#13 117.0       copying src/greenlet/greenlet.h -> build/lib.linux-x86_64-cpython-312/greenlet
#13 117.0       copying src/greenlet/greenlet_allocator.hpp -> build/lib.linux-x86_64-cpython-312/greenlet
#13 117.0       copying src/greenlet/greenlet_compiler_compat.hpp -> build/lib.linux-x86_64-cpython-312/greenlet
#13 117.0       copying src/greenlet/greenlet_cpython_compat.hpp -> build/lib.linux-x86_64-cpython-312/greenlet
#13 117.0       copying src/greenlet/greenlet_exceptions.hpp -> build/lib.linux-x86_64-cpython-312/greenlet
#13 117.0       copying src/greenlet/greenlet_greenlet.hpp -> build/lib.linux-x86_64-cpython-312/greenlet
#13 117.0       copying src/greenlet/greenlet_internal.hpp -> build/lib.linux-x86_64-cpython-312/greenlet
#13 117.0       copying src/greenlet/greenlet_refs.hpp -> build/lib.linux-x86_64-cpython-312/greenlet
#13 117.0       copying src/greenlet/greenlet_slp_switch.hpp -> build/lib.linux-x86_64-cpython-312/greenlet
#13 117.0       copying src/greenlet/greenlet_thread_state.hpp -> build/lib.linux-x86_64-cpython-312/greenlet
#13 117.0       copying src/greenlet/greenlet_thread_state_dict_cleanup.hpp -> build/lib.linux-x86_64-cpython-312/greenlet
#13 117.0       copying src/greenlet/greenlet_thread_support.hpp -> build/lib.linux-x86_64-cpython-312/greenlet
#13 117.0       copying src/greenlet/slp_platformselect.h -> build/lib.linux-x86_64-cpython-312/greenlet
#13 117.0       copying src/greenlet/platform/setup_switch_x64_masm.cmd -> build/lib.linux-x86_64-cpython-312/greenlet/platform
#13 117.0       copying src/greenlet/platform/switch_aarch64_gcc.h -> build/lib.linux-x86_64-cpython-312/greenlet/platform
#13 117.0       copying src/greenlet/platform/switch_alpha_unix.h -> build/lib.linux-x86_64-cpython-312/greenlet/platform
#13 117.0       copying src/greenlet/platform/switch_amd64_unix.h -> build/lib.linux-x86_64-cpython-312/greenlet/platform
#13 117.0       copying src/greenlet/platform/switch_arm32_gcc.h -> build/lib.linux-x86_64-cpython-312/greenlet/platform
#13 117.0       copying src/greenlet/platform/switch_arm32_ios.h -> build/lib.linux-x86_64-cpython-312/greenlet/platform
#13 117.0       copying src/greenlet/platform/switch_arm64_masm.asm -> build/lib.linux-x86_64-cpython-312/greenlet/platform
#13 117.0       copying src/greenlet/platform/switch_arm64_masm.obj -> build/lib.linux-x86_64-cpython-312/greenlet/platform
#13 117.0       copying src/greenlet/platform/switch_arm64_msvc.h -> build/lib.linux-x86_64-cpython-312/greenlet/platform
#13 117.0       copying src/greenlet/platform/switch_csky_gcc.h -> build/lib.linux-x86_64-cpython-312/greenlet/platform
#13 117.0       copying src/greenlet/platform/switch_m68k_gcc.h -> build/lib.linux-x86_64-cpython-312/greenlet/platform
#13 117.0       copying src/greenlet/platform/switch_mips_unix.h -> build/lib.linux-x86_64-cpython-312/greenlet/platform
#13 117.0       copying src/greenlet/platform/switch_ppc64_aix.h -> build/lib.linux-x86_64-cpython-312/greenlet/platform
#13 117.0       copying src/greenlet/platform/switch_ppc64_linux.h -> build/lib.linux-x86_64-cpython-312/greenlet/platform
#13 117.0       copying src/greenlet/platform/switch_ppc_aix.h -> build/lib.linux-x86_64-cpython-312/greenlet/platform
#13 117.0       copying src/greenlet/platform/switch_ppc_linux.h -> build/lib.linux-x86_64-cpython-312/greenlet/platform
#13 117.0       copying src/greenlet/platform/switch_ppc_macosx.h -> build/lib.linux-x86_64-cpython-312/greenlet/platform
#13 117.0       copying src/greenlet/platform/switch_ppc_unix.h -> build/lib.linux-x86_64-cpython-312/greenlet/platform
#13 117.0       copying src/greenlet/platform/switch_riscv_unix.h -> build/lib.linux-x86_64-cpython-312/greenlet/platform
#13 117.0       copying src/greenlet/platform/switch_s390_unix.h -> build/lib.linux-x86_64-cpython-312/greenlet/platform
#13 117.0       copying src/greenlet/platform/switch_sparc_sun_gcc.h -> build/lib.linux-x86_64-cpython-312/greenlet/platform
#13 117.0       copying src/greenlet/platform/switch_x32_unix.h -> build/lib.linux-x86_64-cpython-312/greenlet/platform
#13 117.0       copying src/greenlet/platform/switch_x64_masm.asm -> build/lib.linux-x86_64-cpython-312/greenlet/platform
#13 117.0       copying src/greenlet/platform/switch_x64_masm.obj -> build/lib.linux-x86_64-cpython-312/greenlet/platform
#13 117.0       copying src/greenlet/platform/switch_x64_msvc.h -> build/lib.linux-x86_64-cpython-312/greenlet/platform
#13 117.0       copying src/greenlet/platform/switch_x86_msvc.h -> build/lib.linux-x86_64-cpython-312/greenlet/platform
#13 117.0       copying src/greenlet/platform/switch_x86_unix.h -> build/lib.linux-x86_64-cpython-312/greenlet/platform
#13 117.0       copying src/greenlet/tests/_test_extension.c -> build/lib.linux-x86_64-cpython-312/greenlet/tests
#13 117.0       copying src/greenlet/tests/_test_extension_cpp.cpp -> build/lib.linux-x86_64-cpython-312/greenlet/tests
#13 117.0       running build_ext
#13 117.0       building 'greenlet._greenlet' extension
#13 117.0       creating build/temp.linux-x86_64-cpython-312
#13 117.0       creating build/temp.linux-x86_64-cpython-312/src
#13 117.0       creating build/temp.linux-x86_64-cpython-312/src/greenlet
#13 117.0       gcc -fno-strict-overflow -Wsign-compare -DNDEBUG -g -O3 -Wall -fPIC -I/usr/local/include/python3.12 -c src/greenlet/greenlet.cpp -o build/temp.linux-x86_64-cpython-312/src/greenlet/greenlet.o
#13 117.0       gcc: fatal error: cannot execute 'cc1plus': execvp: No such file or directory
#13 117.0       compilation terminated.
#13 117.0       error: command '/usr/bin/gcc' failed with exit code 1
#13 117.0       [end of output]
#13 117.0   
#13 117.0   note: This error originates from a subprocess, and is likely not a problem with pip.
#13 117.0   ERROR: Failed building wheel for greenlet
#13 117.0   Running setup.py clean for greenlet
#13 117.6   Building wheel for Pillow (setup.py): started
#13 178.4   Building wheel for Pillow (setup.py): still running...
#13 238.7   Building wheel for Pillow (setup.py): still running...
#13 240.2   Building wheel for Pillow (setup.py): finished with status 'done'
#13 240.2   Created wheel for Pillow: filename=Pillow-9.4.0-cp312-cp312-linux_x86_64.whl size=1227803 sha256=9656d5a8a637297e318ae58fd572591b15c5d8124979bc3fceb236f49ca67740
#13 240.2   Stored in directory: /tmp/pip-ephem-wheel-cache-7jz5xogs/wheels/f3/bd/fa/c7606e3b0644710a556108233c428d43249d98e562ccf055b9
#13 240.2   Building wheel for peewee (pyproject.toml): started
#13 241.4   Building wheel for peewee (pyproject.toml): finished with status 'done'
#13 241.4   Created wheel for peewee: filename=peewee-3.17.6-py3-none-any.whl size=138890 sha256=efb71ee09582f16e1d21ed458bde98ec799c1d1c0952c2f194714727f28debcc
#13 241.4   Stored in directory: /tmp/pip-ephem-wheel-cache-7jz5xogs/wheels/a6/5e/0f/8319805c4115320e0d3e8fb5799b114a2e4c4a3d6c7e523b06
#13 241.4   Building wheel for progressbar (setup.py): started
#13 242.6   Building wheel for progressbar (setup.py): finished with status 'done'
#13 242.6   Created wheel for progressbar: filename=progressbar-2.5-py3-none-any.whl size=12065 sha256=0ea679ef06ec143ef93dec456dc4724a597e4d9054940979a5e0f2eadc47195f
#13 242.6   Stored in directory: /tmp/pip-ephem-wheel-cache-7jz5xogs/wheels/a5/4d/c7/f3cf0f75c746c219090060131fe00f1523cc2c5484991f4030
#13 242.6   Building wheel for typed-ast (setup.py): started
#13 305.2   Building wheel for typed-ast (setup.py): still running...
#13 306.8   Building wheel for typed-ast (setup.py): finished with status 'done'
#13 306.9   Created wheel for typed-ast: filename=typed_ast-1.5.5-cp312-cp312-linux_x86_64.whl size=829841 sha256=29acf49f64b1e43457e2dc6398f48b79266671127cec23c8b020bdc12ca93d18
#13 306.9   Stored in directory: /tmp/pip-ephem-wheel-cache-7jz5xogs/wheels/7d/85/f8/cb309265bf60f840369ca24241385ae985caab44af05272b6a
#13 306.9   Building wheel for zope.interface (setup.py): started
#13 312.3   Building wheel for zope.interface (setup.py): finished with status 'done'
#13 312.3   Created wheel for zope.interface: filename=zope.interface-6.4.post2-cp312-cp312-linux_x86_64.whl size=251740 sha256=c4f8df40c509ce954f686124069b0e63c946e2bd9ea50ae282c3aa64819559e9
#13 312.3   Stored in directory: /tmp/pip-ephem-wheel-cache-7jz5xogs/wheels/57/92/a1/98de5346be3ac7c88fcb6444f3c0fee4f2ca24b9da1aacece4
#13 312.3 Successfully built Pillow peewee progressbar typed-ast zope.interface
#13 312.3 Failed to build gevent greenlet
#13 312.9 ERROR: ERROR: Failed to build installable wheels for some pyproject.toml based projects (gevent, greenlet)
#13 316.5 Collecting astroid>=2.3.3 (from -r requirements.txt (line 1))
#13 316.6   Downloading astroid-3.2.4-py3-none-any.whl.metadata (4.5 kB)
#13 316.8 Collecting Click>=7.0 (from -r requirements.txt (line 2))
#13 316.8   Downloading click-8.1.7-py3-none-any.whl.metadata (3.0 kB)
#13 316.9 Collecting Flask==2.2.3 (from -r requirements.txt (line 3))
#13 316.9   Downloading Flask-2.2.3-py3-none-any.whl.metadata (3.9 kB)
#13 317.6 Collecting gevent==22.10.2 (from -r requirements.txt (line 4))
#13 317.7   Downloading gevent-22.10.2.tar.gz (6.6 MB)
#13 318.1      ━━━━━━━━━━━━━━━━━━━━━━━━━━━━━━━━━━━━━━━━ 6.6/6.6 MB 17.6 MB/s eta 0:00:00
#13 321.6   Installing build dependencies: started
#13 340.7   Installing build dependencies: finished with status 'done'
#13 340.7   Getting requirements to build wheel: started
#13 363.7   Getting requirements to build wheel: finished with status 'done'
#13 363.7   Preparing metadata (pyproject.toml): started
#13 366.9   Preparing metadata (pyproject.toml): finished with status 'done'
#13 367.7 Collecting greenlet==2.0.2 (from -r requirements.txt (line 5))
#13 367.8   Downloading greenlet-2.0.2.tar.gz (164 kB)
#13 367.9   Preparing metadata (setup.py): started
#13 368.8   Preparing metadata (setup.py): finished with status 'done'
#13 369.2 Collecting isort>=4.3.21 (from -r requirements.txt (line 6))
#13 369.2   Downloading isort-5.13.2-py3-none-any.whl.metadata (12 kB)
#13 369.3 Collecting itsdangerous>=1.1.0 (from -r requirements.txt (line 7))
#13 369.3   Downloading itsdangerous-2.2.0-py3-none-any.whl.metadata (1.9 kB)
#13 369.4 Collecting Jinja2>=2.10.3 (from -r requirements.txt (line 8))
#13 369.4   Downloading jinja2-3.1.4-py3-none-any.whl.metadata (2.6 kB)
#13 369.7 Collecting lazy-object-proxy (from -r requirements.txt (line 9))
#13 369.7   Downloading lazy_object_proxy-1.10.0-cp312-cp312-musllinux_1_1_x86_64.whl.metadata (7.8 kB)
#13 370.0 Collecting MarkupSafe>=1.1.1 (from -r requirements.txt (line 10))
#13 370.0   Downloading MarkupSafe-2.1.5-cp312-cp312-musllinux_1_1_x86_64.whl.metadata (3.0 kB)
#13 370.1 Collecting mccabe>=0.6.1 (from -r requirements.txt (line 11))
#13 370.1   Downloading mccabe-0.7.0-py2.py3-none-any.whl.metadata (5.0 kB)
#13 370.3 Collecting natsort>=6.2.0 (from -r requirements.txt (line 12))
#13 370.3   Downloading natsort-8.4.0-py3-none-any.whl.metadata (21 kB)
#13 370.6 Collecting peewee>=3.12.0 (from -r requirements.txt (line 13))
#13 370.6   Downloading peewee-3.17.6.tar.gz (3.0 MB)
#13 370.7      ━━━━━━━━━━━━━━━━━━━━━━━━━━━━━━━━━━━━━━━━ 3.0/3.0 MB 33.6 MB/s eta 0:00:00
#13 371.5   Installing build dependencies: started
#13 380.3   Installing build dependencies: finished with status 'done'
#13 380.3   Getting requirements to build wheel: started
#13 381.6   Getting requirements to build wheel: finished with status 'done'
#13 381.6   Preparing metadata (pyproject.toml): started
#13 382.6   Preparing metadata (pyproject.toml): finished with status 'done'
#13 383.9 Collecting Pillow==9.4.0 (from -r requirements.txt (line 14))
#13 383.9   Downloading Pillow-9.4.0.tar.gz (50.4 MB)
#13 384.8      ━━━━━━━━━━━━━━━━━━━━━━━━━━━━━━━━━━━━━━━━ 50.4/50.4 MB 53.0 MB/s eta 0:00:00
#13 390.6   Preparing metadata (setup.py): started
#13 391.9   Preparing metadata (setup.py): finished with status 'done'
#13 391.9 Collecting progressbar>=2.5 (from -r requirements.txt (line 15))
#13 392.0   Downloading progressbar-2.5.tar.gz (10 kB)
#13 392.0   Preparing metadata (setup.py): started
#13 393.0   Preparing metadata (setup.py): finished with status 'done'
#13 393.5 Collecting pylint>=2.4.4 (from -r requirements.txt (line 16))
#13 393.5   Downloading pylint-3.2.6-py3-none-any.whl.metadata (12 kB)
#13 393.8 Collecting pyparsing>=2.4.7 (from -r requirements.txt (line 17))
#13 393.8   Downloading pyparsing-3.1.2-py3-none-any.whl.metadata (5.1 kB)
#13 393.9 Collecting rarfile>=3.1 (from -r requirements.txt (line 18))
#13 393.9   Downloading rarfile-4.2-py3-none-any.whl.metadata (4.4 kB)
#13 394.0 Collecting six>=1.13.0 (from -r requirements.txt (line 19))
#13 394.0   Downloading six-1.16.0-py2.py3-none-any.whl.metadata (1.8 kB)
#13 394.4 Collecting typed-ast>=1.5.4 (from -r requirements.txt (line 20))
#13 394.4   Downloading typed_ast-1.5.5.tar.gz (252 kB)
#13 394.6   Preparing metadata (setup.py): started
#13 395.2   Preparing metadata (setup.py): finished with status 'done'
#13 395.4 Collecting Werkzeug>=0.16.0 (from -r requirements.txt (line 21))
#13 395.4   Downloading werkzeug-3.0.3-py3-none-any.whl.metadata (3.7 kB)
#13 396.1 Collecting wrapt>=1.11.2 (from -r requirements.txt (line 22))
#13 396.2   Downloading wrapt-1.16.0-cp312-cp312-musllinux_1_1_x86_64.whl.metadata (6.6 kB)
#13 396.3 Collecting zope.event (from gevent==22.10.2->-r requirements.txt (line 4))
#13 396.3   Downloading zope.event-5.0-py3-none-any.whl.metadata (4.4 kB)
#13 397.1 Collecting zope.interface (from gevent==22.10.2->-r requirements.txt (line 4))
#13 397.1   Downloading zope.interface-6.4.post2.tar.gz (294 kB)
#13 397.4   Preparing metadata (setup.py): started
#13 398.6   Preparing metadata (setup.py): finished with status 'done'
#13 398.6 Requirement already satisfied: setuptools in /usr/local/lib/python3.12/site-packages (from gevent==22.10.2->-r requirements.txt (line 4)) (71.1.0)
#13 398.9 Collecting platformdirs>=2.2.0 (from pylint>=2.4.4->-r requirements.txt (line 16))
#13 398.9   Downloading platformdirs-4.2.2-py3-none-any.whl.metadata (11 kB)
#13 399.4 Collecting tomlkit>=0.10.1 (from pylint>=2.4.4->-r requirements.txt (line 16))
#13 399.5   Downloading tomlkit-0.13.0-py3-none-any.whl.metadata (2.7 kB)
#13 399.6 Collecting dill>=0.3.6 (from pylint>=2.4.4->-r requirements.txt (line 16))
#13 399.6   Downloading dill-0.3.8-py3-none-any.whl.metadata (10 kB)
#13 399.8 Downloading Flask-2.2.3-py3-none-any.whl (101 kB)
#13 399.8 Downloading astroid-3.2.4-py3-none-any.whl (276 kB)
#13 399.9 Downloading click-8.1.7-py3-none-any.whl (97 kB)
#13 399.9 Downloading isort-5.13.2-py3-none-any.whl (92 kB)
#13 399.9 Downloading itsdangerous-2.2.0-py3-none-any.whl (16 kB)
#13 399.9 Downloading jinja2-3.1.4-py3-none-any.whl (133 kB)
#13 399.9 Downloading lazy_object_proxy-1.10.0-cp312-cp312-musllinux_1_1_x86_64.whl (75 kB)
#13 399.9 Downloading MarkupSafe-2.1.5-cp312-cp312-musllinux_1_1_x86_64.whl (33 kB)
#13 399.9 Downloading mccabe-0.7.0-py2.py3-none-any.whl (7.3 kB)
#13 400.0 Downloading natsort-8.4.0-py3-none-any.whl (38 kB)
#13 400.0 Downloading pylint-3.2.6-py3-none-any.whl (519 kB)
#13 400.0 Downloading pyparsing-3.1.2-py3-none-any.whl (103 kB)
#13 400.0 Downloading rarfile-4.2-py3-none-any.whl (29 kB)
#13 400.0 Downloading six-1.16.0-py2.py3-none-any.whl (11 kB)
#13 400.0 Downloading werkzeug-3.0.3-py3-none-any.whl (227 kB)
#13 400.1 Downloading wrapt-1.16.0-cp312-cp312-musllinux_1_1_x86_64.whl (91 kB)
#13 400.1 Downloading dill-0.3.8-py3-none-any.whl (116 kB)
#13 400.1 Downloading platformdirs-4.2.2-py3-none-any.whl (18 kB)
#13 400.1 Downloading tomlkit-0.13.0-py3-none-any.whl (37 kB)
#13 400.1 Downloading zope.event-5.0-py3-none-any.whl (6.8 kB)
#13 400.3 Building wheels for collected packages: gevent, greenlet, Pillow, peewee, progressbar, typed-ast, zope.interface
#13 400.3   Building wheel for gevent (pyproject.toml): started
#13 434.1   Building wheel for gevent (pyproject.toml): finished with status 'error'
#13 434.2   error: subprocess-exited-with-error
#13 434.2   
#13 434.2   × Building wheel for gevent (pyproject.toml) did not run successfully.
#13 434.2   │ exit code: 1
#13 434.2   ╰─> [363 lines of output]
#13 434.2       /tmp/pip-build-env-4t315cwk/overlay/lib/python3.12/site-packages/setuptools/_distutils/dist.py:268: UserWarning: Unknown distribution option: 'test_suite'
#13 434.2         warnings.warn(msg)
#13 434.2       running bdist_wheel
#13 434.2       running build
#13 434.2       running build_py
#13 434.2       creating build
#13 434.2       creating build/lib.linux-x86_64-cpython-312
#13 434.2       creating build/lib.linux-x86_64-cpython-312/gevent
#13 434.2       copying src/gevent/__init__.py -> build/lib.linux-x86_64-cpython-312/gevent
#13 434.2       copying src/gevent/_abstract_linkable.py -> build/lib.linux-x86_64-cpython-312/gevent
#13 434.2       copying src/gevent/_compat.py -> build/lib.linux-x86_64-cpython-312/gevent
#13 434.2       copying src/gevent/_config.py -> build/lib.linux-x86_64-cpython-312/gevent
#13 434.2       copying src/gevent/_fileobjectcommon.py -> build/lib.linux-x86_64-cpython-312/gevent
#13 434.2       copying src/gevent/_fileobjectposix.py -> build/lib.linux-x86_64-cpython-312/gevent
#13 434.2       copying src/gevent/_greenlet_primitives.py -> build/lib.linux-x86_64-cpython-312/gevent
#13 434.2       copying src/gevent/_hub_local.py -> build/lib.linux-x86_64-cpython-312/gevent
#13 434.2       copying src/gevent/_hub_primitives.py -> build/lib.linux-x86_64-cpython-312/gevent
#13 434.2       copying src/gevent/_ident.py -> build/lib.linux-x86_64-cpython-312/gevent
#13 434.2       copying src/gevent/_imap.py -> build/lib.linux-x86_64-cpython-312/gevent
#13 434.2       copying src/gevent/_interfaces.py -> build/lib.linux-x86_64-cpython-312/gevent
#13 434.2       copying src/gevent/_monitor.py -> build/lib.linux-x86_64-cpython-312/gevent
#13 434.2       copying src/gevent/_patcher.py -> build/lib.linux-x86_64-cpython-312/gevent
#13 434.2       copying src/gevent/_semaphore.py -> build/lib.linux-x86_64-cpython-312/gevent
#13 434.2       copying src/gevent/_socket2.py -> build/lib.linux-x86_64-cpython-312/gevent
#13 434.2       copying src/gevent/_socket3.py -> build/lib.linux-x86_64-cpython-312/gevent
#13 434.2       copying src/gevent/_socketcommon.py -> build/lib.linux-x86_64-cpython-312/gevent
#13 434.2       copying src/gevent/_ssl2.py -> build/lib.linux-x86_64-cpython-312/gevent
#13 434.2       copying src/gevent/_ssl3.py -> build/lib.linux-x86_64-cpython-312/gevent
#13 434.2       copying src/gevent/_sslgte279.py -> build/lib.linux-x86_64-cpython-312/gevent
#13 434.2       copying src/gevent/_tblib.py -> build/lib.linux-x86_64-cpython-312/gevent
#13 434.2       copying src/gevent/_threading.py -> build/lib.linux-x86_64-cpython-312/gevent
#13 434.2       copying src/gevent/_tracer.py -> build/lib.linux-x86_64-cpython-312/gevent
#13 434.2       copying src/gevent/_util.py -> build/lib.linux-x86_64-cpython-312/gevent
#13 434.2       copying src/gevent/_util_py2.py -> build/lib.linux-x86_64-cpython-312/gevent
#13 434.2       copying src/gevent/_waiter.py -> build/lib.linux-x86_64-cpython-312/gevent
#13 434.2       copying src/gevent/ares.py -> build/lib.linux-x86_64-cpython-312/gevent
#13 434.2       copying src/gevent/backdoor.py -> build/lib.linux-x86_64-cpython-312/gevent
#13 434.2       copying src/gevent/baseserver.py -> build/lib.linux-x86_64-cpython-312/gevent
#13 434.2       copying src/gevent/builtins.py -> build/lib.linux-x86_64-cpython-312/gevent
#13 434.2       copying src/gevent/contextvars.py -> build/lib.linux-x86_64-cpython-312/gevent
#13 434.2       copying src/gevent/core.py -> build/lib.linux-x86_64-cpython-312/gevent
#13 434.2       copying src/gevent/event.py -> build/lib.linux-x86_64-cpython-312/gevent
#13 434.2       copying src/gevent/events.py -> build/lib.linux-x86_64-cpython-312/gevent
#13 434.2       copying src/gevent/exceptions.py -> build/lib.linux-x86_64-cpython-312/gevent
#13 434.2       copying src/gevent/fileobject.py -> build/lib.linux-x86_64-cpython-312/gevent
#13 434.2       copying src/gevent/greenlet.py -> build/lib.linux-x86_64-cpython-312/gevent
#13 434.2       copying src/gevent/hub.py -> build/lib.linux-x86_64-cpython-312/gevent
#13 434.2       copying src/gevent/local.py -> build/lib.linux-x86_64-cpython-312/gevent
#13 434.2       copying src/gevent/lock.py -> build/lib.linux-x86_64-cpython-312/gevent
#13 434.2       copying src/gevent/monkey.py -> build/lib.linux-x86_64-cpython-312/gevent
#13 434.2       copying src/gevent/os.py -> build/lib.linux-x86_64-cpython-312/gevent
#13 434.2       copying src/gevent/pool.py -> build/lib.linux-x86_64-cpython-312/gevent
#13 434.2       copying src/gevent/pywsgi.py -> build/lib.linux-x86_64-cpython-312/gevent
#13 434.2       copying src/gevent/queue.py -> build/lib.linux-x86_64-cpython-312/gevent
#13 434.2       copying src/gevent/resolver_ares.py -> build/lib.linux-x86_64-cpython-312/gevent
#13 434.2       copying src/gevent/resolver_thread.py -> build/lib.linux-x86_64-cpython-312/gevent
#13 434.2       copying src/gevent/select.py -> build/lib.linux-x86_64-cpython-312/gevent
#13 434.2       copying src/gevent/selectors.py -> build/lib.linux-x86_64-cpython-312/gevent
#13 434.2       copying src/gevent/server.py -> build/lib.linux-x86_64-cpython-312/gevent
#13 434.2       copying src/gevent/signal.py -> build/lib.linux-x86_64-cpython-312/gevent
#13 434.2       copying src/gevent/socket.py -> build/lib.linux-x86_64-cpython-312/gevent
#13 434.2       copying src/gevent/ssl.py -> build/lib.linux-x86_64-cpython-312/gevent
#13 434.2       copying src/gevent/subprocess.py -> build/lib.linux-x86_64-cpython-312/gevent
#13 434.2       copying src/gevent/thread.py -> build/lib.linux-x86_64-cpython-312/gevent
#13 434.2       copying src/gevent/threading.py -> build/lib.linux-x86_64-cpython-312/gevent
#13 434.2       copying src/gevent/threadpool.py -> build/lib.linux-x86_64-cpython-312/gevent
#13 434.2       copying src/gevent/time.py -> build/lib.linux-x86_64-cpython-312/gevent
#13 434.2       copying src/gevent/timeout.py -> build/lib.linux-x86_64-cpython-312/gevent
#13 434.2       copying src/gevent/util.py -> build/lib.linux-x86_64-cpython-312/gevent
#13 434.2       copying src/gevent/win32util.py -> build/lib.linux-x86_64-cpython-312/gevent
#13 434.2       creating build/lib.linux-x86_64-cpython-312/gevent/_ffi
#13 434.2       copying src/gevent/_ffi/__init__.py -> build/lib.linux-x86_64-cpython-312/gevent/_ffi
#13 434.2       copying src/gevent/_ffi/callback.py -> build/lib.linux-x86_64-cpython-312/gevent/_ffi
#13 434.2       copying src/gevent/_ffi/loop.py -> build/lib.linux-x86_64-cpython-312/gevent/_ffi
#13 434.2       copying src/gevent/_ffi/watcher.py -> build/lib.linux-x86_64-cpython-312/gevent/_ffi
#13 434.2       creating build/lib.linux-x86_64-cpython-312/gevent/libev
#13 434.2       copying src/gevent/libev/__init__.py -> build/lib.linux-x86_64-cpython-312/gevent/libev
#13 434.2       copying src/gevent/libev/_corecffi_build.py -> build/lib.linux-x86_64-cpython-312/gevent/libev
#13 434.2       copying src/gevent/libev/corecffi.py -> build/lib.linux-x86_64-cpython-312/gevent/libev
#13 434.2       copying src/gevent/libev/watcher.py -> build/lib.linux-x86_64-cpython-312/gevent/libev
#13 434.2       creating build/lib.linux-x86_64-cpython-312/gevent/libuv
#13 434.2       copying src/gevent/libuv/__init__.py -> build/lib.linux-x86_64-cpython-312/gevent/libuv
#13 434.2       copying src/gevent/libuv/_corecffi_build.py -> build/lib.linux-x86_64-cpython-312/gevent/libuv
#13 434.2       copying src/gevent/libuv/loop.py -> build/lib.linux-x86_64-cpython-312/gevent/libuv
#13 434.2       copying src/gevent/libuv/watcher.py -> build/lib.linux-x86_64-cpython-312/gevent/libuv
#13 434.2       creating build/lib.linux-x86_64-cpython-312/gevent/resolver
#13 434.2       copying src/gevent/resolver/__init__.py -> build/lib.linux-x86_64-cpython-312/gevent/resolver
#13 434.2       copying src/gevent/resolver/_addresses.py -> build/lib.linux-x86_64-cpython-312/gevent/resolver
#13 434.2       copying src/gevent/resolver/_hostsfile.py -> build/lib.linux-x86_64-cpython-312/gevent/resolver
#13 434.2       copying src/gevent/resolver/ares.py -> build/lib.linux-x86_64-cpython-312/gevent/resolver
#13 434.2       copying src/gevent/resolver/blocking.py -> build/lib.linux-x86_64-cpython-312/gevent/resolver
#13 434.2       copying src/gevent/resolver/dnspython.py -> build/lib.linux-x86_64-cpython-312/gevent/resolver
#13 434.2       copying src/gevent/resolver/thread.py -> build/lib.linux-x86_64-cpython-312/gevent/resolver
#13 434.2       creating build/lib.linux-x86_64-cpython-312/gevent/testing
#13 434.2       copying src/gevent/testing/__init__.py -> build/lib.linux-x86_64-cpython-312/gevent/testing
#13 434.2       copying src/gevent/testing/errorhandler.py -> build/lib.linux-x86_64-cpython-312/gevent/testing
#13 434.2       copying src/gevent/testing/exception.py -> build/lib.linux-x86_64-cpython-312/gevent/testing
#13 434.2       copying src/gevent/testing/flaky.py -> build/lib.linux-x86_64-cpython-312/gevent/testing
#13 434.2       copying src/gevent/testing/hub.py -> build/lib.linux-x86_64-cpython-312/gevent/testing
#13 434.2       copying src/gevent/testing/leakcheck.py -> build/lib.linux-x86_64-cpython-312/gevent/testing
#13 434.2       copying src/gevent/testing/modules.py -> build/lib.linux-x86_64-cpython-312/gevent/testing
#13 434.2       copying src/gevent/testing/monkey_test.py -> build/lib.linux-x86_64-cpython-312/gevent/testing
#13 434.2       copying src/gevent/testing/openfiles.py -> build/lib.linux-x86_64-cpython-312/gevent/testing
#13 434.2       copying src/gevent/testing/params.py -> build/lib.linux-x86_64-cpython-312/gevent/testing
#13 434.2       copying src/gevent/testing/patched_tests_setup.py -> build/lib.linux-x86_64-cpython-312/gevent/testing
#13 434.2       copying src/gevent/testing/resources.py -> build/lib.linux-x86_64-cpython-312/gevent/testing
#13 434.2       copying src/gevent/testing/six.py -> build/lib.linux-x86_64-cpython-312/gevent/testing
#13 434.2       copying src/gevent/testing/skipping.py -> build/lib.linux-x86_64-cpython-312/gevent/testing
#13 434.2       copying src/gevent/testing/sockets.py -> build/lib.linux-x86_64-cpython-312/gevent/testing
#13 434.2       copying src/gevent/testing/support.py -> build/lib.linux-x86_64-cpython-312/gevent/testing
#13 434.2       copying src/gevent/testing/switching.py -> build/lib.linux-x86_64-cpython-312/gevent/testing
#13 434.2       copying src/gevent/testing/sysinfo.py -> build/lib.linux-x86_64-cpython-312/gevent/testing
#13 434.2       copying src/gevent/testing/testcase.py -> build/lib.linux-x86_64-cpython-312/gevent/testing
#13 434.2       copying src/gevent/testing/testrunner.py -> build/lib.linux-x86_64-cpython-312/gevent/testing
#13 434.2       copying src/gevent/testing/timing.py -> build/lib.linux-x86_64-cpython-312/gevent/testing
#13 434.2       copying src/gevent/testing/travis.py -> build/lib.linux-x86_64-cpython-312/gevent/testing
#13 434.2       copying src/gevent/testing/util.py -> build/lib.linux-x86_64-cpython-312/gevent/testing
#13 434.2       creating build/lib.linux-x86_64-cpython-312/gevent/tests
#13 434.2       copying src/gevent/tests/__init__.py -> build/lib.linux-x86_64-cpython-312/gevent/tests
#13 434.2       copying src/gevent/tests/__main__.py -> build/lib.linux-x86_64-cpython-312/gevent/tests
#13 434.2       copying src/gevent/tests/_blocks_at_top_level.py -> build/lib.linux-x86_64-cpython-312/gevent/tests
#13 434.2       copying src/gevent/tests/_import_import_patch.py -> build/lib.linux-x86_64-cpython-312/gevent/tests
#13 434.2       copying src/gevent/tests/_import_patch.py -> build/lib.linux-x86_64-cpython-312/gevent/tests
#13 434.2       copying src/gevent/tests/_import_wait.py -> build/lib.linux-x86_64-cpython-312/gevent/tests
#13 434.2       copying src/gevent/tests/_imports_at_top_level.py -> build/lib.linux-x86_64-cpython-312/gevent/tests
#13 434.2       copying src/gevent/tests/_imports_imports_at_top_level.py -> build/lib.linux-x86_64-cpython-312/gevent/tests
#13 434.2       copying src/gevent/tests/getaddrinfo_module.py -> build/lib.linux-x86_64-cpython-312/gevent/tests
#13 434.2       copying src/gevent/tests/known_failures.py -> build/lib.linux-x86_64-cpython-312/gevent/tests
#13 434.2       copying src/gevent/tests/lock_tests.py -> build/lib.linux-x86_64-cpython-312/gevent/tests
#13 434.2       copying src/gevent/tests/test__GreenletExit.py -> build/lib.linux-x86_64-cpython-312/gevent/tests
#13 434.2       copying src/gevent/tests/test___config.py -> build/lib.linux-x86_64-cpython-312/gevent/tests
#13 434.2       copying src/gevent/tests/test___ident.py -> build/lib.linux-x86_64-cpython-312/gevent/tests
#13 434.2       copying src/gevent/tests/test___monitor.py -> build/lib.linux-x86_64-cpython-312/gevent/tests
#13 434.2       copying src/gevent/tests/test___monkey_patching.py -> build/lib.linux-x86_64-cpython-312/gevent/tests
#13 434.2       copying src/gevent/tests/test__all__.py -> build/lib.linux-x86_64-cpython-312/gevent/tests
#13 434.2       copying src/gevent/tests/test__api.py -> build/lib.linux-x86_64-cpython-312/gevent/tests
#13 434.2       copying src/gevent/tests/test__api_timeout.py -> build/lib.linux-x86_64-cpython-312/gevent/tests
#13 434.2       copying src/gevent/tests/test__ares_host_result.py -> build/lib.linux-x86_64-cpython-312/gevent/tests
#13 434.2       copying src/gevent/tests/test__ares_timeout.py -> build/lib.linux-x86_64-cpython-312/gevent/tests
#13 434.2       copying src/gevent/tests/test__backdoor.py -> build/lib.linux-x86_64-cpython-312/gevent/tests
#13 434.2       copying src/gevent/tests/test__close_backend_fd.py -> build/lib.linux-x86_64-cpython-312/gevent/tests
#13 434.2       copying src/gevent/tests/test__compat.py -> build/lib.linux-x86_64-cpython-312/gevent/tests
#13 434.2       copying src/gevent/tests/test__contextvars.py -> build/lib.linux-x86_64-cpython-312/gevent/tests
#13 434.2       copying src/gevent/tests/test__core.py -> build/lib.linux-x86_64-cpython-312/gevent/tests
#13 434.2       copying src/gevent/tests/test__core_async.py -> build/lib.linux-x86_64-cpython-312/gevent/tests
#13 434.2       copying src/gevent/tests/test__core_callback.py -> build/lib.linux-x86_64-cpython-312/gevent/tests
#13 434.2       copying src/gevent/tests/test__core_fork.py -> build/lib.linux-x86_64-cpython-312/gevent/tests
#13 434.2       copying src/gevent/tests/test__core_loop_run.py -> build/lib.linux-x86_64-cpython-312/gevent/tests
#13 434.2       copying src/gevent/tests/test__core_stat.py -> build/lib.linux-x86_64-cpython-312/gevent/tests
#13 434.2       copying src/gevent/tests/test__core_timer.py -> build/lib.linux-x86_64-cpython-312/gevent/tests
#13 434.2       copying src/gevent/tests/test__core_watcher.py -> build/lib.linux-x86_64-cpython-312/gevent/tests
#13 434.2       copying src/gevent/tests/test__destroy.py -> build/lib.linux-x86_64-cpython-312/gevent/tests
#13 434.2       copying src/gevent/tests/test__destroy_default_loop.py -> build/lib.linux-x86_64-cpython-312/gevent/tests
#13 434.2       copying src/gevent/tests/test__doctests.py -> build/lib.linux-x86_64-cpython-312/gevent/tests
#13 434.2       copying src/gevent/tests/test__environ.py -> build/lib.linux-x86_64-cpython-312/gevent/tests
#13 434.2       copying src/gevent/tests/test__event.py -> build/lib.linux-x86_64-cpython-312/gevent/tests
#13 434.2       copying src/gevent/tests/test__events.py -> build/lib.linux-x86_64-cpython-312/gevent/tests
#13 434.2       copying src/gevent/tests/test__example_echoserver.py -> build/lib.linux-x86_64-cpython-312/gevent/tests
#13 434.2       copying src/gevent/tests/test__example_portforwarder.py -> build/lib.linux-x86_64-cpython-312/gevent/tests
#13 434.2       copying src/gevent/tests/test__example_udp_client.py -> build/lib.linux-x86_64-cpython-312/gevent/tests
#13 434.2       copying src/gevent/tests/test__example_udp_server.py -> build/lib.linux-x86_64-cpython-312/gevent/tests
#13 434.2       copying src/gevent/tests/test__example_webproxy.py -> build/lib.linux-x86_64-cpython-312/gevent/tests
#13 434.2       copying src/gevent/tests/test__example_wsgiserver.py -> build/lib.linux-x86_64-cpython-312/gevent/tests
#13 434.2       copying src/gevent/tests/test__example_wsgiserver_ssl.py -> build/lib.linux-x86_64-cpython-312/gevent/tests
#13 434.2       copying src/gevent/tests/test__examples.py -> build/lib.linux-x86_64-cpython-312/gevent/tests
#13 434.2       copying src/gevent/tests/test__exc_info.py -> build/lib.linux-x86_64-cpython-312/gevent/tests
#13 434.2       copying src/gevent/tests/test__execmodules.py -> build/lib.linux-x86_64-cpython-312/gevent/tests
#13 434.2       copying src/gevent/tests/test__fileobject.py -> build/lib.linux-x86_64-cpython-312/gevent/tests
#13 434.2       copying src/gevent/tests/test__getaddrinfo_import.py -> build/lib.linux-x86_64-cpython-312/gevent/tests
#13 434.2       copying src/gevent/tests/test__greenio.py -> build/lib.linux-x86_64-cpython-312/gevent/tests
#13 434.2       copying src/gevent/tests/test__greenlet.py -> build/lib.linux-x86_64-cpython-312/gevent/tests
#13 434.2       copying src/gevent/tests/test__greenletset.py -> build/lib.linux-x86_64-cpython-312/gevent/tests
#13 434.2       copying src/gevent/tests/test__greenness.py -> build/lib.linux-x86_64-cpython-312/gevent/tests
#13 434.2       copying src/gevent/tests/test__hub.py -> build/lib.linux-x86_64-cpython-312/gevent/tests
#13 434.2       copying src/gevent/tests/test__hub_join.py -> build/lib.linux-x86_64-cpython-312/gevent/tests
#13 434.2       copying src/gevent/tests/test__hub_join_timeout.py -> build/lib.linux-x86_64-cpython-312/gevent/tests
#13 434.2       copying src/gevent/tests/test__import_blocking_in_greenlet.py -> build/lib.linux-x86_64-cpython-312/gevent/tests
#13 434.2       copying src/gevent/tests/test__import_wait.py -> build/lib.linux-x86_64-cpython-312/gevent/tests
#13 434.2       copying src/gevent/tests/test__issue112.py -> build/lib.linux-x86_64-cpython-312/gevent/tests
#13 434.2       copying src/gevent/tests/test__issue1686.py -> build/lib.linux-x86_64-cpython-312/gevent/tests
#13 434.2       copying src/gevent/tests/test__issue1864.py -> build/lib.linux-x86_64-cpython-312/gevent/tests
#13 434.2       copying src/gevent/tests/test__issue230.py -> build/lib.linux-x86_64-cpython-312/gevent/tests
#13 434.2       copying src/gevent/tests/test__issue330.py -> build/lib.linux-x86_64-cpython-312/gevent/tests
#13 434.2       copying src/gevent/tests/test__issue467.py -> build/lib.linux-x86_64-cpython-312/gevent/tests
#13 434.2       copying src/gevent/tests/test__issue6.py -> build/lib.linux-x86_64-cpython-312/gevent/tests
#13 434.2       copying src/gevent/tests/test__issue600.py -> build/lib.linux-x86_64-cpython-312/gevent/tests
#13 434.2       copying src/gevent/tests/test__issue607.py -> build/lib.linux-x86_64-cpython-312/gevent/tests
#13 434.2       copying src/gevent/tests/test__issue639.py -> build/lib.linux-x86_64-cpython-312/gevent/tests
#13 434.2       copying src/gevent/tests/test__issue_728.py -> build/lib.linux-x86_64-cpython-312/gevent/tests
#13 434.2       copying src/gevent/tests/test__issues461_471.py -> build/lib.linux-x86_64-cpython-312/gevent/tests
#13 434.2       copying src/gevent/tests/test__iwait.py -> build/lib.linux-x86_64-cpython-312/gevent/tests
#13 434.2       copying src/gevent/tests/test__joinall.py -> build/lib.linux-x86_64-cpython-312/gevent/tests
#13 434.2       copying src/gevent/tests/test__local.py -> build/lib.linux-x86_64-cpython-312/gevent/tests
#13 434.2       copying src/gevent/tests/test__lock.py -> build/lib.linux-x86_64-cpython-312/gevent/tests
#13 434.2       copying src/gevent/tests/test__loop_callback.py -> build/lib.linux-x86_64-cpython-312/gevent/tests
#13 434.2       copying src/gevent/tests/test__makefile_ref.py -> build/lib.linux-x86_64-cpython-312/gevent/tests
#13 434.2       copying src/gevent/tests/test__memleak.py -> build/lib.linux-x86_64-cpython-312/gevent/tests
#13 434.2       copying src/gevent/tests/test__monkey.py -> build/lib.linux-x86_64-cpython-312/gevent/tests
#13 434.2       copying src/gevent/tests/test__monkey_builtins_future.py -> build/lib.linux-x86_64-cpython-312/gevent/tests
#13 434.2       copying src/gevent/tests/test__monkey_futures_thread.py -> build/lib.linux-x86_64-cpython-312/gevent/tests
#13 434.2       copying src/gevent/tests/test__monkey_hub_in_thread.py -> build/lib.linux-x86_64-cpython-312/gevent/tests
#13 434.2       copying src/gevent/tests/test__monkey_logging.py -> build/lib.linux-x86_64-cpython-312/gevent/tests
#13 434.2       copying src/gevent/tests/test__monkey_module_run.py -> build/lib.linux-x86_64-cpython-312/gevent/tests
#13 434.2       copying src/gevent/tests/test__monkey_multiple_imports.py -> build/lib.linux-x86_64-cpython-312/gevent/tests
#13 434.2       copying src/gevent/tests/test__monkey_queue.py -> build/lib.linux-x86_64-cpython-312/gevent/tests
#13 434.2       copying src/gevent/tests/test__monkey_select.py -> build/lib.linux-x86_64-cpython-312/gevent/tests
#13 434.2       copying src/gevent/tests/test__monkey_selectors.py -> build/lib.linux-x86_64-cpython-312/gevent/tests
#13 434.2       copying src/gevent/tests/test__monkey_sigchld.py -> build/lib.linux-x86_64-cpython-312/gevent/tests
#13 434.2       copying src/gevent/tests/test__monkey_sigchld_2.py -> build/lib.linux-x86_64-cpython-312/gevent/tests
#13 434.2       copying src/gevent/tests/test__monkey_sigchld_3.py -> build/lib.linux-x86_64-cpython-312/gevent/tests
#13 434.2       copying src/gevent/tests/test__monkey_ssl_warning.py -> build/lib.linux-x86_64-cpython-312/gevent/tests
#13 434.2       copying src/gevent/tests/test__monkey_ssl_warning2.py -> build/lib.linux-x86_64-cpython-312/gevent/tests
#13 434.2       copying src/gevent/tests/test__monkey_ssl_warning3.py -> build/lib.linux-x86_64-cpython-312/gevent/tests
#13 434.2       copying src/gevent/tests/test__nondefaultloop.py -> build/lib.linux-x86_64-cpython-312/gevent/tests
#13 434.2       copying src/gevent/tests/test__order.py -> build/lib.linux-x86_64-cpython-312/gevent/tests
#13 434.2       copying src/gevent/tests/test__os.py -> build/lib.linux-x86_64-cpython-312/gevent/tests
#13 434.2       copying src/gevent/tests/test__pool.py -> build/lib.linux-x86_64-cpython-312/gevent/tests
#13 434.2       copying src/gevent/tests/test__pywsgi.py -> build/lib.linux-x86_64-cpython-312/gevent/tests
#13 434.2       copying src/gevent/tests/test__queue.py -> build/lib.linux-x86_64-cpython-312/gevent/tests
#13 434.2       copying src/gevent/tests/test__real_greenlet.py -> build/lib.linux-x86_64-cpython-312/gevent/tests
#13 434.2       copying src/gevent/tests/test__refcount.py -> build/lib.linux-x86_64-cpython-312/gevent/tests
#13 434.2       copying src/gevent/tests/test__refcount_core.py -> build/lib.linux-x86_64-cpython-312/gevent/tests
#13 434.2       copying src/gevent/tests/test__resolver_dnspython.py -> build/lib.linux-x86_64-cpython-312/gevent/tests
#13 434.2       copying src/gevent/tests/test__select.py -> build/lib.linux-x86_64-cpython-312/gevent/tests
#13 434.2       copying src/gevent/tests/test__selectors.py -> build/lib.linux-x86_64-cpython-312/gevent/tests
#13 434.2       copying src/gevent/tests/test__semaphore.py -> build/lib.linux-x86_64-cpython-312/gevent/tests
#13 434.2       copying src/gevent/tests/test__server.py -> build/lib.linux-x86_64-cpython-312/gevent/tests
#13 434.2       copying src/gevent/tests/test__server_pywsgi.py -> build/lib.linux-x86_64-cpython-312/gevent/tests
#13 434.2       copying src/gevent/tests/test__signal.py -> build/lib.linux-x86_64-cpython-312/gevent/tests
#13 434.2       copying src/gevent/tests/test__sleep0.py -> build/lib.linux-x86_64-cpython-312/gevent/tests
#13 434.2       copying src/gevent/tests/test__socket.py -> build/lib.linux-x86_64-cpython-312/gevent/tests
#13 434.2       copying src/gevent/tests/test__socket_close.py -> build/lib.linux-x86_64-cpython-312/gevent/tests
#13 434.2       copying src/gevent/tests/test__socket_dns.py -> build/lib.linux-x86_64-cpython-312/gevent/tests
#13 434.2       copying src/gevent/tests/test__socket_dns6.py -> build/lib.linux-x86_64-cpython-312/gevent/tests
#13 434.2       copying src/gevent/tests/test__socket_errors.py -> build/lib.linux-x86_64-cpython-312/gevent/tests
#13 434.2       copying src/gevent/tests/test__socket_ex.py -> build/lib.linux-x86_64-cpython-312/gevent/tests
#13 434.2       copying src/gevent/tests/test__socket_send_memoryview.py -> build/lib.linux-x86_64-cpython-312/gevent/tests
#13 434.2       copying src/gevent/tests/test__socket_ssl.py -> build/lib.linux-x86_64-cpython-312/gevent/tests
#13 434.2       copying src/gevent/tests/test__socket_timeout.py -> build/lib.linux-x86_64-cpython-312/gevent/tests
#13 434.2       copying src/gevent/tests/test__socketpair.py -> build/lib.linux-x86_64-cpython-312/gevent/tests
#13 434.2       copying src/gevent/tests/test__ssl.py -> build/lib.linux-x86_64-cpython-312/gevent/tests
#13 434.2       copying src/gevent/tests/test__subprocess.py -> build/lib.linux-x86_64-cpython-312/gevent/tests
#13 434.2       copying src/gevent/tests/test__subprocess_interrupted.py -> build/lib.linux-x86_64-cpython-312/gevent/tests
#13 434.2       copying src/gevent/tests/test__subprocess_poll.py -> build/lib.linux-x86_64-cpython-312/gevent/tests
#13 434.2       copying src/gevent/tests/test__systemerror.py -> build/lib.linux-x86_64-cpython-312/gevent/tests
#13 434.2       copying src/gevent/tests/test__thread.py -> build/lib.linux-x86_64-cpython-312/gevent/tests
#13 434.2       copying src/gevent/tests/test__threading.py -> build/lib.linux-x86_64-cpython-312/gevent/tests
#13 434.2       copying src/gevent/tests/test__threading_2.py -> build/lib.linux-x86_64-cpython-312/gevent/tests
#13 434.2       copying src/gevent/tests/test__threading_before_monkey.py -> build/lib.linux-x86_64-cpython-312/gevent/tests
#13 434.2       copying src/gevent/tests/test__threading_holding_lock_while_monkey.py -> build/lib.linux-x86_64-cpython-312/gevent/tests
#13 434.2       copying src/gevent/tests/test__threading_monkey_in_thread.py -> build/lib.linux-x86_64-cpython-312/gevent/tests
#13 434.2       copying src/gevent/tests/test__threading_native_before_monkey.py -> build/lib.linux-x86_64-cpython-312/gevent/tests
#13 434.2       copying src/gevent/tests/test__threading_no_monkey.py -> build/lib.linux-x86_64-cpython-312/gevent/tests
#13 434.2       copying src/gevent/tests/test__threading_patched_local.py -> build/lib.linux-x86_64-cpython-312/gevent/tests
#13 434.2       copying src/gevent/tests/test__threading_vs_settrace.py -> build/lib.linux-x86_64-cpython-312/gevent/tests
#13 434.2       copying src/gevent/tests/test__threadpool.py -> build/lib.linux-x86_64-cpython-312/gevent/tests
#13 434.2       copying src/gevent/tests/test__threadpool_executor_patched.py -> build/lib.linux-x86_64-cpython-312/gevent/tests
#13 434.2       copying src/gevent/tests/test__timeout.py -> build/lib.linux-x86_64-cpython-312/gevent/tests
#13 434.2       copying src/gevent/tests/test__util.py -> build/lib.linux-x86_64-cpython-312/gevent/tests
#13 434.2       creating build/lib.linux-x86_64-cpython-312/gevent/tests/monkey_package
#13 434.2       copying src/gevent/tests/monkey_package/__init__.py -> build/lib.linux-x86_64-cpython-312/gevent/tests/monkey_package
#13 434.2       copying src/gevent/tests/monkey_package/__main__.py -> build/lib.linux-x86_64-cpython-312/gevent/tests/monkey_package
#13 434.2       copying src/gevent/tests/monkey_package/issue1526_no_monkey.py -> build/lib.linux-x86_64-cpython-312/gevent/tests/monkey_package
#13 434.2       copying src/gevent/tests/monkey_package/issue1526_with_monkey.py -> build/lib.linux-x86_64-cpython-312/gevent/tests/monkey_package
#13 434.2       copying src/gevent/tests/monkey_package/issue302monkey.py -> build/lib.linux-x86_64-cpython-312/gevent/tests/monkey_package
#13 434.2       copying src/gevent/tests/monkey_package/script.py -> build/lib.linux-x86_64-cpython-312/gevent/tests/monkey_package
#13 434.2       copying src/gevent/tests/monkey_package/threadpool_monkey_patches.py -> build/lib.linux-x86_64-cpython-312/gevent/tests/monkey_package
#13 434.2       copying src/gevent/tests/monkey_package/threadpool_no_monkey.py -> build/lib.linux-x86_64-cpython-312/gevent/tests/monkey_package
#13 434.2       creating build/lib.linux-x86_64-cpython-312/gevent/testing/coveragesite
#13 434.2       copying src/gevent/testing/coveragesite/sitecustomize.py -> build/lib.linux-x86_64-cpython-312/gevent/testing/coveragesite
#13 434.2       copying src/gevent/tests/2_7_keycert.pem -> build/lib.linux-x86_64-cpython-312/gevent/tests
#13 434.2       copying src/gevent/tests/badcert.pem -> build/lib.linux-x86_64-cpython-312/gevent/tests
#13 434.2       copying src/gevent/tests/badkey.pem -> build/lib.linux-x86_64-cpython-312/gevent/tests
#13 434.2       copying src/gevent/tests/https_svn_python_org_root.pem -> build/lib.linux-x86_64-cpython-312/gevent/tests
#13 434.2       copying src/gevent/tests/keycert.pem -> build/lib.linux-x86_64-cpython-312/gevent/tests
#13 434.2       copying src/gevent/tests/nullcert.pem -> build/lib.linux-x86_64-cpython-312/gevent/tests
#13 434.2       copying src/gevent/tests/sha256.pem -> build/lib.linux-x86_64-cpython-312/gevent/tests
#13 434.2       copying src/gevent/tests/wrongcert.pem -> build/lib.linux-x86_64-cpython-312/gevent/tests
#13 434.2       copying src/gevent/tests/server.crt -> build/lib.linux-x86_64-cpython-312/gevent/tests
#13 434.2       copying src/gevent/tests/test_server.crt -> build/lib.linux-x86_64-cpython-312/gevent/tests
#13 434.2       copying src/gevent/tests/hosts_file.txt -> build/lib.linux-x86_64-cpython-312/gevent/tests
#13 434.2       copying src/gevent/tests/tests_that_dont_do_leakchecks.txt -> build/lib.linux-x86_64-cpython-312/gevent/tests
#13 434.2       copying src/gevent/tests/tests_that_dont_monkeypatch.txt -> build/lib.linux-x86_64-cpython-312/gevent/tests
#13 434.2       copying src/gevent/tests/tests_that_dont_use_resolver.txt -> build/lib.linux-x86_64-cpython-312/gevent/tests
#13 434.2       copying src/gevent/tests/server.key -> build/lib.linux-x86_64-cpython-312/gevent/tests
#13 434.2       copying src/gevent/tests/test_server.key -> build/lib.linux-x86_64-cpython-312/gevent/tests
#13 434.2       running build_ext
#13 434.2       generating cffi module 'build/temp.linux-x86_64-cpython-312/gevent.libuv._corecffi.c'
#13 434.2       creating build/temp.linux-x86_64-cpython-312
#13 434.2       Running '(cd  "/tmp/pip-install-fca8bik1/gevent_7b076e42b9af4789b378cea4b949086a/deps/libev"  && sh ./configure -C > configure-output.txt )' in /tmp/pip-install-fca8bik1/gevent_7b076e42b9af4789b378cea4b949086a
#13 434.2       ./configure: line 6414: /usr/bin/file: not found
#13 434.2       config.status: error: in `/tmp/pip-install-fca8bik1/gevent_7b076e42b9af4789b378cea4b949086a/deps/libev':
#13 434.2       config.status: error: Something went wrong bootstrapping makefile fragments
#13 434.2           for automatic dependency tracking.  Try re-running configure with the
#13 434.2           '--disable-dependency-tracking' option to at least be able to build
#13 434.2           the package (albeit without support for automatic dependency tracking).
#13 434.2       See `config.log' for more details
#13 434.2       Traceback (most recent call last):
#13 434.2         File "/usr/local/lib/python3.12/site-packages/pip/_vendor/pyproject_hooks/_in_process/_in_process.py", line 353, in <module>
#13 434.2           main()
#13 434.2         File "/usr/local/lib/python3.12/site-packages/pip/_vendor/pyproject_hooks/_in_process/_in_process.py", line 335, in main
#13 434.2           json_out['return_val'] = hook(**hook_input['kwargs'])
#13 434.2                                    ^^^^^^^^^^^^^^^^^^^^^^^^^^^^
#13 434.2         File "/usr/local/lib/python3.12/site-packages/pip/_vendor/pyproject_hooks/_in_process/_in_process.py", line 251, in build_wheel
#13 434.2           return _build_backend().build_wheel(wheel_directory, config_settings,
#13 434.2                  ^^^^^^^^^^^^^^^^^^^^^^^^^^^^^^^^^^^^^^^^^^^^^^^^^^^^^^^^^^^^^^
#13 434.2         File "/tmp/pip-build-env-4t315cwk/overlay/lib/python3.12/site-packages/setuptools/build_meta.py", line 415, in build_wheel
#13 434.2           return self._build_with_temp_dir(
#13 434.2                  ^^^^^^^^^^^^^^^^^^^^^^^^^^
#13 434.2         File "/tmp/pip-build-env-4t315cwk/overlay/lib/python3.12/site-packages/setuptools/build_meta.py", line 397, in _build_with_temp_dir
#13 434.2           self.run_setup()
#13 434.2         File "/tmp/pip-build-env-4t315cwk/overlay/lib/python3.12/site-packages/setuptools/build_meta.py", line 313, in run_setup
#13 434.2           exec(code, locals())
#13 434.2         File "<string>", line 496, in <module>
#13 434.2         File "<string>", line 362, in run_setup
#13 434.2         File "/tmp/pip-build-env-4t315cwk/overlay/lib/python3.12/site-packages/setuptools/__init__.py", line 108, in setup
#13 434.2           return distutils.core.setup(**attrs)
#13 434.2                  ^^^^^^^^^^^^^^^^^^^^^^^^^^^^^
#13 434.2         File "/tmp/pip-build-env-4t315cwk/overlay/lib/python3.12/site-packages/setuptools/_distutils/core.py", line 184, in setup
#13 434.2           return run_commands(dist)
#13 434.2                  ^^^^^^^^^^^^^^^^^^
#13 434.2         File "/tmp/pip-build-env-4t315cwk/overlay/lib/python3.12/site-packages/setuptools/_distutils/core.py", line 200, in run_commands
#13 434.2           dist.run_commands()
#13 434.2         File "/tmp/pip-build-env-4t315cwk/overlay/lib/python3.12/site-packages/setuptools/_distutils/dist.py", line 970, in run_commands
#13 434.2           self.run_command(cmd)
#13 434.2         File "/tmp/pip-build-env-4t315cwk/overlay/lib/python3.12/site-packages/setuptools/dist.py", line 945, in run_command
#13 434.2           super().run_command(command)
#13 434.2         File "/tmp/pip-build-env-4t315cwk/overlay/lib/python3.12/site-packages/setuptools/_distutils/dist.py", line 989, in run_command
#13 434.2           cmd_obj.run()
#13 434.2         File "/tmp/pip-build-env-4t315cwk/overlay/lib/python3.12/site-packages/setuptools/command/bdist_wheel.py", line 373, in run
#13 434.2           self.run_command("build")
#13 434.2         File "/tmp/pip-build-env-4t315cwk/overlay/lib/python3.12/site-packages/setuptools/_distutils/cmd.py", line 316, in run_command
#13 434.2           self.distribution.run_command(command)
#13 434.2         File "/tmp/pip-build-env-4t315cwk/overlay/lib/python3.12/site-packages/setuptools/dist.py", line 945, in run_command
#13 434.2           super().run_command(command)
#13 434.2         File "/tmp/pip-build-env-4t315cwk/overlay/lib/python3.12/site-packages/setuptools/_distutils/dist.py", line 989, in run_command
#13 434.2           cmd_obj.run()
#13 434.2         File "/tmp/pip-build-env-4t315cwk/overlay/lib/python3.12/site-packages/setuptools/_distutils/command/build.py", line 135, in run
#13 434.2           self.run_command(cmd_name)
#13 434.2         File "/tmp/pip-build-env-4t315cwk/overlay/lib/python3.12/site-packages/setuptools/_distutils/cmd.py", line 316, in run_command
#13 434.2           self.distribution.run_command(command)
#13 434.2         File "/tmp/pip-build-env-4t315cwk/overlay/lib/python3.12/site-packages/setuptools/dist.py", line 945, in run_command
#13 434.2           super().run_command(command)
#13 434.2         File "/tmp/pip-build-env-4t315cwk/overlay/lib/python3.12/site-packages/setuptools/_distutils/dist.py", line 989, in run_command
#13 434.2           cmd_obj.run()
#13 434.2         File "/tmp/pip-build-env-4t315cwk/overlay/lib/python3.12/site-packages/cffi/setuptools_ext.py", line 141, in run
#13 434.2           ext.sources[0] = make_mod(self.build_temp, pre_run)
#13 434.2                            ^^^^^^^^^^^^^^^^^^^^^^^^^^^^^^^^^^
#13 434.2         File "/tmp/pip-build-env-4t315cwk/overlay/lib/python3.12/site-packages/cffi/setuptools_ext.py", line 126, in make_mod
#13 434.2           pre_run(ext, ffi)
#13 434.2         File "/tmp/pip-install-fca8bik1/gevent_7b076e42b9af4789b378cea4b949086a/_setuputils.py", line 381, in pre_run
#13 434.2           action()
#13 434.2         File "/tmp/pip-install-fca8bik1/gevent_7b076e42b9af4789b378cea4b949086a/_setuplibev.py", line 55, in configure_libev
#13 434.2           system(libev_configure_command)
#13 434.2         File "/tmp/pip-install-fca8bik1/gevent_7b076e42b9af4789b378cea4b949086a/_setuputils.py", line 195, in system
#13 434.2           if _system(cmd, cwd=cwd, env=env, **kwargs):
#13 434.2              ^^^^^^^^^^^^^^^^^^^^^^^^^^^^^^^^^^^^^^^^
#13 434.2         File "/tmp/pip-install-fca8bik1/gevent_7b076e42b9af4789b378cea4b949086a/_setuputils.py", line 191, in _system
#13 434.2           return check_call(cmd, cwd=cwd, env=env, **kwargs)
#13 434.2                  ^^^^^^^^^^^^^^^^^^^^^^^^^^^^^^^^^^^^^^^^^^^
#13 434.2         File "/usr/local/lib/python3.12/subprocess.py", line 413, in check_call
#13 434.2           raise CalledProcessError(retcode, cmd)
#13 434.2       subprocess.CalledProcessError: Command '(cd  "/tmp/pip-install-fca8bik1/gevent_7b076e42b9af4789b378cea4b949086a/deps/libev"  && sh ./configure -C > configure-output.txt )' returned non-zero exit status 1.
#13 434.2       [end of output]
#13 434.2   
#13 434.2   note: This error originates from a subprocess, and is likely not a problem with pip.
#13 434.2   ERROR: Failed building wheel for gevent
#13 434.2   Building wheel for greenlet (setup.py): started
#13 435.3   Building wheel for greenlet (setup.py): finished with status 'error'
#13 435.3   error: subprocess-exited-with-error
#13 435.3   
#13 435.3   × python setup.py bdist_wheel did not run successfully.
#13 435.3   │ exit code: 1
#13 435.3   ╰─> [96 lines of output]
#13 435.3       running bdist_wheel
#13 435.3       running build
#13 435.3       running build_py
#13 435.3       creating build
#13 435.3       creating build/lib.linux-x86_64-cpython-312
#13 435.3       creating build/lib.linux-x86_64-cpython-312/greenlet
#13 435.3       copying src/greenlet/__init__.py -> build/lib.linux-x86_64-cpython-312/greenlet
#13 435.3       creating build/lib.linux-x86_64-cpython-312/greenlet/platform
#13 435.3       copying src/greenlet/platform/__init__.py -> build/lib.linux-x86_64-cpython-312/greenlet/platform
#13 435.3       creating build/lib.linux-x86_64-cpython-312/greenlet/tests
#13 435.3       copying src/greenlet/tests/__init__.py -> build/lib.linux-x86_64-cpython-312/greenlet/tests
#13 435.3       copying src/greenlet/tests/leakcheck.py -> build/lib.linux-x86_64-cpython-312/greenlet/tests
#13 435.3       copying src/greenlet/tests/test_contextvars.py -> build/lib.linux-x86_64-cpython-312/greenlet/tests
#13 435.3       copying src/greenlet/tests/test_cpp.py -> build/lib.linux-x86_64-cpython-312/greenlet/tests
#13 435.3       copying src/greenlet/tests/test_extension_interface.py -> build/lib.linux-x86_64-cpython-312/greenlet/tests
#13 435.3       copying src/greenlet/tests/test_gc.py -> build/lib.linux-x86_64-cpython-312/greenlet/tests
#13 435.3       copying src/greenlet/tests/test_generator.py -> build/lib.linux-x86_64-cpython-312/greenlet/tests
#13 435.3       copying src/greenlet/tests/test_generator_nested.py -> build/lib.linux-x86_64-cpython-312/greenlet/tests
#13 435.3       copying src/greenlet/tests/test_greenlet.py -> build/lib.linux-x86_64-cpython-312/greenlet/tests
#13 435.3       copying src/greenlet/tests/test_greenlet_trash.py -> build/lib.linux-x86_64-cpython-312/greenlet/tests
#13 435.3       copying src/greenlet/tests/test_leaks.py -> build/lib.linux-x86_64-cpython-312/greenlet/tests
#13 435.3       copying src/greenlet/tests/test_stack_saved.py -> build/lib.linux-x86_64-cpython-312/greenlet/tests
#13 435.3       copying src/greenlet/tests/test_throw.py -> build/lib.linux-x86_64-cpython-312/greenlet/tests
#13 435.3       copying src/greenlet/tests/test_tracing.py -> build/lib.linux-x86_64-cpython-312/greenlet/tests
#13 435.3       copying src/greenlet/tests/test_version.py -> build/lib.linux-x86_64-cpython-312/greenlet/tests
#13 435.3       copying src/greenlet/tests/test_weakref.py -> build/lib.linux-x86_64-cpython-312/greenlet/tests
#13 435.3       running egg_info
#13 435.3       writing src/greenlet.egg-info/PKG-INFO
#13 435.3       writing dependency_links to src/greenlet.egg-info/dependency_links.txt
#13 435.3       writing requirements to src/greenlet.egg-info/requires.txt
#13 435.3       writing top-level names to src/greenlet.egg-info/top_level.txt
#13 435.3       reading manifest file 'src/greenlet.egg-info/SOURCES.txt'
#13 435.3       reading manifest template 'MANIFEST.in'
#13 435.3       warning: no previously-included files found matching 'benchmarks/*.json'
#13 435.3       no previously-included directories found matching 'docs/_build'
#13 435.3       warning: no files found matching '*.py' under directory 'appveyor'
#13 435.3       warning: no previously-included files matching '*.pyc' found anywhere in distribution
#13 435.3       warning: no previously-included files matching '*.pyd' found anywhere in distribution
#13 435.3       warning: no previously-included files matching '*.so' found anywhere in distribution
#13 435.3       warning: no previously-included files matching '.coverage' found anywhere in distribution
#13 435.3       adding license file 'LICENSE'
#13 435.3       adding license file 'LICENSE.PSF'
#13 435.3       adding license file 'AUTHORS'
#13 435.3       writing manifest file 'src/greenlet.egg-info/SOURCES.txt'
#13 435.3       copying src/greenlet/greenlet.cpp -> build/lib.linux-x86_64-cpython-312/greenlet
#13 435.3       copying src/greenlet/greenlet.h -> build/lib.linux-x86_64-cpython-312/greenlet
#13 435.3       copying src/greenlet/greenlet_allocator.hpp -> build/lib.linux-x86_64-cpython-312/greenlet
#13 435.3       copying src/greenlet/greenlet_compiler_compat.hpp -> build/lib.linux-x86_64-cpython-312/greenlet
#13 435.3       copying src/greenlet/greenlet_cpython_compat.hpp -> build/lib.linux-x86_64-cpython-312/greenlet
#13 435.3       copying src/greenlet/greenlet_exceptions.hpp -> build/lib.linux-x86_64-cpython-312/greenlet
#13 435.3       copying src/greenlet/greenlet_greenlet.hpp -> build/lib.linux-x86_64-cpython-312/greenlet
#13 435.3       copying src/greenlet/greenlet_internal.hpp -> build/lib.linux-x86_64-cpython-312/greenlet
#13 435.3       copying src/greenlet/greenlet_refs.hpp -> build/lib.linux-x86_64-cpython-312/greenlet
#13 435.3       copying src/greenlet/greenlet_slp_switch.hpp -> build/lib.linux-x86_64-cpython-312/greenlet
#13 435.3       copying src/greenlet/greenlet_thread_state.hpp -> build/lib.linux-x86_64-cpython-312/greenlet
#13 435.3       copying src/greenlet/greenlet_thread_state_dict_cleanup.hpp -> build/lib.linux-x86_64-cpython-312/greenlet
#13 435.3       copying src/greenlet/greenlet_thread_support.hpp -> build/lib.linux-x86_64-cpython-312/greenlet
#13 435.3       copying src/greenlet/slp_platformselect.h -> build/lib.linux-x86_64-cpython-312/greenlet
#13 435.3       copying src/greenlet/platform/setup_switch_x64_masm.cmd -> build/lib.linux-x86_64-cpython-312/greenlet/platform
#13 435.3       copying src/greenlet/platform/switch_aarch64_gcc.h -> build/lib.linux-x86_64-cpython-312/greenlet/platform
#13 435.3       copying src/greenlet/platform/switch_alpha_unix.h -> build/lib.linux-x86_64-cpython-312/greenlet/platform
#13 435.3       copying src/greenlet/platform/switch_amd64_unix.h -> build/lib.linux-x86_64-cpython-312/greenlet/platform
#13 435.3       copying src/greenlet/platform/switch_arm32_gcc.h -> build/lib.linux-x86_64-cpython-312/greenlet/platform
#13 435.3       copying src/greenlet/platform/switch_arm32_ios.h -> build/lib.linux-x86_64-cpython-312/greenlet/platform
#13 435.3       copying src/greenlet/platform/switch_arm64_masm.asm -> build/lib.linux-x86_64-cpython-312/greenlet/platform
#13 435.3       copying src/greenlet/platform/switch_arm64_masm.obj -> build/lib.linux-x86_64-cpython-312/greenlet/platform
#13 435.3       copying src/greenlet/platform/switch_arm64_msvc.h -> build/lib.linux-x86_64-cpython-312/greenlet/platform
#13 435.3       copying src/greenlet/platform/switch_csky_gcc.h -> build/lib.linux-x86_64-cpython-312/greenlet/platform
#13 435.3       copying src/greenlet/platform/switch_m68k_gcc.h -> build/lib.linux-x86_64-cpython-312/greenlet/platform
#13 435.3       copying src/greenlet/platform/switch_mips_unix.h -> build/lib.linux-x86_64-cpython-312/greenlet/platform
#13 435.3       copying src/greenlet/platform/switch_ppc64_aix.h -> build/lib.linux-x86_64-cpython-312/greenlet/platform
#13 435.3       copying src/greenlet/platform/switch_ppc64_linux.h -> build/lib.linux-x86_64-cpython-312/greenlet/platform
#13 435.3       copying src/greenlet/platform/switch_ppc_aix.h -> build/lib.linux-x86_64-cpython-312/greenlet/platform
#13 435.3       copying src/greenlet/platform/switch_ppc_linux.h -> build/lib.linux-x86_64-cpython-312/greenlet/platform
#13 435.3       copying src/greenlet/platform/switch_ppc_macosx.h -> build/lib.linux-x86_64-cpython-312/greenlet/platform
#13 435.3       copying src/greenlet/platform/switch_ppc_unix.h -> build/lib.linux-x86_64-cpython-312/greenlet/platform
#13 435.3       copying src/greenlet/platform/switch_riscv_unix.h -> build/lib.linux-x86_64-cpython-312/greenlet/platform
#13 435.3       copying src/greenlet/platform/switch_s390_unix.h -> build/lib.linux-x86_64-cpython-312/greenlet/platform
#13 435.3       copying src/greenlet/platform/switch_sparc_sun_gcc.h -> build/lib.linux-x86_64-cpython-312/greenlet/platform
#13 435.3       copying src/greenlet/platform/switch_x32_unix.h -> build/lib.linux-x86_64-cpython-312/greenlet/platform
#13 435.3       copying src/greenlet/platform/switch_x64_masm.asm -> build/lib.linux-x86_64-cpython-312/greenlet/platform
#13 435.3       copying src/greenlet/platform/switch_x64_masm.obj -> build/lib.linux-x86_64-cpython-312/greenlet/platform
#13 435.3       copying src/greenlet/platform/switch_x64_msvc.h -> build/lib.linux-x86_64-cpython-312/greenlet/platform
#13 435.3       copying src/greenlet/platform/switch_x86_msvc.h -> build/lib.linux-x86_64-cpython-312/greenlet/platform
#13 435.3       copying src/greenlet/platform/switch_x86_unix.h -> build/lib.linux-x86_64-cpython-312/greenlet/platform
#13 435.3       copying src/greenlet/tests/_test_extension.c -> build/lib.linux-x86_64-cpython-312/greenlet/tests
#13 435.3       copying src/greenlet/tests/_test_extension_cpp.cpp -> build/lib.linux-x86_64-cpython-312/greenlet/tests
#13 435.3       running build_ext
#13 435.3       building 'greenlet._greenlet' extension
#13 435.3       creating build/temp.linux-x86_64-cpython-312
#13 435.3       creating build/temp.linux-x86_64-cpython-312/src
#13 435.3       creating build/temp.linux-x86_64-cpython-312/src/greenlet
#13 435.3       gcc -fno-strict-overflow -Wsign-compare -DNDEBUG -g -O3 -Wall -fPIC -I/usr/local/include/python3.12 -c src/greenlet/greenlet.cpp -o build/temp.linux-x86_64-cpython-312/src/greenlet/greenlet.o
#13 435.3       gcc: fatal error: cannot execute 'cc1plus': execvp: No such file or directory
#13 435.3       compilation terminated.
#13 435.3       error: command '/usr/bin/gcc' failed with exit code 1
#13 435.3       [end of output]
#13 435.3   
#13 435.3   note: This error originates from a subprocess, and is likely not a problem with pip.
#13 435.3   ERROR: Failed building wheel for greenlet
#13 435.3   Running setup.py clean for greenlet
#13 436.3   Building wheel for Pillow (setup.py): started
#13 498.7   Building wheel for Pillow (setup.py): still running...
#13 556.9   Building wheel for Pillow (setup.py): finished with status 'done'
#13 557.0   Created wheel for Pillow: filename=Pillow-9.4.0-cp312-cp312-linux_x86_64.whl size=1227812 sha256=ddc1038378ccb0055abbd2ddc4659b5e3c6223cd408db806fca2415a9e5e6dbb
#13 557.0   Stored in directory: /tmp/pip-ephem-wheel-cache-r_zau9wc/wheels/f3/bd/fa/c7606e3b0644710a556108233c428d43249d98e562ccf055b9
#13 557.0   Building wheel for peewee (pyproject.toml): started
#13 558.6   Building wheel for peewee (pyproject.toml): finished with status 'done'
#13 558.6   Created wheel for peewee: filename=peewee-3.17.6-py3-none-any.whl size=138890 sha256=8522c162c46a8d00e25b4547d6da51ea771aa4644866c4d67728cecb4f50c3f1
#13 558.6   Stored in directory: /tmp/pip-ephem-wheel-cache-r_zau9wc/wheels/a6/5e/0f/8319805c4115320e0d3e8fb5799b114a2e4c4a3d6c7e523b06
#13 558.6   Building wheel for progressbar (setup.py): started
#13 559.6   Building wheel for progressbar (setup.py): finished with status 'done'
#13 559.6   Created wheel for progressbar: filename=progressbar-2.5-py3-none-any.whl size=12065 sha256=53b8f74589ae8c1442509f5d94d611d97ac0b7ee1035945377cf560d9e4fac0c
#13 559.6   Stored in directory: /tmp/pip-ephem-wheel-cache-r_zau9wc/wheels/a5/4d/c7/f3cf0f75c746c219090060131fe00f1523cc2c5484991f4030
#13 559.6   Building wheel for typed-ast (setup.py): started
#13 624.9   Building wheel for typed-ast (setup.py): still running...
#13 626.5   Building wheel for typed-ast (setup.py): finished with status 'done'
#13 626.5   Created wheel for typed-ast: filename=typed_ast-1.5.5-cp312-cp312-linux_x86_64.whl size=829832 sha256=7127735e04afe70bd690b3356bb00f4c932997860982e87c91e14107e55429b6
#13 626.5   Stored in directory: /tmp/pip-ephem-wheel-cache-r_zau9wc/wheels/7d/85/f8/cb309265bf60f840369ca24241385ae985caab44af05272b6a
#13 626.5   Building wheel for zope.interface (setup.py): started
#13 631.3   Building wheel for zope.interface (setup.py): finished with status 'done'
#13 631.3   Created wheel for zope.interface: filename=zope.interface-6.4.post2-cp312-cp312-linux_x86_64.whl size=251738 sha256=4c052e8f8e94efd7ab9a56d752c1419268a2e8bc9be1402cca72553415460d72
#13 631.3   Stored in directory: /tmp/pip-ephem-wheel-cache-r_zau9wc/wheels/57/92/a1/98de5346be3ac7c88fcb6444f3c0fee4f2ca24b9da1aacece4
#13 631.3 Successfully built Pillow peewee progressbar typed-ast zope.interface
#13 631.3 Failed to build gevent greenlet
#13 631.9 ERROR: ERROR: Failed to build installable wheels for some pyproject.toml based projects (gevent, greenlet)
#13 ERROR: process "/bin/sh -c pip install --no-cache-dir -r requirements.txt || pip install --no-cache-dir -r requirements.txt" did not complete successfully: exit code: 1
------
 > [ 8/12] RUN pip install --no-cache-dir -r requirements.txt || pip install --no-cache-dir -r requirements.txt:
626.5   Building wheel for typed-ast (setup.py): finished with status 'done'
626.5   Created wheel for typed-ast: filename=typed_ast-1.5.5-cp312-cp312-linux_x86_64.whl size=829832 sha256=7127735e04afe70bd690b3356bb00f4c932997860982e87c91e14107e55429b6
626.5   Stored in directory: /tmp/pip-ephem-wheel-cache-r_zau9wc/wheels/7d/85/f8/cb309265bf60f840369ca24241385ae985caab44af05272b6a
626.5   Building wheel for zope.interface (setup.py): started
631.3   Building wheel for zope.interface (setup.py): finished with status 'done'
631.3   Created wheel for zope.interface: filename=zope.interface-6.4.post2-cp312-cp312-linux_x86_64.whl size=251738 sha256=4c052e8f8e94efd7ab9a56d752c1419268a2e8bc9be1402cca72553415460d72
631.3   Stored in directory: /tmp/pip-ephem-wheel-cache-r_zau9wc/wheels/57/92/a1/98de5346be3ac7c88fcb6444f3c0fee4f2ca24b9da1aacece4
631.3 Successfully built Pillow peewee progressbar typed-ast zope.interface
631.3 Failed to build gevent greenlet
631.9 ERROR: ERROR: Failed to build installable wheels for some pyproject.toml based projects (gevent, greenlet)
------
v3_Dockerfile:13
--------------------
  11 |     RUN apk add --no-cache --virtual cython
  12 |     RUN pip install --upgrade pip
  13 | >>> RUN pip install --no-cache-dir -r requirements.txt || pip install --no-cache-dir -r requirements.txt
  14 |     RUN apk add --no-cache --virtual unrar xz
  15 |     RUN apk del .build-deps gcc musl-dev
--------------------
ERROR: failed to solve: process "/bin/sh -c pip install --no-cache-dir -r requirements.txt || pip install --no-cache-dir -r requirements.txt" did not complete successfully: exit code: 1
Duration: 11:27.48