
Below is the flaky Dockerfile:

# Dockerfile
```FROM python:alpine
MAINTAINER Kyubi Systems 2020

LABEL version="1.0.7" maintainer="Kyubi Systems <admin@kyubi.co.uk>"

WORKDIR /usr/src/app

COPY requirements.txt ./
RUN apk add --no-cache --virtual .build-deps gcc musl-dev
RUN apk add --no-cache --virtual freetype-dev jpeg-dev libpng-dev
RUN apk add --no-cache --virtual cython
RUN pip install --upgrade pip
RUN pip install --no-cache-dir -r requirements.txt
RUN apk add --no-cache --virtual unrar xz
RUN apk del .build-deps gcc musl-dev

COPY . .

RUN touch .docker

EXPOSE 5000

CMD [ "./start.sh" ]

```

And below is the build error that occurred when trying to build the Dockerfile:
# Build Error
```> [ 8/12] RUN pip install --no-cache-dir -r requirements.txt:
326.8   Building wheel for typed-ast (setup.py): finished with status 'done'
326.8   Created wheel for typed-ast: filename=typed_ast-1.5.5-cp312-cp312-linux_x86_64.whl size=829838 sha256=6818e024280c765b89f3bbc0e61abd8a01bdd97a76d95ac1a638c86c5b7e4c6a
326.8   Stored in directory: /tmp/pip-ephem-wheel-cache-0tqsfvdm/wheels/7d/85/f8/cb309265bf60f840369ca24241385ae985caab44af05272b6a
326.8   Building wheel for zope.interface (setup.py): started
331.1   Building wheel for zope.interface (setup.py): finished with status 'done'
331.1   Created wheel for zope.interface: filename=zope.interface-6.4.post2-cp312-cp312-linux_x86_64.whl size=251738 sha256=1a95ac89f9b821c0eab9ac9aa9a11208d14883514f3c81e229cd8706c00529cf
331.1   Stored in directory: /tmp/pip-ephem-wheel-cache-0tqsfvdm/wheels/57/92/a1/98de5346be3ac7c88fcb6444f3c0fee4f2ca24b9da1aacece4
331.1 Successfully built Pillow peewee progressbar typed-ast zope.interface
331.1 Failed to build gevent greenlet
331.5 ERROR: ERROR: Failed to build installable wheels for some pyproject.toml based projects (gevent, greenlet)
ERROR: process "/bin/sh -c pip install --no-cache-dir -r requirements.txt" did not complete successfully: exit code: 1```

Below are a few examples of dockerfiles and their build errors alongside their repairs. These examples are provided to help you understand the task better.

# Example 1
## Example Dockerfile
```FROM docker.io/python:3.10-alpine
ENV PYTHONUNBUFFERED 1

RUN apk add --no-cache --upgrade \
        ca-certificates \
        nodejs \
        build-base \
        libffi-dev \
        openssl-dev \
        unzip && \
    rm -rf /var/cache/apk/*

WORKDIR /wheels

COPY . /flexget

RUN pip install -U pip && \
    pip wheel -e /flexget && \
    pip wheel 'transmission-rpc>=3.0.0,<4.0.0' && \
    pip wheel deluge-client && \
    pip wheel cloudscraper

WORKDIR /flexget-ui-v2
RUN wget https://github.com/Flexget/webui/releases/latest/download/dist.zip && \
    unzip dist.zip && \
    rm dist.zip

FROM docker.io/python:3.10-alpine
ENV PYTHONUNBUFFERED 1

RUN apk add --no-cache --upgrade \
        ca-certificates \
        nodejs \
        tzdata && \
    rm -rf /var/cache/apk/*

COPY --from=0 /wheels /wheels

RUN pip install -U pip && \
    pip install --no-cache-dir \
                --no-index \
                -f /wheels \
                FlexGet \
                'transmission-rpc>=3.0.0,<4.0.0' \
                deluge-client \
                cloudscraper && \
    rm -rf /wheels

COPY --from=0 /flexget-ui-v2 /usr/local/lib/python3.10/site-packages/flexget/ui/v2/

VOLUME /config
WORKDIR /config

ENTRYPOINT ["flexget"]

```

## Example Build Error
```> [stage-0 5/7] RUN pip install -U pip &&     pip wheel -e /flexget &&     pip wheel 'transmission-rpc>=3.0.0,<4.0.0' &&     pip wheel deluge-client &&     pip wheel cloudscraper:
  Getting requirements to build wheel: finished with status 'error'
  error: subprocess-exited-with-error
  
  × Getting requirements to build wheel did not run successfully.
  │ exit code: 1
  ╰─> [48 lines of output]
      running egg_info
      writing lib/PyYAML.egg-info/PKG-INFO
      writing dependency_links to lib/PyYAML.egg-info/dependency_links.txt
      writing top-level names to lib/PyYAML.egg-info/top_level.txt
      Traceback (most recent call last):
        File "/usr/local/lib/python3.10/site-packages/pip/_vendor/pyproject_hooks/_in_process/_in_process.py", line 353, in <module>
          main()
        File "/usr/local/lib/python3.10/site-packages/pip/_vendor/pyproject_hooks/_in_process/_in_process.py", line 335, in main
          json_out['return_val'] = hook(**hook_input['kwargs'])
        File "/usr/local/lib/python3.10/site-packages/pip/_vendor/pyproject_hooks/_in_process/_in_process.py", line 118, in get_requires_for_build_wheel
          return hook(config_settings)
        File "/tmp/pip-build-env-fjpwffhu/overlay/lib/python3.10/site-packages/setuptools/build_meta.py", line 341, in get_requires_for_build_wheel
          return self._get_build_requires(config_settings, requirements=['wheel'])
        File "/tmp/pip-build-env-fjpwffhu/overlay/lib/python3.10/site-packages/setuptools/build_meta.py", line 323, in _get_build_requires
          self.run_setup()
        File "/tmp/pip-build-env-fjpwffhu/overlay/lib/python3.10/site-packages/setuptools/build_meta.py", line 338, in run_setup
          exec(code, locals())
        File "<string>", line 288, in <module>
        File "/tmp/pip-build-env-fjpwffhu/overlay/lib/python3.10/site-packages/setuptools/__init__.py", line 107, in setup
          return distutils.core.setup(**attrs)
        File "/tmp/pip-build-env-fjpwffhu/overlay/lib/python3.10/site-packages/setuptools/_distutils/core.py", line 185, in setup
          return run_commands(dist)
        File "/tmp/pip-build-env-fjpwffhu/overlay/lib/python3.10/site-packages/setuptools/_distutils/core.py", line 201, in run_commands
          dist.run_commands()
        File "/tmp/pip-build-env-fjpwffhu/overlay/lib/python3.10/site-packages/setuptools/_distutils/dist.py", line 969, in run_commands
          self.run_command(cmd)
        File "/tmp/pip-build-env-fjpwffhu/overlay/lib/python3.10/site-packages/setuptools/dist.py", line 1234, in run_command
          super().run_command(command)
        File "/tmp/pip-build-env-fjpwffhu/overlay/lib/python3.10/site-packages/setuptools/_distutils/dist.py", line 988, in run_command
          cmd_obj.run()
        File "/tmp/pip-build-env-fjpwffhu/overlay/lib/python3.10/site-packages/setuptools/command/egg_info.py", line 314, in run
          self.find_sources()
        File "/tmp/pip-build-env-fjpwffhu/overlay/lib/python3.10/site-packages/setuptools/command/egg_info.py", line 322, in find_sources
          mm.run()
        File "/tmp/pip-build-env-fjpwffhu/overlay/lib/python3.10/site-packages/setuptools/command/egg_info.py", line 551, in run
          self.add_defaults()
        File "/tmp/pip-build-env-fjpwffhu/overlay/lib/python3.10/site-packages/setuptools/command/egg_info.py", line 589, in add_defaults
          sdist.add_defaults(self)
        File "/tmp/pip-build-env-fjpwffhu/overlay/lib/python3.10/site-packages/setuptools/command/sdist.py", line 104, in add_defaults
          super().add_defaults()
        File "/tmp/pip-build-env-fjpwffhu/overlay/lib/python3.10/site-packages/setuptools/_distutils/command/sdist.py", line 251, in add_defaults
          self._add_defaults_ext()
        File "/tmp/pip-build-env-fjpwffhu/overlay/lib/python3.10/site-packages/setuptools/_distutils/command/sdist.py", line 336, in _add_defaults_ext
          self.filelist.extend(build_ext.get_source_files())
        File "<string>", line 204, in get_source_files
        File "/tmp/pip-build-env-fjpwffhu/overlay/lib/python3.10/site-packages/setuptools/_distutils/cmd.py", line 107, in __getattr__
          raise AttributeError(attr)
      AttributeError: cython_sources
      [end of output]
  
  note: This error originates from a subprocess, and is likely not a problem with pip.
error: subprocess-exited-with-error
× Getting requirements to build wheel did not run successfully.
│ exit code: 1
╰─> See above for output.
note: This error originates from a subprocess, and is likely not a problem with pip.
ERROR: process "/bin/sh -c pip install -U pip &&     pip wheel -e /flexget &&     pip wheel 'transmission-rpc>=3.0.0,<4.0.0' &&     pip wheel deluge-client &&     pip wheel cloudscraper" did not complete successfully: exit code: 1```

## Example Repair

### Repair 1
```FROM docker.io/python:3.10-alpine
ENV PYTHONUNBUFFERED 1

RUN apk add --no-cache --upgrade \
        ca-certificates \
        nodejs \
        build-base \
        libffi-dev \
        openssl-dev \
        unzip && \
    rm -rf /var/cache/apk/*

WORKDIR /wheels

COPY . /flexget

RUN echo "cython<3" > /tmp/constraint.txt

RUN pip install -U pip && \
    PIP_CONSTRAINT=/tmp/constraint.txt pip wheel -e /flexget && \
    pip wheel 'transmission-rpc>=3.0.0,<4.0.0' && \
    pip wheel deluge-client && \
    pip wheel cloudscraper

WORKDIR /flexget-ui-v2
RUN wget https://github.com/Flexget/webui/releases/latest/download/dist.zip && \
    unzip dist.zip && \
    rm dist.zip

FROM docker.io/python:3.10-alpine
ENV PYTHONUNBUFFERED 1

RUN apk add --no-cache --upgrade \
        ca-certificates \
        nodejs \
        tzdata && \
    rm -rf /var/cache/apk/*

COPY --from=0 /wheels /wheels

RUN pip install -U pip && \
    pip install --no-cache-dir \
                --no-index \
                -f /wheels \
                FlexGet \
                'transmission-rpc>=3.0.0,<4.0.0' \
                deluge-client \
                cloudscraper && \
    rm -rf /wheels

COPY --from=0 /flexget-ui-v2 /usr/local/lib/python3.10/site-packages/flexget/ui/v2/

VOLUME /config
WORKDIR /config

ENTRYPOINT ["flexget"]

```


# Example 2
## Example Dockerfile
```# By default - docker build will pull master
# If you want the local WS to be used - please use
# "--build-arg ." to the docker build command - like:
#
# 'docker build -t mypyaci:latest --build-arg PYACI_SOURCE=. .
# You can only specify '.' as PYACI_SOURCE
#

FROM python:2.7-alpine
ARG PYACI_SOURCE=https://github.com/datacenter/pyaci/archive/master.zip

RUN apk add --update build-base
RUN apk add --update libffi-dev libxml2-dev libxslt-dev openssl openssl-dev

WORKDIR /localws

#hadolint ignore=DL3013
RUN pip install -U pip
COPY . $WORKDIR
#hadolint ignore=DL3013
RUN pip install $PYACI_SOURCE

COPY meta/aci-meta.limited.json /root/.aci-meta/aci-meta.limited.json
RUN cd /root/.aci-meta && ln -s aci-meta.limited.json aci-meta.json

```

## Example Build Error
```> [7/9] RUN pip install https://github.com/datacenter/pyaci/archive/master.zip:
  Getting requirements to build wheel: finished with status 'error'
  ERROR: Command errored out with exit status 1:
   command: /usr/local/bin/python /usr/local/lib/python2.7/site-packages/pip/_vendor/pep517/_in_process.py get_requires_for_build_wheel /tmp/tmpu656p8
       cwd: /tmp/pip-install-_TYrH8/pyyaml
  Complete output (46 lines):
  running egg_info
  creating lib/PyYAML.egg-info
  writing lib/PyYAML.egg-info/PKG-INFO
  writing top-level names to lib/PyYAML.egg-info/top_level.txt
  writing dependency_links to lib/PyYAML.egg-info/dependency_links.txt
  writing manifest file 'lib/PyYAML.egg-info/SOURCES.txt'
  Traceback (most recent call last):
    File "/usr/local/lib/python2.7/site-packages/pip/_vendor/pep517/_in_process.py", line 280, in <module>
      main()
    File "/usr/local/lib/python2.7/site-packages/pip/_vendor/pep517/_in_process.py", line 263, in main
      json_out['return_val'] = hook(**hook_input['kwargs'])
    File "/usr/local/lib/python2.7/site-packages/pip/_vendor/pep517/_in_process.py", line 114, in get_requires_for_build_wheel
      return hook(config_settings)
    File "/tmp/pip-build-env-NNhJPX/overlay/lib/python2.7/site-packages/setuptools/build_meta.py", line 146, in get_requires_for_build_wheel
      return self._get_build_requires(config_settings, requirements=['wheel'])
    File "/tmp/pip-build-env-NNhJPX/overlay/lib/python2.7/site-packages/setuptools/build_meta.py", line 127, in _get_build_requires
      self.run_setup()
    File "/tmp/pip-build-env-NNhJPX/overlay/lib/python2.7/site-packages/setuptools/build_meta.py", line 142, in run_setup
      exec(compile(code, __file__, 'exec'), locals())
    File "setup.py", line 295, in <module>
      python_requires='>=2.7, !=3.0.*, !=3.1.*, !=3.2.*, !=3.3.*, !=3.4.*, !=3.5.*',
    File "/tmp/pip-build-env-NNhJPX/overlay/lib/python2.7/site-packages/setuptools/__init__.py", line 162, in setup
      return distutils.core.setup(**attrs)
    File "/usr/local/lib/python2.7/distutils/core.py", line 151, in setup
      dist.run_commands()
    File "/usr/local/lib/python2.7/distutils/dist.py", line 953, in run_commands
      self.run_command(cmd)
    File "/usr/local/lib/python2.7/distutils/dist.py", line 972, in run_command
      cmd_obj.run()
    File "/tmp/pip-build-env-NNhJPX/overlay/lib/python2.7/site-packages/setuptools/command/egg_info.py", line 296, in run
      self.find_sources()
    File "/tmp/pip-build-env-NNhJPX/overlay/lib/python2.7/site-packages/setuptools/command/egg_info.py", line 303, in find_sources
      mm.run()
    File "/tmp/pip-build-env-NNhJPX/overlay/lib/python2.7/site-packages/setuptools/command/egg_info.py", line 534, in run
      self.add_defaults()
    File "/tmp/pip-build-env-NNhJPX/overlay/lib/python2.7/site-packages/setuptools/command/egg_info.py", line 570, in add_defaults
      sdist.add_defaults(self)
    File "/tmp/pip-build-env-NNhJPX/overlay/lib/python2.7/site-packages/setuptools/command/py36compat.py", line 36, in add_defaults
      self._add_defaults_ext()
    File "/tmp/pip-build-env-NNhJPX/overlay/lib/python2.7/site-packages/setuptools/command/py36compat.py", line 120, in _add_defaults_ext
      self.filelist.extend(build_ext.get_source_files())
    File "setup.py", line 201, in get_source_files
      self.cython_sources(ext.sources, ext)
    File "/usr/local/lib/python2.7/distutils/cmd.py", line 105, in __getattr__
      raise AttributeError, attr
  AttributeError: cython_sources
  ----------------------------------------
ERROR: Command errored out with exit status 1: /usr/local/bin/python /usr/local/lib/python2.7/site-packages/pip/_vendor/pep517/_in_process.py get_requires_for_build_wheel /tmp/tmpu656p8 Check the logs for full command output.
ERROR: process "/bin/sh -c pip install $PYACI_SOURCE" did not complete successfully: exit code: 1```

## Example Repair

### Repair 1
```FROM python:3.12-alpine
ARG PYACI_SOURCE=https://github.com/datacenter/pyaci/archive/master.zip

RUN apk add --update build-base
RUN apk add --update libffi-dev libxml2-dev libxslt-dev openssl openssl-dev

WORKDIR /localws

#hadolint ignore=DL3013
RUN pip install -U pip
COPY . $WORKDIR
#hadolint ignore=DL3013
RUN pip install $PYACI_SOURCE

COPY meta/aci-meta.limited.json /root/.aci-meta/aci-meta.limited.json
RUN cd /root/.aci-meta && ln -s aci-meta.limited.json aci-meta.json

```


# Example 3
## Example Dockerfile
```FROM node:10-alpine

LABEL maintainer="Odd Networks <info@oddnetworks.com>"

RUN \
	mkdir -p /opt/app && \
	chmod -R 777 /opt/app && \
	apk update && \
	apk --no-cache --update add \
	bash make g++ python py-pip jq && \
	pip install awscli && \
	npm i -g npm

ENV PS1='$NODE_ENV-${debian_chroot:+($debian_chroot)}\u@\h:\w\$ ' \
	PROJECT_DIR=/opt/app \
	PATH=/opt/app/node_modules/.bin:$PATH

WORKDIR $PROJECT_DIR

EXPOSE 3001

CMD /bin/bash

```

## Example Build Error
```> [2/3] RUN 	mkdir -p /opt/app && 	chmod -R 777 /opt/app && 	apk update && 	apk --no-cache --update add 	bash make g++ python py-pip jq && 	pip install awscli && 	npm i -g npm:
    Complete output from command python setup.py egg_info:
    running egg_info
    creating pip-egg-info/PyYAML.egg-info
    writing pip-egg-info/PyYAML.egg-info/PKG-INFO
    writing top-level names to pip-egg-info/PyYAML.egg-info/top_level.txt
    writing dependency_links to pip-egg-info/PyYAML.egg-info/dependency_links.txt
    writing manifest file 'pip-egg-info/PyYAML.egg-info/SOURCES.txt'
    Traceback (most recent call last):
      File "<string>", line 1, in <module>
      File "/tmp/pip-install-qaJuZR/PyYAML/setup.py", line 295, in <module>
        python_requires='>=2.7, !=3.0.*, !=3.1.*, !=3.2.*, !=3.3.*, !=3.4.*, !=3.5.*',
      File "/tmp/pip-build-env-dupA9N/lib/python2.7/site-packages/setuptools/__init__.py", line 162, in setup
        return distutils.core.setup(**attrs)
      File "/usr/lib/python2.7/distutils/core.py", line 151, in setup
        dist.run_commands()
      File "/usr/lib/python2.7/distutils/dist.py", line 953, in run_commands
        self.run_command(cmd)
      File "/usr/lib/python2.7/distutils/dist.py", line 972, in run_command
        cmd_obj.run()
      File "/tmp/pip-build-env-dupA9N/lib/python2.7/site-packages/setuptools/command/egg_info.py", line 296, in run
        self.find_sources()
      File "/tmp/pip-build-env-dupA9N/lib/python2.7/site-packages/setuptools/command/egg_info.py", line 303, in find_sources
        mm.run()
      File "/tmp/pip-build-env-dupA9N/lib/python2.7/site-packages/setuptools/command/egg_info.py", line 534, in run
        self.add_defaults()
      File "/tmp/pip-build-env-dupA9N/lib/python2.7/site-packages/setuptools/command/egg_info.py", line 570, in add_defaults
        sdist.add_defaults(self)
      File "/tmp/pip-build-env-dupA9N/lib/python2.7/site-packages/setuptools/command/py36compat.py", line 36, in add_defaults
        self._add_defaults_ext()
      File "/tmp/pip-build-env-dupA9N/lib/python2.7/site-packages/setuptools/command/py36compat.py", line 120, in _add_defaults_ext
        self.filelist.extend(build_ext.get_source_files())
      File "/tmp/pip-install-qaJuZR/PyYAML/setup.py", line 201, in get_source_files
        self.cython_sources(ext.sources, ext)
      File "/usr/lib/python2.7/distutils/cmd.py", line 105, in __getattr__
        raise AttributeError, attr
    AttributeError: cython_sources
    
    ----------------------------------------
Command "python setup.py egg_info" failed with error code 1 in /tmp/pip-install-qaJuZR/PyYAML/
ERROR: process "/bin/sh -c mkdir -p /opt/app && \tchmod -R 777 /opt/app && \tapk update && \tapk --no-cache --update add \tbash make g++ python py-pip jq && \tpip install awscli && \tnpm i -g npm" did not complete successfully: exit code: 1```

## Example Repair

### Repair 1
```FROM node:10-alpine

LABEL maintainer="Odd Networks <info@oddnetworks.com>"

RUN \
	mkdir -p /opt/app && \
	chmod -R 777 /opt/app && \
	apk update && \
	apk --no-cache --update add \
	bash make g++ python3 py3-pip jq && \
	pip3 install awscli && \
	npm i -g npm

ENV PS1='$NODE_ENV-${debian_chroot:+($debian_chroot)}\u@\h:\w\$ ' \
	PROJECT_DIR=/opt/app \
	PATH=/opt/app/node_modules/.bin:$PATH

WORKDIR $PROJECT_DIR

EXPOSE 3001

CMD /bin/bash
```

Below are a few false repairs that an LLM previously made by mistake for the input flaky Dockerfile along with their build outputs as further demonstrations. These examples are provided to help you understand the task better and to avoid making the same mistakes. So, do not generate the exact false repair generated previously, but you can get ideas from them.

# False Repair 1
## False Repair Dockerfile
```FROM python:alpine
MAINTAINER Kyubi Systems 2020

LABEL version="1.0.7" maintainer="Kyubi Systems <admin@kyubi.co.uk>"

WORKDIR /usr/src/app

COPY requirements.txt ./
RUN apk add --no-cache --virtual .build-deps gcc musl-dev
RUN apk add --no-cache --virtual freetype-dev jpeg-dev libpng-dev
RUN apk add --no-cache --virtual cython
RUN pip install --upgrade pip
RUN pip install --no-cache-dir -r requirements.txt
RUN apk add --no-cache --virtual unrar xz
RUN apk del .build-deps gcc musl-dev

COPY . .

RUN touch .docker

EXPOSE 5000

CMD [ "./start.sh" ]```

## False Repair Build Output
```> [ 8/12] RUN pip install --no-cache-dir -r requirements.txt:
319.6   Building wheel for typed-ast (setup.py): finished with status 'done'
319.6   Created wheel for typed-ast: filename=typed_ast-1.5.5-cp312-cp312-linux_x86_64.whl size=829831 sha256=9f0d2917cc8c5f97fa0fb67b03c3d507a129aaf54b332dc488c4f4fb617dba43
319.6   Stored in directory: /tmp/pip-ephem-wheel-cache-blyo5dpo/wheels/7d/85/f8/cb309265bf60f840369ca24241385ae985caab44af05272b6a
319.6   Building wheel for zope.interface (setup.py): started
323.9   Building wheel for zope.interface (setup.py): finished with status 'done'
323.9   Created wheel for zope.interface: filename=zope.interface-6.4.post2-cp312-cp312-linux_x86_64.whl size=251740 sha256=ac205991d8bdf1f99bb3b4ebeb1852c9eff22596af1ec503728b945d5a78a0e8
323.9   Stored in directory: /tmp/pip-ephem-wheel-cache-blyo5dpo/wheels/57/92/a1/98de5346be3ac7c88fcb6444f3c0fee4f2ca24b9da1aacece4
323.9 Successfully built Pillow peewee progressbar typed-ast zope.interface
323.9 Failed to build gevent greenlet
324.5 ERROR: ERROR: Failed to build installable wheels for some pyproject.toml based projects (gevent, greenlet)
ERROR: process "/bin/sh -c pip install --no-cache-dir -r requirements.txt" did not complete successfully: exit code: 1```


# False Repair 2
## False Repair Dockerfile
```FROM python:alpine
MAINTAINER Kyubi Systems 2020

LABEL version="1.0.7" maintainer="Kyubi Systems <admin@kyubi.co.uk>"

WORKDIR /usr/src/app

COPY requirements.txt ./
RUN apk add --no-cache --virtual .build-deps gcc musl-dev
RUN apk add --no-cache --virtual freetype-dev jpeg-dev libpng-dev
RUN apk add --no-cache --virtual cython
RUN pip install --upgrade pip
RUN pip install --no-cache-dir -r requirements.txt || pip install --no-cache-dir -r requirements.txt
RUN apk add --no-cache --virtual unrar xz
RUN apk del .build-deps gcc musl-dev

COPY . .

RUN touch .docker

EXPOSE 5000

CMD [ "./start.sh" ]```

## False Repair Build Output
```> [ 8/12] RUN pip install --no-cache-dir -r requirements.txt || pip install --no-cache-dir -r requirements.txt:
641.3   Building wheel for typed-ast (setup.py): finished with status 'done'
641.3   Created wheel for typed-ast: filename=typed_ast-1.5.5-cp312-cp312-linux_x86_64.whl size=829833 sha256=c81de8096f6bfbcffae71a5f33ee2f5912c722191dc6989019a7ac0634c1338c
641.3   Stored in directory: /tmp/pip-ephem-wheel-cache-i_damjcs/wheels/7d/85/f8/cb309265bf60f840369ca24241385ae985caab44af05272b6a
641.4   Building wheel for zope.interface (setup.py): started
645.9   Building wheel for zope.interface (setup.py): finished with status 'done'
645.9   Created wheel for zope.interface: filename=zope.interface-6.4.post2-cp312-cp312-linux_x86_64.whl size=251742 sha256=edd63910e7d19f3b29ffa8aab8bbdcb240654a7d3982504c92cb93db516d14f5
645.9   Stored in directory: /tmp/pip-ephem-wheel-cache-i_damjcs/wheels/57/92/a1/98de5346be3ac7c88fcb6444f3c0fee4f2ca24b9da1aacece4
645.9 Successfully built Pillow peewee progressbar typed-ast zope.interface
645.9 Failed to build gevent greenlet
646.4 ERROR: ERROR: Failed to build installable wheels for some pyproject.toml based projects (gevent, greenlet)
ERROR: process "/bin/sh -c pip install --no-cache-dir -r requirements.txt || pip install --no-cache-dir -r requirements.txt" did not complete successfully: exit code: 1```

Your task is to repair the Dockerfile based on the Dockerfile and its build error provided alongside the examples provided for you for as demonstrations. To solve the problem, and based on the information provided, first, you should diagnose which part is causing the flakiness and why. Then, according to the characteristics of that flakiness, repair the Dockerfile. the output Dockerfile must be within five angle brackets:
    <<<<<
    Dockerfile content 
    >>>>>
