#0 building with "default" instance using docker driver

#1 [internal] load .dockerignore
#1 transferring context:
#1 transferring context: 2B done
#1 DONE 0.3s

#2 [internal] load build definition from Dockerfile
#2 transferring dockerfile: 1.09kB done
#2 DONE 0.4s

#3 [internal] load metadata for docker.io/library/golang:alpine
#3 ...

#4 [auth] library/golang:pull token for registry-1.docker.io
#4 DONE 0.0s

#5 [auth] library/alpine:pull token for registry-1.docker.io
#5 DONE 0.0s

#6 [internal] load metadata for docker.io/library/alpine:latest
#6 DONE 1.7s

#3 [internal] load metadata for docker.io/library/golang:alpine
#3 DONE 1.9s

#7 [internal] load build context
#7 DONE 0.0s

#8 [build-env 1/6] FROM docker.io/library/golang:alpine@sha256:0d3653dd6f35159ec6e3d10263a42372f6f194c3dea0b35235d72aabde86486e
#8 resolve docker.io/library/golang:alpine@sha256:0d3653dd6f35159ec6e3d10263a42372f6f194c3dea0b35235d72aabde86486e
#8 resolve docker.io/library/golang:alpine@sha256:0d3653dd6f35159ec6e3d10263a42372f6f194c3dea0b35235d72aabde86486e 0.4s done
#8 sha256:0d3653dd6f35159ec6e3d10263a42372f6f194c3dea0b35235d72aabde86486e 10.29kB / 10.29kB done
#8 sha256:6b6f39cf7399e3042f040ee7c66402aaa7801be5fe07c1bb298a10e5f45cea2b 1.92kB / 1.92kB done
#8 sha256:0f132aac134a24dc4a7c5fb004654a3118de7d28e71e2b46629abd85fd6a56a1 2.07kB / 2.07kB done
#8 sha256:d1a3c6a2fc325ddd7b489e14e23a849659b705bad1f9a25f92c709c493bd8520 0B / 290.88kB 0.1s
#8 sha256:c6a83fedfae6ed8a4f5f7cbb6a7b6f1c1ec3d86fea8cb9e5ba2e5e6673fde9f6 0B / 3.62MB 0.1s
#8 sha256:d1a3c6a2fc325ddd7b489e14e23a849659b705bad1f9a25f92c709c493bd8520 290.88kB / 290.88kB 0.2s done
#8 sha256:c6a83fedfae6ed8a4f5f7cbb6a7b6f1c1ec3d86fea8cb9e5ba2e5e6673fde9f6 2.10MB / 3.62MB 0.2s
#8 sha256:32a2f51ff3dde07bfa1ce35b5597b2d97295e64a461d98e696feda7b25a6dc5f 0B / 69.35MB 0.2s
#8 sha256:c6a83fedfae6ed8a4f5f7cbb6a7b6f1c1ec3d86fea8cb9e5ba2e5e6673fde9f6 3.62MB / 3.62MB 0.3s
#8 sha256:32a2f51ff3dde07bfa1ce35b5597b2d97295e64a461d98e696feda7b25a6dc5f 5.24MB / 69.35MB 0.3s
#8 sha256:ce758d8279c9c9b9ef1179dc238ebf3c0158d63c21c8129e20dc54f901ed8614 0B / 126B 0.3s
#8 sha256:c6a83fedfae6ed8a4f5f7cbb6a7b6f1c1ec3d86fea8cb9e5ba2e5e6673fde9f6 3.62MB / 3.62MB 0.4s done
#8 sha256:32a2f51ff3dde07bfa1ce35b5597b2d97295e64a461d98e696feda7b25a6dc5f 14.68MB / 69.35MB 0.4s
#8 sha256:ce758d8279c9c9b9ef1179dc238ebf3c0158d63c21c8129e20dc54f901ed8614 126B / 126B 0.4s
#8 extracting sha256:c6a83fedfae6ed8a4f5f7cbb6a7b6f1c1ec3d86fea8cb9e5ba2e5e6673fde9f6
#8 sha256:4f4fb700ef54461cfa02571ae0db9a0dc1e0cdb5577484a6d75e68dc38e8acc1 0B / 32B 0.4s
#8 ...

#7 [internal] load build context
#7 transferring context: 42.98MB 0.5s done
#7 DONE 0.7s

#8 [build-env 1/6] FROM docker.io/library/golang:alpine@sha256:0d3653dd6f35159ec6e3d10263a42372f6f194c3dea0b35235d72aabde86486e
#8 sha256:32a2f51ff3dde07bfa1ce35b5597b2d97295e64a461d98e696feda7b25a6dc5f 23.07MB / 69.35MB 0.5s
#8 sha256:ce758d8279c9c9b9ef1179dc238ebf3c0158d63c21c8129e20dc54f901ed8614 126B / 126B 0.5s done
#8 sha256:4f4fb700ef54461cfa02571ae0db9a0dc1e0cdb5577484a6d75e68dc38e8acc1 32B / 32B 0.5s
#8 sha256:32a2f51ff3dde07bfa1ce35b5597b2d97295e64a461d98e696feda7b25a6dc5f 45.09MB / 69.35MB 0.7s
#8 extracting sha256:c6a83fedfae6ed8a4f5f7cbb6a7b6f1c1ec3d86fea8cb9e5ba2e5e6673fde9f6 0.3s done
#8 sha256:4f4fb700ef54461cfa02571ae0db9a0dc1e0cdb5577484a6d75e68dc38e8acc1 32B / 32B 0.6s done
#8 sha256:32a2f51ff3dde07bfa1ce35b5597b2d97295e64a461d98e696feda7b25a6dc5f 55.57MB / 69.35MB 0.8s
#8 extracting sha256:d1a3c6a2fc325ddd7b489e14e23a849659b705bad1f9a25f92c709c493bd8520 0.1s done
#8 sha256:32a2f51ff3dde07bfa1ce35b5597b2d97295e64a461d98e696feda7b25a6dc5f 69.35MB / 69.35MB 1.0s
#8 ...

#9 [stage-1 1/6] FROM docker.io/library/alpine@sha256:0a4eaa0eecf5f8c050e5bba433f58c052be7587ee8af3e8b3910ef9ab5fbe9f5
#9 resolve docker.io/library/alpine@sha256:0a4eaa0eecf5f8c050e5bba433f58c052be7587ee8af3e8b3910ef9ab5fbe9f5 0.4s done
#9 sha256:0a4eaa0eecf5f8c050e5bba433f58c052be7587ee8af3e8b3910ef9ab5fbe9f5 1.85kB / 1.85kB done
#9 sha256:eddacbc7e24bf8799a4ed3cdcfa50d4b88a323695ad80f317b6629883b2c2a78 528B / 528B done
#9 sha256:324bc02ae1231fd9255658c128086395d3fa0aedd5a41ab6b034fd649d1a9260 1.47kB / 1.47kB done
#9 sha256:c6a83fedfae6ed8a4f5f7cbb6a7b6f1c1ec3d86fea8cb9e5ba2e5e6673fde9f6 3.62MB / 3.62MB 0.3s done
#9 DONE 2.8s

#10 [stage-1 2/6] RUN echo 'http://dl-cdn.alpinelinux.org/alpine/v3.9/main' >> /etc/apk/repositories
#10 DONE 2.4s

#11 [stage-1 3/6] RUN apk --update add --no-cache nmap     nmap-nselibs     nmap-scripts     curl-dev==7.64.0-r5
#11 0.620 fetch https://dl-cdn.alpinelinux.org/alpine/v3.20/main/x86_64/APKINDEX.tar.gz
#11 0.869 fetch https://dl-cdn.alpinelinux.org/alpine/v3.20/community/x86_64/APKINDEX.tar.gz
#11 1.198 fetch http://dl-cdn.alpinelinux.org/alpine/v3.9/main/x86_64/APKINDEX.tar.gz
#11 1.799 (1/19) Installing pkgconf (2.2.0-r0)
#11 1.805 (2/19) Installing openssl-dev (3.3.1-r3)
#11 1.846 (3/19) Installing libssh2 (1.11.0-r2)
#11 1.859 (4/19) Installing zlib-dev (1.3.1-r1)
#11 1.864 (5/19) Installing libssh2-dev (1.11.0-r2)
#11 1.895 (6/19) Installing nghttp2-libs (1.62.1-r0)
#11 1.938 (7/19) Installing nghttp2-dev (1.62.1-r0)
#11 1.970 (8/19) Installing ca-certificates (20240705-r0)
#11 1.996 (9/19) Installing libcrypto1.1 (1.1.1k-r0)
#11 2.279 (10/19) Installing libssl1.1 (1.1.1k-r0)
#11 2.503 (11/19) Installing libcurl (7.64.0-r5)
#11 2.720 (12/19) Installing curl-dev (7.64.0-r5)
#11 2.961 (13/19) Installing libgcc (13.2.1_git20240309-r0)
#11 2.965 (14/19) Installing lua5.4-libs (5.4.6-r1)
#11 2.973 (15/19) Installing libpcap (1.10.4-r1)
#11 2.983 (16/19) Installing libstdc++ (13.2.1_git20240309-r0)
#11 3.011 (17/19) Installing nmap (7.95-r0)
#11 3.258 (18/19) Installing nmap-nselibs (7.95-r0)
#11 4.387 (19/19) Installing nmap-scripts (7.95-r0)
#11 5.083 Executing busybox-1.36.1-r29.trigger
#11 5.089 Executing ca-certificates-20240705-r0.trigger
#11 5.133 OK: 45 MiB in 33 packages
#11 ...

#8 [build-env 1/6] FROM docker.io/library/golang:alpine@sha256:0d3653dd6f35159ec6e3d10263a42372f6f194c3dea0b35235d72aabde86486e
#8 extracting sha256:32a2f51ff3dde07bfa1ce35b5597b2d97295e64a461d98e696feda7b25a6dc5f 6.1s done
#8 extracting sha256:ce758d8279c9c9b9ef1179dc238ebf3c0158d63c21c8129e20dc54f901ed8614 done
#8 extracting sha256:4f4fb700ef54461cfa02571ae0db9a0dc1e0cdb5577484a6d75e68dc38e8acc1 done
#8 ...

#11 [stage-1 3/6] RUN apk --update add --no-cache nmap     nmap-nselibs     nmap-scripts     curl-dev==7.64.0-r5
#11 DONE 13.4s

#12 [stage-1 4/6] WORKDIR /app/cameradar
#12 DONE 1.5s

#8 [build-env 1/6] FROM docker.io/library/golang:alpine@sha256:0d3653dd6f35159ec6e3d10263a42372f6f194c3dea0b35235d72aabde86486e
#8 DONE 21.0s

#13 [build-env 2/6] COPY . /go/src/github.com/Ullaakut/cameradar
#13 DONE 1.2s

#14 [build-env 3/6] WORKDIR /go/src/github.com/Ullaakut/cameradar/cmd/cameradar
#14 DONE 0.8s

#15 [build-env 4/6] RUN apk update &&     apk upgrade &&     apk add nmap nmap-nselibs nmap-scripts     curl curl-dev     gcc     libc-dev     git     pkgconfig
#15 1.159 fetch https://dl-cdn.alpinelinux.org/alpine/v3.20/main/x86_64/APKINDEX.tar.gz
#15 1.414 fetch https://dl-cdn.alpinelinux.org/alpine/v3.20/community/x86_64/APKINDEX.tar.gz
#15 1.939 v3.20.2-45-g194e307d75d [https://dl-cdn.alpinelinux.org/alpine/v3.20/main]
#15 1.939 v3.20.2-43-g4fdd3a681b2 [https://dl-cdn.alpinelinux.org/alpine/v3.20/community]
#15 1.939 OK: 24154 distinct packages available
#15 2.373 OK: 8 MiB in 15 packages
#15 2.803 (1/44) Installing brotli-libs (1.1.0-r2)
#15 2.870 (2/44) Installing c-ares (1.28.1-r0)
#15 2.887 (3/44) Installing libunistring (1.2-r0)
#15 2.908 (4/44) Installing libidn2 (2.3.7-r0)
#15 2.930 (5/44) Installing nghttp2-libs (1.62.1-r0)
#15 2.935 (6/44) Installing libpsl (0.21.5-r1)
#15 2.939 (7/44) Installing zstd-libs (1.5.6-r0)
#15 2.952 (8/44) Installing libcurl (8.9.0-r0)
#15 2.963 (9/44) Installing curl (8.9.0-r0)
#15 2.969 (10/44) Installing brotli (1.1.0-r2)
#15 3.415 (11/44) Installing pkgconf (2.2.0-r0)
#15 3.421 (12/44) Installing brotli-dev (1.1.0-r2)
#15 3.426 (13/44) Installing c-ares-dev (1.28.1-r0)
#15 3.439 (14/44) Installing libidn2-dev (2.3.7-r0)
#15 3.442 (15/44) Installing libpsl-utils (0.21.5-r1)
#15 3.445 (16/44) Installing libpsl-dev (0.21.5-r1)
#15 3.448 (17/44) Installing nghttp2-dev (1.62.1-r0)
#15 3.453 (18/44) Installing openssl-dev (3.3.1-r3)
#15 3.499 (19/44) Installing zlib-dev (1.3.1-r1)
#15 3.503 (20/44) Installing libgcc (13.2.1_git20240309-r0)
#15 3.507 (21/44) Installing libstdc++ (13.2.1_git20240309-r0)
#15 3.767 (22/44) Installing zstd (1.5.6-r0)
#15 3.774 (23/44) Installing zstd-dev (1.5.6-r0)
#15 3.784 (24/44) Installing curl-dev (8.9.0-r0)
#15 3.809 (25/44) Installing jansson (2.14-r4)
#15 3.812 (26/44) Installing binutils (2.42-r0)
#15 3.912 (27/44) Installing libgomp (13.2.1_git20240309-r0)
#15 3.920 (28/44) Installing libatomic (13.2.1_git20240309-r0)
#15 3.922 (29/44) Installing gmp (6.3.0-r1)
#15 3.932 (30/44) Installing isl26 (0.26-r1)
#15 3.961 (31/44) Installing mpfr4 (4.2.1-r0)
#15 3.973 (32/44) Installing mpc1 (1.3.1-r1)
#15 3.984 (33/44) Installing gcc (13.2.1_git20240309-r0)
#15 5.195 (34/44) Installing libexpat (2.6.2-r0)
#15 5.199 (35/44) Installing pcre2 (10.43-r0)
#15 5.210 (36/44) Installing git (2.45.2-r0)
#15 5.311 (37/44) Installing git-init-template (2.45.2-r0)
#15 5.317 (38/44) Installing musl-dev (1.2.5-r0)
#15 5.438 (39/44) Installing lua5.4-libs (5.4.6-r1)
#15 5.444 (40/44) Installing libpcap (1.10.4-r1)
#15 5.451 (41/44) Installing libssh2 (1.11.0-r2)
#15 5.458 (42/44) Installing nmap (7.95-r0)
#15 5.543 (43/44) Installing nmap-nselibs (7.95-r0)
#15 5.645 (44/44) Installing nmap-scripts (7.95-r0)
#15 5.749 Executing busybox-1.36.1-r29.trigger
#15 5.758 OK: 199 MiB in 59 packages
#15 DONE 10.0s

#16 [build-env 5/6] RUN go version
#16 0.611 go version go1.22.5 linux/amd64
#16 DONE 0.8s

#17 [build-env 6/6] RUN go build -o cameradar
#17 0.908 go: downloading github.com/Ullaakut/disgo v0.3.1
#17 0.908 go: downloading github.com/spf13/pflag v1.0.3
#17 0.908 go: downloading github.com/spf13/viper v1.4.0
#17 0.983 go: downloading github.com/Ullaakut/nmap v2.0.0+incompatible
#17 0.983 go: downloading github.com/Ullaakut/go-curl v0.0.0-20190525093431-597e157bbffd
#17 0.992 go: downloading github.com/fsnotify/fsnotify v1.4.7
#17 0.992 go: downloading github.com/hashicorp/hcl v1.0.0
#17 0.993 go: downloading github.com/magiconair/properties v1.8.0
#17 1.004 go: downloading github.com/mitchellh/mapstructure v1.1.2
#17 1.005 go: downloading github.com/pelletier/go-toml v1.2.0
#17 1.005 go: downloading github.com/spf13/afero v1.1.2
#17 1.017 go: downloading github.com/spf13/cast v1.3.0
#17 1.017 go: downloading github.com/spf13/jwalterweatherman v1.0.0
#17 1.022 go: downloading gopkg.in/yaml.v2 v2.2.2
#17 1.053 go: downloading golang.org/x/sys v0.0.0-20190222072716-a9d3bda3a223
#17 1.083 go: downloading golang.org/x/text v0.3.0
#17 1.183 go: downloading github.com/fatih/color v1.7.0
#17 1.210 go: downloading github.com/mattn/go-isatty v0.0.8
#17 1.210 go: downloading github.com/mattn/go-colorable v0.1.2
#17 8.320 # github.com/Ullaakut/go-curl
#17 8.320 In file included from /go/pkg/mod/github.com/!ullaakut/go-curl@v0.0.0-20190525093431-597e157bbffd/const.go:5:
#17 8.320 ./compat.h:423:2: error: #error your version is TOOOOOOOO low
#17 8.320   423 | #error your version is TOOOOOOOO low
#17 8.320       |  ^~~~~
#17 ERROR: process "/bin/sh -c go build -o cameradar" did not complete successfully: exit code: 1
------
 > [build-env 6/6] RUN go build -o cameradar:
1.053 go: downloading golang.org/x/sys v0.0.0-20190222072716-a9d3bda3a223
1.083 go: downloading golang.org/x/text v0.3.0
1.183 go: downloading github.com/fatih/color v1.7.0
1.210 go: downloading github.com/mattn/go-isatty v0.0.8
1.210 go: downloading github.com/mattn/go-colorable v0.1.2
8.320 # github.com/Ullaakut/go-curl
8.320 In file included from /go/pkg/mod/github.com/!ullaakut/go-curl@v0.0.0-20190525093431-597e157bbffd/const.go:5:
8.320 ./compat.h:423:2: error: #error your version is TOOOOOOOO low
8.320   423 | #error your version is TOOOOOOOO low
8.320       |  ^~~~~
------
Dockerfile:17
--------------------
  15 |     ENV GO111MODULE=on
  16 |     RUN go version
  17 | >>> RUN go build -o cameradar
  18 |     
  19 |     # Final stage
--------------------
ERROR: failed to solve: process "/bin/sh -c go build -o cameradar" did not complete successfully: exit code: 1
Duration: 0:54.80