#0 building with "default" instance using docker driver

#1 [internal] load .dockerignore
#1 transferring context:
#1 ...

#2 [internal] load build definition from v1_Dockerfile
#2 transferring dockerfile: 336B done
#2 DONE 0.4s

#1 [internal] load .dockerignore
#1 transferring context: 67B done
#1 DONE 0.5s

#3 [internal] load metadata for docker.io/library/node:14
#3 DONE 1.0s

#4 [1/7] FROM docker.io/library/node:14@sha256:a158d3b9b4e3fa813fa6c8c590b8f0a860e015ad4e59bbce5744d2f6fd8461aa
#4 resolve docker.io/library/node:14@sha256:a158d3b9b4e3fa813fa6c8c590b8f0a860e015ad4e59bbce5744d2f6fd8461aa
#4 resolve docker.io/library/node:14@sha256:a158d3b9b4e3fa813fa6c8c590b8f0a860e015ad4e59bbce5744d2f6fd8461aa 0.2s done
#4 sha256:a158d3b9b4e3fa813fa6c8c590b8f0a860e015ad4e59bbce5744d2f6fd8461aa 776B / 776B done
#4 ...

#5 [internal] load build context
#5 transferring context: 805.72kB 0.0s done
#5 DONE 0.4s

#4 [1/7] FROM docker.io/library/node:14@sha256:a158d3b9b4e3fa813fa6c8c590b8f0a860e015ad4e59bbce5744d2f6fd8461aa
#4 sha256:2cafa3fbb0b6529ee4726b4f599ec27ee557ea3dea7019182323b3779959927f 2.21kB / 2.21kB done
#4 sha256:1d12470fa662a2a5cb50378dcdc8ea228c1735747db410bbefb8e2d9144b5452 7.51kB / 7.51kB done
#4 sha256:b253aeafeaa7e0671bb60008df01de101a38a045ff7bc656e3b0fbfc7c05cca5 0B / 7.86MB 0.2s
#4 sha256:3d2201bd995cccf12851a50820de03d34a17011dcbb9ac9fdf3a50c952cbb131 0B / 10.00MB 0.2s
#4 sha256:3d2201bd995cccf12851a50820de03d34a17011dcbb9ac9fdf3a50c952cbb131 4.19MB / 10.00MB 0.3s
#4 sha256:2ff1d7c41c74a25258bfa6f0b8adb0a727f84518f55f65ca845ebc747976c408 0B / 50.45MB 0.3s
#4 sha256:b253aeafeaa7e0671bb60008df01de101a38a045ff7bc656e3b0fbfc7c05cca5 7.86MB / 7.86MB 0.5s
#4 sha256:3d2201bd995cccf12851a50820de03d34a17011dcbb9ac9fdf3a50c952cbb131 10.00MB / 10.00MB 0.5s
#4 sha256:3d2201bd995cccf12851a50820de03d34a17011dcbb9ac9fdf3a50c952cbb131 10.00MB / 10.00MB 0.6s done
#4 sha256:2ff1d7c41c74a25258bfa6f0b8adb0a727f84518f55f65ca845ebc747976c408 5.24MB / 50.45MB 0.7s
#4 sha256:b253aeafeaa7e0671bb60008df01de101a38a045ff7bc656e3b0fbfc7c05cca5 7.86MB / 7.86MB 0.7s done
#4 sha256:2ff1d7c41c74a25258bfa6f0b8adb0a727f84518f55f65ca845ebc747976c408 14.68MB / 50.45MB 0.9s
#4 sha256:1de76e268b103d05fa8960e0f77951ff54b912b63429c34f5d6adfd09f5f9ee2 0B / 51.88MB 0.9s
#4 sha256:d9a8df5894511ce28a05e2925a75e8a4acbd0634c39ad734fdfba8e23d1b1569 0B / 191.85MB 0.9s
#4 sha256:2ff1d7c41c74a25258bfa6f0b8adb0a727f84518f55f65ca845ebc747976c408 22.02MB / 50.45MB 1.1s
#4 sha256:1de76e268b103d05fa8960e0f77951ff54b912b63429c34f5d6adfd09f5f9ee2 3.15MB / 51.88MB 1.1s
#4 sha256:2ff1d7c41c74a25258bfa6f0b8adb0a727f84518f55f65ca845ebc747976c408 25.17MB / 50.45MB 1.2s
#4 sha256:1de76e268b103d05fa8960e0f77951ff54b912b63429c34f5d6adfd09f5f9ee2 7.34MB / 51.88MB 1.2s
#4 sha256:2ff1d7c41c74a25258bfa6f0b8adb0a727f84518f55f65ca845ebc747976c408 28.31MB / 50.45MB 1.4s
#4 sha256:1de76e268b103d05fa8960e0f77951ff54b912b63429c34f5d6adfd09f5f9ee2 13.63MB / 51.88MB 1.4s
#4 sha256:d9a8df5894511ce28a05e2925a75e8a4acbd0634c39ad734fdfba8e23d1b1569 15.73MB / 191.85MB 1.4s
#4 sha256:1de76e268b103d05fa8960e0f77951ff54b912b63429c34f5d6adfd09f5f9ee2 16.78MB / 51.88MB 1.5s
#4 sha256:d9a8df5894511ce28a05e2925a75e8a4acbd0634c39ad734fdfba8e23d1b1569 27.26MB / 191.85MB 1.6s
#4 sha256:2ff1d7c41c74a25258bfa6f0b8adb0a727f84518f55f65ca845ebc747976c408 31.46MB / 50.45MB 1.7s
#4 sha256:1de76e268b103d05fa8960e0f77951ff54b912b63429c34f5d6adfd09f5f9ee2 23.07MB / 51.88MB 1.7s
#4 sha256:2ff1d7c41c74a25258bfa6f0b8adb0a727f84518f55f65ca845ebc747976c408 34.60MB / 50.45MB 1.9s
#4 sha256:1de76e268b103d05fa8960e0f77951ff54b912b63429c34f5d6adfd09f5f9ee2 28.31MB / 51.88MB 1.9s
#4 sha256:d9a8df5894511ce28a05e2925a75e8a4acbd0634c39ad734fdfba8e23d1b1569 42.99MB / 191.85MB 1.9s
#4 sha256:2ff1d7c41c74a25258bfa6f0b8adb0a727f84518f55f65ca845ebc747976c408 38.80MB / 50.45MB 2.1s
#4 sha256:1de76e268b103d05fa8960e0f77951ff54b912b63429c34f5d6adfd09f5f9ee2 35.65MB / 51.88MB 2.1s
#4 sha256:2ff1d7c41c74a25258bfa6f0b8adb0a727f84518f55f65ca845ebc747976c408 42.99MB / 50.45MB 2.3s
#4 sha256:1de76e268b103d05fa8960e0f77951ff54b912b63429c34f5d6adfd09f5f9ee2 41.94MB / 51.88MB 2.3s
#4 sha256:d9a8df5894511ce28a05e2925a75e8a4acbd0634c39ad734fdfba8e23d1b1569 59.77MB / 191.85MB 2.3s
#4 sha256:2ff1d7c41c74a25258bfa6f0b8adb0a727f84518f55f65ca845ebc747976c408 46.14MB / 50.45MB 2.5s
#4 sha256:1de76e268b103d05fa8960e0f77951ff54b912b63429c34f5d6adfd09f5f9ee2 47.19MB / 51.88MB 2.5s
#4 sha256:d9a8df5894511ce28a05e2925a75e8a4acbd0634c39ad734fdfba8e23d1b1569 74.45MB / 191.85MB 2.6s
#4 sha256:2ff1d7c41c74a25258bfa6f0b8adb0a727f84518f55f65ca845ebc747976c408 50.45MB / 50.45MB 2.8s
#4 sha256:1de76e268b103d05fa8960e0f77951ff54b912b63429c34f5d6adfd09f5f9ee2 51.88MB / 51.88MB 2.8s
#4 sha256:d9a8df5894511ce28a05e2925a75e8a4acbd0634c39ad734fdfba8e23d1b1569 87.03MB / 191.85MB 2.8s
#4 sha256:d9a8df5894511ce28a05e2925a75e8a4acbd0634c39ad734fdfba8e23d1b1569 99.61MB / 191.85MB 3.1s
#4 sha256:d9a8df5894511ce28a05e2925a75e8a4acbd0634c39ad734fdfba8e23d1b1569 113.25MB / 191.85MB 3.3s
#4 sha256:2ff1d7c41c74a25258bfa6f0b8adb0a727f84518f55f65ca845ebc747976c408 50.45MB / 50.45MB 3.4s done
#4 sha256:d9a8df5894511ce28a05e2925a75e8a4acbd0634c39ad734fdfba8e23d1b1569 128.97MB / 191.85MB 3.5s
#4 extracting sha256:2ff1d7c41c74a25258bfa6f0b8adb0a727f84518f55f65ca845ebc747976c408
#4 sha256:d9a8df5894511ce28a05e2925a75e8a4acbd0634c39ad734fdfba8e23d1b1569 147.85MB / 191.85MB 3.9s
#4 sha256:d9a8df5894511ce28a05e2925a75e8a4acbd0634c39ad734fdfba8e23d1b1569 162.53MB / 191.85MB 4.1s
#4 sha256:1de76e268b103d05fa8960e0f77951ff54b912b63429c34f5d6adfd09f5f9ee2 51.88MB / 51.88MB 4.3s done
#4 sha256:d9a8df5894511ce28a05e2925a75e8a4acbd0634c39ad734fdfba8e23d1b1569 175.11MB / 191.85MB 4.4s
#4 sha256:6f51ee005deac0d99898e41b8ce60ebf250ebe1a31a0b03f613aec6bbc9b83d8 0B / 4.19kB 4.4s
#4 sha256:5f32ed3c3f278edda4fc571c880b5277355a29ae8f52b52cdf865f058378a590 0B / 35.24MB 4.4s
#4 sha256:6f51ee005deac0d99898e41b8ce60ebf250ebe1a31a0b03f613aec6bbc9b83d8 4.19kB / 4.19kB 4.5s done
#4 sha256:5f32ed3c3f278edda4fc571c880b5277355a29ae8f52b52cdf865f058378a590 2.10MB / 35.24MB 4.6s
#4 sha256:0c8cc2f24a4dcb64e602e086fc9446b0a541e8acd9ad72d2e90df3ba22f158b3 0B / 2.29MB 4.6s
#4 sha256:5f32ed3c3f278edda4fc571c880b5277355a29ae8f52b52cdf865f058378a590 5.24MB / 35.24MB 4.7s
#4 sha256:d9a8df5894511ce28a05e2925a75e8a4acbd0634c39ad734fdfba8e23d1b1569 188.74MB / 191.85MB 4.9s
#4 sha256:5f32ed3c3f278edda4fc571c880b5277355a29ae8f52b52cdf865f058378a590 11.53MB / 35.24MB 4.9s
#4 sha256:0c8cc2f24a4dcb64e602e086fc9446b0a541e8acd9ad72d2e90df3ba22f158b3 2.29MB / 2.29MB 4.9s
#4 sha256:5f32ed3c3f278edda4fc571c880b5277355a29ae8f52b52cdf865f058378a590 18.87MB / 35.24MB 5.1s
#4 sha256:5f32ed3c3f278edda4fc571c880b5277355a29ae8f52b52cdf865f058378a590 23.07MB / 35.24MB 5.2s
#4 sha256:5f32ed3c3f278edda4fc571c880b5277355a29ae8f52b52cdf865f058378a590 31.46MB / 35.24MB 5.4s
#4 sha256:5f32ed3c3f278edda4fc571c880b5277355a29ae8f52b52cdf865f058378a590 34.60MB / 35.24MB 5.5s
#4 sha256:0c8cc2f24a4dcb64e602e086fc9446b0a541e8acd9ad72d2e90df3ba22f158b3 2.29MB / 2.29MB 5.8s done
#4 extracting sha256:2ff1d7c41c74a25258bfa6f0b8adb0a727f84518f55f65ca845ebc747976c408 3.7s done
#4 sha256:d9a8df5894511ce28a05e2925a75e8a4acbd0634c39ad734fdfba8e23d1b1569 191.85MB / 191.85MB 9.0s done
#4 sha256:5f32ed3c3f278edda4fc571c880b5277355a29ae8f52b52cdf865f058378a590 35.24MB / 35.24MB 9.6s done
#4 extracting sha256:b253aeafeaa7e0671bb60008df01de101a38a045ff7bc656e3b0fbfc7c05cca5 0.1s
#4 sha256:0d27a8e861329007574c6766fba946d48e20d2c8e964e873de352603f22c4ceb 0B / 450B 9.8s
#4 sha256:0d27a8e861329007574c6766fba946d48e20d2c8e964e873de352603f22c4ceb 450B / 450B 9.9s
#4 sha256:0d27a8e861329007574c6766fba946d48e20d2c8e964e873de352603f22c4ceb 450B / 450B 9.9s done
#4 extracting sha256:b253aeafeaa7e0671bb60008df01de101a38a045ff7bc656e3b0fbfc7c05cca5 0.4s done
#4 extracting sha256:3d2201bd995cccf12851a50820de03d34a17011dcbb9ac9fdf3a50c952cbb131
#4 extracting sha256:3d2201bd995cccf12851a50820de03d34a17011dcbb9ac9fdf3a50c952cbb131 0.4s done
#4 extracting sha256:1de76e268b103d05fa8960e0f77951ff54b912b63429c34f5d6adfd09f5f9ee2
#4 extracting sha256:1de76e268b103d05fa8960e0f77951ff54b912b63429c34f5d6adfd09f5f9ee2 3.2s done
#4 extracting sha256:d9a8df5894511ce28a05e2925a75e8a4acbd0634c39ad734fdfba8e23d1b1569
#4 extracting sha256:d9a8df5894511ce28a05e2925a75e8a4acbd0634c39ad734fdfba8e23d1b1569 5.0s
#4 extracting sha256:d9a8df5894511ce28a05e2925a75e8a4acbd0634c39ad734fdfba8e23d1b1569 10.1s
#4 extracting sha256:d9a8df5894511ce28a05e2925a75e8a4acbd0634c39ad734fdfba8e23d1b1569 10.6s done
#4 extracting sha256:6f51ee005deac0d99898e41b8ce60ebf250ebe1a31a0b03f613aec6bbc9b83d8
#4 extracting sha256:6f51ee005deac0d99898e41b8ce60ebf250ebe1a31a0b03f613aec6bbc9b83d8 0.1s done
#4 extracting sha256:5f32ed3c3f278edda4fc571c880b5277355a29ae8f52b52cdf865f058378a590
#4 extracting sha256:5f32ed3c3f278edda4fc571c880b5277355a29ae8f52b52cdf865f058378a590 2.3s done
#4 extracting sha256:0c8cc2f24a4dcb64e602e086fc9446b0a541e8acd9ad72d2e90df3ba22f158b3
#4 extracting sha256:0c8cc2f24a4dcb64e602e086fc9446b0a541e8acd9ad72d2e90df3ba22f158b3 0.2s done
#4 extracting sha256:0d27a8e861329007574c6766fba946d48e20d2c8e964e873de352603f22c4ceb
#4 extracting sha256:0d27a8e861329007574c6766fba946d48e20d2c8e964e873de352603f22c4ceb done
#4 DONE 31.1s

#6 [2/7] RUN mkdir -p /usr/src/app
#6 DONE 19.5s

#7 [3/7] WORKDIR /usr/src/app
#7 DONE 0.3s

#8 [4/7] COPY package.json /usr/src/app/
#8 DONE 0.3s

#9 [5/7] RUN npm install
#9 1.743 npm WARN deprecated angular-sanitize@1.6.10: For the actively supported Angular, see https://www.npmjs.com/package/@angular/core. AngularJS support has officially ended. For extended AngularJS support options, see https://goo.gle/angularjs-path-forward.
#9 1.760 npm WARN deprecated angular@1.6.10: For the actively supported Angular, see https://www.npmjs.com/package/@angular/core. AngularJS support has officially ended. For extended AngularJS support options, see https://goo.gle/angularjs-path-forward.
#9 2.183 npm WARN deprecated node-sass@4.5.3: Node Sass is no longer supported. Please use `sass` or `sass-embedded` instead.
#9 2.615 npm WARN deprecated glob@7.1.7: Glob versions prior to v9 are no longer supported
#9 3.199 npm WARN deprecated glob@7.2.3: Glob versions prior to v9 are no longer supported
#9 3.337 npm WARN deprecated request@2.88.2: request has been deprecated, see https://github.com/request/request/issues/3142
#9 3.344 npm WARN deprecated npmlog@4.1.2: This package is no longer supported.
#9 3.436 npm WARN deprecated node-sass@4.14.1: Node Sass is no longer supported. Please use `sass` or `sass-embedded` instead.
#9 3.688 npm WARN deprecated node-pre-gyp@0.6.39: Please upgrade to @mapbox/node-pre-gyp: the non-scoped node-pre-gyp package is deprecated and only the @mapbox scoped package will recieve updates in the future
#9 3.881 npm WARN deprecated request-promise@4.2.6: request-promise has been deprecated because it extends the now deprecated request package, see https://github.com/request/request/issues/3142
#9 4.119 npm WARN deprecated inflight@1.0.6: This module is not supported, and leaks memory. Do not use it. Check out lru-cache if you want a good and tested way to coalesce async requests by a key value, which is much more comprehensive and powerful.
#9 4.782 npm WARN deprecated har-validator@5.1.5: this library is no longer supported
#9 4.851 npm WARN deprecated osenv@0.1.5: This package is no longer supported.
#9 4.856 npm WARN deprecated uuid@3.4.0: Please upgrade  to version 7 or higher.  Older versions may use Math.random() in certain circumstances, which is known to be problematic.  See https://v8.dev/blog/math-random for details.
#9 4.874 npm WARN deprecated tar@2.2.2: This version of tar is no longer supported, and will not receive security updates. Please upgrade asap.
#9 4.937 npm WARN deprecated rimraf@2.7.1: Rimraf versions prior to v4 are no longer supported
#9 4.964 npm WARN deprecated fstream@1.0.12: This package is no longer supported.
#9 5.012 npm WARN deprecated are-we-there-yet@1.1.7: This package is no longer supported.
#9 5.015 npm WARN deprecated gauge@2.7.4: This package is no longer supported.
#9 5.274 npm WARN deprecated request@2.81.0: request has been deprecated, see https://github.com/request/request/issues/3142
#9 5.310 npm WARN deprecated hawk@3.1.3: This module moved to @hapi/hawk. Please make sure to switch over as this distribution is no longer supported and may contain bugs and critical security issues.
#9 6.648 npm WARN deprecated har-validator@4.2.1: this library is no longer supported
#9 6.815 npm WARN deprecated hoek@2.16.3: This version has been deprecated in accordance with the hapi support policy (hapi.im/support). Please upgrade to the latest version to get the best features, bug fixes, and security patches. If you are unable to upgrade at this time, paid support is available for older versions (hapi.im/commercial).
#9 6.817 npm WARN deprecated sntp@1.0.9: This module moved to @hapi/sntp. Please make sure to switch over as this distribution is no longer supported and may contain bugs and critical security issues.
#9 6.817 npm WARN deprecated cryptiles@2.0.5: This version has been deprecated in accordance with the hapi support policy (hapi.im/support). Please upgrade to the latest version to get the best features, bug fixes, and security patches. If you are unable to upgrade at this time, paid support is available for older versions (hapi.im/commercial).
#9 6.821 npm WARN deprecated boom@2.10.1: This version has been deprecated in accordance with the hapi support policy (hapi.im/support). Please upgrade to the latest version to get the best features, bug fixes, and security patches. If you are unable to upgrade at this time, paid support is available for older versions (hapi.im/commercial).
#9 7.360 npm WARN deprecated uid-number@0.0.6: This package is no longer supported.
#9 7.397 npm WARN deprecated fstream-ignore@1.0.5: This package is no longer supported.
#9 8.627 npm WARN deprecated core-js@2.6.12: core-js@<3.23.3 is no longer maintained and not recommended for usage due to the number of issues. Because of the V8 engine whims, feature detection in old core-js versions could cause a slowdown up to 100x even if nothing is polyfilled. Some versions have web compatibility issues. Please, upgrade your dependencies to the actual version of core-js.
#9 18.51 
#9 18.51 > node-sass@4.5.3 install /usr/src/app/node_modules/node-sass
#9 18.51 > node scripts/install.js
#9 18.51 
#9 18.98 Downloading binary from https://github.com/sass/node-sass/releases/download/v4.5.3/linux-x64-83_binding.node
#9 19.56 Cannot download "https://github.com/sass/node-sass/releases/download/v4.5.3/linux-x64-83_binding.node": 
#9 19.56 
#9 19.56 HTTP error 404 Not Found
#9 19.56 
#9 19.56 Hint: If github.com is not accessible in your location
#9 19.56       try setting a proxy via HTTP_PROXY, e.g. 
#9 19.56 
#9 19.56       export HTTP_PROXY=http://example.com:1234
#9 19.56 
#9 19.56 or configure npm proxy via
#9 19.56 
#9 19.56       npm config set proxy http://example.com:8080
#9 19.58 
#9 19.58 > sqlite3@3.1.13 install /usr/src/app/node_modules/sqlite3
#9 19.58 > node-pre-gyp install --fallback-to-build
#9 19.58 
#9 20.15 node-pre-gyp ERR! Tried to download(403): https://mapbox-node-binary.s3.amazonaws.com/sqlite3/v3.1.13/node-v83-linux-x64.tar.gz 
#9 20.15 node-pre-gyp ERR! Pre-built binaries not found for sqlite3@3.1.13 and node@14.21.3 (node-v83 ABI) (falling back to source compile with node-gyp) 
#9 20.16 node-pre-gyp ERR! Tried to download(undefined): https://mapbox-node-binary.s3.amazonaws.com/sqlite3/v3.1.13/node-v83-linux-x64.tar.gz 
#9 20.16 node-pre-gyp ERR! Pre-built binaries not found for sqlite3@3.1.13 and node@14.21.3 (node-v83 ABI) (falling back to source compile with node-gyp) 
#9 21.88 make: Entering directory '/usr/src/app/node_modules/sqlite3/build'
#9 21.88   ACTION deps_sqlite3_gyp_action_before_build_target_unpack_sqlite_dep Release/obj/gen/sqlite-autoconf-3150000/sqlite3.c
#9 21.94 make: Entering directory '/usr/src/app/node_modules/sqlite3/build'
#9 21.94   ACTION deps_sqlite3_gyp_action_before_build_target_unpack_sqlite_dep Release/obj/gen/sqlite-autoconf-3150000/sqlite3.c
#9 22.00   TOUCH Release/obj.target/deps/action_before_build.stamp
#9 22.01   CC(target) Release/obj.target/sqlite3/gen/sqlite-autoconf-3150000/sqlite3.o
#9 22.07 Release/obj/gen/sqlite-autoconf-3150000/sqlite3.c: In function 'strftimeFunc':
#9 22.07 Release/obj/gen/sqlite-autoconf-3150000/sqlite3.c:11909:27: warning: cast between incompatible function types from 'int (*)(void *)' to 'void (*)(void *)' [-Wcast-function-type]
#9 22.07  #define SQLITE_DYNAMIC   ((sqlite3_destructor_type)sqlite3MallocSize)
#9 22.07                            ^
#9 22.07 Release/obj/gen/sqlite-autoconf-3150000/sqlite3.c:19615:52: note: in expansion of macro 'SQLITE_DYNAMIC'
#9 22.07                        z==zBuf ? SQLITE_TRANSIENT : SQLITE_DYNAMIC);
#9 22.07                                                     ^~~~~~~~~~~~~~
#9 22.07   TOUCH Release/obj.target/deps/action_before_build.stamp
#9 22.08   CC(target) Release/obj.target/sqlite3/gen/sqlite-autoconf-3150000/sqlite3.o
#9 22.10 Release/obj/gen/sqlite-autoconf-3150000/sqlite3.c: In function 'sqlite3ErrorWithMsg':
#9 22.10 Release/obj/gen/sqlite-autoconf-3150000/sqlite3.c:11909:27: warning: cast between incompatible function types from 'int (*)(void *)' to 'void (*)(void *)' [-Wcast-function-type]
#9 22.10  #define SQLITE_DYNAMIC   ((sqlite3_destructor_type)sqlite3MallocSize)
#9 22.10                            ^
#9 22.10 Release/obj/gen/sqlite-autoconf-3150000/sqlite3.c:27452:54: note: in expansion of macro 'SQLITE_DYNAMIC'
#9 22.10      sqlite3ValueSetStr(db->pErr, -1, z, SQLITE_UTF8, SQLITE_DYNAMIC);
#9 22.10                                                       ^~~~~~~~~~~~~~
#9 22.14 Release/obj/gen/sqlite-autoconf-3150000/sqlite3.c: In function 'strftimeFunc':
#9 22.14 Release/obj/gen/sqlite-autoconf-3150000/sqlite3.c:11909:27: warning: cast between incompatible function types from 'int (*)(void *)' to 'void (*)(void *)' [-Wcast-function-type]
#9 22.14  #define SQLITE_DYNAMIC   ((sqlite3_destructor_type)sqlite3MallocSize)
#9 22.14                            ^
#9 22.14 Release/obj/gen/sqlite-autoconf-3150000/sqlite3.c:19615:52: note: in expansion of macro 'SQLITE_DYNAMIC'
#9 22.14                        z==zBuf ? SQLITE_TRANSIENT : SQLITE_DYNAMIC);
#9 22.14                                                     ^~~~~~~~~~~~~~
#9 22.17 Release/obj/gen/sqlite-autoconf-3150000/sqlite3.c: In function 'sqlite3ErrorWithMsg':
#9 22.17 Release/obj/gen/sqlite-autoconf-3150000/sqlite3.c:11909:27: warning: cast between incompatible function types from 'int (*)(void *)' to 'void (*)(void *)' [-Wcast-function-type]
#9 22.17  #define SQLITE_DYNAMIC   ((sqlite3_destructor_type)sqlite3MallocSize)
#9 22.17                            ^
#9 22.17 Release/obj/gen/sqlite-autoconf-3150000/sqlite3.c:27452:54: note: in expansion of macro 'SQLITE_DYNAMIC'
#9 22.17      sqlite3ValueSetStr(db->pErr, -1, z, SQLITE_UTF8, SQLITE_DYNAMIC);
#9 22.17                                                       ^~~~~~~~~~~~~~
#9 22.59 Release/obj/gen/sqlite-autoconf-3150000/sqlite3.c: In function 'sqlite3VdbeMemSetStr':
#9 22.59 Release/obj/gen/sqlite-autoconf-3150000/sqlite3.c:11909:27: warning: cast between incompatible function types from 'int (*)(void *)' to 'void (*)(void *)' [-Wcast-function-type]
#9 22.59  #define SQLITE_DYNAMIC   ((sqlite3_destructor_type)sqlite3MallocSize)
#9 22.59                            ^
#9 22.59 Release/obj/gen/sqlite-autoconf-3150000/sqlite3.c:69652:19: note: in expansion of macro 'SQLITE_DYNAMIC'
#9 22.59    }else if( xDel==SQLITE_DYNAMIC ){
#9 22.59                    ^~~~~~~~~~~~~~
#9 22.60 Release/obj/gen/sqlite-autoconf-3150000/sqlite3.c: In function 'valueFromExpr':
#9 22.60 Release/obj/gen/sqlite-autoconf-3150000/sqlite3.c:11909:27: warning: cast between incompatible function types from 'int (*)(void *)' to 'void (*)(void *)' [-Wcast-function-type]
#9 22.60  #define SQLITE_DYNAMIC   ((sqlite3_destructor_type)sqlite3MallocSize)
#9 22.60                            ^
#9 22.60 Release/obj/gen/sqlite-autoconf-3150000/sqlite3.c:70058:55: note: in expansion of macro 'SQLITE_DYNAMIC'
#9 22.60        sqlite3ValueSetStr(pVal, -1, zVal, SQLITE_UTF8, SQLITE_DYNAMIC);
#9 22.60                                                        ^~~~~~~~~~~~~~
#9 22.61 Release/obj/gen/sqlite-autoconf-3150000/sqlite3.c:11909:27: warning: cast between incompatible function types from 'int (*)(void *)' to 'void (*)(void *)' [-Wcast-function-type]
#9 22.61  #define SQLITE_DYNAMIC   ((sqlite3_destructor_type)sqlite3MallocSize)
#9 22.61                            ^
#9 22.61 Release/obj/gen/sqlite-autoconf-3150000/sqlite3.c:70100:29: note: in expansion of macro 'SQLITE_DYNAMIC'
#9 22.61                           0, SQLITE_DYNAMIC);
#9 22.61                              ^~~~~~~~~~~~~~
#9 22.65 Release/obj/gen/sqlite-autoconf-3150000/sqlite3.c: In function 'sqlite3VdbeMemSetStr':
#9 22.65 Release/obj/gen/sqlite-autoconf-3150000/sqlite3.c:11909:27: warning: cast between incompatible function types from 'int (*)(void *)' to 'void (*)(void *)' [-Wcast-function-type]
#9 22.65  #define SQLITE_DYNAMIC   ((sqlite3_destructor_type)sqlite3MallocSize)
#9 22.65                            ^
#9 22.65 Release/obj/gen/sqlite-autoconf-3150000/sqlite3.c:69652:19: note: in expansion of macro 'SQLITE_DYNAMIC'
#9 22.65    }else if( xDel==SQLITE_DYNAMIC ){
#9 22.65                    ^~~~~~~~~~~~~~
#9 22.66 Release/obj/gen/sqlite-autoconf-3150000/sqlite3.c: In function 'valueFromExpr':
#9 22.66 Release/obj/gen/sqlite-autoconf-3150000/sqlite3.c:11909:27: warning: cast between incompatible function types from 'int (*)(void *)' to 'void (*)(void *)' [-Wcast-function-type]
#9 22.66  #define SQLITE_DYNAMIC   ((sqlite3_destructor_type)sqlite3MallocSize)
#9 22.66                            ^
#9 22.66 Release/obj/gen/sqlite-autoconf-3150000/sqlite3.c:70058:55: note: in expansion of macro 'SQLITE_DYNAMIC'
#9 22.66        sqlite3ValueSetStr(pVal, -1, zVal, SQLITE_UTF8, SQLITE_DYNAMIC);
#9 22.66                                                        ^~~~~~~~~~~~~~
#9 22.67 Release/obj/gen/sqlite-autoconf-3150000/sqlite3.c:11909:27: warning: cast between incompatible function types from 'int (*)(void *)' to 'void (*)(void *)' [-Wcast-function-type]
#9 22.67  #define SQLITE_DYNAMIC   ((sqlite3_destructor_type)sqlite3MallocSize)
#9 22.67                            ^
#9 22.67 Release/obj/gen/sqlite-autoconf-3150000/sqlite3.c:70100:29: note: in expansion of macro 'SQLITE_DYNAMIC'
#9 22.67                           0, SQLITE_DYNAMIC);
#9 22.67                              ^~~~~~~~~~~~~~
#9 23.07 Release/obj/gen/sqlite-autoconf-3150000/sqlite3.c: In function 'sqlite3VdbeExec':
#9 23.07 Release/obj/gen/sqlite-autoconf-3150000/sqlite3.c:84132:38: warning: cast between incompatible function types from 'int (*)(u32,  void *, void *, void *)' {aka 'int (*)(unsigned int,  void *, void *, void *)'} to 'void (*)(void *, const char *)' [-Wcast-function-type]
#9 23.07        void (*x)(void*,const char*) = (void(*)(void*,const char*))db->xTrace;
#9 23.07                                       ^
#9 23.13 Release/obj/gen/sqlite-autoconf-3150000/sqlite3.c: In function 'sqlite3VdbeExec':
#9 23.13 Release/obj/gen/sqlite-autoconf-3150000/sqlite3.c:84132:38: warning: cast between incompatible function types from 'int (*)(u32,  void *, void *, void *)' {aka 'int (*)(unsigned int,  void *, void *, void *)'} to 'void (*)(void *, const char *)' [-Wcast-function-type]
#9 23.13        void (*x)(void*,const char*) = (void(*)(void*,const char*))db->xTrace;
#9 23.13                                       ^
#9 23.58 Release/obj/gen/sqlite-autoconf-3150000/sqlite3.c: In function 'renameTableFunc':
#9 23.59 Release/obj/gen/sqlite-autoconf-3150000/sqlite3.c:11909:27: warning: cast between incompatible function types from 'int (*)(void *)' to 'void (*)(void *)' [-Wcast-function-type]
#9 23.59  #define SQLITE_DYNAMIC   ((sqlite3_destructor_type)sqlite3MallocSize)
#9 23.59                            ^
#9 23.59 Release/obj/gen/sqlite-autoconf-3150000/sqlite3.c:94798:44: note: in expansion of macro 'SQLITE_DYNAMIC'
#9 23.59      sqlite3_result_text(context, zRet, -1, SQLITE_DYNAMIC);
#9 23.59                                             ^~~~~~~~~~~~~~
#9 23.60 Release/obj/gen/sqlite-autoconf-3150000/sqlite3.c: In function 'renameParentFunc':
#9 23.60 Release/obj/gen/sqlite-autoconf-3150000/sqlite3.c:11909:27: warning: cast between incompatible function types from 'int (*)(void *)' to 'void (*)(void *)' [-Wcast-function-type]
#9 23.60  #define SQLITE_DYNAMIC   ((sqlite3_destructor_type)sqlite3MallocSize)
#9 23.60                            ^
#9 23.60 Release/obj/gen/sqlite-autoconf-3150000/sqlite3.c:94862:45: note: in expansion of macro 'SQLITE_DYNAMIC'
#9 23.60    sqlite3_result_text(context, zResult, -1, SQLITE_DYNAMIC);
#9 23.60                                              ^~~~~~~~~~~~~~
#9 23.60 Release/obj/gen/sqlite-autoconf-3150000/sqlite3.c: In function 'renameTriggerFunc':
#9 23.60 Release/obj/gen/sqlite-autoconf-3150000/sqlite3.c:11909:27: warning: cast between incompatible function types from 'int (*)(void *)' to 'void (*)(void *)' [-Wcast-function-type]
#9 23.60  #define SQLITE_DYNAMIC   ((sqlite3_destructor_type)sqlite3MallocSize)
#9 23.60                            ^
#9 23.60 Release/obj/gen/sqlite-autoconf-3150000/sqlite3.c:94939:44: note: in expansion of macro 'SQLITE_DYNAMIC'
#9 23.60      sqlite3_result_text(context, zRet, -1, SQLITE_DYNAMIC);
#9 23.60                                             ^~~~~~~~~~~~~~
#9 23.64 Release/obj/gen/sqlite-autoconf-3150000/sqlite3.c: In function 'renameTableFunc':
#9 23.64 Release/obj/gen/sqlite-autoconf-3150000/sqlite3.c:11909:27: warning: cast between incompatible function types from 'int (*)(void *)' to 'void (*)(void *)' [-Wcast-function-type]
#9 23.64  #define SQLITE_DYNAMIC   ((sqlite3_destructor_type)sqlite3MallocSize)
#9 23.64                            ^
#9 23.64 Release/obj/gen/sqlite-autoconf-3150000/sqlite3.c:94798:44: note: in expansion of macro 'SQLITE_DYNAMIC'
#9 23.64      sqlite3_result_text(context, zRet, -1, SQLITE_DYNAMIC);
#9 23.64                                             ^~~~~~~~~~~~~~
#9 23.65 Release/obj/gen/sqlite-autoconf-3150000/sqlite3.c: In function 'renameParentFunc':
#9 23.66 Release/obj/gen/sqlite-autoconf-3150000/sqlite3.c:11909:27: warning: cast between incompatible function types from 'int (*)(void *)' to 'void (*)(void *)' [-Wcast-function-type]
#9 23.66  #define SQLITE_DYNAMIC   ((sqlite3_destructor_type)sqlite3MallocSize)
#9 23.66                            ^
#9 23.66 Release/obj/gen/sqlite-autoconf-3150000/sqlite3.c:94862:45: note: in expansion of macro 'SQLITE_DYNAMIC'
#9 23.66    sqlite3_result_text(context, zResult, -1, SQLITE_DYNAMIC);
#9 23.66                                              ^~~~~~~~~~~~~~
#9 23.66 Release/obj/gen/sqlite-autoconf-3150000/sqlite3.c: In function 'renameTriggerFunc':
#9 23.66 Release/obj/gen/sqlite-autoconf-3150000/sqlite3.c:11909:27: warning: cast between incompatible function types from 'int (*)(void *)' to 'void (*)(void *)' [-Wcast-function-type]
#9 23.66  #define SQLITE_DYNAMIC   ((sqlite3_destructor_type)sqlite3MallocSize)
#9 23.66                            ^
#9 23.66 Release/obj/gen/sqlite-autoconf-3150000/sqlite3.c:94939:44: note: in expansion of macro 'SQLITE_DYNAMIC'
#9 23.66      sqlite3_result_text(context, zRet, -1, SQLITE_DYNAMIC);
#9 23.66                                             ^~~~~~~~~~~~~~
#9 24.12 Release/obj/gen/sqlite-autoconf-3150000/sqlite3.c: In function 'printfFunc':
#9 24.12 Release/obj/gen/sqlite-autoconf-3150000/sqlite3.c:11909:27: warning: cast between incompatible function types from 'int (*)(void *)' to 'void (*)(void *)' [-Wcast-function-type]
#9 24.12  #define SQLITE_DYNAMIC   ((sqlite3_destructor_type)sqlite3MallocSize)
#9 24.12                            ^
#9 24.12 Release/obj/gen/sqlite-autoconf-3150000/sqlite3.c:104325:25: note: in expansion of macro 'SQLITE_DYNAMIC'
#9 24.12                          SQLITE_DYNAMIC);
#9 24.12                          ^~~~~~~~~~~~~~
#9 24.17 Release/obj/gen/sqlite-autoconf-3150000/sqlite3.c: In function 'printfFunc':
#9 24.18 Release/obj/gen/sqlite-autoconf-3150000/sqlite3.c:11909:27: warning: cast between incompatible function types from 'int (*)(void *)' to 'void (*)(void *)' [-Wcast-function-type]
#9 24.18  #define SQLITE_DYNAMIC   ((sqlite3_destructor_type)sqlite3MallocSize)
#9 24.18                            ^
#9 24.18 Release/obj/gen/sqlite-autoconf-3150000/sqlite3.c:104325:25: note: in expansion of macro 'SQLITE_DYNAMIC'
#9 24.18                          SQLITE_DYNAMIC);
#9 24.18                          ^~~~~~~~~~~~~~
#9 24.74 Release/obj/gen/sqlite-autoconf-3150000/sqlite3.c: In function 'generateColumnNames':
#9 24.74 Release/obj/gen/sqlite-autoconf-3150000/sqlite3.c:11909:27: warning: cast between incompatible function types from 'int (*)(void *)' to 'void (*)(void *)' [-Wcast-function-type]
#9 24.74  #define SQLITE_DYNAMIC   ((sqlite3_destructor_type)sqlite3MallocSize)
#9 24.74                            ^
#9 24.74 Release/obj/gen/sqlite-autoconf-3150000/sqlite3.c:115928:54: note: in expansion of macro 'SQLITE_DYNAMIC'
#9 24.74              sqlite3DbStrDup(db, pEList->a[i].zSpan), SQLITE_DYNAMIC);
#9 24.74                                                       ^~~~~~~~~~~~~~
#9 24.74 Release/obj/gen/sqlite-autoconf-3150000/sqlite3.c:11909:27: warning: cast between incompatible function types from 'int (*)(void *)' to 'void (*)(void *)' [-Wcast-function-type]
#9 24.74  #define SQLITE_DYNAMIC   ((sqlite3_destructor_type)sqlite3MallocSize)
#9 24.74                            ^
#9 24.74 Release/obj/gen/sqlite-autoconf-3150000/sqlite3.c:115932:58: note: in expansion of macro 'SQLITE_DYNAMIC'
#9 24.74          sqlite3VdbeSetColName(v, i, COLNAME_NAME, zName, SQLITE_DYNAMIC);
#9 24.74                                                           ^~~~~~~~~~~~~~
#9 24.75 Release/obj/gen/sqlite-autoconf-3150000/sqlite3.c:11909:27: warning: cast between incompatible function types from 'int (*)(void *)' to 'void (*)(void *)' [-Wcast-function-type]
#9 24.75  #define SQLITE_DYNAMIC   ((sqlite3_destructor_type)sqlite3MallocSize)
#9 24.75                            ^
#9 24.75 Release/obj/gen/sqlite-autoconf-3150000/sqlite3.c:115939:52: note: in expansion of macro 'SQLITE_DYNAMIC'
#9 24.75        sqlite3VdbeSetColName(v, i, COLNAME_NAME, z, SQLITE_DYNAMIC);
#9 24.75                                                     ^~~~~~~~~~~~~~
#9 24.79 Release/obj/gen/sqlite-autoconf-3150000/sqlite3.c: In function 'generateColumnNames':
#9 24.80 Release/obj/gen/sqlite-autoconf-3150000/sqlite3.c:11909:27: warning: cast between incompatible function types from 'int (*)(void *)' to 'void (*)(void *)' [-Wcast-function-type]
#9 24.80  #define SQLITE_DYNAMIC   ((sqlite3_destructor_type)sqlite3MallocSize)
#9 24.80                            ^
#9 24.80 Release/obj/gen/sqlite-autoconf-3150000/sqlite3.c:115928:54: note: in expansion of macro 'SQLITE_DYNAMIC'
#9 24.80              sqlite3DbStrDup(db, pEList->a[i].zSpan), SQLITE_DYNAMIC);
#9 24.80                                                       ^~~~~~~~~~~~~~
#9 24.80 Release/obj/gen/sqlite-autoconf-3150000/sqlite3.c:11909:27: warning: cast between incompatible function types from 'int (*)(void *)' to 'void (*)(void *)' [-Wcast-function-type]
#9 24.80  #define SQLITE_DYNAMIC   ((sqlite3_destructor_type)sqlite3MallocSize)
#9 24.80                            ^
#9 24.80 Release/obj/gen/sqlite-autoconf-3150000/sqlite3.c:115932:58: note: in expansion of macro 'SQLITE_DYNAMIC'
#9 24.80          sqlite3VdbeSetColName(v, i, COLNAME_NAME, zName, SQLITE_DYNAMIC);
#9 24.80                                                           ^~~~~~~~~~~~~~
#9 24.81 Release/obj/gen/sqlite-autoconf-3150000/sqlite3.c:11909:27: warning: cast between incompatible function types from 'int (*)(void *)' to 'void (*)(void *)' [-Wcast-function-type]
#9 24.81  #define SQLITE_DYNAMIC   ((sqlite3_destructor_type)sqlite3MallocSize)
#9 24.81                            ^
#9 24.81 Release/obj/gen/sqlite-autoconf-3150000/sqlite3.c:115939:52: note: in expansion of macro 'SQLITE_DYNAMIC'
#9 24.81        sqlite3VdbeSetColName(v, i, COLNAME_NAME, z, SQLITE_DYNAMIC);
#9 24.81                                                     ^~~~~~~~~~~~~~
#9 26.40 Release/obj/gen/sqlite-autoconf-3150000/sqlite3.c: In function 'sqlite3_trace':
#9 26.41 Release/obj/gen/sqlite-autoconf-3150000/sqlite3.c:139629:16: warning: cast between incompatible function types from 'void (*)(void *, const char *)' to 'int (*)(u32,  void *, void *, void *)' {aka 'int (*)(unsigned int,  void *, void *, void *)'} [-Wcast-function-type]
#9 26.41    db->xTrace = (int(*)(u32,void*,void*,void*))xTrace;
#9 26.41                 ^
#9 26.47 Release/obj/gen/sqlite-autoconf-3150000/sqlite3.c: In function 'sqlite3_trace':
#9 26.47 Release/obj/gen/sqlite-autoconf-3150000/sqlite3.c:139629:16: warning: cast between incompatible function types from 'void (*)(void *, const char *)' to 'int (*)(u32,  void *, void *, void *)' {aka 'int (*)(unsigned int,  void *, void *, void *)'} [-Wcast-function-type]
#9 26.47    db->xTrace = (int(*)(u32,void*,void*,void*))xTrace;
#9 26.47                 ^
#9 27.47 Release/obj/gen/sqlite-autoconf-3150000/sqlite3.c: In function 'fts3SegWriterAdd':
#9 27.48 Release/obj/gen/sqlite-autoconf-3150000/sqlite3.c:153158: error: unterminated #if
#9 27.48  #if !defined(SQLITE_CORE) || defined(SQLITE_ENABLE_FTS3)
#9 27.48  
#9 27.48 Release/obj/gen/sqlite-autoconf-3150000/sqlite3.c:155421:7: error: expected expression at end of input
#9 27.48        sqlite3Fts3VarintLen(nDoclist) +      /* Size of doclist */
#9 27.48        ^~~~~~~~~~~~~~~~~~~~
#9 27.48 Release/obj/gen/sqlite-autoconf-3150000/sqlite3.c:155421:7: error: expected declaration or statement at end of input
#9 27.48 Release/obj/gen/sqlite-autoconf-3150000/sqlite3.c:155421:7: error: expected declaration or statement at end of input
#9 27.48 Release/obj/gen/sqlite-autoconf-3150000/sqlite3.c: At top level:
#9 27.49 Release/obj/gen/sqlite-autoconf-3150000/sqlite3.c:137789:20: warning: 'sqlite3RtreeInit' used but never defined
#9 27.49  SQLITE_PRIVATE int sqlite3RtreeInit(sqlite3 *db);
#9 27.49                     ^~~~~~~~~~~~~~~~
#9 27.49 Release/obj/gen/sqlite-autoconf-3150000/sqlite3.c:137833:20: warning: 'sqlite3Json1Init' used but never defined
#9 27.49  SQLITE_PRIVATE int sqlite3Json1Init(sqlite3*);
#9 27.49                     ^~~~~~~~~~~~~~~~
#9 27.49 Release/obj/gen/sqlite-autoconf-3150000/sqlite3.c:137836:20: warning: 'sqlite3Fts5Init' used but never defined
#9 27.49  SQLITE_PRIVATE int sqlite3Fts5Init(sqlite3*);
#9 27.49                     ^~~~~~~~~~~~~~~
#9 27.50 Release/obj/gen/sqlite-autoconf-3150000/sqlite3.c:143214:20: warning: 'sqlite3Fts3UpdateMethod' used but never defined
#9 27.50  SQLITE_PRIVATE int sqlite3Fts3UpdateMethod(sqlite3_vtab*,int,sqlite3_value**,sqlite3_int64*);
#9 27.50                     ^~~~~~~~~~~~~~~~~~~~~~~
#9 27.50 Release/obj/gen/sqlite-autoconf-3150000/sqlite3.c:143215:20: warning: 'sqlite3Fts3PendingTermsFlush' used but never defined
#9 27.50  SQLITE_PRIVATE int sqlite3Fts3PendingTermsFlush(Fts3Table *);
#9 27.50                     ^~~~~~~~~~~~~~~~~~~~~~~~~~~~
#9 27.50 Release/obj/gen/sqlite-autoconf-3150000/sqlite3.c:143217:20: warning: 'sqlite3Fts3Optimize' used but never defined
#9 27.50  SQLITE_PRIVATE int sqlite3Fts3Optimize(Fts3Table *);
#9 27.50                     ^~~~~~~~~~~~~~~~~~~
#9 27.50 Release/obj/gen/sqlite-autoconf-3150000/sqlite3.c:143230:21: warning: 'sqlite3Fts3FreeDeferredTokens' used but never defined
#9 27.50  SQLITE_PRIVATE void sqlite3Fts3FreeDeferredTokens(Fts3Cursor *);
#9 27.50                      ^~~~~~~~~~~~~~~~~~~~~~~~~~~~~
#9 27.51 Release/obj/gen/sqlite-autoconf-3150000/sqlite3.c:143231:20: warning: 'sqlite3Fts3DeferToken' used but never defined
#9 27.51  SQLITE_PRIVATE int sqlite3Fts3DeferToken(Fts3Cursor *, Fts3PhraseToken *, int);
#9 27.51                     ^~~~~~~~~~~~~~~~~~~~~
#9 27.51 Release/obj/gen/sqlite-autoconf-3150000/sqlite3.c:143232:20: warning: 'sqlite3Fts3CacheDeferredDoclists' used but never defined
#9 27.51  SQLITE_PRIVATE int sqlite3Fts3CacheDeferredDoclists(Fts3Cursor *);
#9 27.51                     ^~~~~~~~~~~~~~~~~~~~~~~~~~~~~~~~
#9 27.51 Release/obj/gen/sqlite-autoconf-3150000/sqlite3.c:143233:21: warning: 'sqlite3Fts3FreeDeferredDoclists' used but never defined
#9 27.51  SQLITE_PRIVATE void sqlite3Fts3FreeDeferredDoclists(Fts3Cursor *);
#9 27.51                      ^~~~~~~~~~~~~~~~~~~~~~~~~~~~~~~
#9 27.51 Release/obj/gen/sqlite-autoconf-3150000/sqlite3.c:143234:20: warning: 'sqlite3Fts3DeferredTokenList' used but never defined
#9 27.51  SQLITE_PRIVATE int sqlite3Fts3DeferredTokenList(Fts3DeferredToken *, char **, int *);
#9 27.51                     ^~~~~~~~~~~~~~~~~~~~~~~~~~~~
#9 27.52 Release/obj/gen/sqlite-autoconf-3150000/sqlite3.c:143250:20: warning: 'sqlite3Fts3SegReaderStart' used but never defined
#9 27.52  SQLITE_PRIVATE int sqlite3Fts3SegReaderStart(Fts3Table*, Fts3MultiSegReader*, Fts3SegFilter*);
#9 27.52                     ^~~~~~~~~~~~~~~~~~~~~~~~~
#9 27.52 Release/obj/gen/sqlite-autoconf-3150000/sqlite3.c:143251:20: warning: 'sqlite3Fts3SegReaderStep' used but never defined
#9 27.52  SQLITE_PRIVATE int sqlite3Fts3SegReaderStep(Fts3Table *, Fts3MultiSegReader *);
#9 27.52                     ^~~~~~~~~~~~~~~~~~~~~~~~
#9 27.52 Release/obj/gen/sqlite-autoconf-3150000/sqlite3.c:143252:21: warning: 'sqlite3Fts3SegReaderFinish' used but never defined
#9 27.52  SQLITE_PRIVATE void sqlite3Fts3SegReaderFinish(Fts3MultiSegReader *);
#9 27.52                      ^~~~~~~~~~~~~~~~~~~~~~~~~~
#9 27.53 Release/obj/gen/sqlite-autoconf-3150000/sqlite3.c:143296:20: warning: 'sqlite3Fts3Incrmerge' used but never defined
#9 27.53  SQLITE_PRIVATE int sqlite3Fts3Incrmerge(Fts3Table*,int,int);
#9 27.53                     ^~~~~~~~~~~~~~~~~~~~
#9 27.53 Release/obj/gen/sqlite-autoconf-3150000/sqlite3.c:143324:21: warning: 'sqlite3Fts3Offsets' used but never defined
#9 27.53  SQLITE_PRIVATE void sqlite3Fts3Offsets(sqlite3_context*, Fts3Cursor*);
#9 27.53                      ^~~~~~~~~~~~~~~~~~
#9 27.53 Release/obj/gen/sqlite-autoconf-3150000/sqlite3.c:143325:21: warning: 'sqlite3Fts3Snippet' used but never defined
#9 27.53  SQLITE_PRIVATE void sqlite3Fts3Snippet(sqlite3_context *, Fts3Cursor *, const char *,
#9 27.53                      ^~~~~~~~~~~~~~~~~~
#9 27.53 Release/obj/gen/sqlite-autoconf-3150000/sqlite3.c:143328:21: warning: 'sqlite3Fts3Matchinfo' used but never defined
#9 27.53  SQLITE_PRIVATE void sqlite3Fts3Matchinfo(sqlite3_context *, Fts3Cursor *, const char *);
#9 27.53                      ^~~~~~~~~~~~~~~~~~~~
#9 27.54 Release/obj/gen/sqlite-autoconf-3150000/sqlite3.c:143329:21: warning: 'sqlite3Fts3MIBufferFree' used but never defined
#9 27.54  SQLITE_PRIVATE void sqlite3Fts3MIBufferFree(MatchinfoBuffer *p);
#9 27.54                      ^~~~~~~~~~~~~~~~~~~~~~~
#9 27.54 Release/obj/gen/sqlite-autoconf-3150000/sqlite3.c:143350:20: warning: 'sqlite3Fts3MsrIncrStart' used but never defined
#9 27.54  SQLITE_PRIVATE int sqlite3Fts3MsrIncrStart(
#9 27.54                     ^~~~~~~~~~~~~~~~~~~~~~~
#9 27.54 Release/obj/gen/sqlite-autoconf-3150000/sqlite3.c:143352:20: warning: 'sqlite3Fts3MsrIncrNext' used but never defined
#9 27.54  SQLITE_PRIVATE int sqlite3Fts3MsrIncrNext(
#9 27.54                     ^~~~~~~~~~~~~~~~~~~~~~
#9 27.54 Release/obj/gen/sqlite-autoconf-3150000/sqlite3.c:143356:20: warning: 'sqlite3Fts3MsrIncrRestart' used but never defined
#9 27.54  SQLITE_PRIVATE int sqlite3Fts3MsrIncrRestart(Fts3MultiSegReader *pCsr);
#9 27.54                     ^~~~~~~~~~~~~~~~~~~~~~~~~
#9 27.55 Release/obj/gen/sqlite-autoconf-3150000/sqlite3.c:143363:20: warning: 'sqlite3FtsUnicodeFold' declared 'static' but never defined [-Wunused-function]
#9 27.55  SQLITE_PRIVATE int sqlite3FtsUnicodeFold(int, int);
#9 27.55                     ^~~~~~~~~~~~~~~~~~~~~
#9 27.55 Release/obj/gen/sqlite-autoconf-3150000/sqlite3.c:143364:20: warning: 'sqlite3FtsUnicodeIsalnum' declared 'static' but never defined [-Wunused-function]
#9 27.55  SQLITE_PRIVATE int sqlite3FtsUnicodeIsalnum(int);
#9 27.55                     ^~~~~~~~~~~~~~~~~~~~~~~~
#9 27.55 Release/obj/gen/sqlite-autoconf-3150000/sqlite3.c:143365:20: warning: 'sqlite3FtsUnicodeIsdiacritic' declared 'static' but never defined [-Wunused-function]
#9 27.55  SQLITE_PRIVATE int sqlite3FtsUnicodeIsdiacritic(int);
#9 27.55                     ^~~~~~~~~~~~~~~~~~~~~~~~~~~~
#9 27.56 Release/obj/gen/sqlite-autoconf-3150000/sqlite3.c:146941:21: warning: 'sqlite3Fts3UnicodeTokenizer' used but never defined
#9 27.56  SQLITE_PRIVATE void sqlite3Fts3UnicodeTokenizer(sqlite3_tokenizer_module const**ppModule);
#9 27.56                      ^~~~~~~~~~~~~~~~~~~~~~~~~~~
#9 27.56 Release/obj/gen/sqlite-autoconf-3150000/sqlite3.c:154242:12: warning: 'fts3SegmentMerge' used but never defined
#9 27.56  static int fts3SegmentMerge(Fts3Table *, int, int, int);
#9 27.56             ^~~~~~~~~~~~~~~~
#9 27.57 Release/obj/gen/sqlite-autoconf-3150000/sqlite3.c: In function 'sqlite3VXPrintf':
#9 27.57 Release/obj/gen/sqlite-autoconf-3150000/sqlite3.c:25065:19: warning: this statement may fall through [-Wimplicit-fallthrough=]
#9 27.57          flag_long = sizeof(char*)==sizeof(long int);
#9 27.57          ~~~~~~~~~~^~~~~~~~~~~~~~~~~~~~~~~~~~~~~~~~~
#9 27.57 Release/obj/gen/sqlite-autoconf-3150000/sqlite3.c:25067:7: note: here
#9 27.57        case etORDINAL:
#9 27.57        ^~~~
#9 27.64 Release/obj/gen/sqlite-autoconf-3150000/sqlite3.c: In function 'sqlite3GetToken':
#9 27.64 Release/obj/gen/sqlite-autoconf-3150000/sqlite3.c:137154:9: warning: this statement may fall through [-Wimplicit-fallthrough=]
#9 27.64        if( !sqlite3Isdigit(z[1]) )
#9 27.64          ^
#9 27.64 Release/obj/gen/sqlite-autoconf-3150000/sqlite3.c:137163:5: note: here
#9 27.64      case CC_DIGIT: {
#9 27.64      ^~~~
#9 27.65 Release/obj/gen/sqlite-autoconf-3150000/sqlite3.c:137253:9: warning: this statement may fall through [-Wimplicit-fallthrough=]
#9 27.65        if( z[1]=='\'' ){
#9 27.65          ^
#9 27.65 Release/obj/gen/sqlite-autoconf-3150000/sqlite3.c:137267:5: note: here
#9 27.65      case CC_ID: {
#9 27.65      ^~~~
#9 27.66 Release/obj/gen/sqlite-autoconf-3150000/sqlite3.c: In function 'sqlite3ExprCodeTarget':
#9 27.66 Release/obj/gen/sqlite-autoconf-3150000/sqlite3.c:93034:25: warning: this statement may fall through [-Wimplicit-fallthrough=]
#9 27.66      case TK_AGG_COLUMN: {
#9 27.66                          ^
#9 27.66 Release/obj/gen/sqlite-autoconf-3150000/sqlite3.c:93047:5: note: here
#9 27.66      case TK_COLUMN: {
#9 27.66      ^~~~
#9 27.68 Release/obj/gen/sqlite-autoconf-3150000/sqlite3.c: In function 'resolveP2Values':
#9 27.68 Release/obj/gen/sqlite-autoconf-3150000/sqlite3.c:71026:13: warning: this statement may fall through [-Wimplicit-fallthrough=]
#9 27.68            if( pOp->p2!=0 ) p->readOnly = 0;
#9 27.68              ^
#9 27.68 Release/obj/gen/sqlite-autoconf-3150000/sqlite3.c:71029:9: note: here
#9 27.68          case OP_AutoCommit:
#9 27.68          ^~~~
#9 27.75 Release/obj/gen/sqlite-autoconf-3150000/sqlite3.c: In function 'fkActionTrigger':
#9 27.75 Release/obj/gen/sqlite-autoconf-3150000/sqlite3.c:107247:11: warning: this statement may fall through [-Wimplicit-fallthrough=]
#9 27.75          if( !pChanges ){
#9 27.75            ^
#9 27.75 Release/obj/gen/sqlite-autoconf-3150000/sqlite3.c:107251:7: note: here
#9 27.75        default:
#9 27.75        ^~~~~~~
#9 27.75 Release/obj/gen/sqlite-autoconf-3150000/sqlite3.c: In function 'sqlite3GenerateConstraintChecks':
#9 27.76 Release/obj/gen/sqlite-autoconf-3150000/sqlite3.c:108736:17: warning: this statement may fall through [-Wimplicit-fallthrough=]
#9 27.76          onError = OE_Abort;
#9 27.76                  ^
#9 27.76 Release/obj/gen/sqlite-autoconf-3150000/sqlite3.c:108739:7: note: here
#9 27.76        case OE_Rollback:
#9 27.76        ^~~~
#9 27.79 Release/obj/gen/sqlite-autoconf-3150000/sqlite3.c: In function 'sqlite3VdbeExec':
#9 27.80 Release/obj/gen/sqlite-autoconf-3150000/sqlite3.c:78202:5: warning: this statement may fall through [-Wimplicit-fallthrough=]
#9 27.80    if( (pIn3->flags & MEM_Null)==0 ) break;
#9 27.80      ^
#9 27.80 Release/obj/gen/sqlite-autoconf-3150000/sqlite3.c:78236:1: note: here
#9 27.80  case OP_Halt: {
#9 27.80  ^~~~
#9 27.80 Release/obj/gen/sqlite-autoconf-3150000/sqlite3.c:78367:5: warning: this statement may fall through [-Wimplicit-fallthrough=]
#9 27.80    if( pOp->p1>db->aLimit[SQLITE_LIMIT_LENGTH] ){
#9 27.80      ^
#9 27.80 Release/obj/gen/sqlite-autoconf-3150000/sqlite3.c:78386:1: note: here
#9 27.80  case OP_String: {          /* out2 */
#9 27.80  ^~~~
#9 27.80 Release/obj/gen/sqlite-autoconf-3150000/sqlite3.c:78941:15: warning: this statement may fall through [-Wimplicit-fallthrough=]
#9 27.80    pOp->opcode = OP_Function;
#9 27.80                ^
#9 27.80 Release/obj/gen/sqlite-autoconf-3150000/sqlite3.c:78944:1: note: here
#9 27.80  case OP_Function: {
#9 27.80  ^~~~
#9 27.81 Release/obj/gen/sqlite-autoconf-3150000/sqlite3.c:82140:38: warning: this statement may fall through [-Wimplicit-fallthrough=]
#9 27.81    p->aCounter[SQLITE_STMTSTATUS_SORT]++;
#9 27.81    ~~~~~~~~~~~~~~~~~~~~~~~~~~~~~~~~~~~^~
#9 27.81 Release/obj/gen/sqlite-autoconf-3150000/sqlite3.c:82155:1: note: here
#9 27.81  case OP_Rewind: {        /* jump */
#9 27.81  ^~~~
#9 27.81 Release/obj/gen/sqlite-autoconf-3150000/sqlite3.c:83361:15: warning: this statement may fall through [-Wimplicit-fallthrough=]
#9 27.81    pOp->opcode = OP_AggStep;
#9 27.81                ^
#9 27.81 Release/obj/gen/sqlite-autoconf-3150000/sqlite3.c:83364:1: note: here
#9 27.81  case OP_AggStep: {
#9 27.81  ^~~~
#9 27.87 Release/obj/gen/sqlite-autoconf-3150000/sqlite3.c: In function 'fts3SnippetFunc':
#9 27.87 Release/obj/gen/sqlite-autoconf-3150000/sqlite3.c:146657:22: warning: this statement may fall through [-Wimplicit-fallthrough=]
#9 27.87      case 6: nToken = sqlite3_value_int(apVal[5]);
#9 27.87                       ^~~~~~~~~~~~~~~~~~~~~~~~~~~
#9 27.88 Release/obj/gen/sqlite-autoconf-3150000/sqlite3.c:146658:5: note: here
#9 27.88      case 5: iCol = sqlite3_value_int(apVal[4]);
#9 27.88      ^~~~
#9 27.88 Release/obj/gen/sqlite-autoconf-3150000/sqlite3.c:146658:20: warning: this statement may fall through [-Wimplicit-fallthrough=]
#9 27.88      case 5: iCol = sqlite3_value_int(apVal[4]);
#9 27.88                     ^~~~~~~~~~~~~~~~~~~~~~~~~~~
#9 27.88 Release/obj/gen/sqlite-autoconf-3150000/sqlite3.c:146659:5: note: here
#9 27.88      case 4: zEllipsis = (const char*)sqlite3_value_text(apVal[3]);
#9 27.88      ^~~~
#9 27.89 Release/obj/gen/sqlite-autoconf-3150000/sqlite3.c:146659:38: warning: this statement may fall through [-Wimplicit-fallthrough=]
#9 27.89      case 4: zEllipsis = (const char*)sqlite3_value_text(apVal[3]);
#9 27.89                                       ^~~~~~~~~~~~~~~~~~~~~~~~~~~~
#9 27.89 Release/obj/gen/sqlite-autoconf-3150000/sqlite3.c:146660:5: note: here
#9 27.89      case 3: zEnd = (const char*)sqlite3_value_text(apVal[2]);
#9 27.89      ^~~~
#9 27.90 Release/obj/gen/sqlite-autoconf-3150000/sqlite3.c:146660:33: warning: this statement may fall through [-Wimplicit-fallthrough=]
#9 27.90      case 3: zEnd = (const char*)sqlite3_value_text(apVal[2]);
#9 27.90                                  ^~~~~~~~~~~~~~~~~~~~~~~~~~~~
#9 27.90 Release/obj/gen/sqlite-autoconf-3150000/sqlite3.c:146661:5: note: here
#9 27.90      case 2: zStart = (const char*)sqlite3_value_text(apVal[1]);
#9 27.90      ^~~~
#9 27.93 At top level:
#9 27.93 Release/obj/gen/sqlite-autoconf-3150000/sqlite3.c:155337:12: warning: 'fts3SegWriterAdd' defined but not used [-Wunused-function]
#9 27.93  static int fts3SegWriterAdd(
#9 27.93             ^~~~~~~~~~~~~~~~
#9 27.94 Release/obj/gen/sqlite-autoconf-3150000/sqlite3.c:155312:13: warning: 'fts3NodeFree' defined but not used [-Wunused-function]
#9 27.94  static void fts3NodeFree(SegmentNode *pTree){
#9 27.94              ^~~~~~~~~~~~
#9 27.94 Release/obj/gen/sqlite-autoconf-3150000/sqlite3.c:155268:12: warning: 'fts3NodeWrite' defined but not used [-Wunused-function]
#9 27.94  static int fts3NodeWrite(
#9 27.94             ^~~~~~~~~~~~~
#9 27.95 Release/obj/gen/sqlite-autoconf-3150000/sqlite3.c:155075:12: warning: 'fts3WriteSegdir' defined but not used [-Wunused-function]
#9 27.95  static int fts3WriteSegdir(
#9 27.95             ^~~~~~~~~~~~~~~
#9 27.96 Release/obj/gen/sqlite-autoconf-3150000/sqlite3.c:155001:13: warning: 'fts3SegReaderSort' defined but not used [-Wunused-function]
#9 27.96  static void fts3SegReaderSort(
#9 27.96              ^~~~~~~~~~~~~~~~~
#9 27.96 Release/obj/gen/sqlite-autoconf-3150000/sqlite3.c:154976:12: warning: 'fts3SegReaderTermCmp' defined but not used [-Wunused-function]
#9 27.96  static int fts3SegReaderTermCmp(
#9 27.96             ^~~~~~~~~~~~~~~~~~~~
#9 27.97 Release/obj/gen/sqlite-autoconf-3150000/sqlite3.c:154955:12: warning: 'fts3SegReaderDoclistCmpRev' defined but not used [-Wunused-function]
#9 27.97  static int fts3SegReaderDoclistCmpRev(Fts3SegReader *pLhs, Fts3SegReader *pRhs){
#9 27.97             ^~~~~~~~~~~~~~~~~~~~~~~~~~
#9 27.97 Release/obj/gen/sqlite-autoconf-3150000/sqlite3.c:154943:12: warning: 'fts3SegReaderDoclistCmp' defined but not used [-Wunused-function]
#9 27.97  static int fts3SegReaderDoclistCmp(Fts3SegReader *pLhs, Fts3SegReader *pRhs){
#9 27.97             ^~~~~~~~~~~~~~~~~~~~~~~
#9 27.98 Release/obj/gen/sqlite-autoconf-3150000/sqlite3.c:154910:12: warning: 'fts3SegReaderCmp' defined but not used [-Wunused-function]
#9 27.98  static int fts3SegReaderCmp(Fts3SegReader *pLhs, Fts3SegReader *pRhs){
#9 27.98             ^~~~~~~~~~~~~~~~
#9 27.98 Release/obj/gen/sqlite-autoconf-3150000/sqlite3.c:154587:12: warning: 'fts3SegReaderNextDocid' defined but not used [-Wunused-function]
#9 27.98  static int fts3SegReaderNextDocid(
#9 27.98             ^~~~~~~~~~~~~~~~~~~~~~
#9 27.99 Release/obj/gen/sqlite-autoconf-3150000/sqlite3.c:154555:12: warning: 'fts3SegReaderFirstDocid' defined but not used [-Wunused-function]
#9 27.99  static int fts3SegReaderFirstDocid(Fts3Table *pTab, Fts3SegReader *pReader){
#9 27.99             ^~~~~~~~~~~~~~~~~~~~~~~
#9 28.00 Release/obj/gen/sqlite-autoconf-3150000/sqlite3.c:154443:12: warning: 'fts3SegReaderNext' defined but not used [-Wunused-function]
#9 28.00  static int fts3SegReaderNext(
#9 28.00             ^~~~~~~~~~~~~~~~~
#9 28.00 Release/obj/gen/sqlite-autoconf-3150000/sqlite3.c:154259:12: warning: 'fts3AllocateSegdirIdx' defined but not used [-Wunused-function]
#9 28.00  static int fts3AllocateSegdirIdx(
#9 28.00             ^~~~~~~~~~~~~~~~~~~~~
#9 28.01 Release/obj/gen/sqlite-autoconf-3150000/sqlite3.c:154197:13: warning: 'fts3DeleteTerms' defined but not used [-Wunused-function]
#9 28.01  static void fts3DeleteTerms(
#9 28.01              ^~~~~~~~~~~~~~~
#9 28.01 Release/obj/gen/sqlite-autoconf-3150000/sqlite3.c:154162:12: warning: 'fts3DeleteAll' defined but not used [-Wunused-function]
#9 28.01  static int fts3DeleteAll(Fts3Table *p, int bContent){
#9 28.01             ^~~~~~~~~~~~~
#9 28.02 Release/obj/gen/sqlite-autoconf-3150000/sqlite3.c:154088:12: warning: 'fts3InsertData' defined but not used [-Wunused-function]
#9 28.02  static int fts3InsertData(
#9 28.02             ^~~~~~~~~~~~~~
#9 28.02 Release/obj/gen/sqlite-autoconf-3150000/sqlite3.c:154053:12: warning: 'fts3InsertTerms' defined but not used [-Wunused-function]
#9 28.02  static int fts3InsertTerms(
#9 28.02             ^~~~~~~~~~~~~~~
#9 28.03 Release/obj/gen/sqlite-autoconf-3150000/sqlite3.c:153659:12: warning: 'fts3Writelock' defined but not used [-Wunused-function]
#9 28.03  static int fts3Writelock(Fts3Table *p){
#9 28.03             ^~~~~~~~~~~~~
#9 28.04 Release/obj/gen/sqlite-autoconf-3150000/sqlite3.c:153611:20: warning: 'sqlite3Fts3SelectDocsize' defined but not used [-Wunused-function]
#9 28.04  SQLITE_PRIVATE int sqlite3Fts3SelectDocsize(
#9 28.04                     ^~~~~~~~~~~~~~~~~~~~~~~~
#9 28.04 Release/obj/gen/sqlite-autoconf-3150000/sqlite3.c:148831:20: warning: 'sqlite3Fts3EvalPhrasePoslist' defined but not used [-Wunused-function]
#9 28.04  SQLITE_PRIVATE int sqlite3Fts3EvalPhrasePoslist(
#9 28.04                     ^~~~~~~~~~~~~~~~~~~~~~~~~~~~
#9 28.05 Release/obj/gen/sqlite-autoconf-3150000/sqlite3.c:148783:20: warning: 'sqlite3Fts3EvalPhraseStats' defined but not used [-Wunused-function]
#9 28.05  SQLITE_PRIVATE int sqlite3Fts3EvalPhraseStats(
#9 28.05                     ^~~~~~~~~~~~~~~~~~~~~~~~~~
#9 28.05 Release/obj/gen/sqlite-autoconf-3150000/sqlite3.c:145695:20: warning: 'sqlite3Fts3FirstFilter' defined but not used [-Wunused-function]
#9 28.05  SQLITE_PRIVATE int sqlite3Fts3FirstFilter(
#9 28.05                     ^~~~~~~~~~~~~~~~~~~~~~
#9 28.06 make: *** [deps/sqlite3.target.mk:139: Release/obj.target/sqlite3/gen/sqlite-autoconf-3150000/sqlite3.o] Error 1
#9 28.06 make: Leaving directory '/usr/src/app/node_modules/sqlite3/build'
#9 28.06 gyp ERR! build error 
#9 28.06 gyp ERR! stack Error: `make` failed with exit code: 2
#9 28.06 gyp ERR! stack     at ChildProcess.onExit (/usr/local/lib/node_modules/npm/node_modules/node-gyp/lib/build.js:194:23)
#9 28.06 gyp ERR! stack     at ChildProcess.emit (events.js:400:28)
#9 28.06 gyp ERR! stack     at Process.ChildProcess._handle.onexit (internal/child_process.js:285:12)
#9 28.06 gyp ERR! System Linux 3.10.0-1160.31.1.el7.x86_64
#9 28.06 gyp ERR! command "/usr/local/bin/node" "/usr/local/lib/node_modules/npm/node_modules/node-gyp/bin/node-gyp.js" "build" "--fallback-to-build" "--module=/usr/src/app/node_modules/sqlite3/lib/binding/node-v83-linux-x64/node_sqlite3.node" "--module_name=node_sqlite3" "--module_path=/usr/src/app/node_modules/sqlite3/lib/binding/node-v83-linux-x64"
#9 28.07 gyp ERR! cwd /usr/src/app/node_modules/sqlite3
#9 28.07 gyp ERR! node -v v14.21.3
#9 28.07 gyp ERR! node-gyp -v v5.1.1
#9 28.07 gyp ERR! not ok 
#9 28.07 node-pre-gyp ERR! build error 
#9 28.07 node-pre-gyp ERR! stack Error: Failed to execute '/usr/local/bin/node /usr/local/lib/node_modules/npm/node_modules/node-gyp/bin/node-gyp.js build --fallback-to-build --module=/usr/src/app/node_modules/sqlite3/lib/binding/node-v83-linux-x64/node_sqlite3.node --module_name=node_sqlite3 --module_path=/usr/src/app/node_modules/sqlite3/lib/binding/node-v83-linux-x64' (1)
#9 28.07 node-pre-gyp ERR! stack     at ChildProcess.<anonymous> (/usr/src/app/node_modules/sqlite3/node_modules/node-pre-gyp/lib/util/compile.js:83:29)
#9 28.07 node-pre-gyp ERR! stack     at ChildProcess.emit (events.js:400:28)
#9 28.07 node-pre-gyp ERR! stack     at maybeClose (internal/child_process.js:1088:16)
#9 28.07 node-pre-gyp ERR! stack     at Process.ChildProcess._handle.onexit (internal/child_process.js:296:5)
#9 28.07 node-pre-gyp ERR! System Linux 3.10.0-1160.31.1.el7.x86_64
#9 28.07 node-pre-gyp ERR! command "/usr/local/bin/node" "/usr/src/app/node_modules/sqlite3/node_modules/.bin/node-pre-gyp" "install" "--fallback-to-build"
#9 28.07 node-pre-gyp ERR! cwd /usr/src/app/node_modules/sqlite3
#9 28.07 node-pre-gyp ERR! node -v v14.21.3
#9 28.07 node-pre-gyp ERR! node-pre-gyp -v v0.6.38
#9 28.07 node-pre-gyp ERR! not ok 
#9 28.07 Failed to execute '/usr/local/bin/node /usr/local/lib/node_modules/npm/node_modules/node-gyp/bin/node-gyp.js build --fallback-to-build --module=/usr/src/app/node_modules/sqlite3/lib/binding/node-v83-linux-x64/node_sqlite3.node --module_name=node_sqlite3 --module_path=/usr/src/app/node_modules/sqlite3/lib/binding/node-v83-linux-x64' (1)
#9 29.16 npm WARN notsup Unsupported engine for grunt@1.6.1: wanted: {"node":">=16"} (current: {"node":"14.21.3","npm":"6.14.18"})
#9 29.16 npm WARN notsup Not compatible with your version of node/npm: grunt@1.6.1
#9 29.16 
#9 29.21 npm ERR! code ELIFECYCLE
#9 29.21 npm ERR! errno 1
#9 29.23 npm ERR! sqlite3@3.1.13 install: `node-pre-gyp install --fallback-to-build`
#9 29.23 npm ERR! Exit status 1
#9 29.23 npm ERR! 
#9 29.23 npm ERR! Failed at the sqlite3@3.1.13 install script.
#9 29.23 npm ERR! This is probably not a problem with npm. There is likely additional logging output above.
#9 29.29 
#9 29.29 npm ERR! A complete log of this run can be found in:
#9 29.29 npm ERR!     /root/.npm/_logs/2024-07-30T22_55_12_919Z-debug.log
#9 ERROR: process "/bin/sh -c npm install" did not complete successfully: exit code: 1
------
 > [5/7] RUN npm install:
28.07 node-pre-gyp ERR! stack     at Process.ChildProcess._handle.onexit (internal/child_process.js:296:5)
28.07 node-pre-gyp ERR! System Linux 3.10.0-1160.31.1.el7.x86_64
28.07 node-pre-gyp ERR! command "/usr/local/bin/node" "/usr/src/app/node_modules/sqlite3/node_modules/.bin/node-pre-gyp" "install" "--fallback-to-build"
28.07 node-pre-gyp ERR! cwd /usr/src/app/node_modules/sqlite3
28.07 node-pre-gyp ERR! node -v v14.21.3
28.07 node-pre-gyp ERR! node-pre-gyp -v v0.6.38
28.07 node-pre-gyp ERR! not ok 
28.07 Failed to execute '/usr/local/bin/node /usr/local/lib/node_modules/npm/node_modules/node-gyp/bin/node-gyp.js build --fallback-to-build --module=/usr/src/app/node_modules/sqlite3/lib/binding/node-v83-linux-x64/node_sqlite3.node --module_name=node_sqlite3 --module_path=/usr/src/app/node_modules/sqlite3/lib/binding/node-v83-linux-x64' (1)
 A complete log of this run can be found in:
29.29 npm ERR!     /root/.npm/_logs/2024-07-30T22_55_12_919Z-debug.log
------
v1_Dockerfile:9
--------------------
   7 |     # Install app dependencies
   8 |     COPY package.json /usr/src/app/
   9 | >>> RUN npm install
  10 |     
  11 |     # Bundle app source
--------------------
ERROR: failed to solve: process "/bin/sh -c npm install" did not complete successfully: exit code: 1
Duration: 1:23.03