
Below is the flaky Dockerfile:

# Dockerfile
```FROM node:boron

# Create app directory
RUN mkdir -p /usr/src/app
WORKDIR /usr/src/app

# Install app dependencies
COPY package.json /usr/src/app/
RUN npm install

# Bundle app source
COPY . /usr/src/app
COPY ./db/tarchive.db.example /usr/src/app/db/tarchive.db

EXPOSE 3000
CMD [ "npm", "start" ]
```

And below is the build error that occurred when trying to build the Dockerfile:
# Build Error
```> [5/7] RUN npm install:
npm ERR! Linux 3.10.0-1160.31.1.el7.x86_64
npm ERR! argv "/usr/local/bin/node" "/usr/local/bin/npm" "install"
npm ERR! node v6.17.1
npm ERR! npm  v3.10.10
npm ERR! path /usr/src/app/node_modules/.staging/@types/babylon-34a7a879/package.json
npm ERR! code ENOTDIR
npm ERR! errno -20
npm ERR! syscall open
npm ERR! ENOTDIR: not a directory, open '/usr/src/app/node_modules/.staging/@types/babylon-34a7a879/package.json'
npm ERR! 
npm ERR! If you need help, you may report this error at:
npm ERR!     <https://github.com/npm/npm/issues>
npm ERR! Please include the following file with any support request:
npm ERR!     /usr/src/app/npm-debug.log
ERROR: process "/bin/sh -c npm install" did not complete successfully: exit code: 236```

Below are a few examples of dockerfiles and their build errors alongside their repairs. These examples are provided to help you understand the task better.

# Example 1
## Example Dockerfile
```FROM node:7-onbuild

ENV PORT 8080
EXPOSE 8080

# Set this variable to the name of your production config file (without the extension)
ENV NODE_ENV default

# Set this variable to the value of the secret field of the Github webhook
ENV WEBHOOK_SECRET ''

```

## Example Build Error
```> [3/1] RUN npm install && npm cache clean --force:
npm WARN node-fetch@2.requires a peer of encoding@^0.but none was installed.
npm WARN autobounty@1.No repository field.
npm ERR! Linux 3.10.0-1127.10.1.el7.x86_64
npm ERR! argv "/usr/local/bin/node" "/usr/local/bin/npm" "install"
npm ERR! node v7.10.1
npm ERR! npm  v4.2.0
npm ERR! path /usr/src/app/node_modules/.staging/@types/triple-beam-c220f220/package.json
npm ERR! code ENOTDIR
npm ERR! errno -20
npm ERR! syscall open
npm ERR! ENOTDIR: not a directory, open '/usr/src/app/node_modules/.staging/@types/triple-beam-c220f220/package.json'
npm ERR! 
npm ERR! If you need help, you may report this error at:
npm ERR!     <https://github.com/npm/npm/issues>
npm ERR! Please include the following file with any support request:
npm ERR!     /root/.npm/_logs/2023-09-30T17_01_50_679Z-debug.log
ERROR: process "/bin/sh -c npm install && npm cache clean --force" did not complete successfully: exit code: 236```

## Example Repair

### Repair 1
```FROM node:16

ENV PORT 8080
EXPOSE 8080

WORKDIR /usr/src/app
COPY package.json ./

RUN npm install && npm cache clean --force

COPY . .

ENV NODE_ENV default
ENV WEBHOOK_SECRET ''

CMD ["npm", "start"]
```


# Example 2
## Example Dockerfile
```FROM node:boron

# Create app directory
RUN mkdir -p /usr/src/app
WORKDIR /usr/src/app

# Install app dependencies
COPY package.json /usr/src/app
RUN npm install

# Bundle app source
COPY . /usr/src/app

EXPOSE 8080
CMD [ "npm", "start" ]

```

## Example Build Error
```> [5/6] RUN npm install:
SUSI-Bot@1./usr/src/app
npm WARN SUSI-Bot@1.No repository field.
npm WARN SUSI-Bot@1.No license field.
npm ERR! Linux 3.10.0-1160.88.1.el7.x86_64
npm ERR! argv "/usr/local/bin/node" "/usr/local/bin/npm" "install"
npm ERR! node v6.17.1
npm ERR! npm  v3.10.10
npm ERR! path /usr/src/app/node_modules/.staging/@types/connect-f4c8cb8c/package.json
npm ERR! code ENOTDIR
npm ERR! errno -20
npm ERR! syscall open
npm ERR! ENOTDIR: not a directory, open '/usr/src/app/node_modules/.staging/@types/connect-f4c8cb8c/package.json'
npm ERR! 
npm ERR! If you need help, you may report this error at:
npm ERR!     <https://github.com/npm/npm/issues>
npm ERR! Please include the following file with any support request:
npm ERR!     /usr/src/app/npm-debug.log
ERROR: process "/bin/sh -c npm install" did not complete successfully: exit code: 236```

## Example Repair

### Repair 1
```FROM node:14

# Create app directory
RUN mkdir -p /usr/src/app
WORKDIR /usr/src/app

# Install app dependencies
COPY package.json /usr/src/app
RUN npm cache clean --force
RUN npm install

# Bundle app source
COPY . /usr/src/app

EXPOSE 8080
CMD [ "npm", "start" ]
```


# Example 3
## Example Dockerfile
```FROM python:3.10
ENV PYTHONUNBUFFERED 1

RUN curl -sL https://deb.nodesource.com/setup_14.x | bash - \
&& apt-get update && apt-get install -y gettext postgresql-client nodejs \
&& wget https://raw.githubusercontent.com/vishnubob/wait-for-it/master/wait-for-it.sh -P /usr/bin \
&& chmod +x /usr/bin/wait-for-it.sh

RUN mkdir -p /usr/src/app

WORKDIR /usr/src/app
COPY requirements.txt package.json /usr/src/app/ 
RUN pip install -r requirements.txt
RUN npm install
COPY . /usr/src/app/
CMD /bin/sh -c "/usr/bin/wait-for-it.sh db:5432 -- ./app/manage.py migrate && ./app/manage.py loaddata tools/docker/user.json && ./app/manage.py runserver 0.0.0.0:8000"

```

## Example Build Error
```> [7/8] RUN npm install:
/bin/sh: 1: npm: not found
ERROR: process "/bin/sh -c npm install" did not complete successfully: exit code: 127```

## Example Repair

### Repair 1
```FROM python:3.10
ENV PYTHONUNBUFFERED 1

RUN curl -sL https://deb.nodesource.com/setup_14.x | bash - \
&& apt-get update && apt-get install -y gettext postgresql-client nodejs npm \
&& wget https://raw.githubusercontent.com/vishnubob/wait-for-it/master/wait-for-it.sh -P /usr/bin \
&& chmod +x /usr/bin/wait-for-it.sh

RUN mkdir -p /usr/src/app

WORKDIR /usr/src/app
COPY requirements.txt package.json /usr/src/app/ 
RUN pip install -r requirements.txt
RUN npm install
COPY . /usr/src/app/
CMD /bin/sh -c "/usr/bin/wait-for-it.sh db:5432 -- ./app/manage.py migrate && ./app/manage.py loaddata tools/docker/user.json && ./app/manage.py runserver 0.0.0.0:8000"

```

Below are a few false repairs that an LLM previously made by mistake for the input flaky Dockerfile along with their build outputs as further demonstrations. These examples are provided to help you understand the task better and to avoid making the same mistakes. So, do not generate the exact false repair generated previously, but you can get ideas from them.

# False Repair 1
## False Repair Dockerfile
```FROM node:14

# Create app directory
RUN mkdir -p /usr/src/app
WORKDIR /usr/src/app

# Install app dependencies
COPY package.json /usr/src/app/
RUN npm install

# Bundle app source
COPY . /usr/src/app
COPY ./db/tarchive.db.example /usr/src/app/db/tarchive.db

EXPOSE 3000
CMD [ "npm", "start" ]```

## False Repair Build Output
```> [5/7] RUN npm install:
HTTP error 404 Not Found
Hint: If github.com is not accessible in your location
      try setting a proxy via HTTP_PROXY, e.g. 
      export HTTP_PROXY=http://example.com:1234
or configure npm proxy via
      npm config set proxy http://example.com:8080
node-pre-gyp ERR! Tried to download(403): https://mapbox-node-binary.s3.amazonaws.com/sqlite3/v3.1.13/node-v83-linux-x64.tar.gz 
node-pre-gyp ERR! Pre-built binaries not found for sqlite3@3.and node@14.(node-v83 ABI) (falling back to source compile with node-gyp) 
node-pre-gyp ERR! Tried to download(undefined): https://mapbox-node-binary.s3.amazonaws.com/sqlite3/v3.1.13/node-v83-linux-x64.tar.gz 
node-pre-gyp ERR! Pre-built binaries not found for sqlite3@3.and node@14.(node-v83 ABI) (falling back to source compile with node-gyp) 
Release/obj/gen/sqlite-autoconf-3150000/sqlite3.c:153158: error: unterminated #if
 #if !defined(SQLITE_CORE) || defined(SQLITE_ENABLE_FTS3)
Release/obj/gen/sqlite-autoconf-3150000/sqlite3.c:155421:7: error: expected expression at end of input
       sqlite3Fts3VarintLen(nDoclist) +      /* Size of doclist */
       ^~~~~~~~~~~~~~~~~~~~
Release/obj/gen/sqlite-autoconf-3150000/sqlite3.c:155421:7: error: expected declaration or statement at end of input
Release/obj/gen/sqlite-autoconf-3150000/sqlite3.c:155421:7: error: expected declaration or statement at end of input
Release/obj/gen/sqlite-autoconf-3150000/sqlite3.c: At top level:
         onError = OE_Abort;
                 ^
Release/obj/gen/sqlite-autoconf-3150000/sqlite3.c:108739:7: note: here
       case OE_Rollback:
       ^~~~
make: *** [deps/sqlite3.target.mk:139: Release/obj.target/sqlite3/gen/sqlite-autoconf-3150000/sqlite3.o] Error 1
make: Leaving directory '/usr/src/app/node_modules/sqlite3/build'
gyp ERR! build error 
gyp ERR! stack Error: `make` failed with exit code: 2
gyp ERR! stack     at ChildProcess.onExit (/usr/local/lib/node_modules/npm/node_modules/node-gyp/lib/build.js:194:23)
gyp ERR! stack     at ChildProcess.emit (events.js:400:28)
gyp ERR! stack     at Process.ChildProcess._handle.onexit (internal/child_process.js:285:12)
gyp ERR! System Linux 3.10.0-1160.31.1.el7.x86_64
gyp ERR! command "/usr/local/bin/node" "/usr/local/lib/node_modules/npm/node_modules/node-gyp/bin/node-gyp.js" "build" "--fallback-to-build" "--module=/usr/src/app/node_modules/sqlite3/lib/binding/node-v83-linux-x64/node_sqlite3.node" "--module_name=node_sqlite3" "--module_path=/usr/src/app/node_modules/sqlite3/lib/binding/node-v83-linux-x64"
gyp ERR! cwd /usr/src/app/node_modules/sqlite3
gyp ERR! node -v v14.21.3
gyp ERR! node-gyp -v v5.1.1
gyp ERR! not ok 
node-pre-gyp ERR! build error 
node-pre-gyp ERR! stack Error: Failed to execute '/usr/local/bin/node /usr/local/lib/node_modules/npm/node_modules/node-gyp/bin/node-gyp.js build --fallback-to-build --module=/usr/src/app/node_modules/sqlite3/lib/binding/node-v83-linux-x64/node_sqlite3.node --module_name=node_sqlite3 --module_path=/usr/src/app/node_modules/sqlite3/lib/binding/node-v83-linux-x64' (1)
node-pre-gyp ERR! stack     at ChildProcess.<anonymous> (/usr/src/app/node_modules/sqlite3/node_modules/node-pre-gyp/lib/util/compile.js:83:29)
node-pre-gyp ERR! stack     at ChildProcess.emit (events.js:400:28)
node-pre-gyp ERR! stack     at maybeClose (internal/child_process.js:1088:16)
node-pre-gyp ERR! stack     at Process.ChildProcess._handle.onexit (internal/child_process.js:296:5)
node-pre-gyp ERR! System Linux 3.10.0-1160.31.1.el7.x86_64
node-pre-gyp ERR! command "/usr/local/bin/node" "/usr/src/app/node_modules/sqlite3/node_modules/.bin/node-pre-gyp" "install" "--fallback-to-build"
node-pre-gyp ERR! cwd /usr/src/app/node_modules/sqlite3
node-pre-gyp ERR! node -v v14.21.3
node-pre-gyp ERR! node-pre-gyp -v v0.6.38
node-pre-gyp ERR! not ok 
Failed to execute '/usr/local/bin/node /usr/local/lib/node_modules/npm/node_modules/node-gyp/bin/node-gyp.js build --fallback-to-build --module=/usr/src/app/node_modules/sqlite3/lib/binding/node-v83-linux-x64/node_sqlite3.node --module_name=node_sqlite3 --module_path=/usr/src/app/node_modules/sqlite3/lib/binding/node-v83-linux-x64' (1)
npm ERR! code ELIFECYCLE
npm ERR! errno 1
npm ERR! sqlite3@3.install: `node-pre-gyp install --fallback-to-build`
npm ERR! Exit status 1
npm ERR! 
npm ERR! Failed at the sqlite3@3.install script.
npm ERR! This is probably not a problem with npm. There is likely additional logging output above.
npm ERR! A complete log of this run can be found in:
npm ERR!     /root/.npm/_logs/2024-07-30T22_55_12_919Z-debug.log
ERROR: process "/bin/sh -c npm install" did not complete successfully: exit code: 1```

Your task is to repair the Dockerfile based on the Dockerfile and its build error provided alongside the examples provided for you for as demonstrations. To solve the problem, and based on the information provided, first, you should diagnose which part is causing the flakiness and why. Then, according to the characteristics of that flakiness, repair the Dockerfile. the output Dockerfile must be within five angle brackets:
    <<<<<
    Dockerfile content 
    >>>>>
