#0 building with "default" instance using docker driver

#1 [internal] load .dockerignore
#1 transferring context: 32B
#1 transferring context: 67B done
#1 DONE 0.5s

#2 [internal] load build definition from v3_Dockerfile
#2 transferring dockerfile: 336B done
#2 DONE 0.4s

#3 [auth] library/node:pull token for registry-1.docker.io
#3 DONE 0.0s

#4 [internal] load metadata for docker.io/library/node:14
#4 DONE 1.4s

#5 [1/7] FROM docker.io/library/node:14@sha256:a158d3b9b4e3fa813fa6c8c590b8f0a860e015ad4e59bbce5744d2f6fd8461aa
#5 resolve docker.io/library/node:14@sha256:a158d3b9b4e3fa813fa6c8c590b8f0a860e015ad4e59bbce5744d2f6fd8461aa
#5 resolve docker.io/library/node:14@sha256:a158d3b9b4e3fa813fa6c8c590b8f0a860e015ad4e59bbce5744d2f6fd8461aa 0.2s done
#5 sha256:a158d3b9b4e3fa813fa6c8c590b8f0a860e015ad4e59bbce5744d2f6fd8461aa 776B / 776B done
#5 sha256:2cafa3fbb0b6529ee4726b4f599ec27ee557ea3dea7019182323b3779959927f 2.21kB / 2.21kB done
#5 sha256:1d12470fa662a2a5cb50378dcdc8ea228c1735747db410bbefb8e2d9144b5452 7.51kB / 7.51kB done
#5 ...

#6 [internal] load build context
#6 transferring context: 805.72kB 0.0s done
#6 DONE 0.5s

#5 [1/7] FROM docker.io/library/node:14@sha256:a158d3b9b4e3fa813fa6c8c590b8f0a860e015ad4e59bbce5744d2f6fd8461aa
#5 sha256:3d2201bd995cccf12851a50820de03d34a17011dcbb9ac9fdf3a50c952cbb131 4.19MB / 10.00MB 0.3s
#5 sha256:2ff1d7c41c74a25258bfa6f0b8adb0a727f84518f55f65ca845ebc747976c408 0B / 50.45MB 0.3s
#5 sha256:b253aeafeaa7e0671bb60008df01de101a38a045ff7bc656e3b0fbfc7c05cca5 0B / 7.86MB 0.3s
#5 sha256:3d2201bd995cccf12851a50820de03d34a17011dcbb9ac9fdf3a50c952cbb131 8.39MB / 10.00MB 0.4s
#5 sha256:3d2201bd995cccf12851a50820de03d34a17011dcbb9ac9fdf3a50c952cbb131 10.00MB / 10.00MB 0.6s
#5 sha256:2ff1d7c41c74a25258bfa6f0b8adb0a727f84518f55f65ca845ebc747976c408 6.29MB / 50.45MB 0.6s
#5 sha256:b253aeafeaa7e0671bb60008df01de101a38a045ff7bc656e3b0fbfc7c05cca5 4.19MB / 7.86MB 0.6s
#5 sha256:3d2201bd995cccf12851a50820de03d34a17011dcbb9ac9fdf3a50c952cbb131 10.00MB / 10.00MB 0.6s done
#5 sha256:2ff1d7c41c74a25258bfa6f0b8adb0a727f84518f55f65ca845ebc747976c408 9.44MB / 50.45MB 0.7s
#5 sha256:b253aeafeaa7e0671bb60008df01de101a38a045ff7bc656e3b0fbfc7c05cca5 7.86MB / 7.86MB 0.7s
#5 sha256:2ff1d7c41c74a25258bfa6f0b8adb0a727f84518f55f65ca845ebc747976c408 12.58MB / 50.45MB 0.8s
#5 sha256:1de76e268b103d05fa8960e0f77951ff54b912b63429c34f5d6adfd09f5f9ee2 0B / 51.88MB 0.8s
#5 sha256:b253aeafeaa7e0671bb60008df01de101a38a045ff7bc656e3b0fbfc7c05cca5 7.86MB / 7.86MB 0.9s done
#5 sha256:1de76e268b103d05fa8960e0f77951ff54b912b63429c34f5d6adfd09f5f9ee2 3.15MB / 51.88MB 0.9s
#5 sha256:d9a8df5894511ce28a05e2925a75e8a4acbd0634c39ad734fdfba8e23d1b1569 0B / 191.85MB 1.0s
#5 sha256:2ff1d7c41c74a25258bfa6f0b8adb0a727f84518f55f65ca845ebc747976c408 15.73MB / 50.45MB 1.1s
#5 sha256:1de76e268b103d05fa8960e0f77951ff54b912b63429c34f5d6adfd09f5f9ee2 10.49MB / 51.88MB 1.1s
#5 sha256:2ff1d7c41c74a25258bfa6f0b8adb0a727f84518f55f65ca845ebc747976c408 23.07MB / 50.45MB 1.4s
#5 sha256:1de76e268b103d05fa8960e0f77951ff54b912b63429c34f5d6adfd09f5f9ee2 15.73MB / 51.88MB 1.4s
#5 sha256:d9a8df5894511ce28a05e2925a75e8a4acbd0634c39ad734fdfba8e23d1b1569 11.53MB / 191.85MB 1.4s
#5 sha256:2ff1d7c41c74a25258bfa6f0b8adb0a727f84518f55f65ca845ebc747976c408 27.26MB / 50.45MB 1.5s
#5 sha256:1de76e268b103d05fa8960e0f77951ff54b912b63429c34f5d6adfd09f5f9ee2 19.92MB / 51.88MB 1.5s
#5 sha256:2ff1d7c41c74a25258bfa6f0b8adb0a727f84518f55f65ca845ebc747976c408 34.60MB / 50.45MB 1.7s
#5 sha256:1de76e268b103d05fa8960e0f77951ff54b912b63429c34f5d6adfd09f5f9ee2 27.26MB / 51.88MB 1.7s
#5 sha256:d9a8df5894511ce28a05e2925a75e8a4acbd0634c39ad734fdfba8e23d1b1569 22.02MB / 191.85MB 1.7s
#5 sha256:2ff1d7c41c74a25258bfa6f0b8adb0a727f84518f55f65ca845ebc747976c408 45.09MB / 50.45MB 1.9s
#5 sha256:1de76e268b103d05fa8960e0f77951ff54b912b63429c34f5d6adfd09f5f9ee2 33.55MB / 51.88MB 1.9s
#5 sha256:2ff1d7c41c74a25258bfa6f0b8adb0a727f84518f55f65ca845ebc747976c408 50.45MB / 50.45MB 2.1s
#5 sha256:1de76e268b103d05fa8960e0f77951ff54b912b63429c34f5d6adfd09f5f9ee2 40.89MB / 51.88MB 2.1s
#5 sha256:1de76e268b103d05fa8960e0f77951ff54b912b63429c34f5d6adfd09f5f9ee2 46.14MB / 51.88MB 2.3s
#5 sha256:d9a8df5894511ce28a05e2925a75e8a4acbd0634c39ad734fdfba8e23d1b1569 33.55MB / 191.85MB 2.3s
#5 sha256:1de76e268b103d05fa8960e0f77951ff54b912b63429c34f5d6adfd09f5f9ee2 51.88MB / 51.88MB 2.4s
#5 sha256:2ff1d7c41c74a25258bfa6f0b8adb0a727f84518f55f65ca845ebc747976c408 50.45MB / 50.45MB 2.8s done
#5 sha256:d9a8df5894511ce28a05e2925a75e8a4acbd0634c39ad734fdfba8e23d1b1569 46.14MB / 191.85MB 2.8s
#5 extracting sha256:2ff1d7c41c74a25258bfa6f0b8adb0a727f84518f55f65ca845ebc747976c408 0.1s
#5 sha256:d9a8df5894511ce28a05e2925a75e8a4acbd0634c39ad734fdfba8e23d1b1569 63.96MB / 191.85MB 3.2s
#5 sha256:d9a8df5894511ce28a05e2925a75e8a4acbd0634c39ad734fdfba8e23d1b1569 74.45MB / 191.85MB 3.4s
#5 sha256:1de76e268b103d05fa8960e0f77951ff54b912b63429c34f5d6adfd09f5f9ee2 51.88MB / 51.88MB 3.5s done
#5 sha256:d9a8df5894511ce28a05e2925a75e8a4acbd0634c39ad734fdfba8e23d1b1569 84.93MB / 191.85MB 3.7s
#5 sha256:6f51ee005deac0d99898e41b8ce60ebf250ebe1a31a0b03f613aec6bbc9b83d8 0B / 4.19kB 3.7s
#5 sha256:5f32ed3c3f278edda4fc571c880b5277355a29ae8f52b52cdf865f058378a590 0B / 35.24MB 3.7s
#5 sha256:6f51ee005deac0d99898e41b8ce60ebf250ebe1a31a0b03f613aec6bbc9b83d8 4.19kB / 4.19kB 3.8s done
#5 sha256:5f32ed3c3f278edda4fc571c880b5277355a29ae8f52b52cdf865f058378a590 5.24MB / 35.24MB 3.9s
#5 sha256:0c8cc2f24a4dcb64e602e086fc9446b0a541e8acd9ad72d2e90df3ba22f158b3 0B / 2.29MB 3.9s
#5 sha256:d9a8df5894511ce28a05e2925a75e8a4acbd0634c39ad734fdfba8e23d1b1569 96.47MB / 191.85MB 4.0s
#5 sha256:5f32ed3c3f278edda4fc571c880b5277355a29ae8f52b52cdf865f058378a590 10.49MB / 35.24MB 4.0s
#5 sha256:0c8cc2f24a4dcb64e602e086fc9446b0a541e8acd9ad72d2e90df3ba22f158b3 2.29MB / 2.29MB 4.1s
#5 sha256:5f32ed3c3f278edda4fc571c880b5277355a29ae8f52b52cdf865f058378a590 14.68MB / 35.24MB 4.2s
#5 sha256:0c8cc2f24a4dcb64e602e086fc9446b0a541e8acd9ad72d2e90df3ba22f158b3 2.29MB / 2.29MB 4.1s done
#5 sha256:5f32ed3c3f278edda4fc571c880b5277355a29ae8f52b52cdf865f058378a590 17.83MB / 35.24MB 4.3s
#5 sha256:0d27a8e861329007574c6766fba946d48e20d2c8e964e873de352603f22c4ceb 0B / 450B 4.3s
#5 sha256:5f32ed3c3f278edda4fc571c880b5277355a29ae8f52b52cdf865f058378a590 20.97MB / 35.24MB 4.4s
#5 sha256:0d27a8e861329007574c6766fba946d48e20d2c8e964e873de352603f22c4ceb 450B / 450B 4.4s done
#5 sha256:d9a8df5894511ce28a05e2925a75e8a4acbd0634c39ad734fdfba8e23d1b1569 108.00MB / 191.85MB 4.6s
#5 sha256:5f32ed3c3f278edda4fc571c880b5277355a29ae8f52b52cdf865f058378a590 28.42MB / 35.24MB 4.6s
#5 sha256:5f32ed3c3f278edda4fc571c880b5277355a29ae8f52b52cdf865f058378a590 33.55MB / 35.24MB 4.7s
#5 sha256:d9a8df5894511ce28a05e2925a75e8a4acbd0634c39ad734fdfba8e23d1b1569 118.49MB / 191.85MB 5.0s
#5 sha256:d9a8df5894511ce28a05e2925a75e8a4acbd0634c39ad734fdfba8e23d1b1569 130.02MB / 191.85MB 5.3s
#5 sha256:5f32ed3c3f278edda4fc571c880b5277355a29ae8f52b52cdf865f058378a590 35.24MB / 35.24MB 5.5s done
#5 sha256:d9a8df5894511ce28a05e2925a75e8a4acbd0634c39ad734fdfba8e23d1b1569 143.65MB / 191.85MB 5.7s
#5 extracting sha256:2ff1d7c41c74a25258bfa6f0b8adb0a727f84518f55f65ca845ebc747976c408 2.8s done
#5 sha256:d9a8df5894511ce28a05e2925a75e8a4acbd0634c39ad734fdfba8e23d1b1569 157.29MB / 191.85MB 6.0s
#5 sha256:d9a8df5894511ce28a05e2925a75e8a4acbd0634c39ad734fdfba8e23d1b1569 170.92MB / 191.85MB 6.4s
#5 extracting sha256:b253aeafeaa7e0671bb60008df01de101a38a045ff7bc656e3b0fbfc7c05cca5
#5 sha256:d9a8df5894511ce28a05e2925a75e8a4acbd0634c39ad734fdfba8e23d1b1569 184.55MB / 191.85MB 6.8s
#5 extracting sha256:b253aeafeaa7e0671bb60008df01de101a38a045ff7bc656e3b0fbfc7c05cca5 0.4s done
#5 extracting sha256:3d2201bd995cccf12851a50820de03d34a17011dcbb9ac9fdf3a50c952cbb131 0.1s
#5 extracting sha256:3d2201bd995cccf12851a50820de03d34a17011dcbb9ac9fdf3a50c952cbb131 0.4s done
#5 sha256:d9a8df5894511ce28a05e2925a75e8a4acbd0634c39ad734fdfba8e23d1b1569 191.85MB / 191.85MB 9.9s done
#5 extracting sha256:1de76e268b103d05fa8960e0f77951ff54b912b63429c34f5d6adfd09f5f9ee2
#5 extracting sha256:1de76e268b103d05fa8960e0f77951ff54b912b63429c34f5d6adfd09f5f9ee2 3.3s done
#5 extracting sha256:d9a8df5894511ce28a05e2925a75e8a4acbd0634c39ad734fdfba8e23d1b1569
#5 extracting sha256:d9a8df5894511ce28a05e2925a75e8a4acbd0634c39ad734fdfba8e23d1b1569 5.1s
#5 extracting sha256:d9a8df5894511ce28a05e2925a75e8a4acbd0634c39ad734fdfba8e23d1b1569 10.2s
#5 extracting sha256:d9a8df5894511ce28a05e2925a75e8a4acbd0634c39ad734fdfba8e23d1b1569 10.5s done
#5 extracting sha256:6f51ee005deac0d99898e41b8ce60ebf250ebe1a31a0b03f613aec6bbc9b83d8
#5 extracting sha256:6f51ee005deac0d99898e41b8ce60ebf250ebe1a31a0b03f613aec6bbc9b83d8 0.1s done
#5 extracting sha256:5f32ed3c3f278edda4fc571c880b5277355a29ae8f52b52cdf865f058378a590
#5 extracting sha256:5f32ed3c3f278edda4fc571c880b5277355a29ae8f52b52cdf865f058378a590 2.3s done
#5 extracting sha256:0c8cc2f24a4dcb64e602e086fc9446b0a541e8acd9ad72d2e90df3ba22f158b3
#5 extracting sha256:0c8cc2f24a4dcb64e602e086fc9446b0a541e8acd9ad72d2e90df3ba22f158b3 0.2s done
#5 extracting sha256:0d27a8e861329007574c6766fba946d48e20d2c8e964e873de352603f22c4ceb
#5 extracting sha256:0d27a8e861329007574c6766fba946d48e20d2c8e964e873de352603f22c4ceb done
#5 DONE 31.0s

#7 [2/7] RUN mkdir -p /usr/src/app
#7 DONE 19.6s

#8 [3/7] WORKDIR /usr/src/app
#8 DONE 0.4s

#9 [4/7] COPY package.json /usr/src/app/
#9 DONE 0.4s

#10 [5/7] RUN npm install
#10 1.702 npm WARN deprecated angular-sanitize@1.6.10: For the actively supported Angular, see https://www.npmjs.com/package/@angular/core. AngularJS support has officially ended. For extended AngularJS support options, see https://goo.gle/angularjs-path-forward.
#10 1.728 npm WARN deprecated angular@1.6.10: For the actively supported Angular, see https://www.npmjs.com/package/@angular/core. AngularJS support has officially ended. For extended AngularJS support options, see https://goo.gle/angularjs-path-forward.
#10 2.254 npm WARN deprecated node-sass@4.5.3: Node Sass is no longer supported. Please use `sass` or `sass-embedded` instead.
#10 2.483 npm WARN deprecated glob@7.1.7: Glob versions prior to v9 are no longer supported
#10 3.163 npm WARN deprecated node-sass@4.14.1: Node Sass is no longer supported. Please use `sass` or `sass-embedded` instead.
#10 3.415 npm WARN deprecated glob@7.2.3: Glob versions prior to v9 are no longer supported
#10 3.440 npm WARN deprecated request-promise@4.2.6: request-promise has been deprecated because it extends the now deprecated request package, see https://github.com/request/request/issues/3142
#10 3.503 npm WARN deprecated request@2.88.2: request has been deprecated, see https://github.com/request/request/issues/3142
#10 3.529 npm WARN deprecated npmlog@4.1.2: This package is no longer supported.
#10 3.768 npm WARN deprecated node-pre-gyp@0.6.39: Please upgrade to @mapbox/node-pre-gyp: the non-scoped node-pre-gyp package is deprecated and only the @mapbox scoped package will recieve updates in the future
#10 3.883 npm WARN deprecated inflight@1.0.6: This module is not supported, and leaks memory. Do not use it. Check out lru-cache if you want a good and tested way to coalesce async requests by a key value, which is much more comprehensive and powerful.
#10 4.928 npm WARN deprecated har-validator@5.1.5: this library is no longer supported
#10 5.084 npm WARN deprecated uuid@3.4.0: Please upgrade  to version 7 or higher.  Older versions may use Math.random() in certain circumstances, which is known to be problematic.  See https://v8.dev/blog/math-random for details.
#10 5.169 npm WARN deprecated gauge@2.7.4: This package is no longer supported.
#10 5.199 npm WARN deprecated are-we-there-yet@1.1.7: This package is no longer supported.
#10 5.204 npm WARN deprecated osenv@0.1.5: This package is no longer supported.
#10 5.209 npm WARN deprecated tar@2.2.2: This version of tar is no longer supported, and will not receive security updates. Please upgrade asap.
#10 5.223 npm WARN deprecated rimraf@2.7.1: Rimraf versions prior to v4 are no longer supported
#10 5.284 npm WARN deprecated fstream@1.0.12: This package is no longer supported.
#10 5.317 npm WARN deprecated request@2.81.0: request has been deprecated, see https://github.com/request/request/issues/3142
#10 5.349 npm WARN deprecated hawk@3.1.3: This module moved to @hapi/hawk. Please make sure to switch over as this distribution is no longer supported and may contain bugs and critical security issues.
#10 6.724 npm WARN deprecated har-validator@4.2.1: this library is no longer supported
#10 6.989 npm WARN deprecated fstream-ignore@1.0.5: This package is no longer supported.
#10 6.996 npm WARN deprecated sntp@1.0.9: This module moved to @hapi/sntp. Please make sure to switch over as this distribution is no longer supported and may contain bugs and critical security issues.
#10 6.999 npm WARN deprecated boom@2.10.1: This version has been deprecated in accordance with the hapi support policy (hapi.im/support). Please upgrade to the latest version to get the best features, bug fixes, and security patches. If you are unable to upgrade at this time, paid support is available for older versions (hapi.im/commercial).
#10 7.001 npm WARN deprecated cryptiles@2.0.5: This version has been deprecated in accordance with the hapi support policy (hapi.im/support). Please upgrade to the latest version to get the best features, bug fixes, and security patches. If you are unable to upgrade at this time, paid support is available for older versions (hapi.im/commercial).
#10 7.002 npm WARN deprecated hoek@2.16.3: This version has been deprecated in accordance with the hapi support policy (hapi.im/support). Please upgrade to the latest version to get the best features, bug fixes, and security patches. If you are unable to upgrade at this time, paid support is available for older versions (hapi.im/commercial).
#10 7.012 npm WARN deprecated uid-number@0.0.6: This package is no longer supported.
#10 8.089 npm WARN deprecated core-js@2.6.12: core-js@<3.23.3 is no longer maintained and not recommended for usage due to the number of issues. Because of the V8 engine whims, feature detection in old core-js versions could cause a slowdown up to 100x even if nothing is polyfilled. Some versions have web compatibility issues. Please, upgrade your dependencies to the actual version of core-js.
#10 18.33 
#10 18.33 > node-sass@4.5.3 install /usr/src/app/node_modules/node-sass
#10 18.33 > node scripts/install.js
#10 18.33 
#10 18.80 Downloading binary from https://github.com/sass/node-sass/releases/download/v4.5.3/linux-x64-83_binding.node
#10 19.41 Cannot download "https://github.com/sass/node-sass/releases/download/v4.5.3/linux-x64-83_binding.node": 
#10 19.41 
#10 19.41 HTTP error 404 Not Found
#10 19.41 
#10 19.41 Hint: If github.com is not accessible in your location
#10 19.41       try setting a proxy via HTTP_PROXY, e.g. 
#10 19.41 
#10 19.41       export HTTP_PROXY=http://example.com:1234
#10 19.41 
#10 19.41 or configure npm proxy via
#10 19.41 
#10 19.41       npm config set proxy http://example.com:8080
#10 19.44 
#10 19.44 > sqlite3@3.1.13 install /usr/src/app/node_modules/sqlite3
#10 19.44 > node-pre-gyp install --fallback-to-build
#10 19.44 
#10 19.99 node-pre-gyp ERR! Tried to download(403): https://mapbox-node-binary.s3.amazonaws.com/sqlite3/v3.1.13/node-v83-linux-x64.tar.gz 
#10 19.99 node-pre-gyp ERR! Pre-built binaries not found for sqlite3@3.1.13 and node@14.21.3 (node-v83 ABI) (falling back to source compile with node-gyp) 
#10 20.01 node-pre-gyp ERR! Tried to download(undefined): https://mapbox-node-binary.s3.amazonaws.com/sqlite3/v3.1.13/node-v83-linux-x64.tar.gz 
#10 20.01 node-pre-gyp ERR! Pre-built binaries not found for sqlite3@3.1.13 and node@14.21.3 (node-v83 ABI) (falling back to source compile with node-gyp) 
#10 22.29 make: Entering directory '/usr/src/app/node_modules/sqlite3/build'
#10 22.29   ACTION deps_sqlite3_gyp_action_before_build_target_unpack_sqlite_dep Release/obj/gen/sqlite-autoconf-3150000/sqlite3.c
#10 22.30 make: Entering directory '/usr/src/app/node_modules/sqlite3/build'
#10 22.30   ACTION deps_sqlite3_gyp_action_before_build_target_unpack_sqlite_dep Release/obj/gen/sqlite-autoconf-3150000/sqlite3.c
#10 22.41   TOUCH Release/obj.target/deps/action_before_build.stamp
#10 22.41   TOUCH Release/obj.target/deps/action_before_build.stamp
#10 22.42   CC(target) Release/obj.target/sqlite3/gen/sqlite-autoconf-3150000/sqlite3.o
#10 22.42   CC(target) Release/obj.target/sqlite3/gen/sqlite-autoconf-3150000/sqlite3.o
#10 22.48 Release/obj/gen/sqlite-autoconf-3150000/sqlite3.c: In function 'strftimeFunc':
#10 22.48 Release/obj/gen/sqlite-autoconf-3150000/sqlite3.c: In function 'strftimeFunc':
#10 22.48 Release/obj/gen/sqlite-autoconf-3150000/sqlite3.c:11909:27: warning: cast between incompatible function types from 'int (*)(void *)' to 'void (*)(void *)' [-Wcast-function-type]
#10 22.48  #define SQLITE_DYNAMIC   ((sqlite3_destructor_type)sqlite3MallocSize)
#10 22.48                            ^
#10 22.48 Release/obj/gen/sqlite-autoconf-3150000/sqlite3.c:19615:52: note: in expansion of macro 'SQLITE_DYNAMIC'
#10 22.48                        z==zBuf ? SQLITE_TRANSIENT : SQLITE_DYNAMIC);
#10 22.48                                                     ^~~~~~~~~~~~~~
#10 22.48 Release/obj/gen/sqlite-autoconf-3150000/sqlite3.c:11909:27: warning: cast between incompatible function types from 'int (*)(void *)' to 'void (*)(void *)' [-Wcast-function-type]
#10 22.48  #define SQLITE_DYNAMIC   ((sqlite3_destructor_type)sqlite3MallocSize)
#10 22.48                            ^
#10 22.48 Release/obj/gen/sqlite-autoconf-3150000/sqlite3.c:19615:52: note: in expansion of macro 'SQLITE_DYNAMIC'
#10 22.48                        z==zBuf ? SQLITE_TRANSIENT : SQLITE_DYNAMIC);
#10 22.48                                                     ^~~~~~~~~~~~~~
#10 22.51 Release/obj/gen/sqlite-autoconf-3150000/sqlite3.c: In function 'sqlite3ErrorWithMsg':
#10 22.51 Release/obj/gen/sqlite-autoconf-3150000/sqlite3.c: In function 'sqlite3ErrorWithMsg':
#10 22.51 Release/obj/gen/sqlite-autoconf-3150000/sqlite3.c:11909:27: warning: cast between incompatible function types from 'int (*)(void *)' to 'void (*)(void *)' [-Wcast-function-type]
#10 22.51  #define SQLITE_DYNAMIC   ((sqlite3_destructor_type)sqlite3MallocSize)
#10 22.51                            ^
#10 22.51 Release/obj/gen/sqlite-autoconf-3150000/sqlite3.c:27452:54: note: in expansion of macro 'SQLITE_DYNAMIC'
#10 22.51      sqlite3ValueSetStr(db->pErr, -1, z, SQLITE_UTF8, SQLITE_DYNAMIC);
#10 22.51                                                       ^~~~~~~~~~~~~~
#10 22.51 Release/obj/gen/sqlite-autoconf-3150000/sqlite3.c:11909:27: warning: cast between incompatible function types from 'int (*)(void *)' to 'void (*)(void *)' [-Wcast-function-type]
#10 22.51  #define SQLITE_DYNAMIC   ((sqlite3_destructor_type)sqlite3MallocSize)
#10 22.51                            ^
#10 22.51 Release/obj/gen/sqlite-autoconf-3150000/sqlite3.c:27452:54: note: in expansion of macro 'SQLITE_DYNAMIC'
#10 22.51      sqlite3ValueSetStr(db->pErr, -1, z, SQLITE_UTF8, SQLITE_DYNAMIC);
#10 22.51                                                       ^~~~~~~~~~~~~~
#10 22.99 Release/obj/gen/sqlite-autoconf-3150000/sqlite3.c: In function 'sqlite3VdbeMemSetStr':
#10 22.99 Release/obj/gen/sqlite-autoconf-3150000/sqlite3.c: In function 'sqlite3VdbeMemSetStr':
#10 22.99 Release/obj/gen/sqlite-autoconf-3150000/sqlite3.c:11909:27: warning: cast between incompatible function types from 'int (*)(void *)' to 'void (*)(void *)' [-Wcast-function-type]
#10 22.99  #define SQLITE_DYNAMIC   ((sqlite3_destructor_type)sqlite3MallocSize)
#10 22.99                            ^
#10 22.99 Release/obj/gen/sqlite-autoconf-3150000/sqlite3.c:69652:19: note: in expansion of macro 'SQLITE_DYNAMIC'
#10 22.99    }else if( xDel==SQLITE_DYNAMIC ){
#10 22.99                    ^~~~~~~~~~~~~~
#10 22.99 Release/obj/gen/sqlite-autoconf-3150000/sqlite3.c:11909:27: warning: cast between incompatible function types from 'int (*)(void *)' to 'void (*)(void *)' [-Wcast-function-type]
#10 22.99  #define SQLITE_DYNAMIC   ((sqlite3_destructor_type)sqlite3MallocSize)
#10 22.99                            ^
#10 22.99 Release/obj/gen/sqlite-autoconf-3150000/sqlite3.c:69652:19: note: in expansion of macro 'SQLITE_DYNAMIC'
#10 22.99    }else if( xDel==SQLITE_DYNAMIC ){
#10 22.99                    ^~~~~~~~~~~~~~
#10 23.00 Release/obj/gen/sqlite-autoconf-3150000/sqlite3.c: In function 'valueFromExpr':
#10 23.00 Release/obj/gen/sqlite-autoconf-3150000/sqlite3.c: In function 'valueFromExpr':
#10 23.01 Release/obj/gen/sqlite-autoconf-3150000/sqlite3.c:11909:27: warning: cast between incompatible function types from 'int (*)(void *)' to 'void (*)(void *)' [-Wcast-function-type]
#10 23.01  #define SQLITE_DYNAMIC   ((sqlite3_destructor_type)sqlite3MallocSize)
#10 23.01                            ^
#10 23.01 Release/obj/gen/sqlite-autoconf-3150000/sqlite3.c:70058:55: note: in expansion of macro 'SQLITE_DYNAMIC'
#10 23.01        sqlite3ValueSetStr(pVal, -1, zVal, SQLITE_UTF8, SQLITE_DYNAMIC);
#10 23.01                                                        ^~~~~~~~~~~~~~
#10 23.01 Release/obj/gen/sqlite-autoconf-3150000/sqlite3.c:11909:27: warning: cast between incompatible function types from 'int (*)(void *)' to 'void (*)(void *)' [-Wcast-function-type]
#10 23.01  #define SQLITE_DYNAMIC   ((sqlite3_destructor_type)sqlite3MallocSize)
#10 23.01                            ^
#10 23.01 Release/obj/gen/sqlite-autoconf-3150000/sqlite3.c:70058:55: note: in expansion of macro 'SQLITE_DYNAMIC'
#10 23.01        sqlite3ValueSetStr(pVal, -1, zVal, SQLITE_UTF8, SQLITE_DYNAMIC);
#10 23.01                                                        ^~~~~~~~~~~~~~
#10 23.02 Release/obj/gen/sqlite-autoconf-3150000/sqlite3.c:11909:27: warning: cast between incompatible function types from 'int (*)(void *)' to 'void (*)(void *)' [-Wcast-function-type]
#10 23.02  #define SQLITE_DYNAMIC   ((sqlite3_destructor_type)sqlite3MallocSize)
#10 23.02                            ^
#10 23.02 Release/obj/gen/sqlite-autoconf-3150000/sqlite3.c:70100:29: note: in expansion of macro 'SQLITE_DYNAMIC'
#10 23.02                           0, SQLITE_DYNAMIC);
#10 23.02                              ^~~~~~~~~~~~~~
#10 23.02 Release/obj/gen/sqlite-autoconf-3150000/sqlite3.c:11909:27: warning: cast between incompatible function types from 'int (*)(void *)' to 'void (*)(void *)' [-Wcast-function-type]
#10 23.02  #define SQLITE_DYNAMIC   ((sqlite3_destructor_type)sqlite3MallocSize)
#10 23.02                            ^
#10 23.02 Release/obj/gen/sqlite-autoconf-3150000/sqlite3.c:70100:29: note: in expansion of macro 'SQLITE_DYNAMIC'
#10 23.02                           0, SQLITE_DYNAMIC);
#10 23.02                              ^~~~~~~~~~~~~~
#10 23.47 Release/obj/gen/sqlite-autoconf-3150000/sqlite3.c: In function 'sqlite3VdbeExec':
#10 23.47 Release/obj/gen/sqlite-autoconf-3150000/sqlite3.c: In function 'sqlite3VdbeExec':
#10 23.47 Release/obj/gen/sqlite-autoconf-3150000/sqlite3.c:84132:38: warning: cast between incompatible function types from 'int (*)(u32,  void *, void *, void *)' {aka 'int (*)(unsigned int,  void *, void *, void *)'} to 'void (*)(void *, const char *)' [-Wcast-function-type]
#10 23.47        void (*x)(void*,const char*) = (void(*)(void*,const char*))db->xTrace;
#10 23.47                                       ^
#10 23.47 Release/obj/gen/sqlite-autoconf-3150000/sqlite3.c:84132:38: warning: cast between incompatible function types from 'int (*)(u32,  void *, void *, void *)' {aka 'int (*)(unsigned int,  void *, void *, void *)'} to 'void (*)(void *, const char *)' [-Wcast-function-type]
#10 23.47        void (*x)(void*,const char*) = (void(*)(void*,const char*))db->xTrace;
#10 23.47                                       ^
#10 24.00 Release/obj/gen/sqlite-autoconf-3150000/sqlite3.c: In function 'renameTableFunc':
#10 24.00 Release/obj/gen/sqlite-autoconf-3150000/sqlite3.c:11909:27: warning: cast between incompatible function types from 'int (*)(void *)' to 'void (*)(void *)' [-Wcast-function-type]
#10 24.00  #define SQLITE_DYNAMIC   ((sqlite3_destructor_type)sqlite3MallocSize)
#10 24.00                            ^
#10 24.00 Release/obj/gen/sqlite-autoconf-3150000/sqlite3.c:94798:44: note: in expansion of macro 'SQLITE_DYNAMIC'
#10 24.00      sqlite3_result_text(context, zRet, -1, SQLITE_DYNAMIC);
#10 24.00                                             ^~~~~~~~~~~~~~
#10 24.01 Release/obj/gen/sqlite-autoconf-3150000/sqlite3.c: In function 'renameParentFunc':
#10 24.01 Release/obj/gen/sqlite-autoconf-3150000/sqlite3.c: In function 'renameTableFunc':
#10 24.01 Release/obj/gen/sqlite-autoconf-3150000/sqlite3.c:11909:27: warning: cast between incompatible function types from 'int (*)(void *)' to 'void (*)(void *)' [-Wcast-function-type]
#10 24.01  #define SQLITE_DYNAMIC   ((sqlite3_destructor_type)sqlite3MallocSize)
#10 24.01                            ^
#10 24.01 Release/obj/gen/sqlite-autoconf-3150000/sqlite3.c:94862:45: note: in expansion of macro 'SQLITE_DYNAMIC'
#10 24.01    sqlite3_result_text(context, zResult, -1, SQLITE_DYNAMIC);
#10 24.01                                              ^~~~~~~~~~~~~~
#10 24.01 Release/obj/gen/sqlite-autoconf-3150000/sqlite3.c: In function 'renameTriggerFunc':
#10 24.02 Release/obj/gen/sqlite-autoconf-3150000/sqlite3.c:11909:27: warning: cast between incompatible function types from 'int (*)(void *)' to 'void (*)(void *)' [-Wcast-function-type]
#10 24.02  #define SQLITE_DYNAMIC   ((sqlite3_destructor_type)sqlite3MallocSize)
#10 24.02                            ^
#10 24.02 Release/obj/gen/sqlite-autoconf-3150000/sqlite3.c:94798:44: note: in expansion of macro 'SQLITE_DYNAMIC'
#10 24.02      sqlite3_result_text(context, zRet, -1, SQLITE_DYNAMIC);
#10 24.02                                             ^~~~~~~~~~~~~~
#10 24.02 Release/obj/gen/sqlite-autoconf-3150000/sqlite3.c:11909:27: warning: cast between incompatible function types from 'int (*)(void *)' to 'void (*)(void *)' [-Wcast-function-type]
#10 24.02  #define SQLITE_DYNAMIC   ((sqlite3_destructor_type)sqlite3MallocSize)
#10 24.02                            ^
#10 24.02 Release/obj/gen/sqlite-autoconf-3150000/sqlite3.c:94939:44: note: in expansion of macro 'SQLITE_DYNAMIC'
#10 24.02      sqlite3_result_text(context, zRet, -1, SQLITE_DYNAMIC);
#10 24.02                                             ^~~~~~~~~~~~~~
#10 24.03 Release/obj/gen/sqlite-autoconf-3150000/sqlite3.c: In function 'renameParentFunc':
#10 24.03 Release/obj/gen/sqlite-autoconf-3150000/sqlite3.c:11909:27: warning: cast between incompatible function types from 'int (*)(void *)' to 'void (*)(void *)' [-Wcast-function-type]
#10 24.03  #define SQLITE_DYNAMIC   ((sqlite3_destructor_type)sqlite3MallocSize)
#10 24.03                            ^
#10 24.03 Release/obj/gen/sqlite-autoconf-3150000/sqlite3.c:94862:45: note: in expansion of macro 'SQLITE_DYNAMIC'
#10 24.03    sqlite3_result_text(context, zResult, -1, SQLITE_DYNAMIC);
#10 24.03                                              ^~~~~~~~~~~~~~
#10 24.03 Release/obj/gen/sqlite-autoconf-3150000/sqlite3.c: In function 'renameTriggerFunc':
#10 24.03 Release/obj/gen/sqlite-autoconf-3150000/sqlite3.c:11909:27: warning: cast between incompatible function types from 'int (*)(void *)' to 'void (*)(void *)' [-Wcast-function-type]
#10 24.03  #define SQLITE_DYNAMIC   ((sqlite3_destructor_type)sqlite3MallocSize)
#10 24.03                            ^
#10 24.03 Release/obj/gen/sqlite-autoconf-3150000/sqlite3.c:94939:44: note: in expansion of macro 'SQLITE_DYNAMIC'
#10 24.03      sqlite3_result_text(context, zRet, -1, SQLITE_DYNAMIC);
#10 24.03                                             ^~~~~~~~~~~~~~
#10 24.53 Release/obj/gen/sqlite-autoconf-3150000/sqlite3.c: In function 'printfFunc':
#10 24.54 Release/obj/gen/sqlite-autoconf-3150000/sqlite3.c:11909:27: warning: cast between incompatible function types from 'int (*)(void *)' to 'void (*)(void *)' [-Wcast-function-type]
#10 24.54  #define SQLITE_DYNAMIC   ((sqlite3_destructor_type)sqlite3MallocSize)
#10 24.54                            ^
#10 24.54 Release/obj/gen/sqlite-autoconf-3150000/sqlite3.c:104325:25: note: in expansion of macro 'SQLITE_DYNAMIC'
#10 24.54                          SQLITE_DYNAMIC);
#10 24.54                          ^~~~~~~~~~~~~~
#10 24.55 Release/obj/gen/sqlite-autoconf-3150000/sqlite3.c: In function 'printfFunc':
#10 24.55 Release/obj/gen/sqlite-autoconf-3150000/sqlite3.c:11909:27: warning: cast between incompatible function types from 'int (*)(void *)' to 'void (*)(void *)' [-Wcast-function-type]
#10 24.55  #define SQLITE_DYNAMIC   ((sqlite3_destructor_type)sqlite3MallocSize)
#10 24.55                            ^
#10 24.55 Release/obj/gen/sqlite-autoconf-3150000/sqlite3.c:104325:25: note: in expansion of macro 'SQLITE_DYNAMIC'
#10 24.55                          SQLITE_DYNAMIC);
#10 24.55                          ^~~~~~~~~~~~~~
#10 25.16 Release/obj/gen/sqlite-autoconf-3150000/sqlite3.c: In function 'generateColumnNames':
#10 25.17 Release/obj/gen/sqlite-autoconf-3150000/sqlite3.c:11909:27: warning: cast between incompatible function types from 'int (*)(void *)' to 'void (*)(void *)' [-Wcast-function-type]
#10 25.17  #define SQLITE_DYNAMIC   ((sqlite3_destructor_type)sqlite3MallocSize)
#10 25.17                            ^
#10 25.17 Release/obj/gen/sqlite-autoconf-3150000/sqlite3.c:115928:54: note: in expansion of macro 'SQLITE_DYNAMIC'
#10 25.17              sqlite3DbStrDup(db, pEList->a[i].zSpan), SQLITE_DYNAMIC);
#10 25.17                                                       ^~~~~~~~~~~~~~
#10 25.17 Release/obj/gen/sqlite-autoconf-3150000/sqlite3.c:11909:27: warning: cast between incompatible function types from 'int (*)(void *)' to 'void (*)(void *)' [-Wcast-function-type]
#10 25.17  #define SQLITE_DYNAMIC   ((sqlite3_destructor_type)sqlite3MallocSize)
#10 25.17                            ^
#10 25.17 Release/obj/gen/sqlite-autoconf-3150000/sqlite3.c:115932:58: note: in expansion of macro 'SQLITE_DYNAMIC'
#10 25.17          sqlite3VdbeSetColName(v, i, COLNAME_NAME, zName, SQLITE_DYNAMIC);
#10 25.17                                                           ^~~~~~~~~~~~~~
#10 25.17 Release/obj/gen/sqlite-autoconf-3150000/sqlite3.c: In function 'generateColumnNames':
#10 25.17 Release/obj/gen/sqlite-autoconf-3150000/sqlite3.c:11909:27: warning: cast between incompatible function types from 'int (*)(void *)' to 'void (*)(void *)' [-Wcast-function-type]
#10 25.17  #define SQLITE_DYNAMIC   ((sqlite3_destructor_type)sqlite3MallocSize)
#10 25.17                            ^
#10 25.17 Release/obj/gen/sqlite-autoconf-3150000/sqlite3.c:115939:52: note: in expansion of macro 'SQLITE_DYNAMIC'
#10 25.17        sqlite3VdbeSetColName(v, i, COLNAME_NAME, z, SQLITE_DYNAMIC);
#10 25.17                                                     ^~~~~~~~~~~~~~
#10 25.18 Release/obj/gen/sqlite-autoconf-3150000/sqlite3.c:11909:27: warning: cast between incompatible function types from 'int (*)(void *)' to 'void (*)(void *)' [-Wcast-function-type]
#10 25.18  #define SQLITE_DYNAMIC   ((sqlite3_destructor_type)sqlite3MallocSize)
#10 25.18                            ^
#10 25.18 Release/obj/gen/sqlite-autoconf-3150000/sqlite3.c:115928:54: note: in expansion of macro 'SQLITE_DYNAMIC'
#10 25.18              sqlite3DbStrDup(db, pEList->a[i].zSpan), SQLITE_DYNAMIC);
#10 25.18                                                       ^~~~~~~~~~~~~~
#10 25.18 Release/obj/gen/sqlite-autoconf-3150000/sqlite3.c:11909:27: warning: cast between incompatible function types from 'int (*)(void *)' to 'void (*)(void *)' [-Wcast-function-type]
#10 25.18  #define SQLITE_DYNAMIC   ((sqlite3_destructor_type)sqlite3MallocSize)
#10 25.18                            ^
#10 25.18 Release/obj/gen/sqlite-autoconf-3150000/sqlite3.c:115932:58: note: in expansion of macro 'SQLITE_DYNAMIC'
#10 25.18          sqlite3VdbeSetColName(v, i, COLNAME_NAME, zName, SQLITE_DYNAMIC);
#10 25.18                                                           ^~~~~~~~~~~~~~
#10 25.19 Release/obj/gen/sqlite-autoconf-3150000/sqlite3.c:11909:27: warning: cast between incompatible function types from 'int (*)(void *)' to 'void (*)(void *)' [-Wcast-function-type]
#10 25.19  #define SQLITE_DYNAMIC   ((sqlite3_destructor_type)sqlite3MallocSize)
#10 25.19                            ^
#10 25.19 Release/obj/gen/sqlite-autoconf-3150000/sqlite3.c:115939:52: note: in expansion of macro 'SQLITE_DYNAMIC'
#10 25.19        sqlite3VdbeSetColName(v, i, COLNAME_NAME, z, SQLITE_DYNAMIC);
#10 25.19                                                     ^~~~~~~~~~~~~~
#10 26.83 Release/obj/gen/sqlite-autoconf-3150000/sqlite3.c: In function 'sqlite3_trace':
#10 26.83 Release/obj/gen/sqlite-autoconf-3150000/sqlite3.c:139629:16: warning: cast between incompatible function types from 'void (*)(void *, const char *)' to 'int (*)(u32,  void *, void *, void *)' {aka 'int (*)(unsigned int,  void *, void *, void *)'} [-Wcast-function-type]
#10 26.83    db->xTrace = (int(*)(u32,void*,void*,void*))xTrace;
#10 26.83                 ^
#10 26.85 Release/obj/gen/sqlite-autoconf-3150000/sqlite3.c: In function 'sqlite3_trace':
#10 26.85 Release/obj/gen/sqlite-autoconf-3150000/sqlite3.c:139629:16: warning: cast between incompatible function types from 'void (*)(void *, const char *)' to 'int (*)(u32,  void *, void *, void *)' {aka 'int (*)(unsigned int,  void *, void *, void *)'} [-Wcast-function-type]
#10 26.85    db->xTrace = (int(*)(u32,void*,void*,void*))xTrace;
#10 26.85                 ^
#10 31.19 Release/obj/gen/sqlite-autoconf-3150000/sqlite3.c: In function 'sqlite3VXPrintf':
#10 31.19 Release/obj/gen/sqlite-autoconf-3150000/sqlite3.c:25065:19: warning: this statement may fall through [-Wimplicit-fallthrough=]
#10 31.19          flag_long = sizeof(char*)==sizeof(long int);
#10 31.19          ~~~~~~~~~~^~~~~~~~~~~~~~~~~~~~~~~~~~~~~~~~~
#10 31.19 Release/obj/gen/sqlite-autoconf-3150000/sqlite3.c:25067:7: note: here
#10 31.19        case etORDINAL:
#10 31.19        ^~~~
#10 31.20 Release/obj/gen/sqlite-autoconf-3150000/sqlite3.c: In function 'sqlite3VXPrintf':
#10 31.20 Release/obj/gen/sqlite-autoconf-3150000/sqlite3.c:25065:19: warning: this statement may fall through [-Wimplicit-fallthrough=]
#10 31.20          flag_long = sizeof(char*)==sizeof(long int);
#10 31.20          ~~~~~~~~~~^~~~~~~~~~~~~~~~~~~~~~~~~~~~~~~~~
#10 31.20 Release/obj/gen/sqlite-autoconf-3150000/sqlite3.c:25067:7: note: here
#10 31.20        case etORDINAL:
#10 31.20        ^~~~
#10 31.25 Release/obj/gen/sqlite-autoconf-3150000/sqlite3.c: In function 'sqlite3GetToken':
#10 31.26 Release/obj/gen/sqlite-autoconf-3150000/sqlite3.c:137154:9: warning: this statement may fall through [-Wimplicit-fallthrough=]
#10 31.26        if( !sqlite3Isdigit(z[1]) )
#10 31.26          ^
#10 31.26 Release/obj/gen/sqlite-autoconf-3150000/sqlite3.c:137163:5: note: here
#10 31.26      case CC_DIGIT: {
#10 31.26      ^~~~
#10 31.26 Release/obj/gen/sqlite-autoconf-3150000/sqlite3.c: In function 'sqlite3GetToken':
#10 31.26 Release/obj/gen/sqlite-autoconf-3150000/sqlite3.c:137253:9: warning: this statement may fall through [-Wimplicit-fallthrough=]
#10 31.26        if( z[1]=='\'' ){
#10 31.26          ^
#10 31.27 Release/obj/gen/sqlite-autoconf-3150000/sqlite3.c:137267:5: note: here
#10 31.27      case CC_ID: {
#10 31.27      ^~~~
#10 31.27 Release/obj/gen/sqlite-autoconf-3150000/sqlite3.c:137154:9: warning: this statement may fall through [-Wimplicit-fallthrough=]
#10 31.27        if( !sqlite3Isdigit(z[1]) )
#10 31.27          ^
#10 31.27 Release/obj/gen/sqlite-autoconf-3150000/sqlite3.c:137163:5: note: here
#10 31.27      case CC_DIGIT: {
#10 31.27      ^~~~
#10 31.27 Release/obj/gen/sqlite-autoconf-3150000/sqlite3.c:137253:9: warning: this statement may fall through [-Wimplicit-fallthrough=]
#10 31.27        if( z[1]=='\'' ){
#10 31.27          ^
#10 31.28 Release/obj/gen/sqlite-autoconf-3150000/sqlite3.c:137267:5: note: here
#10 31.28      case CC_ID: {
#10 31.28      ^~~~
#10 31.29 Release/obj/gen/sqlite-autoconf-3150000/sqlite3.c: In function 'sqlite3ExprCodeTarget':
#10 31.29 Release/obj/gen/sqlite-autoconf-3150000/sqlite3.c:93034:25: warning: this statement may fall through [-Wimplicit-fallthrough=]
#10 31.29      case TK_AGG_COLUMN: {
#10 31.29                          ^
#10 31.30 Release/obj/gen/sqlite-autoconf-3150000/sqlite3.c:93047:5: note: here
#10 31.30      case TK_COLUMN: {
#10 31.30      ^~~~
#10 31.30 Release/obj/gen/sqlite-autoconf-3150000/sqlite3.c: In function 'sqlite3ExprCodeTarget':
#10 31.30 Release/obj/gen/sqlite-autoconf-3150000/sqlite3.c:93034:25: warning: this statement may fall through [-Wimplicit-fallthrough=]
#10 31.30      case TK_AGG_COLUMN: {
#10 31.30                          ^
#10 31.30 Release/obj/gen/sqlite-autoconf-3150000/sqlite3.c:93047:5: note: here
#10 31.30      case TK_COLUMN: {
#10 31.30      ^~~~
#10 31.31 Release/obj/gen/sqlite-autoconf-3150000/sqlite3.c: In function 'resolveP2Values':
#10 31.31 Release/obj/gen/sqlite-autoconf-3150000/sqlite3.c:71026:13: warning: this statement may fall through [-Wimplicit-fallthrough=]
#10 31.31            if( pOp->p2!=0 ) p->readOnly = 0;
#10 31.31              ^
#10 31.31 Release/obj/gen/sqlite-autoconf-3150000/sqlite3.c:71029:9: note: here
#10 31.31          case OP_AutoCommit:
#10 31.31          ^~~~
#10 31.32 Release/obj/gen/sqlite-autoconf-3150000/sqlite3.c: In function 'resolveP2Values':
#10 31.32 Release/obj/gen/sqlite-autoconf-3150000/sqlite3.c:71026:13: warning: this statement may fall through [-Wimplicit-fallthrough=]
#10 31.32            if( pOp->p2!=0 ) p->readOnly = 0;
#10 31.32              ^
#10 31.32 Release/obj/gen/sqlite-autoconf-3150000/sqlite3.c:71029:9: note: here
#10 31.32          case OP_AutoCommit:
#10 31.32          ^~~~
#10 31.38 Release/obj/gen/sqlite-autoconf-3150000/sqlite3.c: In function 'fkActionTrigger':
#10 31.38 Release/obj/gen/sqlite-autoconf-3150000/sqlite3.c:107247:11: warning: this statement may fall through [-Wimplicit-fallthrough=]
#10 31.38          if( !pChanges ){
#10 31.38            ^
#10 31.38 Release/obj/gen/sqlite-autoconf-3150000/sqlite3.c:107251:7: note: here
#10 31.38        default:
#10 31.38        ^~~~~~~
#10 31.39 Release/obj/gen/sqlite-autoconf-3150000/sqlite3.c: In function 'fkActionTrigger':
#10 31.39 Release/obj/gen/sqlite-autoconf-3150000/sqlite3.c: In function 'sqlite3GenerateConstraintChecks':
#10 31.39 Release/obj/gen/sqlite-autoconf-3150000/sqlite3.c:108736:17: warning: this statement may fall through [-Wimplicit-fallthrough=]
#10 31.39          onError = OE_Abort;
#10 31.39                  ^
#10 31.39 Release/obj/gen/sqlite-autoconf-3150000/sqlite3.c:107247:11: warning: this statement may fall through [-Wimplicit-fallthrough=]
#10 31.39          if( !pChanges ){
#10 31.39            ^
#10 31.39 Release/obj/gen/sqlite-autoconf-3150000/sqlite3.c:108739:7: note: here
#10 31.39        case OE_Rollback:
#10 31.39        ^~~~
#10 31.39 Release/obj/gen/sqlite-autoconf-3150000/sqlite3.c:107251:7: note: here
#10 31.39        default:
#10 31.39        ^~~~~~~
#10 31.39 Release/obj/gen/sqlite-autoconf-3150000/sqlite3.c: In function 'sqlite3GenerateConstraintChecks':
#10 31.40 Release/obj/gen/sqlite-autoconf-3150000/sqlite3.c:108736:17: warning: this statement may fall through [-Wimplicit-fallthrough=]
#10 31.40          onError = OE_Abort;
#10 31.40                  ^
#10 31.40 Release/obj/gen/sqlite-autoconf-3150000/sqlite3.c:108739:7: note: here
#10 31.40        case OE_Rollback:
#10 31.40        ^~~~
#10 31.42 Release/obj/gen/sqlite-autoconf-3150000/sqlite3.c: In function 'sqlite3VdbeExec':
#10 31.43 Release/obj/gen/sqlite-autoconf-3150000/sqlite3.c:78202:5: warning: this statement may fall through [-Wimplicit-fallthrough=]
#10 31.43    if( (pIn3->flags & MEM_Null)==0 ) break;
#10 31.43      ^
#10 31.43 Release/obj/gen/sqlite-autoconf-3150000/sqlite3.c:78236:1: note: here
#10 31.43  case OP_Halt: {
#10 31.43  ^~~~
#10 31.43 Release/obj/gen/sqlite-autoconf-3150000/sqlite3.c:78367:5: warning: this statement may fall through [-Wimplicit-fallthrough=]
#10 31.43    if( pOp->p1>db->aLimit[SQLITE_LIMIT_LENGTH] ){
#10 31.43      ^
#10 31.43 Release/obj/gen/sqlite-autoconf-3150000/sqlite3.c: In function 'sqlite3VdbeExec':
#10 31.43 Release/obj/gen/sqlite-autoconf-3150000/sqlite3.c:78386:1: note: here
#10 31.43  case OP_String: {          /* out2 */
#10 31.43  ^~~~
#10 31.43 Release/obj/gen/sqlite-autoconf-3150000/sqlite3.c:78941:15: warning: this statement may fall through [-Wimplicit-fallthrough=]
#10 31.43    pOp->opcode = OP_Function;
#10 31.43                ^
#10 31.43 Release/obj/gen/sqlite-autoconf-3150000/sqlite3.c:78202:5: warning: this statement may fall through [-Wimplicit-fallthrough=]
#10 31.43    if( (pIn3->flags & MEM_Null)==0 ) break;
#10 31.43      ^
#10 31.43 Release/obj/gen/sqlite-autoconf-3150000/sqlite3.c:78944:1: note: here
#10 31.43  case OP_Function: {
#10 31.43  ^~~~
#10 31.43 Release/obj/gen/sqlite-autoconf-3150000/sqlite3.c:78236:1: note: here
#10 31.43  case OP_Halt: {
#10 31.43  ^~~~
#10 31.44 Release/obj/gen/sqlite-autoconf-3150000/sqlite3.c:78367:5: warning: this statement may fall through [-Wimplicit-fallthrough=]
#10 31.44    if( pOp->p1>db->aLimit[SQLITE_LIMIT_LENGTH] ){
#10 31.44      ^
#10 31.44 Release/obj/gen/sqlite-autoconf-3150000/sqlite3.c:82140:38: warning: this statement may fall through [-Wimplicit-fallthrough=]
#10 31.44    p->aCounter[SQLITE_STMTSTATUS_SORT]++;
#10 31.44    ~~~~~~~~~~~~~~~~~~~~~~~~~~~~~~~~~~~^~
#10 31.44 Release/obj/gen/sqlite-autoconf-3150000/sqlite3.c:78386:1: note: here
#10 31.44  case OP_String: {          /* out2 */
#10 31.44  ^~~~
#10 31.44 Release/obj/gen/sqlite-autoconf-3150000/sqlite3.c:82155:1: note: here
#10 31.44  case OP_Rewind: {        /* jump */
#10 31.44  ^~~~
#10 31.44 Release/obj/gen/sqlite-autoconf-3150000/sqlite3.c:78941:15: warning: this statement may fall through [-Wimplicit-fallthrough=]
#10 31.44    pOp->opcode = OP_Function;
#10 31.44                ^
#10 31.44 Release/obj/gen/sqlite-autoconf-3150000/sqlite3.c:83361:15: warning: this statement may fall through [-Wimplicit-fallthrough=]
#10 31.44    pOp->opcode = OP_AggStep;
#10 31.44                ^
#10 31.44 Release/obj/gen/sqlite-autoconf-3150000/sqlite3.c:78944:1: note: here
#10 31.44  case OP_Function: {
#10 31.44  ^~~~
#10 31.44 Release/obj/gen/sqlite-autoconf-3150000/sqlite3.c:83364:1: note: here
#10 31.44  case OP_AggStep: {
#10 31.44  ^~~~
#10 31.44 Release/obj/gen/sqlite-autoconf-3150000/sqlite3.c:82140:38: warning: this statement may fall through [-Wimplicit-fallthrough=]
#10 31.44    p->aCounter[SQLITE_STMTSTATUS_SORT]++;
#10 31.44    ~~~~~~~~~~~~~~~~~~~~~~~~~~~~~~~~~~~^~
#10 31.44 Release/obj/gen/sqlite-autoconf-3150000/sqlite3.c:82155:1: note: here
#10 31.44  case OP_Rewind: {        /* jump */
#10 31.44  ^~~~
#10 31.44 Release/obj/gen/sqlite-autoconf-3150000/sqlite3.c:83361:15: warning: this statement may fall through [-Wimplicit-fallthrough=]
#10 31.44    pOp->opcode = OP_AggStep;
#10 31.44                ^
#10 31.44 Release/obj/gen/sqlite-autoconf-3150000/sqlite3.c:83364:1: note: here
#10 31.44  case OP_AggStep: {
#10 31.44  ^~~~
#10 31.59 Release/obj/gen/sqlite-autoconf-3150000/sqlite3.c: In function 'fts3SnippetFunc':
#10 31.59 Release/obj/gen/sqlite-autoconf-3150000/sqlite3.c: In function 'fts3SnippetFunc':
#10 31.59 Release/obj/gen/sqlite-autoconf-3150000/sqlite3.c:146657:22: warning: this statement may fall through [-Wimplicit-fallthrough=]
#10 31.59      case 6: nToken = sqlite3_value_int(apVal[5]);
#10 31.59                       ^~~~~~~~~~~~~~~~~~~~~~~~~~~
#10 31.59 Release/obj/gen/sqlite-autoconf-3150000/sqlite3.c:146657:22: warning: this statement may fall through [-Wimplicit-fallthrough=]
#10 31.59      case 6: nToken = sqlite3_value_int(apVal[5]);
#10 31.59                       ^~~~~~~~~~~~~~~~~~~~~~~~~~~
#10 31.59 Release/obj/gen/sqlite-autoconf-3150000/sqlite3.c:146658:5: note: here
#10 31.59      case 5: iCol = sqlite3_value_int(apVal[4]);
#10 31.59      ^~~~
#10 31.59 Release/obj/gen/sqlite-autoconf-3150000/sqlite3.c:146658:5: note: here
#10 31.59      case 5: iCol = sqlite3_value_int(apVal[4]);
#10 31.59      ^~~~
#10 31.60 Release/obj/gen/sqlite-autoconf-3150000/sqlite3.c:146658:20: warning: this statement may fall through [-Wimplicit-fallthrough=]
#10 31.60      case 5: iCol = sqlite3_value_int(apVal[4]);
#10 31.60                     ^~~~~~~~~~~~~~~~~~~~~~~~~~~
#10 31.60 Release/obj/gen/sqlite-autoconf-3150000/sqlite3.c:146658:20: warning: this statement may fall through [-Wimplicit-fallthrough=]
#10 31.60      case 5: iCol = sqlite3_value_int(apVal[4]);
#10 31.60                     ^~~~~~~~~~~~~~~~~~~~~~~~~~~
#10 31.60 Release/obj/gen/sqlite-autoconf-3150000/sqlite3.c:146659:5: note: here
#10 31.60      case 4: zEllipsis = (const char*)sqlite3_value_text(apVal[3]);
#10 31.60      ^~~~
#10 31.60 Release/obj/gen/sqlite-autoconf-3150000/sqlite3.c:146659:5: note: here
#10 31.60      case 4: zEllipsis = (const char*)sqlite3_value_text(apVal[3]);
#10 31.60      ^~~~
#10 31.61 Release/obj/gen/sqlite-autoconf-3150000/sqlite3.c:146659:38: warning: this statement may fall through [-Wimplicit-fallthrough=]
#10 31.61      case 4: zEllipsis = (const char*)sqlite3_value_text(apVal[3]);
#10 31.61                                       ^~~~~~~~~~~~~~~~~~~~~~~~~~~~
#10 31.61 Release/obj/gen/sqlite-autoconf-3150000/sqlite3.c:146659:38: warning: this statement may fall through [-Wimplicit-fallthrough=]
#10 31.61      case 4: zEllipsis = (const char*)sqlite3_value_text(apVal[3]);
#10 31.61                                       ^~~~~~~~~~~~~~~~~~~~~~~~~~~~
#10 31.61 Release/obj/gen/sqlite-autoconf-3150000/sqlite3.c:146660:5: note: here
#10 31.61      case 3: zEnd = (const char*)sqlite3_value_text(apVal[2]);
#10 31.61      ^~~~
#10 31.61 Release/obj/gen/sqlite-autoconf-3150000/sqlite3.c:146660:5: note: here
#10 31.61      case 3: zEnd = (const char*)sqlite3_value_text(apVal[2]);
#10 31.61      ^~~~
#10 31.62 Release/obj/gen/sqlite-autoconf-3150000/sqlite3.c:146660:33: warning: this statement may fall through [-Wimplicit-fallthrough=]
#10 31.62      case 3: zEnd = (const char*)sqlite3_value_text(apVal[2]);
#10 31.62                                  ^~~~~~~~~~~~~~~~~~~~~~~~~~~~
#10 31.62 Release/obj/gen/sqlite-autoconf-3150000/sqlite3.c:146660:33: warning: this statement may fall through [-Wimplicit-fallthrough=]
#10 31.62      case 3: zEnd = (const char*)sqlite3_value_text(apVal[2]);
#10 31.62                                  ^~~~~~~~~~~~~~~~~~~~~~~~~~~~
#10 31.62 Release/obj/gen/sqlite-autoconf-3150000/sqlite3.c:146661:5: note: here
#10 31.62      case 2: zStart = (const char*)sqlite3_value_text(apVal[1]);
#10 31.62      ^~~~
#10 31.62 Release/obj/gen/sqlite-autoconf-3150000/sqlite3.c:146661:5: note: here
#10 31.62      case 2: zStart = (const char*)sqlite3_value_text(apVal[1]);
#10 31.62      ^~~~
#10 31.66 Release/obj/gen/sqlite-autoconf-3150000/sqlite3.c: In function 'rtreeNonleafConstraint':
#10 31.66 Release/obj/gen/sqlite-autoconf-3150000/sqlite3.c: In function 'rtreeNonleafConstraint':
#10 31.66 Release/obj/gen/sqlite-autoconf-3150000/sqlite3.c:162310:9: warning: this statement may fall through [-Wimplicit-fallthrough=]
#10 31.66        if( p->op!=RTREE_EQ ) break;  /* RTREE_LE and RTREE_LT end here */
#10 31.66          ^
#10 31.66 Release/obj/gen/sqlite-autoconf-3150000/sqlite3.c:162310:9: warning: this statement may fall through [-Wimplicit-fallthrough=]
#10 31.66        if( p->op!=RTREE_EQ ) break;  /* RTREE_LE and RTREE_LT end here */
#10 31.66          ^
#10 31.66 Release/obj/gen/sqlite-autoconf-3150000/sqlite3.c:162313:5: note: here
#10 31.66      default: /* RTREE_GT or RTREE_GE,  or fallthrough of RTREE_EQ */
#10 31.66      ^~~~~~~
#10 31.67 Release/obj/gen/sqlite-autoconf-3150000/sqlite3.c:162313:5: note: here
#10 31.67      default: /* RTREE_GT or RTREE_GE,  or fallthrough of RTREE_EQ */
#10 31.67      ^~~~~~~
#10 31.67 Release/obj/gen/sqlite-autoconf-3150000/sqlite3.c: In function 'jsonRenderNode':
#10 31.67 Release/obj/gen/sqlite-autoconf-3150000/sqlite3.c: In function 'jsonRenderNode':
#10 31.67 Release/obj/gen/sqlite-autoconf-3150000/sqlite3.c:176768:9: warning: this statement may fall through [-Wimplicit-fallthrough=]
#10 31.67        if( pNode->jnFlags & JNODE_RAW ){
#10 31.67          ^
#10 31.68 Release/obj/gen/sqlite-autoconf-3150000/sqlite3.c:176768:9: warning: this statement may fall through [-Wimplicit-fallthrough=]
#10 31.68        if( pNode->jnFlags & JNODE_RAW ){
#10 31.68          ^
#10 31.68 Release/obj/gen/sqlite-autoconf-3150000/sqlite3.c:176774:5: note: here
#10 31.68      case JSON_REAL:
#10 31.68      ^~~~
#10 31.68 Release/obj/gen/sqlite-autoconf-3150000/sqlite3.c:176774:5: note: here
#10 31.68      case JSON_REAL:
#10 31.68      ^~~~
#10 31.68 Release/obj/gen/sqlite-autoconf-3150000/sqlite3.c: In function 'jsonReturn':
#10 31.68 Release/obj/gen/sqlite-autoconf-3150000/sqlite3.c: In function 'jsonReturn':
#10 31.68 Release/obj/gen/sqlite-autoconf-3150000/sqlite3.c:176891:7: warning: this statement may fall through [-Wimplicit-fallthrough=]
#10 31.68        int_as_real: /* fall through to real */;
#10 31.68        ^~~~~~~~~~~
#10 31.68 Release/obj/gen/sqlite-autoconf-3150000/sqlite3.c:176891:7: warning: this statement may fall through [-Wimplicit-fallthrough=]
#10 31.68        int_as_real: /* fall through to real */;
#10 31.68        ^~~~~~~~~~~
#10 31.69 Release/obj/gen/sqlite-autoconf-3150000/sqlite3.c:176893:5: note: here
#10 31.69      case JSON_REAL: {
#10 31.69      ^~~~
#10 31.69 Release/obj/gen/sqlite-autoconf-3150000/sqlite3.c: In function 'jsonEachColumn':
#10 31.69 Release/obj/gen/sqlite-autoconf-3150000/sqlite3.c:176893:5: note: here
#10 31.69      case JSON_REAL: {
#10 31.69      ^~~~
#10 31.69 Release/obj/gen/sqlite-autoconf-3150000/sqlite3.c: In function 'jsonEachColumn':
#10 31.69 Release/obj/gen/sqlite-autoconf-3150000/sqlite3.c:178258:9: warning: this statement may fall through [-Wimplicit-fallthrough=]
#10 31.69        if( p->bRecursive ){
#10 31.69          ^
#10 31.69 Release/obj/gen/sqlite-autoconf-3150000/sqlite3.c:178258:9: warning: this statement may fall through [-Wimplicit-fallthrough=]
#10 31.69        if( p->bRecursive ){
#10 31.69          ^
#10 31.69 Release/obj/gen/sqlite-autoconf-3150000/sqlite3.c:178268:5: note: here
#10 31.69      case JEACH_ROOT: {
#10 31.69      ^~~~
#10 31.70 Release/obj/gen/sqlite-autoconf-3150000/sqlite3.c:178268:5: note: here
#10 31.70      case JEACH_ROOT: {
#10 31.70      ^~~~
#10 48.76 Release/obj/gen/sqlite-autoconf-3150000/sqlite3.c: In function 'checkPtrmap':
#10 48.76 Release/obj/gen/sqlite-autoconf-3150000/sqlite3.c:67133:5: warning: 'iPtrmapParent' may be used uninitialized in this function [-Wmaybe-uninitialized]
#10 48.76      checkAppendMsg(pCheck,
#10 48.76      ^~~~~~~~~~~~~~~~~~~~~~
#10 48.76        "Bad ptr map entry key=%d expected=(%d,%d) got=(%d,%d)",
#10 48.76        ~~~~~~~~~~~~~~~~~~~~~~~~~~~~~~~~~~~~~~~~~~~~~~~~~~~~~~~~
#10 48.76        iChild, eType, iParent, ePtrmapType, iPtrmapParent);
#10 48.76        ~~~~~~~~~~~~~~~~~~~~~~~~~~~~~~~~~~~~~~~~~~~~~~~~~~~
#10 48.76 Release/obj/gen/sqlite-autoconf-3150000/sqlite3.c:67133:5: warning: 'ePtrmapType' may be used uninitialized in this function [-Wmaybe-uninitialized]
#10 48.77 Release/obj/gen/sqlite-autoconf-3150000/sqlite3.c: In function 'checkPtrmap':
#10 48.77 Release/obj/gen/sqlite-autoconf-3150000/sqlite3.c:67133:5: warning: 'iPtrmapParent' may be used uninitialized in this function [-Wmaybe-uninitialized]
#10 48.77      checkAppendMsg(pCheck,
#10 48.77      ^~~~~~~~~~~~~~~~~~~~~~
#10 48.77        "Bad ptr map entry key=%d expected=(%d,%d) got=(%d,%d)",
#10 48.77        ~~~~~~~~~~~~~~~~~~~~~~~~~~~~~~~~~~~~~~~~~~~~~~~~~~~~~~~~
#10 48.77        iChild, eType, iParent, ePtrmapType, iPtrmapParent);
#10 48.77        ~~~~~~~~~~~~~~~~~~~~~~~~~~~~~~~~~~~~~~~~~~~~~~~~~~~
#10 48.77 Release/obj/gen/sqlite-autoconf-3150000/sqlite3.c:67133:5: warning: 'ePtrmapType' may be used uninitialized in this function [-Wmaybe-uninitialized]
#10 63.38 Release/obj/gen/sqlite-autoconf-3150000/sqlite3.c: In function 'sqlite3Fts5IndexQuery':
#10 63.38 Release/obj/gen/sqlite-autoconf-3150000/sqlite3.c:191826:5: warning: 'memcpy' pointer overflow between offset 0 and size [-1, 9223372036854775807] [-Warray-bounds]
#10 63.38      memcpy(&buf.p[1], pToken, nToken);
#10 63.38      ^~~~~~~~~~~~~~~~~~~~~~~~~~~~~~~~~
#10 63.39 Release/obj/gen/sqlite-autoconf-3150000/sqlite3.c:191826:5: warning: 'memcpy' specified size 18446744073709551615 exceeds maximum object size 9223372036854775807 [-Wstringop-overflow=]
#10 63.53 Release/obj/gen/sqlite-autoconf-3150000/sqlite3.c: In function 'sqlite3Fts5IndexQuery':
#10 63.53 Release/obj/gen/sqlite-autoconf-3150000/sqlite3.c:191826:5: warning: 'memcpy' pointer overflow between offset 0 and size [-1, 9223372036854775807] [-Warray-bounds]
#10 63.53      memcpy(&buf.p[1], pToken, nToken);
#10 63.53      ^~~~~~~~~~~~~~~~~~~~~~~~~~~~~~~~~
#10 63.54 Release/obj/gen/sqlite-autoconf-3150000/sqlite3.c:191826:5: warning: 'memcpy' specified size 18446744073709551615 exceeds maximum object size 9223372036854775807 [-Wstringop-overflow=]
#10 68.30   AR(target) Release/obj.target/deps/sqlite3.a
#10 68.31   COPY Release/sqlite3.a
#10 68.32   CXX(target) Release/obj.target/node_sqlite3/src/database.o
#10 68.47   AR(target) Release/obj.target/deps/sqlite3.a
#10 68.48   COPY Release/sqlite3.a
#10 68.49   CXX(target) Release/obj.target/node_sqlite3/src/database.o
#10 68.84 In file included from ../node_modules/nan/nan.h:192,
#10 68.84                  from ../src/database.h:10,
#10 68.84                  from ../src/database.cc:4:
#10 68.84 ../node_modules/nan/nan_maybe_43_inl.h: In function 'Nan::Maybe<bool> Nan::ForceSet(v8::Local<v8::Object>, v8::Local<v8::Value>, v8::Local<v8::Value>, v8::PropertyAttribute)':
#10 68.84 ../node_modules/nan/nan_maybe_43_inl.h:112:15: error: 'class v8::Object' has no member named 'ForceSet'
#10 68.84    return obj->ForceSet(isolate->GetCurrentContext(), key, value, attribs);
#10 68.84                ^~~~~~~~
#10 68.84 In file included from ../node_modules/nan/nan_converters.h:67,
#10 68.84                  from ../node_modules/nan/nan.h:197,
#10 68.84                  from ../src/database.h:10,
#10 68.84                  from ../src/database.cc:4:
#10 68.84 ../node_modules/nan/nan_converters_43_inl.h: In static member function 'static Nan::imp::ToFactoryBase<v8::Boolean>::return_t Nan::imp::ToFactory<v8::Boolean>::convert(v8::Local<v8::Value>)':
#10 68.84 ../node_modules/nan/nan_converters_43_inl.h:18:69: error: no matching function for call to 'v8::Value::ToBoolean(v8::Local<v8::Context>)'
#10 68.84        val->To ## TYPE(v8::Isolate::GetCurrent()->GetCurrentContext())          \
#10 68.84                                                                      ^
#10 68.84 ../node_modules/nan/nan_converters_43_inl.h:22:1: note: in expansion of macro 'X'
#10 68.84  X(Boolean)
#10 68.84  ^
#10 68.84 In file included from /root/.cache/node-gyp/14.21.3/include/node/node.h:67,
#10 68.84                  from ../node_modules/nan/nan.h:49,
#10 68.84                  from ../src/database.h:10,
#10 68.84                  from ../src/database.cc:4:
#10 68.84 /root/.cache/node-gyp/14.21.3/include/node/v8.h:2848:18: note: candidate: 'v8::Local<v8::Boolean> v8::Value::ToBoolean(v8::Isolate*) const'
#10 68.84    Local<Boolean> ToBoolean(Isolate* isolate) const;
#10 68.84                   ^~~~~~~~~
#10 68.84 /root/.cache/node-gyp/14.21.3/include/node/v8.h:2848:18: note:   no known conversion for argument 1 from 'v8::Local<v8::Context>' to 'v8::Isolate*'
#10 68.85 In file included from ../node_modules/nan/nan_converters.h:67,
#10 68.85                  from ../node_modules/nan/nan.h:197,
#10 68.85                  from ../src/database.h:10,
#10 68.85                  from ../src/database.cc:4:
#10 68.85 ../node_modules/nan/nan_converters_43_inl.h: In static member function 'static Nan::imp::ValueFactoryBase<bool>::return_t Nan::imp::ToFactory<bool>::convert(v8::Local<v8::Value>)':
#10 68.85 ../node_modules/nan/nan_converters_43_inl.h:37:57: error: no matching function for call to 'v8::Value::BooleanValue(v8::Local<v8::Context>)'
#10 68.85    return val->NAME ## Value(isolate->GetCurrentContext());                     \
#10 68.85                                                          ^
#10 68.85 ../node_modules/nan/nan_converters_43_inl.h:40:1: note: in expansion of macro 'X'
#10 68.85  X(bool, Boolean)
#10 68.85  ^
#10 68.85 In file included from /root/.cache/node-gyp/14.21.3/include/node/node.h:67,
#10 68.85                  from ../node_modules/nan/nan.h:49,
#10 68.85                  from ../src/database.h:10,
#10 68.85                  from ../src/database.cc:4:
#10 68.85 /root/.cache/node-gyp/14.21.3/include/node/v8.h:2858:8: note: candidate: 'bool v8::Value::BooleanValue(v8::Isolate*) const'
#10 68.85    bool BooleanValue(Isolate* isolate) const;
#10 68.85         ^~~~~~~~~~~~
#10 68.85 /root/.cache/node-gyp/14.21.3/include/node/v8.h:2858:8: note:   no known conversion for argument 1 from 'v8::Local<v8::Context>' to 'v8::Isolate*'
#10 68.85 In file included from ../node_modules/nan/nan_new.h:189,
#10 68.85                  from ../node_modules/nan/nan.h:198,
#10 68.85                  from ../src/database.h:10,
#10 68.85                  from ../src/database.cc:4:
#10 68.85 ../node_modules/nan/nan_implementation_12_inl.h: In static member function 'static Nan::imp::FactoryBase<v8::Function>::return_t Nan::imp::Factory<v8::Function>::New(Nan::FunctionCallback, v8::Local<v8::Value>)':
#10 68.85 ../node_modules/nan/nan_implementation_12_inl.h:105:32: error: no matching function for call to 'v8::Function::New(v8::Isolate*&, void (&)(const v8::FunctionCallbackInfo<v8::Value>&), v8::Local<v8::Object>&)'
#10 68.85                            , obj));
#10 68.85                                 ^
#10 68.85 In file included from /root/.cache/node-gyp/14.21.3/include/node/node.h:67,
#10 68.85                  from ../node_modules/nan/nan.h:49,
#10 68.85                  from ../src/database.h:10,
#10 68.85                  from ../src/database.cc:4:
#10 68.85 /root/.cache/node-gyp/14.21.3/include/node/v8.h:4445:31: note: candidate: 'static v8::MaybeLocal<v8::Function> v8::Function::New(v8::Local<v8::Context>, v8::FunctionCallback, v8::Local<v8::Value>, int, v8::ConstructorBehavior, v8::SideEffectType)'
#10 68.85    static MaybeLocal<Function> New(
#10 68.85                                ^~~
#10 68.85 /root/.cache/node-gyp/14.21.3/include/node/v8.h:4445:31: note:   no known conversion for argument 1 from 'v8::Isolate*' to 'v8::Local<v8::Context>'
#10 68.86 In file included from ../node_modules/nan/nan_new.h:189,
#10 68.86                  from ../node_modules/nan/nan.h:198,
#10 68.86                  from ../src/database.h:10,
#10 68.86                  from ../src/database.cc:4:
#10 68.86 ../node_modules/nan/nan_implementation_12_inl.h: In static member function 'static Nan::imp::FactoryBase<v8::StringObject>::return_t Nan::imp::Factory<v8::StringObject>::New(v8::Local<v8::String>)':
#10 68.86 ../node_modules/nan/nan_implementation_12_inl.h:337:37: error: no matching function for call to 'v8::StringObject::New(v8::Local<v8::String>&)'
#10 68.86    return v8::StringObject::New(value).As<v8::StringObject>();
#10 68.86                                      ^
#10 68.86 In file included from /root/.cache/node-gyp/14.21.3/include/node/node.h:67,
#10 68.86                  from ../node_modules/nan/nan.h:49,
#10 68.86                  from ../src/database.h:10,
#10 68.86                  from ../src/database.cc:4:
#10 68.86 /root/.cache/node-gyp/14.21.3/include/node/v8.h:5854:23: note: candidate: 'static v8::Local<v8::Value> v8::StringObject::New(v8::Isolate*, v8::Local<v8::String>)'
#10 68.86    static Local<Value> New(Isolate* isolate, Local<String> value);
#10 68.86                        ^~~
#10 68.86 /root/.cache/node-gyp/14.21.3/include/node/v8.h:5854:23: note:   candidate expects 2 arguments, 1 provided
#10 68.86 In file included from ../node_modules/nan/nan_new.h:189,
#10 68.86                  from ../node_modules/nan/nan.h:198,
#10 68.86                  from ../src/database.h:10,
#10 68.86                  from ../src/database.cc:4:
#10 68.86 ../node_modules/nan/nan_implementation_12_inl.h:337:58: error: expected primary-expression before '>' token
#10 68.86    return v8::StringObject::New(value).As<v8::StringObject>();
#10 68.86                                                           ^
#10 68.86 ../node_modules/nan/nan_implementation_12_inl.h:337:60: error: expected primary-expression before ')' token
#10 68.86    return v8::StringObject::New(value).As<v8::StringObject>();
#10 68.86                                                             ^
#10 68.87 In file included from ../src/database.h:10,
#10 68.87                  from ../src/database.cc:4:
#10 68.87 ../node_modules/nan/nan.h: In function 'v8::Local<v8::Value> Nan::MakeCallback(v8::Local<v8::Object>, v8::Local<v8::Function>, int, v8::Local<v8::Value>*)':
#10 68.87 ../node_modules/nan/nan.h:835:60: warning: 'v8::Local<v8::Value> node::MakeCallback(v8::Isolate*, v8::Local<v8::Object>, v8::Local<v8::Function>, int, v8::Local<v8::Value>*)' is deprecated: Use MakeCallback(..., async_context) [-Wdeprecated-declarations]
#10 68.87          v8::Isolate::GetCurrent(), target, func, argc, argv);
#10 68.87                                                             ^
#10 68.87 In file included from ../node_modules/nan/nan.h:49,
#10 68.87                  from ../src/database.h:10,
#10 68.87                  from ../src/database.cc:4:
#10 68.87 /root/.cache/node-gyp/14.21.3/include/node/node.h:191:50: note: declared here
#10 68.87                  NODE_EXTERN v8::Local<v8::Value> MakeCallback(
#10 68.87                                                   ^~~~~~~~~~~~
#10 68.87 /root/.cache/node-gyp/14.21.3/include/node/node.h:108:42: note: in definition of macro 'NODE_DEPRECATED'
#10 68.87      __attribute__((deprecated(message))) declarator
#10 68.87                                           ^~~~~~~~~~
#10 68.87 In file included from ../src/database.h:10,
#10 68.87                  from ../src/database.cc:4:
#10 68.87 ../node_modules/nan/nan.h:835:60: warning: 'v8::Local<v8::Value> node::MakeCallback(v8::Isolate*, v8::Local<v8::Object>, v8::Local<v8::Function>, int, v8::Local<v8::Value>*)' is deprecated: Use MakeCallback(..., async_context) [-Wdeprecated-declarations]
#10 68.87          v8::Isolate::GetCurrent(), target, func, argc, argv);
#10 68.87                                                             ^
#10 68.87 In file included from ../node_modules/nan/nan.h:49,
#10 68.87                  from ../src/database.h:10,
#10 68.87                  from ../src/database.cc:4:
#10 68.87 /root/.cache/node-gyp/14.21.3/include/node/node.h:191:50: note: declared here
#10 68.87                  NODE_EXTERN v8::Local<v8::Value> MakeCallback(
#10 68.87                                                   ^~~~~~~~~~~~
#10 68.87 /root/.cache/node-gyp/14.21.3/include/node/node.h:108:42: note: in definition of macro 'NODE_DEPRECATED'
#10 68.87      __attribute__((deprecated(message))) declarator
#10 68.87                                           ^~~~~~~~~~
#10 68.87 In file included from ../src/database.h:10,
#10 68.87                  from ../src/database.cc:4:
#10 68.87 ../node_modules/nan/nan.h: In function 'v8::Local<v8::Value> Nan::MakeCallback(v8::Local<v8::Object>, v8::Local<v8::String>, int, v8::Local<v8::Value>*)':
#10 68.87 ../node_modules/nan/nan.h:850:62: warning: 'v8::Local<v8::Value> node::MakeCallback(v8::Isolate*, v8::Local<v8::Object>, v8::Local<v8::String>, int, v8::Local<v8::Value>*)' is deprecated: Use MakeCallback(..., async_context) [-Wdeprecated-declarations]
#10 68.87          v8::Isolate::GetCurrent(), target, symbol, argc, argv);
#10 68.87                                                               ^
#10 68.87 In file included from ../node_modules/nan/nan.h:49,
#10 68.87                  from ../src/database.h:10,
#10 68.87                  from ../src/database.cc:4:
#10 68.87 /root/.cache/node-gyp/14.21.3/include/node/node.h:184:50: note: declared here
#10 68.87                  NODE_EXTERN v8::Local<v8::Value> MakeCallback(
#10 68.87                                                   ^~~~~~~~~~~~
#10 68.87 /root/.cache/node-gyp/14.21.3/include/node/node.h:108:42: note: in definition of macro 'NODE_DEPRECATED'
#10 68.87      __attribute__((deprecated(message))) declarator
#10 68.87                                           ^~~~~~~~~~
#10 68.87 In file included from ../src/database.h:10,
#10 68.87                  from ../src/database.cc:4:
#10 68.87 ../node_modules/nan/nan.h:850:62: warning: 'v8::Local<v8::Value> node::MakeCallback(v8::Isolate*, v8::Local<v8::Object>, v8::Local<v8::String>, int, v8::Local<v8::Value>*)' is deprecated: Use MakeCallback(..., async_context) [-Wdeprecated-declarations]
#10 68.87          v8::Isolate::GetCurrent(), target, symbol, argc, argv);
#10 68.87                                                               ^
#10 68.87 In file included from ../node_modules/nan/nan.h:49,
#10 68.87                  from ../src/database.h:10,
#10 68.87                  from ../src/database.cc:4:
#10 68.87 /root/.cache/node-gyp/14.21.3/include/node/node.h:184:50: note: declared here
#10 68.87                  NODE_EXTERN v8::Local<v8::Value> MakeCallback(
#10 68.87                                                   ^~~~~~~~~~~~
#10 68.87 /root/.cache/node-gyp/14.21.3/include/node/node.h:108:42: note: in definition of macro 'NODE_DEPRECATED'
#10 68.87      __attribute__((deprecated(message))) declarator
#10 68.87                                           ^~~~~~~~~~
#10 68.87 In file included from ../src/database.h:10,
#10 68.87                  from ../src/database.cc:4:
#10 68.87 ../node_modules/nan/nan.h: In function 'v8::Local<v8::Value> Nan::MakeCallback(v8::Local<v8::Object>, const char*, int, v8::Local<v8::Value>*)':
#10 68.87 ../node_modules/nan/nan.h:865:62: warning: 'v8::Local<v8::Value> node::MakeCallback(v8::Isolate*, v8::Local<v8::Object>, const char*, int, v8::Local<v8::Value>*)' is deprecated: Use MakeCallback(..., async_context) [-Wdeprecated-declarations]
#10 68.87          v8::Isolate::GetCurrent(), target, method, argc, argv);
#10 68.87                                                               ^
#10 68.87 In file included from ../node_modules/nan/nan.h:49,
#10 68.87                  from ../src/database.h:10,
#10 68.87                  from ../src/database.cc:4:
#10 68.87 /root/.cache/node-gyp/14.21.3/include/node/node.h:177:50: note: declared here
#10 68.87                  NODE_EXTERN v8::Local<v8::Value> MakeCallback(
#10 68.87                                                   ^~~~~~~~~~~~
#10 68.87 /root/.cache/node-gyp/14.21.3/include/node/node.h:108:42: note: in definition of macro 'NODE_DEPRECATED'
#10 68.87      __attribute__((deprecated(message))) declarator
#10 68.87                                           ^~~~~~~~~~
#10 68.87 In file included from ../src/database.h:10,
#10 68.87                  from ../src/database.cc:4:
#10 68.87 ../node_modules/nan/nan.h:865:62: warning: 'v8::Local<v8::Value> node::MakeCallback(v8::Isolate*, v8::Local<v8::Object>, const char*, int, v8::Local<v8::Value>*)' is deprecated: Use MakeCallback(..., async_context) [-Wdeprecated-declarations]
#10 68.87          v8::Isolate::GetCurrent(), target, method, argc, argv);
#10 68.87                                                               ^
#10 68.87 In file included from ../node_modules/nan/nan.h:49,
#10 68.87                  from ../src/database.h:10,
#10 68.87                  from ../src/database.cc:4:
#10 68.87 /root/.cache/node-gyp/14.21.3/include/node/node.h:177:50: note: declared here
#10 68.87                  NODE_EXTERN v8::Local<v8::Value> MakeCallback(
#10 68.87                                                   ^~~~~~~~~~~~
#10 68.87 /root/.cache/node-gyp/14.21.3/include/node/node.h:108:42: note: in definition of macro 'NODE_DEPRECATED'
#10 68.87      __attribute__((deprecated(message))) declarator
#10 68.87                                           ^~~~~~~~~~
#10 68.87 In file included from ../src/database.h:10,
#10 68.87                  from ../src/database.cc:4:
#10 68.87 ../node_modules/nan/nan.h: In constructor 'Nan::Utf8String::Utf8String(v8::Local<v8::Value>)':
#10 68.87 ../node_modules/nan/nan.h:911:53: error: no matching function for call to 'v8::Value::ToString()'
#10 68.87        v8::Local<v8::String> string = from->ToString();
#10 68.87                                                      ^
#10 68.87 In file included from /root/.cache/node-gyp/14.21.3/include/node/node.h:67,
#10 68.87                  from ../node_modules/nan/nan.h:49,
#10 68.87                  from ../src/database.h:10,
#10 68.87                  from ../src/database.cc:4:
#10 68.87 /root/.cache/node-gyp/14.21.3/include/node/v8.h:2810:44: note: candidate: 'v8::MaybeLocal<v8::String> v8::Value::ToString(v8::Local<v8::Context>) const'
#10 68.87    V8_WARN_UNUSED_RESULT MaybeLocal<String> ToString(
#10 68.87                                             ^~~~~~~~
#10 68.87 /root/.cache/node-gyp/14.21.3/include/node/v8.h:2810:44: note:   candidate expects 1 argument, 0 provided
#10 68.87 In file included from ../src/database.h:10,
#10 68.87                  from ../src/database.cc:4:
#10 68.87 ../node_modules/nan/nan.h:921:74: error: no matching function for call to 'v8::String::WriteUtf8(char*&, int, int, const int&)'
#10 68.87          length_ = string->WriteUtf8(str_, static_cast<int>(len), 0, flags);
#10 68.87                                                                           ^
#10 68.87 In file included from /root/.cache/node-gyp/14.21.3/include/node/node.h:67,
#10 68.87                  from ../node_modules/nan/nan.h:49,
#10 68.87                  from ../src/database.h:10,
#10 68.87                  from ../src/database.cc:4:
#10 68.87 /root/.cache/node-gyp/14.21.3/include/node/v8.h:3037:7: note: candidate: 'int v8::String::WriteUtf8(v8::Isolate*, char*, int, int*, int) const'
#10 68.87    int WriteUtf8(Isolate* isolate, char* buffer, int length = -1,
#10 68.87        ^~~~~~~~~
#10 68.87 /root/.cache/node-gyp/14.21.3/include/node/v8.h:3037:7: note:   no known conversion for argument 1 from 'char*' to 'v8::Isolate*'
#10 68.88 In file included from ../src/database.h:10,
#10 68.88                  from ../src/database.cc:4:
#10 68.88 ../node_modules/nan/nan.h: In member function 'v8::Local<v8::Value> Nan::Callback::Call_(v8::Isolate*, v8::Local<v8::Object>, int, v8::Local<v8::Value>*) const':
#10 68.88 ../node_modules/nan/nan.h:1479:5: warning: 'v8::Local<v8::Value> node::MakeCallback(v8::Isolate*, v8::Local<v8::Object>, v8::Local<v8::Function>, int, v8::Local<v8::Value>*)' is deprecated: Use MakeCallback(..., async_context) [-Wdeprecated-declarations]
#10 68.88      ));
#10 68.88      ^
#10 68.88 In file included from ../node_modules/nan/nan.h:49,
#10 68.88                  from ../src/database.h:10,
#10 68.88                  from ../src/database.cc:4:
#10 68.88 /root/.cache/node-gyp/14.21.3/include/node/node.h:191:50: note: declared here
#10 68.88                  NODE_EXTERN v8::Local<v8::Value> MakeCallback(
#10 68.88                                                   ^~~~~~~~~~~~
#10 68.88 /root/.cache/node-gyp/14.21.3/include/node/node.h:108:42: note: in definition of macro 'NODE_DEPRECATED'
#10 68.88      __attribute__((deprecated(message))) declarator
#10 68.88                                           ^~~~~~~~~~
#10 68.88 In file included from ../src/database.h:10,
#10 68.88                  from ../src/database.cc:4:
#10 68.88 ../node_modules/nan/nan.h:1479:5: warning: 'v8::Local<v8::Value> node::MakeCallback(v8::Isolate*, v8::Local<v8::Object>, v8::Local<v8::Function>, int, v8::Local<v8::Value>*)' is deprecated: Use MakeCallback(..., async_context) [-Wdeprecated-declarations]
#10 68.88      ));
#10 68.88      ^
#10 68.88 In file included from ../node_modules/nan/nan.h:49,
#10 68.88                  from ../src/database.h:10,
#10 68.88                  from ../src/database.cc:4:
#10 68.88 /root/.cache/node-gyp/14.21.3/include/node/node.h:191:50: note: declared here
#10 68.88                  NODE_EXTERN v8::Local<v8::Value> MakeCallback(
#10 68.88                                                   ^~~~~~~~~~~~
#10 68.88 /root/.cache/node-gyp/14.21.3/include/node/node.h:108:42: note: in definition of macro 'NODE_DEPRECATED'
#10 68.88      __attribute__((deprecated(message))) declarator
#10 68.88                                           ^~~~~~~~~~
#10 68.88 In file included from ../src/database.h:10,
#10 68.88                  from ../src/database.cc:4:
#10 68.88 ../node_modules/nan/nan.h: In member function 'void Nan::AsyncWorker::SaveToPersistent(const char*, const v8::Local<v8::Value>&)':
#10 68.88 ../node_modules/nan/nan.h:1533:64: error: no matching function for call to 'v8::Object::Set(v8::Local<v8::String>, const v8::Local<v8::Value>&)'
#10 68.88      New(persistentHandle)->Set(New(key).ToLocalChecked(), value);
#10 68.88                                                                 ^
#10 68.88 In file included from /root/.cache/node-gyp/14.21.3/include/node/node.h:67,
#10 68.88                  from ../node_modules/nan/nan.h:49,
#10 68.88                  from ../src/database.h:10,
#10 68.88                  from ../src/database.cc:4:
#10 68.88 /root/.cache/node-gyp/14.21.3/include/node/v8.h:3670:37: note: candidate: 'v8::Maybe<bool> v8::Object::Set(v8::Local<v8::Context>, v8::Local<v8::Value>, v8::Local<v8::Value>)'
#10 68.88    V8_WARN_UNUSED_RESULT Maybe<bool> Set(Local<Context> context,
#10 68.88                                      ^~~
#10 68.88 /root/.cache/node-gyp/14.21.3/include/node/v8.h:3670:37: note:   candidate expects 3 arguments, 2 provided
#10 68.88 /root/.cache/node-gyp/14.21.3/include/node/v8.h:3673:37: note: candidate: 'v8::Maybe<bool> v8::Object::Set(v8::Local<v8::Context>, uint32_t, v8::Local<v8::Value>)'
#10 68.88    V8_WARN_UNUSED_RESULT Maybe<bool> Set(Local<Context> context, uint32_t index,
#10 68.88                                      ^~~
#10 68.88 /root/.cache/node-gyp/14.21.3/include/node/v8.h:3673:37: note:   candidate expects 3 arguments, 2 provided
#10 68.88 In file included from ../src/database.h:10,
#10 68.88                  from ../src/database.cc:4:
#10 68.88 ../node_modules/nan/nan.h: In member function 'void Nan::AsyncWorker::SaveToPersistent(const v8::Local<v8::String>&, const v8::Local<v8::Value>&)':
#10 68.88 ../node_modules/nan/nan.h:1539:42: error: no matching function for call to 'v8::Object::Set(const v8::Local<v8::String>&, const v8::Local<v8::Value>&)'
#10 68.88      New(persistentHandle)->Set(key, value);
#10 68.88                                           ^
#10 68.88 In file included from /root/.cache/node-gyp/14.21.3/include/node/node.h:67,
#10 68.88                  from ../node_modules/nan/nan.h:49,
#10 68.88                  from ../src/database.h:10,
#10 68.88                  from ../src/database.cc:4:
#10 68.88 /root/.cache/node-gyp/14.21.3/include/node/v8.h:3670:37: note: candidate: 'v8::Maybe<bool> v8::Object::Set(v8::Local<v8::Context>, v8::Local<v8::Value>, v8::Local<v8::Value>)'
#10 68.88    V8_WARN_UNUSED_RESULT Maybe<bool> Set(Local<Context> context,
#10 68.88                                      ^~~
#10 68.88 /root/.cache/node-gyp/14.21.3/include/node/v8.h:3670:37: note:   candidate expects 3 arguments, 2 provided
#10 68.88 /root/.cache/node-gyp/14.21.3/include/node/v8.h:3673:37: note: candidate: 'v8::Maybe<bool> v8::Object::Set(v8::Local<v8::Context>, uint32_t, v8::Local<v8::Value>)'
#10 68.88    V8_WARN_UNUSED_RESULT Maybe<bool> Set(Local<Context> context, uint32_t index,
#10 68.88                                      ^~~
#10 68.88 /root/.cache/node-gyp/14.21.3/include/node/v8.h:3673:37: note:   candidate expects 3 arguments, 2 provided
#10 68.88 In file included from ../src/database.h:10,
#10 68.88                  from ../src/database.cc:4:
#10 68.88 ../node_modules/nan/nan.h: In member function 'void Nan::AsyncWorker::SaveToPersistent(uint32_t, const v8::Local<v8::Value>&)':
#10 68.88 ../node_modules/nan/nan.h:1545:44: error: no matching function for call to 'v8::Object::Set(uint32_t&, const v8::Local<v8::Value>&)'
#10 68.88      New(persistentHandle)->Set(index, value);
#10 68.88                                             ^
#10 68.88 In file included from /root/.cache/node-gyp/14.21.3/include/node/node.h:67,
#10 68.88                  from ../node_modules/nan/nan.h:49,
#10 68.88                  from ../src/database.h:10,
#10 68.88                  from ../src/database.cc:4:
#10 68.88 /root/.cache/node-gyp/14.21.3/include/node/v8.h:3670:37: note: candidate: 'v8::Maybe<bool> v8::Object::Set(v8::Local<v8::Context>, v8::Local<v8::Value>, v8::Local<v8::Value>)'
#10 68.88    V8_WARN_UNUSED_RESULT Maybe<bool> Set(Local<Context> context,
#10 68.88                                      ^~~
#10 68.88 /root/.cache/node-gyp/14.21.3/include/node/v8.h:3670:37: note:   candidate expects 3 arguments, 2 provided
#10 68.88 /root/.cache/node-gyp/14.21.3/include/node/v8.h:3673:37: note: candidate: 'v8::Maybe<bool> v8::Object::Set(v8::Local<v8::Context>, uint32_t, v8::Local<v8::Value>)'
#10 68.88    V8_WARN_UNUSED_RESULT Maybe<bool> Set(Local<Context> context, uint32_t index,
#10 68.88                                      ^~~
#10 68.88 /root/.cache/node-gyp/14.21.3/include/node/v8.h:3673:37: note:   candidate expects 3 arguments, 2 provided
#10 68.88 In file included from ../src/database.h:10,
#10 68.88                  from ../src/database.cc:4:
#10 68.88 ../node_modules/nan/nan.h: In member function 'v8::Local<v8::Value> Nan::AsyncWorker::GetFromPersistent(const char*) const':
#10 68.88 ../node_modules/nan/nan.h:1551:61: error: no matching function for call to 'v8::Object::Get(v8::Local<v8::String>)'
#10 68.88          New(persistentHandle)->Get(New(key).ToLocalChecked()));
#10 68.88                                                              ^
#10 68.88 In file included from /root/.cache/node-gyp/14.21.3/include/node/node.h:67,
#10 68.88                  from ../node_modules/nan/nan.h:49,
#10 68.88                  from ../src/database.h:10,
#10 68.88                  from ../src/database.cc:4:
#10 68.88 /root/.cache/node-gyp/14.21.3/include/node/v8.h:3717:43: note: candidate: 'v8::MaybeLocal<v8::Value> v8::Object::Get(v8::Local<v8::Context>, v8::Local<v8::Value>)'
#10 68.88    V8_WARN_UNUSED_RESULT MaybeLocal<Value> Get(Local<Context> context,
#10 68.88                                            ^~~
#10 68.88 /root/.cache/node-gyp/14.21.3/include/node/v8.h:3717:43: note:   candidate expects 2 arguments, 1 provided
#10 68.88 /root/.cache/node-gyp/14.21.3/include/node/v8.h:3720:43: note: candidate: 'v8::MaybeLocal<v8::Value> v8::Object::Get(v8::Local<v8::Context>, uint32_t)'
#10 68.88    V8_WARN_UNUSED_RESULT MaybeLocal<Value> Get(Local<Context> context,
#10 68.88                                            ^~~
#10 68.88 /root/.cache/node-gyp/14.21.3/include/node/v8.h:3720:43: note:   candidate expects 2 arguments, 1 provided
#10 68.88 In file included from ../src/database.h:10,
#10 68.88                  from ../src/database.cc:4:
#10 68.88 ../node_modules/nan/nan.h: In member function 'v8::Local<v8::Value> Nan::AsyncWorker::GetFromPersistent(const v8::Local<v8::String>&) const':
#10 68.88 ../node_modules/nan/nan.h:1557:55: error: no matching function for call to 'v8::Object::Get(const v8::Local<v8::String>&)'
#10 68.88      return scope.Escape(New(persistentHandle)->Get(key));
#10 68.88                                                        ^
#10 68.88 In file included from /root/.cache/node-gyp/14.21.3/include/node/node.h:67,
#10 68.88                  from ../node_modules/nan/nan.h:49,
#10 68.88                  from ../src/database.h:10,
#10 68.88                  from ../src/database.cc:4:
#10 68.88 /root/.cache/node-gyp/14.21.3/include/node/v8.h:3717:43: note: candidate: 'v8::MaybeLocal<v8::Value> v8::Object::Get(v8::Local<v8::Context>, v8::Local<v8::Value>)'
#10 68.88    V8_WARN_UNUSED_RESULT MaybeLocal<Value> Get(Local<Context> context,
#10 68.88                                            ^~~
#10 68.88 /root/.cache/node-gyp/14.21.3/include/node/v8.h:3717:43: note:   candidate expects 2 arguments, 1 provided
#10 68.88 /root/.cache/node-gyp/14.21.3/include/node/v8.h:3720:43: note: candidate: 'v8::MaybeLocal<v8::Value> v8::Object::Get(v8::Local<v8::Context>, uint32_t)'
#10 68.88    V8_WARN_UNUSED_RESULT MaybeLocal<Value> Get(Local<Context> context,
#10 68.88                                            ^~~
#10 68.88 /root/.cache/node-gyp/14.21.3/include/node/v8.h:3720:43: note:   candidate expects 2 arguments, 1 provided
#10 68.88 In file included from ../src/database.h:10,
#10 68.88                  from ../src/database.cc:4:
#10 68.88 ../node_modules/nan/nan.h: In member function 'v8::Local<v8::Value> Nan::AsyncWorker::GetFromPersistent(uint32_t) const':
#10 68.88 ../node_modules/nan/nan.h:1562:57: error: no matching function for call to 'v8::Object::Get(uint32_t&)'
#10 68.88      return scope.Escape(New(persistentHandle)->Get(index));
#10 68.88                                                          ^
#10 68.88 In file included from /root/.cache/node-gyp/14.21.3/include/node/node.h:67,
#10 68.88                  from ../node_modules/nan/nan.h:49,
#10 68.88                  from ../src/database.h:10,
#10 68.88                  from ../src/database.cc:4:
#10 68.88 /root/.cache/node-gyp/14.21.3/include/node/v8.h:3717:43: note: candidate: 'v8::MaybeLocal<v8::Value> v8::Object::Get(v8::Local<v8::Context>, v8::Local<v8::Value>)'
#10 68.88    V8_WARN_UNUSED_RESULT MaybeLocal<Value> Get(Local<Context> context,
#10 68.88                                            ^~~
#10 68.88 /root/.cache/node-gyp/14.21.3/include/node/v8.h:3717:43: note:   candidate expects 2 arguments, 1 provided
#10 68.88 /root/.cache/node-gyp/14.21.3/include/node/v8.h:3720:43: note: candidate: 'v8::MaybeLocal<v8::Value> v8::Object::Get(v8::Local<v8::Context>, uint32_t)'
#10 68.88    V8_WARN_UNUSED_RESULT MaybeLocal<Value> Get(Local<Context> context,
#10 68.88                                            ^~~
#10 68.88 /root/.cache/node-gyp/14.21.3/include/node/v8.h:3720:43: note:   candidate expects 2 arguments, 1 provided
#10 68.88 In file included from ../src/database.h:10,
#10 68.88                  from ../src/database.cc:4:
#10 68.88 ../node_modules/nan/nan.h: In function 'void Nan::AsyncQueueWorker(Nan::AsyncWorker*)':
#10 68.88 ../node_modules/nan/nan.h:1732:62: warning: cast between incompatible function types from 'void (*)(uv_work_t*)' {aka 'void (*)(uv_work_s*)'} to 'uv_after_work_cb' {aka 'void (*)(uv_work_s*, int)'} [-Wcast-function-type]
#10 68.88      , reinterpret_cast<uv_after_work_cb>(AsyncExecuteComplete)
#10 68.88                                                               ^
#10 68.89 In file included from ../node_modules/nan/nan.h:2222,
#10 68.89                  from ../src/database.h:10,
#10 68.89                  from ../src/database.cc:4:
#10 68.89 ../node_modules/nan/nan_object_wrap.h: In member function 'void Nan::ObjectWrap::MakeWeak()':
#10 68.89 ../node_modules/nan/nan_object_wrap.h:67:18: error: 'class Nan::Persistent<v8::Object>' has no member named 'MarkIndependent'
#10 68.89      persistent().MarkIndependent();
#10 68.89                   ^~~~~~~~~~~~~~~
#10 68.93 In file included from ../src/database.cc:3:
#10 68.93 ../src/database.cc: In member function 'void node_sqlite3::Database::Process()':
#10 68.93 ../src/macros.h:91:13: error: no matching function for call to 'v8::String::Concat(v8::Local<v8::String>, v8::Local<v8::String>)'
#10 68.93              ),                                                                 \
#10 68.93              ^
#10 68.93 ../src/database.cc:40:9: note: in expansion of macro 'EXCEPTION'
#10 68.93          EXCEPTION(Nan::New("Database handle is closed").ToLocalChecked(), SQLITE_MISUSE, exception);
#10 68.93          ^~~~~~~~~
#10 68.93 In file included from /root/.cache/node-gyp/14.21.3/include/node/node.h:67,
#10 68.93                  from ../node_modules/nan/nan.h:49,
#10 68.93                  from ../src/database.h:10,
#10 68.93                  from ../src/database.cc:4:
#10 68.93 /root/.cache/node-gyp/14.21.3/include/node/v8.h:3221:24: note: candidate: 'static v8::Local<v8::String> v8::String::Concat(v8::Isolate*, v8::Local<v8::String>, v8::Local<v8::String>)'
#10 68.93    static Local<String> Concat(Isolate* isolate, Local<String> left,
#10 68.93                         ^~~~~~
#10 68.93 /root/.cache/node-gyp/14.21.3/include/node/v8.h:3221:24: note:   candidate expects 3 arguments, 2 provided
#10 68.93 In file included from ../src/database.cc:3:
#10 68.93 ../src/database.cc: In member function 'void node_sqlite3::Database::Schedule(node_sqlite3::Database::Work_Callback, node_sqlite3::Database::Baton*, bool)':
#10 68.93 ../src/macros.h:91:13: error: no matching function for call to 'v8::String::Concat(v8::Local<v8::String>, v8::Local<v8::String>)'
#10 68.93              ),                                                                 \
#10 68.93              ^
#10 68.93 ../src/database.cc:88:9: note: in expansion of macro 'EXCEPTION'
#10 68.93          EXCEPTION(Nan::New("Database is closed").ToLocalChecked(), SQLITE_MISUSE, exception);
#10 68.93          ^~~~~~~~~
#10 68.93 In file included from /root/.cache/node-gyp/14.21.3/include/node/node.h:67,
#10 68.93                  from ../node_modules/nan/nan.h:49,
#10 68.93                  from ../src/database.h:10,
#10 68.93                  from ../src/database.cc:4:
#10 68.93 /root/.cache/node-gyp/14.21.3/include/node/v8.h:3221:24: note: candidate: 'static v8::Local<v8::String> v8::String::Concat(v8::Isolate*, v8::Local<v8::String>, v8::Local<v8::String>)'
#10 68.93    static Local<String> Concat(Isolate* isolate, Local<String> left,
#10 68.93                         ^~~~~~
#10 68.93 /root/.cache/node-gyp/14.21.3/include/node/v8.h:3221:24: note:   candidate expects 3 arguments, 2 provided
#10 68.93 ../src/database.cc: In static member function 'static void node_sqlite3::Database::Work_BeginOpen(node_sqlite3::Database::Baton*)':
#10 68.93 ../src/database.cc:145:55: warning: cast between incompatible function types from 'void (*)(uv_work_t*)' {aka 'void (*)(uv_work_s*)'} to 'uv_after_work_cb' {aka 'void (*)(uv_work_s*, int)'} [-Wcast-function-type]
#10 68.93          &baton->request, Work_Open, (uv_after_work_cb)Work_AfterOpen);
#10 68.93                                                        ^~~~~~~~~~~~~~
#10 68.93 ../src/database.cc:144:9: warning: unused variable 'status' [-Wunused-variable]
#10 68.93      int status = uv_queue_work(uv_default_loop(),
#10 68.93          ^~~~~~
#10 68.93 In file included from ../src/database.cc:3:
#10 68.93 ../src/database.cc: In static member function 'static void node_sqlite3::Database::Work_AfterOpen(uv_work_t*)':
#10 68.93 ../src/macros.h:91:13: error: no matching function for call to 'v8::String::Concat(v8::Local<v8::String>, v8::Local<v8::String>)'
#10 68.93              ),                                                                 \
#10 68.93              ^
#10 68.93 ../src/database.cc:179:9: note: in expansion of macro 'EXCEPTION'
#10 68.93          EXCEPTION(Nan::New(baton->message.c_str()).ToLocalChecked(), baton->status, exception);
#10 68.93          ^~~~~~~~~
#10 68.93 In file included from /root/.cache/node-gyp/14.21.3/include/node/node.h:67,
#10 68.93                  from ../node_modules/nan/nan.h:49,
#10 68.93                  from ../src/database.h:10,
#10 68.93                  from ../src/database.cc:4:
#10 68.93 /root/.cache/node-gyp/14.21.3/include/node/v8.h:3221:24: note: candidate: 'static v8::Local<v8::String> v8::String::Concat(v8::Isolate*, v8::Local<v8::String>, v8::Local<v8::String>)'
#10 68.93    static Local<String> Concat(Isolate* isolate, Local<String> left,
#10 68.93                         ^~~~~~
#10 68.93 /root/.cache/node-gyp/14.21.3/include/node/v8.h:3221:24: note:   candidate expects 3 arguments, 2 provided
#10 68.94 ../src/database.cc: In static member function 'static void node_sqlite3::Database::Work_BeginClose(node_sqlite3::Database::Baton*)':
#10 68.94 ../src/database.cc:231:56: warning: cast between incompatible function types from 'void (*)(uv_work_t*)' {aka 'void (*)(uv_work_s*)'} to 'uv_after_work_cb' {aka 'void (*)(uv_work_s*, int)'} [-Wcast-function-type]
#10 68.94          &baton->request, Work_Close, (uv_after_work_cb)Work_AfterClose);
#10 68.94                                                         ^~~~~~~~~~~~~~~
#10 68.94 ../src/database.cc:230:9: warning: unused variable 'status' [-Wunused-variable]
#10 68.94      int status = uv_queue_work(uv_default_loop(),
#10 68.94          ^~~~~~
#10 68.94 In file included from ../src/database.cc:3:
#10 68.94 ../src/database.cc: In static member function 'static void node_sqlite3::Database::Work_AfterClose(uv_work_t*)':
#10 68.94 ../src/macros.h:91:13: error: no matching function for call to 'v8::String::Concat(v8::Local<v8::String>, v8::Local<v8::String>)'
#10 68.94              ),                                                                 \
#10 68.94              ^
#10 68.94 ../src/database.cc:259:9: note: in expansion of macro 'EXCEPTION'
#10 68.94          EXCEPTION(Nan::New(baton->message.c_str()).ToLocalChecked(), baton->status, exception);
#10 68.94          ^~~~~~~~~
#10 68.94 In file included from /root/.cache/node-gyp/14.21.3/include/node/node.h:67,
#10 68.94                  from ../node_modules/nan/nan.h:49,
#10 68.94                  from ../src/database.h:10,
#10 68.94                  from ../src/database.cc:4:
#10 68.94 /root/.cache/node-gyp/14.21.3/include/node/v8.h:3221:24: note: candidate: 'static v8::Local<v8::String> v8::String::Concat(v8::Isolate*, v8::Local<v8::String>, v8::Local<v8::String>)'
#10 68.94    static Local<String> Concat(Isolate* isolate, Local<String> left,
#10 68.94                         ^~~~~~
#10 68.94 /root/.cache/node-gyp/14.21.3/include/node/v8.h:3221:24: note:   candidate expects 3 arguments, 2 provided
#10 68.94 ../src/database.cc: In static member function 'static Nan::NAN_METHOD_RETURN_TYPE node_sqlite3::Database::Configure(Nan::NAN_METHOD_ARGS_TYPE)':
#10 68.94 ../src/database.cc:351:9: error: no matching function for call to 'v8::String::Concat(v8::Local<v8::String>, v8::Local<v8::String>)'
#10 68.94          )));
#10 68.94          ^
#10 68.94 In file included from /root/.cache/node-gyp/14.21.3/include/node/node.h:67,
#10 68.94                  from ../node_modules/nan/nan.h:49,
#10 68.94                  from ../src/database.h:10,
#10 68.94                  from ../src/database.cc:4:
#10 68.94 /root/.cache/node-gyp/14.21.3/include/node/v8.h:3221:24: note: candidate: 'static v8::Local<v8::String> v8::String::Concat(v8::Isolate*, v8::Local<v8::String>, v8::Local<v8::String>)'
#10 68.94    static Local<String> Concat(Isolate* isolate, Local<String> left,
#10 68.94                         ^~~~~~
#10 68.94 /root/.cache/node-gyp/14.21.3/include/node/v8.h:3221:24: note:   candidate expects 3 arguments, 2 provided
#10 68.94 ../src/database.cc:351:11: error: return-statement with a value, in function returning 'Nan::NAN_METHOD_RETURN_TYPE' {aka 'void'} [-fpermissive]
#10 68.94          )));
#10 68.94            ^
#10 68.95 ../src/database.cc: In static member function 'static void node_sqlite3::Database::Work_BeginExec(node_sqlite3::Database::Baton*)':
#10 68.95 ../src/database.cc:526:55: warning: cast between incompatible function types from 'void (*)(uv_work_t*)' {aka 'void (*)(uv_work_s*)'} to 'uv_after_work_cb' {aka 'void (*)(uv_work_s*, int)'} [-Wcast-function-type]
#10 68.95          &baton->request, Work_Exec, (uv_after_work_cb)Work_AfterExec);
#10 68.95                                                        ^~~~~~~~~~~~~~
#10 68.95 ../src/database.cc:525:9: warning: unused variable 'status' [-Wunused-variable]
#10 68.95      int status = uv_queue_work(uv_default_loop(),
#10 68.95          ^~~~~~
#10 68.96 In file included from ../src/database.cc:3:
#10 68.96 ../src/database.cc: In static member function 'static void node_sqlite3::Database::Work_AfterExec(uv_work_t*)':
#10 68.96 ../src/macros.h:91:13: error: no matching function for call to 'v8::String::Concat(v8::Local<v8::String>, v8::Local<v8::String>)'
#10 68.96              ),                                                                 \
#10 68.96              ^
#10 68.96 ../src/database.cc:557:9: note: in expansion of macro 'EXCEPTION'
#10 68.96          EXCEPTION(Nan::New(baton->message.c_str()).ToLocalChecked(), baton->status, exception);
#10 68.96          ^~~~~~~~~
#10 68.96 In file included from /root/.cache/node-gyp/14.21.3/include/node/node.h:67,
#10 68.96                  from ../node_modules/nan/nan.h:49,
#10 68.96                  from ../src/database.h:10,
#10 68.96                  from ../src/database.cc:4:
#10 68.96 /root/.cache/node-gyp/14.21.3/include/node/v8.h:3221:24: note: candidate: 'static v8::Local<v8::String> v8::String::Concat(v8::Isolate*, v8::Local<v8::String>, v8::Local<v8::String>)'
#10 68.96    static Local<String> Concat(Isolate* isolate, Local<String> left,
#10 68.96                         ^~~~~~
#10 68.96 /root/.cache/node-gyp/14.21.3/include/node/v8.h:3221:24: note:   candidate expects 3 arguments, 2 provided
#10 68.96 ../src/database.cc: In static member function 'static void node_sqlite3::Database::Work_BeginLoadExtension(node_sqlite3::Database::Baton*)':
#10 68.96 ../src/database.cc:626:104: warning: cast between incompatible function types from 'void (*)(uv_work_t*)' {aka 'void (*)(uv_work_s*)'} to 'uv_after_work_cb' {aka 'void (*)(uv_work_s*, int)'} [-Wcast-function-type]
#10 68.96          &baton->request, Work_LoadExtension, reinterpret_cast<uv_after_work_cb>(Work_AfterLoadExtension));
#10 68.96                                                                                                         ^
#10 68.96 ../src/database.cc:625:9: warning: unused variable 'status' [-Wunused-variable]
#10 68.96      int status = uv_queue_work(uv_default_loop(),
#10 68.96          ^~~~~~
#10 68.96 In file included from ../src/database.cc:3:
#10 68.96 ../src/database.cc: In static member function 'static void node_sqlite3::Database::Work_AfterLoadExtension(uv_work_t*)':
#10 68.96 ../src/macros.h:91:13: error: no matching function for call to 'v8::String::Concat(v8::Local<v8::String>, v8::Local<v8::String>)'
#10 68.96              ),                                                                 \
#10 68.96              ^
#10 68.96 ../src/database.cc:659:9: note: in expansion of macro 'EXCEPTION'
#10 68.96          EXCEPTION(Nan::New(baton->message.c_str()).ToLocalChecked(), baton->status, exception);
#10 68.96          ^~~~~~~~~
#10 68.96 In file included from /root/.cache/node-gyp/14.21.3/include/node/node.h:67,
#10 68.96                  from ../node_modules/nan/nan.h:49,
#10 68.96                  from ../src/database.h:10,
#10 68.96                  from ../src/database.cc:4:
#10 68.96 /root/.cache/node-gyp/14.21.3/include/node/v8.h:3221:24: note: candidate: 'static v8::Local<v8::String> v8::String::Concat(v8::Isolate*, v8::Local<v8::String>, v8::Local<v8::String>)'
#10 68.96    static Local<String> Concat(Isolate* isolate, Local<String> left,
#10 68.96                         ^~~~~~
#10 68.96 /root/.cache/node-gyp/14.21.3/include/node/v8.h:3221:24: note:   candidate expects 3 arguments, 2 provided
#10 69.00 In file included from ../src/database.h:12,
#10 69.00                  from ../src/database.cc:4:
#10 69.00 ../src/async.h: In instantiation of 'Async<Item, Parent>::Async(Parent*, Async<Item, Parent>::Callback) [with Item = std::__cxx11::basic_string<char>; Parent = node_sqlite3::Database; Async<Item, Parent>::Callback = void (*)(node_sqlite3::Database*, std::__cxx11::basic_string<char>*)]':
#10 69.00 ../src/database.cc:391:59:   required from here
#10 69.00 ../src/async.h:29:52: warning: cast between incompatible function types from 'void (*)(uv_async_t*, int)' {aka 'void (*)(uv_async_s*, int)'} to 'uv_async_cb' {aka 'void (*)(uv_async_s*)'} [-Wcast-function-type]
#10 69.00          uv_async_init(uv_default_loop(), &watcher, reinterpret_cast<uv_async_cb>(listener));
#10 69.00                                                     ^~~~~~~~~~~~~~~~~~~~~~~~~~~~~~~~~~~~~~~
#10 69.00 ../src/async.h: In instantiation of 'Async<Item, Parent>::Async(Parent*, Async<Item, Parent>::Callback) [with Item = node_sqlite3::Database::ProfileInfo; Parent = node_sqlite3::Database; Async<Item, Parent>::Callback = void (*)(node_sqlite3::Database*, node_sqlite3::Database::ProfileInfo*)]':
#10 69.00 ../src/database.cc:429:65:   required from here
#10 69.00 ../src/async.h:29:52: warning: cast between incompatible function types from 'void (*)(uv_async_t*, int)' {aka 'void (*)(uv_async_s*, int)'} to 'uv_async_cb' {aka 'void (*)(uv_async_s*)'} [-Wcast-function-type]
#10 69.01 ../src/async.h: In instantiation of 'Async<Item, Parent>::Async(Parent*, Async<Item, Parent>::Callback) [with Item = node_sqlite3::Database::UpdateInfo; Parent = node_sqlite3::Database; Async<Item, Parent>::Callback = void (*)(node_sqlite3::Database*, node_sqlite3::Database::UpdateInfo*)]':
#10 69.01 ../src/database.cc:470:62:   required from here
#10 69.01 ../src/async.h:29:52: warning: cast between incompatible function types from 'void (*)(uv_async_t*, int)' {aka 'void (*)(uv_async_s*, int)'} to 'uv_async_cb' {aka 'void (*)(uv_async_s*)'} [-Wcast-function-type]
#10 69.02 In file included from ../node_modules/nan/nan.h:192,
#10 69.02                  from ../src/database.h:10,
#10 69.02                  from ../src/database.cc:4:
#10 69.02 ../node_modules/nan/nan_maybe_43_inl.h: In function 'Nan::Maybe<bool> Nan::ForceSet(v8::Local<v8::Object>, v8::Local<v8::Value>, v8::Local<v8::Value>, v8::PropertyAttribute)':
#10 69.02 ../node_modules/nan/nan_maybe_43_inl.h:112:15: error: 'class v8::Object' has no member named 'ForceSet'
#10 69.02    return obj->ForceSet(isolate->GetCurrentContext(), key, value, attribs);
#10 69.02                ^~~~~~~~
#10 69.03 In file included from ../node_modules/nan/nan_converters.h:67,
#10 69.03                  from ../node_modules/nan/nan.h:197,
#10 69.03                  from ../src/database.h:10,
#10 69.03                  from ../src/database.cc:4:
#10 69.03 ../node_modules/nan/nan_converters_43_inl.h: In static member function 'static Nan::imp::ToFactoryBase<v8::Boolean>::return_t Nan::imp::ToFactory<v8::Boolean>::convert(v8::Local<v8::Value>)':
#10 69.03 ../node_modules/nan/nan_converters_43_inl.h:18:69: error: no matching function for call to 'v8::Value::ToBoolean(v8::Local<v8::Context>)'
#10 69.03        val->To ## TYPE(v8::Isolate::GetCurrent()->GetCurrentContext())          \
#10 69.03                                                                      ^
#10 69.03 ../node_modules/nan/nan_converters_43_inl.h:22:1: note: in expansion of macro 'X'
#10 69.03  X(Boolean)
#10 69.03  ^
#10 69.03 In file included from /root/.cache/node-gyp/14.21.3/include/node/node.h:67,
#10 69.03                  from ../node_modules/nan/nan.h:49,
#10 69.03                  from ../src/database.h:10,
#10 69.03                  from ../src/database.cc:4:
#10 69.03 /root/.cache/node-gyp/14.21.3/include/node/v8.h:2848:18: note: candidate: 'v8::Local<v8::Boolean> v8::Value::ToBoolean(v8::Isolate*) const'
#10 69.03    Local<Boolean> ToBoolean(Isolate* isolate) const;
#10 69.03                   ^~~~~~~~~
#10 69.03 /root/.cache/node-gyp/14.21.3/include/node/v8.h:2848:18: note:   no known conversion for argument 1 from 'v8::Local<v8::Context>' to 'v8::Isolate*'
#10 69.03 In file included from ../node_modules/nan/nan_converters.h:67,
#10 69.03                  from ../node_modules/nan/nan.h:197,
#10 69.03                  from ../src/database.h:10,
#10 69.03                  from ../src/database.cc:4:
#10 69.03 ../node_modules/nan/nan_converters_43_inl.h: In static member function 'static Nan::imp::ValueFactoryBase<bool>::return_t Nan::imp::ToFactory<bool>::convert(v8::Local<v8::Value>)':
#10 69.03 ../node_modules/nan/nan_converters_43_inl.h:37:57: error: no matching function for call to 'v8::Value::BooleanValue(v8::Local<v8::Context>)'
#10 69.03    return val->NAME ## Value(isolate->GetCurrentContext());                     \
#10 69.03                                                          ^
#10 69.03 ../node_modules/nan/nan_converters_43_inl.h:40:1: note: in expansion of macro 'X'
#10 69.03  X(bool, Boolean)
#10 69.03  ^
#10 69.03 In file included from /root/.cache/node-gyp/14.21.3/include/node/node.h:67,
#10 69.03                  from ../node_modules/nan/nan.h:49,
#10 69.03                  from ../src/database.h:10,
#10 69.03                  from ../src/database.cc:4:
#10 69.03 /root/.cache/node-gyp/14.21.3/include/node/v8.h:2858:8: note: candidate: 'bool v8::Value::BooleanValue(v8::Isolate*) const'
#10 69.03    bool BooleanValue(Isolate* isolate) const;
#10 69.03         ^~~~~~~~~~~~
#10 69.03 /root/.cache/node-gyp/14.21.3/include/node/v8.h:2858:8: note:   no known conversion for argument 1 from 'v8::Local<v8::Context>' to 'v8::Isolate*'
#10 69.04 In file included from ../node_modules/nan/nan_new.h:189,
#10 69.04                  from ../node_modules/nan/nan.h:198,
#10 69.04                  from ../src/database.h:10,
#10 69.04                  from ../src/database.cc:4:
#10 69.04 ../node_modules/nan/nan_implementation_12_inl.h: In static member function 'static Nan::imp::FactoryBase<v8::Function>::return_t Nan::imp::Factory<v8::Function>::New(Nan::FunctionCallback, v8::Local<v8::Value>)':
#10 69.04 ../node_modules/nan/nan_implementation_12_inl.h:105:32: error: no matching function for call to 'v8::Function::New(v8::Isolate*&, void (&)(const v8::FunctionCallbackInfo<v8::Value>&), v8::Local<v8::Object>&)'
#10 69.04                            , obj));
#10 69.04                                 ^
#10 69.04 In file included from /root/.cache/node-gyp/14.21.3/include/node/node.h:67,
#10 69.04                  from ../node_modules/nan/nan.h:49,
#10 69.04                  from ../src/database.h:10,
#10 69.04                  from ../src/database.cc:4:
#10 69.04 /root/.cache/node-gyp/14.21.3/include/node/v8.h:4445:31: note: candidate: 'static v8::MaybeLocal<v8::Function> v8::Function::New(v8::Local<v8::Context>, v8::FunctionCallback, v8::Local<v8::Value>, int, v8::ConstructorBehavior, v8::SideEffectType)'
#10 69.04    static MaybeLocal<Function> New(
#10 69.04                                ^~~
#10 69.04 /root/.cache/node-gyp/14.21.3/include/node/v8.h:4445:31: note:   no known conversion for argument 1 from 'v8::Isolate*' to 'v8::Local<v8::Context>'
#10 69.04 In file included from ../node_modules/nan/nan_new.h:189,
#10 69.04                  from ../node_modules/nan/nan.h:198,
#10 69.04                  from ../src/database.h:10,
#10 69.04                  from ../src/database.cc:4:
#10 69.04 ../node_modules/nan/nan_implementation_12_inl.h: In static member function 'static Nan::imp::FactoryBase<v8::StringObject>::return_t Nan::imp::Factory<v8::StringObject>::New(v8::Local<v8::String>)':
#10 69.04 ../node_modules/nan/nan_implementation_12_inl.h:337:37: error: no matching function for call to 'v8::StringObject::New(v8::Local<v8::String>&)'
#10 69.04    return v8::StringObject::New(value).As<v8::StringObject>();
#10 69.04                                      ^
#10 69.04 In file included from /root/.cache/node-gyp/14.21.3/include/node/node.h:67,
#10 69.04                  from ../node_modules/nan/nan.h:49,
#10 69.04                  from ../src/database.h:10,
#10 69.04                  from ../src/database.cc:4:
#10 69.04 /root/.cache/node-gyp/14.21.3/include/node/v8.h:5854:23: note: candidate: 'static v8::Local<v8::Value> v8::StringObject::New(v8::Isolate*, v8::Local<v8::String>)'
#10 69.04    static Local<Value> New(Isolate* isolate, Local<String> value);
#10 69.04                        ^~~
#10 69.04 /root/.cache/node-gyp/14.21.3/include/node/v8.h:5854:23: note:   candidate expects 2 arguments, 1 provided
#10 69.04 In file included from ../node_modules/nan/nan_new.h:189,
#10 69.04                  from ../node_modules/nan/nan.h:198,
#10 69.04                  from ../src/database.h:10,
#10 69.04                  from ../src/database.cc:4:
#10 69.04 ../node_modules/nan/nan_implementation_12_inl.h:337:58: error: expected primary-expression before '>' token
#10 69.04    return v8::StringObject::New(value).As<v8::StringObject>();
#10 69.04                                                           ^
#10 69.04 ../node_modules/nan/nan_implementation_12_inl.h:337:60: error: expected primary-expression before ')' token
#10 69.04    return v8::StringObject::New(value).As<v8::StringObject>();
#10 69.04                                                             ^
#10 69.06 In file included from ../src/database.h:10,
#10 69.06                  from ../src/database.cc:4:
#10 69.06 ../node_modules/nan/nan.h: In function 'v8::Local<v8::Value> Nan::MakeCallback(v8::Local<v8::Object>, v8::Local<v8::Function>, int, v8::Local<v8::Value>*)':
#10 69.06 ../node_modules/nan/nan.h:835:60: warning: 'v8::Local<v8::Value> node::MakeCallback(v8::Isolate*, v8::Local<v8::Object>, v8::Local<v8::Function>, int, v8::Local<v8::Value>*)' is deprecated: Use MakeCallback(..., async_context) [-Wdeprecated-declarations]
#10 69.06          v8::Isolate::GetCurrent(), target, func, argc, argv);
#10 69.06                                                             ^
#10 69.06 In file included from ../node_modules/nan/nan.h:49,
#10 69.06                  from ../src/database.h:10,
#10 69.06                  from ../src/database.cc:4:
#10 69.06 /root/.cache/node-gyp/14.21.3/include/node/node.h:191:50: note: declared here
#10 69.06                  NODE_EXTERN v8::Local<v8::Value> MakeCallback(
#10 69.06                                                   ^~~~~~~~~~~~
#10 69.06 /root/.cache/node-gyp/14.21.3/include/node/node.h:108:42: note: in definition of macro 'NODE_DEPRECATED'
#10 69.06      __attribute__((deprecated(message))) declarator
#10 69.06                                           ^~~~~~~~~~
#10 69.06 In file included from ../src/database.h:10,
#10 69.06                  from ../src/database.cc:4:
#10 69.06 ../node_modules/nan/nan.h:835:60: warning: 'v8::Local<v8::Value> node::MakeCallback(v8::Isolate*, v8::Local<v8::Object>, v8::Local<v8::Function>, int, v8::Local<v8::Value>*)' is deprecated: Use MakeCallback(..., async_context) [-Wdeprecated-declarations]
#10 69.06          v8::Isolate::GetCurrent(), target, func, argc, argv);
#10 69.06                                                             ^
#10 69.06 In file included from ../node_modules/nan/nan.h:49,
#10 69.06                  from ../src/database.h:10,
#10 69.06                  from ../src/database.cc:4:
#10 69.06 /root/.cache/node-gyp/14.21.3/include/node/node.h:191:50: note: declared here
#10 69.06                  NODE_EXTERN v8::Local<v8::Value> MakeCallback(
#10 69.06                                                   ^~~~~~~~~~~~
#10 69.06 /root/.cache/node-gyp/14.21.3/include/node/node.h:108:42: note: in definition of macro 'NODE_DEPRECATED'
#10 69.06      __attribute__((deprecated(message))) declarator
#10 69.06                                           ^~~~~~~~~~
#10 69.06 In file included from ../src/database.h:10,
#10 69.06                  from ../src/database.cc:4:
#10 69.06 ../node_modules/nan/nan.h: In function 'v8::Local<v8::Value> Nan::MakeCallback(v8::Local<v8::Object>, v8::Local<v8::String>, int, v8::Local<v8::Value>*)':
#10 69.06 ../node_modules/nan/nan.h:850:62: warning: 'v8::Local<v8::Value> node::MakeCallback(v8::Isolate*, v8::Local<v8::Object>, v8::Local<v8::String>, int, v8::Local<v8::Value>*)' is deprecated: Use MakeCallback(..., async_context) [-Wdeprecated-declarations]
#10 69.06          v8::Isolate::GetCurrent(), target, symbol, argc, argv);
#10 69.06                                                               ^
#10 69.06 In file included from ../node_modules/nan/nan.h:49,
#10 69.06                  from ../src/database.h:10,
#10 69.06                  from ../src/database.cc:4:
#10 69.06 /root/.cache/node-gyp/14.21.3/include/node/node.h:184:50: note: declared here
#10 69.06                  NODE_EXTERN v8::Local<v8::Value> MakeCallback(
#10 69.06                                                   ^~~~~~~~~~~~
#10 69.06 /root/.cache/node-gyp/14.21.3/include/node/node.h:108:42: note: in definition of macro 'NODE_DEPRECATED'
#10 69.06      __attribute__((deprecated(message))) declarator
#10 69.06                                           ^~~~~~~~~~
#10 69.06 In file included from ../src/database.h:10,
#10 69.06                  from ../src/database.cc:4:
#10 69.06 ../node_modules/nan/nan.h:850:62: warning: 'v8::Local<v8::Value> node::MakeCallback(v8::Isolate*, v8::Local<v8::Object>, v8::Local<v8::String>, int, v8::Local<v8::Value>*)' is deprecated: Use MakeCallback(..., async_context) [-Wdeprecated-declarations]
#10 69.06          v8::Isolate::GetCurrent(), target, symbol, argc, argv);
#10 69.06                                                               ^
#10 69.06 In file included from ../node_modules/nan/nan.h:49,
#10 69.06                  from ../src/database.h:10,
#10 69.06                  from ../src/database.cc:4:
#10 69.06 /root/.cache/node-gyp/14.21.3/include/node/node.h:184:50: note: declared here
#10 69.06                  NODE_EXTERN v8::Local<v8::Value> MakeCallback(
#10 69.06                                                   ^~~~~~~~~~~~
#10 69.06 /root/.cache/node-gyp/14.21.3/include/node/node.h:108:42: note: in definition of macro 'NODE_DEPRECATED'
#10 69.06      __attribute__((deprecated(message))) declarator
#10 69.06                                           ^~~~~~~~~~
#10 69.06 In file included from ../src/database.h:10,
#10 69.06                  from ../src/database.cc:4:
#10 69.06 ../node_modules/nan/nan.h: In function 'v8::Local<v8::Value> Nan::MakeCallback(v8::Local<v8::Object>, const char*, int, v8::Local<v8::Value>*)':
#10 69.06 ../node_modules/nan/nan.h:865:62: warning: 'v8::Local<v8::Value> node::MakeCallback(v8::Isolate*, v8::Local<v8::Object>, const char*, int, v8::Local<v8::Value>*)' is deprecated: Use MakeCallback(..., async_context) [-Wdeprecated-declarations]
#10 69.06          v8::Isolate::GetCurrent(), target, method, argc, argv);
#10 69.06                                                               ^
#10 69.06 In file included from ../node_modules/nan/nan.h:49,
#10 69.06                  from ../src/database.h:10,
#10 69.06                  from ../src/database.cc:4:
#10 69.06 /root/.cache/node-gyp/14.21.3/include/node/node.h:177:50: note: declared here
#10 69.06                  NODE_EXTERN v8::Local<v8::Value> MakeCallback(
#10 69.06                                                   ^~~~~~~~~~~~
#10 69.06 /root/.cache/node-gyp/14.21.3/include/node/node.h:108:42: note: in definition of macro 'NODE_DEPRECATED'
#10 69.06      __attribute__((deprecated(message))) declarator
#10 69.06                                           ^~~~~~~~~~
#10 69.06 In file included from ../src/database.h:10,
#10 69.06                  from ../src/database.cc:4:
#10 69.06 ../node_modules/nan/nan.h:865:62: warning: 'v8::Local<v8::Value> node::MakeCallback(v8::Isolate*, v8::Local<v8::Object>, const char*, int, v8::Local<v8::Value>*)' is deprecated: Use MakeCallback(..., async_context) [-Wdeprecated-declarations]
#10 69.06          v8::Isolate::GetCurrent(), target, method, argc, argv);
#10 69.06                                                               ^
#10 69.06 In file included from ../node_modules/nan/nan.h:49,
#10 69.06                  from ../src/database.h:10,
#10 69.06                  from ../src/database.cc:4:
#10 69.06 /root/.cache/node-gyp/14.21.3/include/node/node.h:177:50: note: declared here
#10 69.06                  NODE_EXTERN v8::Local<v8::Value> MakeCallback(
#10 69.06                                                   ^~~~~~~~~~~~
#10 69.06 /root/.cache/node-gyp/14.21.3/include/node/node.h:108:42: note: in definition of macro 'NODE_DEPRECATED'
#10 69.06      __attribute__((deprecated(message))) declarator
#10 69.06                                           ^~~~~~~~~~
#10 69.06 In file included from ../src/database.h:10,
#10 69.06                  from ../src/database.cc:4:
#10 69.06 ../node_modules/nan/nan.h: In constructor 'Nan::Utf8String::Utf8String(v8::Local<v8::Value>)':
#10 69.06 ../node_modules/nan/nan.h:911:53: error: no matching function for call to 'v8::Value::ToString()'
#10 69.06        v8::Local<v8::String> string = from->ToString();
#10 69.06                                                      ^
#10 69.06 In file included from /root/.cache/node-gyp/14.21.3/include/node/node.h:67,
#10 69.06                  from ../node_modules/nan/nan.h:49,
#10 69.06                  from ../src/database.h:10,
#10 69.06                  from ../src/database.cc:4:
#10 69.06 /root/.cache/node-gyp/14.21.3/include/node/v8.h:2810:44: note: candidate: 'v8::MaybeLocal<v8::String> v8::Value::ToString(v8::Local<v8::Context>) const'
#10 69.06    V8_WARN_UNUSED_RESULT MaybeLocal<String> ToString(
#10 69.06                                             ^~~~~~~~
#10 69.06 /root/.cache/node-gyp/14.21.3/include/node/v8.h:2810:44: note:   candidate expects 1 argument, 0 provided
#10 69.06 In file included from ../src/database.h:10,
#10 69.06                  from ../src/database.cc:4:
#10 69.06 ../node_modules/nan/nan.h:921:74: error: no matching function for call to 'v8::String::WriteUtf8(char*&, int, int, const int&)'
#10 69.06          length_ = string->WriteUtf8(str_, static_cast<int>(len), 0, flags);
#10 69.06                                                                           ^
#10 69.06 In file included from /root/.cache/node-gyp/14.21.3/include/node/node.h:67,
#10 69.06                  from ../node_modules/nan/nan.h:49,
#10 69.06                  from ../src/database.h:10,
#10 69.06                  from ../src/database.cc:4:
#10 69.06 /root/.cache/node-gyp/14.21.3/include/node/v8.h:3037:7: note: candidate: 'int v8::String::WriteUtf8(v8::Isolate*, char*, int, int*, int) const'
#10 69.06    int WriteUtf8(Isolate* isolate, char* buffer, int length = -1,
#10 69.06        ^~~~~~~~~
#10 69.06 /root/.cache/node-gyp/14.21.3/include/node/v8.h:3037:7: note:   no known conversion for argument 1 from 'char*' to 'v8::Isolate*'
#10 69.06 In file included from ../src/database.h:10,
#10 69.06                  from ../src/database.cc:4:
#10 69.06 ../node_modules/nan/nan.h: In member function 'v8::Local<v8::Value> Nan::Callback::Call_(v8::Isolate*, v8::Local<v8::Object>, int, v8::Local<v8::Value>*) const':
#10 69.06 ../node_modules/nan/nan.h:1479:5: warning: 'v8::Local<v8::Value> node::MakeCallback(v8::Isolate*, v8::Local<v8::Object>, v8::Local<v8::Function>, int, v8::Local<v8::Value>*)' is deprecated: Use MakeCallback(..., async_context) [-Wdeprecated-declarations]
#10 69.06      ));
#10 69.06      ^
#10 69.06 In file included from ../node_modules/nan/nan.h:49,
#10 69.06                  from ../src/database.h:10,
#10 69.06                  from ../src/database.cc:4:
#10 69.06 /root/.cache/node-gyp/14.21.3/include/node/node.h:191:50: note: declared here
#10 69.06                  NODE_EXTERN v8::Local<v8::Value> MakeCallback(
#10 69.06                                                   ^~~~~~~~~~~~
#10 69.06 /root/.cache/node-gyp/14.21.3/include/node/node.h:108:42: note: in definition of macro 'NODE_DEPRECATED'
#10 69.06      __attribute__((deprecated(message))) declarator
#10 69.06                                           ^~~~~~~~~~
#10 69.06 In file included from ../src/database.h:10,
#10 69.06                  from ../src/database.cc:4:
#10 69.06 ../node_modules/nan/nan.h:1479:5: warning: 'v8::Local<v8::Value> node::MakeCallback(v8::Isolate*, v8::Local<v8::Object>, v8::Local<v8::Function>, int, v8::Local<v8::Value>*)' is deprecated: Use MakeCallback(..., async_context) [-Wdeprecated-declarations]
#10 69.06      ));
#10 69.06      ^
#10 69.06 In file included from ../node_modules/nan/nan.h:49,
#10 69.06                  from ../src/database.h:10,
#10 69.06                  from ../src/database.cc:4:
#10 69.06 /root/.cache/node-gyp/14.21.3/include/node/node.h:191:50: note: declared here
#10 69.06                  NODE_EXTERN v8::Local<v8::Value> MakeCallback(
#10 69.06                                                   ^~~~~~~~~~~~
#10 69.06 /root/.cache/node-gyp/14.21.3/include/node/node.h:108:42: note: in definition of macro 'NODE_DEPRECATED'
#10 69.06      __attribute__((deprecated(message))) declarator
#10 69.06                                           ^~~~~~~~~~
#10 69.06 In file included from ../src/database.h:10,
#10 69.06                  from ../src/database.cc:4:
#10 69.06 ../node_modules/nan/nan.h: In member function 'void Nan::AsyncWorker::SaveToPersistent(const char*, const v8::Local<v8::Value>&)':
#10 69.06 ../node_modules/nan/nan.h:1533:64: error: no matching function for call to 'v8::Object::Set(v8::Local<v8::String>, const v8::Local<v8::Value>&)'
#10 69.06      New(persistentHandle)->Set(New(key).ToLocalChecked(), value);
#10 69.06                                                                 ^
#10 69.06 In file included from /root/.cache/node-gyp/14.21.3/include/node/node.h:67,
#10 69.06                  from ../node_modules/nan/nan.h:49,
#10 69.06                  from ../src/database.h:10,
#10 69.06                  from ../src/database.cc:4:
#10 69.06 /root/.cache/node-gyp/14.21.3/include/node/v8.h:3670:37: note: candidate: 'v8::Maybe<bool> v8::Object::Set(v8::Local<v8::Context>, v8::Local<v8::Value>, v8::Local<v8::Value>)'
#10 69.06    V8_WARN_UNUSED_RESULT Maybe<bool> Set(Local<Context> context,
#10 69.06                                      ^~~
#10 69.06 /root/.cache/node-gyp/14.21.3/include/node/v8.h:3670:37: note:   candidate expects 3 arguments, 2 provided
#10 69.06 /root/.cache/node-gyp/14.21.3/include/node/v8.h:3673:37: note: candidate: 'v8::Maybe<bool> v8::Object::Set(v8::Local<v8::Context>, uint32_t, v8::Local<v8::Value>)'
#10 69.06    V8_WARN_UNUSED_RESULT Maybe<bool> Set(Local<Context> context, uint32_t index,
#10 69.06                                      ^~~
#10 69.06 /root/.cache/node-gyp/14.21.3/include/node/v8.h:3673:37: note:   candidate expects 3 arguments, 2 provided
#10 69.06 In file included from ../src/database.h:10,
#10 69.06                  from ../src/database.cc:4:
#10 69.06 ../node_modules/nan/nan.h: In member function 'void Nan::AsyncWorker::SaveToPersistent(const v8::Local<v8::String>&, const v8::Local<v8::Value>&)':
#10 69.06 ../node_modules/nan/nan.h:1539:42: error: no matching function for call to 'v8::Object::Set(const v8::Local<v8::String>&, const v8::Local<v8::Value>&)'
#10 69.06      New(persistentHandle)->Set(key, value);
#10 69.06                                           ^
#10 69.06 In file included from /root/.cache/node-gyp/14.21.3/include/node/node.h:67,
#10 69.06                  from ../node_modules/nan/nan.h:49,
#10 69.06                  from ../src/database.h:10,
#10 69.06                  from ../src/database.cc:4:
#10 69.06 /root/.cache/node-gyp/14.21.3/include/node/v8.h:3670:37: note: candidate: 'v8::Maybe<bool> v8::Object::Set(v8::Local<v8::Context>, v8::Local<v8::Value>, v8::Local<v8::Value>)'
#10 69.06    V8_WARN_UNUSED_RESULT Maybe<bool> Set(Local<Context> context,
#10 69.06                                      ^~~
#10 69.06 /root/.cache/node-gyp/14.21.3/include/node/v8.h:3670:37: note:   candidate expects 3 arguments, 2 provided
#10 69.06 /root/.cache/node-gyp/14.21.3/include/node/v8.h:3673:37: note: candidate: 'v8::Maybe<bool> v8::Object::Set(v8::Local<v8::Context>, uint32_t, v8::Local<v8::Value>)'
#10 69.06    V8_WARN_UNUSED_RESULT Maybe<bool> Set(Local<Context> context, uint32_t index,
#10 69.06                                      ^~~
#10 69.06 /root/.cache/node-gyp/14.21.3/include/node/v8.h:3673:37: note:   candidate expects 3 arguments, 2 provided
#10 69.06 In file included from ../src/database.h:10,
#10 69.06                  from ../src/database.cc:4:
#10 69.06 ../node_modules/nan/nan.h: In member function 'void Nan::AsyncWorker::SaveToPersistent(uint32_t, const v8::Local<v8::Value>&)':
#10 69.06 ../node_modules/nan/nan.h:1545:44: error: no matching function for call to 'v8::Object::Set(uint32_t&, const v8::Local<v8::Value>&)'
#10 69.06      New(persistentHandle)->Set(index, value);
#10 69.06                                             ^
#10 69.06 In file included from /root/.cache/node-gyp/14.21.3/include/node/node.h:67,
#10 69.06                  from ../node_modules/nan/nan.h:49,
#10 69.06                  from ../src/database.h:10,
#10 69.06                  from ../src/database.cc:4:
#10 69.06 /root/.cache/node-gyp/14.21.3/include/node/v8.h:3670:37: note: candidate: 'v8::Maybe<bool> v8::Object::Set(v8::Local<v8::Context>, v8::Local<v8::Value>, v8::Local<v8::Value>)'
#10 69.06    V8_WARN_UNUSED_RESULT Maybe<bool> Set(Local<Context> context,
#10 69.06                                      ^~~
#10 69.06 /root/.cache/node-gyp/14.21.3/include/node/v8.h:3670:37: note:   candidate expects 3 arguments, 2 provided
#10 69.06 /root/.cache/node-gyp/14.21.3/include/node/v8.h:3673:37: note: candidate: 'v8::Maybe<bool> v8::Object::Set(v8::Local<v8::Context>, uint32_t, v8::Local<v8::Value>)'
#10 69.06    V8_WARN_UNUSED_RESULT Maybe<bool> Set(Local<Context> context, uint32_t index,
#10 69.06                                      ^~~
#10 69.06 /root/.cache/node-gyp/14.21.3/include/node/v8.h:3673:37: note:   candidate expects 3 arguments, 2 provided
#10 69.06 In file included from ../src/database.h:10,
#10 69.06                  from ../src/database.cc:4:
#10 69.06 ../node_modules/nan/nan.h: In member function 'v8::Local<v8::Value> Nan::AsyncWorker::GetFromPersistent(const char*) const':
#10 69.06 ../node_modules/nan/nan.h:1551:61: error: no matching function for call to 'v8::Object::Get(v8::Local<v8::String>)'
#10 69.06          New(persistentHandle)->Get(New(key).ToLocalChecked()));
#10 69.06                                                              ^
#10 69.06 In file included from /root/.cache/node-gyp/14.21.3/include/node/node.h:67,
#10 69.06                  from ../node_modules/nan/nan.h:49,
#10 69.06                  from ../src/database.h:10,
#10 69.06                  from ../src/database.cc:4:
#10 69.06 /root/.cache/node-gyp/14.21.3/include/node/v8.h:3717:43: note: candidate: 'v8::MaybeLocal<v8::Value> v8::Object::Get(v8::Local<v8::Context>, v8::Local<v8::Value>)'
#10 69.06    V8_WARN_UNUSED_RESULT MaybeLocal<Value> Get(Local<Context> context,
#10 69.06                                            ^~~
#10 69.06 /root/.cache/node-gyp/14.21.3/include/node/v8.h:3717:43: note:   candidate expects 2 arguments, 1 provided
#10 69.06 /root/.cache/node-gyp/14.21.3/include/node/v8.h:3720:43: note: candidate: 'v8::MaybeLocal<v8::Value> v8::Object::Get(v8::Local<v8::Context>, uint32_t)'
#10 69.06    V8_WARN_UNUSED_RESULT MaybeLocal<Value> Get(Local<Context> context,
#10 69.06                                            ^~~
#10 69.06 /root/.cache/node-gyp/14.21.3/include/node/v8.h:3720:43: note:   candidate expects 2 arguments, 1 provided
#10 69.06 In file included from ../src/database.h:10,
#10 69.06                  from ../src/database.cc:4:
#10 69.06 ../node_modules/nan/nan.h: In member function 'v8::Local<v8::Value> Nan::AsyncWorker::GetFromPersistent(const v8::Local<v8::String>&) const':
#10 69.06 ../node_modules/nan/nan.h:1557:55: error: no matching function for call to 'v8::Object::Get(const v8::Local<v8::String>&)'
#10 69.06      return scope.Escape(New(persistentHandle)->Get(key));
#10 69.06                                                        ^
#10 69.06 In file included from /root/.cache/node-gyp/14.21.3/include/node/node.h:67,
#10 69.06                  from ../node_modules/nan/nan.h:49,
#10 69.06                  from ../src/database.h:10,
#10 69.06                  from ../src/database.cc:4:
#10 69.06 /root/.cache/node-gyp/14.21.3/include/node/v8.h:3717:43: note: candidate: 'v8::MaybeLocal<v8::Value> v8::Object::Get(v8::Local<v8::Context>, v8::Local<v8::Value>)'
#10 69.06    V8_WARN_UNUSED_RESULT MaybeLocal<Value> Get(Local<Context> context,
#10 69.06                                            ^~~
#10 69.06 /root/.cache/node-gyp/14.21.3/include/node/v8.h:3717:43: note:   candidate expects 2 arguments, 1 provided
#10 69.06 /root/.cache/node-gyp/14.21.3/include/node/v8.h:3720:43: note: candidate: 'v8::MaybeLocal<v8::Value> v8::Object::Get(v8::Local<v8::Context>, uint32_t)'
#10 69.06    V8_WARN_UNUSED_RESULT MaybeLocal<Value> Get(Local<Context> context,
#10 69.06                                            ^~~
#10 69.06 /root/.cache/node-gyp/14.21.3/include/node/v8.h:3720:43: note:   candidate expects 2 arguments, 1 provided
#10 69.06 In file included from ../src/database.h:10,
#10 69.06                  from ../src/database.cc:4:
#10 69.06 ../node_modules/nan/nan.h: In member function 'v8::Local<v8::Value> Nan::AsyncWorker::GetFromPersistent(uint32_t) const':
#10 69.06 ../node_modules/nan/nan.h:1562:57: error: no matching function for call to 'v8::Object::Get(uint32_t&)'
#10 69.06      return scope.Escape(New(persistentHandle)->Get(index));
#10 69.06                                                          ^
#10 69.06 In file included from /root/.cache/node-gyp/14.21.3/include/node/node.h:67,
#10 69.06                  from ../node_modules/nan/nan.h:49,
#10 69.06                  from ../src/database.h:10,
#10 69.06                  from ../src/database.cc:4:
#10 69.06 /root/.cache/node-gyp/14.21.3/include/node/v8.h:3717:43: note: candidate: 'v8::MaybeLocal<v8::Value> v8::Object::Get(v8::Local<v8::Context>, v8::Local<v8::Value>)'
#10 69.06    V8_WARN_UNUSED_RESULT MaybeLocal<Value> Get(Local<Context> context,
#10 69.06                                            ^~~
#10 69.06 /root/.cache/node-gyp/14.21.3/include/node/v8.h:3717:43: note:   candidate expects 2 arguments, 1 provided
#10 69.06 /root/.cache/node-gyp/14.21.3/include/node/v8.h:3720:43: note: candidate: 'v8::MaybeLocal<v8::Value> v8::Object::Get(v8::Local<v8::Context>, uint32_t)'
#10 69.06    V8_WARN_UNUSED_RESULT MaybeLocal<Value> Get(Local<Context> context,
#10 69.06                                            ^~~
#10 69.06 /root/.cache/node-gyp/14.21.3/include/node/v8.h:3720:43: note:   candidate expects 2 arguments, 1 provided
#10 69.07 In file included from ../src/database.h:10,
#10 69.07                  from ../src/database.cc:4:
#10 69.07 ../node_modules/nan/nan.h: In function 'void Nan::AsyncQueueWorker(Nan::AsyncWorker*)':
#10 69.07 ../node_modules/nan/nan.h:1732:62: warning: cast between incompatible function types from 'void (*)(uv_work_t*)' {aka 'void (*)(uv_work_s*)'} to 'uv_after_work_cb' {aka 'void (*)(uv_work_s*, int)'} [-Wcast-function-type]
#10 69.07      , reinterpret_cast<uv_after_work_cb>(AsyncExecuteComplete)
#10 69.07                                                               ^
#10 69.08 In file included from ../node_modules/nan/nan.h:2222,
#10 69.08                  from ../src/database.h:10,
#10 69.08                  from ../src/database.cc:4:
#10 69.08 ../node_modules/nan/nan_object_wrap.h: In member function 'void Nan::ObjectWrap::MakeWeak()':
#10 69.08 ../node_modules/nan/nan_object_wrap.h:67:18: error: 'class Nan::Persistent<v8::Object>' has no member named 'MarkIndependent'
#10 69.08      persistent().MarkIndependent();
#10 69.08                   ^~~~~~~~~~~~~~~
#10 69.11 In file included from ../src/database.cc:3:
#10 69.11 ../src/database.cc: In member function 'void node_sqlite3::Database::Process()':
#10 69.11 ../src/macros.h:91:13: error: no matching function for call to 'v8::String::Concat(v8::Local<v8::String>, v8::Local<v8::String>)'
#10 69.11              ),                                                                 \
#10 69.11              ^
#10 69.11 ../src/database.cc:40:9: note: in expansion of macro 'EXCEPTION'
#10 69.11          EXCEPTION(Nan::New("Database handle is closed").ToLocalChecked(), SQLITE_MISUSE, exception);
#10 69.11          ^~~~~~~~~
#10 69.11 In file included from /root/.cache/node-gyp/14.21.3/include/node/node.h:67,
#10 69.11                  from ../node_modules/nan/nan.h:49,
#10 69.11                  from ../src/database.h:10,
#10 69.11                  from ../src/database.cc:4:
#10 69.11 /root/.cache/node-gyp/14.21.3/include/node/v8.h:3221:24: note: candidate: 'static v8::Local<v8::String> v8::String::Concat(v8::Isolate*, v8::Local<v8::String>, v8::Local<v8::String>)'
#10 69.11    static Local<String> Concat(Isolate* isolate, Local<String> left,
#10 69.11                         ^~~~~~
#10 69.11 /root/.cache/node-gyp/14.21.3/include/node/v8.h:3221:24: note:   candidate expects 3 arguments, 2 provided
#10 69.11 In file included from ../src/database.cc:3:
#10 69.11 ../src/database.cc: In member function 'void node_sqlite3::Database::Schedule(node_sqlite3::Database::Work_Callback, node_sqlite3::Database::Baton*, bool)':
#10 69.11 ../src/macros.h:91:13: error: no matching function for call to 'v8::String::Concat(v8::Local<v8::String>, v8::Local<v8::String>)'
#10 69.11              ),                                                                 \
#10 69.11              ^
#10 69.11 ../src/database.cc:88:9: note: in expansion of macro 'EXCEPTION'
#10 69.11          EXCEPTION(Nan::New("Database is closed").ToLocalChecked(), SQLITE_MISUSE, exception);
#10 69.11          ^~~~~~~~~
#10 69.11 In file included from /root/.cache/node-gyp/14.21.3/include/node/node.h:67,
#10 69.11                  from ../node_modules/nan/nan.h:49,
#10 69.11                  from ../src/database.h:10,
#10 69.11                  from ../src/database.cc:4:
#10 69.11 /root/.cache/node-gyp/14.21.3/include/node/v8.h:3221:24: note: candidate: 'static v8::Local<v8::String> v8::String::Concat(v8::Isolate*, v8::Local<v8::String>, v8::Local<v8::String>)'
#10 69.11    static Local<String> Concat(Isolate* isolate, Local<String> left,
#10 69.11                         ^~~~~~
#10 69.11 /root/.cache/node-gyp/14.21.3/include/node/v8.h:3221:24: note:   candidate expects 3 arguments, 2 provided
#10 69.12 ../src/database.cc: In static member function 'static void node_sqlite3::Database::Work_BeginOpen(node_sqlite3::Database::Baton*)':
#10 69.12 ../src/database.cc:145:55: warning: cast between incompatible function types from 'void (*)(uv_work_t*)' {aka 'void (*)(uv_work_s*)'} to 'uv_after_work_cb' {aka 'void (*)(uv_work_s*, int)'} [-Wcast-function-type]
#10 69.12          &baton->request, Work_Open, (uv_after_work_cb)Work_AfterOpen);
#10 69.12                                                        ^~~~~~~~~~~~~~
#10 69.12 ../src/database.cc:144:9: warning: unused variable 'status' [-Wunused-variable]
#10 69.12      int status = uv_queue_work(uv_default_loop(),
#10 69.12          ^~~~~~
#10 69.12 In file included from ../src/database.cc:3:
#10 69.12 ../src/database.cc: In static member function 'static void node_sqlite3::Database::Work_AfterOpen(uv_work_t*)':
#10 69.12 ../src/macros.h:91:13: error: no matching function for call to 'v8::String::Concat(v8::Local<v8::String>, v8::Local<v8::String>)'
#10 69.12              ),                                                                 \
#10 69.12              ^
#10 69.12 ../src/database.cc:179:9: note: in expansion of macro 'EXCEPTION'
#10 69.12          EXCEPTION(Nan::New(baton->message.c_str()).ToLocalChecked(), baton->status, exception);
#10 69.12          ^~~~~~~~~
#10 69.12 In file included from /root/.cache/node-gyp/14.21.3/include/node/node.h:67,
#10 69.12                  from ../node_modules/nan/nan.h:49,
#10 69.12                  from ../src/database.h:10,
#10 69.12                  from ../src/database.cc:4:
#10 69.12 /root/.cache/node-gyp/14.21.3/include/node/v8.h:3221:24: note: candidate: 'static v8::Local<v8::String> v8::String::Concat(v8::Isolate*, v8::Local<v8::String>, v8::Local<v8::String>)'
#10 69.12    static Local<String> Concat(Isolate* isolate, Local<String> left,
#10 69.12                         ^~~~~~
#10 69.12 /root/.cache/node-gyp/14.21.3/include/node/v8.h:3221:24: note:   candidate expects 3 arguments, 2 provided
#10 69.12 ../src/database.cc: In static member function 'static void node_sqlite3::Database::Work_BeginClose(node_sqlite3::Database::Baton*)':
#10 69.12 ../src/database.cc:231:56: warning: cast between incompatible function types from 'void (*)(uv_work_t*)' {aka 'void (*)(uv_work_s*)'} to 'uv_after_work_cb' {aka 'void (*)(uv_work_s*, int)'} [-Wcast-function-type]
#10 69.12          &baton->request, Work_Close, (uv_after_work_cb)Work_AfterClose);
#10 69.12                                                         ^~~~~~~~~~~~~~~
#10 69.12 ../src/database.cc:230:9: warning: unused variable 'status' [-Wunused-variable]
#10 69.12      int status = uv_queue_work(uv_default_loop(),
#10 69.12          ^~~~~~
#10 69.12 In file included from ../src/database.cc:3:
#10 69.12 ../src/database.cc: In static member function 'static void node_sqlite3::Database::Work_AfterClose(uv_work_t*)':
#10 69.12 ../src/macros.h:91:13: error: no matching function for call to 'v8::String::Concat(v8::Local<v8::String>, v8::Local<v8::String>)'
#10 69.12              ),                                                                 \
#10 69.12              ^
#10 69.12 ../src/database.cc:259:9: note: in expansion of macro 'EXCEPTION'
#10 69.12          EXCEPTION(Nan::New(baton->message.c_str()).ToLocalChecked(), baton->status, exception);
#10 69.12          ^~~~~~~~~
#10 69.12 In file included from /root/.cache/node-gyp/14.21.3/include/node/node.h:67,
#10 69.12                  from ../node_modules/nan/nan.h:49,
#10 69.12                  from ../src/database.h:10,
#10 69.12                  from ../src/database.cc:4:
#10 69.12 /root/.cache/node-gyp/14.21.3/include/node/v8.h:3221:24: note: candidate: 'static v8::Local<v8::String> v8::String::Concat(v8::Isolate*, v8::Local<v8::String>, v8::Local<v8::String>)'
#10 69.12    static Local<String> Concat(Isolate* isolate, Local<String> left,
#10 69.12                         ^~~~~~
#10 69.12 /root/.cache/node-gyp/14.21.3/include/node/v8.h:3221:24: note:   candidate expects 3 arguments, 2 provided
#10 69.13 ../src/database.cc: In static member function 'static Nan::NAN_METHOD_RETURN_TYPE node_sqlite3::Database::Configure(Nan::NAN_METHOD_ARGS_TYPE)':
#10 69.13 ../src/database.cc:351:9: error: no matching function for call to 'v8::String::Concat(v8::Local<v8::String>, v8::Local<v8::String>)'
#10 69.13          )));
#10 69.13          ^
#10 69.13 In file included from /root/.cache/node-gyp/14.21.3/include/node/node.h:67,
#10 69.13                  from ../node_modules/nan/nan.h:49,
#10 69.13                  from ../src/database.h:10,
#10 69.13                  from ../src/database.cc:4:
#10 69.13 /root/.cache/node-gyp/14.21.3/include/node/v8.h:3221:24: note: candidate: 'static v8::Local<v8::String> v8::String::Concat(v8::Isolate*, v8::Local<v8::String>, v8::Local<v8::String>)'
#10 69.13    static Local<String> Concat(Isolate* isolate, Local<String> left,
#10 69.13                         ^~~~~~
#10 69.13 /root/.cache/node-gyp/14.21.3/include/node/v8.h:3221:24: note:   candidate expects 3 arguments, 2 provided
#10 69.13 ../src/database.cc:351:11: error: return-statement with a value, in function returning 'Nan::NAN_METHOD_RETURN_TYPE' {aka 'void'} [-fpermissive]
#10 69.13          )));
#10 69.13            ^
#10 69.14 ../src/database.cc: In static member function 'static void node_sqlite3::Database::Work_BeginExec(node_sqlite3::Database::Baton*)':
#10 69.14 ../src/database.cc:526:55: warning: cast between incompatible function types from 'void (*)(uv_work_t*)' {aka 'void (*)(uv_work_s*)'} to 'uv_after_work_cb' {aka 'void (*)(uv_work_s*, int)'} [-Wcast-function-type]
#10 69.14          &baton->request, Work_Exec, (uv_after_work_cb)Work_AfterExec);
#10 69.14                                                        ^~~~~~~~~~~~~~
#10 69.14 ../src/database.cc:525:9: warning: unused variable 'status' [-Wunused-variable]
#10 69.14      int status = uv_queue_work(uv_default_loop(),
#10 69.14          ^~~~~~
#10 69.14 In file included from ../src/database.cc:3:
#10 69.14 ../src/database.cc: In static member function 'static void node_sqlite3::Database::Work_AfterExec(uv_work_t*)':
#10 69.14 ../src/macros.h:91:13: error: no matching function for call to 'v8::String::Concat(v8::Local<v8::String>, v8::Local<v8::String>)'
#10 69.14              ),                                                                 \
#10 69.14              ^
#10 69.14 ../src/database.cc:557:9: note: in expansion of macro 'EXCEPTION'
#10 69.14          EXCEPTION(Nan::New(baton->message.c_str()).ToLocalChecked(), baton->status, exception);
#10 69.14          ^~~~~~~~~
#10 69.14 In file included from /root/.cache/node-gyp/14.21.3/include/node/node.h:67,
#10 69.14                  from ../node_modules/nan/nan.h:49,
#10 69.14                  from ../src/database.h:10,
#10 69.14                  from ../src/database.cc:4:
#10 69.14 /root/.cache/node-gyp/14.21.3/include/node/v8.h:3221:24: note: candidate: 'static v8::Local<v8::String> v8::String::Concat(v8::Isolate*, v8::Local<v8::String>, v8::Local<v8::String>)'
#10 69.14    static Local<String> Concat(Isolate* isolate, Local<String> left,
#10 69.14                         ^~~~~~
#10 69.14 /root/.cache/node-gyp/14.21.3/include/node/v8.h:3221:24: note:   candidate expects 3 arguments, 2 provided
#10 69.14 ../src/database.cc: In static member function 'static void node_sqlite3::Database::Work_BeginLoadExtension(node_sqlite3::Database::Baton*)':
#10 69.14 ../src/database.cc:626:104: warning: cast between incompatible function types from 'void (*)(uv_work_t*)' {aka 'void (*)(uv_work_s*)'} to 'uv_after_work_cb' {aka 'void (*)(uv_work_s*, int)'} [-Wcast-function-type]
#10 69.14          &baton->request, Work_LoadExtension, reinterpret_cast<uv_after_work_cb>(Work_AfterLoadExtension));
#10 69.14                                                                                                         ^
#10 69.14 ../src/database.cc:625:9: warning: unused variable 'status' [-Wunused-variable]
#10 69.14      int status = uv_queue_work(uv_default_loop(),
#10 69.14          ^~~~~~
#10 69.14 In file included from ../src/database.cc:3:
#10 69.14 ../src/database.cc: In static member function 'static void node_sqlite3::Database::Work_AfterLoadExtension(uv_work_t*)':
#10 69.14 ../src/macros.h:91:13: error: no matching function for call to 'v8::String::Concat(v8::Local<v8::String>, v8::Local<v8::String>)'
#10 69.14              ),                                                                 \
#10 69.14              ^
#10 69.14 ../src/database.cc:659:9: note: in expansion of macro 'EXCEPTION'
#10 69.14          EXCEPTION(Nan::New(baton->message.c_str()).ToLocalChecked(), baton->status, exception);
#10 69.14          ^~~~~~~~~
#10 69.14 In file included from /root/.cache/node-gyp/14.21.3/include/node/node.h:67,
#10 69.14                  from ../node_modules/nan/nan.h:49,
#10 69.14                  from ../src/database.h:10,
#10 69.14                  from ../src/database.cc:4:
#10 69.14 /root/.cache/node-gyp/14.21.3/include/node/v8.h:3221:24: note: candidate: 'static v8::Local<v8::String> v8::String::Concat(v8::Isolate*, v8::Local<v8::String>, v8::Local<v8::String>)'
#10 69.14    static Local<String> Concat(Isolate* isolate, Local<String> left,
#10 69.14                         ^~~~~~
#10 69.14 /root/.cache/node-gyp/14.21.3/include/node/v8.h:3221:24: note:   candidate expects 3 arguments, 2 provided
#10 69.15 make: *** [node_sqlite3.target.mk:131: Release/obj.target/node_sqlite3/src/database.o] Error 1
#10 69.15 make: Leaving directory '/usr/src/app/node_modules/sqlite3/build'
#10 69.15 gyp ERR! build error 
#10 69.15 gyp ERR! stack Error: `make` failed with exit code: 2
#10 69.15 gyp ERR! stack     at ChildProcess.onExit (/usr/local/lib/node_modules/npm/node_modules/node-gyp/lib/build.js:194:23)
#10 69.15 gyp ERR! stack     at ChildProcess.emit (events.js:400:28)
#10 69.15 gyp ERR! stack     at Process.ChildProcess._handle.onexit (internal/child_process.js:285:12)
#10 69.15 gyp ERR! System Linux 3.10.0-1160.31.1.el7.x86_64
#10 69.15 gyp ERR! command "/usr/local/bin/node" "/usr/local/lib/node_modules/npm/node_modules/node-gyp/bin/node-gyp.js" "build" "--fallback-to-build" "--module=/usr/src/app/node_modules/sqlite3/lib/binding/node-v83-linux-x64/node_sqlite3.node" "--module_name=node_sqlite3" "--module_path=/usr/src/app/node_modules/sqlite3/lib/binding/node-v83-linux-x64"
#10 69.16 gyp ERR! cwd /usr/src/app/node_modules/sqlite3
#10 69.16 gyp ERR! node -v v14.21.3
#10 69.16 gyp ERR! node-gyp -v v5.1.1
#10 69.16 gyp ERR! not ok 
#10 69.16 node-pre-gyp ERR! build error 
#10 69.16 node-pre-gyp ERR! stack Error: Failed to execute '/usr/local/bin/node /usr/local/lib/node_modules/npm/node_modules/node-gyp/bin/node-gyp.js build --fallback-to-build --module=/usr/src/app/node_modules/sqlite3/lib/binding/node-v83-linux-x64/node_sqlite3.node --module_name=node_sqlite3 --module_path=/usr/src/app/node_modules/sqlite3/lib/binding/node-v83-linux-x64' (1)
#10 69.16 node-pre-gyp ERR! stack     at ChildProcess.<anonymous> (/usr/src/app/node_modules/sqlite3/node_modules/node-pre-gyp/lib/util/compile.js:83:29)
#10 69.16 node-pre-gyp ERR! stack     at ChildProcess.emit (events.js:400:28)
#10 69.16 node-pre-gyp ERR! stack     at maybeClose (internal/child_process.js:1088:16)
#10 69.16 node-pre-gyp ERR! stack     at Process.ChildProcess._handle.onexit (internal/child_process.js:296:5)
#10 69.16 node-pre-gyp ERR! System Linux 3.10.0-1160.31.1.el7.x86_64
#10 69.16 node-pre-gyp ERR! command "/usr/local/bin/node" "/usr/src/app/node_modules/sqlite3/node_modules/.bin/node-pre-gyp" "install" "--fallback-to-build"
#10 69.16 node-pre-gyp ERR! cwd /usr/src/app/node_modules/sqlite3
#10 69.16 node-pre-gyp ERR! node -v v14.21.3
#10 69.16 node-pre-gyp ERR! node-pre-gyp -v v0.6.38
#10 69.16 node-pre-gyp ERR! not ok 
#10 69.16 Failed to execute '/usr/local/bin/node /usr/local/lib/node_modules/npm/node_modules/node-gyp/bin/node-gyp.js build --fallback-to-build --module=/usr/src/app/node_modules/sqlite3/lib/binding/node-v83-linux-x64/node_sqlite3.node --module_name=node_sqlite3 --module_path=/usr/src/app/node_modules/sqlite3/lib/binding/node-v83-linux-x64' (1)
#10 69.19 In file included from ../src/database.h:12,
#10 69.19                  from ../src/database.cc:4:
#10 69.19 ../src/async.h: In instantiation of 'Async<Item, Parent>::Async(Parent*, Async<Item, Parent>::Callback) [with Item = std::__cxx11::basic_string<char>; Parent = node_sqlite3::Database; Async<Item, Parent>::Callback = void (*)(node_sqlite3::Database*, std::__cxx11::basic_string<char>*)]':
#10 69.19 ../src/database.cc:391:59:   required from here
#10 69.19 ../src/async.h:29:52: warning: cast between incompatible function types from 'void (*)(uv_async_t*, int)' {aka 'void (*)(uv_async_s*, int)'} to 'uv_async_cb' {aka 'void (*)(uv_async_s*)'} [-Wcast-function-type]
#10 69.19          uv_async_init(uv_default_loop(), &watcher, reinterpret_cast<uv_async_cb>(listener));
#10 69.19                                                     ^~~~~~~~~~~~~~~~~~~~~~~~~~~~~~~~~~~~~~~
#10 69.19 ../src/async.h: In instantiation of 'Async<Item, Parent>::Async(Parent*, Async<Item, Parent>::Callback) [with Item = node_sqlite3::Database::ProfileInfo; Parent = node_sqlite3::Database; Async<Item, Parent>::Callback = void (*)(node_sqlite3::Database*, node_sqlite3::Database::ProfileInfo*)]':
#10 69.19 ../src/database.cc:429:65:   required from here
#10 69.19 ../src/async.h:29:52: warning: cast between incompatible function types from 'void (*)(uv_async_t*, int)' {aka 'void (*)(uv_async_s*, int)'} to 'uv_async_cb' {aka 'void (*)(uv_async_s*)'} [-Wcast-function-type]
#10 69.19 ../src/async.h: In instantiation of 'Async<Item, Parent>::Async(Parent*, Async<Item, Parent>::Callback) [with Item = node_sqlite3::Database::UpdateInfo; Parent = node_sqlite3::Database; Async<Item, Parent>::Callback = void (*)(node_sqlite3::Database*, node_sqlite3::Database::UpdateInfo*)]':
#10 69.19 ../src/database.cc:470:62:   required from here
#10 69.19 ../src/async.h:29:52: warning: cast between incompatible function types from 'void (*)(uv_async_t*, int)' {aka 'void (*)(uv_async_s*, int)'} to 'uv_async_cb' {aka 'void (*)(uv_async_s*)'} [-Wcast-function-type]
#10 69.32 make: *** [node_sqlite3.target.mk:131: Release/obj.target/node_sqlite3/src/database.o] Error 1
#10 69.32 make: Leaving directory '/usr/src/app/node_modules/sqlite3/build'
#10 69.32 gyp ERR! build error 
#10 69.33 gyp ERR! stack Error: `make` failed with exit code: 2
#10 69.33 gyp ERR! stack     at ChildProcess.onExit (/usr/local/lib/node_modules/npm/node_modules/node-gyp/lib/build.js:194:23)
#10 69.33 gyp ERR! stack     at ChildProcess.emit (events.js:400:28)
#10 69.33 gyp ERR! stack     at Process.ChildProcess._handle.onexit (internal/child_process.js:285:12)
#10 69.33 gyp ERR! System Linux 3.10.0-1160.31.1.el7.x86_64
#10 69.33 gyp ERR! command "/usr/local/bin/node" "/usr/local/lib/node_modules/npm/node_modules/node-gyp/bin/node-gyp.js" "build" "--fallback-to-build" "--module=/usr/src/app/node_modules/sqlite3/lib/binding/node-v83-linux-x64/node_sqlite3.node" "--module_name=node_sqlite3" "--module_path=/usr/src/app/node_modules/sqlite3/lib/binding/node-v83-linux-x64"
#10 69.33 gyp ERR! cwd /usr/src/app/node_modules/sqlite3
#10 69.33 gyp ERR! node -v v14.21.3
#10 69.33 gyp ERR! node-gyp -v v5.1.1
#10 69.33 gyp ERR! not ok 
#10 69.70 npm WARN notsup Unsupported engine for grunt@1.6.1: wanted: {"node":">=16"} (current: {"node":"14.21.3","npm":"6.14.18"})
#10 69.70 npm WARN notsup Not compatible with your version of node/npm: grunt@1.6.1
#10 69.70 
#10 69.76 npm ERR! code ELIFECYCLE
#10 69.76 npm ERR! errno 1
#10 69.77 npm ERR! sqlite3@3.1.13 install: `node-pre-gyp install --fallback-to-build`
#10 69.77 npm ERR! Exit status 1
#10 69.77 npm ERR! 
#10 69.77 npm ERR! Failed at the sqlite3@3.1.13 install script.
#10 69.77 npm ERR! This is probably not a problem with npm. There is likely additional logging output above.
#10 69.83 
#10 69.84 npm ERR! A complete log of this run can be found in:
#10 69.84 npm ERR!     /root/.npm/_logs/2024-07-30T22_59_31_127Z-debug.log
#10 ERROR: process "/bin/sh -c npm install" did not complete successfully: exit code: 1
------
 > [5/7] RUN npm install:
69.76 npm ERR! code ELIFECYCLE
69.76 npm ERR! errno 1
69.77 npm ERR! sqlite3@3.1.13 install: `node-pre-gyp install --fallback-to-build`
69.77 npm ERR! Exit status 1
69.77 npm ERR! 
69.77 npm ERR! Failed at the sqlite3@3.1.13 install script.
69.77 npm ERR! This is probably not a problem with npm. There is likely additional logging output above.
69.83 
69.84 npm ERR! A complete log of this run can be found in:
69.84 npm ERR!     /root/.npm/_logs/2024-07-30T22_59_31_127Z-debug.log
------
v3_Dockerfile:9
--------------------
   7 |     # Install app dependencies
   8 |     COPY package.json /usr/src/app/
   9 | >>> RUN npm install
  10 |     
  11 |     # Bundle app source
--------------------
ERROR: failed to solve: process "/bin/sh -c npm install" did not complete successfully: exit code: 1
Duration: 2:3.84