
Below is the flaky Dockerfile:

# Dockerfile
```FROM node:4.2.2

# Install location
ENV dir /opt/ldf-client

# Copy the client files
ADD . ${dir}

# Install the node module
RUN cd ${dir} && npm install

# Run base binary
WORKDIR ${dir}
ENTRYPOINT ["node", "bin/ldf-client"]

# Default command
CMD ["--help"]

```

And below is the build error that occurred when trying to build the Dockerfile:
# Build Error
```> [3/4] RUN cd /opt/ldf-client && npm install:
npm ERR! Linux 3.10.0-1127.el7.x86_64
npm ERR! argv "/usr/local/bin/node" "/usr/local/bin/npm" "install"
npm ERR! node v4.2.2
npm ERR! npm  v2.14.7
npm ERR! path /opt/ldf-client/node_modules/jsdoc/node_modules/@types/markdown-it/node_modules/@types/linkify-it/package.json
npm ERR! code ENOTDIR
npm ERR! errno -20
npm ERR! syscall open
npm ERR! ENOTDIR: not a directory, open '/opt/ldf-client/node_modules/jsdoc/node_modules/@types/markdown-it/node_modules/@types/linkify-it/package.json'
npm ERR! 
npm ERR! If you need help, you may report this error at:
npm ERR!     <https://github.com/npm/npm/issues>
npm info preuninstall @types/markdown-it@12.2.3
npm info uninstall @types/markdown-it@12.2.3
npm info postuninstall @types/markdown-it@12.2.3
npm info preuninstall jsdoc@3.6.11
npm info uninstall jsdoc@3.6.11
npm info postuninstall jsdoc@3.6.11
npm ERR! Please include the following file with any support request:
npm ERR!     /opt/ldf-client/npm-debug.log
ERROR: process "/bin/sh -c cd ${dir} && npm install" did not complete successfully: exit code: 236```

Below are a few examples of dockerfiles and their build errors alongside their repairs. These examples are provided to help you understand the task better.

# Example 1
## Example Dockerfile
```FROM node:7-onbuild

ENV PORT 8080
EXPOSE 8080

# Set this variable to the name of your production config file (without the extension)
ENV NODE_ENV default

# Set this variable to the value of the secret field of the Github webhook
ENV WEBHOOK_SECRET ''

```

## Example Build Error
```> [3/1] RUN npm install && npm cache clean --force:
npm WARN node-fetch@2.requires a peer of encoding@^0.but none was installed.
npm WARN autobounty@1.No repository field.
npm ERR! Linux 3.10.0-1127.10.1.el7.x86_64
npm ERR! argv "/usr/local/bin/node" "/usr/local/bin/npm" "install"
npm ERR! node v7.10.1
npm ERR! npm  v4.2.0
npm ERR! path /usr/src/app/node_modules/.staging/@types/triple-beam-c220f220/package.json
npm ERR! code ENOTDIR
npm ERR! errno -20
npm ERR! syscall open
npm ERR! ENOTDIR: not a directory, open '/usr/src/app/node_modules/.staging/@types/triple-beam-c220f220/package.json'
npm ERR! 
npm ERR! If you need help, you may report this error at:
npm ERR!     <https://github.com/npm/npm/issues>
npm ERR! Please include the following file with any support request:
npm ERR!     /root/.npm/_logs/2023-09-30T17_01_50_679Z-debug.log
ERROR: process "/bin/sh -c npm install && npm cache clean --force" did not complete successfully: exit code: 236```

## Example Repair

### Repair 1
```FROM node:16

ENV PORT 8080
EXPOSE 8080

WORKDIR /usr/src/app
COPY package.json ./

RUN npm install && npm cache clean --force

COPY . .

ENV NODE_ENV default
ENV WEBHOOK_SECRET ''

CMD ["npm", "start"]
```


# Example 2
## Example Dockerfile
```FROM node:boron

# Create app directory
RUN mkdir -p /usr/src/app
WORKDIR /usr/src/app

# Install app dependencies
COPY package.json /usr/src/app
RUN npm install

# Bundle app source
COPY . /usr/src/app

EXPOSE 8080
CMD [ "npm", "start" ]

```

## Example Build Error
```> [5/6] RUN npm install:
SUSI-Bot@1./usr/src/app
npm WARN SUSI-Bot@1.No repository field.
npm WARN SUSI-Bot@1.No license field.
npm ERR! Linux 3.10.0-1160.88.1.el7.x86_64
npm ERR! argv "/usr/local/bin/node" "/usr/local/bin/npm" "install"
npm ERR! node v6.17.1
npm ERR! npm  v3.10.10
npm ERR! path /usr/src/app/node_modules/.staging/@types/connect-f4c8cb8c/package.json
npm ERR! code ENOTDIR
npm ERR! errno -20
npm ERR! syscall open
npm ERR! ENOTDIR: not a directory, open '/usr/src/app/node_modules/.staging/@types/connect-f4c8cb8c/package.json'
npm ERR! 
npm ERR! If you need help, you may report this error at:
npm ERR!     <https://github.com/npm/npm/issues>
npm ERR! Please include the following file with any support request:
npm ERR!     /usr/src/app/npm-debug.log
ERROR: process "/bin/sh -c npm install" did not complete successfully: exit code: 236```

## Example Repair

### Repair 1
```FROM node:14

# Create app directory
RUN mkdir -p /usr/src/app
WORKDIR /usr/src/app

# Install app dependencies
COPY package.json /usr/src/app
RUN npm cache clean --force
RUN npm install

# Bundle app source
COPY . /usr/src/app

EXPOSE 8080
CMD [ "npm", "start" ]
```


# Example 3
## Example Dockerfile
```FROM node:9-alpine

MAINTAINER mrcode "mrcodehang@outlook.com"

WORKDIR /src

COPY . /src

RUN npm install -g yarn && yarn install

EXPOSE 3000

ENTRYPOINT ["npm", "start"]

```

## Example Build Error
```> [4/4] RUN npm install -g yarn && yarn install:
> yarn@1.preinstall /usr/local/lib/node_modules/yarn
> :; (node ./preinstall.js > /dev/null 2>&1 || true)
/usr/local/bin/yarnpkg -> /usr/local/lib/node_modules/yarn/bin/yarn.js
/usr/local/bin/yarn -> /usr/local/lib/node_modules/yarn/bin/yarn.js
+ yarn@1.22.19
added 1 package in 1.664s
/bin/sh: yarn: Permission denied
ERROR: process "/bin/sh -c npm install -g yarn && yarn install" did not complete successfully: exit code: 126```

## Example Repair

### Repair 1
```FROM node:9-alpine

MAINTAINER mrcode "mrcodehang@outlook.com"

WORKDIR /src

COPY . /src

USER root
RUN npm install -g yarn && yarn install

EXPOSE 3000

ENTRYPOINT ["npm", "start"]

```


### Repair 2
```FROM node:20.15.0-alpine

MAINTAINER mrcode "mrcodehang@outlook.com"

WORKDIR /src

COPY . /src

RUN npm install -g yarn && yarn install

EXPOSE 3000

ENTRYPOINT ["npm", "start"]

```

Your task is to repair the Dockerfile based on the Dockerfile and its build error provided alongside the examples provided for you for as demonstrations. To solve the problem, and based on the information provided, first, you should diagnose which part is causing the flakiness and why. Then, according to the characteristics of that flakiness, repair the Dockerfile. the output Dockerfile must be within five angle brackets:
    <<<<<
    Dockerfile content 
    >>>>>
