#0 building with "default" instance using docker driver

#1 [internal] load .dockerignore
#1 transferring context:
#1 transferring context: 2B done
#1 DONE 0.4s

#2 [internal] load build definition from v3_Dockerfile
#2 transferring dockerfile: 414B done
#2 DONE 0.5s

#3 [internal] load metadata for docker.io/library/alpine:3.8
#3 DONE 1.1s

#4 [internal] load build context
#4 DONE 0.0s

#5 [1/8] FROM docker.io/library/alpine:3.8@sha256:2bb501e6173d9d006e56de5bce2720eb06396803300fe1687b58a7ff32bf4c14
#5 resolve docker.io/library/alpine:3.8@sha256:2bb501e6173d9d006e56de5bce2720eb06396803300fe1687b58a7ff32bf4c14 0.1s done
#5 sha256:2bb501e6173d9d006e56de5bce2720eb06396803300fe1687b58a7ff32bf4c14 1.41kB / 1.41kB done
#5 sha256:954b378c375d852eb3c63ab88978f640b4348b01c1b3456a024a81536dafbbf4 528B / 528B done
#5 sha256:c8bccc0af9571ec0d006a43acb5a8d08c4ce42b6cc7194dd6eb167976f501ef1 1.51kB / 1.51kB done
#5 sha256:486039affc0ad0f17f473efe8fb25c947515a8929198879d1e64210ef142372f 0B / 2.21MB 0.2s
#5 ...

#4 [internal] load build context
#4 transferring context: 3.38kB done
#4 DONE 0.4s

#5 [1/8] FROM docker.io/library/alpine:3.8@sha256:2bb501e6173d9d006e56de5bce2720eb06396803300fe1687b58a7ff32bf4c14
#5 sha256:486039affc0ad0f17f473efe8fb25c947515a8929198879d1e64210ef142372f 1.05MB / 2.21MB 0.3s
#5 sha256:486039affc0ad0f17f473efe8fb25c947515a8929198879d1e64210ef142372f 2.21MB / 2.21MB 0.4s
#5 extracting sha256:486039affc0ad0f17f473efe8fb25c947515a8929198879d1e64210ef142372f
#5 sha256:486039affc0ad0f17f473efe8fb25c947515a8929198879d1e64210ef142372f 2.21MB / 2.21MB 0.4s done
#5 extracting sha256:486039affc0ad0f17f473efe8fb25c947515a8929198879d1e64210ef142372f 0.2s done
#5 DONE 1.2s

#6 [2/8] RUN apk update     && apk add python3 py3-pip rsyslog rsyslog-tls ca-certificates openssl     && pip3 install --upgrade pip     && pip3 install awscli
#6 0.464 fetch http://dl-cdn.alpinelinux.org/alpine/v3.8/main/x86_64/APKINDEX.tar.gz
#6 0.690 fetch http://dl-cdn.alpinelinux.org/alpine/v3.8/community/x86_64/APKINDEX.tar.gz
#6 0.913 v3.8.5-67-gf94de196ca [http://dl-cdn.alpinelinux.org/alpine/v3.8/main]
#6 0.913 v3.8.5-66-gccbd6a8ae7 [http://dl-cdn.alpinelinux.org/alpine/v3.8/community]
#6 0.913 OK: 9564 distinct packages available
#6 1.037 (1/33) Installing ca-certificates (20191127-r2)
#6 1.066 (2/33) Installing libcrypto1.0 (1.0.2u-r0)
#6 1.114 (3/33) Installing libssl1.0 (1.0.2u-r0)
#6 1.123 (4/33) Installing openssl (1.0.2u-r0)
#6 1.140 (5/33) Installing libbz2 (1.0.6-r7)
#6 1.155 (6/33) Installing expat (2.2.8-r0)
#6 1.177 (7/33) Installing libffi (3.2.1-r4)
#6 1.198 (8/33) Installing gdbm (1.13-r1)
#6 1.216 (9/33) Installing xz-libs (5.2.4-r0)
#6 1.237 (10/33) Installing ncurses-terminfo-base (6.1_p20180818-r1)
#6 1.258 (11/33) Installing ncurses-terminfo (6.1_p20180818-r1)
#6 1.617 (12/33) Installing ncurses-libs (6.1_p20180818-r1)
#6 1.645 (13/33) Installing readline (7.0.003-r0)
#6 1.662 (14/33) Installing sqlite-libs (3.25.3-r4)
#6 1.702 (15/33) Installing python3 (3.6.9-r1)
#6 2.907 (16/33) Installing nghttp2-libs (1.39.2-r0)
#6 2.917 (17/33) Installing libssh2 (1.9.0-r1)
#6 2.934 (18/33) Installing libcurl (7.61.1-r3)
#6 2.958 (19/33) Installing libestr (0.1.10-r0)
#6 2.973 (20/33) Installing libfastjson (0.99.8-r1)
#6 2.989 (21/33) Installing libgpg-error (1.30-r0)
#6 3.011 (22/33) Installing libgcrypt (1.8.3-r2)
#6 3.041 (23/33) Installing liblogging (1.0.6-r0)
#6 3.060 (24/33) Installing libnet (1.1.6-r2)
#6 3.081 (25/33) Installing libuuid (2.32-r0)
#6 3.101 (26/33) Installing rsyslog (8.34.0-r1)
#6 3.150 (27/33) Installing gmp (6.1.2-r1)
#6 3.177 (28/33) Installing nettle (3.4.1-r0)
#6 3.198 (29/33) Installing p11-kit (0.23.10-r0)
#6 3.212 (30/33) Installing libtasn1 (4.14-r0)
#6 3.218 (31/33) Installing libunistring (0.9.7-r0)
#6 3.236 (32/33) Installing gnutls (3.6.14-r0)
#6 3.258 (33/33) Installing rsyslog-tls (8.34.0-r1)
#6 3.266 Executing busybox-1.28.4-r3.trigger
#6 3.271 Executing ca-certificates-20191127-r2.trigger
#6 3.317 OK: 80 MiB in 46 packages
#6 4.026 Collecting pip
#6 4.267   Downloading https://files.pythonhosted.org/packages/a4/6d/6463d49a933f547439d6b5b98b46af8742cc03ae83543e4d7688c2420f8b/pip-21.3.1-py3-none-any.whl (1.7MB)
#6 4.463 Installing collected packages: pip
#6 4.464   Found existing installation: pip 18.1
#6 4.661     Uninstalling pip-18.1:
#6 4.844       Successfully uninstalled pip-18.1
#6 6.430 Successfully installed pip-21.3.1
#6 10.29 Collecting awscli
#6 10.34   Downloading awscli-1.24.10-py3-none-any.whl (3.9 MB)
#6 11.25 Collecting docutils<0.17,>=0.10
#6 11.26   Downloading docutils-0.16-py2.py3-none-any.whl (548 kB)
#6 11.60 Collecting PyYAML<5.5,>=3.10
#6 11.61   Downloading PyYAML-5.4.1.tar.gz (175 kB)
#6 11.98   Installing build dependencies: started
#6 18.72   Installing build dependencies: finished with status 'done'
#6 18.72   Getting requirements to build wheel: started
#6 19.24   Getting requirements to build wheel: finished with status 'error'
#6 19.24   ERROR: Command errored out with exit status 1:
#6 19.24    command: /usr/bin/python3.6 /usr/lib/python3.6/site-packages/pip/_vendor/pep517/in_process/_in_process.py get_requires_for_build_wheel /tmp/tmpc9nmyx_e
#6 19.24        cwd: /tmp/pip-install-k2u4spkh/pyyaml_9d855e3a35d74eec9d426ecd1f0b41c5
#6 19.24   Complete output (44 lines):
#6 19.24   running egg_info
#6 19.24   writing lib3/PyYAML.egg-info/PKG-INFO
#6 19.24   writing dependency_links to lib3/PyYAML.egg-info/dependency_links.txt
#6 19.24   writing top-level names to lib3/PyYAML.egg-info/top_level.txt
#6 19.24   Traceback (most recent call last):
#6 19.24     File "/usr/lib/python3.6/site-packages/pip/_vendor/pep517/in_process/_in_process.py", line 363, in <module>
#6 19.24       main()
#6 19.24     File "/usr/lib/python3.6/site-packages/pip/_vendor/pep517/in_process/_in_process.py", line 345, in main
#6 19.24       json_out['return_val'] = hook(**hook_input['kwargs'])
#6 19.24     File "/usr/lib/python3.6/site-packages/pip/_vendor/pep517/in_process/_in_process.py", line 130, in get_requires_for_build_wheel
#6 19.24       return hook(config_settings)
#6 19.24     File "/tmp/pip-build-env-w1dybwtn/overlay/lib/python3.6/site-packages/setuptools/build_meta.py", line 163, in get_requires_for_build_wheel
#6 19.24       config_settings, requirements=['wheel'])
#6 19.24     File "/tmp/pip-build-env-w1dybwtn/overlay/lib/python3.6/site-packages/setuptools/build_meta.py", line 143, in _get_build_requires
#6 19.24       self.run_setup()
#6 19.24     File "/tmp/pip-build-env-w1dybwtn/overlay/lib/python3.6/site-packages/setuptools/build_meta.py", line 158, in run_setup
#6 19.24       exec(compile(code, __file__, 'exec'), locals())
#6 19.24     File "setup.py", line 295, in <module>
#6 19.24       python_requires='>=2.7, !=3.0.*, !=3.1.*, !=3.2.*, !=3.3.*, !=3.4.*, !=3.5.*',
#6 19.24     File "/tmp/pip-build-env-w1dybwtn/overlay/lib/python3.6/site-packages/setuptools/__init__.py", line 153, in setup
#6 19.24       return distutils.core.setup(**attrs)
#6 19.24     File "/usr/lib/python3.6/distutils/core.py", line 148, in setup
#6 19.24       dist.run_commands()
#6 19.24     File "/usr/lib/python3.6/distutils/dist.py", line 955, in run_commands
#6 19.24       self.run_command(cmd)
#6 19.24     File "/usr/lib/python3.6/distutils/dist.py", line 974, in run_command
#6 19.24       cmd_obj.run()
#6 19.24     File "/tmp/pip-build-env-w1dybwtn/overlay/lib/python3.6/site-packages/setuptools/command/egg_info.py", line 299, in run
#6 19.24       self.find_sources()
#6 19.24     File "/tmp/pip-build-env-w1dybwtn/overlay/lib/python3.6/site-packages/setuptools/command/egg_info.py", line 306, in find_sources
#6 19.24       mm.run()
#6 19.24     File "/tmp/pip-build-env-w1dybwtn/overlay/lib/python3.6/site-packages/setuptools/command/egg_info.py", line 541, in run
#6 19.24       self.add_defaults()
#6 19.24     File "/tmp/pip-build-env-w1dybwtn/overlay/lib/python3.6/site-packages/setuptools/command/egg_info.py", line 578, in add_defaults
#6 19.24       sdist.add_defaults(self)
#6 19.24     File "/tmp/pip-build-env-w1dybwtn/overlay/lib/python3.6/site-packages/setuptools/command/py36compat.py", line 34, in add_defaults
#6 19.24       self._add_defaults_ext()
#6 19.24     File "/tmp/pip-build-env-w1dybwtn/overlay/lib/python3.6/site-packages/setuptools/command/py36compat.py", line 118, in _add_defaults_ext
#6 19.24       self.filelist.extend(build_ext.get_source_files())
#6 19.24     File "setup.py", line 201, in get_source_files
#6 19.24       self.cython_sources(ext.sources, ext)
#6 19.24     File "/usr/lib/python3.6/distutils/cmd.py", line 103, in __getattr__
#6 19.24       raise AttributeError(attr)
#6 19.24   AttributeError: cython_sources
#6 19.24   ----------------------------------------
#6 19.24 WARNING: Discarding https://files.pythonhosted.org/packages/a0/a4/d63f2d7597e1a4b55aa3b4d6c5b029991d3b824b5bd331af8d4ab1ed687d/PyYAML-5.4.1.tar.gz#sha256=607774cbba28732bfa802b54baa7484215f530991055bb562efbed5b2f20a45e (from https://pypi.org/simple/pyyaml/) (requires-python:>=2.7, !=3.0.*, !=3.1.*, !=3.2.*, !=3.3.*, !=3.4.*, !=3.5.*). Command errored out with exit status 1: /usr/bin/python3.6 /usr/lib/python3.6/site-packages/pip/_vendor/pep517/in_process/_in_process.py get_requires_for_build_wheel /tmp/tmpc9nmyx_e Check the logs for full command output.
#6 19.26   Downloading PyYAML-5.4.tar.gz (174 kB)
#6 19.63   Installing build dependencies: started
#6 25.77   Installing build dependencies: finished with status 'done'
#6 25.78   Getting requirements to build wheel: started
#6 26.30   Getting requirements to build wheel: finished with status 'error'
#6 26.30   ERROR: Command errored out with exit status 1:
#6 26.30    command: /usr/bin/python3.6 /usr/lib/python3.6/site-packages/pip/_vendor/pep517/in_process/_in_process.py get_requires_for_build_wheel /tmp/tmp9sfw8k_t
#6 26.30        cwd: /tmp/pip-install-k2u4spkh/pyyaml_a3385f1205334876bd2bd936c6a38969
#6 26.30   Complete output (44 lines):
#6 26.30   running egg_info
#6 26.30   writing lib3/PyYAML.egg-info/PKG-INFO
#6 26.30   writing dependency_links to lib3/PyYAML.egg-info/dependency_links.txt
#6 26.30   writing top-level names to lib3/PyYAML.egg-info/top_level.txt
#6 26.30   Traceback (most recent call last):
#6 26.30     File "/usr/lib/python3.6/site-packages/pip/_vendor/pep517/in_process/_in_process.py", line 363, in <module>
#6 26.30       main()
#6 26.30     File "/usr/lib/python3.6/site-packages/pip/_vendor/pep517/in_process/_in_process.py", line 345, in main
#6 26.30       json_out['return_val'] = hook(**hook_input['kwargs'])
#6 26.30     File "/usr/lib/python3.6/site-packages/pip/_vendor/pep517/in_process/_in_process.py", line 130, in get_requires_for_build_wheel
#6 26.30       return hook(config_settings)
#6 26.30     File "/tmp/pip-build-env-852tioeo/overlay/lib/python3.6/site-packages/setuptools/build_meta.py", line 163, in get_requires_for_build_wheel
#6 26.30       config_settings, requirements=['wheel'])
#6 26.30     File "/tmp/pip-build-env-852tioeo/overlay/lib/python3.6/site-packages/setuptools/build_meta.py", line 143, in _get_build_requires
#6 26.30       self.run_setup()
#6 26.30     File "/tmp/pip-build-env-852tioeo/overlay/lib/python3.6/site-packages/setuptools/build_meta.py", line 158, in run_setup
#6 26.30       exec(compile(code, __file__, 'exec'), locals())
#6 26.30     File "setup.py", line 295, in <module>
#6 26.30       python_requires='>=2.7, !=3.0.*, !=3.1.*, !=3.2.*, !=3.3.*, !=3.4.*, !=3.5.*',
#6 26.30     File "/tmp/pip-build-env-852tioeo/overlay/lib/python3.6/site-packages/setuptools/__init__.py", line 153, in setup
#6 26.30       return distutils.core.setup(**attrs)
#6 26.30     File "/usr/lib/python3.6/distutils/core.py", line 148, in setup
#6 26.30       dist.run_commands()
#6 26.30     File "/usr/lib/python3.6/distutils/dist.py", line 955, in run_commands
#6 26.30       self.run_command(cmd)
#6 26.30     File "/usr/lib/python3.6/distutils/dist.py", line 974, in run_command
#6 26.30       cmd_obj.run()
#6 26.30     File "/tmp/pip-build-env-852tioeo/overlay/lib/python3.6/site-packages/setuptools/command/egg_info.py", line 299, in run
#6 26.30       self.find_sources()
#6 26.30     File "/tmp/pip-build-env-852tioeo/overlay/lib/python3.6/site-packages/setuptools/command/egg_info.py", line 306, in find_sources
#6 26.30       mm.run()
#6 26.30     File "/tmp/pip-build-env-852tioeo/overlay/lib/python3.6/site-packages/setuptools/command/egg_info.py", line 541, in run
#6 26.30       self.add_defaults()
#6 26.30     File "/tmp/pip-build-env-852tioeo/overlay/lib/python3.6/site-packages/setuptools/command/egg_info.py", line 578, in add_defaults
#6 26.30       sdist.add_defaults(self)
#6 26.30     File "/tmp/pip-build-env-852tioeo/overlay/lib/python3.6/site-packages/setuptools/command/py36compat.py", line 34, in add_defaults
#6 26.30       self._add_defaults_ext()
#6 26.30     File "/tmp/pip-build-env-852tioeo/overlay/lib/python3.6/site-packages/setuptools/command/py36compat.py", line 118, in _add_defaults_ext
#6 26.30       self.filelist.extend(build_ext.get_source_files())
#6 26.30     File "setup.py", line 201, in get_source_files
#6 26.30       self.cython_sources(ext.sources, ext)
#6 26.30     File "/usr/lib/python3.6/distutils/cmd.py", line 103, in __getattr__
#6 26.30       raise AttributeError(attr)
#6 26.30   AttributeError: cython_sources
#6 26.30   ----------------------------------------
#6 26.31 WARNING: Discarding https://files.pythonhosted.org/packages/b5/fd/15638de2da0a5aa91c095718444624aa565f766fc178249ca6faa372f71a/PyYAML-5.4.tar.gz#sha256=3c49e39ac034fd64fd576d63bb4db53cda89b362768a67f07749d55f128ac18a (from https://pypi.org/simple/pyyaml/) (requires-python:>=2.7, !=3.0.*, !=3.1.*, !=3.2.*, !=3.3.*, !=3.4.*, !=3.5.*). Command errored out with exit status 1: /usr/bin/python3.6 /usr/lib/python3.6/site-packages/pip/_vendor/pep517/in_process/_in_process.py get_requires_for_build_wheel /tmp/tmp9sfw8k_t Check the logs for full command output.
#6 26.33   Downloading PyYAML-5.3.1.tar.gz (269 kB)
#6 26.61   Preparing metadata (setup.py): started
#6 26.93   Preparing metadata (setup.py): finished with status 'done'
#6 27.03 Collecting s3transfer<0.6.0,>=0.5.0
#6 27.04   Downloading s3transfer-0.5.2-py3-none-any.whl (79 kB)
#6 27.15 Collecting rsa<4.8,>=3.1.2
#6 27.16   Downloading rsa-4.7.2-py3-none-any.whl (34 kB)
#6 27.27 Collecting colorama<0.4.5,>=0.2.5
#6 27.28   Downloading colorama-0.4.4-py2.py3-none-any.whl (16 kB)
#6 29.96 Collecting botocore==1.26.10
#6 29.97   Downloading botocore-1.26.10-py3-none-any.whl (8.8 MB)
#6 30.87 Collecting urllib3<1.27,>=1.25.4
#6 30.88   Downloading urllib3-1.26.19-py2.py3-none-any.whl (143 kB)
#6 30.99 Collecting python-dateutil<3.0.0,>=2.1
#6 31.00   Downloading python_dateutil-2.9.0.post0-py2.py3-none-any.whl (229 kB)
#6 31.09 Collecting jmespath<2.0.0,>=0.7.1
#6 31.10   Downloading jmespath-0.10.0-py2.py3-none-any.whl (24 kB)
#6 31.31 Collecting pyasn1>=0.1.3
#6 31.32   Downloading pyasn1-0.5.1-py2.py3-none-any.whl (84 kB)
#6 31.73 Collecting six>=1.5
#6 31.74   Downloading six-1.16.0-py2.py3-none-any.whl (11 kB)
#6 31.83 Using legacy 'setup.py install' for PyYAML, since package 'wheel' is not installed.
#6 32.03 Installing collected packages: six, urllib3, python-dateutil, jmespath, pyasn1, botocore, s3transfer, rsa, PyYAML, docutils, colorama, awscli
#6 33.94     Running setup.py install for PyYAML: started
#6 34.40     Running setup.py install for PyYAML: finished with status 'done'
#6 37.49 Successfully installed PyYAML-5.3.1 awscli-1.24.10 botocore-1.26.10 colorama-0.4.4 docutils-0.16 jmespath-0.10.0 pyasn1-0.5.1 python-dateutil-2.9.0.post0 rsa-4.7.2 s3transfer-0.5.2 six-1.16.0 urllib3-1.26.19
#6 37.49 WARNING: Running pip as the 'root' user can result in broken permissions and conflicting behaviour with the system package manager. It is recommended to use a virtual environment instead: https://pip.pypa.io/warnings/venv
#6 DONE 42.3s

#7 [3/8] COPY run.py /run.py
#7 DONE 0.5s

#8 [4/8] COPY crontab.txt /crontab.txt
#8 DONE 0.4s

#9 [5/8] COPY crontab-syslog.txt /crontab-syslog.txt
#9 DONE 0.5s

#10 [6/8] COPY rsyslog.conf /etc/rsyslog.conf
#10 DONE 0.4s

#11 [7/8] COPY entry.sh /entry.sh
#11 DONE 0.4s

#12 [8/8] RUN chmod 755 /entry.sh
#12 DONE 0.9s

#13 exporting to image
#13 exporting layers
#13 exporting layers 3.7s done
#13 writing image sha256:003c10aece65f9f03b6796abda847e558b118ec451cc606a9439a925dd156c1f 0.0s done
#13 naming to docker.io/library/image_name_v3_1 0.0s done
#13 DONE 3.8s
Duration: 0:52.69