
Below is the flaky Dockerfile:

# Dockerfile
```# syntax=docker/dockerfile:1.3.0-labs

FROM node:17.2.0-alpine as builder

ENV NODE_ENV production
ENV PUPPETEER_SKIP_CHROMIUM_DOWNLOAD true

WORKDIR /decktape

COPY package.json npm-shrinkwrap.json ./
COPY libs libs/
COPY plugins plugins/
COPY decktape.js ./

RUN npm install

FROM alpine:3.15.0

LABEL org.opencontainers.image.source="https://github.com/astefanutti/decktape"

ARG CHROMIUM_VERSION=109.0.5414.74-r0
ENV TERM xterm-color

RUN <<EOF cat > /etc/apk/repositories
http://dl-cdn.alpinelinux.org/alpine/v3.17/main
http://dl-cdn.alpinelinux.org/alpine/v3.17/community
http://dl-cdn.alpinelinux.org/alpine/edge/testing
EOF

# Chromium, CA certificates, fonts
# https://git.alpinelinux.org/cgit/aports/log/community/chromium
RUN apk update && apk upgrade && \
    apk add --no-cache \
    ca-certificates \
    libstdc++ \
    chromium=${CHROMIUM_VERSION} \
    font-noto-emoji \
    freetype \
    harfbuzz \
    nss \
    ttf-freefont \
    wqy-zenhei && \
    # /etc/fonts/conf.d/44-wqy-zenhei.conf overrides 'monospace' matching FreeMono.ttf in /etc/fonts/conf.d/69-unifont.conf
    mv /etc/fonts/conf.d/44-wqy-zenhei.conf /etc/fonts/conf.d/74-wqy-zenhei.conf && \
    rm -rf /var/cache/apk/*

# Node.js
COPY --from=builder /usr/local/bin/node /usr/local/bin/

# DeckTape
COPY --from=builder /decktape /decktape

RUN addgroup -g 1000 node && \
    adduser -u 1000 -G node -s /bin/sh -D node && \
    mkdir /slides && \
    chown node:node /slides

WORKDIR /slides

USER node

# The --no-sandbox option is required, or --cap-add=SYS_ADMIN to docker run command
# https://github.com/GoogleChrome/puppeteer/blob/master/docs/troubleshooting.md#running-puppeteer-in-docker
# https://github.com/GoogleChrome/puppeteer/issues/290
# https://github.com/jessfraz/dockerfiles/issues/65
# https://github.com/jessfraz/dockerfiles/issues/156
# https://github.com/jessfraz/dockerfiles/issues/341
ENTRYPOINT ["node", "/decktape/decktape.js", "--chrome-path", "chromium-browser", "--chrome-arg=--no-sandbox"]

CMD ["-h"]
```

And below is the build error that occurred when trying to build the Dockerfile:
# Build Error
```> [stage-1 3/7] RUN apk update && apk upgrade &&     apk add --no-cache     ca-certificates     libstdc++     chromium=109.0.5414.74-r0     font-noto-emoji     freetype     harfbuzz     nss     ttf-freefont     wqy-zenhei &&     mv /etc/fonts/conf.d/44-wqy-zenhei.conf /etc/fonts/conf.d/74-wqy-zenhei.conf &&     rm -rf /var/cache/apk/*:
Executing busybox-1.35.0-r31.trigger
OK: 7 MiB in 15 packages
fetch http://dl-cdn.alpinelinux.org/alpine/v3.17/main/x86_64/APKINDEX.tar.gz
fetch http://dl-cdn.alpinelinux.org/alpine/v3.17/community/x86_64/APKINDEX.tar.gz
fetch http://dl-cdn.alpinelinux.org/alpine/edge/testing/x86_64/APKINDEX.tar.gz
ERROR: unable to select packages:
  wqy-zenhei (no such package):
    required by: world[wqy-zenhei]
  chromium-112.0.5615.165-r0:
    breaks: world[chromium=109.0.5414.74-r0]
ERROR: process "/bin/sh -c apk update && apk upgrade &&     apk add --no-cache     ca-certificates     libstdc++     chromium=${CHROMIUM_VERSION}     font-noto-emoji     freetype     harfbuzz     nss     ttf-freefont     wqy-zenhei &&     mv /etc/fonts/conf.d/44-wqy-zenhei.conf /etc/fonts/conf.d/74-wqy-zenhei.conf &&     rm -rf /var/cache/apk/*" did not complete successfully: exit code: 2```

Below are a few examples of dockerfiles and their build errors alongside their repairs. These examples are provided to help you understand the task better.

# Example 1
## Example Dockerfile
```FROM composer:1.10

RUN apk add --no-cache \
    curl \
    curl-dev \
    libcurl \
    libssl1.1 \
    libxml2-dev \
    libzip-dev \
    && rm -rf /var/cache/apk/*

RUN docker-php-ext-install pdo \
    pdo_mysql \
    curl \
    xml \
    zip \
    posix

RUN composer global require --prefer-dist hirak/prestissimo --no-interaction
RUN composer global require --prefer-dist laravel/envoy offline/oc-bootstrapper --no-interaction

RUN ln -s /composer/vendor/bin/october /usr/bin/october
RUN ln -s /composer/vendor/bin/envoy /usr/bin/envoy

ENV PATH=${PATH}:/tmp/vendor/bin

WORKDIR /app

ENTRYPOINT []
CMD ["/composer/vendor/bin/october"]

```

## Example Build Error
```> [2/8] RUN apk add --no-cache     curl     curl-dev     libcurl     libssl1.1     libxml2-dev     libzip-dev     && rm -rf /var/cache/apk/*:
[2/8] RUN apk add --no-cache     curl     curl-dev     libcurl     libssl    libxml2-dev     libzip-dev     && rm -rf /var/cache/apk/*
fetch https://dl-cdn.alpinelinux.org/alpine/v3.19/main/x86_64/APKINDEX.tar.gz
fetch https://dl-cdn.alpinelinux.org/alpine/v3.19/community/x86_64/APKINDEX.tar.gz
ERROR: unable to select packages:
  libssl(no such package):
    required by: world[libssl1.1]
ERROR: process "/bin/sh -c apk add --no-cache     curl     curl-dev     libcurl     libssl    libxml2-dev     libzip-dev     && rm -rf /var/cache/apk/*" did not complete successfully: exit code: 1```

## Example Repair

### Repair 1
```FROM composer:1.10

RUN apk add --no-cache \
    curl \
    curl-dev \
    libcurl \
    libssl3 \
    libxml2-dev \
    libzip-dev \
    && rm -rf /var/cache/apk/*

RUN docker-php-ext-install pdo \
    pdo_mysql \
    curl \
    xml \
    zip \
    posix

RUN composer global require --prefer-dist hirak/prestissimo --no-interaction
RUN composer global require --prefer-dist laravel/envoy offline/oc-bootstrapper --no-interaction

RUN ln -s /composer/vendor/bin/october /usr/bin/october
RUN ln -s /composer/vendor/bin/envoy /usr/bin/envoy

ENV PATH=${PATH}:/tmp/vendor/bin

WORKDIR /app

ENTRYPOINT []
CMD ["/composer/vendor/bin/october"]

```


# Example 2
## Example Dockerfile
```FROM alpine:3.16.2

MAINTAINER https://github.com/zhangliqiang/fabric8-java-alpine-openjdk8-jre

USER root

RUN mkdir -p /deployments \
 && apk add tzdata \
 && ln -sf /usr/share/zoneinfo/Asia/Shanghai /etc/localtime \ 
 && echo "Asia/Shanghai" > /etc/timezone

# JAVA_APP_DIR is used by run-java.sh for finding the binaries
ENV JAVA_APP_DIR=/deployments \
    JAVA_MAJOR_VERSION=8 \
    JAVA_OPTIONS=-Dfile.encoding=utf-8 \
    LOG4J_FORMAT_MSG_NO_LOOKUPS=true

# /dev/urandom is used as random source, which is perfectly safe
# according to http://www.2uo.de/myths-about-urandom/
RUN apk add --update \
    curl \
    openjdk8-jre-base=8.345.01-r0 \
 && apk add --no-cache nss  \
 && rm /var/cache/apk/* \
 && echo "securerandom.source=file:/dev/urandom" >> /usr/lib/jvm/default-jvm/jre/lib/security/java.security

# Add run script as /deployments/run-java.sh and make it executable
COPY run-java.sh /deployments/
RUN chmod 755 /deployments/run-java.sh

CMD [ "/deployments/run-java.sh" ]

```

## Example Build Error
```> [3/5] RUN apk add --update     curl     openjdk8-jre-base=8.345.01-r0  && apk add --no-cache nss   && rm /var/cache/apk/*  && echo "securerandom.source=file:/dev/urandom" >> /usr/lib/jvm/default-jvm/jre/lib/security/java.security:
ERROR: unable to select packages:
  openjdk8-jre-base-8.362.09-r1:
    breaks: world[openjdk8-jre-base=8.345.01-r0]
ERROR: process "/bin/sh -c apk add --update     curl     openjdk8-jre-base=8.345.01-r0  && apk add --no-cache nss   && rm /var/cache/apk/*  && echo \"securerandom.source=file:/dev/urandom\" >> /usr/lib/jvm/default-jvm/jre/lib/security/java.security" did not complete successfully: exit code: 1```

## Example Repair

### Repair 1
```FROM alpine:3.16.2

MAINTAINER https://github.com/zhangliqiang/fabric8-java-alpine-openjdk8-jre

USER root

RUN mkdir -p /deployments \
 && apk add tzdata \
 && ln -sf /usr/share/zoneinfo/Asia/Shanghai /etc/localtime \ 
 && echo "Asia/Shanghai" > /etc/timezone

# JAVA_APP_DIR is used by run-java.sh for finding the binaries
ENV JAVA_APP_DIR=/deployments \
    JAVA_MAJOR_VERSION=8 \
    JAVA_OPTIONS=-Dfile.encoding=utf-8 \
    LOG4J_FORMAT_MSG_NO_LOOKUPS=true

# /dev/urandom is used as random source, which is perfectly safe
# according to http://www.2uo.de/myths-about-urandom/
RUN apk add --update \
    curl \
    openjdk8-jre-base \
 && apk add --no-cache nss  \
 && rm /var/cache/apk/* \
 && echo "securerandom.source=file:/dev/urandom" >> /usr/lib/jvm/default-jvm/jre/lib/security/java.security

# Add run script as /deployments/run-java.sh and make it executable
COPY run-java.sh /deployments/
RUN chmod 755 /deployments/run-java.sh

CMD [ "/deployments/run-java.sh" ]

```


# Example 3
## Example Dockerfile
```FROM xataz/node:7-onbuild
MAINTAINER xataz <https://github.com/xataz>

ENV GID=991 \
    UID=991 \
    USERNAME="t411" \
    PASSWORD="t411" \
    ONLYVERIFIED=true \
    DEBUGVERIFIED=false

ADD startup /usr/local/bin/startup
RUN chmod +x /usr/local/bin/startup

EXPOSE 9876

CMD ["/usr/local/bin/startup"]

```

## Example Build Error
```> [3/3] RUN PKG_BUILD="git make gcc g++ python linux-headers" 	&& apk upgrade -U 	&& apk add ${PKG_BUILD} 	&& if [ -e /usr/src/app/package.json ]; then 		npm install; 	fi && if [ -e /usr/src/app/bower.js ]; then 		npm install -g bower && bower install; 	fi && if [ -e /usr/src/app/gulpfile.js ]; then 		npm install -g gulp && gulp; 	fi && if [ -e /usr/src/app/Gruntfile.js ]; then 		npm install -g grunt && grunt; 	fi 	&& npm cache clean /root/.npm 	&& apk del ${PKG_BUILD} 	&& rm -rf /var/cache/apk/*:
T411-torznab@0./usr/src/app
npm ERR! Linux 3.10.0-1127.el7.x86_64
npm ERR! argv "/usr/bin/node" "/usr/bin/npm" "install"
npm ERR! node v7.10.0
npm ERR! npm  v3.10.10
npm ERR! path /usr/src/app/node_modules/.staging/@types/triple-beam-c220f220/package.json
npm ERR! code ENOTDIR
npm ERR! errno -20
npm ERR! syscall open
npm ERR! ENOTDIR: not a directory, open '/usr/src/app/node_modules/.staging/@types/triple-beam-c220f220/package.json'
npm ERR! 
npm ERR! If you need help, you may report this error at:
npm ERR!     <https://github.com/npm/npm/issues>
npm ERR! Please include the following file with any support request:
npm ERR!     /usr/src/app/npm-debug.log
ERROR: process "/bin/sh -c PKG_BUILD=\"git make gcc g++ python linux-headers\" \t&& apk upgrade -U \t&& apk add ${PKG_BUILD} \t&& if [ -e /usr/src/app/package.json ]; then \t\tnpm install; \tfi && if [ -e /usr/src/app/bower.js ]; then \t\tnpm install -g bower && bower install; \tfi && if [ -e /usr/src/app/gulpfile.js ]; then \t\tnpm install -g gulp && gulp; \tfi && if [ -e /usr/src/app/Gruntfile.js ]; then \t\tnpm install -g grunt && grunt; \tfi \t&& npm cache clean /root/.npm \t&& apk del ${PKG_BUILD} \t&& rm -rf /var/cache/apk/*" did not complete successfully: exit code: 236```

## Example Repair

### Repair 1
```FROM node:16-alpine
MAINTAINER xataz <https://github.com/xataz>

ENV GID=991 \
    UID=991 \
    USERNAME="t411" \
    PASSWORD="t411" \
    ONLYVERIFIED=true \
    DEBUGVERIFIED=false

ADD startup /usr/local/bin/startup
RUN chmod +x /usr/local/bin/startup

RUN PKG_BUILD="git make gcc g++ python3 linux-headers" \
    && apk upgrade -U \
    && apk add --no-cache ${PKG_BUILD} \
    && if [ -e /usr/src/app/package.json ]; then \
        npm cache clean --force \
        && rm -rf node_modules \
        && npm install; \
    fi \
    && if [ -e /usr/src/app/bower.js ]; then \
        npm install -g bower && bower install; \
    fi \
    && if [ -e /usr/src/app/gulpfile.js ]; then \
        npm install -g gulp && gulp; \
    fi \
    && if [ -e /usr/src/app/Gruntfile.js ]; then \
        npm install -g grunt && grunt; \
    fi \
    && npm cache clean --force \
    && apk del ${PKG_BUILD} \
    && rm -rf /var/cache/apk/*

EXPOSE 9876

CMD ["/usr/local/bin/startup"]
```

Your task is to repair the Dockerfile based on the Dockerfile and its build error provided alongside the examples provided for you for as demonstrations. To solve the problem, and based on the information provided, first, you should diagnose which part is causing the flakiness and why. Then, according to the characteristics of that flakiness, repair the Dockerfile. the output Dockerfile must be within five angle brackets:
    <<<<<
    Dockerfile content 
    >>>>>
