
Below is the flaky Dockerfile:

# Dockerfile
```from node:7.7.2

ENV ACCEPT_HIGHCHARTS_LICENSE="YES"
RUN npm install highcharts-export-server -g 

WORKDIR /usr/share/fonts/truetype
ADD fonts/OpenSans-Regular.ttf OpenSans-Regular.ttf
ADD fonts/OpenSans-Light.ttf OpenSans-Light.ttf
ADD fonts/OpenSans-Semibold.ttf OpenSans-Semibold.ttf
ADD fonts/OpenSans-Bold.ttf OpenSans-Bold.ttf
ADD fonts/OpenSans-ExtraBold.ttf OpenSans-ExtraBold.ttf
ADD fonts/OpenSans-Italic.ttf OpenSans-Italic.ttf
ADD fonts/OpenSans-LightItalic.ttf OpenSans-LightItalic.ttf
ADD fonts/OpenSans-BoldItalic.ttf OpenSans-BoldItalic.ttf
ADD fonts/OpenSans-SemiboldItalic.ttf OpenSans-SemiboldItalic.ttf
ADD fonts/OpenSans-ExtraBoldItalic.ttf OpenSans-ExtraBoldItalic.ttf
WORKDIR /

EXPOSE 8080
ENTRYPOINT ["highcharts-export-server", "--enableServer", "1", "--port", "8080"]
```

And below is the build error that occurred when trying to build the Dockerfile:
# Build Error
```> [ 2/14] RUN npm install highcharts-export-server -g:
SyntaxError: Unexpected token import
    at createScript (vm.js:53:10)
    at Object.runInThisContext (vm.js:95:10)
    at Module._compile (module.js:543:28)
    at Object.Module._extensions..js (module.js:580:10)
    at Module.load (module.js:488:32)
    at tryModuleLoad (module.js:447:12)
    at Function.Module._load (module.js:439:3)
    at Module.runMain (module.js:605:10)
    at run (bootstrap_node.js:425:7)
    at startup (bootstrap_node.js:146:9)
npm ERR! Linux 3.10.0-1127.10.1.el7.x86_64
npm ERR! argv "/usr/local/bin/node" "/usr/local/bin/npm" "install" "highcharts-export-server" "-g"
npm ERR! node v7.7.2
npm ERR! npm  v4.1.2
npm ERR! code ELIFECYCLE
npm ERR! highcharts-export-server@3.install: `node install.js`
npm ERR! Exit status 1
npm ERR! 
npm ERR! Failed at the highcharts-export-server@3.install script 'node install.js'.
npm ERR! Make sure you have the latest version of node.js and npm installed.
npm ERR! If you do, this is most likely a problem with the highcharts-export-server package,
npm ERR! not with npm itself.
npm ERR! Tell the author that this fails on your system:
npm ERR!     node install.js
npm ERR! You can get information on how to open an issue for this project with:
npm ERR!     npm bugs highcharts-export-server
npm ERR! Or if that isn't available, you can get their info via:
npm ERR!     npm owner ls highcharts-export-server
npm ERR! There is likely additional logging output above.
npm ERR! Please include the following file with any support request:
npm ERR!     /npm-debug.log
ERROR: process "/bin/sh -c npm install highcharts-export-server -g" did not complete successfully: exit code: 1```

Below are a few examples of dockerfiles and their build errors alongside their repairs. These examples are provided to help you understand the task better.

# Example 1
## Example Dockerfile
```FROM node:9-alpine

MAINTAINER mrcode "mrcodehang@outlook.com"

WORKDIR /src

COPY . /src

RUN npm install -g yarn && yarn install

EXPOSE 3000

ENTRYPOINT ["npm", "start"]

```

## Example Build Error
```> [4/4] RUN npm install -g yarn && yarn install:
> yarn@1.preinstall /usr/local/lib/node_modules/yarn
> :; (node ./preinstall.js > /dev/null 2>&1 || true)
/usr/local/bin/yarnpkg -> /usr/local/lib/node_modules/yarn/bin/yarn.js
/usr/local/bin/yarn -> /usr/local/lib/node_modules/yarn/bin/yarn.js
+ yarn@1.22.19
added 1 package in 1.664s
/bin/sh: yarn: Permission denied
ERROR: process "/bin/sh -c npm install -g yarn && yarn install" did not complete successfully: exit code: 126```

## Example Repair

### Repair 1
```FROM node:9-alpine

MAINTAINER mrcode "mrcodehang@outlook.com"

WORKDIR /src

COPY . /src

USER root
RUN npm install -g yarn && yarn install

EXPOSE 3000

ENTRYPOINT ["npm", "start"]

```


### Repair 2
```FROM node:20.15.0-alpine

MAINTAINER mrcode "mrcodehang@outlook.com"

WORKDIR /src

COPY . /src

RUN npm install -g yarn && yarn install

EXPOSE 3000

ENTRYPOINT ["npm", "start"]

```


# Example 2
## Example Dockerfile
```FROM node:7-onbuild

ENV PORT 8080
EXPOSE 8080

# Set this variable to the name of your production config file (without the extension)
ENV NODE_ENV default

# Set this variable to the value of the secret field of the Github webhook
ENV WEBHOOK_SECRET ''

```

## Example Build Error
```> [3/1] RUN npm install && npm cache clean --force:
npm WARN node-fetch@2.requires a peer of encoding@^0.but none was installed.
npm WARN autobounty@1.No repository field.
npm ERR! Linux 3.10.0-1127.10.1.el7.x86_64
npm ERR! argv "/usr/local/bin/node" "/usr/local/bin/npm" "install"
npm ERR! node v7.10.1
npm ERR! npm  v4.2.0
npm ERR! path /usr/src/app/node_modules/.staging/@types/triple-beam-c220f220/package.json
npm ERR! code ENOTDIR
npm ERR! errno -20
npm ERR! syscall open
npm ERR! ENOTDIR: not a directory, open '/usr/src/app/node_modules/.staging/@types/triple-beam-c220f220/package.json'
npm ERR! 
npm ERR! If you need help, you may report this error at:
npm ERR!     <https://github.com/npm/npm/issues>
npm ERR! Please include the following file with any support request:
npm ERR!     /root/.npm/_logs/2023-09-30T17_01_50_679Z-debug.log
ERROR: process "/bin/sh -c npm install && npm cache clean --force" did not complete successfully: exit code: 236```

## Example Repair

### Repair 1
```FROM node:16

ENV PORT 8080
EXPOSE 8080

WORKDIR /usr/src/app
COPY package.json ./

RUN npm install && npm cache clean --force

COPY . .

ENV NODE_ENV default
ENV WEBHOOK_SECRET ''

CMD ["npm", "start"]
```


# Example 3
## Example Dockerfile
```FROM lavoweb/php-7.3:composer

# Add MySQLi
RUN docker-php-ext-install mysqli

# Add Chromium browser to enable pdf creation
RUN apt-get --allow-releaseinfo-change update && apt install -y --no-install-recommends \
    chromium \
    git
RUN rm -rf /var/cache/apk/* \
    rm -rf /tmp/*

# Add default theme
RUN mkdir -p themes/margot \
    && curl -o - -sSL https://github.com/YesWiki/yeswiki-theme-margot/archive/master.tar.gz \
        | tar xzfv - --strip-components 1 -C themes/margot

# Composer
RUN curl -sS https://getcomposer.org/installer | php -- --install-dir=/usr/local/bin --filename=composer

# Node & NPM & Yarn
RUN curl -sL https://deb.nodesource.com/setup_14.x  | bash -
RUN apt-get install -y --no-install-recommends nodejs
RUN curl -L https://npmjs.org/install.sh | sh
RUN npm install -g yarn


```

## Example Build Error
```> [ 9/10] RUN curl -L https://npmjs.org/install.sh | sh:
ERROR: npm v10.is known not to run on Node.js v14.21.3.  This version of npm supports the following node versions: `^18.|| >=20.5.0`. You can find the latest version at https://nodejs.org/.
ERROR:
/tmp/npm.15/package/node_modules/@npmcli/agent/lib/agents.js:105
    options.lookup ??= this.#options.lookup
                   ^^^
SyntaxError: Unexpected token '??='
    at wrapSafe (internal/modules/cjs/loader.js:1029:16)
    at Module._compile (internal/modules/cjs/loader.js:1078:27)
    at Object.Module._extensions..js (internal/modules/cjs/loader.js:1143:10)
    at Module.load (internal/modules/cjs/loader.js:979:32)
    at Function.Module._load (internal/modules/cjs/loader.js:819:12)
    at Module.require (internal/modules/cjs/loader.js:1003:19)
    at require (internal/modules/cjs/helpers.js:107:18)
    at Object.<anonymous> (/tmp/npm.15/package/node_modules/@npmcli/agent/lib/index.js:7:15)
    at Module._compile (internal/modules/cjs/loader.js:1114:14)
    at Object.Module._extensions..js (internal/modules/cjs/loader.js:1143:10)
failed!
ERROR: process "/bin/sh -c curl -L https://npmjs.org/install.sh | sh" did not complete successfully: exit code: 1```

## Example Repair

### Repair 1
```FROM lavoweb/php-7.3:composer

# Add MySQLi
RUN docker-php-ext-install mysqli

# Add Chromium browser to enable pdf creation
RUN apt-get --allow-releaseinfo-change update && apt install -y --no-install-recommends \
    chromium \
    git
RUN rm -rf /var/cache/apk/* \
    rm -rf /tmp/*

# Add default theme
RUN mkdir -p themes/margot \
    && curl -o - -sSL https://github.com/YesWiki/yeswiki-theme-margot/archive/master.tar.gz \
        | tar xzfv - --strip-components 1 -C themes/margot

# Composer
RUN curl -sS https://getcomposer.org/installer | php -- --install-dir=/usr/local/bin --filename=composer

# Node & NPM & Yarn
RUN curl -sL https://deb.nodesource.com/setup_18.x | bash -
RUN apt-get install -y --no-install-recommends nodejs
RUN curl -L https://npmjs.org/install.sh | sh
RUN npm install -g yarn

```

Below are a few false repairs that an LLM previously made by mistake for the input flaky Dockerfile along with their build outputs as further demonstrations. These examples are provided to help you understand the task better and to avoid making the same mistakes. So, do not generate the exact false repair generated previously, but you can get ideas from them.

# False Repair 1
## False Repair Dockerfile
```The build error indicates that the version of Node.js being used (v7.7.2) is not compatible with the `highcharts-export-server` package. To resolve this, we should update the Node.js version to a more recent one that is compatible with the package.

Here is the repaired Dockerfile:


FROM node:16

ENV ACCEPT_HIGHCHARTS_LICENSE="YES"
RUN npm install highcharts-export-server -g 

WORKDIR /usr/share/fonts/truetype
ADD fonts/OpenSans-Regular.ttf OpenSans-Regular.ttf
ADD fonts/OpenSans-Light.ttf OpenSans-Light.ttf
ADD fonts/OpenSans-Semibold.ttf OpenSans-Semibold.ttf
ADD fonts/OpenSans-Bold.ttf OpenSans-Bold.ttf
ADD fonts/OpenSans-ExtraBold.ttf OpenSans-ExtraBold.ttf
ADD fonts/OpenSans-Italic.ttf OpenSans-Italic.ttf
ADD fonts/OpenSans-LightItalic.ttf OpenSans-LightItalic.ttf
ADD fonts/OpenSans-BoldItalic.ttf OpenSans-BoldItalic.ttf
ADD fonts/OpenSans-SemiboldItalic.ttf OpenSans-SemiboldItalic.ttf
ADD fonts/OpenSans-ExtraBoldItalic.ttf OpenSans-ExtraBoldItalic.ttf
WORKDIR /

EXPOSE 8080
ENTRYPOINT ["highcharts-export-server", "--enableServer", "1", "--port", "8080"]```

## False Repair Build Output
``````

Your task is to repair the Dockerfile based on the Dockerfile and its build error provided alongside the examples provided for you for as demonstrations. To solve the problem, and based on the information provided, first, you should diagnose which part is causing the flakiness and why. Then, according to the characteristics of that flakiness, repair the Dockerfile. the output Dockerfile must be within five angle brackets:
    <<<<<
    Dockerfile content 
    >>>>>
