
Below is the flaky Dockerfile:

# Dockerfile
```FROM python:3.7
ARG WORKDIR=/code
RUN mkdir $WORKDIR
ADD ./examples/ $WORKDIR/examples
WORKDIR $WORKDIR
RUN pip install git+https://github.com/toluaina/pgsync.git
COPY ./docker/wait-for-it.sh wait-for-it.sh
COPY ./docker/runserver.sh runserver.sh
RUN chmod +x wait-for-it.sh
RUN chmod +x runserver.sh
```

And below is the build error that occurred when trying to build the Dockerfile:
# Build Error
```> [5/9] RUN pip install git+https://github.com/toluaina/pgsync.git:
  Installing backend dependencies: started
  Installing backend dependencies: finished with status 'done'
  Preparing metadata (pyproject.toml): started
  Preparing metadata (pyproject.toml): finished with status 'done'
ERROR: Ignored the following versions that require a different python version: 2.Requires-Python <4,>=3.8
ERROR: Could not find a version that satisfies the requirement opensearch-py==2.(from pgsync) (from versions: 1.0.0, 1.1.0, 2.0.0, 2.0.1, 2.1.0, 2.1.1, 2.2.0, 2.3.0, 2.3.1, 2.3.2, 2.4.0, 2.4.1, 2.4.2, 2.5.0)
ERROR: No matching distribution found for opensearch-py==2.6.0
[notice] A new release of pip is available: 23.-> 24.0
[notice] To update, run: pip install --upgrade pip
ERROR: process "/bin/sh -c pip install git+https://github.com/toluaina/pgsync.git" did not complete successfully: exit code: 1```

Below are a few examples of dockerfiles and their build errors alongside their repairs. These examples are provided to help you understand the task better.

# Example 1
## Example Dockerfile
```FROM docker.io/python:3.10-alpine
ENV PYTHONUNBUFFERED 1

RUN apk add --no-cache --upgrade \
        ca-certificates \
        nodejs \
        build-base \
        libffi-dev \
        openssl-dev \
        unzip && \
    rm -rf /var/cache/apk/*

WORKDIR /wheels

COPY . /flexget

RUN pip install -U pip && \
    pip wheel -e /flexget && \
    pip wheel 'transmission-rpc>=3.0.0,<4.0.0' && \
    pip wheel deluge-client && \
    pip wheel cloudscraper

WORKDIR /flexget-ui-v2
RUN wget https://github.com/Flexget/webui/releases/latest/download/dist.zip && \
    unzip dist.zip && \
    rm dist.zip

FROM docker.io/python:3.10-alpine
ENV PYTHONUNBUFFERED 1

RUN apk add --no-cache --upgrade \
        ca-certificates \
        nodejs \
        tzdata && \
    rm -rf /var/cache/apk/*

COPY --from=0 /wheels /wheels

RUN pip install -U pip && \
    pip install --no-cache-dir \
                --no-index \
                -f /wheels \
                FlexGet \
                'transmission-rpc>=3.0.0,<4.0.0' \
                deluge-client \
                cloudscraper && \
    rm -rf /wheels

COPY --from=0 /flexget-ui-v2 /usr/local/lib/python3.10/site-packages/flexget/ui/v2/

VOLUME /config
WORKDIR /config

ENTRYPOINT ["flexget"]

```

## Example Build Error
```> [stage-0 5/7] RUN pip install -U pip &&     pip wheel -e /flexget &&     pip wheel 'transmission-rpc>=3.0.0,<4.0.0' &&     pip wheel deluge-client &&     pip wheel cloudscraper:
  Getting requirements to build wheel: finished with status 'error'
  error: subprocess-exited-with-error
  
  × Getting requirements to build wheel did not run successfully.
  │ exit code: 1
  ╰─> [48 lines of output]
      running egg_info
      writing lib/PyYAML.egg-info/PKG-INFO
      writing dependency_links to lib/PyYAML.egg-info/dependency_links.txt
      writing top-level names to lib/PyYAML.egg-info/top_level.txt
      Traceback (most recent call last):
        File "/usr/local/lib/python3.10/site-packages/pip/_vendor/pyproject_hooks/_in_process/_in_process.py", line 353, in <module>
          main()
        File "/usr/local/lib/python3.10/site-packages/pip/_vendor/pyproject_hooks/_in_process/_in_process.py", line 335, in main
          json_out['return_val'] = hook(**hook_input['kwargs'])
        File "/usr/local/lib/python3.10/site-packages/pip/_vendor/pyproject_hooks/_in_process/_in_process.py", line 118, in get_requires_for_build_wheel
          return hook(config_settings)
        File "/tmp/pip-build-env-fjpwffhu/overlay/lib/python3.10/site-packages/setuptools/build_meta.py", line 341, in get_requires_for_build_wheel
          return self._get_build_requires(config_settings, requirements=['wheel'])
        File "/tmp/pip-build-env-fjpwffhu/overlay/lib/python3.10/site-packages/setuptools/build_meta.py", line 323, in _get_build_requires
          self.run_setup()
        File "/tmp/pip-build-env-fjpwffhu/overlay/lib/python3.10/site-packages/setuptools/build_meta.py", line 338, in run_setup
          exec(code, locals())
        File "<string>", line 288, in <module>
        File "/tmp/pip-build-env-fjpwffhu/overlay/lib/python3.10/site-packages/setuptools/__init__.py", line 107, in setup
          return distutils.core.setup(**attrs)
        File "/tmp/pip-build-env-fjpwffhu/overlay/lib/python3.10/site-packages/setuptools/_distutils/core.py", line 185, in setup
          return run_commands(dist)
        File "/tmp/pip-build-env-fjpwffhu/overlay/lib/python3.10/site-packages/setuptools/_distutils/core.py", line 201, in run_commands
          dist.run_commands()
        File "/tmp/pip-build-env-fjpwffhu/overlay/lib/python3.10/site-packages/setuptools/_distutils/dist.py", line 969, in run_commands
          self.run_command(cmd)
        File "/tmp/pip-build-env-fjpwffhu/overlay/lib/python3.10/site-packages/setuptools/dist.py", line 1234, in run_command
          super().run_command(command)
        File "/tmp/pip-build-env-fjpwffhu/overlay/lib/python3.10/site-packages/setuptools/_distutils/dist.py", line 988, in run_command
          cmd_obj.run()
        File "/tmp/pip-build-env-fjpwffhu/overlay/lib/python3.10/site-packages/setuptools/command/egg_info.py", line 314, in run
          self.find_sources()
        File "/tmp/pip-build-env-fjpwffhu/overlay/lib/python3.10/site-packages/setuptools/command/egg_info.py", line 322, in find_sources
          mm.run()
        File "/tmp/pip-build-env-fjpwffhu/overlay/lib/python3.10/site-packages/setuptools/command/egg_info.py", line 551, in run
          self.add_defaults()
        File "/tmp/pip-build-env-fjpwffhu/overlay/lib/python3.10/site-packages/setuptools/command/egg_info.py", line 589, in add_defaults
          sdist.add_defaults(self)
        File "/tmp/pip-build-env-fjpwffhu/overlay/lib/python3.10/site-packages/setuptools/command/sdist.py", line 104, in add_defaults
          super().add_defaults()
        File "/tmp/pip-build-env-fjpwffhu/overlay/lib/python3.10/site-packages/setuptools/_distutils/command/sdist.py", line 251, in add_defaults
          self._add_defaults_ext()
        File "/tmp/pip-build-env-fjpwffhu/overlay/lib/python3.10/site-packages/setuptools/_distutils/command/sdist.py", line 336, in _add_defaults_ext
          self.filelist.extend(build_ext.get_source_files())
        File "<string>", line 204, in get_source_files
        File "/tmp/pip-build-env-fjpwffhu/overlay/lib/python3.10/site-packages/setuptools/_distutils/cmd.py", line 107, in __getattr__
          raise AttributeError(attr)
      AttributeError: cython_sources
      [end of output]
  
  note: This error originates from a subprocess, and is likely not a problem with pip.
error: subprocess-exited-with-error
× Getting requirements to build wheel did not run successfully.
│ exit code: 1
╰─> See above for output.
note: This error originates from a subprocess, and is likely not a problem with pip.
ERROR: process "/bin/sh -c pip install -U pip &&     pip wheel -e /flexget &&     pip wheel 'transmission-rpc>=3.0.0,<4.0.0' &&     pip wheel deluge-client &&     pip wheel cloudscraper" did not complete successfully: exit code: 1```

## Example Repair

### Repair 1
```FROM docker.io/python:3.10-alpine
ENV PYTHONUNBUFFERED 1

RUN apk add --no-cache --upgrade \
        ca-certificates \
        nodejs \
        build-base \
        libffi-dev \
        openssl-dev \
        unzip && \
    rm -rf /var/cache/apk/*

WORKDIR /wheels

COPY . /flexget

RUN echo "cython<3" > /tmp/constraint.txt

RUN pip install -U pip && \
    PIP_CONSTRAINT=/tmp/constraint.txt pip wheel -e /flexget && \
    pip wheel 'transmission-rpc>=3.0.0,<4.0.0' && \
    pip wheel deluge-client && \
    pip wheel cloudscraper

WORKDIR /flexget-ui-v2
RUN wget https://github.com/Flexget/webui/releases/latest/download/dist.zip && \
    unzip dist.zip && \
    rm dist.zip

FROM docker.io/python:3.10-alpine
ENV PYTHONUNBUFFERED 1

RUN apk add --no-cache --upgrade \
        ca-certificates \
        nodejs \
        tzdata && \
    rm -rf /var/cache/apk/*

COPY --from=0 /wheels /wheels

RUN pip install -U pip && \
    pip install --no-cache-dir \
                --no-index \
                -f /wheels \
                FlexGet \
                'transmission-rpc>=3.0.0,<4.0.0' \
                deluge-client \
                cloudscraper && \
    rm -rf /wheels

COPY --from=0 /flexget-ui-v2 /usr/local/lib/python3.10/site-packages/flexget/ui/v2/

VOLUME /config
WORKDIR /config

ENTRYPOINT ["flexget"]

```


# Example 2
## Example Dockerfile
```# By default - docker build will pull master
# If you want the local WS to be used - please use
# "--build-arg ." to the docker build command - like:
#
# 'docker build -t mypyaci:latest --build-arg PYACI_SOURCE=. .
# You can only specify '.' as PYACI_SOURCE
#

FROM python:2.7-alpine
ARG PYACI_SOURCE=https://github.com/datacenter/pyaci/archive/master.zip

RUN apk add --update build-base
RUN apk add --update libffi-dev libxml2-dev libxslt-dev openssl openssl-dev

WORKDIR /localws

#hadolint ignore=DL3013
RUN pip install -U pip
COPY . $WORKDIR
#hadolint ignore=DL3013
RUN pip install $PYACI_SOURCE

COPY meta/aci-meta.limited.json /root/.aci-meta/aci-meta.limited.json
RUN cd /root/.aci-meta && ln -s aci-meta.limited.json aci-meta.json

```

## Example Build Error
```> [7/9] RUN pip install https://github.com/datacenter/pyaci/archive/master.zip:
  Getting requirements to build wheel: finished with status 'error'
  ERROR: Command errored out with exit status 1:
   command: /usr/local/bin/python /usr/local/lib/python2.7/site-packages/pip/_vendor/pep517/_in_process.py get_requires_for_build_wheel /tmp/tmpu656p8
       cwd: /tmp/pip-install-_TYrH8/pyyaml
  Complete output (46 lines):
  running egg_info
  creating lib/PyYAML.egg-info
  writing lib/PyYAML.egg-info/PKG-INFO
  writing top-level names to lib/PyYAML.egg-info/top_level.txt
  writing dependency_links to lib/PyYAML.egg-info/dependency_links.txt
  writing manifest file 'lib/PyYAML.egg-info/SOURCES.txt'
  Traceback (most recent call last):
    File "/usr/local/lib/python2.7/site-packages/pip/_vendor/pep517/_in_process.py", line 280, in <module>
      main()
    File "/usr/local/lib/python2.7/site-packages/pip/_vendor/pep517/_in_process.py", line 263, in main
      json_out['return_val'] = hook(**hook_input['kwargs'])
    File "/usr/local/lib/python2.7/site-packages/pip/_vendor/pep517/_in_process.py", line 114, in get_requires_for_build_wheel
      return hook(config_settings)
    File "/tmp/pip-build-env-NNhJPX/overlay/lib/python2.7/site-packages/setuptools/build_meta.py", line 146, in get_requires_for_build_wheel
      return self._get_build_requires(config_settings, requirements=['wheel'])
    File "/tmp/pip-build-env-NNhJPX/overlay/lib/python2.7/site-packages/setuptools/build_meta.py", line 127, in _get_build_requires
      self.run_setup()
    File "/tmp/pip-build-env-NNhJPX/overlay/lib/python2.7/site-packages/setuptools/build_meta.py", line 142, in run_setup
      exec(compile(code, __file__, 'exec'), locals())
    File "setup.py", line 295, in <module>
      python_requires='>=2.7, !=3.0.*, !=3.1.*, !=3.2.*, !=3.3.*, !=3.4.*, !=3.5.*',
    File "/tmp/pip-build-env-NNhJPX/overlay/lib/python2.7/site-packages/setuptools/__init__.py", line 162, in setup
      return distutils.core.setup(**attrs)
    File "/usr/local/lib/python2.7/distutils/core.py", line 151, in setup
      dist.run_commands()
    File "/usr/local/lib/python2.7/distutils/dist.py", line 953, in run_commands
      self.run_command(cmd)
    File "/usr/local/lib/python2.7/distutils/dist.py", line 972, in run_command
      cmd_obj.run()
    File "/tmp/pip-build-env-NNhJPX/overlay/lib/python2.7/site-packages/setuptools/command/egg_info.py", line 296, in run
      self.find_sources()
    File "/tmp/pip-build-env-NNhJPX/overlay/lib/python2.7/site-packages/setuptools/command/egg_info.py", line 303, in find_sources
      mm.run()
    File "/tmp/pip-build-env-NNhJPX/overlay/lib/python2.7/site-packages/setuptools/command/egg_info.py", line 534, in run
      self.add_defaults()
    File "/tmp/pip-build-env-NNhJPX/overlay/lib/python2.7/site-packages/setuptools/command/egg_info.py", line 570, in add_defaults
      sdist.add_defaults(self)
    File "/tmp/pip-build-env-NNhJPX/overlay/lib/python2.7/site-packages/setuptools/command/py36compat.py", line 36, in add_defaults
      self._add_defaults_ext()
    File "/tmp/pip-build-env-NNhJPX/overlay/lib/python2.7/site-packages/setuptools/command/py36compat.py", line 120, in _add_defaults_ext
      self.filelist.extend(build_ext.get_source_files())
    File "setup.py", line 201, in get_source_files
      self.cython_sources(ext.sources, ext)
    File "/usr/local/lib/python2.7/distutils/cmd.py", line 105, in __getattr__
      raise AttributeError, attr
  AttributeError: cython_sources
  ----------------------------------------
ERROR: Command errored out with exit status 1: /usr/local/bin/python /usr/local/lib/python2.7/site-packages/pip/_vendor/pep517/_in_process.py get_requires_for_build_wheel /tmp/tmpu656p8 Check the logs for full command output.
ERROR: process "/bin/sh -c pip install $PYACI_SOURCE" did not complete successfully: exit code: 1```

## Example Repair

### Repair 1
```FROM python:3.12-alpine
ARG PYACI_SOURCE=https://github.com/datacenter/pyaci/archive/master.zip

RUN apk add --update build-base
RUN apk add --update libffi-dev libxml2-dev libxslt-dev openssl openssl-dev

WORKDIR /localws

#hadolint ignore=DL3013
RUN pip install -U pip
COPY . $WORKDIR
#hadolint ignore=DL3013
RUN pip install $PYACI_SOURCE

COPY meta/aci-meta.limited.json /root/.aci-meta/aci-meta.limited.json
RUN cd /root/.aci-meta && ln -s aci-meta.limited.json aci-meta.json

```


# Example 3
## Example Dockerfile
```# Copyright 2013 Thatcher Peskens
#
# Licensed under the Apache License, Version 2.0 (the "License");
# you may not use this file except in compliance with the License.
# You may obtain a copy of the License at
#
#    http://www.apache.org/licenses/LICENSE-2.0
#
# Unless required by applicable law or agreed to in writing, software
# distributed under the License is distributed on an "AS IS" BASIS,
# WITHOUT WARRANTIES OR CONDITIONS OF ANY KIND, either express or implied.
# See the License for the specific language governing permissions and
# limitations under the License.

FROM alpine:latest

MAINTAINER Dockerfiles

# Install required packages and remove the apt packages cache when done.
#apk update && apk upgrade && \
RUN apk update 
RUN apk add bash \
	git \
	openssh \
	python3 \
	python3-dev \
	gcc \
	build-base \
	linux-headers \
	pcre-dev \
	postgresql-dev \
	musl-dev \
	libxml2-dev \
	libxslt-dev \
	nginx \
	curl \
	supervisor && \
	python3 -m ensurepip && \
    rm -r /usr/lib/python*/ensurepip && \
    pip3 install --upgrade pip setuptools && \
    rm -r /root/.cache && \
    pip3 install --upgrade pip setuptools && \
    rm -r /root/.cache

# install uwsgi now because it takes a little while
RUN pip3 install uwsgi

# setup all the configfiles
COPY nginx.conf /etc/nginx/nginx.conf
COPY nginx-app.conf /etc/nginx/sites-available/default
COPY supervisor-app.conf /etc/supervisor/conf.d/

# COPY requirements.txt and RUN pip install BEFORE adding the rest of your code, this will cause Docker's caching mechanism
# to prevent re-installing (all your) dependencies when you made a change a line or two in your app.
COPY app/requirements.txt /home/docker/code/app/
RUN pip3 install -r /home/docker/code/app/requirements.txt

# add (the rest of) our code
COPY . /home/docker/code/

# install django, normally you would remove this step because your project would already
# be installed in the code/app/ directory
# RUN django-admin.py startproject website /home/docker/code/app/

WORKDIR /home/docker/
EXPOSE 8113
CMD ["supervisord", "-n", "-c", "/home/docker/code/supervisor-app.conf"]

```

## Example Build Error
```> [ 3/11] RUN apk add bash 	git 	openssh 	python3 	python3-dev 	gcc 	build-base 	linux-headers 	pcre-dev 	postgresql-dev 	musl-dev 	libxml2-dev 	libxslt-dev 	nginx 	curl 	supervisor && 	python3 -m ensurepip &&     rm -r /usr/lib/python*/ensurepip &&     pip3 install --upgrade pip setuptools &&     rm -r /root/.cache &&     pip3 install --upgrade pip setuptools &&     rm -r /root/.cache:
error: externally-managed-environment
× This environment is externally managed
╰─> 
    The system-wide python installation should be maintained using the system
    package manager (apk) only.
    
    If the package in question is not packaged already (and hence installable via
    "apk add py3-somepackage"), please consider installing it inside a virtual
    environment, e.g.:
    
    python3 -m venv /path/to/venv
    . /path/to/venv/bin/activate
    pip install mypackage
    
    To exit the virtual environment, run:
    
    deactivate
    
    The virtual environment is not deleted, and can be re-entered by re-sourcing
    the activate file.
    
    To automatically manage virtual environments, consider using pipx (from the
    pipx package).
note: If you believe this is a mistake, please contact your Python installation or OS distribution provider. You can override this, at the risk of breaking your Python installation or OS, by passing --break-system-packages.
hint: See PEP 668 for the detailed specification.
Traceback (most recent call last):
  File "<frozen runpy>", line 198, in _run_module_as_main
  File "<frozen runpy>", line 88, in _run_code
  File "/usr/lib/python3.11/ensurepip/__main__.py", line 5, in <module>
    sys.exit(ensurepip._main())
             ^^^^^^^^^^^^^^^^^
  File "/usr/lib/python3.11/ensurepip/__init__.py", line 286, in _main
    return _bootstrap(
           ^^^^^^^^^^^
  File "/usr/lib/python3.11/ensurepip/__init__.py", line 202, in _bootstrap
    return _run_pip([*args, *_PACKAGE_NAMES], additional_paths)
           ^^^^^^^^^^^^^^^^^^^^^^^^^^^^^^^^^^^^^^^^^^^^^^^^^^^^
  File "/usr/lib/python3.11/ensurepip/__init__.py", line 103, in _run_pip
    return subprocess.run(cmd, check=True).returncode
           ^^^^^^^^^^^^^^^^^^^^^^^^^^^^^^^
  File "/usr/lib/python3.11/subprocess.py", line 571, in run
    raise CalledProcessError(retcode, process.args,
subprocess.CalledProcessError: Command '['/usr/bin/python3', '-W', 'ignore::DeprecationWarning', '-c', '\nimport runpy\nimport sys\nsys.path = [\'/tmp/tmprolh5n5a/setuptools-65.5.0-py3-none-any.whl\', \'/tmp/tmprolh5n5a/pip-23.2.1-py3-none-any.whl\'] + sys.path\nsys.argv[1:] = [\'install\', \'--no-cache-dir\', \'--no-index\', \'--find-links\', \'/tmp/tmprolh5n5a\', \'setuptools\', \'pip\']\nrunpy.run_module("pip", run_name="__main__", alter_sys=True)\n']' returned non-zero exit status 1.
ERROR: process "/bin/sh -c apk add bash \tgit \topenssh \tpython3 \tpython3-dev \tgcc \tbuild-base \tlinux-headers \tpcre-dev \tpostgresql-dev \tmusl-dev \tlibxml2-dev \tlibxslt-dev \tnginx \tcurl \tsupervisor && \tpython3 -m ensurepip &&     rm -r /usr/lib/python*/ensurepip &&     pip3 install --upgrade pip setuptools &&     rm -r /root/.cache &&     pip3 install --upgrade pip setuptools &&     rm -r /root/.cache" did not complete successfully: exit code: 1```

## Example Repair

### Repair 1
```# Copyright 2013 Thatcher Peskens
#
# Licensed under the Apache License, Version 2.0 (the "License");
# you may not use this file except in compliance with the License.
# You may obtain a copy of the License at
#
#    http://www.apache.org/licenses/LICENSE-2.0
#
# Unless required by applicable law or agreed to in writing, software
# distributed under the License is distributed on an "AS IS" BASIS,
# WITHOUT WARRANTIES OR CONDITIONS OF ANY KIND, either express or implied.
# See the License for the specific language governing permissions and
# limitations under the License.

FROM alpine:latest


# Install required packages and remove the apt packages cache when done.
#apk update && apk upgrade && \
RUN apk update 
RUN apk add bash \
	git \
	openssh \
	python3 \
	python3-dev \
	gcc \
	build-base \
	linux-headers \
	pcre-dev \
	postgresql-dev \
	musl-dev \
	libxml2-dev \
	libxslt-dev \
	nginx \
	curl \
	supervisor

RUN python3 -m venv /venv
ENV VIRTUAL_ENV=/venv
ENV PATH="$VIRTUAL_ENV/bin:$PATH"

RUN pip install --upgrade pip setuptools && \
	rm -r /root/.cache

# install uwsgi now because it takes a little while
RUN pip install uwsgi

# setup all the configfiles
COPY nginx.conf /etc/nginx/nginx.conf
COPY nginx-app.conf /etc/nginx/sites-available/default
COPY supervisor-app.conf /etc/supervisor/conf.d/

# COPY requirements.txt and RUN pip install BEFORE adding the rest of your code, this will cause Docker's caching mechanism
# to prevent re-installing (all your) dependencies when you made a change a line or two in your app.
COPY app/requirements.txt /home/docker/code/app/
RUN pip install -r /home/docker/code/app/requirements.txt

# add (the rest of) our code
COPY . /home/docker/code/

# install django, normally you would remove this step because your project would already
# be installed in the code/app/ directory
# RUN django-admin.py startproject website /home/docker/code/app/

WORKDIR /home/docker/
EXPOSE 8113
CMD ["supervisord", "-n", "-c", "/home/docker/code/supervisor-app.conf"]

```


### Repair 2
```# Copyright 2013 Thatcher Peskens
#
# Licensed under the Apache License, Version 2.0 (the "License");
# you may not use this file except in compliance with the License.
# You may obtain a copy of the License at
#
#    http://www.apache.org/licenses/LICENSE-2.0
#
# Unless required by applicable law or agreed to in writing, software
# distributed under the License is distributed on an "AS IS" BASIS,
# WITHOUT WARRANTIES OR CONDITIONS OF ANY KIND, either express or implied.
# See the License for the specific language governing permissions and
# limitations under the License.

FROM alpine:latest


# Install required packages and remove the apt packages cache when done.
#apk update && apk upgrade && \
RUN apk update 
RUN apk add bash \
	git \
	openssh \
	python3 \
	python3-dev \
	gcc \
	build-base \
	linux-headers \
	pcre-dev \
	postgresql-dev \
	musl-dev \
	libxml2-dev \
	libxslt-dev \
	nginx \
	curl \
	supervisor

RUN rm /usr/lib/python*/EXTERNALLY-MANAGED && \
	python3 -m ensurepip && \
	rm -r /usr/lib/python*/ensurepip && \
	pip3 install --upgrade pip setuptools && \
	rm -r /root/.cache && \
	pip3 install --upgrade pip setuptools && \
	rm -r /root/.cache

# install uwsgi now because it takes a little while
RUN pip3 install uwsgi

# setup all the configfiles
COPY nginx.conf /etc/nginx/nginx.conf
COPY nginx-app.conf /etc/nginx/sites-available/default
COPY supervisor-app.conf /etc/supervisor/conf.d/

# COPY requirements.txt and RUN pip install BEFORE adding the rest of your code, this will cause Docker's caching mechanism
# to prevent re-installing (all your) dependencies when you made a change a line or two in your app.
COPY app/requirements.txt /home/docker/code/app/
RUN pip3 install -r /home/docker/code/app/requirements.txt

# add (the rest of) our code
COPY . /home/docker/code/

# install django, normally you would remove this step because your project would already
# be installed in the code/app/ directory
# RUN django-admin.py startproject website /home/docker/code/app/

WORKDIR /home/docker/
EXPOSE 8113
CMD ["supervisord", "-n", "-c", "/home/docker/code/supervisor-app.conf"]

```

Your task is to repair the Dockerfile based on the Dockerfile and its build error provided alongside the examples provided for you for as demonstrations. To solve the problem, and based on the information provided, first, you should diagnose which part is causing the flakiness and why. Then, according to the characteristics of that flakiness, repair the Dockerfile. the output Dockerfile must be within five angle brackets:
    <<<<<
    Dockerfile content 
    >>>>>
