
Below is the flaky Dockerfile:

# Dockerfile
```FROM alpine:3.2
MAINTAINER Nguyen Sy Thanh Son <thanhson1085@gmail.com>

ENV NODE_VERSION=v4.2.2 NPM_VERSION=2.14.2

RUN apk add --update git curl make gcc g++ python linux-headers libgcc libstdc++ binutils-gold && \
    curl -sSL https://nodejs.org/dist/${NODE_VERSION}/node-${NODE_VERSION}.tar.gz | tar -xz && \
    cd /node-${NODE_VERSION} && \
    ./configure --prefix=/usr --without-snapshot --fully-static && \
    make -j$(grep -c ^processor /proc/cpuinfo 2>/dev/null || 1) && \
    make install && \
    cd / && \
    npm install -g npm@${NPM_VERSION} && \
    apk del gcc g++ linux-headers libgcc libstdc++ binutils-gold && \
    rm -rf /etc/ssl /node-${NODE_VERSION} /usr/include \
    /usr/share/man /tmp/* /var/cache/apk/* /root/.npm /root/.node-gyp \
    /usr/lib/node_modules/npm/man /usr/lib/node_modules/npm/doc /usr/lib/node_modules/npm/html

WORKDIR /build
COPY ./package.json /build/package.json

RUN npm install

ADD . /build

# run app
CMD ["node", "index.js"]
```

And below is the build error that occurred when trying to build the Dockerfile:
# Build Error
```> [5/6] RUN npm install:
make: *** [Release/obj.target/tree_sitter_json_binding/src/parser.o] Error 127
tree_sitter_json_binding.target.mk:96: recipe for target 'Release/obj.target/tree_sitter_json_binding/src/parser.o' failed
make: Leaving directory '/build/node_modules/swagger-ui/node_modules/swagger-client/node_modules/@swagger-api/apidom-reference/node_modules/@swagger-api/apidom-parser-adapter-json/node_modules/tree-sitter-json/build'
gyp ERR! build error 
gyp ERR! stack Error: `make` failed with exit code: 2
gyp ERR! stack     at ChildProcess.onExit (/usr/lib/node_modules/npm/node_modules/node-gyp/lib/build.js:269:23)
gyp ERR! stack     at emitTwo (events.js:87:13)
gyp ERR! stack     at ChildProcess.emit (events.js:172:7)
gyp ERR! stack     at Process.ChildProcess._handle.onexit (internal/child_process.js:200:12)
gyp ERR! System Linux 3.10.0-1160.31.1.el7.x86_64
gyp ERR! command "/usr/bin/node" "/usr/lib/node_modules/npm/node_modules/node-gyp/bin/node-gyp.js" "rebuild"
gyp ERR! cwd /build/node_modules/swagger-ui/node_modules/swagger-client/node_modules/@swagger-api/apidom-reference/node_modules/@swagger-api/apidom-parser-adapter-json/node_modules/tree-sitter-json
gyp ERR! node -v v4.2.2
gyp ERR! node-gyp -v v2.0.2
gyp ERR! not ok 
make: *** [Release/obj.target/tree_sitter_yaml_binding/bindings/node/binding.o] Error 127
gyp ERR! build error 
gyp ERR! stack Error: `make` failed with exit code: 2
gyp ERR! stack     at ChildProcess.onExit (/usr/lib/node_modules/npm/node_modules/node-gyp/lib/build.js:269:23)
gyp ERR! stack     at emitTwo (events.js:87:13)
gyp ERR! stack     at ChildProcess.emit (events.js:172:7)
gyp ERR! stack     at Process.ChildProcess._handle.onexit (internal/child_process.js:200:12)
gyp ERR! System Linux 3.10.0-1160.31.1.el7.x86_64
gyp ERR! command "/usr/bin/node" "/usr/lib/node_modules/npm/node_modules/node-gyp/bin/node-gyp.js" "rebuild"
gyp ERR! cwd /build/node_modules/swagger-ui/node_modules/swagger-client/node_modules/@swagger-api/apidom-reference/node_modules/@swagger-api/apidom-parser-adapter-yaml-1-2/node_modules/tree-sitter-yaml
gyp ERR! node -v v4.2.2
gyp ERR! node-gyp -v v2.0.2
gyp ERR! not ok 
SyntaxError: Unexpected token {
    at exports.runInThisContext (vm.js:53:16)
    at Module._compile (module.js:414:25)
    at Object.Module._extensions..js (module.js:442:10)
    at Module.load (module.js:356:32)
    at Function.Module._load (module.js:311:12)
    at Module.require (module.js:366:17)
    at require (module.js:385:17)
    at Object.<anonymous> (/build/node_modules/swagger-ui/node_modules/swagger-client/node_modules/@swagger-api/apidom-reference/node_modules/@swagger-api/apidom-parser-adapter-json/node_modules/tree-sitter/node_modules/prebuild-install/node_modules/node-abi/node_modules/semver/index.js:2:20)
    at Module._compile (module.js:435:26)
    at Object.Module._extensions..js (module.js:442:10)
make: *** [Release/obj.target/tree_sitter/vendor/tree-sitter/lib/src/lib.o] Error 127
make: Leaving directory '/build/node_modules/swagger-ui/node_modules/swagger-client/node_modules/@swagger-api/apidom-reference/node_modules/@swagger-api/apidom-parser-adapter-json/node_modules/tree-sitter/build'
gyp ERR! build error 
gyp ERR! stack Error: `make` failed with exit code: 2
gyp ERR! stack     at ChildProcess.onExit (/usr/lib/node_modules/npm/node_modules/node-gyp/lib/build.js:269:23)
gyp ERR! stack     at emitTwo (events.js:87:13)
gyp ERR! stack     at ChildProcess.emit (events.js:172:7)
gyp ERR! stack     at Process.ChildProcess._handle.onexit (internal/child_process.js:200:12)
gyp ERR! System Linux 3.10.0-1160.31.1.el7.x86_64
gyp ERR! command "/usr/bin/node" "/usr/lib/node_modules/npm/node_modules/node-gyp/bin/node-gyp.js" "rebuild"
gyp ERR! cwd /build/node_modules/swagger-ui/node_modules/swagger-client/node_modules/@swagger-api/apidom-reference/node_modules/@swagger-api/apidom-parser-adapter-json/node_modules/tree-sitter
gyp ERR! node -v v4.2.2
gyp ERR! node-gyp -v v2.0.2
gyp ERR! not ok 
> tree-sitter@0.install /build/node_modules/swagger-ui/node_modules/swagger-client/node_modules/@swagger-api/apidom-reference/node_modules/@swagger-api/apidom-parser-adapter-yaml-1-2/node_modules/tree-sitter
> prebuild-install || node-gyp rebuild
SyntaxError: Unexpected token {
    at exports.runInThisContext (vm.js:53:16)
    at Module._compile (module.js:414:25)
    at Object.Module._extensions..js (module.js:442:10)
    at Module.load (module.js:356:32)
    at Function.Module._load (module.js:311:12)
    at Module.require (module.js:366:17)
    at require (module.js:385:17)
    at Object.<anonymous> (/build/node_modules/swagger-ui/node_modules/swagger-client/node_modules/@swagger-api/apidom-reference/node_modules/@swagger-api/apidom-parser-adapter-yaml-1-2/node_modules/tree-sitter/node_modules/prebuild-install/node_modules/node-abi/node_modules/semver/index.js:2:20)
    at Module._compile (module.js:435:26)
    at Object.Module._extensions..js (module.js:442:10)
make: *** [Release/obj.target/tree_sitter/vendor/tree-sitter/lib/src/lib.o] Error 127
tree_sitter.target.mk:90: recipe for target 'Release/obj.target/tree_sitter/vendor/tree-sitter/lib/src/lib.o' failed
make: Leaving directory '/build/node_modules/swagger-ui/node_modules/swagger-client/node_modules/@swagger-api/apidom-reference/node_modules/@swagger-api/apidom-parser-adapter-yaml-1-2/node_modules/tree-sitter/build'
gyp ERR! build error 
gyp ERR! stack Error: `make` failed with exit code: 2
gyp ERR! stack     at ChildProcess.onExit (/usr/lib/node_modules/npm/node_modules/node-gyp/lib/build.js:269:23)
gyp ERR! stack     at emitTwo (events.js:87:13)
gyp ERR! stack     at ChildProcess.emit (events.js:172:7)
gyp ERR! stack     at Process.ChildProcess._handle.onexit (internal/child_process.js:200:12)
gyp ERR! System Linux 3.10.0-1160.31.1.el7.x86_64
gyp ERR! command "/usr/bin/node" "/usr/lib/node_modules/npm/node_modules/node-gyp/bin/node-gyp.js" "rebuild"
gyp ERR! cwd /build/node_modules/swagger-ui/node_modules/swagger-client/node_modules/@swagger-api/apidom-reference/node_modules/@swagger-api/apidom-parser-adapter-yaml-1-2/node_modules/tree-sitter
gyp ERR! node -v v4.2.2
gyp ERR! node-gyp -v v2.0.2
gyp ERR! not ok 
npm WARN optional dep failed, continuing @swagger-api/apidom-parser-adapter-json@1.0.0-alpha.6
npm WARN optional dep failed, continuing @swagger-api/apidom-parser-adapter-yaml-1-2@1.0.0-alpha.6
npm ERR! Linux 3.10.0-1160.31.1.el7.x86_64
npm ERR! argv "/usr/bin/node" "/usr/bin/npm" "install"
npm ERR! node v4.2.2
npm ERR! npm  v2.14.2
npm ERR! path /build/node_modules/swagger-ui/node_modules/swagger-client/node_modules/@swagger-api/apidom-json-pointer/node_modules/@types/ramda/package.json
npm ERR! code ENOTDIR
npm ERR! errno -20
npm ERR! syscall open
npm ERR! ENOTDIR: not a directory, open '/build/node_modules/swagger-ui/node_modules/swagger-client/node_modules/@swagger-api/apidom-json-pointer/node_modules/@types/ramda/package.json'
npm ERR! 
npm ERR! If you need help, you may report this error at:
npm ERR!     <https://github.com/npm/npm/issues>
npm ERR! Please include the following file with any support request:
npm ERR!     /build/npm-debug.log
ERROR: process "/bin/sh -c npm install" did not complete successfully: exit code: 236```

Below are a few examples of dockerfiles and their build errors alongside their repairs. These examples are provided to help you understand the task better.

# Example 1
## Example Dockerfile
```FROM node:7-onbuild

ENV PORT 8080
EXPOSE 8080

# Set this variable to the name of your production config file (without the extension)
ENV NODE_ENV default

# Set this variable to the value of the secret field of the Github webhook
ENV WEBHOOK_SECRET ''

```

## Example Build Error
```> [3/1] RUN npm install && npm cache clean --force:
npm WARN node-fetch@2.requires a peer of encoding@^0.but none was installed.
npm WARN autobounty@1.No repository field.
npm ERR! Linux 3.10.0-1127.10.1.el7.x86_64
npm ERR! argv "/usr/local/bin/node" "/usr/local/bin/npm" "install"
npm ERR! node v7.10.1
npm ERR! npm  v4.2.0
npm ERR! path /usr/src/app/node_modules/.staging/@types/triple-beam-c220f220/package.json
npm ERR! code ENOTDIR
npm ERR! errno -20
npm ERR! syscall open
npm ERR! ENOTDIR: not a directory, open '/usr/src/app/node_modules/.staging/@types/triple-beam-c220f220/package.json'
npm ERR! 
npm ERR! If you need help, you may report this error at:
npm ERR!     <https://github.com/npm/npm/issues>
npm ERR! Please include the following file with any support request:
npm ERR!     /root/.npm/_logs/2023-09-30T17_01_50_679Z-debug.log
ERROR: process "/bin/sh -c npm install && npm cache clean --force" did not complete successfully: exit code: 236```

## Example Repair

### Repair 1
```FROM node:16

ENV PORT 8080
EXPOSE 8080

WORKDIR /usr/src/app
COPY package.json ./

RUN npm install && npm cache clean --force

COPY . .

ENV NODE_ENV default
ENV WEBHOOK_SECRET ''

CMD ["npm", "start"]
```


# Example 2
## Example Dockerfile
```FROM node:9-alpine

MAINTAINER mrcode "mrcodehang@outlook.com"

WORKDIR /src

COPY . /src

RUN npm install -g yarn && yarn install

EXPOSE 3000

ENTRYPOINT ["npm", "start"]

```

## Example Build Error
```> [4/4] RUN npm install -g yarn && yarn install:
> yarn@1.preinstall /usr/local/lib/node_modules/yarn
> :; (node ./preinstall.js > /dev/null 2>&1 || true)
/usr/local/bin/yarnpkg -> /usr/local/lib/node_modules/yarn/bin/yarn.js
/usr/local/bin/yarn -> /usr/local/lib/node_modules/yarn/bin/yarn.js
+ yarn@1.22.19
added 1 package in 1.664s
/bin/sh: yarn: Permission denied
ERROR: process "/bin/sh -c npm install -g yarn && yarn install" did not complete successfully: exit code: 126```

## Example Repair

### Repair 1
```FROM node:9-alpine

MAINTAINER mrcode "mrcodehang@outlook.com"

WORKDIR /src

COPY . /src

USER root
RUN npm install -g yarn && yarn install

EXPOSE 3000

ENTRYPOINT ["npm", "start"]

```


### Repair 2
```FROM node:20.15.0-alpine

MAINTAINER mrcode "mrcodehang@outlook.com"

WORKDIR /src

COPY . /src

RUN npm install -g yarn && yarn install

EXPOSE 3000

ENTRYPOINT ["npm", "start"]

```


# Example 3
## Example Dockerfile
```FROM node:boron

# Create app directory
RUN mkdir -p /usr/src/app
WORKDIR /usr/src/app

# Install app dependencies
COPY package.json /usr/src/app
RUN npm install

# Bundle app source
COPY . /usr/src/app

EXPOSE 8080
CMD [ "npm", "start" ]

```

## Example Build Error
```> [5/6] RUN npm install:
SUSI-Bot@1./usr/src/app
npm WARN SUSI-Bot@1.No repository field.
npm WARN SUSI-Bot@1.No license field.
npm ERR! Linux 3.10.0-1160.88.1.el7.x86_64
npm ERR! argv "/usr/local/bin/node" "/usr/local/bin/npm" "install"
npm ERR! node v6.17.1
npm ERR! npm  v3.10.10
npm ERR! path /usr/src/app/node_modules/.staging/@types/connect-f4c8cb8c/package.json
npm ERR! code ENOTDIR
npm ERR! errno -20
npm ERR! syscall open
npm ERR! ENOTDIR: not a directory, open '/usr/src/app/node_modules/.staging/@types/connect-f4c8cb8c/package.json'
npm ERR! 
npm ERR! If you need help, you may report this error at:
npm ERR!     <https://github.com/npm/npm/issues>
npm ERR! Please include the following file with any support request:
npm ERR!     /usr/src/app/npm-debug.log
ERROR: process "/bin/sh -c npm install" did not complete successfully: exit code: 236```

## Example Repair

### Repair 1
```FROM node:14

# Create app directory
RUN mkdir -p /usr/src/app
WORKDIR /usr/src/app

# Install app dependencies
COPY package.json /usr/src/app
RUN npm cache clean --force
RUN npm install

# Bundle app source
COPY . /usr/src/app

EXPOSE 8080
CMD [ "npm", "start" ]
```

Below are a few false repairs that an LLM previously made by mistake for the input flaky Dockerfile along with their build outputs as further demonstrations. These examples are provided to help you understand the task better and to avoid making the same mistakes. So, do not generate the exact false repair generated previously, but you can get ideas from them.

# False Repair 1
## False Repair Dockerfile
```FROM alpine:3.2
MAINTAINER Nguyen Sy Thanh Son <thanhson1085@gmail.com>

ENV NODE_VERSION=v14.17.0 NPM_VERSION=6.14.13

RUN apk add --update git curl make gcc g++ python linux-headers libgcc libstdc++ binutils-gold && \
    curl -sSL https://nodejs.org/dist/${NODE_VERSION}/node-${NODE_VERSION}.tar.gz | tar -xz && \
    cd /node-${NODE_VERSION} && \
    ./configure --prefix=/usr --without-snapshot --fully-static && \
    make -j$(grep -c ^processor /proc/cpuinfo 2>/dev/null || 1) && \
    make install && \
    cd / && \
    npm install -g npm@${NPM_VERSION} && \
    apk del gcc g++ linux-headers libgcc libstdc++ binutils-gold && \
    rm -rf /etc/ssl /node-${NODE_VERSION} /usr/include \
    /usr/share/man /tmp/* /var/cache/apk/* /root/.npm /root/.node-gyp \
    /usr/lib/node_modules/npm/man /usr/lib/node_modules/npm/doc /usr/lib/node_modules/npm/html

WORKDIR /build
COPY ./package.json /build/package.json

RUN npm install

ADD . /build

# run app
CMD ["node", "index.js"]```

## False Repair Build Output
```> [2/6] RUN apk add --update git curl make gcc g++ python linux-headers libgcc libstdc++ binutils-gold &&     curl -sSL https://nodejs.org/dist/v14.17.0/node-v14.17.0.tar.gz | tar -xz &&     cd /node-v14.17.0 &&     ./configure --prefix=/usr --without-snapshot --fully-static &&     make -j$(grep -c ^processor /proc/cpuinfo 2>/dev/null || 1) &&     make install &&     cd / &&     npm install -g npm@6.14.13 &&     apk del gcc g++ linux-headers libgcc libstdc++ binutils-gold &&     rm -rf /etc/ssl /node-v14.17.0 /usr/include     /usr/share/man /tmp/* /var/cache/apk/* /root/.npm /root/.node-gyp     /usr/lib/node_modules/npm/man /usr/lib/node_modules/npm/doc /usr/lib/node_modules/npm/html:
71.52 /usr/include/c++/4.9.2/bits/unique_ptr.h:220:2: note: initializing argument 1 of 'std::unique_ptr<_Tp, _Dp>::unique_ptr(std::unique_ptr<_Up, _Ep>&&) [with _Up = v8::platform::DefaultPlatform; _Ep = std::default_delete<v8::platform::DefaultPlatform>; <template-parameter-2-3> = void; _Tp = v8::Platform; _Dp = std::default_delete<v8::Platform>]'
71.52   unique_ptr(unique_ptr<_Up, _Ep>&& __u) noexcept
71.52   ^
71.78 make[1]: *** [/node-v14.17.0/out/Release/obj.target/v8_libsampler/deps/v8/src/libsampler/sampler.o] Error 1
71.78 tools/v8_gypfiles/v8_libsampler.target.mk:128: recipe for target '/node-v14.17.0/out/Release/obj.target/v8_libsampler/deps/v8/src/libsampler/sampler.o' failed
71.84 make[1]: *** [/node-v14.17.0/out/Release/obj.target/v8_libplatform/deps/v8/src/libplatform/default-platform.o] Error 1
71.84 tools/v8_gypfiles/v8_libplatform.target.mk:139: recipe for target '/node-v14.17.0/out/Release/obj.target/v8_libplatform/deps/v8/src/libplatform/default-platform.o' failed
71.84 rm ecfcb85afa90dc5ceff19186382840b8fa425e59.intermediate
71.84 Makefile:104: recipe for target 'node' failed
71.84 make: *** [node] Error 2
ERROR: process "/bin/sh -c apk add --update git curl make gcc g++ python linux-headers libgcc libstdc++ binutils-gold &&     curl -sSL https://nodejs.org/dist/${NODE_VERSION}/node-${NODE_VERSION}.tar.gz | tar -xz &&     cd /node-${NODE_VERSION} &&     ./configure --prefix=/usr --without-snapshot --fully-static &&     make -j$(grep -c ^processor /proc/cpuinfo 2>/dev/null || 1) &&     make install &&     cd / &&     npm install -g npm@${NPM_VERSION} &&     apk del gcc g++ linux-headers libgcc libstdc++ binutils-gold &&     rm -rf /etc/ssl /node-${NODE_VERSION} /usr/include     /usr/share/man /tmp/* /var/cache/apk/* /root/.npm /root/.node-gyp     /usr/lib/node_modules/npm/man /usr/lib/node_modules/npm/doc /usr/lib/node_modules/npm/html" did not complete successfully: exit code: 2```


# False Repair 2
## False Repair Dockerfile
```FROM alpine:3.2
MAINTAINER Nguyen Sy Thanh Son <thanhson1085@gmail.com>

ENV NODE_VERSION=v14.17.0 NPM_VERSION=6.14.13

RUN apk add --update git curl make gcc g++ python linux-headers libgcc libstdc++ binutils-gold && \
    curl -sSL https://nodejs.org/dist/${NODE_VERSION}/node-${NODE_VERSION}.tar.gz | tar -xz && \
    cd /node-${NODE_VERSION} && \
    ./configure --prefix=/usr --without-snapshot --fully-static && \
    make -j$(grep -c ^processor /proc/cpuinfo 2>/dev/null || 1) && \
    make install && \
    cd / && \
    npm install -g npm@${NPM_VERSION} && \
    apk del gcc g++ linux-headers libgcc libstdc++ binutils-gold && \
    rm -rf /etc/ssl /node-${NODE_VERSION} /usr/include \
    /usr/share/man /tmp/* /var/cache/apk/* /root/.npm /root/.node-gyp \
    /usr/lib/node_modules/npm/man /usr/lib/node_modules/npm/doc /usr/lib/node_modules/npm/html

WORKDIR /build
COPY ./package.json /build/package.json

RUN apk add --no-cache --virtual .build-deps make gcc g++ python && \
    npm install && \
    apk del .build-deps

ADD . /build

# run app
CMD ["node", "index.js"]```

## False Repair Build Output
```> [2/6] RUN apk add --update git curl make gcc g++ python linux-headers libgcc libstdc++ binutils-gold &&     curl -sSL https://nodejs.org/dist/v14.17.0/node-v14.17.0.tar.gz | tar -xz &&     cd /node-v14.17.0 &&     ./configure --prefix=/usr --without-snapshot --fully-static &&     make -j$(grep -c ^processor /proc/cpuinfo 2>/dev/null || 1) &&     make install &&     cd / &&     npm install -g npm@6.14.13 &&     apk del gcc g++ linux-headers libgcc libstdc++ binutils-gold &&     rm -rf /etc/ssl /node-v14.17.0 /usr/include     /usr/share/man /tmp/* /var/cache/apk/* /root/.npm /root/.node-gyp     /usr/lib/node_modules/npm/man /usr/lib/node_modules/npm/doc /usr/lib/node_modules/npm/html:
72.52 /usr/include/c++/4.9.2/bits/unique_ptr.h:220:2: note: initializing argument 1 of 'std::unique_ptr<_Tp, _Dp>::unique_ptr(std::unique_ptr<_Up, _Ep>&&) [with _Up = v8::platform::DefaultPlatform; _Ep = std::default_delete<v8::platform::DefaultPlatform>; <template-parameter-2-3> = void; _Tp = v8::Platform; _Dp = std::default_delete<v8::Platform>]'
72.52   unique_ptr(unique_ptr<_Up, _Ep>&& __u) noexcept
72.52   ^
72.84 make[1]: *** [/node-v14.17.0/out/Release/obj.target/v8_libplatform/deps/v8/src/libplatform/default-platform.o] Error 1
72.84 tools/v8_gypfiles/v8_libplatform.target.mk:139: recipe for target '/node-v14.17.0/out/Release/obj.target/v8_libplatform/deps/v8/src/libplatform/default-platform.o' failed
72.86 make[1]: *** [/node-v14.17.0/out/Release/obj.target/v8_libsampler/deps/v8/src/libsampler/sampler.o] Error 1
72.86 tools/v8_gypfiles/v8_libsampler.target.mk:128: recipe for target '/node-v14.17.0/out/Release/obj.target/v8_libsampler/deps/v8/src/libsampler/sampler.o' failed
72.86 rm ecfcb85afa90dc5ceff19186382840b8fa425e59.intermediate
72.86 Makefile:104: recipe for target 'node' failed
72.86 make: *** [node] Error 2
ERROR: process "/bin/sh -c apk add --update git curl make gcc g++ python linux-headers libgcc libstdc++ binutils-gold &&     curl -sSL https://nodejs.org/dist/${NODE_VERSION}/node-${NODE_VERSION}.tar.gz | tar -xz &&     cd /node-${NODE_VERSION} &&     ./configure --prefix=/usr --without-snapshot --fully-static &&     make -j$(grep -c ^processor /proc/cpuinfo 2>/dev/null || 1) &&     make install &&     cd / &&     npm install -g npm@${NPM_VERSION} &&     apk del gcc g++ linux-headers libgcc libstdc++ binutils-gold &&     rm -rf /etc/ssl /node-${NODE_VERSION} /usr/include     /usr/share/man /tmp/* /var/cache/apk/* /root/.npm /root/.node-gyp     /usr/lib/node_modules/npm/man /usr/lib/node_modules/npm/doc /usr/lib/node_modules/npm/html" did not complete successfully: exit code: 2```

Your task is to repair the Dockerfile based on the Dockerfile and its build error provided alongside the examples provided for you for as demonstrations. To solve the problem, and based on the information provided, first, you should diagnose which part is causing the flakiness and why. Then, according to the characteristics of that flakiness, repair the Dockerfile. the output Dockerfile must be within five angle brackets:
    <<<<<
    Dockerfile content 
    >>>>>
