#0 building with "default" instance using docker driver

#1 [internal] load .dockerignore
#1 transferring context:
#1 transferring context: 174B done
#1 DONE 0.6s

#2 [internal] load build definition from v1_Dockerfile
#2 transferring dockerfile: 1.68kB done
#2 DONE 0.7s

#3 [internal] load metadata for docker.io/democracyos/democracyos:2.11.15
#3 DONE 0.4s

#4 [internal] load build context
#4 DONE 0.0s

#5 [1/6] FROM docker.io/democracyos/democracyos:2.11.15@sha256:8629a91a33df89c2fa267b93c5b7f4ec249dd0460c5224470ba8c90fef893e57
#5 resolve docker.io/democracyos/democracyos:2.11.15@sha256:8629a91a33df89c2fa267b93c5b7f4ec249dd0460c5224470ba8c90fef893e57 0.1s done
#5 sha256:8629a91a33df89c2fa267b93c5b7f4ec249dd0460c5224470ba8c90fef893e57 3.06kB / 3.06kB done
#5 sha256:4c7f7ff9ab244ff7fd5837a5aa26e7a934d26cd2e551dc22b63d7030f90a9fa7 10.52kB / 10.52kB done
#5 sha256:54f7e8ac135a5f502a6ee9537ef3d64b1cd2fa570dc0a40b4d3b6f7ac81e7486 4.19MB / 45.32MB 0.3s
#5 sha256:d6341e30912f12f56e18564a3b582853f65376766f5f9d641a68a724ed6db88f 0B / 10.74MB 0.3s
#5 ...

#4 [internal] load build context
#4 transferring context: 1.29MB 0.0s done
#4 DONE 0.6s

#5 [1/6] FROM docker.io/democracyos/democracyos:2.11.15@sha256:8629a91a33df89c2fa267b93c5b7f4ec249dd0460c5224470ba8c90fef893e57
#5 sha256:54f7e8ac135a5f502a6ee9537ef3d64b1cd2fa570dc0a40b4d3b6f7ac81e7486 22.02MB / 45.32MB 0.5s
#5 sha256:d6341e30912f12f56e18564a3b582853f65376766f5f9d641a68a724ed6db88f 5.24MB / 10.74MB 0.5s
#5 sha256:087a57faf9491b1b82a83e26bc8cc90c90c30e4a4d858b57ddd5b4c2c90095f6 0B / 4.34MB 0.5s
#5 sha256:54f7e8ac135a5f502a6ee9537ef3d64b1cd2fa570dc0a40b4d3b6f7ac81e7486 26.21MB / 45.32MB 0.6s
#5 sha256:d6341e30912f12f56e18564a3b582853f65376766f5f9d641a68a724ed6db88f 10.49MB / 10.74MB 0.6s
#5 sha256:087a57faf9491b1b82a83e26bc8cc90c90c30e4a4d858b57ddd5b4c2c90095f6 4.34MB / 4.34MB 0.7s
#5 sha256:54f7e8ac135a5f502a6ee9537ef3d64b1cd2fa570dc0a40b4d3b6f7ac81e7486 40.89MB / 45.32MB 0.8s
#5 sha256:54f7e8ac135a5f502a6ee9537ef3d64b1cd2fa570dc0a40b4d3b6f7ac81e7486 45.32MB / 45.32MB 0.9s
#5 sha256:d6341e30912f12f56e18564a3b582853f65376766f5f9d641a68a724ed6db88f 10.74MB / 10.74MB 0.8s done
#5 sha256:087a57faf9491b1b82a83e26bc8cc90c90c30e4a4d858b57ddd5b4c2c90095f6 4.34MB / 4.34MB 0.9s done
#5 sha256:0c1db95989906f161007d8ef2a6ef6e0ec64bc15bf2c993fd002edbdfc7aa7df 0B / 213.21MB 1.1s
#5 sha256:0c1db95989906f161007d8ef2a6ef6e0ec64bc15bf2c993fd002edbdfc7aa7df 18.87MB / 213.21MB 1.3s
#5 sha256:5d71636fb824265e30ff34bf20737c9cdc4f5af28b6bce86f08215c55b89bfab 2.10MB / 50.06MB 1.3s
#5 sha256:0c1db95989906f161007d8ef2a6ef6e0ec64bc15bf2c993fd002edbdfc7aa7df 30.41MB / 213.21MB 1.5s
#5 sha256:5d71636fb824265e30ff34bf20737c9cdc4f5af28b6bce86f08215c55b89bfab 12.58MB / 50.06MB 1.5s
#5 sha256:5d71636fb824265e30ff34bf20737c9cdc4f5af28b6bce86f08215c55b89bfab 18.87MB / 50.06MB 1.6s
#5 sha256:0c1db95989906f161007d8ef2a6ef6e0ec64bc15bf2c993fd002edbdfc7aa7df 41.94MB / 213.21MB 1.7s
#5 sha256:5d71636fb824265e30ff34bf20737c9cdc4f5af28b6bce86f08215c55b89bfab 31.46MB / 50.06MB 1.8s
#5 sha256:54f7e8ac135a5f502a6ee9537ef3d64b1cd2fa570dc0a40b4d3b6f7ac81e7486 45.32MB / 45.32MB 1.9s done
#5 sha256:0c1db95989906f161007d8ef2a6ef6e0ec64bc15bf2c993fd002edbdfc7aa7df 54.53MB / 213.21MB 2.0s
#5 sha256:5d71636fb824265e30ff34bf20737c9cdc4f5af28b6bce86f08215c55b89bfab 46.14MB / 50.06MB 2.0s
#5 sha256:89669bc2deb2e52ba42349c17168b131be9016eb9c6ef03cd98218fcd4b7a60e 0B / 4.17kB 2.0s
#5 sha256:5d71636fb824265e30ff34bf20737c9cdc4f5af28b6bce86f08215c55b89bfab 50.06MB / 50.06MB 2.1s
#5 sha256:89669bc2deb2e52ba42349c17168b131be9016eb9c6ef03cd98218fcd4b7a60e 4.17kB / 4.17kB 2.1s
#5 extracting sha256:54f7e8ac135a5f502a6ee9537ef3d64b1cd2fa570dc0a40b4d3b6f7ac81e7486 0.1s
#5 sha256:0c1db95989906f161007d8ef2a6ef6e0ec64bc15bf2c993fd002edbdfc7aa7df 67.11MB / 213.21MB 2.2s
#5 sha256:0c1db95989906f161007d8ef2a6ef6e0ec64bc15bf2c993fd002edbdfc7aa7df 81.79MB / 213.21MB 2.4s
#5 sha256:0c1db95989906f161007d8ef2a6ef6e0ec64bc15bf2c993fd002edbdfc7aa7df 108.00MB / 213.21MB 2.7s
#5 sha256:0c1db95989906f161007d8ef2a6ef6e0ec64bc15bf2c993fd002edbdfc7aa7df 127.93MB / 213.21MB 2.9s
#5 sha256:5d71636fb824265e30ff34bf20737c9cdc4f5af28b6bce86f08215c55b89bfab 50.06MB / 50.06MB 2.8s done
#5 sha256:89669bc2deb2e52ba42349c17168b131be9016eb9c6ef03cd98218fcd4b7a60e 4.17kB / 4.17kB 2.9s done
#5 sha256:e3699da74a586037d8d2595aeef6dabf380256f99ef1b142b8be833539e33feb 0B / 14.62MB 3.0s
#5 sha256:0c1db95989906f161007d8ef2a6ef6e0ec64bc15bf2c993fd002edbdfc7aa7df 143.65MB / 213.21MB 3.2s
#5 sha256:e3699da74a586037d8d2595aeef6dabf380256f99ef1b142b8be833539e33feb 7.34MB / 14.62MB 3.2s
#5 sha256:3b5785953bd7512471af7f252c0f8f01b1dbc786e07e3acd163d444b74bf7ab0 1.31MB / 1.31MB 3.2s
#5 sha256:e3699da74a586037d8d2595aeef6dabf380256f99ef1b142b8be833539e33feb 14.62MB / 14.62MB 3.3s
#5 sha256:3b5785953bd7512471af7f252c0f8f01b1dbc786e07e3acd163d444b74bf7ab0 1.31MB / 1.31MB 3.2s done
#5 sha256:cbdd06007df42670e4cf1b378438457e8725838c8b19c5a722cba0a8554069d3 0B / 144B 3.4s
#5 sha256:0c1db95989906f161007d8ef2a6ef6e0ec64bc15bf2c993fd002edbdfc7aa7df 160.43MB / 213.21MB 3.5s
#5 sha256:cbdd06007df42670e4cf1b378438457e8725838c8b19c5a722cba0a8554069d3 144B / 144B 3.5s
#5 sha256:e3699da74a586037d8d2595aeef6dabf380256f99ef1b142b8be833539e33feb 14.62MB / 14.62MB 3.6s done
#5 sha256:0c1db95989906f161007d8ef2a6ef6e0ec64bc15bf2c993fd002edbdfc7aa7df 178.26MB / 213.21MB 3.7s
#5 sha256:cbdd06007df42670e4cf1b378438457e8725838c8b19c5a722cba0a8554069d3 144B / 144B 3.6s done
#5 sha256:799fe7fca8d41c6cd83761a5ef12972c3c0061a0df90353f0290cc2e66875dda 0B / 2.49kB 3.8s
#5 sha256:fd451eae86220a9190825045eec295d8de430ff5936c0d30cb9f8138dcc5736c 0B / 68.18MB 3.8s
#5 sha256:0c1db95989906f161007d8ef2a6ef6e0ec64bc15bf2c993fd002edbdfc7aa7df 203.42MB / 213.21MB 4.0s
#5 sha256:799fe7fca8d41c6cd83761a5ef12972c3c0061a0df90353f0290cc2e66875dda 2.49kB / 2.49kB 3.8s done
#5 sha256:fd451eae86220a9190825045eec295d8de430ff5936c0d30cb9f8138dcc5736c 6.29MB / 68.18MB 4.0s
#5 sha256:dc76b68205ae2eeb88e963526fbd81f9ea4d22dc4b9c7d608ff0a7a86699ab6f 0B / 819.87kB 4.0s
#5 sha256:fd451eae86220a9190825045eec295d8de430ff5936c0d30cb9f8138dcc5736c 11.53MB / 68.18MB 4.1s
#5 sha256:dc76b68205ae2eeb88e963526fbd81f9ea4d22dc4b9c7d608ff0a7a86699ab6f 819.87kB / 819.87kB 4.1s
#5 sha256:fd451eae86220a9190825045eec295d8de430ff5936c0d30cb9f8138dcc5736c 17.83MB / 68.18MB 4.2s
#5 sha256:fd451eae86220a9190825045eec295d8de430ff5936c0d30cb9f8138dcc5736c 26.21MB / 68.18MB 4.3s
#5 sha256:dc76b68205ae2eeb88e963526fbd81f9ea4d22dc4b9c7d608ff0a7a86699ab6f 819.87kB / 819.87kB 4.2s done
#5 sha256:fd451eae86220a9190825045eec295d8de430ff5936c0d30cb9f8138dcc5736c 45.09MB / 68.18MB 4.5s
#5 sha256:fd451eae86220a9190825045eec295d8de430ff5936c0d30cb9f8138dcc5736c 55.28MB / 68.18MB 4.6s
#5 extracting sha256:54f7e8ac135a5f502a6ee9537ef3d64b1cd2fa570dc0a40b4d3b6f7ac81e7486 2.7s done
#5 sha256:fd451eae86220a9190825045eec295d8de430ff5936c0d30cb9f8138dcc5736c 68.18MB / 68.18MB 4.8s
#5 sha256:0c1db95989906f161007d8ef2a6ef6e0ec64bc15bf2c993fd002edbdfc7aa7df 213.21MB / 213.21MB 7.6s done
#5 sha256:d577be2a385fcf1fc3de6435417ac01fe9943f3c248498cdeba7cf0f7c76fe6c 1.64MB / 1.64MB 7.9s
#5 sha256:fd451eae86220a9190825045eec295d8de430ff5936c0d30cb9f8138dcc5736c 68.18MB / 68.18MB 8.7s done
#5 extracting sha256:d6341e30912f12f56e18564a3b582853f65376766f5f9d641a68a724ed6db88f
#5 sha256:d577be2a385fcf1fc3de6435417ac01fe9943f3c248498cdeba7cf0f7c76fe6c 1.64MB / 1.64MB 8.8s done
#5 extracting sha256:d6341e30912f12f56e18564a3b582853f65376766f5f9d641a68a724ed6db88f 0.5s done
#5 extracting sha256:087a57faf9491b1b82a83e26bc8cc90c90c30e4a4d858b57ddd5b4c2c90095f6
#5 extracting sha256:087a57faf9491b1b82a83e26bc8cc90c90c30e4a4d858b57ddd5b4c2c90095f6 0.2s done
#5 extracting sha256:5d71636fb824265e30ff34bf20737c9cdc4f5af28b6bce86f08215c55b89bfab
#5 extracting sha256:5d71636fb824265e30ff34bf20737c9cdc4f5af28b6bce86f08215c55b89bfab 3.2s done
#5 extracting sha256:0c1db95989906f161007d8ef2a6ef6e0ec64bc15bf2c993fd002edbdfc7aa7df
#5 extracting sha256:0c1db95989906f161007d8ef2a6ef6e0ec64bc15bf2c993fd002edbdfc7aa7df 5.1s
#5 extracting sha256:0c1db95989906f161007d8ef2a6ef6e0ec64bc15bf2c993fd002edbdfc7aa7df 10.1s
#5 extracting sha256:0c1db95989906f161007d8ef2a6ef6e0ec64bc15bf2c993fd002edbdfc7aa7df 11.8s done
#5 extracting sha256:89669bc2deb2e52ba42349c17168b131be9016eb9c6ef03cd98218fcd4b7a60e
#5 extracting sha256:89669bc2deb2e52ba42349c17168b131be9016eb9c6ef03cd98218fcd4b7a60e 0.1s done
#5 extracting sha256:e3699da74a586037d8d2595aeef6dabf380256f99ef1b142b8be833539e33feb
#5 extracting sha256:e3699da74a586037d8d2595aeef6dabf380256f99ef1b142b8be833539e33feb 3.7s done
#5 extracting sha256:3b5785953bd7512471af7f252c0f8f01b1dbc786e07e3acd163d444b74bf7ab0
#5 extracting sha256:3b5785953bd7512471af7f252c0f8f01b1dbc786e07e3acd163d444b74bf7ab0 0.2s done
#5 extracting sha256:cbdd06007df42670e4cf1b378438457e8725838c8b19c5a722cba0a8554069d3
#5 extracting sha256:cbdd06007df42670e4cf1b378438457e8725838c8b19c5a722cba0a8554069d3 done
#5 extracting sha256:799fe7fca8d41c6cd83761a5ef12972c3c0061a0df90353f0290cc2e66875dda
#5 extracting sha256:799fe7fca8d41c6cd83761a5ef12972c3c0061a0df90353f0290cc2e66875dda done
#5 extracting sha256:fd451eae86220a9190825045eec295d8de430ff5936c0d30cb9f8138dcc5736c
#5 extracting sha256:fd451eae86220a9190825045eec295d8de430ff5936c0d30cb9f8138dcc5736c 5.1s
#5 extracting sha256:fd451eae86220a9190825045eec295d8de430ff5936c0d30cb9f8138dcc5736c 7.1s done
#5 extracting sha256:dc76b68205ae2eeb88e963526fbd81f9ea4d22dc4b9c7d608ff0a7a86699ab6f
#5 extracting sha256:dc76b68205ae2eeb88e963526fbd81f9ea4d22dc4b9c7d608ff0a7a86699ab6f 0.2s done
#5 extracting sha256:d577be2a385fcf1fc3de6435417ac01fe9943f3c248498cdeba7cf0f7c76fe6c
#5 extracting sha256:d577be2a385fcf1fc3de6435417ac01fe9943f3c248498cdeba7cf0f7c76fe6c 0.2s done
#5 DONE 77.1s

#6 [2/6] COPY [ext, ext]
#6 DONE 0.4s

#7 [3/6] RUN bin/dos-ext-install --quiet
#7 0.767 > Installing dependencies on /ext folder
#7 2.682 npm WARN deprecated request@2.88.2: request has been deprecated, see https://github.com/request/request/issues/3142
#7 2.928 npm WARN deprecated har-validator@5.1.5: this library is no longer supported
#7 3.037 npm WARN deprecated uuid@3.4.0: Please upgrade  to version 7 or higher.  Older versions may use Math.random() in certain circumstances, which is known to be problematic.  See https://v8.dev/blog/math-random for details.
#7 5.329 npm WARN deprecated core-js@2.6.12: core-js@<3.23.3 is no longer maintained and not recommended for usage due to the number of issues. Because of the V8 engine whims, feature detection in old core-js versions could cause a slowdown up to 100x even if nothing is polyfilled. Some versions have web compatibility issues. Please, upgrade your dependencies to the actual version of core-js.
#7 13.32 ext@3.0.6 /usr/src/ext
#7 13.32 +-- argob-poncho@0.3.2 
#7 13.32 +-- express-session@1.18.0 
#7 13.32 | +-- cookie@0.6.0 
#7 13.32 | +-- cookie-signature@1.0.7 
#7 13.32 | +-- debug@2.6.9 
#7 13.32 | | `-- ms@2.0.0 
#7 13.32 | +-- depd@2.0.0 
#7 13.32 | +-- on-headers@1.0.2 
#7 13.32 | +-- parseurl@1.3.3 
#7 13.32 | +-- safe-buffer@5.2.1 
#7 13.32 | `-- uid-safe@2.1.5 
#7 13.32 |   `-- random-bytes@1.0.0 
#7 13.32 +-- flickity@2.0.8 
#7 13.32 | +-- desandro-matches-selector@2.0.2 
#7 13.32 | +-- ev-emitter@1.1.1 
#7 13.32 | +-- fizzy-ui-utils@2.0.7 
#7 13.32 | +-- get-size@2.0.3 
#7 13.32 | +-- tap-listener@2.0.0 
#7 13.32 | | `-- unipointer@2.4.0 
#7 13.32 | `-- unidragger@2.4.0 
#7 13.32 +-- jump.js@1.0.2 
#7 13.32 `-- passport-openidconnect@0.0.2 
#7 13.32   +-- oauth@0.9.15 
#7 13.32   +-- passport-strategy@1.0.0 
#7 13.32   +-- request@2.88.2 
#7 13.32   | +-- aws-sign2@0.7.0 
#7 13.32   | +-- aws4@1.13.0 
#7 13.32   | +-- caseless@0.12.0 
#7 13.32   | +-- combined-stream@1.0.8 
#7 13.32   | | `-- delayed-stream@1.0.0 
#7 13.32   | +-- extend@3.0.2 
#7 13.32   | +-- forever-agent@0.6.1 
#7 13.32   | +-- form-data@2.3.3 
#7 13.32   | | `-- asynckit@0.4.0 
#7 13.32   | +-- har-validator@5.1.5 
#7 13.32   | | +-- ajv@6.12.6 
#7 13.32   | | | +-- fast-deep-equal@3.1.3 
#7 13.32   | | | +-- fast-json-stable-stringify@2.1.0 
#7 13.32   | | | +-- json-schema-traverse@0.4.1 
#7 13.32   | | | `-- uri-js@4.4.1 
#7 13.32   | | `-- har-schema@2.0.0 
#7 13.32   | +-- http-signature@1.2.0 
#7 13.32   | | +-- assert-plus@1.0.0 
#7 13.32   | | +-- jsprim@1.4.2 
#7 13.32   | | | +-- extsprintf@1.3.0 
#7 13.32   | | | +-- json-schema@0.4.0 
#7 13.32   | | | `-- verror@1.10.0 
#7 13.32   | | |   `-- core-util-is@1.0.2 
#7 13.32   | | `-- sshpk@1.18.0 
#7 13.32   | |   +-- asn1@0.2.6 
#7 13.32   | |   +-- bcrypt-pbkdf@1.0.2 
#7 13.32   | |   +-- dashdash@1.14.1 
#7 13.32   | |   +-- ecc-jsbn@0.1.2 
#7 13.32   | |   +-- getpass@0.1.7 
#7 13.32   | |   +-- jsbn@0.1.1 
#7 13.32   | |   +-- safer-buffer@2.1.2 
#7 13.32   | |   `-- tweetnacl@0.14.5 
#7 13.32   | +-- is-typedarray@1.0.0 
#7 13.32   | +-- isstream@0.1.2 
#7 13.32   | +-- json-stringify-safe@5.0.1 
#7 13.32   | +-- mime-types@2.1.35 
#7 13.32   | | `-- mime-db@1.52.0 
#7 13.32   | +-- oauth-sign@0.9.0 
#7 13.32   | +-- performance-now@2.1.0 
#7 13.32   | +-- qs@6.5.3 
#7 13.32   | +-- tough-cookie@2.5.0 
#7 13.32   | | +-- psl@1.9.0 
#7 13.32   | | `-- punycode@2.3.1 
#7 13.32   | +-- tunnel-agent@0.6.0 
#7 13.32   | `-- uuid@3.4.0 
#7 13.32   `-- webfinger@0.4.2 
#7 13.32     +-- step@0.0.6 
#7 13.32     `-- xml2js@0.1.14 
#7 13.32       `-- sax@1.4.1 
#7 13.32 
#7 13.32 npm ERR! Linux 3.10.0-1160.88.1.el7.x86_64
#7 13.32 npm ERR! argv "/usr/local/bin/node" "/usr/local/bin/npm" "install" "--quiet"
#7 13.32 npm ERR! node v6.15.1
#7 13.32 npm ERR! npm  v3.10.10
#7 13.32 npm ERR! path /usr/src/ext/node_modules/.staging/@types/babylon-d228c3cb/package.json
#7 13.32 npm ERR! code ENOTDIR
#7 13.32 npm ERR! errno -20
#7 13.32 npm ERR! syscall open
#7 13.32 
#7 13.32 npm ERR! ENOTDIR: not a directory, open '/usr/src/ext/node_modules/.staging/@types/babylon-d228c3cb/package.json'
#7 13.32 npm ERR! 
#7 13.32 npm ERR! If you need help, you may report this error at:
#7 13.32 npm ERR!     <https://github.com/npm/npm/issues>
#7 13.41 
#7 13.41 npm ERR! Please include the following file with any support request:
#7 13.41 npm ERR!     /usr/src/ext/npm-debug.log
#7 13.45 > There was an error installing dependencies on /ext folder.
#7 DONE 14.4s

#8 [4/6] RUN npm run build -- --minify
#8 1.254 
#8 1.254 > democracyos@2.11.15 build /usr/src
#8 1.254 > NODE_PATH=. gulp build "--minify"
#8 1.254 
#8 2.364 [06:56:47] Using gulpfile /usr/src/gulpfile.js
#8 2.367 [06:56:47] Starting 'js:build'...
#8 2.402 [06:56:47] Starting 'css:build'...
#8 2.421 [06:56:47] Starting 'public'...
#8 2.429 [06:56:47] Finished 'js:build' after 60 ms
#8 2.429 [06:56:47] Finished 'css:build' after 26 ms
#8 2.441 [06:56:47] Finished 'public' after 20 ms
#8 2.441 [06:56:47] Starting 'assets'...
#8 4.675 
#8 4.675 /usr/src/node_modules/when/lib/decorators/unhandledRejection.js:80
#8 4.675 		throw e;
#8 4.675 		^
#8 4.675 Error: Failed to find ext/node_modules/argob-poncho/dist/css/poncho.css from /usr/src/ext/lib/admin/boot/boot.css in [
#8 4.675     node_modules/tags-input,
#8 4.675     lib/simple-line-icons,
#8 4.675     node_modules/democracyos-quill/dist,
#8 4.675     node_modules/democracyos-aurora-tip,
#8 4.675     node_modules/democracyos-aurora-popover,
#8 4.675     node_modules/democracyos-aurora-calendar,
#8 4.675     node_modules/democracyos-calendar/lib,
#8 4.675     node_modules/democracyos-datepicker,
#8 4.675     node_modules/democracyos-tip,
#8 4.675     node_modules/overlay-component,
#8 4.675     node_modules/dialog-component,
#8 4.675     node_modules/democracyos-confirmation,
#8 4.675     node_modules/democracyos-loading-lock,
#8 4.675     node_modules/democracyos-toggle/lib,
#8 4.675     .,
#8 4.675     /usr/src/ext/lib/admin/boot
#8 4.675 ]
#8 4.675     at exists (/usr/src/node_modules/rework-import/index.js:109:9)
#8 4.675     at /usr/src/node_modules/rework-import/index.js:162:17
#8 4.675     at Array.forEach (native)
#8 4.675     at run (/usr/src/node_modules/rework-import/index.js:143:8)
#8 4.675     at /usr/src/node_modules/rework-import/index.js:192:3
#8 4.675     at Rework.use (/usr/src/node_modules/rework/index.js:50:3)
#8 4.675     at DestroyableTransform._transform (/usr/src/node_modules/gulp-concat-css/index.js:90:37)
#8 4.675     at DestroyableTransform.Transform._read (/usr/src/node_modules/gulp-concat-css/node_modules/readable-stream/lib/_stream_transform.js:184:10)
#8 4.675     at DestroyableTransform.Transform._write (/usr/src/node_modules/gulp-concat-css/node_modules/readable-stream/lib/_stream_transform.js:172:12)
#8 4.675     at doWrite (/usr/src/node_modules/gulp-concat-css/node_modules/readable-stream/lib/_stream_writable.js:279:12)
#8 4.693 
#8 4.701 npm ERR! Linux 3.10.0-1160.88.1.el7.x86_64
#8 4.701 npm ERR! argv "/usr/local/bin/node" "/usr/local/bin/npm" "run" "build" "--" "--minify"
#8 4.701 npm ERR! node v6.15.1
#8 4.701 npm ERR! npm  v3.10.10
#8 4.702 npm ERR! code ELIFECYCLE
#8 4.702 npm ERR! democracyos@2.11.15 build: `NODE_PATH=. gulp build "--minify"`
#8 4.702 npm ERR! Exit status 1
#8 4.702 npm ERR! 
#8 4.702 npm ERR! Failed at the democracyos@2.11.15 build script 'NODE_PATH=. gulp build "--minify"'.
#8 4.702 npm ERR! Make sure you have the latest version of node.js and npm installed.
#8 4.702 npm ERR! If you do, this is most likely a problem with the democracyos package,
#8 4.702 npm ERR! not with npm itself.
#8 4.703 npm ERR! Tell the author that this fails on your system:
#8 4.703 npm ERR!     NODE_PATH=. gulp build "--minify"
#8 4.703 npm ERR! You can get information on how to open an issue for this project with:
#8 4.703 npm ERR!     npm bugs democracyos
#8 4.703 npm ERR! Or if that isn't available, you can get their info via:
#8 4.703 npm ERR!     npm owner ls democracyos
#8 4.703 npm ERR! There is likely additional logging output above.
#8 4.707 
#8 4.707 npm ERR! Please include the following file with any support request:
#8 4.707 npm ERR!     /usr/src/npm-debug.log
#8 ERROR: process "/bin/sh -c npm run build -- --minify" did not complete successfully: exit code: 1
------
 > [4/6] RUN npm run build -- --minify:
4.703 npm ERR! Tell the author that this fails on your system:
4.703 npm ERR!     NODE_PATH=. gulp build "--minify"
4.703 npm ERR! You can get information on how to open an issue for this project with:
4.703 npm ERR!     npm bugs democracyos
4.703 npm ERR! Or if that isn't available, you can get their info via:
4.703 npm ERR!     npm owner ls democracyos
4.703 npm ERR! There is likely additional logging output above.
4.707 
4.707 npm ERR! Please include the following file with any support request:
4.707 npm ERR!     /usr/src/npm-debug.log
------
v1_Dockerfile:1
--------------------
   1 | >>> FROM democracyos/democracyos:2.11.15
   2 |     
   3 |     MAINTAINER Democracia en Red <it@democracyos.io>
--------------------
ERROR: failed to solve: process "/bin/sh -c npm run build -- --minify" did not complete successfully: exit code: 1
Duration: 1:39.38