#0 building with "default" instance using docker driver

#1 [internal] load build definition from v1_Dockerfile
#1 transferring dockerfile: 670B done
#1 DONE 0.0s

#2 [auth] library/python:pull token for registry-1.docker.io
#2 DONE 0.0s

#3 [internal] load metadata for docker.io/library/python:alpine
#3 DONE 0.9s

#4 [internal] load .dockerignore
#4 transferring context: 2B done
#4 DONE 0.0s

#5 [ 1/12] FROM docker.io/library/python:alpine@sha256:7f15e22f496c65cffbbac5e30e7e98d60f3e3b9cc5ee5d51cf3c55ed604787c8
#5 resolve docker.io/library/python:alpine@sha256:7f15e22f496c65cffbbac5e30e7e98d60f3e3b9cc5ee5d51cf3c55ed604787c8 0.0s done
#5 ...

#6 [internal] load build context
#6 transferring context: 10.10MB 0.1s done
#6 DONE 0.1s

#5 [ 1/12] FROM docker.io/library/python:alpine@sha256:7f15e22f496c65cffbbac5e30e7e98d60f3e3b9cc5ee5d51cf3c55ed604787c8
#5 sha256:7f15e22f496c65cffbbac5e30e7e98d60f3e3b9cc5ee5d51cf3c55ed604787c8 9.02kB / 9.02kB done
#5 sha256:20648901a677433f2585c5410bbf4e217e8df19f436c6d2b25546ecd8a1b33e4 1.93kB / 1.93kB done
#5 sha256:143abac68ee42da16c20e3618ea10d882bfe0e35a89d38ac07d1d434c1067ec0 6.07kB / 6.07kB done
#5 sha256:c6a83fedfae6ed8a4f5f7cbb6a7b6f1c1ec3d86fea8cb9e5ba2e5e6673fde9f6 3.62MB / 3.62MB 0.2s
#5 sha256:2733810d7af88b9d0fb50a075acc0d443d8b08cbc60f059f1971c878d18c6be4 0B / 461.81kB 0.2s
#5 sha256:c96a0e292e9e4d29ed2ae13f9cd74c4d53e32cbd6d31515ee8d38c9464de4f61 0B / 11.78MB 0.2s
#5 sha256:c6a83fedfae6ed8a4f5f7cbb6a7b6f1c1ec3d86fea8cb9e5ba2e5e6673fde9f6 3.62MB / 3.62MB 0.2s done
#5 sha256:2733810d7af88b9d0fb50a075acc0d443d8b08cbc60f059f1971c878d18c6be4 461.81kB / 461.81kB 0.2s done
#5 sha256:c96a0e292e9e4d29ed2ae13f9cd74c4d53e32cbd6d31515ee8d38c9464de4f61 4.19MB / 11.78MB 0.3s
#5 extracting sha256:c6a83fedfae6ed8a4f5f7cbb6a7b6f1c1ec3d86fea8cb9e5ba2e5e6673fde9f6 0.1s
#5 sha256:47007a96afcac1a2c3d9c42cd3bf7ba6615fc41d21d64b9363e3fb8738ea4e49 0B / 229B 0.3s
#5 sha256:9f803fcc73d23bddb8eacab305eb85799431b41b7a3f3448f9c794ed033bb9dc 0B / 4.16MB 0.3s
#5 sha256:c96a0e292e9e4d29ed2ae13f9cd74c4d53e32cbd6d31515ee8d38c9464de4f61 11.78MB / 11.78MB 0.4s done
#5 extracting sha256:c6a83fedfae6ed8a4f5f7cbb6a7b6f1c1ec3d86fea8cb9e5ba2e5e6673fde9f6 0.1s done
#5 sha256:47007a96afcac1a2c3d9c42cd3bf7ba6615fc41d21d64b9363e3fb8738ea4e49 229B / 229B 0.3s done
#5 sha256:9f803fcc73d23bddb8eacab305eb85799431b41b7a3f3448f9c794ed033bb9dc 1.05MB / 4.16MB 0.4s
#5 extracting sha256:2733810d7af88b9d0fb50a075acc0d443d8b08cbc60f059f1971c878d18c6be4
#5 sha256:9f803fcc73d23bddb8eacab305eb85799431b41b7a3f3448f9c794ed033bb9dc 4.16MB / 4.16MB 0.4s done
#5 extracting sha256:2733810d7af88b9d0fb50a075acc0d443d8b08cbc60f059f1971c878d18c6be4 0.1s done
#5 extracting sha256:c96a0e292e9e4d29ed2ae13f9cd74c4d53e32cbd6d31515ee8d38c9464de4f61
#5 extracting sha256:c96a0e292e9e4d29ed2ae13f9cd74c4d53e32cbd6d31515ee8d38c9464de4f61 0.6s done
#5 extracting sha256:47007a96afcac1a2c3d9c42cd3bf7ba6615fc41d21d64b9363e3fb8738ea4e49
#5 extracting sha256:47007a96afcac1a2c3d9c42cd3bf7ba6615fc41d21d64b9363e3fb8738ea4e49 done
#5 extracting sha256:9f803fcc73d23bddb8eacab305eb85799431b41b7a3f3448f9c794ed033bb9dc 0.1s
#5 extracting sha256:9f803fcc73d23bddb8eacab305eb85799431b41b7a3f3448f9c794ed033bb9dc 0.5s done
#5 DONE 2.1s

#7 [ 2/12] WORKDIR /usr/src/app
#7 DONE 0.3s

#8 [ 3/12] COPY requirements.txt ./
#8 DONE 0.0s

#9 [ 4/12] RUN apk add --no-cache --virtual .build-deps gcc musl-dev
#9 0.185 fetch https://dl-cdn.alpinelinux.org/alpine/v3.20/main/x86_64/APKINDEX.tar.gz
#9 0.303 fetch https://dl-cdn.alpinelinux.org/alpine/v3.20/community/x86_64/APKINDEX.tar.gz
#9 0.609 (1/14) Installing libgcc (13.2.1_git20240309-r0)
#9 0.623 (2/14) Installing jansson (2.14-r4)
#9 0.634 (3/14) Installing libstdc++ (13.2.1_git20240309-r0)
#9 0.673 (4/14) Installing zstd-libs (1.5.6-r0)
#9 0.692 (5/14) Installing binutils (2.42-r0)
#9 0.789 (6/14) Installing libgomp (13.2.1_git20240309-r0)
#9 0.804 (7/14) Installing libatomic (13.2.1_git20240309-r0)
#9 0.815 (8/14) Installing gmp (6.3.0-r1)
#9 0.832 (9/14) Installing isl26 (0.26-r1)
#9 0.862 (10/14) Installing mpfr4 (4.2.1-r0)
#9 0.881 (11/14) Installing mpc1 (1.3.1-r1)
#9 0.894 (12/14) Installing gcc (13.2.1_git20240309-r0)
#9 1.978 (13/14) Installing musl-dev (1.2.5-r0)
#9 2.068 (14/14) Installing .build-deps (20240801.075924)
#9 2.068 Executing busybox-1.36.1-r29.trigger
#9 2.073 OK: 165 MiB in 51 packages
#9 DONE 2.7s

#10 [ 5/12] RUN apk add --no-cache --virtual freetype-dev jpeg-dev libpng-dev
#10 0.200 fetch https://dl-cdn.alpinelinux.org/alpine/v3.20/main/x86_64/APKINDEX.tar.gz
#10 0.317 fetch https://dl-cdn.alpinelinux.org/alpine/v3.20/community/x86_64/APKINDEX.tar.gz
#10 0.623 (1/9) Installing libjpeg-turbo (3.0.3-r0)
#10 0.639 (2/9) Installing libturbojpeg (3.0.3-r0)
#10 0.656 (3/9) Installing pkgconf (2.2.0-r0)
#10 0.668 (4/9) Installing libjpeg-turbo-dev (3.0.3-r0)
#10 0.683 (5/9) Installing jpeg-dev (9e-r1)
#10 0.694 (6/9) Installing libpng (1.6.43-r0)
#10 0.706 (7/9) Installing zlib-dev (1.3.1-r1)
#10 0.718 (8/9) Installing libpng-dev (1.6.43-r0)
#10 0.735 (9/9) Installing freetype-dev (20240801.075927)
#10 0.736 Executing busybox-1.36.1-r29.trigger
#10 0.741 OK: 167 MiB in 60 packages
#10 DONE 0.8s

#11 [ 6/12] RUN apk add --no-cache --virtual cython
#11 0.189 fetch https://dl-cdn.alpinelinux.org/alpine/v3.20/main/x86_64/APKINDEX.tar.gz
#11 0.293 fetch https://dl-cdn.alpinelinux.org/alpine/v3.20/community/x86_64/APKINDEX.tar.gz
#11 0.583 WARNING: creating empty virtual package
#11 0.592 (1/1) Installing cython (20240801.075928)
#11 0.594 OK: 167 MiB in 61 packages
#11 DONE 0.7s

#12 [ 7/12] RUN pip install --no-cache-dir --upgrade pip
#12 2.445 Requirement already satisfied: pip in /usr/local/lib/python3.12/site-packages (24.0)
#12 2.550 Collecting pip
#12 2.593   Downloading pip-24.2-py3-none-any.whl.metadata (3.6 kB)
#12 2.606 Downloading pip-24.2-py3-none-any.whl (1.8 MB)
#12 2.667    ━━━━━━━━━━━━━━━━━━━━━━━━━━━━━━━━━━━━━━━━ 1.8/1.8 MB 31.5 MB/s eta 0:00:00
#12 2.749 Installing collected packages: pip
#12 2.749   Attempting uninstall: pip
#12 2.752     Found existing installation: pip 24.0
#12 2.790     Uninstalling pip-24.0:
#12 2.978       Successfully uninstalled pip-24.0
#12 4.184 Successfully installed pip-24.2
#12 4.184 WARNING: Running pip as the 'root' user can result in broken permissions and conflicting behaviour with the system package manager. It is recommended to use a virtual environment instead: https://pip.pypa.io/warnings/venv
#12 DONE 4.5s

#13 [ 8/12] RUN pip install --no-cache-dir -r requirements.txt
#13 0.682 Collecting astroid>=2.3.3 (from -r requirements.txt (line 1))
#13 0.726   Downloading astroid-3.2.4-py3-none-any.whl.metadata (4.5 kB)
#13 0.752 Collecting Click>=7.0 (from -r requirements.txt (line 2))
#13 0.762   Downloading click-8.1.7-py3-none-any.whl.metadata (3.0 kB)
#13 0.791 Collecting Flask==2.2.3 (from -r requirements.txt (line 3))
#13 0.804   Downloading Flask-2.2.3-py3-none-any.whl.metadata (3.9 kB)
#13 0.935 Collecting gevent==22.10.2 (from -r requirements.txt (line 4))
#13 0.948   Downloading gevent-22.10.2.tar.gz (6.6 MB)
#13 1.060      ━━━━━━━━━━━━━━━━━━━━━━━━━━━━━━━━━━━━━━━━ 6.6/6.6 MB 77.7 MB/s eta 0:00:00
#13 1.811   Installing build dependencies: started
#13 6.239   Installing build dependencies: finished with status 'done'
#13 6.240   Getting requirements to build wheel: started
#13 11.39   Getting requirements to build wheel: finished with status 'done'
#13 11.40   Preparing metadata (pyproject.toml): started
#13 12.21   Preparing metadata (pyproject.toml): finished with status 'done'
#13 12.36 Collecting greenlet==2.0.2 (from -r requirements.txt (line 5))
#13 12.37   Downloading greenlet-2.0.2.tar.gz (164 kB)
#13 12.41   Preparing metadata (setup.py): started
#13 12.88   Preparing metadata (setup.py): finished with status 'done'
#13 12.94 Collecting isort>=4.3.21 (from -r requirements.txt (line 6))
#13 12.95   Downloading isort-5.13.2-py3-none-any.whl.metadata (12 kB)
#13 12.97 Collecting itsdangerous>=1.1.0 (from -r requirements.txt (line 7))
#13 12.98   Downloading itsdangerous-2.2.0-py3-none-any.whl.metadata (1.9 kB)
#13 13.00 Collecting Jinja2>=2.10.3 (from -r requirements.txt (line 8))
#13 13.01   Downloading jinja2-3.1.4-py3-none-any.whl.metadata (2.6 kB)
#13 13.06 Collecting lazy-object-proxy (from -r requirements.txt (line 9))
#13 13.07   Downloading lazy_object_proxy-1.10.0-cp312-cp312-musllinux_1_1_x86_64.whl.metadata (7.8 kB)
#13 13.13 Collecting MarkupSafe>=1.1.1 (from -r requirements.txt (line 10))
#13 13.14   Downloading MarkupSafe-2.1.5-cp312-cp312-musllinux_1_1_x86_64.whl.metadata (3.0 kB)
#13 13.16 Collecting mccabe>=0.6.1 (from -r requirements.txt (line 11))
#13 13.17   Downloading mccabe-0.7.0-py2.py3-none-any.whl.metadata (5.0 kB)
#13 13.20 Collecting natsort>=6.2.0 (from -r requirements.txt (line 12))
#13 13.21   Downloading natsort-8.4.0-py3-none-any.whl.metadata (21 kB)
#13 13.24 Collecting peewee>=3.12.0 (from -r requirements.txt (line 13))
#13 13.26   Downloading peewee-3.17.6.tar.gz (3.0 MB)
#13 13.28      ━━━━━━━━━━━━━━━━━━━━━━━━━━━━━━━━━━━━━━━━ 3.0/3.0 MB 121.7 MB/s eta 0:00:00
#13 13.50   Installing build dependencies: started
#13 15.58   Installing build dependencies: finished with status 'done'
#13 15.58   Getting requirements to build wheel: started
#13 15.82   Getting requirements to build wheel: finished with status 'done'
#13 15.82   Preparing metadata (pyproject.toml): started
#13 16.08   Preparing metadata (pyproject.toml): finished with status 'done'
#13 16.29 Collecting Pillow==9.4.0 (from -r requirements.txt (line 14))
#13 16.30   Downloading Pillow-9.4.0.tar.gz (50.4 MB)
#13 16.72      ━━━━━━━━━━━━━━━━━━━━━━━━━━━━━━━━━━━━━━━ 50.4/50.4 MB 121.7 MB/s eta 0:00:00
#13 18.11   Preparing metadata (setup.py): started
#13 18.39   Preparing metadata (setup.py): finished with status 'done'
#13 18.41 Collecting progressbar>=2.5 (from -r requirements.txt (line 15))
#13 18.42   Downloading progressbar-2.5.tar.gz (10 kB)
#13 18.42   Preparing metadata (setup.py): started
#13 18.63   Preparing metadata (setup.py): finished with status 'done'
#13 18.70 Collecting pylint>=2.4.4 (from -r requirements.txt (line 16))
#13 18.71   Downloading pylint-3.2.6-py3-none-any.whl.metadata (12 kB)
#13 18.75 Collecting pyparsing>=2.4.7 (from -r requirements.txt (line 17))
#13 18.76   Downloading pyparsing-3.1.2-py3-none-any.whl.metadata (5.1 kB)
#13 18.78 Collecting rarfile>=3.1 (from -r requirements.txt (line 18))
#13 18.79   Downloading rarfile-4.2-py3-none-any.whl.metadata (4.4 kB)
#13 18.81 Collecting six>=1.13.0 (from -r requirements.txt (line 19))
#13 18.82   Downloading six-1.16.0-py2.py3-none-any.whl.metadata (1.8 kB)
#13 18.87 Collecting typed-ast>=1.5.4 (from -r requirements.txt (line 20))
#13 18.88   Downloading typed_ast-1.5.5.tar.gz (252 kB)
#13 18.92   Preparing metadata (setup.py): started
#13 19.14   Preparing metadata (setup.py): finished with status 'done'
#13 19.18 Collecting Werkzeug>=0.16.0 (from -r requirements.txt (line 21))
#13 19.19   Downloading werkzeug-3.0.3-py3-none-any.whl.metadata (3.7 kB)
#13 19.28 Collecting wrapt>=1.11.2 (from -r requirements.txt (line 22))
#13 19.29   Downloading wrapt-1.16.0-cp312-cp312-musllinux_1_1_x86_64.whl.metadata (6.6 kB)
#13 19.32 Collecting zope.event (from gevent==22.10.2->-r requirements.txt (line 4))
#13 19.33   Downloading zope.event-5.0-py3-none-any.whl.metadata (4.4 kB)
#13 19.46 Collecting zope.interface (from gevent==22.10.2->-r requirements.txt (line 4))
#13 19.47   Downloading zope.interface-6.4.post2.tar.gz (294 kB)
#13 19.52   Preparing metadata (setup.py): started
#13 19.75   Preparing metadata (setup.py): finished with status 'done'
#13 19.76 Requirement already satisfied: setuptools in /usr/local/lib/python3.12/site-packages (from gevent==22.10.2->-r requirements.txt (line 4)) (71.1.0)
#13 19.83 Collecting platformdirs>=2.2.0 (from pylint>=2.4.4->-r requirements.txt (line 16))
#13 19.84   Downloading platformdirs-4.2.2-py3-none-any.whl.metadata (11 kB)
#13 19.91 Collecting tomlkit>=0.10.1 (from pylint>=2.4.4->-r requirements.txt (line 16))
#13 19.92   Downloading tomlkit-0.13.0-py3-none-any.whl.metadata (2.7 kB)
#13 19.93 Collecting dill>=0.3.6 (from pylint>=2.4.4->-r requirements.txt (line 16))
#13 19.94   Downloading dill-0.3.8-py3-none-any.whl.metadata (10 kB)
#13 19.98 Downloading Flask-2.2.3-py3-none-any.whl (101 kB)
#13 20.00 Downloading astroid-3.2.4-py3-none-any.whl (276 kB)
#13 20.01 Downloading click-8.1.7-py3-none-any.whl (97 kB)
#13 20.02 Downloading isort-5.13.2-py3-none-any.whl (92 kB)
#13 20.03 Downloading itsdangerous-2.2.0-py3-none-any.whl (16 kB)
#13 20.04 Downloading jinja2-3.1.4-py3-none-any.whl (133 kB)
#13 20.06 Downloading lazy_object_proxy-1.10.0-cp312-cp312-musllinux_1_1_x86_64.whl (75 kB)
#13 20.07 Downloading MarkupSafe-2.1.5-cp312-cp312-musllinux_1_1_x86_64.whl (33 kB)
#13 20.08 Downloading mccabe-0.7.0-py2.py3-none-any.whl (7.3 kB)
#13 20.09 Downloading natsort-8.4.0-py3-none-any.whl (38 kB)
#13 20.11 Downloading pylint-3.2.6-py3-none-any.whl (519 kB)
#13 20.12 Downloading pyparsing-3.1.2-py3-none-any.whl (103 kB)
#13 20.13 Downloading rarfile-4.2-py3-none-any.whl (29 kB)
#13 20.14 Downloading six-1.16.0-py2.py3-none-any.whl (11 kB)
#13 20.15 Downloading werkzeug-3.0.3-py3-none-any.whl (227 kB)
#13 20.17 Downloading wrapt-1.16.0-cp312-cp312-musllinux_1_1_x86_64.whl (91 kB)
#13 20.18 Downloading dill-0.3.8-py3-none-any.whl (116 kB)
#13 20.19 Downloading platformdirs-4.2.2-py3-none-any.whl (18 kB)
#13 20.20 Downloading tomlkit-0.13.0-py3-none-any.whl (37 kB)
#13 20.21 Downloading zope.event-5.0-py3-none-any.whl (6.8 kB)
#13 20.25 Building wheels for collected packages: gevent, greenlet, Pillow, peewee, progressbar, typed-ast, zope.interface
#13 20.25   Building wheel for gevent (pyproject.toml): started
#13 24.07   Building wheel for gevent (pyproject.toml): finished with status 'error'
#13 24.09   error: subprocess-exited-with-error
#13 24.09   
#13 24.09   × Building wheel for gevent (pyproject.toml) did not run successfully.
#13 24.09   │ exit code: 1
#13 24.09   ╰─> [363 lines of output]
#13 24.09       /tmp/pip-build-env-swjvup05/overlay/lib/python3.12/site-packages/setuptools/_distutils/dist.py:268: UserWarning: Unknown distribution option: 'test_suite'
#13 24.09         warnings.warn(msg)
#13 24.09       running bdist_wheel
#13 24.09       running build
#13 24.09       running build_py
#13 24.09       creating build
#13 24.09       creating build/lib.linux-x86_64-cpython-312
#13 24.09       creating build/lib.linux-x86_64-cpython-312/gevent
#13 24.09       copying src/gevent/__init__.py -> build/lib.linux-x86_64-cpython-312/gevent
#13 24.09       copying src/gevent/_abstract_linkable.py -> build/lib.linux-x86_64-cpython-312/gevent
#13 24.09       copying src/gevent/_compat.py -> build/lib.linux-x86_64-cpython-312/gevent
#13 24.09       copying src/gevent/_config.py -> build/lib.linux-x86_64-cpython-312/gevent
#13 24.09       copying src/gevent/_fileobjectcommon.py -> build/lib.linux-x86_64-cpython-312/gevent
#13 24.09       copying src/gevent/_fileobjectposix.py -> build/lib.linux-x86_64-cpython-312/gevent
#13 24.09       copying src/gevent/_greenlet_primitives.py -> build/lib.linux-x86_64-cpython-312/gevent
#13 24.09       copying src/gevent/_hub_local.py -> build/lib.linux-x86_64-cpython-312/gevent
#13 24.09       copying src/gevent/_hub_primitives.py -> build/lib.linux-x86_64-cpython-312/gevent
#13 24.09       copying src/gevent/_ident.py -> build/lib.linux-x86_64-cpython-312/gevent
#13 24.09       copying src/gevent/_imap.py -> build/lib.linux-x86_64-cpython-312/gevent
#13 24.09       copying src/gevent/_interfaces.py -> build/lib.linux-x86_64-cpython-312/gevent
#13 24.09       copying src/gevent/_monitor.py -> build/lib.linux-x86_64-cpython-312/gevent
#13 24.09       copying src/gevent/_patcher.py -> build/lib.linux-x86_64-cpython-312/gevent
#13 24.09       copying src/gevent/_semaphore.py -> build/lib.linux-x86_64-cpython-312/gevent
#13 24.09       copying src/gevent/_socket2.py -> build/lib.linux-x86_64-cpython-312/gevent
#13 24.09       copying src/gevent/_socket3.py -> build/lib.linux-x86_64-cpython-312/gevent
#13 24.09       copying src/gevent/_socketcommon.py -> build/lib.linux-x86_64-cpython-312/gevent
#13 24.09       copying src/gevent/_ssl2.py -> build/lib.linux-x86_64-cpython-312/gevent
#13 24.09       copying src/gevent/_ssl3.py -> build/lib.linux-x86_64-cpython-312/gevent
#13 24.09       copying src/gevent/_sslgte279.py -> build/lib.linux-x86_64-cpython-312/gevent
#13 24.09       copying src/gevent/_tblib.py -> build/lib.linux-x86_64-cpython-312/gevent
#13 24.09       copying src/gevent/_threading.py -> build/lib.linux-x86_64-cpython-312/gevent
#13 24.09       copying src/gevent/_tracer.py -> build/lib.linux-x86_64-cpython-312/gevent
#13 24.09       copying src/gevent/_util.py -> build/lib.linux-x86_64-cpython-312/gevent
#13 24.09       copying src/gevent/_util_py2.py -> build/lib.linux-x86_64-cpython-312/gevent
#13 24.09       copying src/gevent/_waiter.py -> build/lib.linux-x86_64-cpython-312/gevent
#13 24.09       copying src/gevent/ares.py -> build/lib.linux-x86_64-cpython-312/gevent
#13 24.09       copying src/gevent/backdoor.py -> build/lib.linux-x86_64-cpython-312/gevent
#13 24.09       copying src/gevent/baseserver.py -> build/lib.linux-x86_64-cpython-312/gevent
#13 24.09       copying src/gevent/builtins.py -> build/lib.linux-x86_64-cpython-312/gevent
#13 24.09       copying src/gevent/contextvars.py -> build/lib.linux-x86_64-cpython-312/gevent
#13 24.09       copying src/gevent/core.py -> build/lib.linux-x86_64-cpython-312/gevent
#13 24.09       copying src/gevent/event.py -> build/lib.linux-x86_64-cpython-312/gevent
#13 24.09       copying src/gevent/events.py -> build/lib.linux-x86_64-cpython-312/gevent
#13 24.09       copying src/gevent/exceptions.py -> build/lib.linux-x86_64-cpython-312/gevent
#13 24.09       copying src/gevent/fileobject.py -> build/lib.linux-x86_64-cpython-312/gevent
#13 24.09       copying src/gevent/greenlet.py -> build/lib.linux-x86_64-cpython-312/gevent
#13 24.09       copying src/gevent/hub.py -> build/lib.linux-x86_64-cpython-312/gevent
#13 24.09       copying src/gevent/local.py -> build/lib.linux-x86_64-cpython-312/gevent
#13 24.09       copying src/gevent/lock.py -> build/lib.linux-x86_64-cpython-312/gevent
#13 24.09       copying src/gevent/monkey.py -> build/lib.linux-x86_64-cpython-312/gevent
#13 24.09       copying src/gevent/os.py -> build/lib.linux-x86_64-cpython-312/gevent
#13 24.09       copying src/gevent/pool.py -> build/lib.linux-x86_64-cpython-312/gevent
#13 24.09       copying src/gevent/pywsgi.py -> build/lib.linux-x86_64-cpython-312/gevent
#13 24.09       copying src/gevent/queue.py -> build/lib.linux-x86_64-cpython-312/gevent
#13 24.09       copying src/gevent/resolver_ares.py -> build/lib.linux-x86_64-cpython-312/gevent
#13 24.09       copying src/gevent/resolver_thread.py -> build/lib.linux-x86_64-cpython-312/gevent
#13 24.09       copying src/gevent/select.py -> build/lib.linux-x86_64-cpython-312/gevent
#13 24.09       copying src/gevent/selectors.py -> build/lib.linux-x86_64-cpython-312/gevent
#13 24.09       copying src/gevent/server.py -> build/lib.linux-x86_64-cpython-312/gevent
#13 24.09       copying src/gevent/signal.py -> build/lib.linux-x86_64-cpython-312/gevent
#13 24.09       copying src/gevent/socket.py -> build/lib.linux-x86_64-cpython-312/gevent
#13 24.09       copying src/gevent/ssl.py -> build/lib.linux-x86_64-cpython-312/gevent
#13 24.09       copying src/gevent/subprocess.py -> build/lib.linux-x86_64-cpython-312/gevent
#13 24.09       copying src/gevent/thread.py -> build/lib.linux-x86_64-cpython-312/gevent
#13 24.09       copying src/gevent/threading.py -> build/lib.linux-x86_64-cpython-312/gevent
#13 24.09       copying src/gevent/threadpool.py -> build/lib.linux-x86_64-cpython-312/gevent
#13 24.09       copying src/gevent/time.py -> build/lib.linux-x86_64-cpython-312/gevent
#13 24.09       copying src/gevent/timeout.py -> build/lib.linux-x86_64-cpython-312/gevent
#13 24.09       copying src/gevent/util.py -> build/lib.linux-x86_64-cpython-312/gevent
#13 24.09       copying src/gevent/win32util.py -> build/lib.linux-x86_64-cpython-312/gevent
#13 24.09       creating build/lib.linux-x86_64-cpython-312/gevent/_ffi
#13 24.09       copying src/gevent/_ffi/__init__.py -> build/lib.linux-x86_64-cpython-312/gevent/_ffi
#13 24.09       copying src/gevent/_ffi/callback.py -> build/lib.linux-x86_64-cpython-312/gevent/_ffi
#13 24.09       copying src/gevent/_ffi/loop.py -> build/lib.linux-x86_64-cpython-312/gevent/_ffi
#13 24.09       copying src/gevent/_ffi/watcher.py -> build/lib.linux-x86_64-cpython-312/gevent/_ffi
#13 24.09       creating build/lib.linux-x86_64-cpython-312/gevent/libev
#13 24.09       copying src/gevent/libev/__init__.py -> build/lib.linux-x86_64-cpython-312/gevent/libev
#13 24.09       copying src/gevent/libev/_corecffi_build.py -> build/lib.linux-x86_64-cpython-312/gevent/libev
#13 24.09       copying src/gevent/libev/corecffi.py -> build/lib.linux-x86_64-cpython-312/gevent/libev
#13 24.09       copying src/gevent/libev/watcher.py -> build/lib.linux-x86_64-cpython-312/gevent/libev
#13 24.09       creating build/lib.linux-x86_64-cpython-312/gevent/libuv
#13 24.09       copying src/gevent/libuv/__init__.py -> build/lib.linux-x86_64-cpython-312/gevent/libuv
#13 24.09       copying src/gevent/libuv/_corecffi_build.py -> build/lib.linux-x86_64-cpython-312/gevent/libuv
#13 24.09       copying src/gevent/libuv/loop.py -> build/lib.linux-x86_64-cpython-312/gevent/libuv
#13 24.09       copying src/gevent/libuv/watcher.py -> build/lib.linux-x86_64-cpython-312/gevent/libuv
#13 24.09       creating build/lib.linux-x86_64-cpython-312/gevent/resolver
#13 24.09       copying src/gevent/resolver/__init__.py -> build/lib.linux-x86_64-cpython-312/gevent/resolver
#13 24.09       copying src/gevent/resolver/_addresses.py -> build/lib.linux-x86_64-cpython-312/gevent/resolver
#13 24.09       copying src/gevent/resolver/_hostsfile.py -> build/lib.linux-x86_64-cpython-312/gevent/resolver
#13 24.09       copying src/gevent/resolver/ares.py -> build/lib.linux-x86_64-cpython-312/gevent/resolver
#13 24.09       copying src/gevent/resolver/blocking.py -> build/lib.linux-x86_64-cpython-312/gevent/resolver
#13 24.09       copying src/gevent/resolver/dnspython.py -> build/lib.linux-x86_64-cpython-312/gevent/resolver
#13 24.09       copying src/gevent/resolver/thread.py -> build/lib.linux-x86_64-cpython-312/gevent/resolver
#13 24.09       creating build/lib.linux-x86_64-cpython-312/gevent/testing
#13 24.09       copying src/gevent/testing/__init__.py -> build/lib.linux-x86_64-cpython-312/gevent/testing
#13 24.09       copying src/gevent/testing/errorhandler.py -> build/lib.linux-x86_64-cpython-312/gevent/testing
#13 24.09       copying src/gevent/testing/exception.py -> build/lib.linux-x86_64-cpython-312/gevent/testing
#13 24.09       copying src/gevent/testing/flaky.py -> build/lib.linux-x86_64-cpython-312/gevent/testing
#13 24.09       copying src/gevent/testing/hub.py -> build/lib.linux-x86_64-cpython-312/gevent/testing
#13 24.09       copying src/gevent/testing/leakcheck.py -> build/lib.linux-x86_64-cpython-312/gevent/testing
#13 24.09       copying src/gevent/testing/modules.py -> build/lib.linux-x86_64-cpython-312/gevent/testing
#13 24.09       copying src/gevent/testing/monkey_test.py -> build/lib.linux-x86_64-cpython-312/gevent/testing
#13 24.09       copying src/gevent/testing/openfiles.py -> build/lib.linux-x86_64-cpython-312/gevent/testing
#13 24.09       copying src/gevent/testing/params.py -> build/lib.linux-x86_64-cpython-312/gevent/testing
#13 24.09       copying src/gevent/testing/patched_tests_setup.py -> build/lib.linux-x86_64-cpython-312/gevent/testing
#13 24.09       copying src/gevent/testing/resources.py -> build/lib.linux-x86_64-cpython-312/gevent/testing
#13 24.09       copying src/gevent/testing/six.py -> build/lib.linux-x86_64-cpython-312/gevent/testing
#13 24.09       copying src/gevent/testing/skipping.py -> build/lib.linux-x86_64-cpython-312/gevent/testing
#13 24.09       copying src/gevent/testing/sockets.py -> build/lib.linux-x86_64-cpython-312/gevent/testing
#13 24.09       copying src/gevent/testing/support.py -> build/lib.linux-x86_64-cpython-312/gevent/testing
#13 24.09       copying src/gevent/testing/switching.py -> build/lib.linux-x86_64-cpython-312/gevent/testing
#13 24.09       copying src/gevent/testing/sysinfo.py -> build/lib.linux-x86_64-cpython-312/gevent/testing
#13 24.09       copying src/gevent/testing/testcase.py -> build/lib.linux-x86_64-cpython-312/gevent/testing
#13 24.09       copying src/gevent/testing/testrunner.py -> build/lib.linux-x86_64-cpython-312/gevent/testing
#13 24.09       copying src/gevent/testing/timing.py -> build/lib.linux-x86_64-cpython-312/gevent/testing
#13 24.09       copying src/gevent/testing/travis.py -> build/lib.linux-x86_64-cpython-312/gevent/testing
#13 24.09       copying src/gevent/testing/util.py -> build/lib.linux-x86_64-cpython-312/gevent/testing
#13 24.09       creating build/lib.linux-x86_64-cpython-312/gevent/tests
#13 24.09       copying src/gevent/tests/__init__.py -> build/lib.linux-x86_64-cpython-312/gevent/tests
#13 24.09       copying src/gevent/tests/__main__.py -> build/lib.linux-x86_64-cpython-312/gevent/tests
#13 24.09       copying src/gevent/tests/_blocks_at_top_level.py -> build/lib.linux-x86_64-cpython-312/gevent/tests
#13 24.09       copying src/gevent/tests/_import_import_patch.py -> build/lib.linux-x86_64-cpython-312/gevent/tests
#13 24.09       copying src/gevent/tests/_import_patch.py -> build/lib.linux-x86_64-cpython-312/gevent/tests
#13 24.09       copying src/gevent/tests/_import_wait.py -> build/lib.linux-x86_64-cpython-312/gevent/tests
#13 24.09       copying src/gevent/tests/_imports_at_top_level.py -> build/lib.linux-x86_64-cpython-312/gevent/tests
#13 24.09       copying src/gevent/tests/_imports_imports_at_top_level.py -> build/lib.linux-x86_64-cpython-312/gevent/tests
#13 24.09       copying src/gevent/tests/getaddrinfo_module.py -> build/lib.linux-x86_64-cpython-312/gevent/tests
#13 24.09       copying src/gevent/tests/known_failures.py -> build/lib.linux-x86_64-cpython-312/gevent/tests
#13 24.09       copying src/gevent/tests/lock_tests.py -> build/lib.linux-x86_64-cpython-312/gevent/tests
#13 24.09       copying src/gevent/tests/test__GreenletExit.py -> build/lib.linux-x86_64-cpython-312/gevent/tests
#13 24.09       copying src/gevent/tests/test___config.py -> build/lib.linux-x86_64-cpython-312/gevent/tests
#13 24.09       copying src/gevent/tests/test___ident.py -> build/lib.linux-x86_64-cpython-312/gevent/tests
#13 24.09       copying src/gevent/tests/test___monitor.py -> build/lib.linux-x86_64-cpython-312/gevent/tests
#13 24.09       copying src/gevent/tests/test___monkey_patching.py -> build/lib.linux-x86_64-cpython-312/gevent/tests
#13 24.09       copying src/gevent/tests/test__all__.py -> build/lib.linux-x86_64-cpython-312/gevent/tests
#13 24.09       copying src/gevent/tests/test__api.py -> build/lib.linux-x86_64-cpython-312/gevent/tests
#13 24.09       copying src/gevent/tests/test__api_timeout.py -> build/lib.linux-x86_64-cpython-312/gevent/tests
#13 24.09       copying src/gevent/tests/test__ares_host_result.py -> build/lib.linux-x86_64-cpython-312/gevent/tests
#13 24.09       copying src/gevent/tests/test__ares_timeout.py -> build/lib.linux-x86_64-cpython-312/gevent/tests
#13 24.09       copying src/gevent/tests/test__backdoor.py -> build/lib.linux-x86_64-cpython-312/gevent/tests
#13 24.09       copying src/gevent/tests/test__close_backend_fd.py -> build/lib.linux-x86_64-cpython-312/gevent/tests
#13 24.09       copying src/gevent/tests/test__compat.py -> build/lib.linux-x86_64-cpython-312/gevent/tests
#13 24.09       copying src/gevent/tests/test__contextvars.py -> build/lib.linux-x86_64-cpython-312/gevent/tests
#13 24.09       copying src/gevent/tests/test__core.py -> build/lib.linux-x86_64-cpython-312/gevent/tests
#13 24.09       copying src/gevent/tests/test__core_async.py -> build/lib.linux-x86_64-cpython-312/gevent/tests
#13 24.09       copying src/gevent/tests/test__core_callback.py -> build/lib.linux-x86_64-cpython-312/gevent/tests
#13 24.09       copying src/gevent/tests/test__core_fork.py -> build/lib.linux-x86_64-cpython-312/gevent/tests
#13 24.09       copying src/gevent/tests/test__core_loop_run.py -> build/lib.linux-x86_64-cpython-312/gevent/tests
#13 24.09       copying src/gevent/tests/test__core_stat.py -> build/lib.linux-x86_64-cpython-312/gevent/tests
#13 24.09       copying src/gevent/tests/test__core_timer.py -> build/lib.linux-x86_64-cpython-312/gevent/tests
#13 24.09       copying src/gevent/tests/test__core_watcher.py -> build/lib.linux-x86_64-cpython-312/gevent/tests
#13 24.09       copying src/gevent/tests/test__destroy.py -> build/lib.linux-x86_64-cpython-312/gevent/tests
#13 24.09       copying src/gevent/tests/test__destroy_default_loop.py -> build/lib.linux-x86_64-cpython-312/gevent/tests
#13 24.09       copying src/gevent/tests/test__doctests.py -> build/lib.linux-x86_64-cpython-312/gevent/tests
#13 24.09       copying src/gevent/tests/test__environ.py -> build/lib.linux-x86_64-cpython-312/gevent/tests
#13 24.09       copying src/gevent/tests/test__event.py -> build/lib.linux-x86_64-cpython-312/gevent/tests
#13 24.09       copying src/gevent/tests/test__events.py -> build/lib.linux-x86_64-cpython-312/gevent/tests
#13 24.09       copying src/gevent/tests/test__example_echoserver.py -> build/lib.linux-x86_64-cpython-312/gevent/tests
#13 24.09       copying src/gevent/tests/test__example_portforwarder.py -> build/lib.linux-x86_64-cpython-312/gevent/tests
#13 24.09       copying src/gevent/tests/test__example_udp_client.py -> build/lib.linux-x86_64-cpython-312/gevent/tests
#13 24.09       copying src/gevent/tests/test__example_udp_server.py -> build/lib.linux-x86_64-cpython-312/gevent/tests
#13 24.09       copying src/gevent/tests/test__example_webproxy.py -> build/lib.linux-x86_64-cpython-312/gevent/tests
#13 24.09       copying src/gevent/tests/test__example_wsgiserver.py -> build/lib.linux-x86_64-cpython-312/gevent/tests
#13 24.09       copying src/gevent/tests/test__example_wsgiserver_ssl.py -> build/lib.linux-x86_64-cpython-312/gevent/tests
#13 24.09       copying src/gevent/tests/test__examples.py -> build/lib.linux-x86_64-cpython-312/gevent/tests
#13 24.09       copying src/gevent/tests/test__exc_info.py -> build/lib.linux-x86_64-cpython-312/gevent/tests
#13 24.09       copying src/gevent/tests/test__execmodules.py -> build/lib.linux-x86_64-cpython-312/gevent/tests
#13 24.09       copying src/gevent/tests/test__fileobject.py -> build/lib.linux-x86_64-cpython-312/gevent/tests
#13 24.09       copying src/gevent/tests/test__getaddrinfo_import.py -> build/lib.linux-x86_64-cpython-312/gevent/tests
#13 24.09       copying src/gevent/tests/test__greenio.py -> build/lib.linux-x86_64-cpython-312/gevent/tests
#13 24.09       copying src/gevent/tests/test__greenlet.py -> build/lib.linux-x86_64-cpython-312/gevent/tests
#13 24.09       copying src/gevent/tests/test__greenletset.py -> build/lib.linux-x86_64-cpython-312/gevent/tests
#13 24.09       copying src/gevent/tests/test__greenness.py -> build/lib.linux-x86_64-cpython-312/gevent/tests
#13 24.09       copying src/gevent/tests/test__hub.py -> build/lib.linux-x86_64-cpython-312/gevent/tests
#13 24.09       copying src/gevent/tests/test__hub_join.py -> build/lib.linux-x86_64-cpython-312/gevent/tests
#13 24.09       copying src/gevent/tests/test__hub_join_timeout.py -> build/lib.linux-x86_64-cpython-312/gevent/tests
#13 24.09       copying src/gevent/tests/test__import_blocking_in_greenlet.py -> build/lib.linux-x86_64-cpython-312/gevent/tests
#13 24.09       copying src/gevent/tests/test__import_wait.py -> build/lib.linux-x86_64-cpython-312/gevent/tests
#13 24.09       copying src/gevent/tests/test__issue112.py -> build/lib.linux-x86_64-cpython-312/gevent/tests
#13 24.09       copying src/gevent/tests/test__issue1686.py -> build/lib.linux-x86_64-cpython-312/gevent/tests
#13 24.09       copying src/gevent/tests/test__issue1864.py -> build/lib.linux-x86_64-cpython-312/gevent/tests
#13 24.09       copying src/gevent/tests/test__issue230.py -> build/lib.linux-x86_64-cpython-312/gevent/tests
#13 24.09       copying src/gevent/tests/test__issue330.py -> build/lib.linux-x86_64-cpython-312/gevent/tests
#13 24.09       copying src/gevent/tests/test__issue467.py -> build/lib.linux-x86_64-cpython-312/gevent/tests
#13 24.09       copying src/gevent/tests/test__issue6.py -> build/lib.linux-x86_64-cpython-312/gevent/tests
#13 24.09       copying src/gevent/tests/test__issue600.py -> build/lib.linux-x86_64-cpython-312/gevent/tests
#13 24.09       copying src/gevent/tests/test__issue607.py -> build/lib.linux-x86_64-cpython-312/gevent/tests
#13 24.09       copying src/gevent/tests/test__issue639.py -> build/lib.linux-x86_64-cpython-312/gevent/tests
#13 24.09       copying src/gevent/tests/test__issue_728.py -> build/lib.linux-x86_64-cpython-312/gevent/tests
#13 24.09       copying src/gevent/tests/test__issues461_471.py -> build/lib.linux-x86_64-cpython-312/gevent/tests
#13 24.09       copying src/gevent/tests/test__iwait.py -> build/lib.linux-x86_64-cpython-312/gevent/tests
#13 24.09       copying src/gevent/tests/test__joinall.py -> build/lib.linux-x86_64-cpython-312/gevent/tests
#13 24.09       copying src/gevent/tests/test__local.py -> build/lib.linux-x86_64-cpython-312/gevent/tests
#13 24.09       copying src/gevent/tests/test__lock.py -> build/lib.linux-x86_64-cpython-312/gevent/tests
#13 24.09       copying src/gevent/tests/test__loop_callback.py -> build/lib.linux-x86_64-cpython-312/gevent/tests
#13 24.09       copying src/gevent/tests/test__makefile_ref.py -> build/lib.linux-x86_64-cpython-312/gevent/tests
#13 24.09       copying src/gevent/tests/test__memleak.py -> build/lib.linux-x86_64-cpython-312/gevent/tests
#13 24.09       copying src/gevent/tests/test__monkey.py -> build/lib.linux-x86_64-cpython-312/gevent/tests
#13 24.09       copying src/gevent/tests/test__monkey_builtins_future.py -> build/lib.linux-x86_64-cpython-312/gevent/tests
#13 24.09       copying src/gevent/tests/test__monkey_futures_thread.py -> build/lib.linux-x86_64-cpython-312/gevent/tests
#13 24.09       copying src/gevent/tests/test__monkey_hub_in_thread.py -> build/lib.linux-x86_64-cpython-312/gevent/tests
#13 24.09       copying src/gevent/tests/test__monkey_logging.py -> build/lib.linux-x86_64-cpython-312/gevent/tests
#13 24.09       copying src/gevent/tests/test__monkey_module_run.py -> build/lib.linux-x86_64-cpython-312/gevent/tests
#13 24.09       copying src/gevent/tests/test__monkey_multiple_imports.py -> build/lib.linux-x86_64-cpython-312/gevent/tests
#13 24.09       copying src/gevent/tests/test__monkey_queue.py -> build/lib.linux-x86_64-cpython-312/gevent/tests
#13 24.09       copying src/gevent/tests/test__monkey_select.py -> build/lib.linux-x86_64-cpython-312/gevent/tests
#13 24.09       copying src/gevent/tests/test__monkey_selectors.py -> build/lib.linux-x86_64-cpython-312/gevent/tests
#13 24.09       copying src/gevent/tests/test__monkey_sigchld.py -> build/lib.linux-x86_64-cpython-312/gevent/tests
#13 24.09       copying src/gevent/tests/test__monkey_sigchld_2.py -> build/lib.linux-x86_64-cpython-312/gevent/tests
#13 24.09       copying src/gevent/tests/test__monkey_sigchld_3.py -> build/lib.linux-x86_64-cpython-312/gevent/tests
#13 24.09       copying src/gevent/tests/test__monkey_ssl_warning.py -> build/lib.linux-x86_64-cpython-312/gevent/tests
#13 24.09       copying src/gevent/tests/test__monkey_ssl_warning2.py -> build/lib.linux-x86_64-cpython-312/gevent/tests
#13 24.09       copying src/gevent/tests/test__monkey_ssl_warning3.py -> build/lib.linux-x86_64-cpython-312/gevent/tests
#13 24.09       copying src/gevent/tests/test__nondefaultloop.py -> build/lib.linux-x86_64-cpython-312/gevent/tests
#13 24.09       copying src/gevent/tests/test__order.py -> build/lib.linux-x86_64-cpython-312/gevent/tests
#13 24.09       copying src/gevent/tests/test__os.py -> build/lib.linux-x86_64-cpython-312/gevent/tests
#13 24.09       copying src/gevent/tests/test__pool.py -> build/lib.linux-x86_64-cpython-312/gevent/tests
#13 24.09       copying src/gevent/tests/test__pywsgi.py -> build/lib.linux-x86_64-cpython-312/gevent/tests
#13 24.09       copying src/gevent/tests/test__queue.py -> build/lib.linux-x86_64-cpython-312/gevent/tests
#13 24.09       copying src/gevent/tests/test__real_greenlet.py -> build/lib.linux-x86_64-cpython-312/gevent/tests
#13 24.09       copying src/gevent/tests/test__refcount.py -> build/lib.linux-x86_64-cpython-312/gevent/tests
#13 24.09       copying src/gevent/tests/test__refcount_core.py -> build/lib.linux-x86_64-cpython-312/gevent/tests
#13 24.09       copying src/gevent/tests/test__resolver_dnspython.py -> build/lib.linux-x86_64-cpython-312/gevent/tests
#13 24.09       copying src/gevent/tests/test__select.py -> build/lib.linux-x86_64-cpython-312/gevent/tests
#13 24.09       copying src/gevent/tests/test__selectors.py -> build/lib.linux-x86_64-cpython-312/gevent/tests
#13 24.09       copying src/gevent/tests/test__semaphore.py -> build/lib.linux-x86_64-cpython-312/gevent/tests
#13 24.09       copying src/gevent/tests/test__server.py -> build/lib.linux-x86_64-cpython-312/gevent/tests
#13 24.09       copying src/gevent/tests/test__server_pywsgi.py -> build/lib.linux-x86_64-cpython-312/gevent/tests
#13 24.09       copying src/gevent/tests/test__signal.py -> build/lib.linux-x86_64-cpython-312/gevent/tests
#13 24.09       copying src/gevent/tests/test__sleep0.py -> build/lib.linux-x86_64-cpython-312/gevent/tests
#13 24.09       copying src/gevent/tests/test__socket.py -> build/lib.linux-x86_64-cpython-312/gevent/tests
#13 24.09       copying src/gevent/tests/test__socket_close.py -> build/lib.linux-x86_64-cpython-312/gevent/tests
#13 24.09       copying src/gevent/tests/test__socket_dns.py -> build/lib.linux-x86_64-cpython-312/gevent/tests
#13 24.09       copying src/gevent/tests/test__socket_dns6.py -> build/lib.linux-x86_64-cpython-312/gevent/tests
#13 24.09       copying src/gevent/tests/test__socket_errors.py -> build/lib.linux-x86_64-cpython-312/gevent/tests
#13 24.09       copying src/gevent/tests/test__socket_ex.py -> build/lib.linux-x86_64-cpython-312/gevent/tests
#13 24.09       copying src/gevent/tests/test__socket_send_memoryview.py -> build/lib.linux-x86_64-cpython-312/gevent/tests
#13 24.09       copying src/gevent/tests/test__socket_ssl.py -> build/lib.linux-x86_64-cpython-312/gevent/tests
#13 24.09       copying src/gevent/tests/test__socket_timeout.py -> build/lib.linux-x86_64-cpython-312/gevent/tests
#13 24.09       copying src/gevent/tests/test__socketpair.py -> build/lib.linux-x86_64-cpython-312/gevent/tests
#13 24.09       copying src/gevent/tests/test__ssl.py -> build/lib.linux-x86_64-cpython-312/gevent/tests
#13 24.09       copying src/gevent/tests/test__subprocess.py -> build/lib.linux-x86_64-cpython-312/gevent/tests
#13 24.09       copying src/gevent/tests/test__subprocess_interrupted.py -> build/lib.linux-x86_64-cpython-312/gevent/tests
#13 24.09       copying src/gevent/tests/test__subprocess_poll.py -> build/lib.linux-x86_64-cpython-312/gevent/tests
#13 24.09       copying src/gevent/tests/test__systemerror.py -> build/lib.linux-x86_64-cpython-312/gevent/tests
#13 24.09       copying src/gevent/tests/test__thread.py -> build/lib.linux-x86_64-cpython-312/gevent/tests
#13 24.09       copying src/gevent/tests/test__threading.py -> build/lib.linux-x86_64-cpython-312/gevent/tests
#13 24.09       copying src/gevent/tests/test__threading_2.py -> build/lib.linux-x86_64-cpython-312/gevent/tests
#13 24.09       copying src/gevent/tests/test__threading_before_monkey.py -> build/lib.linux-x86_64-cpython-312/gevent/tests
#13 24.09       copying src/gevent/tests/test__threading_holding_lock_while_monkey.py -> build/lib.linux-x86_64-cpython-312/gevent/tests
#13 24.09       copying src/gevent/tests/test__threading_monkey_in_thread.py -> build/lib.linux-x86_64-cpython-312/gevent/tests
#13 24.09       copying src/gevent/tests/test__threading_native_before_monkey.py -> build/lib.linux-x86_64-cpython-312/gevent/tests
#13 24.09       copying src/gevent/tests/test__threading_no_monkey.py -> build/lib.linux-x86_64-cpython-312/gevent/tests
#13 24.09       copying src/gevent/tests/test__threading_patched_local.py -> build/lib.linux-x86_64-cpython-312/gevent/tests
#13 24.09       copying src/gevent/tests/test__threading_vs_settrace.py -> build/lib.linux-x86_64-cpython-312/gevent/tests
#13 24.09       copying src/gevent/tests/test__threadpool.py -> build/lib.linux-x86_64-cpython-312/gevent/tests
#13 24.09       copying src/gevent/tests/test__threadpool_executor_patched.py -> build/lib.linux-x86_64-cpython-312/gevent/tests
#13 24.09       copying src/gevent/tests/test__timeout.py -> build/lib.linux-x86_64-cpython-312/gevent/tests
#13 24.09       copying src/gevent/tests/test__util.py -> build/lib.linux-x86_64-cpython-312/gevent/tests
#13 24.09       creating build/lib.linux-x86_64-cpython-312/gevent/tests/monkey_package
#13 24.09       copying src/gevent/tests/monkey_package/__init__.py -> build/lib.linux-x86_64-cpython-312/gevent/tests/monkey_package
#13 24.09       copying src/gevent/tests/monkey_package/__main__.py -> build/lib.linux-x86_64-cpython-312/gevent/tests/monkey_package
#13 24.09       copying src/gevent/tests/monkey_package/issue1526_no_monkey.py -> build/lib.linux-x86_64-cpython-312/gevent/tests/monkey_package
#13 24.09       copying src/gevent/tests/monkey_package/issue1526_with_monkey.py -> build/lib.linux-x86_64-cpython-312/gevent/tests/monkey_package
#13 24.09       copying src/gevent/tests/monkey_package/issue302monkey.py -> build/lib.linux-x86_64-cpython-312/gevent/tests/monkey_package
#13 24.09       copying src/gevent/tests/monkey_package/script.py -> build/lib.linux-x86_64-cpython-312/gevent/tests/monkey_package
#13 24.09       copying src/gevent/tests/monkey_package/threadpool_monkey_patches.py -> build/lib.linux-x86_64-cpython-312/gevent/tests/monkey_package
#13 24.09       copying src/gevent/tests/monkey_package/threadpool_no_monkey.py -> build/lib.linux-x86_64-cpython-312/gevent/tests/monkey_package
#13 24.09       creating build/lib.linux-x86_64-cpython-312/gevent/testing/coveragesite
#13 24.09       copying src/gevent/testing/coveragesite/sitecustomize.py -> build/lib.linux-x86_64-cpython-312/gevent/testing/coveragesite
#13 24.09       copying src/gevent/tests/2_7_keycert.pem -> build/lib.linux-x86_64-cpython-312/gevent/tests
#13 24.09       copying src/gevent/tests/badcert.pem -> build/lib.linux-x86_64-cpython-312/gevent/tests
#13 24.09       copying src/gevent/tests/badkey.pem -> build/lib.linux-x86_64-cpython-312/gevent/tests
#13 24.09       copying src/gevent/tests/https_svn_python_org_root.pem -> build/lib.linux-x86_64-cpython-312/gevent/tests
#13 24.09       copying src/gevent/tests/keycert.pem -> build/lib.linux-x86_64-cpython-312/gevent/tests
#13 24.09       copying src/gevent/tests/nullcert.pem -> build/lib.linux-x86_64-cpython-312/gevent/tests
#13 24.09       copying src/gevent/tests/sha256.pem -> build/lib.linux-x86_64-cpython-312/gevent/tests
#13 24.09       copying src/gevent/tests/wrongcert.pem -> build/lib.linux-x86_64-cpython-312/gevent/tests
#13 24.09       copying src/gevent/tests/server.crt -> build/lib.linux-x86_64-cpython-312/gevent/tests
#13 24.09       copying src/gevent/tests/test_server.crt -> build/lib.linux-x86_64-cpython-312/gevent/tests
#13 24.09       copying src/gevent/tests/hosts_file.txt -> build/lib.linux-x86_64-cpython-312/gevent/tests
#13 24.09       copying src/gevent/tests/tests_that_dont_do_leakchecks.txt -> build/lib.linux-x86_64-cpython-312/gevent/tests
#13 24.09       copying src/gevent/tests/tests_that_dont_monkeypatch.txt -> build/lib.linux-x86_64-cpython-312/gevent/tests
#13 24.09       copying src/gevent/tests/tests_that_dont_use_resolver.txt -> build/lib.linux-x86_64-cpython-312/gevent/tests
#13 24.09       copying src/gevent/tests/server.key -> build/lib.linux-x86_64-cpython-312/gevent/tests
#13 24.09       copying src/gevent/tests/test_server.key -> build/lib.linux-x86_64-cpython-312/gevent/tests
#13 24.09       running build_ext
#13 24.09       generating cffi module 'build/temp.linux-x86_64-cpython-312/gevent.libuv._corecffi.c'
#13 24.09       creating build/temp.linux-x86_64-cpython-312
#13 24.09       Running '(cd  "/tmp/pip-install-6haf0tu9/gevent_95c921b10cb248ee8c1c8c8a2659da64/deps/libev"  && sh ./configure -C > configure-output.txt )' in /tmp/pip-install-6haf0tu9/gevent_95c921b10cb248ee8c1c8c8a2659da64
#13 24.09       ./configure: line 6414: /usr/bin/file: not found
#13 24.09       config.status: error: in `/tmp/pip-install-6haf0tu9/gevent_95c921b10cb248ee8c1c8c8a2659da64/deps/libev':
#13 24.09       config.status: error: Something went wrong bootstrapping makefile fragments
#13 24.09           for automatic dependency tracking.  Try re-running configure with the
#13 24.09           '--disable-dependency-tracking' option to at least be able to build
#13 24.09           the package (albeit without support for automatic dependency tracking).
#13 24.09       See `config.log' for more details
#13 24.09       Traceback (most recent call last):
#13 24.09         File "/usr/local/lib/python3.12/site-packages/pip/_vendor/pyproject_hooks/_in_process/_in_process.py", line 353, in <module>
#13 24.09           main()
#13 24.09         File "/usr/local/lib/python3.12/site-packages/pip/_vendor/pyproject_hooks/_in_process/_in_process.py", line 335, in main
#13 24.09           json_out['return_val'] = hook(**hook_input['kwargs'])
#13 24.09                                    ^^^^^^^^^^^^^^^^^^^^^^^^^^^^
#13 24.09         File "/usr/local/lib/python3.12/site-packages/pip/_vendor/pyproject_hooks/_in_process/_in_process.py", line 251, in build_wheel
#13 24.09           return _build_backend().build_wheel(wheel_directory, config_settings,
#13 24.09                  ^^^^^^^^^^^^^^^^^^^^^^^^^^^^^^^^^^^^^^^^^^^^^^^^^^^^^^^^^^^^^^
#13 24.09         File "/tmp/pip-build-env-swjvup05/overlay/lib/python3.12/site-packages/setuptools/build_meta.py", line 415, in build_wheel
#13 24.09           return self._build_with_temp_dir(
#13 24.09                  ^^^^^^^^^^^^^^^^^^^^^^^^^^
#13 24.09         File "/tmp/pip-build-env-swjvup05/overlay/lib/python3.12/site-packages/setuptools/build_meta.py", line 397, in _build_with_temp_dir
#13 24.09           self.run_setup()
#13 24.09         File "/tmp/pip-build-env-swjvup05/overlay/lib/python3.12/site-packages/setuptools/build_meta.py", line 313, in run_setup
#13 24.09           exec(code, locals())
#13 24.09         File "<string>", line 496, in <module>
#13 24.09         File "<string>", line 362, in run_setup
#13 24.09         File "/tmp/pip-build-env-swjvup05/overlay/lib/python3.12/site-packages/setuptools/__init__.py", line 108, in setup
#13 24.09           return distutils.core.setup(**attrs)
#13 24.09                  ^^^^^^^^^^^^^^^^^^^^^^^^^^^^^
#13 24.09         File "/tmp/pip-build-env-swjvup05/overlay/lib/python3.12/site-packages/setuptools/_distutils/core.py", line 184, in setup
#13 24.09           return run_commands(dist)
#13 24.09                  ^^^^^^^^^^^^^^^^^^
#13 24.09         File "/tmp/pip-build-env-swjvup05/overlay/lib/python3.12/site-packages/setuptools/_distutils/core.py", line 200, in run_commands
#13 24.09           dist.run_commands()
#13 24.09         File "/tmp/pip-build-env-swjvup05/overlay/lib/python3.12/site-packages/setuptools/_distutils/dist.py", line 970, in run_commands
#13 24.09           self.run_command(cmd)
#13 24.09         File "/tmp/pip-build-env-swjvup05/overlay/lib/python3.12/site-packages/setuptools/dist.py", line 945, in run_command
#13 24.09           super().run_command(command)
#13 24.09         File "/tmp/pip-build-env-swjvup05/overlay/lib/python3.12/site-packages/setuptools/_distutils/dist.py", line 989, in run_command
#13 24.09           cmd_obj.run()
#13 24.09         File "/tmp/pip-build-env-swjvup05/overlay/lib/python3.12/site-packages/setuptools/command/bdist_wheel.py", line 373, in run
#13 24.09           self.run_command("build")
#13 24.09         File "/tmp/pip-build-env-swjvup05/overlay/lib/python3.12/site-packages/setuptools/_distutils/cmd.py", line 316, in run_command
#13 24.09           self.distribution.run_command(command)
#13 24.09         File "/tmp/pip-build-env-swjvup05/overlay/lib/python3.12/site-packages/setuptools/dist.py", line 945, in run_command
#13 24.09           super().run_command(command)
#13 24.09         File "/tmp/pip-build-env-swjvup05/overlay/lib/python3.12/site-packages/setuptools/_distutils/dist.py", line 989, in run_command
#13 24.09           cmd_obj.run()
#13 24.09         File "/tmp/pip-build-env-swjvup05/overlay/lib/python3.12/site-packages/setuptools/_distutils/command/build.py", line 135, in run
#13 24.09           self.run_command(cmd_name)
#13 24.09         File "/tmp/pip-build-env-swjvup05/overlay/lib/python3.12/site-packages/setuptools/_distutils/cmd.py", line 316, in run_command
#13 24.09           self.distribution.run_command(command)
#13 24.09         File "/tmp/pip-build-env-swjvup05/overlay/lib/python3.12/site-packages/setuptools/dist.py", line 945, in run_command
#13 24.09           super().run_command(command)
#13 24.09         File "/tmp/pip-build-env-swjvup05/overlay/lib/python3.12/site-packages/setuptools/_distutils/dist.py", line 989, in run_command
#13 24.09           cmd_obj.run()
#13 24.09         File "/tmp/pip-build-env-swjvup05/overlay/lib/python3.12/site-packages/cffi/setuptools_ext.py", line 141, in run
#13 24.09           ext.sources[0] = make_mod(self.build_temp, pre_run)
#13 24.09                            ^^^^^^^^^^^^^^^^^^^^^^^^^^^^^^^^^^
#13 24.09         File "/tmp/pip-build-env-swjvup05/overlay/lib/python3.12/site-packages/cffi/setuptools_ext.py", line 126, in make_mod
#13 24.09           pre_run(ext, ffi)
#13 24.09         File "/tmp/pip-install-6haf0tu9/gevent_95c921b10cb248ee8c1c8c8a2659da64/_setuputils.py", line 381, in pre_run
#13 24.09           action()
#13 24.09         File "/tmp/pip-install-6haf0tu9/gevent_95c921b10cb248ee8c1c8c8a2659da64/_setuplibev.py", line 55, in configure_libev
#13 24.09           system(libev_configure_command)
#13 24.09         File "/tmp/pip-install-6haf0tu9/gevent_95c921b10cb248ee8c1c8c8a2659da64/_setuputils.py", line 195, in system
#13 24.09           if _system(cmd, cwd=cwd, env=env, **kwargs):
#13 24.09              ^^^^^^^^^^^^^^^^^^^^^^^^^^^^^^^^^^^^^^^^
#13 24.09         File "/tmp/pip-install-6haf0tu9/gevent_95c921b10cb248ee8c1c8c8a2659da64/_setuputils.py", line 191, in _system
#13 24.09           return check_call(cmd, cwd=cwd, env=env, **kwargs)
#13 24.09                  ^^^^^^^^^^^^^^^^^^^^^^^^^^^^^^^^^^^^^^^^^^^
#13 24.09         File "/usr/local/lib/python3.12/subprocess.py", line 413, in check_call
#13 24.09           raise CalledProcessError(retcode, cmd)
#13 24.09       subprocess.CalledProcessError: Command '(cd  "/tmp/pip-install-6haf0tu9/gevent_95c921b10cb248ee8c1c8c8a2659da64/deps/libev"  && sh ./configure -C > configure-output.txt )' returned non-zero exit status 1.
#13 24.09       [end of output]
#13 24.09   
#13 24.09   note: This error originates from a subprocess, and is likely not a problem with pip.
#13 24.09   ERROR: Failed building wheel for gevent
#13 24.09   Building wheel for greenlet (setup.py): started
#13 24.42   Building wheel for greenlet (setup.py): finished with status 'error'
#13 24.43   error: subprocess-exited-with-error
#13 24.43   
#13 24.43   × python setup.py bdist_wheel did not run successfully.
#13 24.43   │ exit code: 1
#13 24.43   ╰─> [96 lines of output]
#13 24.43       running bdist_wheel
#13 24.43       running build
#13 24.43       running build_py
#13 24.43       creating build
#13 24.43       creating build/lib.linux-x86_64-cpython-312
#13 24.43       creating build/lib.linux-x86_64-cpython-312/greenlet
#13 24.43       copying src/greenlet/__init__.py -> build/lib.linux-x86_64-cpython-312/greenlet
#13 24.43       creating build/lib.linux-x86_64-cpython-312/greenlet/platform
#13 24.43       copying src/greenlet/platform/__init__.py -> build/lib.linux-x86_64-cpython-312/greenlet/platform
#13 24.43       creating build/lib.linux-x86_64-cpython-312/greenlet/tests
#13 24.43       copying src/greenlet/tests/__init__.py -> build/lib.linux-x86_64-cpython-312/greenlet/tests
#13 24.43       copying src/greenlet/tests/leakcheck.py -> build/lib.linux-x86_64-cpython-312/greenlet/tests
#13 24.43       copying src/greenlet/tests/test_contextvars.py -> build/lib.linux-x86_64-cpython-312/greenlet/tests
#13 24.43       copying src/greenlet/tests/test_cpp.py -> build/lib.linux-x86_64-cpython-312/greenlet/tests
#13 24.43       copying src/greenlet/tests/test_extension_interface.py -> build/lib.linux-x86_64-cpython-312/greenlet/tests
#13 24.43       copying src/greenlet/tests/test_gc.py -> build/lib.linux-x86_64-cpython-312/greenlet/tests
#13 24.43       copying src/greenlet/tests/test_generator.py -> build/lib.linux-x86_64-cpython-312/greenlet/tests
#13 24.43       copying src/greenlet/tests/test_generator_nested.py -> build/lib.linux-x86_64-cpython-312/greenlet/tests
#13 24.43       copying src/greenlet/tests/test_greenlet.py -> build/lib.linux-x86_64-cpython-312/greenlet/tests
#13 24.43       copying src/greenlet/tests/test_greenlet_trash.py -> build/lib.linux-x86_64-cpython-312/greenlet/tests
#13 24.43       copying src/greenlet/tests/test_leaks.py -> build/lib.linux-x86_64-cpython-312/greenlet/tests
#13 24.43       copying src/greenlet/tests/test_stack_saved.py -> build/lib.linux-x86_64-cpython-312/greenlet/tests
#13 24.43       copying src/greenlet/tests/test_throw.py -> build/lib.linux-x86_64-cpython-312/greenlet/tests
#13 24.43       copying src/greenlet/tests/test_tracing.py -> build/lib.linux-x86_64-cpython-312/greenlet/tests
#13 24.43       copying src/greenlet/tests/test_version.py -> build/lib.linux-x86_64-cpython-312/greenlet/tests
#13 24.43       copying src/greenlet/tests/test_weakref.py -> build/lib.linux-x86_64-cpython-312/greenlet/tests
#13 24.43       running egg_info
#13 24.43       writing src/greenlet.egg-info/PKG-INFO
#13 24.43       writing dependency_links to src/greenlet.egg-info/dependency_links.txt
#13 24.43       writing requirements to src/greenlet.egg-info/requires.txt
#13 24.43       writing top-level names to src/greenlet.egg-info/top_level.txt
#13 24.43       reading manifest file 'src/greenlet.egg-info/SOURCES.txt'
#13 24.43       reading manifest template 'MANIFEST.in'
#13 24.43       warning: no previously-included files found matching 'benchmarks/*.json'
#13 24.43       no previously-included directories found matching 'docs/_build'
#13 24.43       warning: no files found matching '*.py' under directory 'appveyor'
#13 24.43       warning: no previously-included files matching '*.pyc' found anywhere in distribution
#13 24.43       warning: no previously-included files matching '*.pyd' found anywhere in distribution
#13 24.43       warning: no previously-included files matching '*.so' found anywhere in distribution
#13 24.43       warning: no previously-included files matching '.coverage' found anywhere in distribution
#13 24.43       adding license file 'LICENSE'
#13 24.43       adding license file 'LICENSE.PSF'
#13 24.43       adding license file 'AUTHORS'
#13 24.43       writing manifest file 'src/greenlet.egg-info/SOURCES.txt'
#13 24.43       copying src/greenlet/greenlet.cpp -> build/lib.linux-x86_64-cpython-312/greenlet
#13 24.43       copying src/greenlet/greenlet.h -> build/lib.linux-x86_64-cpython-312/greenlet
#13 24.43       copying src/greenlet/greenlet_allocator.hpp -> build/lib.linux-x86_64-cpython-312/greenlet
#13 24.43       copying src/greenlet/greenlet_compiler_compat.hpp -> build/lib.linux-x86_64-cpython-312/greenlet
#13 24.43       copying src/greenlet/greenlet_cpython_compat.hpp -> build/lib.linux-x86_64-cpython-312/greenlet
#13 24.43       copying src/greenlet/greenlet_exceptions.hpp -> build/lib.linux-x86_64-cpython-312/greenlet
#13 24.43       copying src/greenlet/greenlet_greenlet.hpp -> build/lib.linux-x86_64-cpython-312/greenlet
#13 24.43       copying src/greenlet/greenlet_internal.hpp -> build/lib.linux-x86_64-cpython-312/greenlet
#13 24.43       copying src/greenlet/greenlet_refs.hpp -> build/lib.linux-x86_64-cpython-312/greenlet
#13 24.43       copying src/greenlet/greenlet_slp_switch.hpp -> build/lib.linux-x86_64-cpython-312/greenlet
#13 24.43       copying src/greenlet/greenlet_thread_state.hpp -> build/lib.linux-x86_64-cpython-312/greenlet
#13 24.43       copying src/greenlet/greenlet_thread_state_dict_cleanup.hpp -> build/lib.linux-x86_64-cpython-312/greenlet
#13 24.43       copying src/greenlet/greenlet_thread_support.hpp -> build/lib.linux-x86_64-cpython-312/greenlet
#13 24.43       copying src/greenlet/slp_platformselect.h -> build/lib.linux-x86_64-cpython-312/greenlet
#13 24.43       copying src/greenlet/platform/setup_switch_x64_masm.cmd -> build/lib.linux-x86_64-cpython-312/greenlet/platform
#13 24.43       copying src/greenlet/platform/switch_aarch64_gcc.h -> build/lib.linux-x86_64-cpython-312/greenlet/platform
#13 24.43       copying src/greenlet/platform/switch_alpha_unix.h -> build/lib.linux-x86_64-cpython-312/greenlet/platform
#13 24.43       copying src/greenlet/platform/switch_amd64_unix.h -> build/lib.linux-x86_64-cpython-312/greenlet/platform
#13 24.43       copying src/greenlet/platform/switch_arm32_gcc.h -> build/lib.linux-x86_64-cpython-312/greenlet/platform
#13 24.43       copying src/greenlet/platform/switch_arm32_ios.h -> build/lib.linux-x86_64-cpython-312/greenlet/platform
#13 24.43       copying src/greenlet/platform/switch_arm64_masm.asm -> build/lib.linux-x86_64-cpython-312/greenlet/platform
#13 24.43       copying src/greenlet/platform/switch_arm64_masm.obj -> build/lib.linux-x86_64-cpython-312/greenlet/platform
#13 24.43       copying src/greenlet/platform/switch_arm64_msvc.h -> build/lib.linux-x86_64-cpython-312/greenlet/platform
#13 24.43       copying src/greenlet/platform/switch_csky_gcc.h -> build/lib.linux-x86_64-cpython-312/greenlet/platform
#13 24.43       copying src/greenlet/platform/switch_m68k_gcc.h -> build/lib.linux-x86_64-cpython-312/greenlet/platform
#13 24.43       copying src/greenlet/platform/switch_mips_unix.h -> build/lib.linux-x86_64-cpython-312/greenlet/platform
#13 24.43       copying src/greenlet/platform/switch_ppc64_aix.h -> build/lib.linux-x86_64-cpython-312/greenlet/platform
#13 24.43       copying src/greenlet/platform/switch_ppc64_linux.h -> build/lib.linux-x86_64-cpython-312/greenlet/platform
#13 24.43       copying src/greenlet/platform/switch_ppc_aix.h -> build/lib.linux-x86_64-cpython-312/greenlet/platform
#13 24.43       copying src/greenlet/platform/switch_ppc_linux.h -> build/lib.linux-x86_64-cpython-312/greenlet/platform
#13 24.43       copying src/greenlet/platform/switch_ppc_macosx.h -> build/lib.linux-x86_64-cpython-312/greenlet/platform
#13 24.43       copying src/greenlet/platform/switch_ppc_unix.h -> build/lib.linux-x86_64-cpython-312/greenlet/platform
#13 24.43       copying src/greenlet/platform/switch_riscv_unix.h -> build/lib.linux-x86_64-cpython-312/greenlet/platform
#13 24.43       copying src/greenlet/platform/switch_s390_unix.h -> build/lib.linux-x86_64-cpython-312/greenlet/platform
#13 24.43       copying src/greenlet/platform/switch_sparc_sun_gcc.h -> build/lib.linux-x86_64-cpython-312/greenlet/platform
#13 24.43       copying src/greenlet/platform/switch_x32_unix.h -> build/lib.linux-x86_64-cpython-312/greenlet/platform
#13 24.43       copying src/greenlet/platform/switch_x64_masm.asm -> build/lib.linux-x86_64-cpython-312/greenlet/platform
#13 24.43       copying src/greenlet/platform/switch_x64_masm.obj -> build/lib.linux-x86_64-cpython-312/greenlet/platform
#13 24.43       copying src/greenlet/platform/switch_x64_msvc.h -> build/lib.linux-x86_64-cpython-312/greenlet/platform
#13 24.43       copying src/greenlet/platform/switch_x86_msvc.h -> build/lib.linux-x86_64-cpython-312/greenlet/platform
#13 24.43       copying src/greenlet/platform/switch_x86_unix.h -> build/lib.linux-x86_64-cpython-312/greenlet/platform
#13 24.43       copying src/greenlet/tests/_test_extension.c -> build/lib.linux-x86_64-cpython-312/greenlet/tests
#13 24.43       copying src/greenlet/tests/_test_extension_cpp.cpp -> build/lib.linux-x86_64-cpython-312/greenlet/tests
#13 24.43       running build_ext
#13 24.43       building 'greenlet._greenlet' extension
#13 24.43       creating build/temp.linux-x86_64-cpython-312
#13 24.43       creating build/temp.linux-x86_64-cpython-312/src
#13 24.43       creating build/temp.linux-x86_64-cpython-312/src/greenlet
#13 24.43       gcc -fno-strict-overflow -Wsign-compare -DNDEBUG -g -O3 -Wall -fPIC -I/usr/local/include/python3.12 -c src/greenlet/greenlet.cpp -o build/temp.linux-x86_64-cpython-312/src/greenlet/greenlet.o
#13 24.43       gcc: fatal error: cannot execute 'cc1plus': execvp: No such file or directory
#13 24.43       compilation terminated.
#13 24.43       error: command '/usr/bin/gcc' failed with exit code 1
#13 24.43       [end of output]
#13 24.43   
#13 24.43   note: This error originates from a subprocess, and is likely not a problem with pip.
#13 24.43   ERROR: Failed building wheel for greenlet
#13 24.43   Running setup.py clean for greenlet
#13 24.63   Building wheel for Pillow (setup.py): started
#13 52.93   Building wheel for Pillow (setup.py): finished with status 'done'
#13 52.94   Created wheel for Pillow: filename=Pillow-9.4.0-cp312-cp312-linux_x86_64.whl size=1227807 sha256=a6a68ac71f5b8b0d9087e48fb8b1622d328db514d17b3c28e5ce722cf6e3e8a2
#13 52.94   Stored in directory: /tmp/pip-ephem-wheel-cache-71cozdao/wheels/f3/bd/fa/c7606e3b0644710a556108233c428d43249d98e562ccf055b9
#13 52.94   Building wheel for peewee (pyproject.toml): started
#13 53.28   Building wheel for peewee (pyproject.toml): finished with status 'done'
#13 53.28   Created wheel for peewee: filename=peewee-3.17.6-py3-none-any.whl size=138890 sha256=e29e749025fbfce11969c279da0ba88a909dca10906b07d61183cdb1e27bfbdb
#13 53.28   Stored in directory: /tmp/pip-ephem-wheel-cache-71cozdao/wheels/a6/5e/0f/8319805c4115320e0d3e8fb5799b114a2e4c4a3d6c7e523b06
#13 53.29   Building wheel for progressbar (setup.py): started
#13 53.54   Building wheel for progressbar (setup.py): finished with status 'done'
#13 53.54   Created wheel for progressbar: filename=progressbar-2.5-py3-none-any.whl size=12065 sha256=a9cb9253e311691fa13e6543426ac44f292c0d4e53a1b6e73136197ef67210de
#13 53.54   Stored in directory: /tmp/pip-ephem-wheel-cache-71cozdao/wheels/a5/4d/c7/f3cf0f75c746c219090060131fe00f1523cc2c5484991f4030
#13 53.54   Building wheel for typed-ast (setup.py): started
#13 70.39   Building wheel for typed-ast (setup.py): finished with status 'done'
#13 70.39   Created wheel for typed-ast: filename=typed_ast-1.5.5-cp312-cp312-linux_x86_64.whl size=829838 sha256=014a599be02bdc789b0f566fff927ce31d832b0a1c013bab1c7008ae1d8cf064
#13 70.39   Stored in directory: /tmp/pip-ephem-wheel-cache-71cozdao/wheels/7d/85/f8/cb309265bf60f840369ca24241385ae985caab44af05272b6a
#13 70.39   Building wheel for zope.interface (setup.py): started
#13 71.58   Building wheel for zope.interface (setup.py): finished with status 'done'
#13 71.58   Created wheel for zope.interface: filename=zope.interface-6.4.post2-cp312-cp312-linux_x86_64.whl size=251737 sha256=d68a7ba08f22baf58b7d3f62857945542d49db15e9c44b3135b57dc6b1b5bf8a
#13 71.58   Stored in directory: /tmp/pip-ephem-wheel-cache-71cozdao/wheels/57/92/a1/98de5346be3ac7c88fcb6444f3c0fee4f2ca24b9da1aacece4
#13 71.59 Successfully built Pillow peewee progressbar typed-ast zope.interface
#13 71.59 Failed to build gevent greenlet
#13 71.71 ERROR: ERROR: Failed to build installable wheels for some pyproject.toml based projects (gevent, greenlet)
#13 ERROR: process "/bin/sh -c pip install --no-cache-dir -r requirements.txt" did not complete successfully: exit code: 1
------
 > [ 8/12] RUN pip install --no-cache-dir -r requirements.txt:
70.39   Building wheel for typed-ast (setup.py): finished with status 'done'
70.39   Created wheel for typed-ast: filename=typed_ast-1.5.5-cp312-cp312-linux_x86_64.whl size=829838 sha256=014a599be02bdc789b0f566fff927ce31d832b0a1c013bab1c7008ae1d8cf064
70.39   Stored in directory: /tmp/pip-ephem-wheel-cache-71cozdao/wheels/7d/85/f8/cb309265bf60f840369ca24241385ae985caab44af05272b6a
70.39   Building wheel for zope.interface (setup.py): started
71.58   Building wheel for zope.interface (setup.py): finished with status 'done'
71.58   Created wheel for zope.interface: filename=zope.interface-6.4.post2-cp312-cp312-linux_x86_64.whl size=251737 sha256=d68a7ba08f22baf58b7d3f62857945542d49db15e9c44b3135b57dc6b1b5bf8a
71.58   Stored in directory: /tmp/pip-ephem-wheel-cache-71cozdao/wheels/57/92/a1/98de5346be3ac7c88fcb6444f3c0fee4f2ca24b9da1aacece4
71.59 Successfully built Pillow peewee progressbar typed-ast zope.interface
71.59 Failed to build gevent greenlet
71.71 ERROR: ERROR: Failed to build installable wheels for some pyproject.toml based projects (gevent, greenlet)
------
v1_Dockerfile:13
--------------------
  11 |     RUN apk add --no-cache --virtual cython
  12 |     RUN pip install --no-cache-dir --upgrade pip
  13 | >>> RUN pip install --no-cache-dir -r requirements.txt
  14 |     RUN apk add --no-cache --virtual unrar xz
  15 |     RUN apk del .build-deps gcc musl-dev
--------------------
ERROR: failed to solve: process "/bin/sh -c pip install --no-cache-dir -r requirements.txt" did not complete successfully: exit code: 1
Duration: 1:24.57