
Below is the flaky Dockerfile:

# Dockerfile
```FROM node:8.12-alpine as builder
RUN apk add g++ make python
WORKDIR '/app'
COPY ./package.json ./
RUN npm i node-sass --sass_binary_site=https://npm.taobao.org/mirrors/node-sass/
RUN npm --registry=https://registry.npm.taobao.org install
RUN npm install
COPY . .
RUN npm run build:prod

FROM nginx
EXPOSE 9527
COPY nginx.conf /etc/nginx/
COPY --from=builder /app/dist /usr/share/nginx/html/
```

And below is the build error that occurred when trying to build the Dockerfile:
# Build Error
```> [builder 6/9] RUN npm --registry=https://registry.npm.taobao.org install:
HTTP error 404 Not Found
Hint: If github.com is not accessible in your location
      try setting a proxy via HTTP_PROXY, e.g. 
      export HTTP_PROXY=http://example.com:1234
or configure npm proxy via
      npm config set proxy http://example.com:8080
npm ERR! code CERT_HAS_EXPIRED
npm ERR! errno CERT_HAS_EXPIRED
npm ERR! request to https://registry.npm.taobao.org/clipboard failed, reason: certificate has expired
npm ERR! A complete log of this run can be found in:
npm ERR!     /root/.npm/_logs/2024-07-31T01_27_29_351Z-debug.log
ERROR: process "/bin/sh -c npm --registry=https://registry.npm.taobao.org install" did not complete successfully: exit code: 1```

Below are a few examples of dockerfiles and their build errors alongside their repairs. These examples are provided to help you understand the task better.

# Example 1
## Example Dockerfile
```FROM node:8

COPY env.js nuxt.config.js package.json .editorconfig .eslintrc.js package-lock.json /app/

WORKDIR /app

RUN npm install --registry=https://registry.npm.taobao.org

COPY . /app

RUN npm run build

ENV HOST=0.0.0.0

CMD ["npm","start"]

```

## Example Build Error
```> [4/6] RUN npm install --registry=https://registry.npm.taobao.org:
npm WARN deprecated nuxt-i18n@5.12.7: Please use the @nuxtjs/i18n package going forward
npm WARN deprecated acorn-dynamic-import@4.0.0: This is probably built in to whatever tool you're using. If you still need it... idk
npm WARN deprecated @kazupon/vue-i18n-loader@0.3.0: WARNING: If you would like to use @kazupon/vue-i18n-loader that is released new features and bug fixes, you need to install @intlify/vue-i18n-loader.
npm WARN deprecated vue-i18n-extensions@0.2.1: WARNING: If you would like to use vue-i18n-extensions that is released new features and bug fixes, you need to install @intlify/vue-i18n-extensions.
npm ERR! code EINTEGRITY
npm ERR! sha512-z8H8/diyk76B7q5wg+Ud0+CqzcAF3mBBI/bA5ne5zrRUUIvNkJY//D3BqyH571KuAC4Nr7Rw7CjWX4r0y9DvNg== integrity checksum failed when using sha512: wanted sha512-z8H8/diyk76B7q5wg+Ud0+CqzcAF3mBBI/bA5ne5zrRUUIvNkJY//D3BqyH571KuAC4Nr7Rw7CjWX4r0y9DvNg== but got sha512-+ux3lx6peh0BpvY0JebGyZoiR4D+oYzdPZMKJwkZ+sFkNJzpL7tXc/wehS49gUAxg3tmMHPHZkA8JU2rhhgDHw==. (649719 bytes)
npm ERR! A complete log of this run can be found in:
npm ERR!     /root/.npm/_logs/2023-10-12T15_17_50_163Z-debug.log
ERROR: process "/bin/sh -c npm install --registry=https://registry.npm.taobao.org" did not complete successfully: exit code: 1```

## Example Repair

### Repair 1
```FROM node:8

COPY env.js nuxt.config.js package.json .editorconfig .eslintrc.js package-lock.json /app/

WORKDIR /app

RUN npm install

COPY . /app

RUN npm run build

ENV HOST=0.0.0.0

CMD ["npm","start"]

```


# Example 2
## Example Dockerfile
```FROM mhart/alpine-node:9

WORKDIR /app
COPY . /app

RUN rm -f package-lock.json \
    ; rm -rf .idea \
    ; rm -rf node_modules \
    ; npm config set registry "https://registry.npm.taobao.org/" \
    && npm install

EXPOSE 3000
CMD ["node", "app.js"]

```

## Example Build Error
```> [4/4] RUN rm -f package-lock.json     ; rm -rf .idea     ; rm -rf node_modules     ; npm config set registry "https://registry.npm.taobao.org/"     && npm install:
npm WARN deprecated request@2.88.2: request has been deprecated, see https://github.com/request/request/issues/3142
npm WARN deprecated mkdirp@0.5.1: Legacy versions of mkdirp are no longer supported. Please update to mkdirp 1.x. (Note that the API surface has changed to use Promises in 1.x.)
npm WARN deprecated har-validator@5.1.5: this library is no longer supported
npm WARN deprecated uuid@3.4.0: Please upgrade  to version 7 or higher.  Older versions may use Math.random() in certain circumstances, which is known to be problematic.  See https://v8.dev/blog/math-random for details.
npm WARN deprecated core-js@2.6.12: core-js@<3.is no longer maintained and not recommended for usage due to the number of issues. Because of the V8 engine whims, feature detection in old core-js versions could cause a slowdown up to 100x even if nothing is polyfilled. Some versions have web compatibility issues. Please, upgrade your dependencies to the actual version of core-js.
npm ERR! code ERR_STREAM_WRITE_AFTER_END
npm ERR! write after end
npm ERR! A complete log of this run can be found in:
npm ERR!     /root/.npm/_logs/2023-07-03T00_39_26_158Z-debug.log
ERROR: process "/bin/sh -c rm -f package-lock.json     ; rm -rf .idea     ; rm -rf node_modules     ; npm config set registry \"https://registry.npm.taobao.org/\"     && npm install" did not complete successfully: exit code: 1```

## Example Repair

### Repair 1
```FROM mhart/alpine-node:9

WORKDIR /app
COPY . /app

RUN rm -f package-lock.json \
    ; rm -rf .idea \
    ; rm -rf node_modules \
    ; npm install -g npm@5.6.0 \
    && npm install

EXPOSE 3000
CMD ["node", "app.js"]

```


### Repair 2
```FROM mhart/alpine-node:9

WORKDIR /app
COPY . /app

RUN rm -f package-lock.json \
    ; rm -rf .idea \
    ; rm -rf node_modules \
    ; npm install -g npm@6.1.0 \
    && npm install

EXPOSE 3000
CMD ["node", "app.js"]

```


# Example 3
## Example Dockerfile
```FROM node:onbuild
MAINTAINER "Antoine Bluchet <soyuka@gmail.com>"
ENV EXPLORER_CONFIG="/opt/explorer"
RUN npm rebuild && \
        npm install gulp bower -g && \
        bower install --allow-root && \
        gulp

```

## Example Build Error
```> [5/2] RUN npm rebuild &&         npm install gulp bower -g &&         bower install --allow-root &&         gulp:
zip-stream@0./usr/src/app/node_modules/zip-stream
async@1./usr/src/app/node_modules/async
raw-body@2./usr/src/app/node_modules/raw-body
fresh@0./usr/src/app/node_modules/fresh
gaze@0./usr/src/app/node_modules/gaze
> es5-ext@0.postinstall /usr/local/lib/node_modules/gulp/node_modules/es5-ext
>  node -e "try{require('./_postinstall')}catch(e){}" || exit 0
npm WARN optional SKIPPING OPTIONAL DEPENDENCY: fsevents@^1.(node_modules/gulp/node_modules/chokidar/node_modules/fsevents):
npm WARN notsup SKIPPING OPTIONAL DEPENDENCY: Unsupported platform for fsevents@1.2.13: wanted {"os":"darwin","arch":"any"} (current: {"os":"linux","arch":"x64"})
+ gulp@4.0.2
+ bower@1.8.14
added 326 packages in 14.959s
bower foundation#~5.CERT_HAS_EXPIRED Request to https://registry.bower.io/packages/foundation failed: certificate has expired
ERROR: process "/bin/sh -c npm rebuild &&         npm install gulp bower -g &&         bower install --allow-root &&         gulp" did not complete successfully: exit code: 1```

## Example Repair

### Repair 1
```FROM node:onbuild
MAINTAINER "Antoine Bluchet <soyuka@gmail.com>"
ENV EXPLORER_CONFIG="/opt/explorer"
RUN npm rebuild && \
    npm install gulp bower -g && \
    npm config set strict-ssl false && \
    bower --allow-root install --config.interactive=false && \
    gulp```

Below are a few false repairs that an LLM previously made by mistake for the input flaky Dockerfile along with their build outputs as further demonstrations. These examples are provided to help you understand the task better and to avoid making the same mistakes. So, do not generate the exact false repair generated previously, but you can get ideas from them.

# False Repair 1
## False Repair Dockerfile
```FROM node:8.12-alpine as builder
RUN apk add g++ make python
WORKDIR '/app'
COPY ./package.json ./
RUN npm i node-sass --sass_binary_site=https://npm.taobao.org/mirrors/node-sass/
RUN npm install
COPY . .
RUN npm run build:prod

FROM nginx
EXPOSE 9527
COPY nginx.conf /etc/nginx/
COPY --from=builder /app/dist /usr/share/nginx/html/```

## False Repair Build Output
```> [builder 6/8] RUN npm install:
HTTP error 404 Not Found
Hint: If github.com is not accessible in your location
      try setting a proxy via HTTP_PROXY, e.g. 
      export HTTP_PROXY=http://example.com:1234
or configure npm proxy via
      npm config set proxy http://example.com:8080
npm WARN optional SKIPPING OPTIONAL DEPENDENCY: fsevents@~2.(node_modules/watchpack/node_modules/chokidar/node_modules/fsevents):
npm WARN notsup SKIPPING OPTIONAL DEPENDENCY: Unsupported platform for fsevents@2.3.3: wanted {"os":"darwin","arch":"any"} (current: {"os":"linux","arch":"x64"})
npm WARN optional SKIPPING OPTIONAL DEPENDENCY: fsevents@^1.(node_modules/watchpack-chokidar2/node_modules/chokidar/node_modules/fsevents):
npm WARN notsup SKIPPING OPTIONAL DEPENDENCY: Unsupported platform for fsevents@1.2.13: wanted {"os":"darwin","arch":"any"} (current: {"os":"linux","arch":"x64"})
npm WARN optional SKIPPING OPTIONAL DEPENDENCY: fsevents@^1.(node_modules/sane/node_modules/fsevents):
npm WARN notsup SKIPPING OPTIONAL DEPENDENCY: Unsupported platform for fsevents@1.2.13: wanted {"os":"darwin","arch":"any"} (current: {"os":"linux","arch":"x64"})
npm ERR! Invalid dependency type requested: alias
npm ERR! A complete log of this run can be found in:
npm ERR!     /root/.npm/_logs/2024-07-31T01_38_13_819Z-debug.log
ERROR: process "/bin/sh -c npm install" did not complete successfully: exit code: 1```


# False Repair 2
## False Repair Dockerfile
```FROM node:8.12-alpine as builder
RUN apk add g++ make python
WORKDIR '/app'
COPY ./package.json ./
RUN npm i node-sass --sass_binary_site=https://npm.taobao.org/mirrors/node-sass/
RUN npm config set strict-ssl false
RUN npm install
COPY . .
RUN npm run build:prod

FROM nginx
EXPOSE 9527
COPY nginx.conf /etc/nginx/
COPY --from=builder /app/dist /usr/share/nginx/html/```

## False Repair Build Output
```> [builder 7/9] RUN npm install:
HTTP error 404 Not Found
Hint: If github.com is not accessible in your location
      try setting a proxy via HTTP_PROXY, e.g. 
      export HTTP_PROXY=http://example.com:1234
or configure npm proxy via
      npm config set proxy http://example.com:8080
  g++ '-DNODE_GYP_MODULE_NAME=libsass' '-DUSING_UV_SHARED=1' '-DUSING_V8_SHARED=1' '-DV8_DEPRECATION_WARNINGS=1' '-D_LARGEFILE_SOURCE' '-D_FILE_OFFSET_BITS=64' '-DLIBSASS_VERSION="3.5.5"' -I/root/.node-gyp/8.12.0/include/node -I/root/.node-gyp/8.12.0/src -I/root/.node-gyp/8.12.0/deps/openssl/config -I/root/.node-gyp/8.12.0/deps/openssl/openssl/include -I/root/.node-gyp/8.12.0/deps/uv/include -I/root/.node-gyp/8.12.0/deps/zlib -I/root/.node-gyp/8.12.0/deps/v8/include -I../src/libsass/include  -fPIC -pthread -Wall -Wextra -Wno-unused-parameter -m64 -O3 -fno-omit-frame-pointer -std=gnu++0x -std=c++0x -fexceptions -frtti -MMD -MF ./Release/.deps/Release/obj.target/libsass/src/libsass/src/sass2scss.o.d.raw   -c -o Release/obj.target/libsass/src/libsass/src/sass2scss.o ../src/libsass/src/sass2scss.cpp
  g++ '-DNODE_GYP_MODULE_NAME=binding' '-DUSING_UV_SHARED=1' '-DUSING_V8_SHARED=1' '-DV8_DEPRECATION_WARNINGS=1' '-D_LARGEFILE_SOURCE' '-D_FILE_OFFSET_BITS=64' '-DBUILDING_NODE_EXTENSION' -I/root/.node-gyp/8.12.0/include/node -I/root/.node-gyp/8.12.0/src -I/root/.node-gyp/8.12.0/deps/openssl/config -I/root/.node-gyp/8.12.0/deps/openssl/openssl/include -I/root/.node-gyp/8.12.0/deps/uv/include -I/root/.node-gyp/8.12.0/deps/zlib -I/root/.node-gyp/8.12.0/deps/v8/include -I../../nan -I../src/libsass/include  -fPIC -pthread -Wall -Wextra -Wno-unused-parameter -m64 -O3 -fno-omit-frame-pointer -fno-rtti -fno-exceptions -std=gnu++0x -std=c++0x -MMD -MF ./Release/.deps/Release/obj.target/binding/src/sass_types/color.o.d.raw   -c -o Release/obj.target/binding/src/sass_types/color.o ../src/sass_types/color.cpp
npm WARN optional SKIPPING OPTIONAL DEPENDENCY: fsevents@~2.(node_modules/watchpack/node_modules/chokidar/node_modules/fsevents):
npm WARN notsup SKIPPING OPTIONAL DEPENDENCY: Unsupported platform for fsevents@2.3.3: wanted {"os":"darwin","arch":"any"} (current: {"os":"linux","arch":"x64"})
npm WARN optional SKIPPING OPTIONAL DEPENDENCY: fsevents@^1.(node_modules/watchpack-chokidar2/node_modules/chokidar/node_modules/fsevents):
npm WARN notsup SKIPPING OPTIONAL DEPENDENCY: Unsupported platform for fsevents@1.2.13: wanted {"os":"darwin","arch":"any"} (current: {"os":"linux","arch":"x64"})
npm WARN optional SKIPPING OPTIONAL DEPENDENCY: fsevents@^1.(node_modules/sane/node_modules/fsevents):
npm WARN notsup SKIPPING OPTIONAL DEPENDENCY: Unsupported platform for fsevents@1.2.13: wanted {"os":"darwin","arch":"any"} (current: {"os":"linux","arch":"x64"})
npm ERR! Invalid dependency type requested: alias
npm ERR! A complete log of this run can be found in:
npm ERR!     /root/.npm/_logs/2024-07-31T01_49_10_130Z-debug.log
ERROR: process "/bin/sh -c npm install" did not complete successfully: exit code: 1```

Your task is to repair the Dockerfile based on the Dockerfile and its build error provided alongside the examples provided for you for as demonstrations. To solve the problem, and based on the information provided, first, you should diagnose which part is causing the flakiness and why. Then, according to the characteristics of that flakiness, repair the Dockerfile. the output Dockerfile must be within five angle brackets:
    <<<<<
    Dockerfile content 
    >>>>>
