#0 building with "default" instance using docker driver

#1 [internal] load .dockerignore
#1 ...

#2 [internal] load build definition from v1_Dockerfile
#2 transferring dockerfile: 630B done
#2 DONE 0.3s

#1 [internal] load .dockerignore
#1 transferring context: 2B done
#1 DONE 0.4s

#3 [auth] library/python:pull token for registry-1.docker.io
#3 DONE 0.0s

#4 [internal] load metadata for docker.io/library/python:alpine
#4 DONE 1.5s

#5 [internal] load build context
#5 DONE 0.0s

#6 [ 1/13] FROM docker.io/library/python:alpine@sha256:7f15e22f496c65cffbbac5e30e7e98d60f3e3b9cc5ee5d51cf3c55ed604787c8
#6 resolve docker.io/library/python:alpine@sha256:7f15e22f496c65cffbbac5e30e7e98d60f3e3b9cc5ee5d51cf3c55ed604787c8
#6 resolve docker.io/library/python:alpine@sha256:7f15e22f496c65cffbbac5e30e7e98d60f3e3b9cc5ee5d51cf3c55ed604787c8 0.2s done
#6 DONE 0.2s

#6 [ 1/13] FROM docker.io/library/python:alpine@sha256:7f15e22f496c65cffbbac5e30e7e98d60f3e3b9cc5ee5d51cf3c55ed604787c8
#6 sha256:7f15e22f496c65cffbbac5e30e7e98d60f3e3b9cc5ee5d51cf3c55ed604787c8 9.02kB / 9.02kB done
#6 sha256:20648901a677433f2585c5410bbf4e217e8df19f436c6d2b25546ecd8a1b33e4 1.93kB / 1.93kB done
#6 sha256:143abac68ee42da16c20e3618ea10d882bfe0e35a89d38ac07d1d434c1067ec0 6.07kB / 6.07kB done
#6 sha256:c6a83fedfae6ed8a4f5f7cbb6a7b6f1c1ec3d86fea8cb9e5ba2e5e6673fde9f6 0B / 3.62MB 0.2s
#6 sha256:2733810d7af88b9d0fb50a075acc0d443d8b08cbc60f059f1971c878d18c6be4 0B / 461.81kB 0.2s
#6 sha256:c6a83fedfae6ed8a4f5f7cbb6a7b6f1c1ec3d86fea8cb9e5ba2e5e6673fde9f6 3.62MB / 3.62MB 0.4s
#6 sha256:2733810d7af88b9d0fb50a075acc0d443d8b08cbc60f059f1971c878d18c6be4 461.81kB / 461.81kB 0.4s
#6 sha256:c96a0e292e9e4d29ed2ae13f9cd74c4d53e32cbd6d31515ee8d38c9464de4f61 0B / 11.78MB 0.4s
#6 sha256:c6a83fedfae6ed8a4f5f7cbb6a7b6f1c1ec3d86fea8cb9e5ba2e5e6673fde9f6 3.62MB / 3.62MB 0.5s done
#6 sha256:c96a0e292e9e4d29ed2ae13f9cd74c4d53e32cbd6d31515ee8d38c9464de4f61 1.05MB / 11.78MB 0.5s
#6 extracting sha256:c6a83fedfae6ed8a4f5f7cbb6a7b6f1c1ec3d86fea8cb9e5ba2e5e6673fde9f6
#6 ...

#5 [internal] load build context
#5 transferring context: 10.08MB 0.3s done
#5 DONE 0.7s

#6 [ 1/13] FROM docker.io/library/python:alpine@sha256:7f15e22f496c65cffbbac5e30e7e98d60f3e3b9cc5ee5d51cf3c55ed604787c8
#6 sha256:2733810d7af88b9d0fb50a075acc0d443d8b08cbc60f059f1971c878d18c6be4 461.81kB / 461.81kB 0.6s done
#6 sha256:c96a0e292e9e4d29ed2ae13f9cd74c4d53e32cbd6d31515ee8d38c9464de4f61 6.29MB / 11.78MB 0.6s
#6 sha256:c96a0e292e9e4d29ed2ae13f9cd74c4d53e32cbd6d31515ee8d38c9464de4f61 11.78MB / 11.78MB 0.8s
#6 sha256:9f803fcc73d23bddb8eacab305eb85799431b41b7a3f3448f9c794ed033bb9dc 0B / 4.16MB 0.8s
#6 sha256:9f803fcc73d23bddb8eacab305eb85799431b41b7a3f3448f9c794ed033bb9dc 4.16MB / 4.16MB 0.9s
#6 sha256:c96a0e292e9e4d29ed2ae13f9cd74c4d53e32cbd6d31515ee8d38c9464de4f61 11.78MB / 11.78MB 0.9s done
#6 sha256:47007a96afcac1a2c3d9c42cd3bf7ba6615fc41d21d64b9363e3fb8738ea4e49 0B / 229B 1.1s
#6 sha256:9f803fcc73d23bddb8eacab305eb85799431b41b7a3f3448f9c794ed033bb9dc 4.16MB / 4.16MB 1.1s done
#6 sha256:47007a96afcac1a2c3d9c42cd3bf7ba6615fc41d21d64b9363e3fb8738ea4e49 229B / 229B 1.2s done
#6 extracting sha256:c6a83fedfae6ed8a4f5f7cbb6a7b6f1c1ec3d86fea8cb9e5ba2e5e6673fde9f6 0.8s done
#6 extracting sha256:2733810d7af88b9d0fb50a075acc0d443d8b08cbc60f059f1971c878d18c6be4
#6 extracting sha256:2733810d7af88b9d0fb50a075acc0d443d8b08cbc60f059f1971c878d18c6be4 0.6s done
#6 extracting sha256:c96a0e292e9e4d29ed2ae13f9cd74c4d53e32cbd6d31515ee8d38c9464de4f61
#6 extracting sha256:c96a0e292e9e4d29ed2ae13f9cd74c4d53e32cbd6d31515ee8d38c9464de4f61 1.8s done
#6 extracting sha256:47007a96afcac1a2c3d9c42cd3bf7ba6615fc41d21d64b9363e3fb8738ea4e49 0.0s done
#6 extracting sha256:9f803fcc73d23bddb8eacab305eb85799431b41b7a3f3448f9c794ed033bb9dc
#6 extracting sha256:9f803fcc73d23bddb8eacab305eb85799431b41b7a3f3448f9c794ed033bb9dc 0.8s done
#6 DONE 7.5s

#7 [ 2/13] WORKDIR /usr/src/app
#7 DONE 2.6s

#8 [ 3/13] COPY requirements.txt ./
#8 DONE 0.5s

#9 [ 4/13] RUN apk add --no-cache --virtual .build-deps gcc musl-dev
#9 1.537 fetch https://dl-cdn.alpinelinux.org/alpine/v3.20/main/x86_64/APKINDEX.tar.gz
#9 1.999 fetch https://dl-cdn.alpinelinux.org/alpine/v3.20/community/x86_64/APKINDEX.tar.gz
#9 3.181 (1/14) Installing libgcc (13.2.1_git20240309-r0)
#9 3.196 (2/14) Installing jansson (2.14-r4)
#9 3.211 (3/14) Installing libstdc++ (13.2.1_git20240309-r0)
#9 3.276 (4/14) Installing zstd-libs (1.5.6-r0)
#9 3.301 (5/14) Installing binutils (2.42-r0)
#9 3.709 (6/14) Installing libgomp (13.2.1_git20240309-r0)
#9 3.752 (7/14) Installing libatomic (13.2.1_git20240309-r0)
#9 3.764 (8/14) Installing gmp (6.3.0-r1)
#9 3.791 (9/14) Installing isl26 (0.26-r1)
#9 3.865 (10/14) Installing mpfr4 (4.2.1-r0)
#9 3.889 (11/14) Installing mpc1 (1.3.1-r1)
#9 3.903 (12/14) Installing gcc (13.2.1_git20240309-r0)
#9 6.423 (13/14) Installing musl-dev (1.2.5-r0)
#9 6.846 (14/14) Installing .build-deps (20240801.062058)
#9 6.846 Executing busybox-1.36.1-r29.trigger
#9 6.900 OK: 165 MiB in 51 packages
#9 DONE 11.9s

#10 [ 5/13] RUN apk add --no-cache --virtual freetype-dev jpeg-dev libpng-dev
#10 1.631 fetch https://dl-cdn.alpinelinux.org/alpine/v3.20/main/x86_64/APKINDEX.tar.gz
#10 2.110 fetch https://dl-cdn.alpinelinux.org/alpine/v3.20/community/x86_64/APKINDEX.tar.gz
#10 3.778 (1/9) Installing libjpeg-turbo (3.0.3-r0)
#10 3.807 (2/9) Installing libturbojpeg (3.0.3-r0)
#10 3.823 (3/9) Installing pkgconf (2.2.0-r0)
#10 3.857 (4/9) Installing libjpeg-turbo-dev (3.0.3-r0)
#10 3.909 (5/9) Installing jpeg-dev (9e-r1)
#10 3.912 (6/9) Installing libpng (1.6.43-r0)
#10 3.935 (7/9) Installing zlib-dev (1.3.1-r1)
#10 3.942 (8/9) Installing libpng-dev (1.6.43-r0)
#10 3.979 (9/9) Installing freetype-dev (20240801.062111)
#10 3.979 Executing busybox-1.36.1-r29.trigger
#10 4.007 OK: 167 MiB in 60 packages
#10 DONE 4.6s

#11 [ 6/13] RUN apk add --no-cache --virtual cython
#11 2.010 fetch https://dl-cdn.alpinelinux.org/alpine/v3.20/main/x86_64/APKINDEX.tar.gz
#11 2.393 fetch https://dl-cdn.alpinelinux.org/alpine/v3.20/community/x86_64/APKINDEX.tar.gz
#11 3.419 WARNING: creating empty virtual package
#11 3.436 (1/1) Installing cython (20240801.062115)
#11 3.438 OK: 167 MiB in 61 packages
#11 DONE 3.9s

#12 [ 7/13] RUN apk add --no-cache libffi-dev
#12 1.652 fetch https://dl-cdn.alpinelinux.org/alpine/v3.20/main/x86_64/APKINDEX.tar.gz
#12 2.014 fetch https://dl-cdn.alpinelinux.org/alpine/v3.20/community/x86_64/APKINDEX.tar.gz
#12 2.921 (1/2) Installing linux-headers (6.6-r0)
#12 3.458 (2/2) Installing libffi-dev (3.4.6-r0)
#12 3.483 OK: 175 MiB in 63 packages
#12 DONE 4.6s

#13 [ 8/13] RUN pip install --upgrade pip
#13 11.19 Requirement already satisfied: pip in /usr/local/lib/python3.12/site-packages (24.0)
#13 11.90 Collecting pip
#13 12.05   Downloading pip-24.2-py3-none-any.whl.metadata (3.6 kB)
#13 12.12 Downloading pip-24.2-py3-none-any.whl (1.8 MB)
#13 12.51    ━━━━━━━━━━━━━━━━━━━━━━━━━━━━━━━━━━━━━━━━ 1.8/1.8 MB 4.9 MB/s eta 0:00:00
#13 12.87 Installing collected packages: pip
#13 12.87   Attempting uninstall: pip
#13 12.88     Found existing installation: pip 24.0
#13 13.03     Uninstalling pip-24.0:
#13 13.81       Successfully uninstalled pip-24.0
#13 18.82 Successfully installed pip-24.2
#13 18.82 WARNING: Running pip as the 'root' user can result in broken permissions and conflicting behaviour with the system package manager. It is recommended to use a virtual environment instead: https://pip.pypa.io/warnings/venv
#13 DONE 20.6s

#14 [ 9/13] RUN pip install --no-cache-dir -r requirements.txt
#14 4.004 Collecting astroid>=2.3.3 (from -r requirements.txt (line 1))
#14 4.131   Downloading astroid-3.2.4-py3-none-any.whl.metadata (4.5 kB)
#14 4.249 Collecting Click>=7.0 (from -r requirements.txt (line 2))
#14 4.276   Downloading click-8.1.7-py3-none-any.whl.metadata (3.0 kB)
#14 4.464 Collecting Flask==2.2.3 (from -r requirements.txt (line 3))
#14 4.501   Downloading Flask-2.2.3-py3-none-any.whl.metadata (3.9 kB)
#14 5.683 Collecting gevent==22.10.2 (from -r requirements.txt (line 4))
#14 5.704   Downloading gevent-22.10.2.tar.gz (6.6 MB)
#14 5.876      ━━━━━━━━━━━━━━━━━━━━━━━━━━━━━━━━━━━━━━━━ 6.6/6.6 MB 47.4 MB/s eta 0:00:00
#14 8.503   Installing build dependencies: started
#14 25.75   Installing build dependencies: finished with status 'done'
#14 25.75   Getting requirements to build wheel: started
#14 51.48   Getting requirements to build wheel: finished with status 'done'
#14 51.48   Preparing metadata (pyproject.toml): started
#14 54.55   Preparing metadata (pyproject.toml): finished with status 'done'
#14 55.29 Collecting greenlet==2.0.2 (from -r requirements.txt (line 5))
#14 55.31   Downloading greenlet-2.0.2.tar.gz (164 kB)
#14 55.56   Preparing metadata (setup.py): started
#14 58.20   Preparing metadata (setup.py): finished with status 'done'
#14 58.40 Collecting isort>=4.3.21 (from -r requirements.txt (line 6))
#14 58.41   Downloading isort-5.13.2-py3-none-any.whl.metadata (12 kB)
#14 58.50 Collecting itsdangerous>=1.1.0 (from -r requirements.txt (line 7))
#14 58.52   Downloading itsdangerous-2.2.0-py3-none-any.whl.metadata (1.9 kB)
#14 58.69 Collecting Jinja2>=2.10.3 (from -r requirements.txt (line 8))
#14 58.71   Downloading jinja2-3.1.4-py3-none-any.whl.metadata (2.6 kB)
#14 58.86 Collecting lazy-object-proxy (from -r requirements.txt (line 9))
#14 58.88   Downloading lazy_object_proxy-1.10.0-cp312-cp312-musllinux_1_1_x86_64.whl.metadata (7.8 kB)
#14 59.15 Collecting MarkupSafe>=1.1.1 (from -r requirements.txt (line 10))
#14 59.17   Downloading MarkupSafe-2.1.5-cp312-cp312-musllinux_1_1_x86_64.whl.metadata (3.0 kB)
#14 59.23 Collecting mccabe>=0.6.1 (from -r requirements.txt (line 11))
#14 59.33   Downloading mccabe-0.7.0-py2.py3-none-any.whl.metadata (5.0 kB)
#14 59.47 Collecting natsort>=6.2.0 (from -r requirements.txt (line 12))
#14 59.49   Downloading natsort-8.4.0-py3-none-any.whl.metadata (21 kB)
#14 59.65 Collecting peewee>=3.12.0 (from -r requirements.txt (line 13))
#14 59.69   Downloading peewee-3.17.6.tar.gz (3.0 MB)
#14 59.76      ━━━━━━━━━━━━━━━━━━━━━━━━━━━━━━━━━━━━━━━━ 3.0/3.0 MB 55.8 MB/s eta 0:00:00
#14 60.81   Installing build dependencies: started
#14 69.92   Installing build dependencies: finished with status 'done'
#14 69.92   Getting requirements to build wheel: started
#14 70.50   Getting requirements to build wheel: finished with status 'done'
#14 70.50   Preparing metadata (pyproject.toml): started
#14 71.44   Preparing metadata (pyproject.toml): finished with status 'done'
#14 72.40 Collecting Pillow==9.4.0 (from -r requirements.txt (line 14))
#14 72.42   Downloading Pillow-9.4.0.tar.gz (50.4 MB)
#14 73.15      ━━━━━━━━━━━━━━━━━━━━━━━━━━━━━━━━━━━━━━━━ 50.4/50.4 MB 71.0 MB/s eta 0:00:00
#14 77.82   Preparing metadata (setup.py): started
#14 79.10   Preparing metadata (setup.py): finished with status 'done'
#14 79.14 Collecting progressbar>=2.5 (from -r requirements.txt (line 15))
#14 79.15   Downloading progressbar-2.5.tar.gz (10 kB)
#14 79.17   Preparing metadata (setup.py): started
#14 80.05   Preparing metadata (setup.py): finished with status 'done'
#14 80.51 Collecting pylint>=2.4.4 (from -r requirements.txt (line 16))
#14 80.52   Downloading pylint-3.2.6-py3-none-any.whl.metadata (12 kB)
#14 80.82 Collecting pyparsing>=2.4.7 (from -r requirements.txt (line 17))
#14 80.83   Downloading pyparsing-3.1.2-py3-none-any.whl.metadata (5.1 kB)
#14 80.89 Collecting rarfile>=3.1 (from -r requirements.txt (line 18))
#14 80.90   Downloading rarfile-4.2-py3-none-any.whl.metadata (4.4 kB)
#14 80.98 Collecting six>=1.13.0 (from -r requirements.txt (line 19))
#14 81.00   Downloading six-1.16.0-py2.py3-none-any.whl.metadata (1.8 kB)
#14 81.25 Collecting typed-ast>=1.5.4 (from -r requirements.txt (line 20))
#14 81.26   Downloading typed_ast-1.5.5.tar.gz (252 kB)
#14 81.48   Preparing metadata (setup.py): started
#14 82.15   Preparing metadata (setup.py): finished with status 'done'
#14 82.28 Collecting Werkzeug>=0.16.0 (from -r requirements.txt (line 21))
#14 82.30   Downloading werkzeug-3.0.3-py3-none-any.whl.metadata (3.7 kB)
#14 82.69 Collecting wrapt>=1.11.2 (from -r requirements.txt (line 22))
#14 82.71   Downloading wrapt-1.16.0-cp312-cp312-musllinux_1_1_x86_64.whl.metadata (6.6 kB)
#14 82.88 Collecting zope.event (from gevent==22.10.2->-r requirements.txt (line 4))
#14 82.89   Downloading zope.event-5.0-py3-none-any.whl.metadata (4.4 kB)
#14 83.57 Collecting zope.interface (from gevent==22.10.2->-r requirements.txt (line 4))
#14 83.61   Downloading zope.interface-6.4.post2.tar.gz (294 kB)
#14 83.94   Preparing metadata (setup.py): started
#14 85.23   Preparing metadata (setup.py): finished with status 'done'
#14 85.25 Requirement already satisfied: setuptools in /usr/local/lib/python3.12/site-packages (from gevent==22.10.2->-r requirements.txt (line 4)) (71.1.0)
#14 85.54 Collecting platformdirs>=2.2.0 (from pylint>=2.4.4->-r requirements.txt (line 16))
#14 85.58   Downloading platformdirs-4.2.2-py3-none-any.whl.metadata (11 kB)
#14 85.89 Collecting tomlkit>=0.10.1 (from pylint>=2.4.4->-r requirements.txt (line 16))
#14 85.91   Downloading tomlkit-0.13.0-py3-none-any.whl.metadata (2.7 kB)
#14 85.96 Collecting dill>=0.3.6 (from pylint>=2.4.4->-r requirements.txt (line 16))
#14 85.97   Downloading dill-0.3.8-py3-none-any.whl.metadata (10 kB)
#14 86.10 Downloading Flask-2.2.3-py3-none-any.whl (101 kB)
#14 86.12 Downloading astroid-3.2.4-py3-none-any.whl (276 kB)
#14 86.13 Downloading click-8.1.7-py3-none-any.whl (97 kB)
#14 86.15 Downloading isort-5.13.2-py3-none-any.whl (92 kB)
#14 86.16 Downloading itsdangerous-2.2.0-py3-none-any.whl (16 kB)
#14 86.18 Downloading jinja2-3.1.4-py3-none-any.whl (133 kB)
#14 86.19 Downloading lazy_object_proxy-1.10.0-cp312-cp312-musllinux_1_1_x86_64.whl (75 kB)
#14 86.21 Downloading MarkupSafe-2.1.5-cp312-cp312-musllinux_1_1_x86_64.whl (33 kB)
#14 86.22 Downloading mccabe-0.7.0-py2.py3-none-any.whl (7.3 kB)
#14 86.24 Downloading natsort-8.4.0-py3-none-any.whl (38 kB)
#14 86.25 Downloading pylint-3.2.6-py3-none-any.whl (519 kB)
#14 86.27 Downloading pyparsing-3.1.2-py3-none-any.whl (103 kB)
#14 86.28 Downloading rarfile-4.2-py3-none-any.whl (29 kB)
#14 86.30 Downloading six-1.16.0-py2.py3-none-any.whl (11 kB)
#14 86.31 Downloading werkzeug-3.0.3-py3-none-any.whl (227 kB)
#14 86.33 Downloading wrapt-1.16.0-cp312-cp312-musllinux_1_1_x86_64.whl (91 kB)
#14 86.34 Downloading dill-0.3.8-py3-none-any.whl (116 kB)
#14 86.36 Downloading platformdirs-4.2.2-py3-none-any.whl (18 kB)
#14 86.37 Downloading tomlkit-0.13.0-py3-none-any.whl (37 kB)
#14 86.38 Downloading zope.event-5.0-py3-none-any.whl (6.8 kB)
#14 86.50 Building wheels for collected packages: gevent, greenlet, Pillow, peewee, progressbar, typed-ast, zope.interface
#14 86.50   Building wheel for gevent (pyproject.toml): started
#14 124.0   Building wheel for gevent (pyproject.toml): finished with status 'error'
#14 124.1   error: subprocess-exited-with-error
#14 124.1   
#14 124.1   × Building wheel for gevent (pyproject.toml) did not run successfully.
#14 124.1   │ exit code: 1
#14 124.1   ╰─> [363 lines of output]
#14 124.1       /tmp/pip-build-env-9qoa4pbb/overlay/lib/python3.12/site-packages/setuptools/_distutils/dist.py:268: UserWarning: Unknown distribution option: 'test_suite'
#14 124.1         warnings.warn(msg)
#14 124.1       running bdist_wheel
#14 124.1       running build
#14 124.1       running build_py
#14 124.1       creating build
#14 124.1       creating build/lib.linux-x86_64-cpython-312
#14 124.1       creating build/lib.linux-x86_64-cpython-312/gevent
#14 124.1       copying src/gevent/__init__.py -> build/lib.linux-x86_64-cpython-312/gevent
#14 124.1       copying src/gevent/_abstract_linkable.py -> build/lib.linux-x86_64-cpython-312/gevent
#14 124.1       copying src/gevent/_compat.py -> build/lib.linux-x86_64-cpython-312/gevent
#14 124.1       copying src/gevent/_config.py -> build/lib.linux-x86_64-cpython-312/gevent
#14 124.1       copying src/gevent/_fileobjectcommon.py -> build/lib.linux-x86_64-cpython-312/gevent
#14 124.1       copying src/gevent/_fileobjectposix.py -> build/lib.linux-x86_64-cpython-312/gevent
#14 124.1       copying src/gevent/_greenlet_primitives.py -> build/lib.linux-x86_64-cpython-312/gevent
#14 124.1       copying src/gevent/_hub_local.py -> build/lib.linux-x86_64-cpython-312/gevent
#14 124.1       copying src/gevent/_hub_primitives.py -> build/lib.linux-x86_64-cpython-312/gevent
#14 124.1       copying src/gevent/_ident.py -> build/lib.linux-x86_64-cpython-312/gevent
#14 124.1       copying src/gevent/_imap.py -> build/lib.linux-x86_64-cpython-312/gevent
#14 124.1       copying src/gevent/_interfaces.py -> build/lib.linux-x86_64-cpython-312/gevent
#14 124.1       copying src/gevent/_monitor.py -> build/lib.linux-x86_64-cpython-312/gevent
#14 124.1       copying src/gevent/_patcher.py -> build/lib.linux-x86_64-cpython-312/gevent
#14 124.1       copying src/gevent/_semaphore.py -> build/lib.linux-x86_64-cpython-312/gevent
#14 124.1       copying src/gevent/_socket2.py -> build/lib.linux-x86_64-cpython-312/gevent
#14 124.1       copying src/gevent/_socket3.py -> build/lib.linux-x86_64-cpython-312/gevent
#14 124.1       copying src/gevent/_socketcommon.py -> build/lib.linux-x86_64-cpython-312/gevent
#14 124.1       copying src/gevent/_ssl2.py -> build/lib.linux-x86_64-cpython-312/gevent
#14 124.1       copying src/gevent/_ssl3.py -> build/lib.linux-x86_64-cpython-312/gevent
#14 124.1       copying src/gevent/_sslgte279.py -> build/lib.linux-x86_64-cpython-312/gevent
#14 124.1       copying src/gevent/_tblib.py -> build/lib.linux-x86_64-cpython-312/gevent
#14 124.1       copying src/gevent/_threading.py -> build/lib.linux-x86_64-cpython-312/gevent
#14 124.1       copying src/gevent/_tracer.py -> build/lib.linux-x86_64-cpython-312/gevent
#14 124.1       copying src/gevent/_util.py -> build/lib.linux-x86_64-cpython-312/gevent
#14 124.1       copying src/gevent/_util_py2.py -> build/lib.linux-x86_64-cpython-312/gevent
#14 124.1       copying src/gevent/_waiter.py -> build/lib.linux-x86_64-cpython-312/gevent
#14 124.1       copying src/gevent/ares.py -> build/lib.linux-x86_64-cpython-312/gevent
#14 124.1       copying src/gevent/backdoor.py -> build/lib.linux-x86_64-cpython-312/gevent
#14 124.1       copying src/gevent/baseserver.py -> build/lib.linux-x86_64-cpython-312/gevent
#14 124.1       copying src/gevent/builtins.py -> build/lib.linux-x86_64-cpython-312/gevent
#14 124.1       copying src/gevent/contextvars.py -> build/lib.linux-x86_64-cpython-312/gevent
#14 124.1       copying src/gevent/core.py -> build/lib.linux-x86_64-cpython-312/gevent
#14 124.1       copying src/gevent/event.py -> build/lib.linux-x86_64-cpython-312/gevent
#14 124.1       copying src/gevent/events.py -> build/lib.linux-x86_64-cpython-312/gevent
#14 124.1       copying src/gevent/exceptions.py -> build/lib.linux-x86_64-cpython-312/gevent
#14 124.1       copying src/gevent/fileobject.py -> build/lib.linux-x86_64-cpython-312/gevent
#14 124.1       copying src/gevent/greenlet.py -> build/lib.linux-x86_64-cpython-312/gevent
#14 124.1       copying src/gevent/hub.py -> build/lib.linux-x86_64-cpython-312/gevent
#14 124.1       copying src/gevent/local.py -> build/lib.linux-x86_64-cpython-312/gevent
#14 124.1       copying src/gevent/lock.py -> build/lib.linux-x86_64-cpython-312/gevent
#14 124.1       copying src/gevent/monkey.py -> build/lib.linux-x86_64-cpython-312/gevent
#14 124.1       copying src/gevent/os.py -> build/lib.linux-x86_64-cpython-312/gevent
#14 124.1       copying src/gevent/pool.py -> build/lib.linux-x86_64-cpython-312/gevent
#14 124.1       copying src/gevent/pywsgi.py -> build/lib.linux-x86_64-cpython-312/gevent
#14 124.1       copying src/gevent/queue.py -> build/lib.linux-x86_64-cpython-312/gevent
#14 124.1       copying src/gevent/resolver_ares.py -> build/lib.linux-x86_64-cpython-312/gevent
#14 124.1       copying src/gevent/resolver_thread.py -> build/lib.linux-x86_64-cpython-312/gevent
#14 124.1       copying src/gevent/select.py -> build/lib.linux-x86_64-cpython-312/gevent
#14 124.1       copying src/gevent/selectors.py -> build/lib.linux-x86_64-cpython-312/gevent
#14 124.1       copying src/gevent/server.py -> build/lib.linux-x86_64-cpython-312/gevent
#14 124.1       copying src/gevent/signal.py -> build/lib.linux-x86_64-cpython-312/gevent
#14 124.1       copying src/gevent/socket.py -> build/lib.linux-x86_64-cpython-312/gevent
#14 124.1       copying src/gevent/ssl.py -> build/lib.linux-x86_64-cpython-312/gevent
#14 124.1       copying src/gevent/subprocess.py -> build/lib.linux-x86_64-cpython-312/gevent
#14 124.1       copying src/gevent/thread.py -> build/lib.linux-x86_64-cpython-312/gevent
#14 124.1       copying src/gevent/threading.py -> build/lib.linux-x86_64-cpython-312/gevent
#14 124.1       copying src/gevent/threadpool.py -> build/lib.linux-x86_64-cpython-312/gevent
#14 124.1       copying src/gevent/time.py -> build/lib.linux-x86_64-cpython-312/gevent
#14 124.1       copying src/gevent/timeout.py -> build/lib.linux-x86_64-cpython-312/gevent
#14 124.1       copying src/gevent/util.py -> build/lib.linux-x86_64-cpython-312/gevent
#14 124.1       copying src/gevent/win32util.py -> build/lib.linux-x86_64-cpython-312/gevent
#14 124.1       creating build/lib.linux-x86_64-cpython-312/gevent/_ffi
#14 124.1       copying src/gevent/_ffi/__init__.py -> build/lib.linux-x86_64-cpython-312/gevent/_ffi
#14 124.1       copying src/gevent/_ffi/callback.py -> build/lib.linux-x86_64-cpython-312/gevent/_ffi
#14 124.1       copying src/gevent/_ffi/loop.py -> build/lib.linux-x86_64-cpython-312/gevent/_ffi
#14 124.1       copying src/gevent/_ffi/watcher.py -> build/lib.linux-x86_64-cpython-312/gevent/_ffi
#14 124.1       creating build/lib.linux-x86_64-cpython-312/gevent/libev
#14 124.1       copying src/gevent/libev/__init__.py -> build/lib.linux-x86_64-cpython-312/gevent/libev
#14 124.1       copying src/gevent/libev/_corecffi_build.py -> build/lib.linux-x86_64-cpython-312/gevent/libev
#14 124.1       copying src/gevent/libev/corecffi.py -> build/lib.linux-x86_64-cpython-312/gevent/libev
#14 124.1       copying src/gevent/libev/watcher.py -> build/lib.linux-x86_64-cpython-312/gevent/libev
#14 124.1       creating build/lib.linux-x86_64-cpython-312/gevent/libuv
#14 124.1       copying src/gevent/libuv/__init__.py -> build/lib.linux-x86_64-cpython-312/gevent/libuv
#14 124.1       copying src/gevent/libuv/_corecffi_build.py -> build/lib.linux-x86_64-cpython-312/gevent/libuv
#14 124.1       copying src/gevent/libuv/loop.py -> build/lib.linux-x86_64-cpython-312/gevent/libuv
#14 124.1       copying src/gevent/libuv/watcher.py -> build/lib.linux-x86_64-cpython-312/gevent/libuv
#14 124.1       creating build/lib.linux-x86_64-cpython-312/gevent/resolver
#14 124.1       copying src/gevent/resolver/__init__.py -> build/lib.linux-x86_64-cpython-312/gevent/resolver
#14 124.1       copying src/gevent/resolver/_addresses.py -> build/lib.linux-x86_64-cpython-312/gevent/resolver
#14 124.1       copying src/gevent/resolver/_hostsfile.py -> build/lib.linux-x86_64-cpython-312/gevent/resolver
#14 124.1       copying src/gevent/resolver/ares.py -> build/lib.linux-x86_64-cpython-312/gevent/resolver
#14 124.1       copying src/gevent/resolver/blocking.py -> build/lib.linux-x86_64-cpython-312/gevent/resolver
#14 124.1       copying src/gevent/resolver/dnspython.py -> build/lib.linux-x86_64-cpython-312/gevent/resolver
#14 124.1       copying src/gevent/resolver/thread.py -> build/lib.linux-x86_64-cpython-312/gevent/resolver
#14 124.1       creating build/lib.linux-x86_64-cpython-312/gevent/testing
#14 124.1       copying src/gevent/testing/__init__.py -> build/lib.linux-x86_64-cpython-312/gevent/testing
#14 124.1       copying src/gevent/testing/errorhandler.py -> build/lib.linux-x86_64-cpython-312/gevent/testing
#14 124.1       copying src/gevent/testing/exception.py -> build/lib.linux-x86_64-cpython-312/gevent/testing
#14 124.1       copying src/gevent/testing/flaky.py -> build/lib.linux-x86_64-cpython-312/gevent/testing
#14 124.1       copying src/gevent/testing/hub.py -> build/lib.linux-x86_64-cpython-312/gevent/testing
#14 124.1       copying src/gevent/testing/leakcheck.py -> build/lib.linux-x86_64-cpython-312/gevent/testing
#14 124.1       copying src/gevent/testing/modules.py -> build/lib.linux-x86_64-cpython-312/gevent/testing
#14 124.1       copying src/gevent/testing/monkey_test.py -> build/lib.linux-x86_64-cpython-312/gevent/testing
#14 124.1       copying src/gevent/testing/openfiles.py -> build/lib.linux-x86_64-cpython-312/gevent/testing
#14 124.1       copying src/gevent/testing/params.py -> build/lib.linux-x86_64-cpython-312/gevent/testing
#14 124.1       copying src/gevent/testing/patched_tests_setup.py -> build/lib.linux-x86_64-cpython-312/gevent/testing
#14 124.1       copying src/gevent/testing/resources.py -> build/lib.linux-x86_64-cpython-312/gevent/testing
#14 124.1       copying src/gevent/testing/six.py -> build/lib.linux-x86_64-cpython-312/gevent/testing
#14 124.1       copying src/gevent/testing/skipping.py -> build/lib.linux-x86_64-cpython-312/gevent/testing
#14 124.1       copying src/gevent/testing/sockets.py -> build/lib.linux-x86_64-cpython-312/gevent/testing
#14 124.1       copying src/gevent/testing/support.py -> build/lib.linux-x86_64-cpython-312/gevent/testing
#14 124.1       copying src/gevent/testing/switching.py -> build/lib.linux-x86_64-cpython-312/gevent/testing
#14 124.1       copying src/gevent/testing/sysinfo.py -> build/lib.linux-x86_64-cpython-312/gevent/testing
#14 124.1       copying src/gevent/testing/testcase.py -> build/lib.linux-x86_64-cpython-312/gevent/testing
#14 124.1       copying src/gevent/testing/testrunner.py -> build/lib.linux-x86_64-cpython-312/gevent/testing
#14 124.1       copying src/gevent/testing/timing.py -> build/lib.linux-x86_64-cpython-312/gevent/testing
#14 124.1       copying src/gevent/testing/travis.py -> build/lib.linux-x86_64-cpython-312/gevent/testing
#14 124.1       copying src/gevent/testing/util.py -> build/lib.linux-x86_64-cpython-312/gevent/testing
#14 124.1       creating build/lib.linux-x86_64-cpython-312/gevent/tests
#14 124.1       copying src/gevent/tests/__init__.py -> build/lib.linux-x86_64-cpython-312/gevent/tests
#14 124.1       copying src/gevent/tests/__main__.py -> build/lib.linux-x86_64-cpython-312/gevent/tests
#14 124.1       copying src/gevent/tests/_blocks_at_top_level.py -> build/lib.linux-x86_64-cpython-312/gevent/tests
#14 124.1       copying src/gevent/tests/_import_import_patch.py -> build/lib.linux-x86_64-cpython-312/gevent/tests
#14 124.1       copying src/gevent/tests/_import_patch.py -> build/lib.linux-x86_64-cpython-312/gevent/tests
#14 124.1       copying src/gevent/tests/_import_wait.py -> build/lib.linux-x86_64-cpython-312/gevent/tests
#14 124.1       copying src/gevent/tests/_imports_at_top_level.py -> build/lib.linux-x86_64-cpython-312/gevent/tests
#14 124.1       copying src/gevent/tests/_imports_imports_at_top_level.py -> build/lib.linux-x86_64-cpython-312/gevent/tests
#14 124.1       copying src/gevent/tests/getaddrinfo_module.py -> build/lib.linux-x86_64-cpython-312/gevent/tests
#14 124.1       copying src/gevent/tests/known_failures.py -> build/lib.linux-x86_64-cpython-312/gevent/tests
#14 124.1       copying src/gevent/tests/lock_tests.py -> build/lib.linux-x86_64-cpython-312/gevent/tests
#14 124.1       copying src/gevent/tests/test__GreenletExit.py -> build/lib.linux-x86_64-cpython-312/gevent/tests
#14 124.1       copying src/gevent/tests/test___config.py -> build/lib.linux-x86_64-cpython-312/gevent/tests
#14 124.1       copying src/gevent/tests/test___ident.py -> build/lib.linux-x86_64-cpython-312/gevent/tests
#14 124.1       copying src/gevent/tests/test___monitor.py -> build/lib.linux-x86_64-cpython-312/gevent/tests
#14 124.1       copying src/gevent/tests/test___monkey_patching.py -> build/lib.linux-x86_64-cpython-312/gevent/tests
#14 124.1       copying src/gevent/tests/test__all__.py -> build/lib.linux-x86_64-cpython-312/gevent/tests
#14 124.1       copying src/gevent/tests/test__api.py -> build/lib.linux-x86_64-cpython-312/gevent/tests
#14 124.1       copying src/gevent/tests/test__api_timeout.py -> build/lib.linux-x86_64-cpython-312/gevent/tests
#14 124.1       copying src/gevent/tests/test__ares_host_result.py -> build/lib.linux-x86_64-cpython-312/gevent/tests
#14 124.1       copying src/gevent/tests/test__ares_timeout.py -> build/lib.linux-x86_64-cpython-312/gevent/tests
#14 124.1       copying src/gevent/tests/test__backdoor.py -> build/lib.linux-x86_64-cpython-312/gevent/tests
#14 124.1       copying src/gevent/tests/test__close_backend_fd.py -> build/lib.linux-x86_64-cpython-312/gevent/tests
#14 124.1       copying src/gevent/tests/test__compat.py -> build/lib.linux-x86_64-cpython-312/gevent/tests
#14 124.1       copying src/gevent/tests/test__contextvars.py -> build/lib.linux-x86_64-cpython-312/gevent/tests
#14 124.1       copying src/gevent/tests/test__core.py -> build/lib.linux-x86_64-cpython-312/gevent/tests
#14 124.1       copying src/gevent/tests/test__core_async.py -> build/lib.linux-x86_64-cpython-312/gevent/tests
#14 124.1       copying src/gevent/tests/test__core_callback.py -> build/lib.linux-x86_64-cpython-312/gevent/tests
#14 124.1       copying src/gevent/tests/test__core_fork.py -> build/lib.linux-x86_64-cpython-312/gevent/tests
#14 124.1       copying src/gevent/tests/test__core_loop_run.py -> build/lib.linux-x86_64-cpython-312/gevent/tests
#14 124.1       copying src/gevent/tests/test__core_stat.py -> build/lib.linux-x86_64-cpython-312/gevent/tests
#14 124.1       copying src/gevent/tests/test__core_timer.py -> build/lib.linux-x86_64-cpython-312/gevent/tests
#14 124.1       copying src/gevent/tests/test__core_watcher.py -> build/lib.linux-x86_64-cpython-312/gevent/tests
#14 124.1       copying src/gevent/tests/test__destroy.py -> build/lib.linux-x86_64-cpython-312/gevent/tests
#14 124.1       copying src/gevent/tests/test__destroy_default_loop.py -> build/lib.linux-x86_64-cpython-312/gevent/tests
#14 124.1       copying src/gevent/tests/test__doctests.py -> build/lib.linux-x86_64-cpython-312/gevent/tests
#14 124.1       copying src/gevent/tests/test__environ.py -> build/lib.linux-x86_64-cpython-312/gevent/tests
#14 124.1       copying src/gevent/tests/test__event.py -> build/lib.linux-x86_64-cpython-312/gevent/tests
#14 124.1       copying src/gevent/tests/test__events.py -> build/lib.linux-x86_64-cpython-312/gevent/tests
#14 124.1       copying src/gevent/tests/test__example_echoserver.py -> build/lib.linux-x86_64-cpython-312/gevent/tests
#14 124.1       copying src/gevent/tests/test__example_portforwarder.py -> build/lib.linux-x86_64-cpython-312/gevent/tests
#14 124.1       copying src/gevent/tests/test__example_udp_client.py -> build/lib.linux-x86_64-cpython-312/gevent/tests
#14 124.1       copying src/gevent/tests/test__example_udp_server.py -> build/lib.linux-x86_64-cpython-312/gevent/tests
#14 124.1       copying src/gevent/tests/test__example_webproxy.py -> build/lib.linux-x86_64-cpython-312/gevent/tests
#14 124.1       copying src/gevent/tests/test__example_wsgiserver.py -> build/lib.linux-x86_64-cpython-312/gevent/tests
#14 124.1       copying src/gevent/tests/test__example_wsgiserver_ssl.py -> build/lib.linux-x86_64-cpython-312/gevent/tests
#14 124.1       copying src/gevent/tests/test__examples.py -> build/lib.linux-x86_64-cpython-312/gevent/tests
#14 124.1       copying src/gevent/tests/test__exc_info.py -> build/lib.linux-x86_64-cpython-312/gevent/tests
#14 124.1       copying src/gevent/tests/test__execmodules.py -> build/lib.linux-x86_64-cpython-312/gevent/tests
#14 124.1       copying src/gevent/tests/test__fileobject.py -> build/lib.linux-x86_64-cpython-312/gevent/tests
#14 124.1       copying src/gevent/tests/test__getaddrinfo_import.py -> build/lib.linux-x86_64-cpython-312/gevent/tests
#14 124.1       copying src/gevent/tests/test__greenio.py -> build/lib.linux-x86_64-cpython-312/gevent/tests
#14 124.1       copying src/gevent/tests/test__greenlet.py -> build/lib.linux-x86_64-cpython-312/gevent/tests
#14 124.1       copying src/gevent/tests/test__greenletset.py -> build/lib.linux-x86_64-cpython-312/gevent/tests
#14 124.1       copying src/gevent/tests/test__greenness.py -> build/lib.linux-x86_64-cpython-312/gevent/tests
#14 124.1       copying src/gevent/tests/test__hub.py -> build/lib.linux-x86_64-cpython-312/gevent/tests
#14 124.1       copying src/gevent/tests/test__hub_join.py -> build/lib.linux-x86_64-cpython-312/gevent/tests
#14 124.1       copying src/gevent/tests/test__hub_join_timeout.py -> build/lib.linux-x86_64-cpython-312/gevent/tests
#14 124.1       copying src/gevent/tests/test__import_blocking_in_greenlet.py -> build/lib.linux-x86_64-cpython-312/gevent/tests
#14 124.1       copying src/gevent/tests/test__import_wait.py -> build/lib.linux-x86_64-cpython-312/gevent/tests
#14 124.1       copying src/gevent/tests/test__issue112.py -> build/lib.linux-x86_64-cpython-312/gevent/tests
#14 124.1       copying src/gevent/tests/test__issue1686.py -> build/lib.linux-x86_64-cpython-312/gevent/tests
#14 124.1       copying src/gevent/tests/test__issue1864.py -> build/lib.linux-x86_64-cpython-312/gevent/tests
#14 124.1       copying src/gevent/tests/test__issue230.py -> build/lib.linux-x86_64-cpython-312/gevent/tests
#14 124.1       copying src/gevent/tests/test__issue330.py -> build/lib.linux-x86_64-cpython-312/gevent/tests
#14 124.1       copying src/gevent/tests/test__issue467.py -> build/lib.linux-x86_64-cpython-312/gevent/tests
#14 124.1       copying src/gevent/tests/test__issue6.py -> build/lib.linux-x86_64-cpython-312/gevent/tests
#14 124.1       copying src/gevent/tests/test__issue600.py -> build/lib.linux-x86_64-cpython-312/gevent/tests
#14 124.1       copying src/gevent/tests/test__issue607.py -> build/lib.linux-x86_64-cpython-312/gevent/tests
#14 124.1       copying src/gevent/tests/test__issue639.py -> build/lib.linux-x86_64-cpython-312/gevent/tests
#14 124.1       copying src/gevent/tests/test__issue_728.py -> build/lib.linux-x86_64-cpython-312/gevent/tests
#14 124.1       copying src/gevent/tests/test__issues461_471.py -> build/lib.linux-x86_64-cpython-312/gevent/tests
#14 124.1       copying src/gevent/tests/test__iwait.py -> build/lib.linux-x86_64-cpython-312/gevent/tests
#14 124.1       copying src/gevent/tests/test__joinall.py -> build/lib.linux-x86_64-cpython-312/gevent/tests
#14 124.1       copying src/gevent/tests/test__local.py -> build/lib.linux-x86_64-cpython-312/gevent/tests
#14 124.1       copying src/gevent/tests/test__lock.py -> build/lib.linux-x86_64-cpython-312/gevent/tests
#14 124.1       copying src/gevent/tests/test__loop_callback.py -> build/lib.linux-x86_64-cpython-312/gevent/tests
#14 124.1       copying src/gevent/tests/test__makefile_ref.py -> build/lib.linux-x86_64-cpython-312/gevent/tests
#14 124.1       copying src/gevent/tests/test__memleak.py -> build/lib.linux-x86_64-cpython-312/gevent/tests
#14 124.1       copying src/gevent/tests/test__monkey.py -> build/lib.linux-x86_64-cpython-312/gevent/tests
#14 124.1       copying src/gevent/tests/test__monkey_builtins_future.py -> build/lib.linux-x86_64-cpython-312/gevent/tests
#14 124.1       copying src/gevent/tests/test__monkey_futures_thread.py -> build/lib.linux-x86_64-cpython-312/gevent/tests
#14 124.1       copying src/gevent/tests/test__monkey_hub_in_thread.py -> build/lib.linux-x86_64-cpython-312/gevent/tests
#14 124.1       copying src/gevent/tests/test__monkey_logging.py -> build/lib.linux-x86_64-cpython-312/gevent/tests
#14 124.1       copying src/gevent/tests/test__monkey_module_run.py -> build/lib.linux-x86_64-cpython-312/gevent/tests
#14 124.1       copying src/gevent/tests/test__monkey_multiple_imports.py -> build/lib.linux-x86_64-cpython-312/gevent/tests
#14 124.1       copying src/gevent/tests/test__monkey_queue.py -> build/lib.linux-x86_64-cpython-312/gevent/tests
#14 124.1       copying src/gevent/tests/test__monkey_select.py -> build/lib.linux-x86_64-cpython-312/gevent/tests
#14 124.1       copying src/gevent/tests/test__monkey_selectors.py -> build/lib.linux-x86_64-cpython-312/gevent/tests
#14 124.1       copying src/gevent/tests/test__monkey_sigchld.py -> build/lib.linux-x86_64-cpython-312/gevent/tests
#14 124.1       copying src/gevent/tests/test__monkey_sigchld_2.py -> build/lib.linux-x86_64-cpython-312/gevent/tests
#14 124.1       copying src/gevent/tests/test__monkey_sigchld_3.py -> build/lib.linux-x86_64-cpython-312/gevent/tests
#14 124.1       copying src/gevent/tests/test__monkey_ssl_warning.py -> build/lib.linux-x86_64-cpython-312/gevent/tests
#14 124.1       copying src/gevent/tests/test__monkey_ssl_warning2.py -> build/lib.linux-x86_64-cpython-312/gevent/tests
#14 124.1       copying src/gevent/tests/test__monkey_ssl_warning3.py -> build/lib.linux-x86_64-cpython-312/gevent/tests
#14 124.1       copying src/gevent/tests/test__nondefaultloop.py -> build/lib.linux-x86_64-cpython-312/gevent/tests
#14 124.1       copying src/gevent/tests/test__order.py -> build/lib.linux-x86_64-cpython-312/gevent/tests
#14 124.1       copying src/gevent/tests/test__os.py -> build/lib.linux-x86_64-cpython-312/gevent/tests
#14 124.1       copying src/gevent/tests/test__pool.py -> build/lib.linux-x86_64-cpython-312/gevent/tests
#14 124.1       copying src/gevent/tests/test__pywsgi.py -> build/lib.linux-x86_64-cpython-312/gevent/tests
#14 124.1       copying src/gevent/tests/test__queue.py -> build/lib.linux-x86_64-cpython-312/gevent/tests
#14 124.1       copying src/gevent/tests/test__real_greenlet.py -> build/lib.linux-x86_64-cpython-312/gevent/tests
#14 124.1       copying src/gevent/tests/test__refcount.py -> build/lib.linux-x86_64-cpython-312/gevent/tests
#14 124.1       copying src/gevent/tests/test__refcount_core.py -> build/lib.linux-x86_64-cpython-312/gevent/tests
#14 124.1       copying src/gevent/tests/test__resolver_dnspython.py -> build/lib.linux-x86_64-cpython-312/gevent/tests
#14 124.1       copying src/gevent/tests/test__select.py -> build/lib.linux-x86_64-cpython-312/gevent/tests
#14 124.1       copying src/gevent/tests/test__selectors.py -> build/lib.linux-x86_64-cpython-312/gevent/tests
#14 124.1       copying src/gevent/tests/test__semaphore.py -> build/lib.linux-x86_64-cpython-312/gevent/tests
#14 124.1       copying src/gevent/tests/test__server.py -> build/lib.linux-x86_64-cpython-312/gevent/tests
#14 124.1       copying src/gevent/tests/test__server_pywsgi.py -> build/lib.linux-x86_64-cpython-312/gevent/tests
#14 124.1       copying src/gevent/tests/test__signal.py -> build/lib.linux-x86_64-cpython-312/gevent/tests
#14 124.1       copying src/gevent/tests/test__sleep0.py -> build/lib.linux-x86_64-cpython-312/gevent/tests
#14 124.1       copying src/gevent/tests/test__socket.py -> build/lib.linux-x86_64-cpython-312/gevent/tests
#14 124.1       copying src/gevent/tests/test__socket_close.py -> build/lib.linux-x86_64-cpython-312/gevent/tests
#14 124.1       copying src/gevent/tests/test__socket_dns.py -> build/lib.linux-x86_64-cpython-312/gevent/tests
#14 124.1       copying src/gevent/tests/test__socket_dns6.py -> build/lib.linux-x86_64-cpython-312/gevent/tests
#14 124.1       copying src/gevent/tests/test__socket_errors.py -> build/lib.linux-x86_64-cpython-312/gevent/tests
#14 124.1       copying src/gevent/tests/test__socket_ex.py -> build/lib.linux-x86_64-cpython-312/gevent/tests
#14 124.1       copying src/gevent/tests/test__socket_send_memoryview.py -> build/lib.linux-x86_64-cpython-312/gevent/tests
#14 124.1       copying src/gevent/tests/test__socket_ssl.py -> build/lib.linux-x86_64-cpython-312/gevent/tests
#14 124.1       copying src/gevent/tests/test__socket_timeout.py -> build/lib.linux-x86_64-cpython-312/gevent/tests
#14 124.1       copying src/gevent/tests/test__socketpair.py -> build/lib.linux-x86_64-cpython-312/gevent/tests
#14 124.1       copying src/gevent/tests/test__ssl.py -> build/lib.linux-x86_64-cpython-312/gevent/tests
#14 124.1       copying src/gevent/tests/test__subprocess.py -> build/lib.linux-x86_64-cpython-312/gevent/tests
#14 124.1       copying src/gevent/tests/test__subprocess_interrupted.py -> build/lib.linux-x86_64-cpython-312/gevent/tests
#14 124.1       copying src/gevent/tests/test__subprocess_poll.py -> build/lib.linux-x86_64-cpython-312/gevent/tests
#14 124.1       copying src/gevent/tests/test__systemerror.py -> build/lib.linux-x86_64-cpython-312/gevent/tests
#14 124.1       copying src/gevent/tests/test__thread.py -> build/lib.linux-x86_64-cpython-312/gevent/tests
#14 124.1       copying src/gevent/tests/test__threading.py -> build/lib.linux-x86_64-cpython-312/gevent/tests
#14 124.1       copying src/gevent/tests/test__threading_2.py -> build/lib.linux-x86_64-cpython-312/gevent/tests
#14 124.1       copying src/gevent/tests/test__threading_before_monkey.py -> build/lib.linux-x86_64-cpython-312/gevent/tests
#14 124.1       copying src/gevent/tests/test__threading_holding_lock_while_monkey.py -> build/lib.linux-x86_64-cpython-312/gevent/tests
#14 124.1       copying src/gevent/tests/test__threading_monkey_in_thread.py -> build/lib.linux-x86_64-cpython-312/gevent/tests
#14 124.1       copying src/gevent/tests/test__threading_native_before_monkey.py -> build/lib.linux-x86_64-cpython-312/gevent/tests
#14 124.1       copying src/gevent/tests/test__threading_no_monkey.py -> build/lib.linux-x86_64-cpython-312/gevent/tests
#14 124.1       copying src/gevent/tests/test__threading_patched_local.py -> build/lib.linux-x86_64-cpython-312/gevent/tests
#14 124.1       copying src/gevent/tests/test__threading_vs_settrace.py -> build/lib.linux-x86_64-cpython-312/gevent/tests
#14 124.1       copying src/gevent/tests/test__threadpool.py -> build/lib.linux-x86_64-cpython-312/gevent/tests
#14 124.1       copying src/gevent/tests/test__threadpool_executor_patched.py -> build/lib.linux-x86_64-cpython-312/gevent/tests
#14 124.1       copying src/gevent/tests/test__timeout.py -> build/lib.linux-x86_64-cpython-312/gevent/tests
#14 124.1       copying src/gevent/tests/test__util.py -> build/lib.linux-x86_64-cpython-312/gevent/tests
#14 124.1       creating build/lib.linux-x86_64-cpython-312/gevent/tests/monkey_package
#14 124.1       copying src/gevent/tests/monkey_package/__init__.py -> build/lib.linux-x86_64-cpython-312/gevent/tests/monkey_package
#14 124.1       copying src/gevent/tests/monkey_package/__main__.py -> build/lib.linux-x86_64-cpython-312/gevent/tests/monkey_package
#14 124.1       copying src/gevent/tests/monkey_package/issue1526_no_monkey.py -> build/lib.linux-x86_64-cpython-312/gevent/tests/monkey_package
#14 124.1       copying src/gevent/tests/monkey_package/issue1526_with_monkey.py -> build/lib.linux-x86_64-cpython-312/gevent/tests/monkey_package
#14 124.1       copying src/gevent/tests/monkey_package/issue302monkey.py -> build/lib.linux-x86_64-cpython-312/gevent/tests/monkey_package
#14 124.1       copying src/gevent/tests/monkey_package/script.py -> build/lib.linux-x86_64-cpython-312/gevent/tests/monkey_package
#14 124.1       copying src/gevent/tests/monkey_package/threadpool_monkey_patches.py -> build/lib.linux-x86_64-cpython-312/gevent/tests/monkey_package
#14 124.1       copying src/gevent/tests/monkey_package/threadpool_no_monkey.py -> build/lib.linux-x86_64-cpython-312/gevent/tests/monkey_package
#14 124.1       creating build/lib.linux-x86_64-cpython-312/gevent/testing/coveragesite
#14 124.1       copying src/gevent/testing/coveragesite/sitecustomize.py -> build/lib.linux-x86_64-cpython-312/gevent/testing/coveragesite
#14 124.1       copying src/gevent/tests/2_7_keycert.pem -> build/lib.linux-x86_64-cpython-312/gevent/tests
#14 124.1       copying src/gevent/tests/badcert.pem -> build/lib.linux-x86_64-cpython-312/gevent/tests
#14 124.1       copying src/gevent/tests/badkey.pem -> build/lib.linux-x86_64-cpython-312/gevent/tests
#14 124.1       copying src/gevent/tests/https_svn_python_org_root.pem -> build/lib.linux-x86_64-cpython-312/gevent/tests
#14 124.1       copying src/gevent/tests/keycert.pem -> build/lib.linux-x86_64-cpython-312/gevent/tests
#14 124.1       copying src/gevent/tests/nullcert.pem -> build/lib.linux-x86_64-cpython-312/gevent/tests
#14 124.1       copying src/gevent/tests/sha256.pem -> build/lib.linux-x86_64-cpython-312/gevent/tests
#14 124.1       copying src/gevent/tests/wrongcert.pem -> build/lib.linux-x86_64-cpython-312/gevent/tests
#14 124.1       copying src/gevent/tests/server.crt -> build/lib.linux-x86_64-cpython-312/gevent/tests
#14 124.1       copying src/gevent/tests/test_server.crt -> build/lib.linux-x86_64-cpython-312/gevent/tests
#14 124.1       copying src/gevent/tests/hosts_file.txt -> build/lib.linux-x86_64-cpython-312/gevent/tests
#14 124.1       copying src/gevent/tests/tests_that_dont_do_leakchecks.txt -> build/lib.linux-x86_64-cpython-312/gevent/tests
#14 124.1       copying src/gevent/tests/tests_that_dont_monkeypatch.txt -> build/lib.linux-x86_64-cpython-312/gevent/tests
#14 124.1       copying src/gevent/tests/tests_that_dont_use_resolver.txt -> build/lib.linux-x86_64-cpython-312/gevent/tests
#14 124.1       copying src/gevent/tests/server.key -> build/lib.linux-x86_64-cpython-312/gevent/tests
#14 124.1       copying src/gevent/tests/test_server.key -> build/lib.linux-x86_64-cpython-312/gevent/tests
#14 124.1       running build_ext
#14 124.1       generating cffi module 'build/temp.linux-x86_64-cpython-312/gevent.libuv._corecffi.c'
#14 124.1       creating build/temp.linux-x86_64-cpython-312
#14 124.1       Running '(cd  "/tmp/pip-install-es9id40o/gevent_2b7435cb38734838b7732887aa21657d/deps/libev"  && sh ./configure -C > configure-output.txt )' in /tmp/pip-install-es9id40o/gevent_2b7435cb38734838b7732887aa21657d
#14 124.1       ./configure: line 6414: /usr/bin/file: not found
#14 124.1       config.status: error: in `/tmp/pip-install-es9id40o/gevent_2b7435cb38734838b7732887aa21657d/deps/libev':
#14 124.1       config.status: error: Something went wrong bootstrapping makefile fragments
#14 124.1           for automatic dependency tracking.  Try re-running configure with the
#14 124.1           '--disable-dependency-tracking' option to at least be able to build
#14 124.1           the package (albeit without support for automatic dependency tracking).
#14 124.1       See `config.log' for more details
#14 124.1       Traceback (most recent call last):
#14 124.1         File "/usr/local/lib/python3.12/site-packages/pip/_vendor/pyproject_hooks/_in_process/_in_process.py", line 353, in <module>
#14 124.1           main()
#14 124.1         File "/usr/local/lib/python3.12/site-packages/pip/_vendor/pyproject_hooks/_in_process/_in_process.py", line 335, in main
#14 124.1           json_out['return_val'] = hook(**hook_input['kwargs'])
#14 124.1                                    ^^^^^^^^^^^^^^^^^^^^^^^^^^^^
#14 124.1         File "/usr/local/lib/python3.12/site-packages/pip/_vendor/pyproject_hooks/_in_process/_in_process.py", line 251, in build_wheel
#14 124.1           return _build_backend().build_wheel(wheel_directory, config_settings,
#14 124.1                  ^^^^^^^^^^^^^^^^^^^^^^^^^^^^^^^^^^^^^^^^^^^^^^^^^^^^^^^^^^^^^^
#14 124.1         File "/tmp/pip-build-env-9qoa4pbb/overlay/lib/python3.12/site-packages/setuptools/build_meta.py", line 415, in build_wheel
#14 124.1           return self._build_with_temp_dir(
#14 124.1                  ^^^^^^^^^^^^^^^^^^^^^^^^^^
#14 124.1         File "/tmp/pip-build-env-9qoa4pbb/overlay/lib/python3.12/site-packages/setuptools/build_meta.py", line 397, in _build_with_temp_dir
#14 124.1           self.run_setup()
#14 124.1         File "/tmp/pip-build-env-9qoa4pbb/overlay/lib/python3.12/site-packages/setuptools/build_meta.py", line 313, in run_setup
#14 124.1           exec(code, locals())
#14 124.1         File "<string>", line 496, in <module>
#14 124.1         File "<string>", line 362, in run_setup
#14 124.1         File "/tmp/pip-build-env-9qoa4pbb/overlay/lib/python3.12/site-packages/setuptools/__init__.py", line 108, in setup
#14 124.1           return distutils.core.setup(**attrs)
#14 124.1                  ^^^^^^^^^^^^^^^^^^^^^^^^^^^^^
#14 124.1         File "/tmp/pip-build-env-9qoa4pbb/overlay/lib/python3.12/site-packages/setuptools/_distutils/core.py", line 184, in setup
#14 124.1           return run_commands(dist)
#14 124.1                  ^^^^^^^^^^^^^^^^^^
#14 124.1         File "/tmp/pip-build-env-9qoa4pbb/overlay/lib/python3.12/site-packages/setuptools/_distutils/core.py", line 200, in run_commands
#14 124.1           dist.run_commands()
#14 124.1         File "/tmp/pip-build-env-9qoa4pbb/overlay/lib/python3.12/site-packages/setuptools/_distutils/dist.py", line 970, in run_commands
#14 124.1           self.run_command(cmd)
#14 124.1         File "/tmp/pip-build-env-9qoa4pbb/overlay/lib/python3.12/site-packages/setuptools/dist.py", line 945, in run_command
#14 124.1           super().run_command(command)
#14 124.1         File "/tmp/pip-build-env-9qoa4pbb/overlay/lib/python3.12/site-packages/setuptools/_distutils/dist.py", line 989, in run_command
#14 124.1           cmd_obj.run()
#14 124.1         File "/tmp/pip-build-env-9qoa4pbb/overlay/lib/python3.12/site-packages/setuptools/command/bdist_wheel.py", line 373, in run
#14 124.1           self.run_command("build")
#14 124.1         File "/tmp/pip-build-env-9qoa4pbb/overlay/lib/python3.12/site-packages/setuptools/_distutils/cmd.py", line 316, in run_command
#14 124.1           self.distribution.run_command(command)
#14 124.1         File "/tmp/pip-build-env-9qoa4pbb/overlay/lib/python3.12/site-packages/setuptools/dist.py", line 945, in run_command
#14 124.1           super().run_command(command)
#14 124.1         File "/tmp/pip-build-env-9qoa4pbb/overlay/lib/python3.12/site-packages/setuptools/_distutils/dist.py", line 989, in run_command
#14 124.1           cmd_obj.run()
#14 124.1         File "/tmp/pip-build-env-9qoa4pbb/overlay/lib/python3.12/site-packages/setuptools/_distutils/command/build.py", line 135, in run
#14 124.1           self.run_command(cmd_name)
#14 124.1         File "/tmp/pip-build-env-9qoa4pbb/overlay/lib/python3.12/site-packages/setuptools/_distutils/cmd.py", line 316, in run_command
#14 124.1           self.distribution.run_command(command)
#14 124.1         File "/tmp/pip-build-env-9qoa4pbb/overlay/lib/python3.12/site-packages/setuptools/dist.py", line 945, in run_command
#14 124.1           super().run_command(command)
#14 124.1         File "/tmp/pip-build-env-9qoa4pbb/overlay/lib/python3.12/site-packages/setuptools/_distutils/dist.py", line 989, in run_command
#14 124.1           cmd_obj.run()
#14 124.1         File "/tmp/pip-build-env-9qoa4pbb/overlay/lib/python3.12/site-packages/cffi/setuptools_ext.py", line 141, in run
#14 124.1           ext.sources[0] = make_mod(self.build_temp, pre_run)
#14 124.1                            ^^^^^^^^^^^^^^^^^^^^^^^^^^^^^^^^^^
#14 124.1         File "/tmp/pip-build-env-9qoa4pbb/overlay/lib/python3.12/site-packages/cffi/setuptools_ext.py", line 126, in make_mod
#14 124.1           pre_run(ext, ffi)
#14 124.1         File "/tmp/pip-install-es9id40o/gevent_2b7435cb38734838b7732887aa21657d/_setuputils.py", line 381, in pre_run
#14 124.1           action()
#14 124.1         File "/tmp/pip-install-es9id40o/gevent_2b7435cb38734838b7732887aa21657d/_setuplibev.py", line 55, in configure_libev
#14 124.1           system(libev_configure_command)
#14 124.1         File "/tmp/pip-install-es9id40o/gevent_2b7435cb38734838b7732887aa21657d/_setuputils.py", line 195, in system
#14 124.1           if _system(cmd, cwd=cwd, env=env, **kwargs):
#14 124.1              ^^^^^^^^^^^^^^^^^^^^^^^^^^^^^^^^^^^^^^^^
#14 124.1         File "/tmp/pip-install-es9id40o/gevent_2b7435cb38734838b7732887aa21657d/_setuputils.py", line 191, in _system
#14 124.1           return check_call(cmd, cwd=cwd, env=env, **kwargs)
#14 124.1                  ^^^^^^^^^^^^^^^^^^^^^^^^^^^^^^^^^^^^^^^^^^^
#14 124.1         File "/usr/local/lib/python3.12/subprocess.py", line 413, in check_call
#14 124.1           raise CalledProcessError(retcode, cmd)
#14 124.1       subprocess.CalledProcessError: Command '(cd  "/tmp/pip-install-es9id40o/gevent_2b7435cb38734838b7732887aa21657d/deps/libev"  && sh ./configure -C > configure-output.txt )' returned non-zero exit status 1.
#14 124.1       [end of output]
#14 124.1   
#14 124.1   note: This error originates from a subprocess, and is likely not a problem with pip.
#14 124.1   ERROR: Failed building wheel for gevent
#14 124.1   Building wheel for greenlet (setup.py): started
#14 125.6   Building wheel for greenlet (setup.py): finished with status 'error'
#14 125.7   error: subprocess-exited-with-error
#14 125.7   
#14 125.7   × python setup.py bdist_wheel did not run successfully.
#14 125.7   │ exit code: 1
#14 125.7   ╰─> [96 lines of output]
#14 125.7       running bdist_wheel
#14 125.7       running build
#14 125.7       running build_py
#14 125.7       creating build
#14 125.7       creating build/lib.linux-x86_64-cpython-312
#14 125.7       creating build/lib.linux-x86_64-cpython-312/greenlet
#14 125.7       copying src/greenlet/__init__.py -> build/lib.linux-x86_64-cpython-312/greenlet
#14 125.7       creating build/lib.linux-x86_64-cpython-312/greenlet/platform
#14 125.7       copying src/greenlet/platform/__init__.py -> build/lib.linux-x86_64-cpython-312/greenlet/platform
#14 125.7       creating build/lib.linux-x86_64-cpython-312/greenlet/tests
#14 125.7       copying src/greenlet/tests/__init__.py -> build/lib.linux-x86_64-cpython-312/greenlet/tests
#14 125.7       copying src/greenlet/tests/leakcheck.py -> build/lib.linux-x86_64-cpython-312/greenlet/tests
#14 125.7       copying src/greenlet/tests/test_contextvars.py -> build/lib.linux-x86_64-cpython-312/greenlet/tests
#14 125.7       copying src/greenlet/tests/test_cpp.py -> build/lib.linux-x86_64-cpython-312/greenlet/tests
#14 125.7       copying src/greenlet/tests/test_extension_interface.py -> build/lib.linux-x86_64-cpython-312/greenlet/tests
#14 125.7       copying src/greenlet/tests/test_gc.py -> build/lib.linux-x86_64-cpython-312/greenlet/tests
#14 125.7       copying src/greenlet/tests/test_generator.py -> build/lib.linux-x86_64-cpython-312/greenlet/tests
#14 125.7       copying src/greenlet/tests/test_generator_nested.py -> build/lib.linux-x86_64-cpython-312/greenlet/tests
#14 125.7       copying src/greenlet/tests/test_greenlet.py -> build/lib.linux-x86_64-cpython-312/greenlet/tests
#14 125.7       copying src/greenlet/tests/test_greenlet_trash.py -> build/lib.linux-x86_64-cpython-312/greenlet/tests
#14 125.7       copying src/greenlet/tests/test_leaks.py -> build/lib.linux-x86_64-cpython-312/greenlet/tests
#14 125.7       copying src/greenlet/tests/test_stack_saved.py -> build/lib.linux-x86_64-cpython-312/greenlet/tests
#14 125.7       copying src/greenlet/tests/test_throw.py -> build/lib.linux-x86_64-cpython-312/greenlet/tests
#14 125.7       copying src/greenlet/tests/test_tracing.py -> build/lib.linux-x86_64-cpython-312/greenlet/tests
#14 125.7       copying src/greenlet/tests/test_version.py -> build/lib.linux-x86_64-cpython-312/greenlet/tests
#14 125.7       copying src/greenlet/tests/test_weakref.py -> build/lib.linux-x86_64-cpython-312/greenlet/tests
#14 125.7       running egg_info
#14 125.7       writing src/greenlet.egg-info/PKG-INFO
#14 125.7       writing dependency_links to src/greenlet.egg-info/dependency_links.txt
#14 125.7       writing requirements to src/greenlet.egg-info/requires.txt
#14 125.7       writing top-level names to src/greenlet.egg-info/top_level.txt
#14 125.7       reading manifest file 'src/greenlet.egg-info/SOURCES.txt'
#14 125.7       reading manifest template 'MANIFEST.in'
#14 125.7       warning: no previously-included files found matching 'benchmarks/*.json'
#14 125.7       no previously-included directories found matching 'docs/_build'
#14 125.7       warning: no files found matching '*.py' under directory 'appveyor'
#14 125.7       warning: no previously-included files matching '*.pyc' found anywhere in distribution
#14 125.7       warning: no previously-included files matching '*.pyd' found anywhere in distribution
#14 125.7       warning: no previously-included files matching '*.so' found anywhere in distribution
#14 125.7       warning: no previously-included files matching '.coverage' found anywhere in distribution
#14 125.7       adding license file 'LICENSE'
#14 125.7       adding license file 'LICENSE.PSF'
#14 125.7       adding license file 'AUTHORS'
#14 125.7       writing manifest file 'src/greenlet.egg-info/SOURCES.txt'
#14 125.7       copying src/greenlet/greenlet.cpp -> build/lib.linux-x86_64-cpython-312/greenlet
#14 125.7       copying src/greenlet/greenlet.h -> build/lib.linux-x86_64-cpython-312/greenlet
#14 125.7       copying src/greenlet/greenlet_allocator.hpp -> build/lib.linux-x86_64-cpython-312/greenlet
#14 125.7       copying src/greenlet/greenlet_compiler_compat.hpp -> build/lib.linux-x86_64-cpython-312/greenlet
#14 125.7       copying src/greenlet/greenlet_cpython_compat.hpp -> build/lib.linux-x86_64-cpython-312/greenlet
#14 125.7       copying src/greenlet/greenlet_exceptions.hpp -> build/lib.linux-x86_64-cpython-312/greenlet
#14 125.7       copying src/greenlet/greenlet_greenlet.hpp -> build/lib.linux-x86_64-cpython-312/greenlet
#14 125.7       copying src/greenlet/greenlet_internal.hpp -> build/lib.linux-x86_64-cpython-312/greenlet
#14 125.7       copying src/greenlet/greenlet_refs.hpp -> build/lib.linux-x86_64-cpython-312/greenlet
#14 125.7       copying src/greenlet/greenlet_slp_switch.hpp -> build/lib.linux-x86_64-cpython-312/greenlet
#14 125.7       copying src/greenlet/greenlet_thread_state.hpp -> build/lib.linux-x86_64-cpython-312/greenlet
#14 125.7       copying src/greenlet/greenlet_thread_state_dict_cleanup.hpp -> build/lib.linux-x86_64-cpython-312/greenlet
#14 125.7       copying src/greenlet/greenlet_thread_support.hpp -> build/lib.linux-x86_64-cpython-312/greenlet
#14 125.7       copying src/greenlet/slp_platformselect.h -> build/lib.linux-x86_64-cpython-312/greenlet
#14 125.7       copying src/greenlet/platform/setup_switch_x64_masm.cmd -> build/lib.linux-x86_64-cpython-312/greenlet/platform
#14 125.7       copying src/greenlet/platform/switch_aarch64_gcc.h -> build/lib.linux-x86_64-cpython-312/greenlet/platform
#14 125.7       copying src/greenlet/platform/switch_alpha_unix.h -> build/lib.linux-x86_64-cpython-312/greenlet/platform
#14 125.7       copying src/greenlet/platform/switch_amd64_unix.h -> build/lib.linux-x86_64-cpython-312/greenlet/platform
#14 125.7       copying src/greenlet/platform/switch_arm32_gcc.h -> build/lib.linux-x86_64-cpython-312/greenlet/platform
#14 125.7       copying src/greenlet/platform/switch_arm32_ios.h -> build/lib.linux-x86_64-cpython-312/greenlet/platform
#14 125.7       copying src/greenlet/platform/switch_arm64_masm.asm -> build/lib.linux-x86_64-cpython-312/greenlet/platform
#14 125.7       copying src/greenlet/platform/switch_arm64_masm.obj -> build/lib.linux-x86_64-cpython-312/greenlet/platform
#14 125.7       copying src/greenlet/platform/switch_arm64_msvc.h -> build/lib.linux-x86_64-cpython-312/greenlet/platform
#14 125.7       copying src/greenlet/platform/switch_csky_gcc.h -> build/lib.linux-x86_64-cpython-312/greenlet/platform
#14 125.7       copying src/greenlet/platform/switch_m68k_gcc.h -> build/lib.linux-x86_64-cpython-312/greenlet/platform
#14 125.7       copying src/greenlet/platform/switch_mips_unix.h -> build/lib.linux-x86_64-cpython-312/greenlet/platform
#14 125.7       copying src/greenlet/platform/switch_ppc64_aix.h -> build/lib.linux-x86_64-cpython-312/greenlet/platform
#14 125.7       copying src/greenlet/platform/switch_ppc64_linux.h -> build/lib.linux-x86_64-cpython-312/greenlet/platform
#14 125.7       copying src/greenlet/platform/switch_ppc_aix.h -> build/lib.linux-x86_64-cpython-312/greenlet/platform
#14 125.7       copying src/greenlet/platform/switch_ppc_linux.h -> build/lib.linux-x86_64-cpython-312/greenlet/platform
#14 125.7       copying src/greenlet/platform/switch_ppc_macosx.h -> build/lib.linux-x86_64-cpython-312/greenlet/platform
#14 125.7       copying src/greenlet/platform/switch_ppc_unix.h -> build/lib.linux-x86_64-cpython-312/greenlet/platform
#14 125.7       copying src/greenlet/platform/switch_riscv_unix.h -> build/lib.linux-x86_64-cpython-312/greenlet/platform
#14 125.7       copying src/greenlet/platform/switch_s390_unix.h -> build/lib.linux-x86_64-cpython-312/greenlet/platform
#14 125.7       copying src/greenlet/platform/switch_sparc_sun_gcc.h -> build/lib.linux-x86_64-cpython-312/greenlet/platform
#14 125.7       copying src/greenlet/platform/switch_x32_unix.h -> build/lib.linux-x86_64-cpython-312/greenlet/platform
#14 125.7       copying src/greenlet/platform/switch_x64_masm.asm -> build/lib.linux-x86_64-cpython-312/greenlet/platform
#14 125.7       copying src/greenlet/platform/switch_x64_masm.obj -> build/lib.linux-x86_64-cpython-312/greenlet/platform
#14 125.7       copying src/greenlet/platform/switch_x64_msvc.h -> build/lib.linux-x86_64-cpython-312/greenlet/platform
#14 125.7       copying src/greenlet/platform/switch_x86_msvc.h -> build/lib.linux-x86_64-cpython-312/greenlet/platform
#14 125.7       copying src/greenlet/platform/switch_x86_unix.h -> build/lib.linux-x86_64-cpython-312/greenlet/platform
#14 125.7       copying src/greenlet/tests/_test_extension.c -> build/lib.linux-x86_64-cpython-312/greenlet/tests
#14 125.7       copying src/greenlet/tests/_test_extension_cpp.cpp -> build/lib.linux-x86_64-cpython-312/greenlet/tests
#14 125.7       running build_ext
#14 125.7       building 'greenlet._greenlet' extension
#14 125.7       creating build/temp.linux-x86_64-cpython-312
#14 125.7       creating build/temp.linux-x86_64-cpython-312/src
#14 125.7       creating build/temp.linux-x86_64-cpython-312/src/greenlet
#14 125.7       gcc -fno-strict-overflow -Wsign-compare -DNDEBUG -g -O3 -Wall -fPIC -I/usr/local/include/python3.12 -c src/greenlet/greenlet.cpp -o build/temp.linux-x86_64-cpython-312/src/greenlet/greenlet.o
#14 125.7       gcc: fatal error: cannot execute 'cc1plus': execvp: No such file or directory
#14 125.7       compilation terminated.
#14 125.7       error: command '/usr/bin/gcc' failed with exit code 1
#14 125.7       [end of output]
#14 125.7   
#14 125.7   note: This error originates from a subprocess, and is likely not a problem with pip.
#14 125.7   Running setup.py clean for greenlet
#14 125.7   ERROR: Failed building wheel for greenlet
#14 126.5   Building wheel for Pillow (setup.py): started
#14 189.0   Building wheel for Pillow (setup.py): still running...
#14 249.1   Building wheel for Pillow (setup.py): still running...
#14 258.3   Building wheel for Pillow (setup.py): finished with status 'done'
#14 258.3   Created wheel for Pillow: filename=Pillow-9.4.0-cp312-cp312-linux_x86_64.whl size=1227805 sha256=ecb4197fc7a8dd15d1bd776740be6884a294eb5ab376bce778ba30d9e3e17550
#14 258.3   Stored in directory: /tmp/pip-ephem-wheel-cache-nxj_r7ok/wheels/f3/bd/fa/c7606e3b0644710a556108233c428d43249d98e562ccf055b9
#14 258.3   Building wheel for peewee (pyproject.toml): started
#14 259.5   Building wheel for peewee (pyproject.toml): finished with status 'done'
#14 259.5   Created wheel for peewee: filename=peewee-3.17.6-py3-none-any.whl size=138890 sha256=3505d255df8c9758dc0f708939d5a43e7ad2e12bad26f3abe0b28127a15d5354
#14 259.5   Stored in directory: /tmp/pip-ephem-wheel-cache-nxj_r7ok/wheels/a6/5e/0f/8319805c4115320e0d3e8fb5799b114a2e4c4a3d6c7e523b06
#14 259.5   Building wheel for progressbar (setup.py): started
#14 260.6   Building wheel for progressbar (setup.py): finished with status 'done'
#14 260.6   Created wheel for progressbar: filename=progressbar-2.5-py3-none-any.whl size=12065 sha256=f88258fddc285f32629628c6341fabf7836358dbf2e61332a58269552eecf188
#14 260.6   Stored in directory: /tmp/pip-ephem-wheel-cache-nxj_r7ok/wheels/a5/4d/c7/f3cf0f75c746c219090060131fe00f1523cc2c5484991f4030
#14 260.6   Building wheel for typed-ast (setup.py): started
#14 325.0   Building wheel for typed-ast (setup.py): still running...
#14 326.3   Building wheel for typed-ast (setup.py): finished with status 'done'
#14 326.3   Created wheel for typed-ast: filename=typed_ast-1.5.5-cp312-cp312-linux_x86_64.whl size=829835 sha256=5cb38f34d72483b0544b9f5efdb23ff34101fac545b9d7006a15a3ef5870c7eb
#14 326.3   Stored in directory: /tmp/pip-ephem-wheel-cache-nxj_r7ok/wheels/7d/85/f8/cb309265bf60f840369ca24241385ae985caab44af05272b6a
#14 326.3   Building wheel for zope.interface (setup.py): started
#14 331.6   Building wheel for zope.interface (setup.py): finished with status 'done'
#14 331.6   Created wheel for zope.interface: filename=zope.interface-6.4.post2-cp312-cp312-linux_x86_64.whl size=251741 sha256=d3077bf7ab28c1b2e6e0fd74d21e2c96f8cb6332f54f3aaf353e273f79982444
#14 331.6   Stored in directory: /tmp/pip-ephem-wheel-cache-nxj_r7ok/wheels/57/92/a1/98de5346be3ac7c88fcb6444f3c0fee4f2ca24b9da1aacece4
#14 331.7 Successfully built Pillow peewee progressbar typed-ast zope.interface
#14 331.7 Failed to build gevent greenlet
#14 332.2 ERROR: ERROR: Failed to build installable wheels for some pyproject.toml based projects (gevent, greenlet)
#14 ERROR: process "/bin/sh -c pip install --no-cache-dir -r requirements.txt" did not complete successfully: exit code: 1
------
 > [ 9/13] RUN pip install --no-cache-dir -r requirements.txt:
326.3   Building wheel for typed-ast (setup.py): finished with status 'done'
326.3   Created wheel for typed-ast: filename=typed_ast-1.5.5-cp312-cp312-linux_x86_64.whl size=829835 sha256=5cb38f34d72483b0544b9f5efdb23ff34101fac545b9d7006a15a3ef5870c7eb
326.3   Stored in directory: /tmp/pip-ephem-wheel-cache-nxj_r7ok/wheels/7d/85/f8/cb309265bf60f840369ca24241385ae985caab44af05272b6a
326.3   Building wheel for zope.interface (setup.py): started
331.6   Building wheel for zope.interface (setup.py): finished with status 'done'
331.6   Created wheel for zope.interface: filename=zope.interface-6.4.post2-cp312-cp312-linux_x86_64.whl size=251741 sha256=d3077bf7ab28c1b2e6e0fd74d21e2c96f8cb6332f54f3aaf353e273f79982444
331.6   Stored in directory: /tmp/pip-ephem-wheel-cache-nxj_r7ok/wheels/57/92/a1/98de5346be3ac7c88fcb6444f3c0fee4f2ca24b9da1aacece4
331.7 Successfully built Pillow peewee progressbar typed-ast zope.interface
331.7 Failed to build gevent greenlet
332.2 ERROR: ERROR: Failed to build installable wheels for some pyproject.toml based projects (gevent, greenlet)
------
v1_Dockerfile:14
--------------------
  12 |     RUN apk add --no-cache libffi-dev
  13 |     RUN pip install --upgrade pip
  14 | >>> RUN pip install --no-cache-dir -r requirements.txt
  15 |     RUN apk add --no-cache --virtual unrar xz
  16 |     RUN apk del .build-deps gcc musl-dev
--------------------
ERROR: failed to solve: process "/bin/sh -c pip install --no-cache-dir -r requirements.txt" did not complete successfully: exit code: 1
Duration: 6:33.45