
Below is the flaky Dockerfile:

# Dockerfile
```FROM alpine:3.14

RUN apk --no-cache add \
  tini \
  nodejs \
  npm \
  ffmpeg \
  android-tools \
  && npm install -g \
  npm@latest \
  # Clean up obsolete files:
  && rm -rf \
  /tmp/* \
  /root/.npm

WORKDIR /usr/lib/wdio
COPY package.json package-lock.json ./
RUN npm install --production \
  # Clean up obsolete files:
  && rm -rf \
  /tmp/* \
  /root/.npm
# Set NODE_PATH to be able to require installed packages:
ENV NODE_PATH=/usr/lib/wdio/node_modules
# Extend path to be able to run installed binaries:
ENV PATH=$PATH:/usr/lib/wdio/node_modules/.bin

COPY bin/wait-for-hosts.sh /usr/local/bin/wait-for-hosts

WORKDIR /app

# Avoid permission issues with host mounts by assigning a user/group with
# uid/gid 1000 (usually the ID of the first user account on GNU/Linux):
RUN adduser -D -u 1000 wdio
USER wdio

ENTRYPOINT ["tini", "-g", "--", "wait-for-hosts", "--", "wdio"]
```

And below is the build error that occurred when trying to build the Dockerfile:
# Build Error
```> [5/8] RUN npm install --production   && rm -rf   /tmp/*   /root/.npm:
ERROR: npm v10.is known not to run on Node.js v14.21.3.  This version of npm supports the following node versions: `^18.|| >=20.5.0`. You can find the latest version at https://nodejs.org/.
ERROR:
/usr/local/lib/node_modules/npm/lib/utils/error-message.js:11
  er.message &&= replaceInfo(er.message)
             ^^^
SyntaxError: Unexpected token '&&='
    at wrapSafe (internal/modules/cjs/loader.js:1029:16)
    at Module._compile (internal/modules/cjs/loader.js:1078:27)
    at Object.Module._extensions..js (internal/modules/cjs/loader.js:1143:10)
    at Module.load (internal/modules/cjs/loader.js:979:32)
    at Function.Module._load (internal/modules/cjs/loader.js:819:12)
    at Module.require (internal/modules/cjs/loader.js:1003:19)
    at require (internal/modules/cjs/helpers.js:107:18)
    at Object.<anonymous> (/usr/local/lib/node_modules/npm/lib/cli/exit-handler.js:2:48)
    at Module._compile (internal/modules/cjs/loader.js:1114:14)
    at Object.Module._extensions..js (internal/modules/cjs/loader.js:1143:10)
ERROR: process "/bin/sh -c npm install --production   && rm -rf   /tmp/*   /root/.npm" did not complete successfully: exit code: 1```

Below are a few examples of dockerfiles and their build errors alongside their repairs. These examples are provided to help you understand the task better.

# Example 1
## Example Dockerfile
```FROM lavoweb/php-7.3:composer

# Add MySQLi
RUN docker-php-ext-install mysqli

# Add Chromium browser to enable pdf creation
RUN apt-get --allow-releaseinfo-change update && apt install -y --no-install-recommends \
    chromium \
    git
RUN rm -rf /var/cache/apk/* \
    rm -rf /tmp/*

# Add default theme
RUN mkdir -p themes/margot \
    && curl -o - -sSL https://github.com/YesWiki/yeswiki-theme-margot/archive/master.tar.gz \
        | tar xzfv - --strip-components 1 -C themes/margot

# Composer
RUN curl -sS https://getcomposer.org/installer | php -- --install-dir=/usr/local/bin --filename=composer

# Node & NPM & Yarn
RUN curl -sL https://deb.nodesource.com/setup_14.x  | bash -
RUN apt-get install -y --no-install-recommends nodejs
RUN curl -L https://npmjs.org/install.sh | sh
RUN npm install -g yarn


```

## Example Build Error
```> [ 9/10] RUN curl -L https://npmjs.org/install.sh | sh:
ERROR: npm v10.is known not to run on Node.js v14.21.3.  This version of npm supports the following node versions: `^18.|| >=20.5.0`. You can find the latest version at https://nodejs.org/.
ERROR:
/tmp/npm.15/package/node_modules/@npmcli/agent/lib/agents.js:105
    options.lookup ??= this.#options.lookup
                   ^^^
SyntaxError: Unexpected token '??='
    at wrapSafe (internal/modules/cjs/loader.js:1029:16)
    at Module._compile (internal/modules/cjs/loader.js:1078:27)
    at Object.Module._extensions..js (internal/modules/cjs/loader.js:1143:10)
    at Module.load (internal/modules/cjs/loader.js:979:32)
    at Function.Module._load (internal/modules/cjs/loader.js:819:12)
    at Module.require (internal/modules/cjs/loader.js:1003:19)
    at require (internal/modules/cjs/helpers.js:107:18)
    at Object.<anonymous> (/tmp/npm.15/package/node_modules/@npmcli/agent/lib/index.js:7:15)
    at Module._compile (internal/modules/cjs/loader.js:1114:14)
    at Object.Module._extensions..js (internal/modules/cjs/loader.js:1143:10)
failed!
ERROR: process "/bin/sh -c curl -L https://npmjs.org/install.sh | sh" did not complete successfully: exit code: 1```

## Example Repair

### Repair 1
```FROM lavoweb/php-7.3:composer

# Add MySQLi
RUN docker-php-ext-install mysqli

# Add Chromium browser to enable pdf creation
RUN apt-get --allow-releaseinfo-change update && apt install -y --no-install-recommends \
    chromium \
    git
RUN rm -rf /var/cache/apk/* \
    rm -rf /tmp/*

# Add default theme
RUN mkdir -p themes/margot \
    && curl -o - -sSL https://github.com/YesWiki/yeswiki-theme-margot/archive/master.tar.gz \
        | tar xzfv - --strip-components 1 -C themes/margot

# Composer
RUN curl -sS https://getcomposer.org/installer | php -- --install-dir=/usr/local/bin --filename=composer

# Node & NPM & Yarn
RUN curl -sL https://deb.nodesource.com/setup_18.x | bash -
RUN apt-get install -y --no-install-recommends nodejs
RUN curl -L https://npmjs.org/install.sh | sh
RUN npm install -g yarn

```


# Example 2
## Example Dockerfile
```FROM mhart/alpine-node:9

WORKDIR /app
COPY . /app

RUN rm -f package-lock.json \
    ; rm -rf .idea \
    ; rm -rf node_modules \
    ; npm config set registry "https://registry.npm.taobao.org/" \
    && npm install

EXPOSE 3000
CMD ["node", "app.js"]

```

## Example Build Error
```> [4/4] RUN rm -f package-lock.json     ; rm -rf .idea     ; rm -rf node_modules     ; npm config set registry "https://registry.npm.taobao.org/"     && npm install:
npm WARN deprecated request@2.88.2: request has been deprecated, see https://github.com/request/request/issues/3142
npm WARN deprecated mkdirp@0.5.1: Legacy versions of mkdirp are no longer supported. Please update to mkdirp 1.x. (Note that the API surface has changed to use Promises in 1.x.)
npm WARN deprecated har-validator@5.1.5: this library is no longer supported
npm WARN deprecated uuid@3.4.0: Please upgrade  to version 7 or higher.  Older versions may use Math.random() in certain circumstances, which is known to be problematic.  See https://v8.dev/blog/math-random for details.
npm WARN deprecated core-js@2.6.12: core-js@<3.is no longer maintained and not recommended for usage due to the number of issues. Because of the V8 engine whims, feature detection in old core-js versions could cause a slowdown up to 100x even if nothing is polyfilled. Some versions have web compatibility issues. Please, upgrade your dependencies to the actual version of core-js.
npm ERR! code ERR_STREAM_WRITE_AFTER_END
npm ERR! write after end
npm ERR! A complete log of this run can be found in:
npm ERR!     /root/.npm/_logs/2023-07-03T00_39_26_158Z-debug.log
ERROR: process "/bin/sh -c rm -f package-lock.json     ; rm -rf .idea     ; rm -rf node_modules     ; npm config set registry \"https://registry.npm.taobao.org/\"     && npm install" did not complete successfully: exit code: 1```

## Example Repair

### Repair 1
```FROM mhart/alpine-node:9

WORKDIR /app
COPY . /app

RUN rm -f package-lock.json \
    ; rm -rf .idea \
    ; rm -rf node_modules \
    ; npm install -g npm@5.6.0 \
    && npm install

EXPOSE 3000
CMD ["node", "app.js"]

```


### Repair 2
```FROM mhart/alpine-node:9

WORKDIR /app
COPY . /app

RUN rm -f package-lock.json \
    ; rm -rf .idea \
    ; rm -rf node_modules \
    ; npm install -g npm@6.1.0 \
    && npm install

EXPOSE 3000
CMD ["node", "app.js"]

```


# Example 3
## Example Dockerfile
```FROM node:16-alpine as ts-builder
WORKDIR /app
COPY . /app
RUN npm i -g npm && npm ci --ignore-scripts && npm run build

FROM node:16-alpine as dep-builder
WORKDIR /app
COPY package.json package-lock.json /app/
COPY tools /app/tools
RUN apk add --no-cache --update build-base python3
COPY --from=ts-builder /app/dist /app/dist
RUN npm i -g npm && npm ci && node tools/minify-docker.js && sh tools/clean-nm.sh

FROM node:16-alpine as app
WORKDIR /app
ENV NODE_PRODUCTION true
COPY data /app/data
COPY logs /app/logs
COPY package.json /app/package.json
COPY --from=ts-builder /app/dist /app/dist
COPY --from=dep-builder /app/node_modules-minimal/node_modules /app/node_modules
CMD npm run start-docker

```

## Example Build Error
```> [ts-builder 4/4] RUN npm i -g npm && npm ci --ignore-scripts && npm run build:
npm ERR! code EBADENGINE
npm ERR! engine Unsupported engine
npm ERR! engine Not compatible with your version of node/npm: npm@10.0.0
npm ERR! notsup Not compatible with your version of node/npm: npm@10.0.0
npm ERR! notsup Required: {"node":"^18.|| >=20.5.0"}
npm ERR! notsup Actual:   {"npm":"8.19.4","node":"v16.20.2"}
npm ERR! A complete log of this run can be found in:
npm ERR!     /root/.npm/_logs/2023-09-06T12_03_46_144Z-debug-0.log
ERROR: process "/bin/sh -c npm i -g npm && npm ci --ignore-scripts && npm run build" did not complete successfully: exit code: 1```

## Example Repair

### Repair 1
```FROM node:18-alpine as ts-builder
WORKDIR /app
COPY . /app
RUN npm i -g npm && npm ci --ignore-scripts && npm run build

FROM node:18-alpine as dep-builder
WORKDIR /app
COPY package.json package-lock.json /app/
COPY tools /app/tools
RUN apk add --no-cache --update build-base python3
COPY --from=ts-builder /app/dist /app/dist
RUN npm i -g npm && npm ci && node tools/minify-docker.js && sh tools/clean-nm.sh

FROM node:18-alpine as app
WORKDIR /app
ENV NODE_PRODUCTION true
COPY data /app/data
COPY logs /app/logs
COPY package.json /app/package.json
COPY --from=ts-builder /app/dist /app/dist
COPY --from=dep-builder /app/node_modules-minimal/node_modules /app/node_modules
CMD npm run start-docker

```

Your task is to repair the Dockerfile based on the Dockerfile and its build error provided alongside the examples provided for you for as demonstrations. To solve the problem, and based on the information provided, first, you should diagnose which part is causing the flakiness and why. Then, according to the characteristics of that flakiness, repair the Dockerfile. the output Dockerfile must be within five angle brackets:
    <<<<<
    Dockerfile content 
    >>>>>
