
Below is the flaky Dockerfile:

# Dockerfile
```FROM node:10-slim

RUN apt-get update \
 && apt-get dist-upgrade -y \
 && rm -rf /var/lib/apt/lists/* \
 && mkdir -p /app/data

COPY ./src /app/src
COPY ./migrations /app/migrations
COPY ./build /app/build
COPY package.json /app/package.json

WORKDIR /app
RUN npm install --production

VOLUME /app/config.json
VOLUME /app/data

CMD ["node", "/app/build/index.js", "/config.json"]
```

And below is the build error that occurred when trying to build the Dockerfile:
# Build Error
```> [2/8] RUN apt-get update  && apt-get dist-upgrade -y  && rm -rf /var/lib/apt/lists/*  && mkdir -p /app/data:
Err:3 http://security.debian.org/debian-security stretch/updates/main amd64 Packages
  404  Not Found [IP: 151.101.80]
Err:10 http://deb.debian.org/debian stretch/main amd64 Packages
  404  Not Found
Err:11 http://deb.debian.org/debian stretch-updates/main amd64 Packages
  404  Not Found
Ign:12 http://deb.debian.org/debian stretch-updates/main all Packages
Reading package lists...
W: The repository 'http://security.debian.org/debian-security stretch/updates Release' does not have a Release file.
W: The repository 'http://deb.debian.org/debian stretch Release' does not have a Release file.
W: The repository 'http://deb.debian.org/debian stretch-updates Release' does not have a Release file.
E: Failed to fetch http://security.debian.org/debian-security/dists/stretch/updates/main/binary-amd64/Packages  404  Not Found [IP: 151.101.80]
E: Failed to fetch http://deb.debian.org/debian/dists/stretch/main/binary-amd64/Packages  404  Not Found
E: Failed to fetch http://deb.debian.org/debian/dists/stretch-updates/main/binary-amd64/Packages  404  Not Found
E: Some index files failed to download. They have been ignored, or old ones used instead.
ERROR: process "/bin/sh -c apt-get update  && apt-get dist-upgrade -y  && rm -rf /var/lib/apt/lists/*  && mkdir -p /app/data" did not complete successfully: exit code: 100```

Below are a few examples of dockerfiles and their build errors alongside their repairs. These examples are provided to help you understand the task better.

# Example 1
## Example Dockerfile
```# This Dockerfile creates all-in-one image - for now.sh for example.
# It's pretty messy - it's for demonstration purposes only.
# Real deployment should have separate images for each component - frontend and backend.

FROM node:10-stretch AS build_frontend
COPY frontend/package.json frontend/package-lock.json /frontend/
RUN cd /frontend && npm install
COPY frontend /frontend
RUN cd /frontend && npm run build

FROM python:3.7-stretch AS build_backend
RUN python3 -m venv /venv
RUN /venv/bin/pip install --upgrade pip wheel
COPY backend/requirements.txt /backend/
RUN /venv/bin/pip install -r /backend/requirements.txt
COPY backend /backend/
RUN /venv/bin/pip install /backend

FROM debian:stretch
ENV DEBIAN_FRONTEND=noninteractive ALLOW_DEV_LOGIN=1 BACKEND_PROXY=1
RUN apt-get update
RUN apt-get install -y libexpat1
COPY --from=mongo:3.6-jessie /usr/bin/mongod /usr/bin/
COPY --from=mongo:3.6-jessie /usr/lib /usr/lib
COPY --from=build_frontend /usr/local /usr/local
COPY --from=build_frontend /frontend /frontend
COPY --from=build_backend /usr/local /usr/local
COPY --from=build_backend /usr/lib /usr/lib
COPY --from=build_backend /venv /venv
COPY data /data
RUN ldconfig
COPY docker_entrypoint.sh /
EXPOSE 3000
CMD ["/docker_entrypoint.sh"]

```

## Example Build Error
```> [stage-2  2/13] RUN apt-get update:
Err:7 http://security.debian.org/debian-security stretch/updates/main amd64 Packages
  404  Not Found [IP: 151.101.80]
Err:9 http://deb.debian.org/debian stretch/main amd64 Packages
  404  Not Found
Err:12 http://deb.debian.org/debian stretch-updates/main amd64 Packages
  404  Not Found
Reading package lists...
W: The repository 'http://security.debian.org/debian-security stretch/updates Release' does not have a Release file.
W: The repository 'http://deb.debian.org/debian stretch Release' does not have a Release file.
W: The repository 'http://deb.debian.org/debian stretch-updates Release' does not have a Release file.
E: Failed to fetch http://security.debian.org/debian-security/dists/stretch/updates/main/binary-amd64/Packages  404  Not Found [IP: 151.101.80]
E: Failed to fetch http://deb.debian.org/debian/dists/stretch/main/binary-amd64/Packages  404  Not Found
E: Failed to fetch http://deb.debian.org/debian/dists/stretch-updates/main/binary-amd64/Packages  404  Not Found
E: Some index files failed to download. They have been ignored, or old ones used instead.
ERROR: process "/bin/sh -c apt-get update" did not complete successfully: exit code: 100```

## Example Repair

### Repair 1
```# This Dockerfile creates all-in-one image - for now.sh for example.
# It's pretty messy - it's for demonstration purposes only.
# Real deployment should have separate images for each component - frontend and backend.

FROM node:10-stretch AS build_frontend
COPY frontend/package.json frontend/package-lock.json /frontend/
RUN cd /frontend && npm install
COPY frontend /frontend
RUN cd /frontend && npm run build

FROM python:3.7-stretch AS build_backend
RUN python3 -m venv /venv
RUN /venv/bin/pip install --upgrade pip wheel
COPY backend/requirements.txt /backend/
RUN /venv/bin/pip install -r /backend/requirements.txt
COPY backend /backend/
RUN /venv/bin/pip install /backend

FROM debian:stretch
ENV DEBIAN_FRONTEND=noninteractive ALLOW_DEV_LOGIN=1 BACKEND_PROXY=1
RUN echo "deb http://archive.debian.org/debian stretch main" > /etc/apt/sources.list && \
    echo "deb http://archive.debian.org/debian-security stretch/updates main" >> /etc/apt/sources.list && \
    apt-get update
RUN apt-get install -y libexpat1
COPY --from=mongo:3.6-jessie /usr/bin/mongod /usr/bin/
COPY --from=mongo:3.6-jessie /usr/lib /usr/lib
COPY --from=build_frontend /usr/local /usr/local
COPY --from=build_frontend /frontend /frontend
COPY --from=build_backend /usr/local /usr/local
COPY --from=build_backend /usr/lib /usr/lib
COPY --from=build_backend /venv /venv
COPY data /data
RUN ldconfig
COPY docker_entrypoint.sh /
EXPOSE 3000
CMD ["/docker_entrypoint.sh"]
```


# Example 2
## Example Dockerfile
```FROM elixir:1.6.5-slim

ENV DEBIAN_FRONTEND noninteractive

RUN apt-get update

RUN apt-get install -y make

# --- Set Locale to en_US.UTF-8 ---

RUN apt-get install -y locales

RUN echo "en_US.UTF-8 UTF-8" > /etc/locale.gen && \
    locale-gen en_US.UTF-8 && \
    dpkg-reconfigure locales && \
    /usr/sbin/update-locale LANG=en_US.UTF-8
ENV LC_ALL en_US.UTF-8

# --- MSSQL ODBC INSTALL ---

RUN apt-get update && \
    apt-get -y install curl apt-transport-https gnupg2 && \
    curl https://packages.microsoft.com/keys/microsoft.asc | apt-key add - && \
    curl https://packages.microsoft.com/config/debian/9/prod.list > /etc/apt/sources.list.d/mssql-release.list && \
    apt-get update && \
    ACCEPT_EULA=Y apt-get install -y msodbcsql17

# --- APP INSTALL ---

RUN mix local.hex --force && \
    mix local.rebar --force

COPY . /usr/src/app
WORKDIR /usr/src/app
RUN mix do deps.get, deps.compile

# --- Be able to run wait for it script ---

RUN chmod +x /usr/src/app/wait-for-it.sh

```

## Example Build Error
```> [ 2/11] RUN apt-get update:
Err:7 http://deb.debian.org/debian stretch/main amd64 Packages
  404  Not Found
Err:8 http://deb.debian.org/debian stretch-updates/main amd64 Packages
  404  Not Found
Err:12 http://security.debian.org/debian-security stretch/updates/main amd64 Packages
  404  Not Found [IP: 151.101.80]
Reading package lists...
W: The repository 'http://deb.debian.org/debian stretch Release' does not have a Release file.
W: The repository 'http://deb.debian.org/debian stretch-updates Release' does not have a Release file.
W: The repository 'http://security.debian.org/debian-security stretch/updates Release' does not have a Release file.
E: Failed to fetch http://deb.debian.org/debian/dists/stretch/main/binary-amd64/Packages  404  Not Found
E: Failed to fetch http://deb.debian.org/debian/dists/stretch-updates/main/binary-amd64/Packages  404  Not Found
E: Failed to fetch http://security.debian.org/debian-security/dists/stretch/updates/main/binary-amd64/Packages  404  Not Found [IP: 151.101.80]
E: Some index files failed to download. They have been ignored, or old ones used instead.
ERROR: process "/bin/sh -c apt-get update" did not complete successfully: exit code: 100```

## Example Repair

### Repair 1
```FROM elixir:1.6.5-slim

ENV DEBIAN_FRONTEND noninteractive

RUN echo "deb http://archive.debian.org/debian stretch main" > /etc/apt/sources.list && \
    echo "deb http://archive.debian.org/debian-security stretch/updates main" >> /etc/apt/sources.list
RUN apt-get update

RUN apt-get install -y make

# --- Set Locale to en_US.UTF-8 ---

RUN apt-get install -y locales

RUN echo "en_US.UTF-8 UTF-8" > /etc/locale.gen && \
    locale-gen en_US.UTF-8 && \
    dpkg-reconfigure locales && \
    /usr/sbin/update-locale LANG=en_US.UTF-8
ENV LC_ALL en_US.UTF-8

# --- MSSQL ODBC INSTALL ---

RUN apt-get update && \
    apt-get -y install curl apt-transport-https gnupg2 && \
    curl https://packages.microsoft.com/keys/microsoft.asc | apt-key add - && \
    curl https://packages.microsoft.com/config/debian/9/prod.list > /etc/apt/sources.list.d/mssql-release.list && \
    apt-get update && \
    ACCEPT_EULA=Y apt-get install -y msodbcsql17

# --- APP INSTALL ---

RUN mix local.hex --force && \
    mix local.rebar --force

COPY . /usr/src/app
WORKDIR /usr/src/app
RUN mix do deps.get, deps.compile

# --- Be able to run wait for it script ---

RUN chmod +x /usr/src/app/wait-for-it.sh

```


# Example 3
## Example Dockerfile
```FROM debian:stretch-slim

RUN apt-get update \
    && apt-get install --no-install-recommends -y \
    autoconf \
    automake \
    build-essential \
    cmake \
    gcc-multilib \
    libtool-bin \
    m4 \
    zip \
    && rm -r /var/lib/apt/lists/*

VOLUME /code
WORKDIR /code

```

## Example Build Error
```> [2/3] RUN apt-get update     && apt-get install --no-install-recommends -y     autoconf     automake     build-essential     cmake     gcc-multilib     libtool-bin     m4     zip     && rm -r /var/lib/apt/lists/*:
Err:8 http://security.debian.org/debian-security stretch/updates/main amd64 Packages
  404  Not Found [IP: 151.101.80]
Err:10 http://deb.debian.org/debian stretch/main amd64 Packages
  404  Not Found
Err:11 http://deb.debian.org/debian stretch-updates/main amd64 Packages
  404  Not Found
Ign:12 http://deb.debian.org/debian stretch-updates/main all Packages
Reading package lists...
W: The repository 'http://deb.debian.org/debian stretch Release' does not have a Release file.
W: The repository 'http://security.debian.org/debian-security stretch/updates Release' does not have a Release file.
W: The repository 'http://deb.debian.org/debian stretch-updates Release' does not have a Release file.
E: Failed to fetch http://deb.debian.org/debian/dists/stretch/main/binary-amd64/Packages  404  Not Found
E: Failed to fetch http://security.debian.org/debian-security/dists/stretch/updates/main/binary-amd64/Packages  404  Not Found [IP: 151.101.80]
E: Failed to fetch http://deb.debian.org/debian/dists/stretch-updates/main/binary-amd64/Packages  404  Not Found
E: Some index files failed to download. They have been ignored, or old ones used instead.
ERROR: process "/bin/sh -c apt-get update     && apt-get install --no-install-recommends -y     autoconf     automake     build-essential     cmake     gcc-multilib     libtool-bin     m4     zip     && rm -r /var/lib/apt/lists/*" did not complete successfully: exit code: 100```

## Example Repair

### Repair 1
```FROM debian:buster-slim

RUN apt-get update \
    && apt-get install --no-install-recommends -y \
    autoconf \
    automake \
    build-essential \
    cmake \
    gcc-multilib \
    libtool-bin \
    m4 \
    zip \
    && rm -r /var/lib/apt/lists/*

VOLUME /code
WORKDIR /code

```


### Repair 2
```FROM debian:stretch-slim

RUN echo "deb http://archive.debian.org/debian stretch main" > /etc/apt/sources.list && \
    echo "deb http://archive.debian.org/debian-security stretch/updates main" >> /etc/apt/sources.list

RUN apt-get update \
    && apt-get install --no-install-recommends -y \
    autoconf \
    automake \
    build-essential \
    cmake \
    gcc-multilib \
    libtool-bin \
    m4 \
    zip \
    && rm -r /var/lib/apt/lists/*

VOLUME /code
WORKDIR /code

```

Below are a few false repairs that an LLM previously made by mistake for the input flaky Dockerfile along with their build outputs as further demonstrations. These examples are provided to help you understand the task better and to avoid making the same mistakes. So, do not generate the exact false repair generated previously, but you can get ideas from them.

# False Repair 1
## False Repair Dockerfile
```FROM node:10-slim

RUN echo "deb http://archive.debian.org/debian stretch main" > /etc/apt/sources.list && \
    echo "deb http://archive.debian.org/debian-security stretch/updates main" >> /etc/apt/sources.list && \
    apt-get update && \
    apt-get dist-upgrade -y && \
    rm -rf /var/lib/apt/lists/* && \
    mkdir -p /app/data

COPY ./src /app/src
COPY ./migrations /app/migrations
COPY ./build /app/build
COPY package.json /app/package.json

WORKDIR /app
RUN npm install --production

VOLUME /app/config.json
VOLUME /app/data

CMD ["node", "/app/build/index.js", "/config.json"]```

## False Repair Build Output
```> [8/8] RUN npm install --production:
SyntaxError: Unexpected token ?
    at Module._compile (internal/modules/cjs/loader.js:723:23)
    at Object.Module._extensions..js (internal/modules/cjs/loader.js:789:10)
    at Module.load (internal/modules/cjs/loader.js:653:32)
    at tryModuleLoad (internal/modules/cjs/loader.js:593:12)
    at Function.Module._load (internal/modules/cjs/loader.js:585:3)
    at Function.Module.runMain (internal/modules/cjs/loader.js:831:12)
    at startup (internal/bootstrap/node.js:283:19)
    at bootstrapNodeJSCore (internal/bootstrap/node.js:623:3)
npm ERR! code ELIFECYCLE
npm ERR! errno 1
npm ERR! @matrix-org/matrix-sdk-crypto-nodejs@0.1.0-beta.6 postinstall: `node download-lib.js`
npm ERR! Exit status 1
npm ERR! 
npm ERR! Failed at the @matrix-org/matrix-sdk-crypto-nodejs@0.1.0-beta.6 postinstall script.
npm ERR! This is probably not a problem with npm. There is likely additional logging output above.
npm ERR! A complete log of this run can be found in:
npm ERR!     /root/.npm/_logs/2024-07-30T23_19_47_616Z-debug.log
ERROR: process "/bin/sh -c npm install --production" did not complete successfully: exit code: 1```


# False Repair 2
## False Repair Dockerfile
```FROM node:10-slim

RUN echo "deb http://archive.debian.org/debian stretch main" > /etc/apt/sources.list && \
    echo "deb http://archive.debian.org/debian-security stretch/updates main" >> /etc/apt/sources.list && \
    apt-get update && \
    apt-get dist-upgrade -y && \
    rm -rf /var/lib/apt/lists/* && \
    mkdir -p /app/data

COPY ./src /app/src
COPY ./migrations /app/migrations
COPY ./build /app/build
COPY package.json /app/package.json

WORKDIR /app
RUN npm install --production

VOLUME /app/config.json
VOLUME /app/data

CMD ["node", "/app/build/index.js", "/config.json"]```

## False Repair Build Output
```> [8/8] RUN npm install --production:
SyntaxError: Unexpected token ?
    at Module._compile (internal/modules/cjs/loader.js:723:23)
    at Object.Module._extensions..js (internal/modules/cjs/loader.js:789:10)
    at Module.load (internal/modules/cjs/loader.js:653:32)
    at tryModuleLoad (internal/modules/cjs/loader.js:593:12)
    at Function.Module._load (internal/modules/cjs/loader.js:585:3)
    at Function.Module.runMain (internal/modules/cjs/loader.js:831:12)
    at startup (internal/bootstrap/node.js:283:19)
    at bootstrapNodeJSCore (internal/bootstrap/node.js:623:3)
npm ERR! code ELIFECYCLE
npm ERR! errno 1
npm ERR! @matrix-org/matrix-sdk-crypto-nodejs@0.1.0-beta.6 postinstall: `node download-lib.js`
npm ERR! Exit status 1
npm ERR! 
npm ERR! Failed at the @matrix-org/matrix-sdk-crypto-nodejs@0.1.0-beta.6 postinstall script.
npm ERR! This is probably not a problem with npm. There is likely additional logging output above.
npm ERR! A complete log of this run can be found in:
npm ERR!     /root/.npm/_logs/2024-07-30T23_20_59_628Z-debug.log
ERROR: process "/bin/sh -c npm install --production" did not complete successfully: exit code: 1```

Your task is to repair the Dockerfile based on the Dockerfile and its build error provided alongside the examples provided for you for as demonstrations. To solve the problem, and based on the information provided, first, you should diagnose which part is causing the flakiness and why. Then, according to the characteristics of that flakiness, repair the Dockerfile. the output Dockerfile must be within five angle brackets:
    <<<<<
    Dockerfile content 
    >>>>>
