#0 building with "default" instance using docker driver

#1 [internal] load .dockerignore
#1 transferring context:
#1 transferring context: 62B done
#1 DONE 0.5s

#2 [internal] load build definition from v1_Dockerfile
#2 transferring dockerfile: 1.11kB done
#2 DONE 0.7s

#3 [internal] load metadata for docker.io/library/python:3.10
#3 DONE 0.5s

#4 [internal] load build context
#4 DONE 0.0s

#5 [ 1/10] FROM docker.io/library/python:3.10@sha256:428430918ab72109921ef55d5f8bdd3a02a90734fd79ee920146cf385a13c110
#5 resolve docker.io/library/python:3.10@sha256:428430918ab72109921ef55d5f8bdd3a02a90734fd79ee920146cf385a13c110
#5 resolve docker.io/library/python:3.10@sha256:428430918ab72109921ef55d5f8bdd3a02a90734fd79ee920146cf385a13c110 0.2s done
#5 sha256:3c6b65e70ea79ba2edd8f363509ea0fb4f954550da5e73b2a7ca020443851742 7.28kB / 7.28kB done
#5 sha256:189a38ae2a52ee13fe45ffffcf77814dd4ce852434d5e687a4a4f2c078225ff9 2.52kB / 2.52kB done
#5 sha256:428430918ab72109921ef55d5f8bdd3a02a90734fd79ee920146cf385a13c110 9.08kB / 9.08kB done
#5 sha256:30b93c12a9c9326732b35d9e3ebe57148abe33f8fa6e25ab76867410b0ccf876 0B / 24.05MB 0.2s
#5 sha256:30b93c12a9c9326732b35d9e3ebe57148abe33f8fa6e25ab76867410b0ccf876 13.63MB / 24.05MB 0.4s
#5 sha256:ca4e5d6727252f0dbc207fbf283cb95e278bf562bda42d35ce6c919583a110a0 2.10MB / 49.55MB 0.4s
#5 sha256:10d643a5fa823cd013a108b2076f4d2edf1b2a921f863b533e83ea5ed8d09bd4 0B / 64.14MB 0.4s
#5 ...

#4 [internal] load build context
#4 transferring context: 9.35MB 0.1s done
#4 DONE 0.6s

#5 [ 1/10] FROM docker.io/library/python:3.10@sha256:428430918ab72109921ef55d5f8bdd3a02a90734fd79ee920146cf385a13c110
#5 sha256:30b93c12a9c9326732b35d9e3ebe57148abe33f8fa6e25ab76867410b0ccf876 19.92MB / 24.05MB 0.5s
#5 sha256:ca4e5d6727252f0dbc207fbf283cb95e278bf562bda42d35ce6c919583a110a0 7.34MB / 49.55MB 0.5s
#5 sha256:30b93c12a9c9326732b35d9e3ebe57148abe33f8fa6e25ab76867410b0ccf876 24.05MB / 24.05MB 0.7s
#5 sha256:ca4e5d6727252f0dbc207fbf283cb95e278bf562bda42d35ce6c919583a110a0 14.68MB / 49.55MB 0.7s
#5 sha256:10d643a5fa823cd013a108b2076f4d2edf1b2a921f863b533e83ea5ed8d09bd4 13.63MB / 64.14MB 0.7s
#5 sha256:ca4e5d6727252f0dbc207fbf283cb95e278bf562bda42d35ce6c919583a110a0 20.97MB / 49.55MB 0.9s
#5 sha256:10d643a5fa823cd013a108b2076f4d2edf1b2a921f863b533e83ea5ed8d09bd4 29.36MB / 64.14MB 0.9s
#5 sha256:ca4e5d6727252f0dbc207fbf283cb95e278bf562bda42d35ce6c919583a110a0 24.12MB / 49.55MB 1.0s
#5 sha256:10d643a5fa823cd013a108b2076f4d2edf1b2a921f863b533e83ea5ed8d09bd4 37.75MB / 64.14MB 1.0s
#5 sha256:30b93c12a9c9326732b35d9e3ebe57148abe33f8fa6e25ab76867410b0ccf876 24.05MB / 24.05MB 1.0s done
#5 sha256:ca4e5d6727252f0dbc207fbf283cb95e278bf562bda42d35ce6c919583a110a0 29.48MB / 49.55MB 1.2s
#5 sha256:10d643a5fa823cd013a108b2076f4d2edf1b2a921f863b533e83ea5ed8d09bd4 55.57MB / 64.14MB 1.2s
#5 sha256:d6dc1019d7935fe82827434da11bf96cf14e24979f8155e73b794286f10b7f05 0B / 211.24MB 1.2s
#5 sha256:ca4e5d6727252f0dbc207fbf283cb95e278bf562bda42d35ce6c919583a110a0 34.60MB / 49.55MB 1.4s
#5 sha256:10d643a5fa823cd013a108b2076f4d2edf1b2a921f863b533e83ea5ed8d09bd4 64.14MB / 64.14MB 1.4s
#5 sha256:ca4e5d6727252f0dbc207fbf283cb95e278bf562bda42d35ce6c919583a110a0 41.94MB / 49.55MB 1.6s
#5 sha256:d6dc1019d7935fe82827434da11bf96cf14e24979f8155e73b794286f10b7f05 20.97MB / 211.24MB 1.6s
#5 sha256:ca4e5d6727252f0dbc207fbf283cb95e278bf562bda42d35ce6c919583a110a0 45.09MB / 49.55MB 1.7s
#5 sha256:ca4e5d6727252f0dbc207fbf283cb95e278bf562bda42d35ce6c919583a110a0 48.23MB / 49.55MB 1.8s
#5 sha256:d6dc1019d7935fe82827434da11bf96cf14e24979f8155e73b794286f10b7f05 38.80MB / 211.24MB 1.9s
#5 sha256:d6dc1019d7935fe82827434da11bf96cf14e24979f8155e73b794286f10b7f05 54.53MB / 211.24MB 2.1s
#5 sha256:10d643a5fa823cd013a108b2076f4d2edf1b2a921f863b533e83ea5ed8d09bd4 64.14MB / 64.14MB 2.3s done
#5 sha256:d6dc1019d7935fe82827434da11bf96cf14e24979f8155e73b794286f10b7f05 76.55MB / 211.24MB 2.4s
#5 sha256:d6dc1019d7935fe82827434da11bf96cf14e24979f8155e73b794286f10b7f05 97.52MB / 211.24MB 2.7s
#5 sha256:d6dc1019d7935fe82827434da11bf96cf14e24979f8155e73b794286f10b7f05 118.49MB / 211.24MB 2.9s
#5 sha256:d6dc1019d7935fe82827434da11bf96cf14e24979f8155e73b794286f10b7f05 135.14MB / 211.24MB 3.1s
#5 sha256:ca4e5d6727252f0dbc207fbf283cb95e278bf562bda42d35ce6c919583a110a0 49.55MB / 49.55MB 3.2s done
#5 sha256:d6dc1019d7935fe82827434da11bf96cf14e24979f8155e73b794286f10b7f05 145.75MB / 211.24MB 3.2s
#5 extracting sha256:ca4e5d6727252f0dbc207fbf283cb95e278bf562bda42d35ce6c919583a110a0
#5 sha256:7af072e87958b10d0eb4129bc89165296c5bb212b06c0be6d085f4eb0611807f 0B / 6.16MB 3.3s
#5 sha256:d6dc1019d7935fe82827434da11bf96cf14e24979f8155e73b794286f10b7f05 171.97MB / 211.24MB 3.5s
#5 sha256:7af072e87958b10d0eb4129bc89165296c5bb212b06c0be6d085f4eb0611807f 4.19MB / 6.16MB 3.5s
#5 sha256:12887c53cd8229a7015012494d18691a9aaa887d412776bada7485c36ca6a4e3 2.10MB / 17.15MB 3.5s
#5 sha256:7af072e87958b10d0eb4129bc89165296c5bb212b06c0be6d085f4eb0611807f 6.16MB / 6.16MB 3.6s
#5 sha256:12887c53cd8229a7015012494d18691a9aaa887d412776bada7485c36ca6a4e3 8.39MB / 17.15MB 3.6s
#5 sha256:12887c53cd8229a7015012494d18691a9aaa887d412776bada7485c36ca6a4e3 16.78MB / 17.15MB 3.7s
#5 sha256:d6dc1019d7935fe82827434da11bf96cf14e24979f8155e73b794286f10b7f05 183.50MB / 211.24MB 3.8s
#5 sha256:7af072e87958b10d0eb4129bc89165296c5bb212b06c0be6d085f4eb0611807f 6.16MB / 6.16MB 3.7s done
#5 sha256:d6dc1019d7935fe82827434da11bf96cf14e24979f8155e73b794286f10b7f05 209.72MB / 211.24MB 4.1s
#5 sha256:12887c53cd8229a7015012494d18691a9aaa887d412776bada7485c36ca6a4e3 17.15MB / 17.15MB 4.0s done
#5 sha256:9b6892e7b73b1070bbcbf52f4b208d1f5f4b42d5280fee489d34b434af89f891 0B / 3.08MB 4.2s
#5 sha256:16a54ae0623da104f900c6497b71dba83deb4a616b2f99f1e14e7b24568411cd 0B / 230B 4.2s
#5 sha256:16a54ae0623da104f900c6497b71dba83deb4a616b2f99f1e14e7b24568411cd 230B / 230B 4.3s
#5 sha256:9b6892e7b73b1070bbcbf52f4b208d1f5f4b42d5280fee489d34b434af89f891 3.08MB / 3.08MB 4.4s
#5 extracting sha256:ca4e5d6727252f0dbc207fbf283cb95e278bf562bda42d35ce6c919583a110a0 2.8s done
#5 sha256:d6dc1019d7935fe82827434da11bf96cf14e24979f8155e73b794286f10b7f05 211.24MB / 211.24MB 8.6s done
#5 sha256:16a54ae0623da104f900c6497b71dba83deb4a616b2f99f1e14e7b24568411cd 230B / 230B 9.4s
#5 sha256:9b6892e7b73b1070bbcbf52f4b208d1f5f4b42d5280fee489d34b434af89f891 3.08MB / 3.08MB 9.5s
#5 sha256:16a54ae0623da104f900c6497b71dba83deb4a616b2f99f1e14e7b24568411cd 230B / 230B 9.7s done
#5 sha256:9b6892e7b73b1070bbcbf52f4b208d1f5f4b42d5280fee489d34b434af89f891 3.08MB / 3.08MB 9.8s done
#5 extracting sha256:30b93c12a9c9326732b35d9e3ebe57148abe33f8fa6e25ab76867410b0ccf876 0.1s
#5 extracting sha256:30b93c12a9c9326732b35d9e3ebe57148abe33f8fa6e25ab76867410b0ccf876 1.1s done
#5 extracting sha256:10d643a5fa823cd013a108b2076f4d2edf1b2a921f863b533e83ea5ed8d09bd4
#5 extracting sha256:10d643a5fa823cd013a108b2076f4d2edf1b2a921f863b533e83ea5ed8d09bd4 3.9s done
#5 extracting sha256:d6dc1019d7935fe82827434da11bf96cf14e24979f8155e73b794286f10b7f05
#5 extracting sha256:d6dc1019d7935fe82827434da11bf96cf14e24979f8155e73b794286f10b7f05 5.0s
#5 extracting sha256:d6dc1019d7935fe82827434da11bf96cf14e24979f8155e73b794286f10b7f05 10.2s
#5 extracting sha256:d6dc1019d7935fe82827434da11bf96cf14e24979f8155e73b794286f10b7f05 12.0s done
#5 extracting sha256:7af072e87958b10d0eb4129bc89165296c5bb212b06c0be6d085f4eb0611807f
#5 extracting sha256:7af072e87958b10d0eb4129bc89165296c5bb212b06c0be6d085f4eb0611807f 0.4s done
#5 extracting sha256:12887c53cd8229a7015012494d18691a9aaa887d412776bada7485c36ca6a4e3
#5 extracting sha256:12887c53cd8229a7015012494d18691a9aaa887d412776bada7485c36ca6a4e3 0.9s done
#5 extracting sha256:16a54ae0623da104f900c6497b71dba83deb4a616b2f99f1e14e7b24568411cd
#5 extracting sha256:16a54ae0623da104f900c6497b71dba83deb4a616b2f99f1e14e7b24568411cd done
#5 extracting sha256:9b6892e7b73b1070bbcbf52f4b208d1f5f4b42d5280fee489d34b434af89f891
#5 extracting sha256:9b6892e7b73b1070bbcbf52f4b208d1f5f4b42d5280fee489d34b434af89f891 0.3s done
#5 DONE 32.5s

#6 [ 2/10] RUN pip install pipenv
#6 29.01 Collecting pipenv
#6 29.08   Downloading pipenv-2024.0.1-py3-none-any.whl (3.2 MB)
#6 32.14      â”â”â”â”â”â”â”â”â”â”â”â”â”â”â”â”â”â”â”â”â”â”â”â”â”â”â”â”â”â”â”â”â”â”â”â”â”â”â”â” 3.2/3.2 MB 1.0 MB/s eta 0:00:00
#6 36.10 Collecting virtualenv>=20.24.2
#6 36.11   Downloading virtualenv-20.26.3-py3-none-any.whl (5.7 MB)
#6 36.39      â”â”â”â”â”â”â”â”â”â”â”â”â”â”â”â”â”â”â”â”â”â”â”â”â”â”â”â”â”â”â”â”â”â”â”â”â”â”â”â” 5.7/5.7 MB 20.6 MB/s eta 0:00:00
#6 36.90 Collecting setuptools>=67
#6 36.91   Downloading setuptools-72.1.0-py3-none-any.whl (2.3 MB)
#6 37.01      â”â”â”â”â”â”â”â”â”â”â”â”â”â”â”â”â”â”â”â”â”â”â”â”â”â”â”â”â”â”â”â”â”â”â”â”â”â”â”â” 2.3/2.3 MB 24.5 MB/s eta 0:00:00
#6 37.10 Collecting certifi
#6 37.11   Downloading certifi-2024.7.4-py3-none-any.whl (162 kB)
#6 37.13      â”â”â”â”â”â”â”â”â”â”â”â”â”â”â”â”â”â”â”â”â”â”â”â”â”â”â”â”â”â”â”â”â”â”â”â”â”â”â” 163.0/163.0 kB 6.3 MB/s eta 0:00:00
#6 37.21 Collecting distlib<1,>=0.3.7
#6 37.22   Downloading distlib-0.3.8-py2.py3-none-any.whl (468 kB)
#6 37.25      â”â”â”â”â”â”â”â”â”â”â”â”â”â”â”â”â”â”â”â”â”â”â”â”â”â”â”â”â”â”â”â”â”â”â”â”â”â” 468.9/468.9 kB 15.1 MB/s eta 0:00:00
#6 37.34 Collecting filelock<4,>=3.12.2
#6 37.35   Downloading filelock-3.15.4-py3-none-any.whl (16 kB)
#6 37.45 Collecting platformdirs<5,>=3.9.1
#6 37.46   Downloading platformdirs-4.2.2-py3-none-any.whl (18 kB)
#6 37.86 Installing collected packages: distlib, setuptools, platformdirs, filelock, certifi, virtualenv, pipenv
#6 39.10   Attempting uninstall: setuptools
#6 39.11     Found existing installation: setuptools 65.5.1
#6 39.22     Uninstalling setuptools-65.5.1:
#6 39.35       Successfully uninstalled setuptools-65.5.1
#6 43.35 Successfully installed certifi-2024.7.4 distlib-0.3.8 filelock-3.15.4 pipenv-2024.0.1 platformdirs-4.2.2 setuptools-72.1.0 virtualenv-20.26.3
#6 43.35 WARNING: Running pip as the 'root' user can result in broken permissions and conflicting behaviour with the system package manager. It is recommended to use a virtual environment instead: https://pip.pypa.io/warnings/venv
#6 43.56 
#6 43.56 [notice] A new release of pip is available: 23.0.1 -> 24.2
#6 43.56 [notice] To update, run: pip install --upgrade pip
#6 DONE 44.7s

#7 [ 3/10] RUN pip install --upgrade pip setuptools wheel
#7 1.219 Requirement already satisfied: pip in /usr/local/lib/python3.10/site-packages (23.0.1)
#7 1.437 Collecting pip
#7 1.502   Downloading pip-24.2-py3-none-any.whl (1.8 MB)
#7 1.701      â”â”â”â”â”â”â”â”â”â”â”â”â”â”â”â”â”â”â”â”â”â”â”â”â”â”â”â”â”â”â”â”â”â”â”â”â”â”â”â” 1.8/1.8 MB 9.3 MB/s eta 0:00:00
#7 1.718 Requirement already satisfied: setuptools in /usr/local/lib/python3.10/site-packages (72.1.0)
#7 2.170 Requirement already satisfied: wheel in /usr/local/lib/python3.10/site-packages (0.43.0)
#7 2.405 Installing collected packages: pip
#7 2.406   Attempting uninstall: pip
#7 2.407     Found existing installation: pip 23.0.1
#7 2.662     Uninstalling pip-23.0.1:
#7 3.081       Successfully uninstalled pip-23.0.1
#7 4.387 Successfully installed pip-24.2
#7 4.388 WARNING: Running pip as the 'root' user can result in broken permissions and conflicting behaviour with the system package manager. It is recommended to use a virtual environment instead: https://pip.pypa.io/warnings/venv
#7 DONE 5.0s

#8 [ 4/10] COPY . /code
#8 DONE 1.0s

#9 [ 5/10] WORKDIR /code
#9 DONE 0.5s

#10 [ 6/10] RUN bash /code/setup_node_16.sh
#10 0.693 
#10 0.693 ## Installing the NodeSource Node.js 16.x repo...
#10 0.693 
#10 0.697 
#10 0.697 ## Populating apt-get cache...
#10 0.697 
#10 0.697 + apt-get update
#10 0.760 Get:1 http://deb.debian.org/debian bookworm InRelease [151 kB]
#10 0.789 Get:2 http://deb.debian.org/debian bookworm-updates InRelease [55.4 kB]
#10 0.800 Get:3 http://deb.debian.org/debian-security bookworm-security InRelease [48.0 kB]
#10 0.879 Get:4 http://deb.debian.org/debian bookworm/main amd64 Packages [8788 kB]
#10 0.994 Get:5 http://deb.debian.org/debian bookworm-updates/main amd64 Packages [13.8 kB]
#10 1.020 Get:6 http://deb.debian.org/debian-security bookworm-security/main amd64 Packages [169 kB]
#10 2.308 Fetched 9225 kB in 2s (5825 kB/s)
#10 2.308 Reading package lists...
#10 2.987 
#10 2.987 ## Installing packages required for setup: lsb-release...
#10 2.987 
#10 2.987 + apt-get install -y lsb-release > /dev/null 2>&1
#10 4.980 
#10 4.980 ## Confirming "bookworm" is supported...
#10 4.980 
#10 4.980 + curl -sLf -o /dev/null 'https://deb.nodesource.com/node_16.x/dists/bookworm/Release'
#10 5.056 
#10 5.056 ## Adding the NodeSource signing key to your keyring...
#10 5.056 
#10 5.057 + curl -s https://deb.nodesource.com/gpgkey/nodesource.gpg.key | gpg --dearmor | tee /usr/share/keyrings/nodesource.gpg >/dev/null
#10 5.125 
#10 5.125 ## Creating apt sources list file for the NodeSource Node.js 16.x repo...
#10 5.125 
#10 5.125 + echo 'deb [signed-by=/usr/share/keyrings/nodesource.gpg] https://deb.nodesource.com/node_16.x bookworm main' > /etc/apt/sources.list.d/nodesource.list
#10 5.128 + echo 'deb-src [signed-by=/usr/share/keyrings/nodesource.gpg] https://deb.nodesource.com/node_16.x bookworm main' >> /etc/apt/sources.list.d/nodesource.list
#10 5.131 
#10 5.131 ## Running `apt-get update` for you...
#10 5.131 
#10 5.131 + apt-get update
#10 5.196 Hit:1 http://deb.debian.org/debian bookworm InRelease
#10 5.198 Hit:2 http://deb.debian.org/debian bookworm-updates InRelease
#10 5.208 Hit:3 http://deb.debian.org/debian-security bookworm-security InRelease
#10 5.239 Get:4 https://deb.nodesource.com/node_16.x bookworm InRelease [4586 B]
#10 5.483 Get:5 https://deb.nodesource.com/node_16.x bookworm/main amd64 Packages [776 B]
#10 5.497 Fetched 5362 B in 0s (15.9 kB/s)
#10 5.497 Reading package lists...
#10 6.181 
#10 6.181 ## Run `sudo apt-get install -y nodejs` to install Node.js 16.x and npm
#10 6.181 ## You may also need development tools to build native addons:
#10 6.181      sudo apt-get install gcc g++ make
#10 6.181 ## To install the Yarn package manager, run:
#10 6.181      curl -sL https://dl.yarnpkg.com/debian/pubkey.gpg | gpg --dearmor | sudo tee /usr/share/keyrings/yarnkey.gpg >/dev/null
#10 6.181      echo "deb [signed-by=/usr/share/keyrings/yarnkey.gpg] https://dl.yarnpkg.com/debian stable main" | sudo tee /etc/apt/sources.list.d/yarn.list
#10 6.181      sudo apt-get update && sudo apt-get install yarn
#10 6.181 
#10 6.181 
#10 DONE 6.7s

#11 [ 7/10] RUN apt-get update && apt-get -y dist-upgrade && apt-get -y install libmemcached-dev curl
#11 0.833 Hit:1 http://deb.debian.org/debian bookworm InRelease
#11 0.833 Hit:2 http://deb.debian.org/debian bookworm-updates InRelease
#11 0.833 Hit:3 http://deb.debian.org/debian-security bookworm-security InRelease
#11 0.846 Hit:4 https://deb.nodesource.com/node_16.x bookworm InRelease
#11 1.213 Reading package lists...
#11 1.906 Reading package lists...
#11 2.584 Building dependency tree...
#11 2.755 Reading state information...
#11 2.785 Calculating upgrade...
#11 3.015 0 upgraded, 0 newly installed, 0 to remove and 0 not upgraded.
#11 3.025 Reading package lists...
#11 3.704 Building dependency tree...
#11 3.831 Reading state information...
#11 3.978 curl is already the newest version (7.88.1-10+deb12u6).
#11 3.978 The following additional packages will be installed:
#11 3.979   libhashkit-dev libhashkit2 libmemcached11 libmemcachedutil2 libsasl2-dev
#11 4.037 The following NEW packages will be installed:
#11 4.038   libhashkit-dev libhashkit2 libmemcached-dev libmemcached11 libmemcachedutil2
#11 4.038   libsasl2-dev
#11 4.075 0 upgraded, 6 newly installed, 0 to remove and 0 not upgraded.
#11 4.075 Need to get 581 kB of archives.
#11 4.075 After this operation, 1803 kB of additional disk space will be used.
#11 4.075 Get:1 http://deb.debian.org/debian bookworm/main amd64 libhashkit2 amd64 1.1.4-1 [18.3 kB]
#11 4.085 Get:2 http://deb.debian.org/debian bookworm/main amd64 libhashkit-dev amd64 1.1.4-1 [34.8 kB]
#11 4.088 Get:3 http://deb.debian.org/debian bookworm/main amd64 libmemcached11 amd64 1.1.4-1 [80.4 kB]
#11 4.098 Get:4 http://deb.debian.org/debian bookworm/main amd64 libmemcachedutil2 amd64 1.1.4-1 [14.6 kB]
#11 4.103 Get:5 http://deb.debian.org/debian bookworm/main amd64 libsasl2-dev amd64 2.1.28+dfsg-10 [235 kB]
#11 4.113 Get:6 http://deb.debian.org/debian bookworm/main amd64 libmemcached-dev amd64 1.1.4-1 [198 kB]
#11 4.353 debconf: delaying package configuration, since apt-utils is not installed
#11 4.412 Fetched 581 kB in 0s (7709 kB/s)
#11 4.526 Selecting previously unselected package libhashkit2:amd64.
#11 4.526 (Reading database ... (Reading database ... 5%(Reading database ... 10%(Reading database ... 15%(Reading database ... 20%(Reading database ... 25%(Reading database ... 30%(Reading database ... 35%(Reading database ... 40%(Reading database ... 45%(Reading database ... 50%(Reading database ... 55%(Reading database ... 60%(Reading database ... 65%(Reading database ... 70%(Reading database ... 75%(Reading database ... 80%(Reading database ... 85%(Reading database ... 90%(Reading database ... 95%(Reading database ... 100%(Reading database ... 23963 files and directories currently installed.)
#11 4.543 Preparing to unpack .../0-libhashkit2_1.1.4-1_amd64.deb ...
#11 4.595 Unpacking libhashkit2:amd64 (1.1.4-1) ...
#11 4.791 Selecting previously unselected package libhashkit-dev:amd64.
#11 4.791 Preparing to unpack .../1-libhashkit-dev_1.1.4-1_amd64.deb ...
#11 4.813 Unpacking libhashkit-dev:amd64 (1.1.4-1) ...
#11 5.053 Selecting previously unselected package libmemcached11:amd64.
#11 5.053 Preparing to unpack .../2-libmemcached11_1.1.4-1_amd64.deb ...
#11 5.075 Unpacking libmemcached11:amd64 (1.1.4-1) ...
#11 5.338 Selecting previously unselected package libmemcachedutil2:amd64.
#11 5.338 Preparing to unpack .../3-libmemcachedutil2_1.1.4-1_amd64.deb ...
#11 5.369 Unpacking libmemcachedutil2:amd64 (1.1.4-1) ...
#11 5.531 Selecting previously unselected package libsasl2-dev.
#11 5.531 Preparing to unpack .../4-libsasl2-dev_2.1.28+dfsg-10_amd64.deb ...
#11 5.562 Unpacking libsasl2-dev (2.1.28+dfsg-10) ...
#11 5.809 Selecting previously unselected package libmemcached-dev:amd64.
#11 5.809 Preparing to unpack .../5-libmemcached-dev_1.1.4-1_amd64.deb ...
#11 5.839 Unpacking libmemcached-dev:amd64 (1.1.4-1) ...
#11 6.115 Setting up libhashkit2:amd64 (1.1.4-1) ...
#11 6.195 Setting up libsasl2-dev (2.1.28+dfsg-10) ...
#11 6.296 Setting up libmemcached11:amd64 (1.1.4-1) ...
#11 6.396 Setting up libmemcachedutil2:amd64 (1.1.4-1) ...
#11 6.472 Setting up libhashkit-dev:amd64 (1.1.4-1) ...
#11 6.547 Setting up libmemcached-dev:amd64 (1.1.4-1) ...
#11 6.623 Processing triggers for libc-bin (2.36-9+deb12u7) ...
#11 DONE 7.1s

#12 [ 8/10] RUN curl -fsSL https://deb.nodesource.com/setup_16.x | bash - &&     apt-get install -y nodejs
#12 0.921 
#12 0.921 ================================================================================
#12 0.921 ================================================================================
#12 0.921 
#12 0.921                               DEPRECATION WARNING                            
#12 0.921 
#12 0.921      Node.js 16.x is no longer actively supported!
#12 0.921 
#12 0.921   You will not receive security or critical stability updates for this version.
#12 0.921 
#12 0.921   You should migrate to a supported version of Node.js as soon as possible.
#12 0.921   Use the installation script that corresponds to the version of Node.js you
#12 0.921   wish to install. e.g.
#12 0.921   
#12 0.921    * https://deb.nodesource.com/setup_16.x â€” Node.js 16 "Gallium" (deprecated)
#12 0.921    * https://deb.nodesource.com/setup_18.x â€” Node.js 18 "Hydrogen" (Maintenance)
#12 0.921    * https://deb.nodesource.com/setup_19.x â€” Node.js 19 "Nineteen" (deprecated)
#12 0.921    * https://deb.nodesource.com/setup_20.x â€” Node.js 20 LTS "Iron" (recommended)
#12 0.921    * https://deb.nodesource.com/setup_21.x â€” Node.js 21 "Iron" (current)
#12 0.921    
#12 0.921 
#12 0.921 
#12 0.921   Please see https://github.com/nodejs/Release for details about which
#12 0.921   version may be appropriate for you.
#12 0.921 
#12 0.921   The NodeSource Node.js distributions repository contains
#12 0.921   information both about supported versions of Node.js and supported Linux
#12 0.921   distributions. To learn more about usage, see the repository:
#12 0.921    https://github.com/nodesource/distributions
#12 0.921 
#12 0.921 ================================================================================
#12 0.921 ================================================================================
#12 0.921 
#12 0.921 Continuing in 10 seconds ...
#12 0.921 
#12 10.93 [38;5;79m2024-08-01 08:46:44 - Installing pre-requisites[0m
#12 11.03 Hit:1 http://deb.debian.org/debian bookworm InRelease
#12 11.03 Hit:2 http://deb.debian.org/debian bookworm-updates InRelease
#12 11.03 Hit:3 http://deb.debian.org/debian-security bookworm-security InRelease
#12 11.04 Hit:4 https://deb.nodesource.com/node_16.x bookworm InRelease
#12 11.37 Reading package lists...
#12 12.06 Reading package lists...
#12 12.76 Building dependency tree...
#12 12.90 Reading state information...
#12 13.09 ca-certificates is already the newest version (20230311).
#12 13.09 curl is already the newest version (7.88.1-10+deb12u6).
#12 13.09 gnupg is already the newest version (2.2.40-1.1).
#12 13.09 The following NEW packages will be installed:
#12 13.09   apt-transport-https
#12 13.13 0 upgraded, 1 newly installed, 0 to remove and 0 not upgraded.
#12 13.13 Need to get 25.2 kB of archives.
#12 13.13 After this operation, 35.8 kB of additional disk space will be used.
#12 13.13 Get:1 http://deb.debian.org/debian bookworm/main amd64 apt-transport-https all 2.6.1 [25.2 kB]
#12 13.37 debconf: delaying package configuration, since apt-utils is not installed
#12 13.44 Fetched 25.2 kB in 0s (744 kB/s)
#12 13.52 Selecting previously unselected package apt-transport-https.
#12 13.52 (Reading database ... (Reading database ... 5%(Reading database ... 10%(Reading database ... 15%(Reading database ... 20%(Reading database ... 25%(Reading database ... 30%(Reading database ... 35%(Reading database ... 40%(Reading database ... 45%(Reading database ... 50%(Reading database ... 55%(Reading database ... 60%(Reading database ... 65%(Reading database ... 70%(Reading database ... 75%(Reading database ... 80%(Reading database ... 85%(Reading database ... 90%(Reading database ... 95%(Reading database ... 100%(Reading database ... 24294 files and directories currently installed.)
#12 13.54 Preparing to unpack .../apt-transport-https_2.6.1_all.deb ...
#12 13.56 Unpacking apt-transport-https (2.6.1) ...
#12 13.79 Setting up apt-transport-https (2.6.1) ...
#12 14.08 Hit:1 http://deb.debian.org/debian bookworm InRelease
#12 14.08 Hit:2 http://deb.debian.org/debian bookworm-updates InRelease
#12 14.09 Hit:3 http://deb.debian.org/debian-security bookworm-security InRelease
#12 14.12 Get:4 https://deb.nodesource.com/node_16.x nodistro InRelease [12.1 kB]
#12 14.38 Get:5 https://deb.nodesource.com/node_16.x nodistro/main amd64 Packages [7462 B]
#12 14.39 Fetched 19.6 kB in 0s (56.5 kB/s)
#12 14.39 Reading package lists...
#12 15.08 [1;32m2024-08-01 08:46:49 - Repository configured successfully. To install Node.js, run: apt-get install nodejs -y[0m
#12 15.09 Reading package lists...
#12 15.80 Building dependency tree...
#12 15.93 Reading state information...
#12 16.11 The following NEW packages will be installed:
#12 16.11   nodejs
#12 16.22 0 upgraded, 1 newly installed, 0 to remove and 0 not upgraded.
#12 16.22 Need to get 27.5 MB of archives.
#12 16.22 After this operation, 128 MB of additional disk space will be used.
#12 16.22 Get:1 https://deb.nodesource.com/node_16.x nodistro/main amd64 nodejs amd64 16.20.2-1nodesource1 [27.5 MB]
#12 16.83 debconf: delaying package configuration, since apt-utils is not installed
#12 16.86 Fetched 27.5 MB in 1s (50.4 MB/s)
#12 17.00 Selecting previously unselected package nodejs.
#12 17.00 (Reading database ... (Reading database ... 5%(Reading database ... 10%(Reading database ... 15%(Reading database ... 20%(Reading database ... 25%(Reading database ... 30%(Reading database ... 35%(Reading database ... 40%(Reading database ... 45%(Reading database ... 50%(Reading database ... 55%(Reading database ... 60%(Reading database ... 65%(Reading database ... 70%(Reading database ... 75%(Reading database ... 80%(Reading database ... 85%(Reading database ... 90%(Reading database ... 95%(Reading database ... 100%(Reading database ... 24298 files and directories currently installed.)
#12 17.02 Preparing to unpack .../nodejs_16.20.2-1nodesource1_amd64.deb ...
#12 17.05 Unpacking nodejs (16.20.2-1nodesource1) ...
#12 21.09 Setting up nodejs (16.20.2-1nodesource1) ...
#12 DONE 21.6s

#13 [ 9/10] RUN npm install npm@latest -g
#13 1.401 npm ERR! code EBADENGINE
#13 1.403 npm ERR! engine Unsupported engine
#13 1.403 npm ERR! engine Not compatible with your version of node/npm: npm@10.8.2
#13 1.403 npm ERR! notsup Not compatible with your version of node/npm: npm@10.8.2
#13 1.404 npm ERR! notsup Required: {"node":"^18.17.0 || >=20.5.0"}
#13 1.404 npm ERR! notsup Actual:   {"npm":"8.19.4","node":"v16.20.2"}
#13 1.406 
#13 1.406 npm ERR! A complete log of this run can be found in:
#13 1.406 npm ERR!     /root/.npm/_logs/2024-08-01T08_46_56_738Z-debug-0.log
#13 ERROR: process "/bin/sh -c npm install npm@latest -g" did not complete successfully: exit code: 1
------
 > [ 9/10] RUN npm install npm@latest -g:
1.401 npm ERR! code EBADENGINE
1.403 npm ERR! engine Unsupported engine
1.403 npm ERR! engine Not compatible with your version of node/npm: npm@10.8.2
1.403 npm ERR! notsup Not compatible with your version of node/npm: npm@10.8.2
1.404 npm ERR! notsup Required: {"node":"^18.17.0 || >=20.5.0"}
1.404 npm ERR! notsup Actual:   {"npm":"8.19.4","node":"v16.20.2"}
1.406 
1.406 npm ERR! A complete log of this run can be found in:
1.406 npm ERR!     /root/.npm/_logs/2024-08-01T08_46_56_738Z-debug-0.log
------
v1_Dockerfile:20
--------------------
  18 |     
  19 |     # the version of node-sass that tailwind uses doesn't work with npm 5.x under node 10.x, which the debian docker image gives us
  20 | >>> RUN npm install npm@latest -g
  21 |     
  22 |     # even though this is where `which npm` points to, running `npm install` without the absolute path still runs npm 5.x,
--------------------
ERROR: failed to solve: process "/bin/sh -c npm install npm@latest -g" did not complete successfully: exit code: 1
Duration: 2:2.84