
Below is the flaky Dockerfile:

# Dockerfile
```FROM node:7.10

RUN mkdir -p /usr/src/app
WORKDIR /usr/src/app

COPY . /usr/src/app

RUN npm install

EXPOSE 3000

CMD [ "npm", "start" ]
```

And below is the build error that occurred when trying to build the Dockerfile:
# Build Error
```> [5/5] RUN npm install:
five-bells-ledger@21./usr/src/app
npm WARN pg@8.requires a peer of pg-native@>=2.but none was installed.
npm WARN five-bells-shared@26.requires a peer of mag@^0.but none was installed.
npm WARN five-bells-shared@26.requires a peer of mag-hub@^0.but none was installed.
npm ERR! Linux 3.10.0-1127.10.1.el7.x86_64
npm ERR! argv "/usr/local/bin/node" "/usr/local/bin/npm" "install"
npm ERR! node v7.10.1
npm ERR! npm  v4.2.0
npm ERR! path /usr/src/app/node_modules/.staging/@types/triple-beam-c220f220/package.json
npm ERR! code ENOTDIR
npm ERR! errno -20
npm ERR! syscall open
npm ERR! ENOTDIR: not a directory, open '/usr/src/app/node_modules/.staging/@types/triple-beam-c220f220/package.json'
npm ERR! 
npm ERR! If you need help, you may report this error at:
npm ERR!     <https://github.com/npm/npm/issues>
npm ERR! Please include the following file with any support request:
npm ERR!     /root/.npm/_logs/2024-07-31T07_28_21_508Z-debug.log
ERROR: process "/bin/sh -c npm install" did not complete successfully: exit code: 236```

Below are a few examples of dockerfiles and their build errors alongside their repairs. These examples are provided to help you understand the task better.

# Example 1
## Example Dockerfile
```FROM node:7-onbuild

ENV PORT 8080
EXPOSE 8080

# Set this variable to the name of your production config file (without the extension)
ENV NODE_ENV default

# Set this variable to the value of the secret field of the Github webhook
ENV WEBHOOK_SECRET ''

```

## Example Build Error
```> [3/1] RUN npm install && npm cache clean --force:
npm WARN node-fetch@2.requires a peer of encoding@^0.but none was installed.
npm WARN autobounty@1.No repository field.
npm ERR! Linux 3.10.0-1127.10.1.el7.x86_64
npm ERR! argv "/usr/local/bin/node" "/usr/local/bin/npm" "install"
npm ERR! node v7.10.1
npm ERR! npm  v4.2.0
npm ERR! path /usr/src/app/node_modules/.staging/@types/triple-beam-c220f220/package.json
npm ERR! code ENOTDIR
npm ERR! errno -20
npm ERR! syscall open
npm ERR! ENOTDIR: not a directory, open '/usr/src/app/node_modules/.staging/@types/triple-beam-c220f220/package.json'
npm ERR! 
npm ERR! If you need help, you may report this error at:
npm ERR!     <https://github.com/npm/npm/issues>
npm ERR! Please include the following file with any support request:
npm ERR!     /root/.npm/_logs/2023-09-30T17_01_50_679Z-debug.log
ERROR: process "/bin/sh -c npm install && npm cache clean --force" did not complete successfully: exit code: 236```

## Example Repair

### Repair 1
```FROM node:16

ENV PORT 8080
EXPOSE 8080

WORKDIR /usr/src/app
COPY package.json ./

RUN npm install && npm cache clean --force

COPY . .

ENV NODE_ENV default
ENV WEBHOOK_SECRET ''

CMD ["npm", "start"]
```


# Example 2
## Example Dockerfile
```FROM node:boron

# Create app directory
RUN mkdir -p /usr/src/app
WORKDIR /usr/src/app

# Install app dependencies
COPY package.json /usr/src/app
RUN npm install

# Bundle app source
COPY . /usr/src/app

EXPOSE 8080
CMD [ "npm", "start" ]

```

## Example Build Error
```> [5/6] RUN npm install:
SUSI-Bot@1./usr/src/app
npm WARN SUSI-Bot@1.No repository field.
npm WARN SUSI-Bot@1.No license field.
npm ERR! Linux 3.10.0-1160.88.1.el7.x86_64
npm ERR! argv "/usr/local/bin/node" "/usr/local/bin/npm" "install"
npm ERR! node v6.17.1
npm ERR! npm  v3.10.10
npm ERR! path /usr/src/app/node_modules/.staging/@types/connect-f4c8cb8c/package.json
npm ERR! code ENOTDIR
npm ERR! errno -20
npm ERR! syscall open
npm ERR! ENOTDIR: not a directory, open '/usr/src/app/node_modules/.staging/@types/connect-f4c8cb8c/package.json'
npm ERR! 
npm ERR! If you need help, you may report this error at:
npm ERR!     <https://github.com/npm/npm/issues>
npm ERR! Please include the following file with any support request:
npm ERR!     /usr/src/app/npm-debug.log
ERROR: process "/bin/sh -c npm install" did not complete successfully: exit code: 236```

## Example Repair

### Repair 1
```FROM node:14

# Create app directory
RUN mkdir -p /usr/src/app
WORKDIR /usr/src/app

# Install app dependencies
COPY package.json /usr/src/app
RUN npm cache clean --force
RUN npm install

# Bundle app source
COPY . /usr/src/app

EXPOSE 8080
CMD [ "npm", "start" ]
```


# Example 3
## Example Dockerfile
```FROM xataz/node:7-onbuild
MAINTAINER xataz <https://github.com/xataz>

ENV GID=991 \
    UID=991 \
    USERNAME="t411" \
    PASSWORD="t411" \
    ONLYVERIFIED=true \
    DEBUGVERIFIED=false

ADD startup /usr/local/bin/startup
RUN chmod +x /usr/local/bin/startup

EXPOSE 9876

CMD ["/usr/local/bin/startup"]

```

## Example Build Error
```> [3/3] RUN PKG_BUILD="git make gcc g++ python linux-headers" 	&& apk upgrade -U 	&& apk add ${PKG_BUILD} 	&& if [ -e /usr/src/app/package.json ]; then 		npm install; 	fi && if [ -e /usr/src/app/bower.js ]; then 		npm install -g bower && bower install; 	fi && if [ -e /usr/src/app/gulpfile.js ]; then 		npm install -g gulp && gulp; 	fi && if [ -e /usr/src/app/Gruntfile.js ]; then 		npm install -g grunt && grunt; 	fi 	&& npm cache clean /root/.npm 	&& apk del ${PKG_BUILD} 	&& rm -rf /var/cache/apk/*:
T411-torznab@0./usr/src/app
npm ERR! Linux 3.10.0-1127.el7.x86_64
npm ERR! argv "/usr/bin/node" "/usr/bin/npm" "install"
npm ERR! node v7.10.0
npm ERR! npm  v3.10.10
npm ERR! path /usr/src/app/node_modules/.staging/@types/triple-beam-c220f220/package.json
npm ERR! code ENOTDIR
npm ERR! errno -20
npm ERR! syscall open
npm ERR! ENOTDIR: not a directory, open '/usr/src/app/node_modules/.staging/@types/triple-beam-c220f220/package.json'
npm ERR! 
npm ERR! If you need help, you may report this error at:
npm ERR!     <https://github.com/npm/npm/issues>
npm ERR! Please include the following file with any support request:
npm ERR!     /usr/src/app/npm-debug.log
ERROR: process "/bin/sh -c PKG_BUILD=\"git make gcc g++ python linux-headers\" \t&& apk upgrade -U \t&& apk add ${PKG_BUILD} \t&& if [ -e /usr/src/app/package.json ]; then \t\tnpm install; \tfi && if [ -e /usr/src/app/bower.js ]; then \t\tnpm install -g bower && bower install; \tfi && if [ -e /usr/src/app/gulpfile.js ]; then \t\tnpm install -g gulp && gulp; \tfi && if [ -e /usr/src/app/Gruntfile.js ]; then \t\tnpm install -g grunt && grunt; \tfi \t&& npm cache clean /root/.npm \t&& apk del ${PKG_BUILD} \t&& rm -rf /var/cache/apk/*" did not complete successfully: exit code: 236```

## Example Repair

### Repair 1
```FROM node:16-alpine
MAINTAINER xataz <https://github.com/xataz>

ENV GID=991 \
    UID=991 \
    USERNAME="t411" \
    PASSWORD="t411" \
    ONLYVERIFIED=true \
    DEBUGVERIFIED=false

ADD startup /usr/local/bin/startup
RUN chmod +x /usr/local/bin/startup

RUN PKG_BUILD="git make gcc g++ python3 linux-headers" \
    && apk upgrade -U \
    && apk add --no-cache ${PKG_BUILD} \
    && if [ -e /usr/src/app/package.json ]; then \
        npm cache clean --force \
        && rm -rf node_modules \
        && npm install; \
    fi \
    && if [ -e /usr/src/app/bower.js ]; then \
        npm install -g bower && bower install; \
    fi \
    && if [ -e /usr/src/app/gulpfile.js ]; then \
        npm install -g gulp && gulp; \
    fi \
    && if [ -e /usr/src/app/Gruntfile.js ]; then \
        npm install -g grunt && grunt; \
    fi \
    && npm cache clean --force \
    && apk del ${PKG_BUILD} \
    && rm -rf /var/cache/apk/*

EXPOSE 9876

CMD ["/usr/local/bin/startup"]
```

Your task is to repair the Dockerfile based on the Dockerfile and its build error provided alongside the examples provided for you for as demonstrations. To solve the problem, and based on the information provided, first, you should diagnose which part is causing the flakiness and why. Then, according to the characteristics of that flakiness, repair the Dockerfile. the output Dockerfile must be within five angle brackets:
    <<<<<
    Dockerfile content 
    >>>>>
