
Below is the flaky Dockerfile:

# Dockerfile
```FROM library/python:3.10-buster as server
WORKDIR /build
RUN curl -sSL https://install.python-poetry.org | python -
COPY poetry.lock pyproject.toml ./
RUN /root/.local/bin/poetry export --without-hashes > requirements.txt
RUN pip install --user -r requirements.txt
COPY . .
RUN pip install --user .

FROM virtool/workflow-tools:2.0.1
WORKDIR /virtool
COPY --from=server /root/.local /root/.local
COPY run.py pyproject.toml VERSION* /virtool/
COPY virtool /virtool/virtool
COPY example /virtool/example
EXPOSE 9950
ENTRYPOINT ["python", "run.py"]
CMD ["server"]
```

And below is the build error that occurred when trying to build the Dockerfile:
# Build Error
```> [internal] load metadata for docker.io/virtool/workflow-tools:2.0.1:
ERROR: pull access denied, repository does not exist or may require authorization: server message: insufficient_scope: authorization failed```

Below are a few examples of dockerfiles and their build errors alongside their repairs. These examples are provided to help you understand the task better.

# Example 1
## Example Dockerfile
```FROM 1science/java:oracle-jre-8

MAINTAINER Charles Gunzelman "cgunzelman@gmail.com"
LABEL org.label-schema.docker.dockerfile="/Dockerfile" \
      org.label-schema.vcs-type="Git" \
      org.label-schema.vcs-url="https://github.com/packetworks/docker-nxfilter"

# Include the SSL-Split binary, not used by default.
COPY --from=vimagick/sslsplit /usr/local/bin/sslsplit /usr/local/bin/

COPY entrypoint.sh url.txt /

# Fix DNS
# RUN apk add --update bind-tools

# Download and extract nxfilter
RUN xargs </url.txt curl -o nxfilter.zip -s \
  && mkdir /nxfilter \
  && unzip -q nxfilter.zip -d /nxfilter \
  && chmod +x /nxfilter/bin/startup.sh \
  && rm -f nxfilter.zip

EXPOSE 80
EXPOSE 443
EXPOSE 53/udp
EXPOSE 19002
EXPOSE 19003
EXPOSE 19004

ENTRYPOINT ["/entrypoint.sh"]

CMD ["/nxfilter/bin/startup.sh"]

```

## Example Build Error
```> [internal] load metadata for docker.io/1science/java:oracle-jre-8:
ERROR: pull access denied, repository does not exist or may require authorization: server message: insufficient_scope: authorization failed```

## Example Repair

### Repair 1
```FROM openjdk:8-jre

MAINTAINER Charles Gunzelman "cgunzelman@gmail.com"
LABEL org.label-schema.docker.dockerfile="/Dockerfile" \
      org.label-schema.vcs-type="Git" \
      org.label-schema.vcs-url="https://github.com/packetworks/docker-nxfilter"

# Include the SSL-Split binary, not used by default.
COPY --from=vimagick/sslsplit /usr/local/bin/sslsplit /usr/local/bin/

COPY entrypoint.sh url.txt /

# Fix DNS
# RUN apk add --update bind-tools

# Download and extract nxfilter
RUN xargs </url.txt curl -o nxfilter.zip -s \
  && mkdir /nxfilter \
  && unzip -q nxfilter.zip -d /nxfilter \
  && chmod +x /nxfilter/bin/startup.sh \
  && rm -f nxfilter.zip

EXPOSE 80
EXPOSE 443
EXPOSE 53/udp
EXPOSE 19002
EXPOSE 19003
EXPOSE 19004

ENTRYPOINT ["/entrypoint.sh"]

CMD ["/nxfilter/bin/startup.sh"]

```


# Example 2
## Example Dockerfile
```FROM jackjoe/elixir-phx AS builder

ARG MIX_ENV=prod
ENV PORT ${PORT:-5050}
ENV HOST ${HOST:-localhost}

# Create and set home directory
ENV HOME /opt/app
WORKDIR $HOME

# Copy all application files
COPY . ./

# Install all production dependencies + digest
RUN mix deps.get --only prod && \
    mix deps.compile --include-children && \
    mix phx.digest

RUN mix release production

##################################################

FROM jackjoe/alpine

ARG APP_VSN
ARG APP_NAME
ARG MIX_ENV=prod

# Env vars
# Create and set home directory
ENV HOME /opt/app
ENV APP_NAME $APP_NAME
ENV PORT ${PORT:-5050}

WORKDIR $HOME
EXPOSE $PORT

COPY --from=builder $HOME/_build/$MIX_ENV/rel/production $HOME
COPY --from=builder $HOME/script/wait-for $HOME

COPY rel/start.sh .
RUN chmod +x $HOME/start.sh
RUN chmod +x $HOME/wait-for

HEALTHCHECK --interval=3s --timeout=3s --retries=10 CMD curl --fail -s http://localhost:$PORT/health || exit 1

ENTRYPOINT ["/opt/app/start.sh"]

```

## Example Build Error
```> [internal] load metadata for docker.io/jackjoe/alpine:latest:
ERROR: pull access denied, repository does not exist or may require authorization: server message: insufficient_scope: authorization failed```

## Example Repair

### Repair 1
```FROM registry.gitlab.com/jack-joe-open-source/docker-images/elixir-phx AS builder


ARG MIX_ENV=prod
ENV PORT ${PORT:-5050}
ENV HOST ${HOST:-localhost}

# Create and set home directory
ENV HOME /opt/app
WORKDIR $HOME

# Copy all application files
COPY . ./

# Install all production dependencies + digest
RUN mix deps.get --only prod && \
    mix deps.compile --include-children && \
    mix phx.digest

RUN mix release production

##################################################

FROM registry.gitlab.com/jack-joe-open-source/docker-images/alpine

ARG APP_VSN
ARG APP_NAME
ARG MIX_ENV=prod

# Env vars
# Create and set home directory
ENV HOME /opt/app
ENV APP_NAME $APP_NAME
ENV PORT ${PORT:-5050}

WORKDIR $HOME
EXPOSE $PORT

COPY --from=builder $HOME/_build/$MIX_ENV/rel/production $HOME
COPY --from=builder $HOME/script/wait-for $HOME

COPY rel/start.sh .
RUN chmod +x $HOME/start.sh
RUN chmod +x $HOME/wait-for

HEALTHCHECK --interval=3s --timeout=3s --retries=10 CMD curl --fail -s http://localhost:$PORT/health || exit 1

ENTRYPOINT ["/opt/app/start.sh"]

```


### Repair 2
```FROM elixir:latest AS builder

ARG MIX_ENV=prod
ENV PORT ${PORT:-5050}
ENV HOST ${HOST:-localhost}

# Create and set home directory
ENV HOME /opt/app
WORKDIR $HOME

RUN mix local.hex --force && \
    mix local.rebar --force

RUN curl -sL https://deb.nodesource.com/setup_14.x | bash - && \
    apt-get install -y nodejs

# Copy all application files
COPY . ./

# Install all production dependencies + digest
RUN mix deps.get --only prod && \
    mix deps.compile --include-children && \
    mix phx.digest

RUN mix release production

##################################################

FROM alpine:latest

ARG APP_VSN
ARG APP_NAME
ARG MIX_ENV=prod

RUN apk add --no-cache bash curl

# Env vars
ENV HOME /opt/app
ENV APP_NAME $APP_NAME
ENV PORT ${PORT:-5050}

WORKDIR $HOME
EXPOSE $PORT

COPY --from=builder $HOME/_build/$MIX_ENV/rel/production $HOME
COPY --from=builder $HOME/script/wait-for $HOME

COPY rel/start.sh .
RUN chmod +x $HOME/start.sh
RUN chmod +x $HOME/wait-for

HEALTHCHECK --interval=3s --timeout=3s --retries=10 CMD curl --fail -s http://localhost:$PORT/health || exit 1

ENTRYPOINT ["/opt/app/start.sh"]
```


# Example 3
## Example Dockerfile
```FROM consul

# Add Containerpilot and set its configuration
ENV CONTAINERPILOT_VERSION 2.6.0
ENV CONTAINERPILOT file:///etc/containerpilot.json
ENV HEALTH_URL http://localhost:8500/ui/

RUN export CONTAINERPILOT_CHECKSUM=c1bcd137fadd26ca2998eec192d04c08f62beb1f \
    && export archive=containerpilot-${CONTAINERPILOT_VERSION}.tar.gz \
    && curl -Lso /tmp/${archive} \
         "https://github.com/joyent/containerpilot/releases/download/${CONTAINERPILOT_VERSION}/${archive}" \
    && echo "${CONTAINERPILOT_CHECKSUM}  /tmp/${archive}" | sha1sum -c \
    && tar zxf /tmp/${archive} -C /usr/local/bin \
    && rm /tmp/${archive} \
    && apk add --no-cache bash curl \
    && curl -sL https://github.com/sequenceiq/docker-alpine-dig/releases/download/v9.10.2/dig.tgz|tar -xzv -C /usr/local/bin/

# configuration files and bootstrap scripts
COPY etc/containerpilot.json etc/
COPY bin/* /usr/local/bin/

HEALTHCHECK --interval=30s --timeout=20s --retries=10 CMD curl --fail -s $HEALTH_URL || exit 1

ENTRYPOINT ["/usr/local/bin/containerpilot", "/usr/local/bin/docker-entrypoint.sh" ]
CMD ["agent", "-server", "-bootstrap-expect", "3", "-ui", "-client=0.0.0.0", "-retry-interval", "5s", "--log-level", "warn", "-disable-host-node-id"]


```

## Example Build Error
```> [internal] load metadata for docker.io/library/consul:latest:
ERROR: docker.io/library/consul:latest: not found```

## Example Repair

### Repair 1
```FROM hashicorp/consul

# Add Containerpilot and set its configuration
ENV CONTAINERPILOT_VERSION 2.6.0
ENV CONTAINERPILOT file:///etc/containerpilot.json
ENV HEALTH_URL http://localhost:8500/ui/

RUN export CONTAINERPILOT_CHECKSUM=c1bcd137fadd26ca2998eec192d04c08f62beb1f \
    && export archive=containerpilot-${CONTAINERPILOT_VERSION}.tar.gz \
    && curl -Lso /tmp/${archive} \
         "https://github.com/joyent/containerpilot/releases/download/${CONTAINERPILOT_VERSION}/${archive}" \
    && echo "${CONTAINERPILOT_CHECKSUM}  /tmp/${archive}" | sha1sum -c \
    && tar zxf /tmp/${archive} -C /usr/local/bin \
    && rm /tmp/${archive} \
    && apk add --no-cache bash curl \
    && curl -sL https://github.com/sequenceiq/docker-alpine-dig/releases/download/v9.10.2/dig.tgz|tar -xzv -C /usr/local/bin/

# configuration files and bootstrap scripts
COPY etc/containerpilot.json etc/
COPY bin/* /usr/local/bin/

HEALTHCHECK --interval=30s --timeout=20s --retries=10 CMD curl --fail -s $HEALTH_URL || exit 1

ENTRYPOINT ["/usr/local/bin/containerpilot", "/usr/local/bin/docker-entrypoint.sh" ]
CMD ["agent", "-server", "-bootstrap-expect", "3", "-ui", "-client=0.0.0.0", "-retry-interval", "5s", "--log-level", "warn", "-disable-host-node-id"]


```

Below are a few false repairs that an LLM previously made by mistake for the input flaky Dockerfile along with their build outputs as further demonstrations. These examples are provided to help you understand the task better and to avoid making the same mistakes. So, do not generate the exact false repair generated previously, but you can get ideas from them.

# False Repair 1
## False Repair Dockerfile
```FROM library/python:3.10-buster as server
WORKDIR /build
RUN curl -sSL https://install.python-poetry.org | python -
COPY poetry.lock pyproject.toml ./
RUN /root/.local/bin/poetry export --without-hashes > requirements.txt
RUN pip install --user -r requirements.txt
COPY . .
RUN pip install --user .

FROM python:3.10-buster
WORKDIR /virtool
COPY --from=server /root/.local /root/.local
COPY run.py pyproject.toml VERSION* /virtool/
COPY virtool /virtool/virtool
COPY example /virtool/example
EXPOSE 9950
ENTRYPOINT ["python", "run.py"]
CMD ["server"]```

## False Repair Build Output
```> [server 6/8] RUN pip install --user -r requirements.txt:
  Getting requirements to build wheel: finished with status 'error'
  error: subprocess-exited-with-error
  
  × Getting requirements to build wheel did not run successfully.
  │ exit code: 1
  ╰─> [48 lines of output]
      running egg_info
      writing lib3/PyYAML.egg-info/PKG-INFO
      writing dependency_links to lib3/PyYAML.egg-info/dependency_links.txt
      writing top-level names to lib3/PyYAML.egg-info/top_level.txt
      Traceback (most recent call last):
        File "/usr/local/lib/python3.10/site-packages/pip/_vendor/pyproject_hooks/_in_process/_in_process.py", line 353, in <module>
          main()
        File "/usr/local/lib/python3.10/site-packages/pip/_vendor/pyproject_hooks/_in_process/_in_process.py", line 335, in main
          json_out['return_val'] = hook(**hook_input['kwargs'])
        File "/usr/local/lib/python3.10/site-packages/pip/_vendor/pyproject_hooks/_in_process/_in_process.py", line 118, in get_requires_for_build_wheel
          return hook(config_settings)
        File "/tmp/pip-build-env-pc5mvd6s/overlay/lib/python3.10/site-packages/setuptools/build_meta.py", line 327, in get_requires_for_build_wheel
          return self._get_build_requires(config_settings, requirements=[])
        File "/tmp/pip-build-env-pc5mvd6s/overlay/lib/python3.10/site-packages/setuptools/build_meta.py", line 297, in _get_build_requires
          self.run_setup()
        File "/tmp/pip-build-env-pc5mvd6s/overlay/lib/python3.10/site-packages/setuptools/build_meta.py", line 313, in run_setup
          exec(code, locals())
        File "<string>", line 271, in <module>
        File "/tmp/pip-build-env-pc5mvd6s/overlay/lib/python3.10/site-packages/setuptools/__init__.py", line 108, in setup
          return distutils.core.setup(**attrs)
        File "/tmp/pip-build-env-pc5mvd6s/overlay/lib/python3.10/site-packages/setuptools/_distutils/core.py", line 184, in setup
          return run_commands(dist)
        File "/tmp/pip-build-env-pc5mvd6s/overlay/lib/python3.10/site-packages/setuptools/_distutils/core.py", line 200, in run_commands
          dist.run_commands()
        File "/tmp/pip-build-env-pc5mvd6s/overlay/lib/python3.10/site-packages/setuptools/_distutils/dist.py", line 970, in run_commands
          self.run_command(cmd)
        File "/tmp/pip-build-env-pc5mvd6s/overlay/lib/python3.10/site-packages/setuptools/dist.py", line 945, in run_command
          super().run_command(command)
        File "/tmp/pip-build-env-pc5mvd6s/overlay/lib/python3.10/site-packages/setuptools/_distutils/dist.py", line 989, in run_command
          cmd_obj.run()
        File "/tmp/pip-build-env-pc5mvd6s/overlay/lib/python3.10/site-packages/setuptools/command/egg_info.py", line 310, in run
          self.find_sources()
        File "/tmp/pip-build-env-pc5mvd6s/overlay/lib/python3.10/site-packages/setuptools/command/egg_info.py", line 318, in find_sources
          mm.run()
        File "/tmp/pip-build-env-pc5mvd6s/overlay/lib/python3.10/site-packages/setuptools/command/egg_info.py", line 539, in run
          self.add_defaults()
        File "/tmp/pip-build-env-pc5mvd6s/overlay/lib/python3.10/site-packages/setuptools/command/egg_info.py", line 577, in add_defaults
          sdist.add_defaults(self)
        File "/tmp/pip-build-env-pc5mvd6s/overlay/lib/python3.10/site-packages/setuptools/command/sdist.py", line 102, in add_defaults
          super().add_defaults()
        File "/tmp/pip-build-env-pc5mvd6s/overlay/lib/python3.10/site-packages/setuptools/_distutils/command/sdist.py", line 250, in add_defaults
          self._add_defaults_ext()
        File "/tmp/pip-build-env-pc5mvd6s/overlay/lib/python3.10/site-packages/setuptools/_distutils/command/sdist.py", line 335, in _add_defaults_ext
          self.filelist.extend(build_ext.get_source_files())
        File "<string>", line 201, in get_source_files
        File "/tmp/pip-build-env-pc5mvd6s/overlay/lib/python3.10/site-packages/setuptools/_distutils/cmd.py", line 107, in __getattr__
          raise AttributeError(attr)
      AttributeError: cython_sources
      [end of output]
  
  note: This error originates from a subprocess, and is likely not a problem with pip.
error: subprocess-exited-with-error
× Getting requirements to build wheel did not run successfully.
│ exit code: 1
╰─> See above for output.
note: This error originates from a subprocess, and is likely not a problem with pip.
[notice] A new release of pip is available: 23.-> 24.2
[notice] To update, run: pip install --upgrade pip
ERROR: process "/bin/sh -c pip install --user -r requirements.txt" did not complete successfully: exit code: 1```


# False Repair 2
## False Repair Dockerfile
```FROM library/python:3.10-buster as server
WORKDIR /build
RUN curl -sSL https://install.python-poetry.org | python -
COPY poetry.lock pyproject.toml ./
RUN /root/.local/bin/poetry export --without-hashes > requirements.txt
RUN pip install --user -r requirements.txt
COPY . .
RUN pip install --user .

FROM python:3.10-buster
WORKDIR /virtool
COPY --from=server /root/.local /root/.local
COPY run.py pyproject.toml VERSION* /virtool/
COPY virtool /virtool/virtool
COPY example /virtool/example
EXPOSE 9950
ENV PATH="/root/.local/bin:$PATH"
ENTRYPOINT ["python", "run.py"]
CMD ["server"]```

## False Repair Build Output
```> [server 6/8] RUN pip install --user -r requirements.txt:
  Getting requirements to build wheel: finished with status 'error'
  error: subprocess-exited-with-error
  
  × Getting requirements to build wheel did not run successfully.
  │ exit code: 1
  ╰─> [48 lines of output]
      running egg_info
      writing lib3/PyYAML.egg-info/PKG-INFO
      writing dependency_links to lib3/PyYAML.egg-info/dependency_links.txt
      writing top-level names to lib3/PyYAML.egg-info/top_level.txt
      Traceback (most recent call last):
        File "/usr/local/lib/python3.10/site-packages/pip/_vendor/pyproject_hooks/_in_process/_in_process.py", line 353, in <module>
          main()
        File "/usr/local/lib/python3.10/site-packages/pip/_vendor/pyproject_hooks/_in_process/_in_process.py", line 335, in main
          json_out['return_val'] = hook(**hook_input['kwargs'])
        File "/usr/local/lib/python3.10/site-packages/pip/_vendor/pyproject_hooks/_in_process/_in_process.py", line 118, in get_requires_for_build_wheel
          return hook(config_settings)
        File "/tmp/pip-build-env-b5tnb1mf/overlay/lib/python3.10/site-packages/setuptools/build_meta.py", line 327, in get_requires_for_build_wheel
          return self._get_build_requires(config_settings, requirements=[])
        File "/tmp/pip-build-env-b5tnb1mf/overlay/lib/python3.10/site-packages/setuptools/build_meta.py", line 297, in _get_build_requires
          self.run_setup()
        File "/tmp/pip-build-env-b5tnb1mf/overlay/lib/python3.10/site-packages/setuptools/build_meta.py", line 313, in run_setup
          exec(code, locals())
        File "<string>", line 271, in <module>
        File "/tmp/pip-build-env-b5tnb1mf/overlay/lib/python3.10/site-packages/setuptools/__init__.py", line 108, in setup
          return distutils.core.setup(**attrs)
        File "/tmp/pip-build-env-b5tnb1mf/overlay/lib/python3.10/site-packages/setuptools/_distutils/core.py", line 184, in setup
          return run_commands(dist)
        File "/tmp/pip-build-env-b5tnb1mf/overlay/lib/python3.10/site-packages/setuptools/_distutils/core.py", line 200, in run_commands
          dist.run_commands()
        File "/tmp/pip-build-env-b5tnb1mf/overlay/lib/python3.10/site-packages/setuptools/_distutils/dist.py", line 970, in run_commands
          self.run_command(cmd)
        File "/tmp/pip-build-env-b5tnb1mf/overlay/lib/python3.10/site-packages/setuptools/dist.py", line 945, in run_command
          super().run_command(command)
        File "/tmp/pip-build-env-b5tnb1mf/overlay/lib/python3.10/site-packages/setuptools/_distutils/dist.py", line 989, in run_command
          cmd_obj.run()
        File "/tmp/pip-build-env-b5tnb1mf/overlay/lib/python3.10/site-packages/setuptools/command/egg_info.py", line 310, in run
          self.find_sources()
        File "/tmp/pip-build-env-b5tnb1mf/overlay/lib/python3.10/site-packages/setuptools/command/egg_info.py", line 318, in find_sources
          mm.run()
        File "/tmp/pip-build-env-b5tnb1mf/overlay/lib/python3.10/site-packages/setuptools/command/egg_info.py", line 539, in run
          self.add_defaults()
        File "/tmp/pip-build-env-b5tnb1mf/overlay/lib/python3.10/site-packages/setuptools/command/egg_info.py", line 577, in add_defaults
          sdist.add_defaults(self)
        File "/tmp/pip-build-env-b5tnb1mf/overlay/lib/python3.10/site-packages/setuptools/command/sdist.py", line 102, in add_defaults
          super().add_defaults()
        File "/tmp/pip-build-env-b5tnb1mf/overlay/lib/python3.10/site-packages/setuptools/_distutils/command/sdist.py", line 250, in add_defaults
          self._add_defaults_ext()
        File "/tmp/pip-build-env-b5tnb1mf/overlay/lib/python3.10/site-packages/setuptools/_distutils/command/sdist.py", line 335, in _add_defaults_ext
          self.filelist.extend(build_ext.get_source_files())
        File "<string>", line 201, in get_source_files
        File "/tmp/pip-build-env-b5tnb1mf/overlay/lib/python3.10/site-packages/setuptools/_distutils/cmd.py", line 107, in __getattr__
          raise AttributeError(attr)
      AttributeError: cython_sources
      [end of output]
  
  note: This error originates from a subprocess, and is likely not a problem with pip.
error: subprocess-exited-with-error
× Getting requirements to build wheel did not run successfully.
│ exit code: 1
╰─> See above for output.
note: This error originates from a subprocess, and is likely not a problem with pip.
[notice] A new release of pip is available: 23.-> 24.2
[notice] To update, run: pip install --upgrade pip
ERROR: process "/bin/sh -c pip install --user -r requirements.txt" did not complete successfully: exit code: 1```

Your task is to repair the Dockerfile based on the Dockerfile and its build error provided alongside the examples provided for you for as demonstrations. To solve the problem, and based on the information provided, first, you should diagnose which part is causing the flakiness and why. Then, according to the characteristics of that flakiness, repair the Dockerfile. the output Dockerfile must be within five angle brackets:
    <<<<<
    Dockerfile content 
    >>>>>
