
Below is the flaky Dockerfile:

# Dockerfile
```FROM php:7.0-fpm
MAINTAINER Superbalist <tech+docker@superbalist.com>

RUN mkdir /opt/php-pubsub
WORKDIR /opt/php-pubsub

# Packages
RUN apt-get update \
    && DEBIAN_FRONTEND=noninteractive apt-get install -y \
        git \
        zlib1g-dev \
        unzip \
        python \
        && ( \
            cd /tmp \
            && mkdir librdkafka \
            && cd librdkafka \
            && git clone https://github.com/edenhill/librdkafka.git . \
            && ./configure \
            && make \
            && make install \
        ) \
    && rm -r /var/lib/apt/lists/*

# PHP Extensions
RUN docker-php-ext-install -j$(nproc) zip \
    && pecl install rdkafka \
    && docker-php-ext-enable rdkafka

# Composer
ENV COMPOSER_HOME /composer
ENV PATH /composer/vendor/bin:$PATH
ENV COMPOSER_ALLOW_SUPERUSER 1
RUN curl -o /tmp/composer-setup.php https://getcomposer.org/installer \
    && curl -o /tmp/composer-setup.sig https://composer.github.io/installer.sig \
    && php -r "if (hash('SHA384', file_get_contents('/tmp/composer-setup.php')) !== trim(file_get_contents('/tmp/composer-setup.sig'))) { unlink('/tmp/composer-setup.php'); echo 'Invalid installer' . PHP_EOL; exit(1); }" \
    && php /tmp/composer-setup.php --no-ansi --install-dir=/usr/local/bin --filename=composer --version=1.1.0 && rm -rf /tmp/composer-setup.php

# Install Composer Application Dependencies
COPY composer.json /opt/php-pubsub/
RUN composer install --no-autoloader --no-scripts --no-interaction

COPY src /opt/php-pubsub/src
COPY examples /opt/php-pubsub/examples

RUN composer dump-autoload --no-interaction

CMD ["/bin/bash"]
```

And below is the build error that occurred when trying to build the Dockerfile:
# Build Error
```> [ 4/11] RUN apt-get update     && DEBIAN_FRONTEND=noninteractive apt-get install -y         git         zlib1g-dev         unzip         python         && (             cd /tmp             && mkdir librdkafka             && cd librdkafka             && git clone https://github.com/edenhill/librdkafka.git .             && ./configure             && make             && make install         )     && rm -r /var/lib/apt/lists/*:
Err:3 http://security.debian.org/debian-security stretch/updates/main amd64 Packages
  404  Not Found [IP: 151.101.80]
Err:10 http://deb.debian.org/debian stretch/main amd64 Packages
  404  Not Found
Err:11 http://deb.debian.org/debian stretch-updates/main amd64 Packages
  404  Not Found
Ign:12 http://deb.debian.org/debian stretch-updates/main all Packages
Reading package lists...
W: The repository 'http://security.debian.org/debian-security stretch/updates Release' does not have a Release file.
W: The repository 'http://deb.debian.org/debian stretch Release' does not have a Release file.
W: The repository 'http://deb.debian.org/debian stretch-updates Release' does not have a Release file.
E: Failed to fetch http://security.debian.org/debian-security/dists/stretch/updates/main/binary-amd64/Packages  404  Not Found [IP: 151.101.80]
E: Failed to fetch http://deb.debian.org/debian/dists/stretch/main/binary-amd64/Packages  404  Not Found
E: Failed to fetch http://deb.debian.org/debian/dists/stretch-updates/main/binary-amd64/Packages  404  Not Found
E: Some index files failed to download. They have been ignored, or old ones used instead.
ERROR: process "/bin/sh -c apt-get update     && DEBIAN_FRONTEND=noninteractive apt-get install -y         git         zlib1g-dev         unzip         python         && (             cd /tmp             && mkdir librdkafka             && cd librdkafka             && git clone https://github.com/edenhill/librdkafka.git .             && ./configure             && make             && make install         )     && rm -r /var/lib/apt/lists/*" did not complete successfully: exit code: 100```

Below are a few examples of dockerfiles and their build errors alongside their repairs. These examples are provided to help you understand the task better.

# Example 1
## Example Dockerfile
```FROM debian:stretch

ENV DEBIAN_FRONTEND noninteractive

RUN apt-get -y update && \
    apt-get -y install \
        git vim parted \
        quilt realpath qemu-user-static debootstrap zerofree pxz zip dosfstools \
        bsdtar libcap2-bin rsync grep udev xz-utils curl xxd file kmod\
    && rm -rf /var/lib/apt/lists/*

COPY . /pi-gen/

VOLUME [ "/pi-gen/work", "/pi-gen/deploy"]

```

## Example Build Error
```> [2/3] RUN apt-get -y update &&     apt-get -y install         git vim parted         quilt realpath qemu-user-static debootstrap zerofree pxz zip dosfstools         bsdtar libcap2-bin rsync grep udev xz-utils curl xxd file kmod    && rm -rf /var/lib/apt/lists/*:
Err:7 http://security.debian.org/debian-security stretch/updates/main amd64 Packages
  404  Not Found [IP: 151.101.80]
Err:9 http://deb.debian.org/debian stretch/main amd64 Packages
  404  Not Found
Err:12 http://deb.debian.org/debian stretch-updates/main amd64 Packages
  404  Not Found
Reading package lists...
W: The repository 'http://deb.debian.org/debian stretch Release' does not have a Release file.
W: The repository 'http://security.debian.org/debian-security stretch/updates Release' does not have a Release file.
W: The repository 'http://deb.debian.org/debian stretch-updates Release' does not have a Release file.
E: Failed to fetch http://deb.debian.org/debian/dists/stretch/main/binary-amd64/Packages  404  Not Found
E: Failed to fetch http://security.debian.org/debian-security/dists/stretch/updates/main/binary-amd64/Packages  404  Not Found [IP: 151.101.80]
E: Failed to fetch http://deb.debian.org/debian/dists/stretch-updates/main/binary-amd64/Packages  404  Not Found
E: Some index files failed to download. They have been ignored, or old ones used instead.
ERROR: process "/bin/sh -c apt-get -y update &&     apt-get -y install         git vim parted         quilt realpath qemu-user-static debootstrap zerofree pxz zip dosfstools         bsdtar libcap2-bin rsync grep udev xz-utils curl xxd file kmod    && rm -rf /var/lib/apt/lists/*" did not complete successfully: exit code: 100```

## Example Repair

### Repair 1
```FROM debian:stretch

RUN echo "deb http://archive.debian.org/debian stretch main" > /etc/apt/sources.list && \
    echo "deb http://archive.debian.org/debian-security stretch/updates main" >> /etc/apt/sources.list

ENV DEBIAN_FRONTEND noninteractive

RUN apt-get -y update && \
    apt-get -y install \
        git vim parted \
        quilt realpath qemu-user-static debootstrap zerofree pxz zip dosfstools \
        bsdtar libcap2-bin rsync grep udev xz-utils curl xxd file kmod\
    && rm -rf /var/lib/apt/lists/*

COPY . /pi-gen/

VOLUME [ "/pi-gen/work", "/pi-gen/deploy"]

```


# Example 2
## Example Dockerfile
```FROM debian:stretch-slim

RUN apt-get update \
    && apt-get install --no-install-recommends -y \
    autoconf \
    automake \
    build-essential \
    cmake \
    gcc-multilib \
    libtool-bin \
    m4 \
    zip \
    && rm -r /var/lib/apt/lists/*

VOLUME /code
WORKDIR /code

```

## Example Build Error
```> [2/3] RUN apt-get update     && apt-get install --no-install-recommends -y     autoconf     automake     build-essential     cmake     gcc-multilib     libtool-bin     m4     zip     && rm -r /var/lib/apt/lists/*:
Err:8 http://security.debian.org/debian-security stretch/updates/main amd64 Packages
  404  Not Found [IP: 151.101.80]
Err:10 http://deb.debian.org/debian stretch/main amd64 Packages
  404  Not Found
Err:11 http://deb.debian.org/debian stretch-updates/main amd64 Packages
  404  Not Found
Ign:12 http://deb.debian.org/debian stretch-updates/main all Packages
Reading package lists...
W: The repository 'http://deb.debian.org/debian stretch Release' does not have a Release file.
W: The repository 'http://security.debian.org/debian-security stretch/updates Release' does not have a Release file.
W: The repository 'http://deb.debian.org/debian stretch-updates Release' does not have a Release file.
E: Failed to fetch http://deb.debian.org/debian/dists/stretch/main/binary-amd64/Packages  404  Not Found
E: Failed to fetch http://security.debian.org/debian-security/dists/stretch/updates/main/binary-amd64/Packages  404  Not Found [IP: 151.101.80]
E: Failed to fetch http://deb.debian.org/debian/dists/stretch-updates/main/binary-amd64/Packages  404  Not Found
E: Some index files failed to download. They have been ignored, or old ones used instead.
ERROR: process "/bin/sh -c apt-get update     && apt-get install --no-install-recommends -y     autoconf     automake     build-essential     cmake     gcc-multilib     libtool-bin     m4     zip     && rm -r /var/lib/apt/lists/*" did not complete successfully: exit code: 100```

## Example Repair

### Repair 1
```FROM debian:buster-slim

RUN apt-get update \
    && apt-get install --no-install-recommends -y \
    autoconf \
    automake \
    build-essential \
    cmake \
    gcc-multilib \
    libtool-bin \
    m4 \
    zip \
    && rm -r /var/lib/apt/lists/*

VOLUME /code
WORKDIR /code

```


### Repair 2
```FROM debian:stretch-slim

RUN echo "deb http://archive.debian.org/debian stretch main" > /etc/apt/sources.list && \
    echo "deb http://archive.debian.org/debian-security stretch/updates main" >> /etc/apt/sources.list

RUN apt-get update \
    && apt-get install --no-install-recommends -y \
    autoconf \
    automake \
    build-essential \
    cmake \
    gcc-multilib \
    libtool-bin \
    m4 \
    zip \
    && rm -r /var/lib/apt/lists/*

VOLUME /code
WORKDIR /code

```


# Example 3
## Example Dockerfile
```FROM php:7.0-apache

ENV HUGO_VERSION 0.26
ENV HUGO_BINARY hugo_${HUGO_VERSION}_Linux-64bit.deb

RUN apt-get update && apt-get upgrade -y && \
    apt-get install -y git curl unzip python3 python3-pip libyaml-dev

RUN pip3 install awscli

RUN curl -sS https://getcomposer.org/installer \
    | php -- --install-dir=/usr/local/bin --filename=composer

RUN composer require phpmailer/phpmailer

RUN a2enmod rewrite

ADD https://github.com/spf13/hugo/releases/download/v${HUGO_VERSION}/${HUGO_BINARY} /tmp/hugo.deb
RUN dpkg -i /tmp/hugo.deb \
	&& rm /tmp/hugo.deb

COPY site/ /usr/share/blog

COPY 000-default.conf /etc/apache2/sites-enabled/

CMD /usr/share/blog/build/build.sh && apache2-foreground

```

## Example Build Error
```> [ 2/10] RUN apt-get update && apt-get upgrade -y &&     apt-get install -y git curl unzip python3 python3-pip libyaml-dev:
Err:11 http://security.debian.org/debian-security stretch/updates/main amd64 Packages
  404  Not Found [IP: 151.101.80]
Err:9 http://deb.debian.org/debian stretch/main amd64 Packages
  404  Not Found
Err:12 http://deb.debian.org/debian stretch-updates/main amd64 Packages
  404  Not Found
Reading package lists...
W: The repository 'http://deb.debian.org/debian stretch Release' does not have a Release file.
W: The repository 'http://deb.debian.org/debian stretch-updates Release' does not have a Release file.
W: The repository 'http://security.debian.org/debian-security stretch/updates Release' does not have a Release file.
E: Failed to fetch http://deb.debian.org/debian/dists/stretch/main/binary-amd64/Packages  404  Not Found
E: Failed to fetch http://deb.debian.org/debian/dists/stretch-updates/main/binary-amd64/Packages  404  Not Found
E: Failed to fetch http://security.debian.org/debian-security/dists/stretch/updates/main/binary-amd64/Packages  404  Not Found [IP: 151.101.80]
E: Some index files failed to download. They have been ignored, or old ones used instead.
ERROR: process "/bin/sh -c apt-get update && apt-get upgrade -y &&     apt-get install -y git curl unzip python3 python3-pip libyaml-dev" did not complete successfully: exit code: 100```

## Example Repair

### Repair 1
```FROM php:7.0-apache

ENV HUGO_VERSION 0.26
ENV HUGO_BINARY hugo_${HUGO_VERSION}_Linux-64bit.deb

RUN echo "deb http://archive.debian.org/debian stretch main" > /etc/apt/sources.list && \
    echo "deb http://archive.debian.org/debian-security stretch/updates main" >> /etc/apt/sources.list && \
    apt-get update && apt-get upgrade -y && \
    apt-get install -y git curl unzip python3 python3-pip libyaml-dev

RUN pip3 install awscli

RUN curl -sS https://getcomposer.org/installer \
    | php -- --install-dir=/usr/local/bin --filename=composer

RUN composer require phpmailer/phpmailer

RUN a2enmod rewrite

ADD https://github.com/spf13/hugo/releases/download/v${HUGO_VERSION}/${HUGO_BINARY} /tmp/hugo.deb
RUN dpkg -i /tmp/hugo.deb \
	&& rm /tmp/hugo.deb

COPY site/ /usr/share/blog

COPY 000-default.conf /etc/apache2/sites-enabled/

CMD /usr/share/blog/build/build.sh && apache2-foreground
```

Below are a few false repairs that an LLM previously made by mistake for the input flaky Dockerfile along with their build outputs as further demonstrations. These examples are provided to help you understand the task better and to avoid making the same mistakes. So, do not generate the exact false repair generated previously, but you can get ideas from them.

# False Repair 1
## False Repair Dockerfile
```FROM php:7.0-fpm
MAINTAINER Superbalist <tech+docker@superbalist.com>

RUN mkdir /opt/php-pubsub
WORKDIR /opt/php-pubsub

# Packages
RUN echo "deb http://archive.debian.org/debian stretch main" > /etc/apt/sources.list && \
    echo "deb http://archive.debian.org/debian-security stretch/updates main" >> /etc/apt/sources.list && \
    apt-get update \
    && DEBIAN_FRONTEND=noninteractive apt-get install -y \
        git \
        zlib1g-dev \
        unzip \
        python \
        && ( \
            cd /tmp \
            && mkdir librdkafka \
            && cd librdkafka \
            && git clone https://github.com/edenhill/librdkafka.git . \
            && ./configure \
            && make \
            && make install \
        ) \
    && rm -r /var/lib/apt/lists/*

# PHP Extensions
RUN docker-php-ext-install -j$(nproc) zip \
    && pecl install rdkafka \
    && docker-php-ext-enable rdkafka

# Composer
ENV COMPOSER_HOME /composer
ENV PATH /composer/vendor/bin:$PATH
ENV COMPOSER_ALLOW_SUPERUSER 1
RUN curl -o /tmp/composer-setup.php https://getcomposer.org/installer \
    && curl -o /tmp/composer-setup.sig https://composer.github.io/installer.sig \
    && php -r "if (hash('SHA384', file_get_contents('/tmp/composer-setup.php')) !== trim(file_get_contents('/tmp/composer-setup.sig'))) { unlink('/tmp/composer-setup.php'); echo 'Invalid installer' . PHP_EOL; exit(1); }" \
    && php /tmp/composer-setup.php --no-ansi --install-dir=/usr/local/bin --filename=composer --version=1.1.0 && rm -rf /tmp/composer-setup.php

# Install Composer Application Dependencies
COPY composer.json /opt/php-pubsub/
RUN composer install --no-autoloader --no-scripts --no-interaction

COPY src /opt/php-pubsub/src
COPY examples /opt/php-pubsub/examples

RUN composer dump-autoload --no-interaction

CMD ["/bin/bash"]```

## False Repair Build Output
```> [ 4/11] RUN echo "deb http://archive.debian.org/debian stretch main" > /etc/apt/sources.list &&     echo "deb http://archive.debian.org/debian-security stretch/updates main" >> /etc/apt/sources.list &&     apt-get update     && DEBIAN_FRONTEND=noninteractive apt-get install -y         git         zlib1g-dev         unzip         python         && (             cd /tmp             && mkdir librdkafka             && cd librdkafka             && git clone https://github.com/edenhill/librdkafka.git .             && ./configure             && make             && make install         )     && rm -r /var/lib/apt/lists/*:
rdkafka_op.h:696:25: error: unknown type name 'rd_kafka_broker_t'
                         rd_kafka_broker_t *rkb;
                         ^~~~~~~~~~~~~~~~~
rdkafka.c: In function 'rd_kafka_poll_cb':
rdkafka.c:4093:25: warning: passing argument 2 of 'rd_kafka_set_telemetry_broker_maybe' from incompatible pointer type [-Wincompatible-pointer-types]
                     rk, rko->rko_u.telemetry_broker.rkb);
                         ^~~
In file included from rdkafka.c:49:0:
rdkafka_telemetry.h:50:6: note: expected 'rd_kafka_broker_t * {aka struct rd_kafka_broker_s *}' but argument is of type 'int *'
 void rd_kafka_set_telemetry_broker_maybe(rd_kafka_t *rk,
      ^~~~~~~~~~~~~~~~~~~~~~~~~~~~~~~~~~~
../mklove/Makefile.base:97: recipe for target 'rdkafka.o' failed
make[1]: Leaving directory '/tmp/librdkafka/src'
make[1]: *** [rdkafka.o] Error 1
Makefile:27: recipe for target 'libs' failed
make: *** [libs] Error 2
ERROR: process "/bin/sh -c echo \"deb http://archive.debian.org/debian stretch main\" > /etc/apt/sources.list &&     echo \"deb http://archive.debian.org/debian-security stretch/updates main\" >> /etc/apt/sources.list &&     apt-get update     && DEBIAN_FRONTEND=noninteractive apt-get install -y         git         zlib1g-dev         unzip         python         && (             cd /tmp             && mkdir librdkafka             && cd librdkafka             && git clone https://github.com/edenhill/librdkafka.git .             && ./configure             && make             && make install         )     && rm -r /var/lib/apt/lists/*" did not complete successfully: exit code: 2```

Your task is to repair the Dockerfile based on the Dockerfile and its build error provided alongside the examples provided for you for as demonstrations. To solve the problem, and based on the information provided, first, you should diagnose which part is causing the flakiness and why. Then, according to the characteristics of that flakiness, repair the Dockerfile. the output Dockerfile must be within five angle brackets:
    <<<<<
    Dockerfile content 
    >>>>>
