
Below is the flaky Dockerfile:

# Dockerfile
```FROM node:6-onbuild

EXPOSE 25863

CMD [ "node", "index", "start" ]
```

And below is the build error that occurred when trying to build the Dockerfile:
# Build Error
```> [3/1] RUN npm install && npm cache clean --force:
SyntaxError: Unexpected token (
    at createScript (vm.js:56:10)
    at Object.runInThisContext (vm.js:97:10)
    at Module._compile (module.js:549:28)
    at Object.Module._extensions..js (module.js:586:10)
    at Module.load (module.js:494:32)
    at tryModuleLoad (module.js:453:12)
    at Function.Module._load (module.js:445:3)
    at Module.runMain (module.js:611:10)
    at run (bootstrap_node.js:394:7)
    at startup (bootstrap_node.js:160:9)
npm ERR! Linux 3.10.0-1127.10.1.el7.x86_64
npm ERR! argv "/usr/local/bin/node" "/usr/local/bin/npm" "install"
npm ERR! node v6.17.1
npm ERR! npm  v3.10.10
npm ERR! code ELIFECYCLE
npm ERR! snyk@1.postinstall: `node wrapper_dist/bootstrap.js exec`
npm ERR! Exit status 1
npm ERR! 
npm ERR! Failed at the snyk@1.postinstall script 'node wrapper_dist/bootstrap.js exec'.
npm ERR! Make sure you have the latest version of node.js and npm installed.
npm ERR! If you do, this is most likely a problem with the snyk package,
npm ERR! not with npm itself.
npm ERR! Tell the author that this fails on your system:
npm ERR!     node wrapper_dist/bootstrap.js exec
npm ERR! You can get information on how to open an issue for this project with:
npm ERR!     npm bugs snyk
npm ERR! Or if that isn't available, you can get their info via:
npm ERR!     npm owner ls snyk
npm ERR! There is likely additional logging output above.
npm ERR! Please include the following file with any support request:
npm ERR!     /usr/src/app/npm-debug.log
ERROR: process "/bin/sh -c npm install && npm cache clean --force" did not complete successfully: exit code: 1```

Below are a few examples of dockerfiles and their build errors alongside their repairs. These examples are provided to help you understand the task better.

# Example 1
## Example Dockerfile
```FROM node:7-onbuild

ENV PORT 8080
EXPOSE 8080

# Set this variable to the name of your production config file (without the extension)
ENV NODE_ENV default

# Set this variable to the value of the secret field of the Github webhook
ENV WEBHOOK_SECRET ''

```

## Example Build Error
```> [3/1] RUN npm install && npm cache clean --force:
npm WARN node-fetch@2.requires a peer of encoding@^0.but none was installed.
npm WARN autobounty@1.No repository field.
npm ERR! Linux 3.10.0-1127.10.1.el7.x86_64
npm ERR! argv "/usr/local/bin/node" "/usr/local/bin/npm" "install"
npm ERR! node v7.10.1
npm ERR! npm  v4.2.0
npm ERR! path /usr/src/app/node_modules/.staging/@types/triple-beam-c220f220/package.json
npm ERR! code ENOTDIR
npm ERR! errno -20
npm ERR! syscall open
npm ERR! ENOTDIR: not a directory, open '/usr/src/app/node_modules/.staging/@types/triple-beam-c220f220/package.json'
npm ERR! 
npm ERR! If you need help, you may report this error at:
npm ERR!     <https://github.com/npm/npm/issues>
npm ERR! Please include the following file with any support request:
npm ERR!     /root/.npm/_logs/2023-09-30T17_01_50_679Z-debug.log
ERROR: process "/bin/sh -c npm install && npm cache clean --force" did not complete successfully: exit code: 236```

## Example Repair

### Repair 1
```FROM node:16

ENV PORT 8080
EXPOSE 8080

WORKDIR /usr/src/app
COPY package.json ./

RUN npm install && npm cache clean --force

COPY . .

ENV NODE_ENV default
ENV WEBHOOK_SECRET ''

CMD ["npm", "start"]
```


# Example 2
## Example Dockerfile
```FROM node:boron

# Create app directory
RUN mkdir -p /usr/src/app
WORKDIR /usr/src/app

# Install app dependencies
COPY package.json /usr/src/app
RUN npm install

# Bundle app source
COPY . /usr/src/app

EXPOSE 8080
CMD [ "npm", "start" ]

```

## Example Build Error
```> [5/6] RUN npm install:
SUSI-Bot@1./usr/src/app
npm WARN SUSI-Bot@1.No repository field.
npm WARN SUSI-Bot@1.No license field.
npm ERR! Linux 3.10.0-1160.88.1.el7.x86_64
npm ERR! argv "/usr/local/bin/node" "/usr/local/bin/npm" "install"
npm ERR! node v6.17.1
npm ERR! npm  v3.10.10
npm ERR! path /usr/src/app/node_modules/.staging/@types/connect-f4c8cb8c/package.json
npm ERR! code ENOTDIR
npm ERR! errno -20
npm ERR! syscall open
npm ERR! ENOTDIR: not a directory, open '/usr/src/app/node_modules/.staging/@types/connect-f4c8cb8c/package.json'
npm ERR! 
npm ERR! If you need help, you may report this error at:
npm ERR!     <https://github.com/npm/npm/issues>
npm ERR! Please include the following file with any support request:
npm ERR!     /usr/src/app/npm-debug.log
ERROR: process "/bin/sh -c npm install" did not complete successfully: exit code: 236```

## Example Repair

### Repair 1
```FROM node:14

# Create app directory
RUN mkdir -p /usr/src/app
WORKDIR /usr/src/app

# Install app dependencies
COPY package.json /usr/src/app
RUN npm cache clean --force
RUN npm install

# Bundle app source
COPY . /usr/src/app

EXPOSE 8080
CMD [ "npm", "start" ]
```


# Example 3
## Example Dockerfile
```FROM lavoweb/php-7.3:composer

# Add MySQLi
RUN docker-php-ext-install mysqli

# Add Chromium browser to enable pdf creation
RUN apt-get --allow-releaseinfo-change update && apt install -y --no-install-recommends \
    chromium \
    git
RUN rm -rf /var/cache/apk/* \
    rm -rf /tmp/*

# Add default theme
RUN mkdir -p themes/margot \
    && curl -o - -sSL https://github.com/YesWiki/yeswiki-theme-margot/archive/master.tar.gz \
        | tar xzfv - --strip-components 1 -C themes/margot

# Composer
RUN curl -sS https://getcomposer.org/installer | php -- --install-dir=/usr/local/bin --filename=composer

# Node & NPM & Yarn
RUN curl -sL https://deb.nodesource.com/setup_14.x  | bash -
RUN apt-get install -y --no-install-recommends nodejs
RUN curl -L https://npmjs.org/install.sh | sh
RUN npm install -g yarn


```

## Example Build Error
```> [ 9/10] RUN curl -L https://npmjs.org/install.sh | sh:
ERROR: npm v10.is known not to run on Node.js v14.21.3.  This version of npm supports the following node versions: `^18.|| >=20.5.0`. You can find the latest version at https://nodejs.org/.
ERROR:
/tmp/npm.15/package/node_modules/@npmcli/agent/lib/agents.js:105
    options.lookup ??= this.#options.lookup
                   ^^^
SyntaxError: Unexpected token '??='
    at wrapSafe (internal/modules/cjs/loader.js:1029:16)
    at Module._compile (internal/modules/cjs/loader.js:1078:27)
    at Object.Module._extensions..js (internal/modules/cjs/loader.js:1143:10)
    at Module.load (internal/modules/cjs/loader.js:979:32)
    at Function.Module._load (internal/modules/cjs/loader.js:819:12)
    at Module.require (internal/modules/cjs/loader.js:1003:19)
    at require (internal/modules/cjs/helpers.js:107:18)
    at Object.<anonymous> (/tmp/npm.15/package/node_modules/@npmcli/agent/lib/index.js:7:15)
    at Module._compile (internal/modules/cjs/loader.js:1114:14)
    at Object.Module._extensions..js (internal/modules/cjs/loader.js:1143:10)
failed!
ERROR: process "/bin/sh -c curl -L https://npmjs.org/install.sh | sh" did not complete successfully: exit code: 1```

## Example Repair

### Repair 1
```FROM lavoweb/php-7.3:composer

# Add MySQLi
RUN docker-php-ext-install mysqli

# Add Chromium browser to enable pdf creation
RUN apt-get --allow-releaseinfo-change update && apt install -y --no-install-recommends \
    chromium \
    git
RUN rm -rf /var/cache/apk/* \
    rm -rf /tmp/*

# Add default theme
RUN mkdir -p themes/margot \
    && curl -o - -sSL https://github.com/YesWiki/yeswiki-theme-margot/archive/master.tar.gz \
        | tar xzfv - --strip-components 1 -C themes/margot

# Composer
RUN curl -sS https://getcomposer.org/installer | php -- --install-dir=/usr/local/bin --filename=composer

# Node & NPM & Yarn
RUN curl -sL https://deb.nodesource.com/setup_18.x | bash -
RUN apt-get install -y --no-install-recommends nodejs
RUN curl -L https://npmjs.org/install.sh | sh
RUN npm install -g yarn

```

Your task is to repair the Dockerfile based on the Dockerfile and its build error provided alongside the examples provided for you for as demonstrations. To solve the problem, and based on the information provided, first, you should diagnose which part is causing the flakiness and why. Then, according to the characteristics of that flakiness, repair the Dockerfile. the output Dockerfile must be within five angle brackets:
    <<<<<
    Dockerfile content 
    >>>>>
